  2  2   693 10944  4  4  9 11  7  1    0.00   24.00  100.00  600.00    0.00    6.28   45.00   45.00
  100.0  100.0  100.0  100.0  125.0  150.0  190.0  230.0  275.0  350.0  450.0  600.0  600.0  600.0  600.0
  0.2218210E+03 -0.3015229E+02  0.1622147E+00  0.0000000E+00
  0.3595201E+03 -0.1886370E+01  0.1591053E+02  0.0000000E+00
  0.2743416E+03 -0.5712913E+02 -0.6553273E+01  0.0000000E+00
  0.6302314E+03 -0.8953387E+02  0.2100593E+02  0.0000000E+00
  0.6256903E+03 -0.2850252E+03  0.2022965E+02  0.0000000E+00
  0.9735935E+03 -0.4006284E+02 -0.1453368E+02  0.0000000E+00
  0.1045443E+04  0.1299605E+03  0.2214585E+02  0.0000000E+00
  0.1299671E+04  0.1939664E+03  0.5525369E+02  0.0000000E+00
  0.1214015E+04  0.2181638E+03  0.3280677E+02  0.0000000E+00
  0.1080152E+04  0.1894691E+03  0.1457808E+02  0.0000000E+00
  0.1000826E+04  0.1729339E+03  0.3655001E+01  0.0000000E+00
  0.9369412E+01 -0.3299679E+02 -0.1650118E+01  0.0000000E+00
  0.4644389E+01 -0.2203532E+01 -0.1073587E+01  0.0000000E+00
 -0.7253539E+02  0.2576551E+02 -0.4567821E+00  0.0000000E+00
 -0.9116409E+02  0.1127349E+03 -0.7775379E+01  0.0000000E+00
 -0.1917035E+03 -0.6498384E+01 -0.3864755E+01  0.0000000E+00
 -0.8754464E+02 -0.1591309E+03 -0.6605392E+01  0.0000000E+00
 -0.4059859E+02 -0.5005805E+01 -0.1475371E+02  0.0000000E+00
 -0.3030574E+02  0.8065954E-01 -0.1070046E+02  0.0000000E+00
 -0.1019749E+02 -0.1099929E+02 -0.7924718E+01  0.0000000E+00
 -0.4813584E+01 -0.8808873E+01 -0.1398050E+02  0.0000000E+00
 -0.1438002E+01 -0.7652414E+01 -0.1749487E+02  0.0000000E+00
  0.1212828E+02  0.1381044E+02  0.3282162E+01  0.0000000E+00
 -0.1435993E+02  0.4496529E+01  0.8139309E+00  0.0000000E+00
  0.1531196E+01  0.1129144E+02 -0.5378780E+01  0.0000000E+00
  0.7040271E+02 -0.1451226E+02  0.8061116E+01  0.0000000E+00
  0.6057060E+02  0.6158886E+02  0.1090960E+02  0.0000000E+00
 -0.4338892E+02 -0.7554408E+01  0.6985622E+01  0.0000000E+00
 -0.3088147E+02  0.6425157E+01 -0.1031935E+02  0.0000000E+00
  0.1424618E+02  0.3750305E+02 -0.4097343E+01  0.0000000E+00
 -0.1202936E+02  0.8328094E+01 -0.8849157E+01  0.0000000E+00
 -0.1858967E+02  0.2553899E+02 -0.8324334E+01  0.0000000E+00
 -0.2272578E+02  0.3529530E+02 -0.8072878E+01  0.0000000E+00
  0.5584351E+00  0.1746892E+00 -0.7257728E-02  0.0000000E+00
 -0.2361641E+01 -0.5555156E+00  0.3865714E-01  0.0000000E+00
  0.5050510E+01  0.4297471E+00 -0.1899199E+00  0.0000000E+00
 -0.4458932E+01 -0.2346882E+01  0.4031519E+00  0.0000000E+00
  0.8882167E+00  0.3669788E+01 -0.6565873E+00  0.0000000E+00
 -0.1151915E+01 -0.1265943E+02  0.2738570E+01  0.0000000E+00
  0.1631602E+02  0.1273576E+01  0.7510194E+00  0.0000000E+00
 -0.1689201E+02  0.1224402E+01  0.2131258E+01  0.0000000E+00
  0.2521611E+01 -0.7767965E+01  0.1474690E+02  0.0000000E+00
  0.1699339E+02 -0.3835240E+01  0.1836007E+02  0.0000000E+00
  0.2568431E+02 -0.1628499E+01  0.2061760E+02  0.0000000E+00
 -0.5735081E+00  0.8156281E-01  0.1191151E-01  0.0000000E+00
  0.1325319E+00 -0.2281375E+00 -0.1479203E+00  0.0000000E+00
  0.1821844E+01  0.7070353E+00  0.2956474E+00  0.0000000E+00
  0.5741054E+01 -0.1399049E+01 -0.5089658E+00  0.0000000E+00
  0.2300407E+01  0.7492324E+00  0.1041347E+01  0.0000000E+00
 -0.6138475E+01 -0.2788063E+01 -0.4092018E+01  0.0000000E+00
 -0.2629030E+02 -0.2712454E+02  0.1485702E+01  0.0000000E+00
  0.2634542E+01  0.1615670E+02 -0.8090962E+01  0.0000000E+00
 -0.1841037E+02 -0.1797258E+02 -0.1268046E+01  0.0000000E+00
 -0.3747297E+02 -0.6213827E+02  0.7461578E+01  0.0000000E+00
 -0.4886786E+02 -0.8837926E+02  0.1264654E+02  0.0000000E+00
 -0.1412722E+01  0.3784830E-01  0.3693770E-01  0.0000000E+00
  0.1738949E+01  0.1534562E+00 -0.1378877E+00  0.0000000E+00
 -0.6528492E+01  0.3503414E+00  0.2007302E+00  0.0000000E+00
  0.3637459E+01  0.1172933E+01 -0.4406565E+00  0.0000000E+00
 -0.5591259E+01 -0.1219347E+01  0.1080936E+01  0.0000000E+00
 -0.7146669E+00  0.9468308E+01 -0.3876392E+01  0.0000000E+00
  0.1783247E+02 -0.1941582E+00  0.6223709E+01  0.0000000E+00
  0.1490106E+02 -0.1357453E+02  0.1600681E+01  0.0000000E+00
  0.1697405E+02 -0.8126167E+01  0.1999930E+01  0.0000000E+00
  0.7889662E+01  0.8494015E+01  0.1211820E+01  0.0000000E+00
  0.2595514E+01  0.1828739E+02  0.7548643E+00  0.0000000E+00
  0.2914420E+00 -0.4610941E-01 -0.8211185E-02  0.0000000E+00
  0.5007530E+00  0.6946959E+00  0.8196456E-01  0.0000000E+00
 -0.4249677E+01 -0.1479834E+01 -0.1205781E+00  0.0000000E+00
 -0.5134347E+01  0.3150963E+01  0.2520655E+00  0.0000000E+00
 -0.4779840E+01 -0.4816251E+01 -0.1917129E+00  0.0000000E+00
  0.6329043E+01  0.1427387E+02  0.9515507E+00  0.0000000E+00
  0.1068787E+02 -0.1878506E+01  0.1324408E+01  0.0000000E+00
 -0.3427922E+01  0.1327512E+02  0.2185530E+01  0.0000000E+00
  0.2461105E+02 -0.6228566E+00  0.1339267E+01  0.0000000E+00
  0.3521321E+02  0.8202854E+01  0.5989172E+00  0.0000000E+00
  0.4173531E+02  0.1321749E+02  0.1554460E+00  0.0000000E+00
  0.2048807E+01  0.1103947E+00 -0.7833746E-02  0.0000000E+00
  0.3717276E+00 -0.5366163E+00  0.5970221E-01  0.0000000E+00
  0.3568031E+01  0.8496099E+00 -0.6124386E-01  0.0000000E+00
 -0.4130638E+00 -0.2184124E+01  0.8163931E-01  0.0000000E+00
  0.8018723E+01  0.3304954E+01 -0.3126521E+00  0.0000000E+00
  0.3845606E+01 -0.4479168E+01  0.9912883E+00  0.0000000E+00
 -0.6020646E+01  0.3214174E+01 -0.2412014E+01  0.0000000E+00
  0.7201448E+01 -0.7119129E+01  0.2712967E+01  0.0000000E+00
 -0.4678500E+01 -0.7507942E+00  0.1808381E+01  0.0000000E+00
 -0.6167578E+01  0.5957771E+01 -0.1718693E+01  0.0000000E+00
 -0.7171556E+01  0.9955832E+01 -0.3793379E+01  0.0000000E+00
  0.2193532E+00  0.7438044E-01  0.2087261E-01  0.0000000E+00
  0.3620165E-01 -0.3972879E+00 -0.3889308E-01  0.0000000E+00
 -0.7024216E+00  0.6446344E+00  0.2390957E-01  0.0000000E+00
  0.4682581E+01 -0.1951477E+01 -0.7292861E-01  0.0000000E+00
 -0.1328287E+00  0.3682009E+01  0.1243285E+00  0.0000000E+00
 -0.2725976E+01 -0.7882304E+01  0.3999547E+00  0.0000000E+00
  0.9523671E+01  0.5674239E-01 -0.5052492E+00  0.0000000E+00
 -0.5509407E+00 -0.1066453E+00  0.3862991E+00  0.0000000E+00
  0.1966946E+01  0.1977173E+01  0.4118593E-01  0.0000000E+00
  0.1158209E+01  0.9483908E+01  0.7031642E+00  0.0000000E+00
  0.7138834E+00  0.1390186E+02  0.1086683E+01  0.0000000E+00
  0.1909757E+02 -0.3499863E+02  0.2739920E+01  0.0000000E+00
 -0.1764903E+02  0.1483576E+02  0.1862637E+01  0.0000000E+00
 -0.6689644E+02  0.1918496E+01 -0.8969703E+01  0.0000000E+00
 -0.1059770E+03  0.3233759E+02  0.1436871E+01  0.0000000E+00
 -0.1572670E+03  0.4391391E+02 -0.2162742E+01  0.0000000E+00
 -0.1043998E+03 -0.3566630E+02 -0.1348872E+01  0.0000000E+00
 -0.8377306E+02  0.1377685E+02  0.1047657E+02  0.0000000E+00
 -0.1147896E+03 -0.1493807E+02  0.9956869E+01  0.0000000E+00
 -0.1421775E+03  0.3071407E+02  0.3232570E+02  0.0000000E+00
 -0.9566201E+02  0.5364228E+02  0.4439849E+02  0.0000000E+00
 -0.6873797E+02  0.6757961E+02  0.5171641E+02  0.0000000E+00
  0.1212065E+02 -0.6202979E+02 -0.3306138E+00  0.0000000E+00
  0.1859944E+02  0.1294435E+02 -0.3000049E+01  0.0000000E+00
 -0.4627536E+02  0.2403885E+02  0.1238133E+01  0.0000000E+00
 -0.4433230E+02  0.2718284E+02  0.1153378E+02  0.0000000E+00
  0.7146826E+02 -0.1950329E+02  0.7836148E+01  0.0000000E+00
 -0.3310151E+02 -0.2731438E+02  0.8329743E+01  0.0000000E+00
  0.3059809E+02  0.1533139E+02 -0.1569085E+01  0.0000000E+00
 -0.2581233E+02  0.7161129E+01 -0.1148675E+01  0.0000000E+00
  0.2070410E+02  0.1941623E+02 -0.7466381E+00  0.0000000E+00
  0.7432967E+02  0.3725428E+02 -0.5091718E+01  0.0000000E+00
  0.1062436E+03  0.4783375E+02 -0.7630279E+01  0.0000000E+00
  0.8476629E+01 -0.1281581E+02  0.1930236E+01  0.0000000E+00
  0.1642646E+02 -0.2829717E+02  0.3269063E+01  0.0000000E+00
 -0.5016663E+02  0.4395086E+02 -0.1750038E+02  0.0000000E+00
  0.7147835E+02 -0.6878470E+02 -0.1044785E+02  0.0000000E+00
  0.2334163E+01  0.5194218E+02 -0.3911024E+01  0.0000000E+00
 -0.7696546E+01  0.4126293E+02 -0.5113264E+01  0.0000000E+00
 -0.5353801E+02  0.1543348E+02 -0.6493016E+01  0.0000000E+00
 -0.2941249E+02  0.9892418E+01  0.1253604E+01  0.0000000E+00
 -0.4020188E+02  0.5385169E+02 -0.9108618E+01  0.0000000E+00
 -0.4492294E+02  0.6045481E+02 -0.2377490E+02  0.0000000E+00
 -0.4781031E+02  0.6480629E+02 -0.3247749E+02  0.0000000E+00
  0.6872025E+00 -0.1344187E+00 -0.2663471E-03  0.0000000E+00
 -0.1304743E+00  0.4073207E+00 -0.1869538E-02  0.0000000E+00
 -0.1008524E+00 -0.8414207E+00  0.4472580E-01  0.0000000E+00
 -0.5036495E+01  0.1013109E+01 -0.1747098E+00  0.0000000E+00
  0.5470143E+01 -0.3052087E+01 -0.1416308E-01  0.0000000E+00
 -0.1129223E+02  0.4754363E+01  0.1071344E+01  0.0000000E+00
  0.4019858E+01 -0.6202946E+01 -0.1575618E+01  0.0000000E+00
 -0.2805847E+02  0.3249749E+02 -0.2452635E+01  0.0000000E+00
 -0.3348520E+02  0.1219373E+02  0.9492175E+00  0.0000000E+00
 -0.2127329E+02 -0.1591934E+02  0.3515825E+01  0.0000000E+00
 -0.1418397E+02 -0.3260597E+02  0.5056541E+01  0.0000000E+00
 -0.1362770E+01 -0.2024476E+00  0.3235897E-01  0.0000000E+00
 -0.2861231E+01  0.7358417E+00 -0.1744137E+00  0.0000000E+00
  0.4904246E+01 -0.1803198E+01  0.2251281E+00  0.0000000E+00
 -0.5247336E+01  0.3092191E+01 -0.5542148E+00  0.0000000E+00
  0.5011192E+01 -0.5396297E+01  0.9737089E+00  0.0000000E+00
 -0.8992542E+01  0.4221091E+01 -0.5583778E+00  0.0000000E+00
  0.3039839E+01 -0.3728904E+01  0.5266459E+01  0.0000000E+00
 -0.1937999E+02  0.7052888E+01 -0.4462688E+01  0.0000000E+00
 -0.1355266E+02  0.9066329E+01 -0.4048672E+01  0.0000000E+00
  0.5357966E+01  0.8156325E+01 -0.1023816E+02  0.0000000E+00
  0.1648951E+02  0.7645608E+01 -0.1385744E+02  0.0000000E+00
 -0.3341964E+00 -0.1772254E+00  0.1482000E-01  0.0000000E+00
 -0.1027919E+01  0.3453669E+00 -0.5444110E-01  0.0000000E+00
  0.2570237E+01 -0.6663158E+00  0.9313513E-01  0.0000000E+00
  0.3868336E+01  0.1371237E+01 -0.1299549E+00  0.0000000E+00
 -0.2631374E+01 -0.2001393E+00  0.2032757E+00  0.0000000E+00
  0.9324599E+01 -0.2699931E+01 -0.1243468E+01  0.0000000E+00
  0.1573655E+02 -0.4083739E+01  0.3018512E+01  0.0000000E+00
  0.2548528E+02 -0.4582692E+01  0.5094333E+01  0.0000000E+00
  0.2381344E+02  0.1387697E+01  0.1525965E+01  0.0000000E+00
  0.1552902E+02 -0.1543111E+02  0.2785304E+01  0.0000000E+00
  0.1066238E+02 -0.2521320E+02  0.3482569E+01  0.0000000E+00
  0.2256142E+01  0.1089425E+00 -0.2283823E-01  0.0000000E+00
  0.1869315E+01  0.2678914E+00  0.3971606E-01  0.0000000E+00
 -0.2676821E+01 -0.2556733E-01  0.6203258E-01  0.0000000E+00
  0.1242199E+01 -0.5905363E+00 -0.4508395E-01  0.0000000E+00
 -0.3427698E+01  0.1113362E+00  0.1705140E+00  0.0000000E+00
 -0.1042581E+02 -0.5932662E+00 -0.1701244E+01  0.0000000E+00
  0.6862522E+01 -0.6645907E+01  0.2378460E+01  0.0000000E+00
 -0.1854793E+02  0.2520432E+02 -0.3516152E+01  0.0000000E+00
 -0.1682267E+02  0.1164564E+02 -0.3242337E+01  0.0000000E+00
 -0.2114224E+02 -0.1097175E+02 -0.1764734E+01  0.0000000E+00
 -0.2365431E+02 -0.2436160E+02 -0.8959175E+00  0.0000000E+00
 -0.3679582E+00  0.1032538E+00  0.1397093E-01  0.0000000E+00
  0.4541832E+01 -0.1617532E+00  0.6542072E-02  0.0000000E+00
 -0.9726857E+01  0.2263961E+00 -0.3216574E-01  0.0000000E+00
  0.8177177E+01 -0.1036034E+01 -0.1715392E-01  0.0000000E+00
 -0.1239348E+02 -0.2109316E+01  0.9219630E-01  0.0000000E+00
 -0.3075593E+01  0.2748897E+00  0.3933736E-01  0.0000000E+00
 -0.2490656E+01  0.7894882E+01 -0.2611284E+00  0.0000000E+00
 -0.4296397E+01 -0.2788012E+01  0.1390883E+00  0.0000000E+00
  0.8062267E+00  0.3627703E+01  0.1503629E+01  0.0000000E+00
  0.9192438E+01 -0.3616191E+00  0.1687227E+01  0.0000000E+00
  0.1415861E+02 -0.2626547E+01  0.1809914E+01  0.0000000E+00
 -0.4987879E+00 -0.6211269E-02  0.2144699E-01  0.0000000E+00
 -0.3968277E+00  0.3505413E+00 -0.5599698E-01  0.0000000E+00
  0.3496446E+00 -0.1154330E+01  0.1353436E+00  0.0000000E+00
  0.1009992E+01  0.2260673E+01 -0.1278147E+00  0.0000000E+00
  0.3924814E+00 -0.3670290E+01 -0.4859562E-02  0.0000000E+00
 -0.5641507E+01  0.2305407E+01  0.7467233E+00  0.0000000E+00
  0.1589147E+02 -0.5046671E+00 -0.7188401E+00  0.0000000E+00
  0.2007716E+01  0.4530182E+00  0.1846902E+01  0.0000000E+00
  0.2775149E+01 -0.3915168E+01 -0.7363478E+00  0.0000000E+00
  0.3654022E+01 -0.4412822E+01 -0.3273846E+01  0.0000000E+00
  0.4177211E+01 -0.4751553E+01 -0.4788146E+01  0.0000000E+00
 -0.4290512E+01  0.3999073E+01  0.3343432E+00  0.0000000E+00
 -0.1915439E+02 -0.1943671E+02  0.5968288E+01  0.0000000E+00
 -0.8067915E+01  0.7036491E+02 -0.3760567E+01  0.0000000E+00
 -0.1700476E+02 -0.1162515E+02  0.1124999E+02  0.0000000E+00
  0.7118312E+02 -0.6556783E+02  0.1849352E+02  0.0000000E+00
  0.2492396E+02 -0.3401647E+01  0.9609478E+01  0.0000000E+00
  0.3509032E+02  0.1716830E+02  0.6979331E+01  0.0000000E+00
 -0.4873720E+01  0.4165879E+02  0.2448365E+01  0.0000000E+00
  0.5586773E+02  0.2776446E+02  0.1965864E+02  0.0000000E+00
  0.1027458E+03  0.3498852E+02  0.1392770E+02  0.0000000E+00
  0.1308703E+03  0.3906167E+02  0.1076252E+02  0.0000000E+00
  0.1571141E+02 -0.2059499E+02 -0.1350279E+01  0.0000000E+00
 -0.3097183E+02  0.1710647E+02  0.4574837E+01  0.0000000E+00
  0.1926582E+02  0.6496696E+01 -0.1254764E+02  0.0000000E+00
  0.1482466E+02 -0.1034104E+02 -0.8785569E+00  0.0000000E+00
 -0.1048325E+02 -0.2446784E+02 -0.7483711E+01  0.0000000E+00
  0.4092201E+02 -0.4253387E+02  0.3271045E+01  0.0000000E+00
  0.1222839E+02  0.9337913E+00 -0.1135107E+02  0.0000000E+00
  0.3848767E+01  0.4441327E+01  0.3550676E+01  0.0000000E+00
  0.1593851E+02  0.2251506E+02 -0.4312219E+01  0.0000000E+00
  0.8322798E+01  0.1305720E+02 -0.1161720E+02  0.0000000E+00
  0.3994189E+01  0.7724896E+01 -0.1598320E+02  0.0000000E+00
 -0.1016825E+02  0.6128843E+01 -0.8399634E+00  0.0000000E+00
  0.1457397E+02 -0.9618740E+01  0.4546842E+01  0.0000000E+00
  0.1269860E+01 -0.1313010E+01 -0.1150576E+01  0.0000000E+00
  0.2727388E+02 -0.3908486E+02  0.1221035E+02  0.0000000E+00
 -0.3342147E+01 -0.4329070E+02  0.5621474E+01  0.0000000E+00
 -0.1823930E+02  0.3243234E+02 -0.1327814E+02  0.0000000E+00
  0.2571996E+02 -0.2789647E+02  0.4647593E+01  0.0000000E+00
  0.3351074E+02  0.1864524E+02  0.9606585E+01  0.0000000E+00
  0.1660541E+02  0.2840456E+02 -0.3500774E+01  0.0000000E+00
  0.3322258E+01 -0.2633384E+02 -0.6819521E+00  0.0000000E+00
 -0.4641529E+01 -0.5827795E+02  0.8202795E+00  0.0000000E+00
  0.4017404E+00  0.3710881E-01  0.8783844E-02  0.0000000E+00
 -0.4038540E+01  0.6701602E-01 -0.2403336E-01  0.0000000E+00
  0.6139345E+01  0.5429252E+00  0.2581846E-01  0.0000000E+00
 -0.2263771E+01 -0.4237159E+00  0.3772617E-01  0.0000000E+00
  0.8696115E+00  0.1056620E+01  0.2321211E+00  0.0000000E+00
  0.7714399E+01  0.1270636E+01  0.4316467E+00  0.0000000E+00
 -0.2245266E+02  0.1771661E+02  0.4039827E+01  0.0000000E+00
 -0.1296722E+02  0.3699652E+01 -0.2761250E+01  0.0000000E+00
 -0.1661355E+02  0.2306652E+02  0.2329264E+01  0.0000000E+00
 -0.6668426E+01  0.8794982E+01  0.7167045E+01  0.0000000E+00
 -0.8834119E+00  0.6496070E+00  0.1005711E+02  0.0000000E+00
 -0.1421244E+01  0.9631780E-01  0.2430221E-01  0.0000000E+00
 -0.1464998E+01 -0.7408413E+00 -0.1751898E+00  0.0000000E+00
  0.3959473E+00  0.9492312E+00  0.3231276E+00  0.0000000E+00
 -0.2507022E+01 -0.1204904E+01 -0.5264420E+00  0.0000000E+00
  0.1532435E+02  0.6280779E+00  0.9606712E+00  0.0000000E+00
 -0.8197361E+01 -0.3215028E+01 -0.3416543E+01  0.0000000E+00
  0.2970653E+02 -0.3017743E+02 -0.1256344E+01  0.0000000E+00
  0.2493312E+02 -0.1448112E+02  0.8024414E-01  0.0000000E+00
  0.3075378E+02 -0.2830267E+02  0.1166819E+02  0.0000000E+00
  0.2254433E+02 -0.1406496E+02  0.1465688E+02  0.0000000E+00
  0.1780053E+02 -0.5880211E+01  0.1653565E+02  0.0000000E+00
 -0.4437283E+00  0.2517126E+00  0.2744917E-02  0.0000000E+00
  0.5825853E+01 -0.1022550E+01  0.7865864E-01  0.0000000E+00
 -0.6930001E+01  0.8678023E+00 -0.2153615E+00  0.0000000E+00
  0.3378167E+00 -0.1985027E+01  0.2517142E+00  0.0000000E+00
  0.1276516E+01  0.6503332E+01 -0.2436861E+00  0.0000000E+00
  0.1099661E+02 -0.1542997E+02 -0.1542576E+00  0.0000000E+00
 -0.1528723E+02  0.1088757E+02 -0.2719204E+01  0.0000000E+00
 -0.2753011E+02  0.4878694E+01 -0.9911036E+00  0.0000000E+00
 -0.1383727E+02  0.1340649E+02 -0.2139905E+01  0.0000000E+00
 -0.5837273E+00  0.1919552E+02 -0.3085046E+01  0.0000000E+00
  0.7327760E+01  0.2267939E+02 -0.3651713E+01  0.0000000E+00
  0.2734371E+01 -0.1268264E+00  0.5598952E-02  0.0000000E+00
  0.8915098E+00  0.1111549E+01 -0.2144341E-01  0.0000000E+00
  0.1415279E+01 -0.1839972E+01  0.8896216E-01  0.0000000E+00
 -0.4469815E+01  0.2348101E+01 -0.1049626E+00  0.0000000E+00
 -0.8687656E+01 -0.3319946E+01  0.5493939E+00  0.0000000E+00
 -0.1242379E+02  0.7904618E+01 -0.6152449E-02  0.0000000E+00
 -0.1920164E+01  0.5514783E+01  0.8131641E+01  0.0000000E+00
 -0.1383509E+01 -0.2180890E+01  0.1623585E+01  0.0000000E+00
  0.8752046E+01  0.5682772E+01  0.4938599E+01  0.0000000E+00
  0.1252285E+02  0.2894786E-01  0.5014464E+01  0.0000000E+00
  0.1484306E+02 -0.3191244E+01  0.5095301E+01  0.0000000E+00
 -0.5097045E+00  0.1554514E+00  0.4774457E-02  0.0000000E+00
 -0.3202657E+01 -0.2958651E+00 -0.4629284E-01  0.0000000E+00
  0.3490346E+01  0.8054805E+00  0.5701830E-01  0.0000000E+00
  0.1436144E+01 -0.1460685E+01 -0.4969325E-01  0.0000000E+00
  0.1813987E+01  0.5240488E+00 -0.5521931E-01  0.0000000E+00
 -0.4654627E+00  0.7441376E+01  0.2760723E+00  0.0000000E+00
 -0.3513625E+00  0.3173695E+01 -0.2166872E+01  0.0000000E+00
 -0.2067833E+01  0.8096575E+01 -0.2601041E+01  0.0000000E+00
 -0.2779613E+01  0.1285236E+02 -0.3754673E+01  0.0000000E+00
 -0.5148622E+01  0.2821214E+00 -0.4159285E+01  0.0000000E+00
 -0.6543217E+01 -0.7024300E+01 -0.4409195E+01  0.0000000E+00
 -0.1125672E+00  0.9021998E-01  0.4668941E-01  0.0000000E+00
  0.1099744E+01 -0.6137330E+00 -0.2212752E+00  0.0000000E+00
  0.2520600E+00  0.1209996E+01  0.2967668E+00  0.0000000E+00
  0.5563424E+01 -0.1188755E+01 -0.5003636E+00  0.0000000E+00
 -0.1583351E+01  0.1509375E+01  0.1019117E+01  0.0000000E+00
  0.5391855E+01 -0.3888436E+01 -0.2157793E+01  0.0000000E+00
  0.3256997E+01  0.1527498E+01  0.2886961E+01  0.0000000E+00
 -0.4054175E+00 -0.3757019E+01  0.4684332E+00  0.0000000E+00
 -0.2546429E+01 -0.5020489E+00  0.1509835E+00  0.0000000E+00
  0.1020409E-01  0.1243920E+01  0.1571382E+01  0.0000000E+00
  0.1482458E+01  0.2302647E+01  0.2398661E+01  0.0000000E+00
 -0.1521857E+01 -0.1645258E+01 -0.1986468E+00  0.0000000E+00
 -0.1011237E+02  0.9630292E+01  0.3097710E+01  0.0000000E+00
  0.1068821E+02  0.7873837E+00 -0.4117545E+01  0.0000000E+00
 -0.1226689E+02  0.2476512E+02  0.3701039E+01  0.0000000E+00
  0.3091084E+02  0.2354412E+02 -0.5337781E+01  0.0000000E+00
  0.2923963E+02 -0.2655675E+00 -0.1036356E+01  0.0000000E+00
  0.2411861E+02  0.9282833E+01  0.3247523E+01  0.0000000E+00
  0.1375348E+02  0.6722338E+01  0.6652095E+01  0.0000000E+00
  0.5167580E+02 -0.1276939E+02  0.8991403E+01  0.0000000E+00
  0.5088321E+02 -0.1514194E+02  0.5730150E+01  0.0000000E+00
  0.5084659E+02 -0.1674699E+02  0.3847926E+01  0.0000000E+00
  0.5745408E+01 -0.7051395E+01 -0.2670910E+00  0.0000000E+00
 -0.2504981E+02  0.1264612E+02 -0.2096406E+01  0.0000000E+00
  0.3309593E+02 -0.1691183E+01  0.4537297E+01  0.0000000E+00
 -0.1761272E+02  0.2485752E+02  0.1938751E+01  0.0000000E+00
  0.1445891E+02 -0.3934550E+02 -0.4487342E+01  0.0000000E+00
  0.4792248E+02  0.1910971E+02  0.2421426E+01  0.0000000E+00
  0.2555990E+01 -0.8662791E+01 -0.7172567E+01  0.0000000E+00
 -0.6052302E+01  0.1505285E+02 -0.3253060E+01  0.0000000E+00
 -0.9704209E+01  0.1188166E+00 -0.1230931E+02  0.0000000E+00
 -0.1524613E+02 -0.2418214E+01 -0.1390309E+02  0.0000000E+00
 -0.1853098E+02 -0.4068863E+01 -0.1493687E+02  0.0000000E+00
 -0.2723354E+01 -0.3139537E+00  0.1320715E+01  0.0000000E+00
 -0.1467659E+02  0.6327110E+00 -0.1485085E+01  0.0000000E+00
  0.2730477E+02 -0.2683470E+01  0.1368350E+01  0.0000000E+00
  0.6976461E+01 -0.1893301E+02  0.5450135E+01  0.0000000E+00
  0.3072832E+02  0.1138471E+02 -0.5756997E+01  0.0000000E+00
  0.1055269E+02  0.6656126E+01  0.5034733E+01  0.0000000E+00
  0.1683339E+02  0.7435149E+01 -0.2287947E+01  0.0000000E+00
  0.2318309E+02  0.1469928E+01  0.4716588E+01  0.0000000E+00
  0.2049269E+02  0.3410723E+01 -0.1312272E+01  0.0000000E+00
  0.1546286E+01 -0.1027812E+01 -0.5033890E+01  0.0000000E+00
 -0.9575227E+01 -0.3602301E+01 -0.7279466E+01  0.0000000E+00
  0.5953615E+00  0.2592042E-01  0.1321007E-01  0.0000000E+00
 -0.1455218E+01 -0.2776012E+00 -0.1045789E+00  0.0000000E+00
  0.2381540E+01  0.6177353E+00  0.9557576E-01  0.0000000E+00
 -0.1052648E+01 -0.1539472E+01 -0.1309673E+00  0.0000000E+00
 -0.4610646E+01 -0.9053475E+00 -0.1179155E+00  0.0000000E+00
  0.1264229E+02 -0.3550430E+01  0.1795152E+01  0.0000000E+00
 -0.2451400E+02  0.1176116E+02 -0.1564214E+01  0.0000000E+00
 -0.2879076E+02  0.1134445E+02 -0.1553039E+01  0.0000000E+00
 -0.4353886E+02  0.1085037E+02 -0.1584401E+01  0.0000000E+00
 -0.2261100E+02  0.2172972E+01 -0.2079161E+00  0.0000000E+00
 -0.1052526E+02 -0.2916296E+01  0.5970134E+00  0.0000000E+00
 -0.5048927E+00  0.2114067E-01 -0.2371335E-01  0.0000000E+00
  0.6241937E+00 -0.2522625E+00  0.1009099E+00  0.0000000E+00
  0.2595611E+01 -0.1563609E+00 -0.2084677E+00  0.0000000E+00
 -0.3603738E+01  0.6650961E+00  0.3684254E+00  0.0000000E+00
 -0.5109050E+01  0.7634449E+00 -0.4470001E+00  0.0000000E+00
 -0.1809556E+01 -0.3202356E+01 -0.2812094E+00  0.0000000E+00
  0.4412502E+01 -0.6050351E+00  0.1122635E+00  0.0000000E+00
  0.1273330E+02 -0.6006851E+01  0.1575990E+01  0.0000000E+00
  0.7894607E+01 -0.1410533E+02 -0.2090033E+00  0.0000000E+00
  0.4864631E+00 -0.4538483E+01 -0.3653144E+01  0.0000000E+00
 -0.3903098E+01  0.9741809E+00 -0.5689134E+01  0.0000000E+00
 -0.3367359E+00 -0.2794332E-01 -0.2236090E-01  0.0000000E+00
  0.1405951E+01  0.1085321E+00  0.4118892E-01  0.0000000E+00
 -0.2815011E+01 -0.9092509E+00 -0.9467731E-01  0.0000000E+00
  0.1956954E+01  0.1495128E+01  0.7385828E-01  0.0000000E+00
 -0.8661240E+01 -0.1165845E+01 -0.2565253E-01  0.0000000E+00
  0.2263281E+01 -0.1330241E+00 -0.1469683E+01  0.0000000E+00
 -0.2989542E+01  0.4396156E+01 -0.5485458E+00  0.0000000E+00
 -0.8810349E+01 -0.4406301E-02 -0.5662615E+00  0.0000000E+00
 -0.1169543E+02  0.1953760E+01 -0.2332746E+01  0.0000000E+00
 -0.4351794E+01  0.1013818E+01 -0.1843232E+01  0.0000000E+00
 -0.8497177E-01  0.4849128E+00 -0.1575975E+01  0.0000000E+00
  0.6744111E+00  0.1393365E-01  0.2715032E-01  0.0000000E+00
 -0.5706434E+00 -0.6476125E-01 -0.1148316E+00  0.0000000E+00
 -0.3042874E+01  0.3397141E+00  0.1948328E+00  0.0000000E+00
  0.3867837E+01 -0.8264817E+00 -0.4126766E+00  0.0000000E+00
  0.1114371E+01  0.1125237E+01  0.5685465E+00  0.0000000E+00
 -0.1130593E+02  0.3513244E+01 -0.1730897E+01  0.0000000E+00
 -0.5634600E+01  0.4319013E+00  0.7764812E+00  0.0000000E+00
 -0.4405105E+01  0.7838684E+01  0.3505627E+00  0.0000000E+00
 -0.2822958E+02  0.4423293E+01 -0.2281287E+01  0.0000000E+00
 -0.1324155E+02  0.3943771E+01 -0.1572587E+01  0.0000000E+00
 -0.4735723E+01  0.3626456E+01 -0.1187604E+01  0.0000000E+00
  0.6242131E+00  0.5664759E-01 -0.2073499E-01  0.0000000E+00
  0.2171749E+00 -0.1511068E-01  0.1233997E+00  0.0000000E+00
  0.5724691E+00  0.3635736E+00 -0.7947230E-01  0.0000000E+00
  0.1666898E+01 -0.4534589E+00  0.1637001E+00  0.0000000E+00
  0.5786587E+01  0.1695074E+01 -0.3635502E+00  0.0000000E+00
 -0.8619057E+01 -0.2328848E+01  0.7660942E+00  0.0000000E+00
 -0.3686361E+01 -0.3423093E+00 -0.1163323E+01  0.0000000E+00
 -0.5231647E+01  0.1245470E+01  0.4789841E+00  0.0000000E+00
  0.3069169E+01 -0.3259088E+01  0.1272206E+01  0.0000000E+00
  0.9694959E+00 -0.4506423E+01 -0.8634041E+00  0.0000000E+00
 -0.1664281E+00 -0.5287005E+01 -0.2104688E+01  0.0000000E+00
 -0.4046567E+00 -0.5215622E-02 -0.1583186E-01  0.0000000E+00
  0.6346662E+00 -0.1143396E+00  0.7837883E-01  0.0000000E+00
 -0.1342907E+01  0.6270248E+00 -0.1435463E+00  0.0000000E+00
  0.4640715E+01 -0.8387680E+00  0.2216530E+00  0.0000000E+00
 -0.7081950E+01  0.1274742E+01 -0.6882956E+00  0.0000000E+00
  0.1429706E+02 -0.1736537E+01  0.2308878E+01  0.0000000E+00
  0.4273309E+01 -0.2385098E+01 -0.1456669E+01  0.0000000E+00
  0.2662268E+01  0.2856025E+01  0.2455718E+00  0.0000000E+00
  0.6728263E+01 -0.2403505E+01  0.1861756E+01  0.0000000E+00
  0.5262920E+01 -0.3812422E+01  0.2191021E+01  0.0000000E+00
  0.4450610E+01 -0.4695674E+01  0.2401711E+01  0.0000000E+00
  0.2293377E+02 -0.2354078E+01  0.1600789E+00  0.0000000E+00
 -0.1038287E+02  0.1012129E+02 -0.1469528E+01  0.0000000E+00
  0.8473277E+01 -0.1243703E+02  0.2615855E+00  0.0000000E+00
 -0.1104397E+02 -0.2862384E+01 -0.2870502E+01  0.0000000E+00
 -0.8878292E+01  0.1644198E+01 -0.4754388E+00  0.0000000E+00
  0.3505628E+02 -0.1687337E+02 -0.2227021E+01  0.0000000E+00
  0.5423909E-01 -0.1040024E+02 -0.1816500E+00  0.0000000E+00
  0.2952862E+02 -0.1110242E+02 -0.2019715E+01  0.0000000E+00
  0.9624079E+01 -0.1435488E+02 -0.4729895E+01  0.0000000E+00
 -0.1617525E+02 -0.1698446E+02  0.2367978E+00  0.0000000E+00
 -0.3150449E+02 -0.1856024E+02  0.3114400E+01  0.0000000E+00
  0.8235363E+01 -0.4672503E+01  0.1282850E+01  0.0000000E+00
 -0.1727734E+02  0.9742546E+01 -0.2504115E+01  0.0000000E+00
 -0.2179595E+01 -0.3808351E+01  0.2802041E+01  0.0000000E+00
  0.4667572E+01 -0.1782952E+02 -0.8180990E+01  0.0000000E+00
 -0.6378277E+02  0.3043787E+02  0.2993199E+01  0.0000000E+00
  0.3947527E+01 -0.1670475E+02  0.4840839E+00  0.0000000E+00
 -0.2703635E+02  0.6201443E+01 -0.2947086E+01  0.0000000E+00
 -0.9273492E+01  0.5807054E+01  0.1373733E+01  0.0000000E+00
 -0.3683409E+02  0.6137972E+01  0.1799943E+01  0.0000000E+00
 -0.3353338E+02 -0.6872644E+01  0.3791817E+01  0.0000000E+00
 -0.3191012E+02 -0.1448485E+02  0.4963686E+01  0.0000000E+00
 -0.1427888E+02  0.6293410E+01  0.1337800E+00  0.0000000E+00
  0.8943790E+01 -0.4643112E+01 -0.2204253E+00  0.0000000E+00
 -0.1175739E+02  0.5208510E+01 -0.1985316E+01  0.0000000E+00
  0.3011608E+01 -0.8418465E+01  0.4925345E+00  0.0000000E+00
  0.1614425E+02 -0.1379573E+01 -0.2773725E+01  0.0000000E+00
 -0.1038434E+02 -0.9940405E+01 -0.1444698E+01  0.0000000E+00
  0.1690153E+02 -0.3365683E+01 -0.1821805E+01  0.0000000E+00
  0.1094486E+02 -0.1002951E+02 -0.1227972E+01  0.0000000E+00
  0.2520163E+01 -0.9904984E+01  0.2091216E+01  0.0000000E+00
  0.2459066E+01  0.1128243E+02  0.2395901E+01  0.0000000E+00
  0.2329402E+01  0.2369153E+02  0.2610523E+01  0.0000000E+00
  0.2082379E+00  0.1371969E+00  0.9658680E-02  0.0000000E+00
 -0.6526591E+00 -0.1231095E+00  0.2060489E-01  0.0000000E+00
 -0.1629531E+00  0.1544127E+00 -0.1223479E-01  0.0000000E+00
 -0.1402447E+01  0.2547633E+00 -0.4668404E-01  0.0000000E+00
 -0.1715332E+01  0.2848081E-01 -0.4579861E-01  0.0000000E+00
  0.2399514E+00  0.1913378E+01 -0.4878398E+00  0.0000000E+00
 -0.3125657E+01 -0.4959955E+01 -0.1763173E+01  0.0000000E+00
  0.1638374E+02 -0.4354348E+01  0.4052071E+00  0.0000000E+00
  0.2303751E+02 -0.1103151E+02 -0.8700113E+00  0.0000000E+00
  0.1228913E+02 -0.4302924E+01 -0.2781224E+01  0.0000000E+00
  0.6072612E+01 -0.4374184E+00 -0.3913872E+01  0.0000000E+00
  0.7500405E+00  0.2442619E-01 -0.2225047E-03  0.0000000E+00
 -0.1340344E+01  0.4974586E+00  0.5382325E-01  0.0000000E+00
  0.5214976E+01 -0.5460633E+00 -0.7148484E-01  0.0000000E+00
 -0.8029141E+01  0.7415773E+00  0.7072186E-01  0.0000000E+00
 -0.5142637E+00 -0.1415826E+01 -0.2087034E+00  0.0000000E+00
 -0.2122098E+01 -0.1598598E+01  0.1176843E+01  0.0000000E+00
 -0.4134998E+01  0.6745871E+00 -0.1857701E+01  0.0000000E+00
 -0.6543440E+01 -0.1438397E+01 -0.7118414E+00  0.0000000E+00
 -0.2829935E+02  0.9276007E+01 -0.2328559E+01  0.0000000E+00
 -0.2423147E+02  0.1438200E+02 -0.2222862E+01  0.0000000E+00
 -0.2209123E+02  0.1749126E+02 -0.2178560E+01  0.0000000E+00
  0.4601259E+00 -0.1428856E-01  0.8702674E-02  0.0000000E+00
  0.1133018E+01  0.4369294E+00 -0.1738455E-01  0.0000000E+00
 -0.9987287E+00 -0.5428229E+00  0.2606124E-01  0.0000000E+00
  0.3333454E+01  0.5853281E+00  0.5085239E-01  0.0000000E+00
  0.2694294E+01 -0.1382068E+01 -0.1805595E+00  0.0000000E+00
 -0.4124843E+01 -0.2721750E+00  0.8308633E+00  0.0000000E+00
  0.2018685E+01 -0.2621118E+01 -0.2797354E+00  0.0000000E+00
 -0.3393523E+01  0.6641982E+00 -0.6301513E+00  0.0000000E+00
  0.4479055E+01 -0.7204449E+01 -0.6931334E+00  0.0000000E+00
  0.4635345E+01  0.2937921E+00  0.1648348E+01  0.0000000E+00
  0.4815251E+01  0.4597587E+01  0.3018830E+01  0.0000000E+00
 -0.8474480E+00 -0.7078282E-01 -0.2183666E-02  0.0000000E+00
  0.3131987E+01  0.4353782E-01  0.5617814E-01  0.0000000E+00
 -0.6432970E+01 -0.6408600E+00 -0.8840297E-01  0.0000000E+00
  0.5773306E+01  0.1111095E+01  0.1251650E+00  0.0000000E+00
  0.2653739E+01 -0.3071155E+00 -0.3781096E+00  0.0000000E+00
  0.6578607E+01 -0.1070684E+01  0.7082396E+00  0.0000000E+00
  0.2592856E+01 -0.2352172E+01 -0.1506935E+01  0.0000000E+00
  0.9939353E+01 -0.7247351E+01 -0.1344884E+01  0.0000000E+00
  0.1625103E+02 -0.1205960E+00 -0.1146406E+01  0.0000000E+00
  0.1243256E+02  0.6429767E+00  0.2301170E+01  0.0000000E+00
  0.1026782E+02  0.1167976E+01  0.4322332E+01  0.0000000E+00
 -0.1384234E+00 -0.1011333E+00 -0.4683965E-02  0.0000000E+00
 -0.1577852E+01 -0.2195982E+00 -0.5435551E-01  0.0000000E+00
  0.2278821E+01  0.1474859E+00  0.3195106E-01  0.0000000E+00
 -0.4615773E+01 -0.1969172E+00 -0.8062603E-01  0.0000000E+00
 -0.4341076E+00  0.4514068E+00  0.2698960E+00  0.0000000E+00
 -0.9317676E+01 -0.2204277E+01 -0.4333023E+00  0.0000000E+00
  0.6821405E+01  0.1952313E+01  0.1307359E+01  0.0000000E+00
 -0.7756267E+00  0.4839530E+00  0.7473481E+00  0.0000000E+00
 -0.1444005E+01 -0.2344104E+01  0.3027928E+00  0.0000000E+00
  0.7553368E+00  0.4322478E+01  0.1265554E+01  0.0000000E+00
  0.2034660E+01  0.8194768E+01  0.1824011E+01  0.0000000E+00
  0.4292283E+00 -0.1248352E+00  0.2476443E-03  0.0000000E+00
 -0.2545673E+01  0.3767741E+00  0.1463247E-01  0.0000000E+00
  0.1690978E+01 -0.4144883E+00  0.3820407E-01  0.0000000E+00
  0.2475652E+01  0.7590362E+00  0.4208776E-01  0.0000000E+00
 -0.4112928E+01 -0.2178620E+01 -0.6012239E-01  0.0000000E+00
 -0.5024693E+01  0.2611925E+01 -0.2662258E+00  0.0000000E+00
 -0.6675274E+01 -0.2547085E+00 -0.7771974E+00  0.0000000E+00
  0.1941814E+01 -0.6558344E+00  0.7819039E+00  0.0000000E+00
  0.1940226E+01  0.1956692E+01 -0.3158170E+00  0.0000000E+00
 -0.3133243E+01  0.6519542E+01 -0.9828431E+00  0.0000000E+00
 -0.6103085E+01  0.9219139E+01 -0.1385666E+01  0.0000000E+00
 -0.6980361E+01  0.2707291E+00  0.8910962E+00  0.0000000E+00
 -0.2742899E+01 -0.5117294E+01  0.2833840E+00  0.0000000E+00
  0.7620310E+01  0.1216920E+02 -0.7333141E+00  0.0000000E+00
  0.2844688E+02  0.2117584E+02  0.2174462E+01  0.0000000E+00
  0.8674733E+01  0.2434949E+02  0.2947971E+01  0.0000000E+00
 -0.7488280E+00 -0.3986020E+01  0.3189873E+00  0.0000000E+00
 -0.4466669E+01 -0.7840127E+01  0.3176718E+01  0.0000000E+00
 -0.1329300E+02  0.7377767E+00  0.1306537E+01  0.0000000E+00
 -0.1450044E+02 -0.6688444E+01  0.4227181E+01  0.0000000E+00
 -0.7172412E+01 -0.1748006E+02  0.3745076E+01  0.0000000E+00
 -0.2896845E+01 -0.2388124E+02  0.3495046E+01  0.0000000E+00
 -0.4807489E+01 -0.2078993E+01 -0.1615438E+00  0.0000000E+00
  0.3668610E+01 -0.3074618E+01 -0.4895137E-01  0.0000000E+00
 -0.5345564E+01  0.7851872E+01 -0.1790144E+01  0.0000000E+00
  0.4169280E+02  0.2381913E+01  0.4122220E+01  0.0000000E+00
 -0.1750378E+02  0.3531075E+01 -0.5318255E+00  0.0000000E+00
  0.1402560E+02  0.8315770E+01  0.1052335E+01  0.0000000E+00
 -0.8389843E+01 -0.9696470E+01 -0.1217745E+01  0.0000000E+00
  0.5043866E+01  0.5425524E+01 -0.9621094E+00  0.0000000E+00
  0.3416649E+01 -0.2516873E+01 -0.2993888E+01  0.0000000E+00
  0.1404187E+01 -0.8415068E+01 -0.3215238E+01  0.0000000E+00
  0.2069714E+00 -0.1195594E+02 -0.3367881E+01  0.0000000E+00
  0.8683488E+01  0.4945294E+01  0.6618644E+00  0.0000000E+00
 -0.2599549E+00 -0.1059649E+02 -0.1713899E+01  0.0000000E+00
  0.3879551E+01  0.1706502E+02  0.2302321E+01  0.0000000E+00
 -0.2527672E+02 -0.2451220E+02 -0.6083348E+01  0.0000000E+00
  0.1810145E+02 -0.4102898E+00  0.3181301E+01  0.0000000E+00
 -0.2493836E+01 -0.1113421E+01 -0.1514427E+01  0.0000000E+00
  0.2002628E+02 -0.3842108E+01 -0.2488873E+01  0.0000000E+00
 -0.3785672E-01  0.4303021E+01  0.1666224E+01  0.0000000E+00
  0.1276473E+01 -0.2605661E+01 -0.2225290E+00  0.0000000E+00
  0.4261739E+01  0.2138290E+01 -0.2221043E+01  0.0000000E+00
  0.6023902E+01  0.4840356E+01 -0.3411519E+01  0.0000000E+00
  0.5236100E+00  0.3134232E-01  0.1628711E-02  0.0000000E+00
 -0.5513287E+00  0.1385788E+00 -0.1523517E-01  0.0000000E+00
  0.1439878E+01 -0.5273948E-01  0.1032855E+00  0.0000000E+00
  0.4948332E+00  0.8018193E+00 -0.1736608E+00  0.0000000E+00
 -0.1804379E+01 -0.2258826E+01  0.3849254E+00  0.0000000E+00
  0.3070013E+01  0.4646290E+01 -0.2909170E+00  0.0000000E+00
 -0.9251868E+01 -0.9656576E+00  0.1956614E+01  0.0000000E+00
 -0.6784394E+01 -0.2608097E+01 -0.2104681E+01  0.0000000E+00
 -0.1835113E+01 -0.2344895E+01 -0.2535541E+01  0.0000000E+00
 -0.6339082E+00  0.7057133E+01  0.9865969E+00  0.0000000E+00
  0.1245170E+00  0.1256633E+02  0.3043365E+01  0.0000000E+00
 -0.3017472E+00  0.2683921E+00 -0.5703100E-02  0.0000000E+00
  0.1741576E+01 -0.5300170E+00  0.1547914E-01  0.0000000E+00
 -0.6430962E+00  0.1002143E+01 -0.1018289E+00  0.0000000E+00
  0.2941437E+01 -0.1373542E+01  0.9592283E-01  0.0000000E+00
  0.4791526E+00  0.2941878E+01 -0.4659250E-01  0.0000000E+00
 -0.5525450E+01 -0.3732098E+01 -0.3675933E+00  0.0000000E+00
  0.1634582E+02  0.3391139E-01 -0.1454958E+01  0.0000000E+00
 -0.7540296E+00  0.3667542E+01 -0.1396293E+00  0.0000000E+00
  0.2092714E+01 -0.1492348E+01  0.2087886E+01  0.0000000E+00
  0.2738305E+01 -0.2465564E+01  0.1175988E+01  0.0000000E+00
  0.3148016E+01 -0.3091727E+01  0.6662285E+00  0.0000000E+00
 -0.6237490E+00  0.2932223E-01 -0.3664541E-02  0.0000000E+00
  0.7612922E+00  0.2365548E+00 -0.2840089E-01  0.0000000E+00
  0.1718359E+00 -0.2724193E+00  0.1110866E+00  0.0000000E+00
 -0.2475526E+01 -0.3418622E+00 -0.1733572E+00  0.0000000E+00
  0.1570426E+01  0.2342167E+01  0.2312388E+00  0.0000000E+00
 -0.4473524E+01 -0.2182645E+01 -0.7281021E+00  0.0000000E+00
 -0.5737767E+01  0.1975538E+01  0.1432571E+01  0.0000000E+00
 -0.1219568E+01 -0.3899615E+01 -0.9147686E+00  0.0000000E+00
 -0.3644039E+01 -0.2507223E+00 -0.1550599E+01  0.0000000E+00
 -0.7805589E+00  0.6553507E+01  0.7864028E-02  0.0000000E+00
  0.8679961E+00  0.1057910E+02  0.9131657E+00  0.0000000E+00
 -0.8032926E+00 -0.1525900E+00 -0.2269325E-01  0.0000000E+00
 -0.1299150E+00 -0.2211956E+00  0.8865034E-01  0.0000000E+00
 -0.7372557E+00  0.3263022E-01 -0.1857566E+00  0.0000000E+00
 -0.9719013E+00 -0.6638420E+00  0.3053931E+00  0.0000000E+00
  0.1120004E+01  0.2737731E+00 -0.3832376E+00  0.0000000E+00
  0.4112965E+00  0.2131635E+01  0.7653838E+00  0.0000000E+00
  0.1640568E+01 -0.2215581E+01 -0.1013825E+01  0.0000000E+00
 -0.4686428E+00 -0.1593942E+01  0.5906286E-01  0.0000000E+00
  0.8410287E+01  0.4663402E+01  0.4833972E+00  0.0000000E+00
  0.3795311E+01  0.3066476E+01 -0.9544358E-01  0.0000000E+00
  0.1193331E+01  0.2199210E+01 -0.4299689E+00  0.0000000E+00
  0.4098981E+00  0.2102270E-01  0.5705442E-02  0.0000000E+00
 -0.1062301E+01 -0.6706945E+00 -0.3519416E-01  0.0000000E+00
  0.4965374E+00  0.7545579E+00  0.5601849E-01  0.0000000E+00
  0.2819445E+00 -0.1158328E+01 -0.1007951E+00  0.0000000E+00
 -0.1632623E+01  0.7245699E-01  0.1799929E+00  0.0000000E+00
  0.2845503E+01 -0.9447824E+00 -0.2716103E+00  0.0000000E+00
  0.3305721E+01  0.6197766E+00  0.1010647E+00  0.0000000E+00
 -0.9048690E+00  0.1482724E+01 -0.6222109E-01  0.0000000E+00
 -0.2648592E+01  0.2222811E+01 -0.1243740E+01  0.0000000E+00
 -0.2283748E+01  0.5719512E+00 -0.7025742E+00  0.0000000E+00
 -0.2090323E+01 -0.3866136E+00 -0.3990879E+00  0.0000000E+00
  0.8728111E+00 -0.2934132E-01 -0.4578039E-03  0.0000000E+00
 -0.1464550E+01 -0.5829325E-01  0.5926019E-02  0.0000000E+00
  0.2388370E+01  0.2248708E+00 -0.9174567E-03  0.0000000E+00
 -0.4288591E+01 -0.1012044E+00  0.4623594E-01  0.0000000E+00
  0.2706501E+01  0.9575991E+00 -0.5744605E-01  0.0000000E+00
 -0.8451440E+00 -0.5362106E+00  0.4060579E+00  0.0000000E+00
 -0.9465780E+01  0.2863976E+01 -0.1194749E+01  0.0000000E+00
 -0.3939299E-01 -0.3164224E+01  0.1808794E+00  0.0000000E+00
 -0.8952120E+01  0.3327131E+01  0.1597974E+00  0.0000000E+00
 -0.6675651E+01  0.7503963E+01  0.1724104E+00  0.0000000E+00
 -0.5443452E+01  0.1002133E+02  0.1794697E+00  0.0000000E+00
  0.2005052E+01 -0.3866281E+01 -0.1530141E+01  0.0000000E+00
  0.5580282E+01 -0.1405962E+01  0.1915156E+01  0.0000000E+00
  0.2480796E+01  0.4530297E+01 -0.2364742E+01  0.0000000E+00
 -0.1976171E+01  0.3846185E+01  0.5225857E+01  0.0000000E+00
 -0.1936167E+02 -0.3305847E+02 -0.3640666E+01  0.0000000E+00
 -0.4987242E+01  0.1684137E+01  0.1309368E+01  0.0000000E+00
 -0.7059150E+01 -0.4959972E+01  0.1147229E+01  0.0000000E+00
 -0.5535037E+01 -0.4449440E+01  0.6447906E+00  0.0000000E+00
 -0.8259945E+01 -0.1375949E-01 -0.1036792E+01  0.0000000E+00
  0.1228622E+01  0.9330726E+01 -0.3292952E+01  0.0000000E+00
  0.6752603E+01  0.1484975E+02 -0.4632357E+01  0.0000000E+00
  0.1339789E+01 -0.7807526E+00 -0.1037036E+01  0.0000000E+00
  0.5375390E+01 -0.6610887E+01  0.1518356E+01  0.0000000E+00
 -0.3280560E+01  0.1419600E+02 -0.1532234E+01  0.0000000E+00
  0.1493037E+02  0.4247114E+01  0.7588593E+01  0.0000000E+00
  0.8696039E+01 -0.1984049E+02 -0.4163810E+01  0.0000000E+00
 -0.5584512E+01  0.2430762E+01  0.1523657E+01  0.0000000E+00
 -0.1569025E+01 -0.1212267E+02  0.2590337E+00  0.0000000E+00
 -0.8761758E+01 -0.8872010E+01 -0.2456581E+00  0.0000000E+00
  0.3818497E+01 -0.5868849E+01  0.1249072E+01  0.0000000E+00
  0.6850150E+01  0.3235291E+01  0.5179887E+00  0.0000000E+00
  0.8763131E+01  0.8599800E+01  0.1064529E+00  0.0000000E+00
 -0.5032276E+01  0.4846668E+01  0.3324014E-01  0.0000000E+00
  0.5172369E+01 -0.5044353E+01  0.1044138E+01  0.0000000E+00
 -0.1539193E+01  0.4888352E+01  0.9523075E+00  0.0000000E+00
  0.2648977E+01 -0.3929181E+01 -0.2423853E+01  0.0000000E+00
 -0.1293340E+02 -0.8843581E+01  0.1684568E+01  0.0000000E+00
 -0.7644682E+01 -0.3916159E+01 -0.9678152E-01  0.0000000E+00
 -0.5907770E+01 -0.3039938E+01  0.1166180E+01  0.0000000E+00
 -0.1242227E+02 -0.1002504E+01  0.9340339E+00  0.0000000E+00
 -0.5076000E+01  0.1914290E+00  0.1305100E+01  0.0000000E+00
  0.4133208E+01 -0.5009925E+01  0.2018097E+00  0.0000000E+00
  0.9606580E+01 -0.8041522E+01 -0.4397129E+00  0.0000000E+00
 -0.9727162E+00  0.1748684E+00  0.1495211E-01  0.0000000E+00
  0.4012193E+00  0.1035832E+00 -0.2254044E-01  0.0000000E+00
  0.2340468E+01 -0.3831764E+00  0.9521444E-03  0.0000000E+00
 -0.1973905E+01  0.3480255E+00 -0.6258034E-01  0.0000000E+00
  0.4326317E+01 -0.1922940E+01  0.7675223E-01  0.0000000E+00
 -0.1122257E+01  0.4061462E+01  0.2508729E+00  0.0000000E+00
  0.2153140E+01 -0.4057516E+01  0.8033024E+00  0.0000000E+00
  0.1005481E+02  0.3814392E+01  0.1233416E+01  0.0000000E+00
  0.5905261E+01 -0.4416406E+00 -0.4898184E+00  0.0000000E+00
 -0.4405404E+01 -0.5632078E+01 -0.1322839E+01  0.0000000E+00
 -0.1048830E+02 -0.8717206E+01 -0.1830261E+01  0.0000000E+00
  0.1282575E-02  0.1288991E+00  0.1718566E-01  0.0000000E+00
 -0.4270537E+00 -0.2096671E+00 -0.1877520E-01  0.0000000E+00
  0.8266715E+00  0.3551242E+00 -0.2930695E-01  0.0000000E+00
 -0.2300684E+01 -0.9443232E+00  0.6895622E-01  0.0000000E+00
  0.4072972E+01  0.1469870E+01  0.5124334E-02  0.0000000E+00
 -0.2844336E+01 -0.5038383E+01 -0.9733402E+00  0.0000000E+00
  0.2818170E+01 -0.1009602E+01 -0.1036031E+01  0.0000000E+00
 -0.6266439E+01 -0.5616777E+01 -0.6552571E+00  0.0000000E+00
  0.5559478E+01  0.2483781E+01 -0.4834960E+00  0.0000000E+00
  0.1411439E+02 -0.2665353E+01 -0.2520856E+01  0.0000000E+00
  0.1925478E+02 -0.5589944E+01 -0.3711723E+01  0.0000000E+00
  0.8769612E+00  0.3904517E-01 -0.9003932E-02  0.0000000E+00
 -0.7858673E+00  0.2999013E+00  0.3282364E-02  0.0000000E+00
 -0.2800182E+00 -0.3222725E+00 -0.3215081E-01  0.0000000E+00
  0.1174671E+01  0.8113514E+00 -0.3569756E-01  0.0000000E+00
 -0.1239096E+01 -0.1224511E+01  0.4848831E-01  0.0000000E+00
 -0.4597508E+01 -0.1489879E+01 -0.6543892E+00  0.0000000E+00
  0.2498881E+01  0.9780457E-01  0.1269653E-02  0.0000000E+00
  0.7823873E+01  0.3915815E+01 -0.9224697E+00  0.0000000E+00
 -0.5791113E+00  0.1829295E+01 -0.6646691E-01  0.0000000E+00
 -0.2948514E+01 -0.9089101E+01 -0.6834878E+00  0.0000000E+00
 -0.4428705E+01 -0.1550599E+02 -0.1035429E+01  0.0000000E+00
 -0.4337344E+00 -0.2050219E+00 -0.3980197E-04  0.0000000E+00
  0.2642948E+00  0.4160757E+00  0.4182843E-01  0.0000000E+00
 -0.1182411E+01 -0.4000358E+00 -0.1190196E+00  0.0000000E+00
  0.3548509E+01  0.1139943E+01  0.1648377E+00  0.0000000E+00
 -0.4019053E+01 -0.1342162E+01 -0.3706477E+00  0.0000000E+00
  0.1548889E+01  0.3100770E+01  0.5039357E+00  0.0000000E+00
 -0.2102837E+01 -0.5341838E+00 -0.1134296E+01  0.0000000E+00
  0.5467375E+01  0.3370641E+00 -0.4708259E-01  0.0000000E+00
 -0.2714850E+01 -0.3217074E+01  0.1383583E+00  0.0000000E+00
 -0.1005396E+02 -0.3508558E+01 -0.2342774E+00  0.0000000E+00
 -0.1444223E+02 -0.3717712E+01 -0.4504179E+00  0.0000000E+00
 -0.2135334E+00 -0.1007482E+00 -0.7361595E-02  0.0000000E+00
 -0.1128472E+01  0.2392784E+00 -0.4377286E-01  0.0000000E+00
  0.1664934E+01 -0.3484320E+00  0.1176184E+00  0.0000000E+00
 -0.4067822E+01  0.6852122E+00 -0.1034976E+00  0.0000000E+00
  0.7216215E+01 -0.4814207E+00  0.2783474E+00  0.0000000E+00
 -0.1196041E+01  0.1449667E+01 -0.7105219E+00  0.0000000E+00
  0.1062810E+01 -0.2133383E+01  0.4622419E+00  0.0000000E+00
 -0.3252219E+00  0.1716542E+01  0.1435920E+01  0.0000000E+00
 -0.2088406E+01  0.1119847E+01 -0.9465384E-01  0.0000000E+00
 -0.1254549E+01 -0.5252418E+00 -0.1479450E+01  0.0000000E+00
 -0.7863312E+00 -0.1495756E+01 -0.2307335E+01  0.0000000E+00
  0.1323594E+01 -0.3655585E-01 -0.1472813E-01  0.0000000E+00
 -0.1927797E+01 -0.4014080E+00  0.3145632E-01  0.0000000E+00
  0.3409795E+01  0.3562141E+00 -0.6484683E-01  0.0000000E+00
 -0.6919686E+01 -0.1279229E+01  0.1538366E+00  0.0000000E+00
  0.4897356E+01  0.1599339E+01 -0.3434893E+00  0.0000000E+00
 -0.5639900E+01 -0.2048689E+01  0.9440890E+00  0.0000000E+00
  0.1946979E+01  0.1031791E+01 -0.7554570E+00  0.0000000E+00
  0.4088885E+01 -0.1132916E+01 -0.5892329E+00  0.0000000E+00
 -0.4177188E+01 -0.3235578E+01  0.2400749E+00  0.0000000E+00
 -0.3178760E+01 -0.1720719E+00  0.1243428E+00  0.0000000E+00
 -0.2686305E+01  0.1598289E+01  0.6593801E-01  0.0000000E+00
