  3  2   693 10944  4  4  9 11  7  1    0.00   24.00  100.00  600.00    0.00    6.28   45.00   45.00
  100.0  100.0  100.0  100.0  125.0  150.0  190.0  230.0  275.0  350.0  450.0  600.0  600.0  600.0  600.0
  0.2316401E+03 -0.4375426E+02 -0.4491103E+00  0.0000000E+00
  0.3494952E+03  0.1471185E+02  0.1262108E+02  0.0000000E+00
  0.4031623E+03  0.1098702E+02 -0.1991243E+01  0.0000000E+00
  0.9597023E+03 -0.2319131E+02  0.2850209E+01  0.0000000E+00
  0.1613613E+04 -0.8347242E+02 -0.8647451E+01  0.0000000E+00
  0.1792808E+04  0.8155782E+01 -0.4979470E+02  0.0000000E+00
  0.2010764E+04 -0.2850944E+02  0.6197523E+02  0.0000000E+00
  0.2291368E+04 -0.7481734E+01  0.1370156E+03  0.0000000E+00
  0.2596063E+04 -0.4028881E+02  0.1157438E+03  0.0000000E+00
  0.2662817E+04 -0.4801567E+02  0.7428609E+02  0.0000000E+00
  0.2705287E+04 -0.5288110E+02  0.4977417E+02  0.0000000E+00
  0.1869974E+01 -0.2119432E+02 -0.3178199E+01  0.0000000E+00
  0.2472612E+02 -0.3117526E+02  0.2800472E+01  0.0000000E+00
 -0.8292863E+02  0.3307295E+02 -0.4616936E+01  0.0000000E+00
  0.9764292E+02 -0.1486721E+03 -0.2193756E+01  0.0000000E+00
 -0.2338280E+03  0.1768064E+02  0.3008350E+02  0.0000000E+00
 -0.2341359E+03 -0.4822887E+02 -0.3133397E+02  0.0000000E+00
 -0.2317645E+03  0.6460384E+02 -0.7568604E+01  0.0000000E+00
 -0.4154966E+03  0.6771467E+02 -0.5065252E+02  0.0000000E+00
 -0.5328997E+03  0.8394566E+02 -0.3026451E+02  0.0000000E+00
 -0.4599872E+03  0.5886440E+02 -0.4387527E+01  0.0000000E+00
 -0.4186260E+03  0.4437506E+02  0.1098936E+02  0.0000000E+00
  0.8265731E+00  0.1451452E+02  0.2171732E+01  0.0000000E+00
  0.1824545E+01 -0.4624350E+01  0.8051418E+01  0.0000000E+00
  0.1339215E+02  0.1684896E+02 -0.5181658E+01  0.0000000E+00
  0.4494320E+02 -0.2505765E+02  0.2234951E+02  0.0000000E+00
 -0.3554059E+02 -0.2908561E+02 -0.1295523E+01  0.0000000E+00
 -0.4931609E+02  0.2575168E+01  0.2637304E+02  0.0000000E+00
  0.4387970E+02 -0.6354033E+02 -0.3244543E+02  0.0000000E+00
  0.1872613E+03  0.2048183E+02  0.3593557E+02  0.0000000E+00
  0.1265446E+03 -0.5108564E+02  0.2667143E+01  0.0000000E+00
 -0.1690358E+02 -0.8305119E+02 -0.3191891E+02  0.0000000E+00
 -0.1015706E+03 -0.1025521E+03 -0.5253720E+02  0.0000000E+00
 -0.1507785E+00  0.4810150E+00  0.1558719E+00  0.0000000E+00
  0.3711929E+01 -0.1998871E+01 -0.8283394E+00  0.0000000E+00
 -0.2383974E+01  0.3335234E+01  0.1447699E+01  0.0000000E+00
  0.9140107E+01 -0.5336435E+01 -0.2379853E+01  0.0000000E+00
 -0.5607911E+01  0.7542337E+01  0.3499813E+01  0.0000000E+00
 -0.1642098E+02  0.4724073E+01 -0.1763831E+01  0.0000000E+00
 -0.9700739E+02  0.3827979E+02  0.3543787E+01  0.0000000E+00
 -0.2493623E+02  0.2007938E+02 -0.1545154E+02  0.0000000E+00
 -0.3078612E+02 -0.1229442E+02 -0.6027986E+01  0.0000000E+00
 -0.1116108E+03 -0.1175057E+02  0.3400055E+02  0.0000000E+00
 -0.1590116E+03 -0.1178723E+02  0.5754228E+02  0.0000000E+00
 -0.1945007E+00  0.1995980E+00 -0.7415279E-01  0.0000000E+00
  0.3843468E+01 -0.5801599E+00  0.3408598E+00  0.0000000E+00
 -0.3897429E+01  0.8365351E+00 -0.6268258E+00  0.0000000E+00
 -0.1606492E+01 -0.1289767E+01  0.9796611E+00  0.0000000E+00
  0.6380005E+01  0.2269952E+01 -0.1537069E+01  0.0000000E+00
  0.2700042E+02 -0.3184272E+01  0.1116432E+01  0.0000000E+00
  0.6729981E+02 -0.4659483E+01 -0.3989155E+02  0.0000000E+00
  0.1301437E+03 -0.1261225E+01 -0.3032837E+02  0.0000000E+00
  0.1035632E+03 -0.3328010E+00 -0.3820622E+02  0.0000000E+00
  0.1009542E+03 -0.1128441E+02 -0.4047329E+02  0.0000000E+00
  0.9912081E+02 -0.1767371E+02 -0.4188304E+02  0.0000000E+00
 -0.4671489E+00  0.1723888E+00  0.1439881E-01  0.0000000E+00
 -0.3879182E+01  0.6855719E-01 -0.2905637E-01  0.0000000E+00
 -0.6668239E+00  0.1160096E-01  0.7872711E-01  0.0000000E+00
 -0.5965349E+01 -0.4792214E+00 -0.1606500E+00  0.0000000E+00
 -0.1323822E+01  0.2934369E+01  0.1330188E+01  0.0000000E+00
  0.1335182E+00 -0.2215889E+02 -0.8844452E+01  0.0000000E+00
  0.5006817E+01  0.2634755E+02  0.9816800E+01  0.0000000E+00
 -0.4134994E+02  0.3015588E+01 -0.6163254E+01  0.0000000E+00
  0.4425970E+02  0.5873765E+01  0.7387743E+01  0.0000000E+00
  0.4059161E+02  0.1352615E+02  0.2456974E+01  0.0000000E+00
  0.3939218E+02  0.1803434E+02 -0.2787076E+00  0.0000000E+00
 -0.2629662E+00  0.4819583E-01 -0.1441363E+00  0.0000000E+00
 -0.3233445E+01 -0.7027472E+00  0.8087582E+00  0.0000000E+00
  0.8481114E+00  0.1493060E+01 -0.1421061E+01  0.0000000E+00
  0.4569544E+01 -0.2779635E+01  0.2390755E+01  0.0000000E+00
 -0.6144018E+01  0.6178006E+01 -0.4471820E+01  0.0000000E+00
 -0.2160056E+02 -0.2280053E+02  0.8424058E+01  0.0000000E+00
 -0.1085313E+02  0.4229898E+02  0.8311884E+01  0.0000000E+00
 -0.7724239E+02 -0.3426636E+02  0.9931619E+01  0.0000000E+00
 -0.6472086E+02 -0.4076239E+02  0.8216457E+01  0.0000000E+00
 -0.4054671E+02 -0.2614482E+02  0.1038341E+02  0.0000000E+00
 -0.2625815E+02 -0.1766839E+02  0.1163322E+02  0.0000000E+00
  0.6188671E+00  0.1026046E-01 -0.3270441E-01  0.0000000E+00
  0.6335713E+01 -0.3386522E+00  0.1642559E+00  0.0000000E+00
 -0.6115508E+01  0.6621108E+00 -0.3236347E+00  0.0000000E+00
  0.1150010E+02 -0.1062754E+01  0.5959085E+00  0.0000000E+00
 -0.7621121E+01  0.1158645E+01 -0.1676284E+01  0.0000000E+00
  0.1492764E+02  0.5793151E-02  0.7424139E+01  0.0000000E+00
 -0.9205152E+01 -0.2210729E+01  0.1766743E+00  0.0000000E+00
  0.1400339E+02  0.1373952E+02  0.1433043E+02  0.0000000E+00
 -0.1944871E+02  0.6205072E+01  0.9104451E+01  0.0000000E+00
 -0.1637169E+02 -0.1297568E+02 -0.4401328E+01  0.0000000E+00
 -0.1493989E+02 -0.2429049E+02 -0.1236840E+02  0.0000000E+00
 -0.5071053E+00  0.9809189E-02  0.6671765E-01  0.0000000E+00
  0.2422844E+01 -0.2645325E+00 -0.3146792E+00  0.0000000E+00
 -0.4604396E+00  0.4087158E+00  0.5093273E+00  0.0000000E+00
  0.2027996E+01 -0.5644508E+00 -0.8129799E+00  0.0000000E+00
 -0.8210254E+01  0.1957921E+00  0.1441332E+01  0.0000000E+00
  0.1758123E+02  0.1016448E+02 -0.2213925E+01  0.0000000E+00
 -0.6327247E+01 -0.1360131E+02 -0.9529489E+01  0.0000000E+00
  0.2529109E+02 -0.4839874E+01 -0.2884609E+01  0.0000000E+00
  0.4878624E+02 -0.1128998E+02 -0.7659303E+01  0.0000000E+00
  0.1194931E+02 -0.2714170E+01 -0.5511088E+01  0.0000000E+00
 -0.9351385E+01  0.2235012E+01 -0.4306194E+01  0.0000000E+00
  0.1594786E+02 -0.2786384E+02 -0.2286504E+00  0.0000000E+00
 -0.2762989E+02 -0.8624264E+01  0.4453457E+01  0.0000000E+00
  0.2812058E+01  0.1835027E+02 -0.1013775E+02  0.0000000E+00
 -0.5805248E+02 -0.8021906E+02  0.6458214E+01  0.0000000E+00
 -0.2936700E+03 -0.2884450E+02  0.2958704E+02  0.0000000E+00
 -0.3635993E+03  0.3053252E+02  0.4240951E+02  0.0000000E+00
 -0.4217758E+03 -0.1796845E+02  0.5961068E+02  0.0000000E+00
 -0.5638515E+03 -0.2499062E+02 -0.4234394E+01  0.0000000E+00
 -0.5349037E+03  0.1262657E+02 -0.1668999E+02  0.0000000E+00
 -0.4343267E+03 -0.3993325E+02 -0.9832378E+01  0.0000000E+00
 -0.3751112E+03 -0.7029119E+02 -0.5960084E+01  0.0000000E+00
  0.8816604E+01 -0.4245891E+02 -0.1440583E+01  0.0000000E+00
  0.3620004E+01 -0.3283027E+02 -0.4458399E+01  0.0000000E+00
  0.3503665E+02  0.1479140E+02  0.3266124E+01  0.0000000E+00
 -0.4512950E+02 -0.7992940E+02 -0.1340821E+02  0.0000000E+00
 -0.2225745E+02  0.6945631E+02 -0.1142407E+02  0.0000000E+00
 -0.1242056E+03 -0.1161805E+02 -0.3239203E+02  0.0000000E+00
 -0.5048468E+02 -0.4510725E+02 -0.4903991E+02  0.0000000E+00
 -0.1855409E+03 -0.1489773E+02 -0.1727487E+02  0.0000000E+00
 -0.2187705E+03 -0.4147385E+02  0.4792079E+01  0.0000000E+00
 -0.2646389E+03  0.4445287E+02  0.1870844E+01  0.0000000E+00
 -0.2918971E+03  0.9446858E+02  0.4101991E+00  0.0000000E+00
  0.2960574E+01 -0.2077032E+01  0.4103051E+00  0.0000000E+00
  0.2259022E+02 -0.2432415E+02  0.1182740E+02  0.0000000E+00
 -0.2620671E+02 -0.1489974E+02 -0.1436279E+02  0.0000000E+00
 -0.3203275E+02  0.2904781E+02  0.1737933E+02  0.0000000E+00
  0.1714639E+03 -0.2570499E+02  0.1704113E+02  0.0000000E+00
  0.1465568E+02  0.3122035E+02  0.1578033E+02  0.0000000E+00
  0.1126577E+03 -0.3490576E+02  0.6220960E+02  0.0000000E+00
  0.1143364E+03 -0.7202916E+01  0.1921234E+02  0.0000000E+00
  0.5285620E+02 -0.1801885E+02  0.1720863E+02  0.0000000E+00
  0.4821293E+02 -0.1394424E-01 -0.3379926E+01  0.0000000E+00
  0.4483474E+02  0.1041261E+02 -0.1545812E+02  0.0000000E+00
 -0.3379543E+00 -0.1806540E+00 -0.1240649E+00  0.0000000E+00
  0.2435227E+01  0.1644554E+01  0.7487910E+00  0.0000000E+00
  0.3788106E+01 -0.3081016E+01 -0.1263323E+01  0.0000000E+00
 -0.8043028E+01  0.5411608E+01  0.2116766E+01  0.0000000E+00
  0.3415263E+02 -0.9759420E+01 -0.3766637E+01  0.0000000E+00
 -0.1799779E+02  0.1785093E+02  0.4655812E+01  0.0000000E+00
 -0.3541512E+02  0.4153162E+02 -0.1321406E+02  0.0000000E+00
  0.4965984E+02  0.5918666E+02 -0.5988894E+01  0.0000000E+00
 -0.1759274E+02  0.3579520E+02 -0.2175328E+02  0.0000000E+00
 -0.6891506E+02  0.2982090E+02 -0.3032030E+02  0.0000000E+00
 -0.9971896E+02  0.2606214E+02 -0.3551132E+02  0.0000000E+00
 -0.1073561E+01 -0.2392245E+00  0.2095914E+00  0.0000000E+00
 -0.3949014E+01  0.1123919E+01 -0.1135026E+01  0.0000000E+00
  0.9512285E+01 -0.2030957E+01  0.1997295E+01  0.0000000E+00
 -0.9328010E+01  0.3058335E+01 -0.3490352E+01  0.0000000E+00
 -0.1802012E+02 -0.4759533E+01  0.6875553E+01  0.0000000E+00
  0.2257739E+01  0.2045594E+01 -0.1883767E+02  0.0000000E+00
  0.1066616E+03 -0.6404790E+02 -0.9630497E+01  0.0000000E+00
  0.8443321E+02 -0.3534260E+02 -0.1216332E+02  0.0000000E+00
  0.1565305E+03 -0.1436042E+02 -0.3180586E+01  0.0000000E+00
  0.1408354E+03 -0.5812335E+00  0.6566800E+01  0.0000000E+00
  0.1324480E+03  0.7719905E+01  0.1237292E+02  0.0000000E+00
  0.1605300E+01  0.6759703E+00  0.1216533E+00  0.0000000E+00
 -0.2673389E+00 -0.3286061E+01 -0.6608432E+00  0.0000000E+00
 -0.4153637E+01  0.5971217E+01  0.1200192E+01  0.0000000E+00
  0.6490936E+00 -0.9849298E+01 -0.1996337E+01  0.0000000E+00
  0.2071702E+02  0.1827870E+02  0.3820233E+01  0.0000000E+00
 -0.1858861E+01 -0.3651277E+02 -0.7349012E+01  0.0000000E+00
  0.4194595E+02  0.1355255E+02  0.6034559E+01  0.0000000E+00
  0.1948220E+02 -0.1723561E+02  0.5928194E+01  0.0000000E+00
  0.4546788E+02 -0.2618188E+02  0.4812812E+01  0.0000000E+00
  0.5703811E+02 -0.2875221E+02 -0.6074045E+01  0.0000000E+00
  0.6409543E+02 -0.3035448E+02 -0.1246143E+02  0.0000000E+00
  0.1820423E+01 -0.4047849E-01 -0.1708528E-01  0.0000000E+00
  0.2527714E+01  0.3669803E+00  0.1179772E+00  0.0000000E+00
 -0.1227298E+02 -0.5971914E+00 -0.1408301E+00  0.0000000E+00
  0.9361836E+01  0.1427629E+01  0.3517340E+00  0.0000000E+00
 -0.1345621E+01 -0.2847716E+01 -0.1687263E+01  0.0000000E+00
 -0.2132280E+02  0.7239038E+01  0.1007725E+02  0.0000000E+00
  0.1157032E+02  0.3281172E-01  0.2297185E+02  0.0000000E+00
 -0.5622163E+02  0.5028978E+02  0.3910171E+01  0.0000000E+00
 -0.3866769E+02  0.4151085E+01  0.2773878E+01  0.0000000E+00
 -0.1843962E+02  0.7509134E+01  0.9797285E+01  0.0000000E+00
 -0.6415535E+01  0.8965607E+01  0.1389803E+02  0.0000000E+00
 -0.4519899E+00 -0.1218419E+00 -0.2331807E-01  0.0000000E+00
 -0.5113031E+01  0.1273662E+01  0.1464334E+00  0.0000000E+00
  0.7259730E+01 -0.2412767E+01 -0.3426344E+00  0.0000000E+00
 -0.5252531E+01  0.3775126E+01  0.6003968E+00  0.0000000E+00
 -0.7643218E+01 -0.7308524E+01 -0.1342193E+01  0.0000000E+00
  0.1299397E+02  0.1409059E+02  0.4837475E+01  0.0000000E+00
 -0.6152288E+02  0.1073282E+02  0.3399727E+01  0.0000000E+00
 -0.4651880E+01 -0.1202606E+02  0.4934686E+00  0.0000000E+00
 -0.2119900E+02  0.4030540E+01 -0.5859549E+01  0.0000000E+00
 -0.1033003E+02  0.1339619E+02 -0.1232060E+01  0.0000000E+00
 -0.4142861E+01  0.1905616E+02  0.1407443E+01  0.0000000E+00
  0.3130968E-02  0.2370587E-01  0.4909825E-02  0.0000000E+00
 -0.1535533E+01 -0.3007185E+00 -0.3448055E-01  0.0000000E+00
  0.5638527E+01  0.5876358E+00  0.7484458E-01  0.0000000E+00
 -0.4957929E+01 -0.9376539E+00 -0.2178984E+00  0.0000000E+00
 -0.4238701E+01  0.1541265E+01  0.1181957E+01  0.0000000E+00
 -0.2054948E+02 -0.2434785E+01 -0.6769875E+01  0.0000000E+00
  0.2302783E+02  0.1488823E+02 -0.5317428E+01  0.0000000E+00
  0.5141688E+02 -0.2838227E+02 -0.1211852E+00  0.0000000E+00
  0.5326773E+02 -0.2324264E+02  0.4961042E+00  0.0000000E+00
  0.2648169E+02 -0.5879767E+01 -0.4250155E+01  0.0000000E+00
  0.1081601E+02  0.4346449E+01 -0.7023731E+01  0.0000000E+00
 -0.8819446E+01  0.6913317E+01  0.3113284E+01  0.0000000E+00
 -0.1836701E+02  0.1352619E+01  0.1467694E+01  0.0000000E+00
  0.4660468E+01  0.1321448E+02 -0.6918954E+01  0.0000000E+00
 -0.2874720E+02  0.2365654E+02  0.4182396E+01  0.0000000E+00
  0.8540964E+02 -0.5730382E+02  0.2024847E+02  0.0000000E+00
  0.1006836E+03 -0.2225050E+02  0.5866691E+01  0.0000000E+00
  0.6218050E+02 -0.1926898E+02  0.1721255E+02  0.0000000E+00
  0.1573983E+03 -0.4870214E+02  0.3344708E+02  0.0000000E+00
  0.2055872E+03 -0.4158776E+02  0.4162519E+02  0.0000000E+00
  0.1388453E+03 -0.4645269E+02  0.3712224E+02  0.0000000E+00
  0.1003136E+03 -0.4920965E+02  0.3457644E+02  0.0000000E+00
  0.1135729E+02 -0.8970382E+01 -0.3662613E+00  0.0000000E+00
 -0.2255117E+01  0.1166493E+02  0.6907234E+01  0.0000000E+00
 -0.2636209E+02  0.2291613E+02 -0.1382692E+02  0.0000000E+00
  0.2349659E+02 -0.2554768E+02  0.7792775E+01  0.0000000E+00
 -0.4270678E+02  0.3878349E+02  0.3352467E+02  0.0000000E+00
 -0.8507078E+02  0.2502377E+02 -0.3353247E+02  0.0000000E+00
 -0.3652157E+02  0.2536309E+02 -0.7776680E-01  0.0000000E+00
 -0.1083889E+03  0.7556837E+02 -0.3916261E+01  0.0000000E+00
  0.3729519E+02  0.2095318E+02  0.4562064E+00  0.0000000E+00
  0.2049966E+02 -0.8076214E+01 -0.8952804E+01  0.0000000E+00
  0.1227361E+02 -0.2569510E+02 -0.1441379E+02  0.0000000E+00
 -0.1146720E+02  0.1039819E+01 -0.5128652E+00  0.0000000E+00
 -0.4591678E+01  0.1861977E+02  0.1035811E+02  0.0000000E+00
  0.2249007E+02 -0.1807209E+02 -0.9115528E+01  0.0000000E+00
 -0.2738890E+02  0.2521918E+02  0.2343644E+02  0.0000000E+00
  0.4466995E+02  0.1844932E+02 -0.1005809E+02  0.0000000E+00
  0.8914072E+02 -0.7620981E+02 -0.3523794E+01  0.0000000E+00
 -0.6220141E+02  0.2571782E+02  0.1344810E+02  0.0000000E+00
  0.2738544E+02  0.6520755E+02  0.3239872E+02  0.0000000E+00
 -0.5955458E+02  0.6710304E+02  0.5681611E+01  0.0000000E+00
 -0.1456181E+03  0.4279790E+02 -0.2105203E+02  0.0000000E+00
 -0.1969593E+03  0.2860145E+02 -0.3700316E+02  0.0000000E+00
  0.1091941E+01 -0.9132991E-01  0.3769036E-01  0.0000000E+00
 -0.4792765E+01  0.4940098E+00 -0.2567734E+00  0.0000000E+00
  0.8387196E+01 -0.8783503E+00  0.4640994E+00  0.0000000E+00
 -0.1222858E+02  0.1256530E+01 -0.7841963E+00  0.0000000E+00
  0.4442747E+02 -0.1500346E+01  0.1794094E+01  0.0000000E+00
 -0.5232907E+02 -0.8601175E+00 -0.7493724E+01  0.0000000E+00
  0.4217848E+02  0.2814908E+02 -0.6256070E+00  0.0000000E+00
 -0.1075870E+03 -0.6342719E+01 -0.5723560E+01  0.0000000E+00
 -0.1384246E+03  0.1308857E+02 -0.1879907E+02  0.0000000E+00
 -0.3285436E+01 -0.1143150E+01  0.1142005E+02  0.0000000E+00
  0.7547603E+02 -0.9263874E+01  0.2897107E+02  0.0000000E+00
 -0.1425991E+00  0.1950595E+00 -0.1328549E+00  0.0000000E+00
 -0.7935309E+00 -0.7782570E+00  0.6815635E+00  0.0000000E+00
 -0.2136724E+01  0.1472116E+01 -0.1242707E+01  0.0000000E+00
  0.6807754E+01 -0.2347558E+01  0.1991119E+01  0.0000000E+00
 -0.9693257E+01  0.2982671E+01 -0.3432525E+01  0.0000000E+00
  0.1533784E+02  0.3180479E+00  0.5358582E+01  0.0000000E+00
 -0.4281953E+02  0.4751628E+02 -0.2178345E+02  0.0000000E+00
 -0.5180337E+02  0.3537156E+02 -0.8847727E+01  0.0000000E+00
  0.2579311E+02  0.1939705E+02 -0.1334007E+02  0.0000000E+00
 -0.6928378E+01 -0.8030498E+01 -0.2900088E+02  0.0000000E+00
 -0.2521001E+02 -0.2428909E+02 -0.3821972E+02  0.0000000E+00
 -0.8973907E+00  0.1165539E-01  0.3238672E-01  0.0000000E+00
  0.2833315E+01  0.2136435E+00 -0.4748549E-01  0.0000000E+00
 -0.5178192E+01 -0.3657380E+00  0.1077814E+00  0.0000000E+00
  0.2346925E+01  0.7176318E+00 -0.1254007E+00  0.0000000E+00
 -0.1410292E+02 -0.1637925E+01  0.3056335E+00  0.0000000E+00
  0.1363660E+02  0.6909014E+01  0.5181619E+00  0.0000000E+00
  0.4327089E+02 -0.4019720E+02  0.3439348E+01  0.0000000E+00
  0.9345408E+02 -0.1780384E+02 -0.8391467E+01  0.0000000E+00
 -0.3614076E+01 -0.1241249E+01  0.1623108E+01  0.0000000E+00
  0.6251039E+01 -0.7687992E+01  0.7996532E+01  0.0000000E+00
  0.1094546E+02 -0.1127767E+02  0.1183749E+02  0.0000000E+00
  0.1044727E+01  0.4283024E+00  0.3268737E-01  0.0000000E+00
 -0.8166376E-01 -0.1683148E+01 -0.2103195E+00  0.0000000E+00
  0.3866571E+01  0.2865317E+01  0.3963388E+00  0.0000000E+00
 -0.2956298E+01 -0.4900866E+01 -0.6207888E+00  0.0000000E+00
 -0.1396868E+02  0.8787762E+01  0.5576774E+00  0.0000000E+00
  0.1665004E+02 -0.1615042E+02  0.1850253E+01  0.0000000E+00
 -0.7759344E+01  0.8550505E+01  0.6601927E+01  0.0000000E+00
 -0.1202695E+02 -0.2595413E+02 -0.6563635E+01  0.0000000E+00
 -0.2034516E+02 -0.6381671E+01 -0.1008452E+02  0.0000000E+00
  0.5877278E+01 -0.1799478E+02  0.1219623E+02  0.0000000E+00
  0.2112398E+02 -0.2458302E+02  0.2520360E+02  0.0000000E+00
  0.8592518E+00 -0.3074270E-01 -0.2083191E-01  0.0000000E+00
 -0.4438351E+01  0.5878766E+00  0.8618590E-01  0.0000000E+00
  0.8477476E+01 -0.1014392E+01 -0.1870396E+00  0.0000000E+00
 -0.7146518E+01  0.1759809E+01  0.3348526E+00  0.0000000E+00
  0.1686908E+02 -0.3200256E+01 -0.8152273E+00  0.0000000E+00
 -0.1490429E+02  0.6131466E+01  0.3870720E+01  0.0000000E+00
  0.1988747E+02 -0.7492467E+01 -0.1949199E+01  0.0000000E+00
 -0.1018962E+02  0.1101543E+02  0.1114736E+02  0.0000000E+00
 -0.3858354E+02  0.1142306E+02  0.9212332E+01  0.0000000E+00
 -0.1145644E+02  0.1522985E+01 -0.2088986E+01  0.0000000E+00
  0.4105611E+01 -0.4268442E+01 -0.8729086E+01  0.0000000E+00
 -0.1583630E+01 -0.5652022E+00 -0.5703918E-01  0.0000000E+00
  0.7825939E+01  0.1661720E+01  0.3355547E+00  0.0000000E+00
 -0.1120466E+02 -0.2874104E+01 -0.6090394E+00  0.0000000E+00
  0.1408464E+02  0.4704493E+01  0.1053806E+01  0.0000000E+00
 -0.1264848E+02 -0.7903896E+01 -0.1731671E+01  0.0000000E+00
  0.5441436E+01  0.9806592E+01  0.9146366E+00  0.0000000E+00
 -0.3114257E+02 -0.2063149E+02 -0.9919676E+01  0.0000000E+00
  0.7020691E+02 -0.1408787E+02 -0.3328192E+01  0.0000000E+00
 -0.5549198E+01  0.5536362E+01 -0.5674485E+00  0.0000000E+00
 -0.4035955E+00 -0.2124491E+01 -0.2109099E+01  0.0000000E+00
  0.1771017E+01 -0.6388101E+01 -0.2979846E+01  0.0000000E+00
  0.2617223E+01  0.2197292E+01 -0.1232642E+01  0.0000000E+00
 -0.8102939E+01 -0.9846995E+00  0.1430338E+01  0.0000000E+00
  0.6372207E+01  0.2859426E+01 -0.2209527E+01  0.0000000E+00
  0.1652756E+01 -0.1361581E+02  0.4802712E+01  0.0000000E+00
  0.1096382E+03  0.1818278E+02  0.4987344E+01  0.0000000E+00
  0.2216948E+02  0.1070012E+02 -0.9071502E+01  0.0000000E+00
  0.4645260E+02  0.1991049E+02  0.1453148E+02  0.0000000E+00
  0.1583207E+03  0.1840707E+02  0.2860151E-01  0.0000000E+00
  0.1237466E+03  0.1965971E+02 -0.1742484E+01  0.0000000E+00
  0.7299173E+02  0.9830314E+01 -0.4284585E+01  0.0000000E+00
  0.4289308E+02  0.4089038E+01 -0.5791886E+01  0.0000000E+00
  0.7070548E+01 -0.4688580E+00 -0.8434116E+00  0.0000000E+00
 -0.2194766E+02 -0.6968424E+01 -0.9223078E+01  0.0000000E+00
  0.1946536E+02  0.1089811E+02  0.8776868E+01  0.0000000E+00
  0.4583751E+01 -0.2606978E+02 -0.8431338E+01  0.0000000E+00
 -0.2757843E+02  0.2087409E+02 -0.5103290E+01  0.0000000E+00
  0.6821659E+02  0.1030825E+02 -0.9961380E+01  0.0000000E+00
  0.8525251E+02  0.6970734E+01 -0.1126971E+02  0.0000000E+00
  0.1854450E+03 -0.1781262E+02 -0.6157499E+01  0.0000000E+00
  0.1510929E+03 -0.3342007E+02 -0.3321419E+01  0.0000000E+00
  0.1045477E+03 -0.1898522E+02  0.8224307E+00  0.0000000E+00
  0.7692895E+02 -0.1069890E+02  0.3280198E+01  0.0000000E+00
 -0.2308914E-01  0.4502419E+00  0.9191390E+00  0.0000000E+00
 -0.8125342E+01  0.9190523E+00  0.6610946E+00  0.0000000E+00
  0.1196267E+02  0.1953615E+01  0.9867877E+00  0.0000000E+00
  0.9479293E+01 -0.7295832E+01  0.1970287E+01  0.0000000E+00
 -0.5305383E+02 -0.2128237E+02 -0.1170659E+02  0.0000000E+00
  0.5001952E+02 -0.2307739E+02  0.5565561E+00  0.0000000E+00
 -0.4050514E+02  0.1406716E+01  0.9107815E+01  0.0000000E+00
 -0.1917029E+02 -0.2241485E+01 -0.3931588E+01  0.0000000E+00
 -0.4310892E+02 -0.2102734E+02  0.6669867E+00  0.0000000E+00
 -0.2704783E+02 -0.2266988E+02  0.9495527E+01  0.0000000E+00
 -0.1790355E+02 -0.2384496E+02  0.1471621E+02  0.0000000E+00
  0.8590136E+00  0.5070623E-01  0.2809579E-01  0.0000000E+00
 -0.1821988E+01 -0.5199357E+00 -0.8937986E-01  0.0000000E+00
  0.2955385E+01  0.7591583E+00  0.1658037E+00  0.0000000E+00
  0.1457532E+01 -0.1368581E+01 -0.2078620E+00  0.0000000E+00
 -0.4202770E+01  0.9735626E+00 -0.1409849E-01  0.0000000E+00
 -0.1421799E+02  0.9899482E+01  0.1956115E+01  0.0000000E+00
  0.3157246E+02  0.3937070E+01 -0.1675582E+01  0.0000000E+00
  0.4080283E+02  0.5755561E+01  0.3878198E+00  0.0000000E+00
  0.2580036E+02  0.6292958E+01  0.5851902E+01  0.0000000E+00
  0.2574168E+02 -0.9661485E+01  0.2765838E+01  0.0000000E+00
  0.2553666E+02 -0.1899994E+02  0.1019073E+01  0.0000000E+00
 -0.5630270E+00 -0.1226925E+00  0.8162676E-01  0.0000000E+00
  0.1211362E+01  0.3972255E+00 -0.3862844E+00  0.0000000E+00
 -0.3066212E+01 -0.6329954E+00  0.6494154E+00  0.0000000E+00
  0.9726761E+01  0.1048796E+01 -0.1169059E+01  0.0000000E+00
 -0.1969641E+02 -0.1608226E+01  0.2000954E+01  0.0000000E+00
  0.3187112E+02 -0.9578059E+00 -0.4975207E+01  0.0000000E+00
 -0.1716532E+02  0.1046077E+01 -0.5641251E+01  0.0000000E+00
 -0.1148120E+02 -0.2223495E+02  0.1914339E+01  0.0000000E+00
  0.3234149E+02  0.2285416E+01 -0.2857948E+01  0.0000000E+00
  0.1314712E+02 -0.3490178E+00  0.2114403E+01  0.0000000E+00
  0.2410131E+01 -0.1618367E+01  0.4974179E+01  0.0000000E+00
  0.4302820E+00 -0.1732140E+00  0.2352528E-01  0.0000000E+00
 -0.3123732E+01  0.8458896E+00 -0.2452499E+00  0.0000000E+00
  0.5210154E+01 -0.1230708E+01  0.4463819E+00  0.0000000E+00
 -0.9608753E+01  0.1966727E+01 -0.7764203E+00  0.0000000E+00
  0.2002789E+02 -0.2212555E+01  0.1948598E+01  0.0000000E+00
 -0.2816106E+02 -0.8203692E+01 -0.6085884E+01  0.0000000E+00
  0.4382143E+02 -0.4042294E+01  0.6719735E+01  0.0000000E+00
  0.1220863E+02 -0.6455153E+01  0.3036294E+01  0.0000000E+00
 -0.2852881E+02 -0.8032733E+01 -0.3415744E+00  0.0000000E+00
  0.4687237E+01  0.3736302E+01 -0.1193901E+01  0.0000000E+00
  0.2368008E+02  0.1060846E+02 -0.1730557E+01  0.0000000E+00
  0.8829365E+00  0.2622158E+00 -0.5586886E-01  0.0000000E+00
 -0.1610637E+01 -0.7879309E+00  0.2851043E+00  0.0000000E+00
  0.2976553E+01  0.1420417E+01 -0.4495485E+00  0.0000000E+00
 -0.7077362E+01 -0.2563964E+01  0.7847196E+00  0.0000000E+00
  0.2411030E+02  0.4902664E+01 -0.1586484E+01  0.0000000E+00
 -0.3459368E+02 -0.1147434E+02  0.3986337E+01  0.0000000E+00
  0.3666570E+02  0.1428279E+02  0.1237367E+01  0.0000000E+00
  0.1366378E+02 -0.5472453E+01  0.4605238E+01  0.0000000E+00
  0.7517403E+01 -0.3061986E+01  0.2227629E+01  0.0000000E+00
  0.1279685E+02  0.9684842E+01 -0.1644269E+01  0.0000000E+00
  0.1581767E+02  0.1717016E+02 -0.3937249E+01  0.0000000E+00
 -0.7695383E+00  0.1783779E+00  0.8265251E-02  0.0000000E+00
  0.3125738E+01 -0.4477813E+00  0.7765811E-02  0.0000000E+00
 -0.5476273E+01  0.5937819E+00 -0.4732586E-01  0.0000000E+00
  0.5604567E+01 -0.8744297E+00  0.6279924E-01  0.0000000E+00
 -0.1057307E+02  0.5525103E+00 -0.4565365E+00  0.0000000E+00
  0.2055048E+02  0.3790767E+01  0.2976105E+01  0.0000000E+00
 -0.5824748E+01 -0.1147023E+02  0.8473384E+00  0.0000000E+00
  0.3944668E+02 -0.4951246E+01 -0.2129691E+01  0.0000000E+00
  0.3749924E+02 -0.5663053E+01  0.7717033E+00  0.0000000E+00
  0.1211854E+02 -0.4306407E+01  0.2608687E+01  0.0000000E+00
 -0.2754020E+01 -0.3523437E+01  0.3717739E+01  0.0000000E+00
  0.2770540E+00 -0.6165862E-01 -0.5155254E-03  0.0000000E+00
 -0.8625848E+00 -0.7571997E-01 -0.5768808E-01  0.0000000E+00
  0.2449598E+01  0.2944990E-01  0.5861097E-01  0.0000000E+00
 -0.7897266E+01 -0.5494176E-01 -0.9107491E-01  0.0000000E+00
  0.1395010E+02 -0.1429869E+00  0.4146003E+00  0.0000000E+00
 -0.1335364E+02  0.4575416E+01 -0.1592897E+01  0.0000000E+00
  0.2181222E+02 -0.6815760E+01 -0.9954599E+00  0.0000000E+00
  0.6056553E+02 -0.8962381E+00  0.3277074E+01  0.0000000E+00
 -0.2150069E+02 -0.3974834E+01  0.8406800E-01  0.0000000E+00
 -0.3855579E+02  0.4880722E+01 -0.1167130E+00  0.0000000E+00
 -0.4945572E+02  0.1003005E+02 -0.2706994E+00  0.0000000E+00
  0.1914787E+02  0.1376931E+01  0.2104078E-02  0.0000000E+00
  0.2240553E+02 -0.8902550E-01  0.2199871E+01  0.0000000E+00
 -0.3284744E+02  0.4378105E+01 -0.3215196E+01  0.0000000E+00
  0.3342531E+02 -0.1373821E+02 -0.1729004E+00  0.0000000E+00
  0.2757266E+02  0.1978330E+02  0.7319213E+01  0.0000000E+00
  0.6603708E+02 -0.1112903E+02  0.1388091E+02  0.0000000E+00
  0.2979401E+02 -0.1906622E+02  0.1054549E+02  0.0000000E+00
  0.7857552E+02 -0.8922814E+01  0.1860304E+01  0.0000000E+00
  0.4849425E+02  0.1097645E+01 -0.4121708E+01  0.0000000E+00
  0.1111967E+02 -0.1223463E+02 -0.7196244E+01  0.0000000E+00
 -0.1109733E+02 -0.1993373E+02 -0.9063278E+01  0.0000000E+00
 -0.4998239E+00  0.3613477E+01  0.8628532E+00  0.0000000E+00
  0.1643359E+02 -0.5423331E+01  0.4099843E+01  0.0000000E+00
 -0.2993698E+02 -0.1821424E+01 -0.1788114E+01  0.0000000E+00
  0.2686589E+02  0.1506296E+02 -0.4918316E+01  0.0000000E+00
 -0.7476784E+02 -0.4829180E+01 -0.2561936E+01  0.0000000E+00
 -0.2409833E+02 -0.5699836E+01 -0.1354264E+02  0.0000000E+00
 -0.3923121E+02  0.1091376E+01 -0.5985446E+01  0.0000000E+00
 -0.6170690E+02  0.1509143E+02 -0.2837130E+00  0.0000000E+00
 -0.8849080E+02 -0.3773922E+01 -0.4292729E+01  0.0000000E+00
 -0.3831084E+02  0.1104353E+01 -0.4355106E+01  0.0000000E+00
 -0.9226426E+01  0.3753624E+01 -0.4438452E+01  0.0000000E+00
 -0.7837907E+01  0.4727413E+01  0.7853564E-02  0.0000000E+00
  0.3408349E+01  0.1911665E+01  0.1973192E+01  0.0000000E+00
 -0.5452022E+01 -0.9799581E+01 -0.3046653E+01  0.0000000E+00
  0.6019964E+01 -0.1536929E+01 -0.3999438E-01  0.0000000E+00
 -0.4466299E+02  0.1765422E+02  0.1173482E+02  0.0000000E+00
  0.3471006E+02  0.6997521E+01  0.1003035E+02  0.0000000E+00
  0.2434311E+02 -0.1286726E+02  0.1390373E+02  0.0000000E+00
 -0.1849579E+02  0.2907617E+01  0.2106129E+01  0.0000000E+00
  0.4006852E+02  0.6243401E+00 -0.1445975E+01  0.0000000E+00
  0.3634722E+02 -0.1718133E+02 -0.6657745E+01  0.0000000E+00
  0.3482445E+02 -0.2763106E+02 -0.9750325E+01  0.0000000E+00
 -0.1308982E+01  0.1919541E-01 -0.1458075E-01  0.0000000E+00
  0.1491698E+01 -0.3932610E+00  0.6712403E-01  0.0000000E+00
 -0.1419463E+01  0.7376538E+00 -0.8841990E-01  0.0000000E+00
 -0.1002114E+01 -0.9342700E+00  0.1172344E+00  0.0000000E+00
 -0.9148022E+00  0.1007068E+01 -0.3314010E+00  0.0000000E+00
 -0.1140205E+02  0.5764339E+01  0.3925378E+00  0.0000000E+00
  0.4553807E+02  0.8952598E+01 -0.1084670E+02  0.0000000E+00
  0.8861502E+02  0.9315252E+00 -0.3042765E+00  0.0000000E+00
  0.1056128E+02  0.2241179E+02  0.1742683E+00  0.0000000E+00
 -0.2170152E+01  0.2483669E+02 -0.8159949E+01  0.0000000E+00
 -0.1049555E+02  0.2649420E+02 -0.1303358E+02  0.0000000E+00
  0.8510312E-01  0.2191951E+00 -0.7817599E-02  0.0000000E+00
 -0.2278922E+01  0.4369083E-01  0.2195676E-01  0.0000000E+00
  0.2096936E+01  0.3014962E-01 -0.9366263E-01  0.0000000E+00
 -0.6030542E+01  0.6923076E-01  0.1351112E+00  0.0000000E+00
 -0.3771534E+01 -0.3127095E+00 -0.1632646E+00  0.0000000E+00
  0.4308767E+01 -0.1495360E+01 -0.1153559E+01  0.0000000E+00
 -0.1543891E+02  0.2562457E+01 -0.1245713E+01  0.0000000E+00
 -0.1414135E+02  0.4688541E+00 -0.1789873E+01  0.0000000E+00
 -0.7305864E+01 -0.1835745E+02 -0.5560366E+00  0.0000000E+00
  0.1546854E+01 -0.9342168E+01  0.7915857E+01  0.0000000E+00
  0.6807043E+01 -0.4265888E+01  0.1289094E+02  0.0000000E+00
  0.7794545E+00  0.1475043E+00 -0.7263151E-01  0.0000000E+00
 -0.4502522E+01  0.6991060E-01  0.4043447E+00  0.0000000E+00
  0.6773778E+01 -0.1947109E+00 -0.6527968E+00  0.0000000E+00
 -0.2787136E+01  0.2041158E+00  0.1063592E+01  0.0000000E+00
  0.5070995E+01  0.9002482E+00 -0.1647486E+01  0.0000000E+00
 -0.9740138E+01 -0.7835888E+01  0.1517583E+01  0.0000000E+00
  0.2541759E+02  0.7932660E-01 -0.4696685E+01  0.0000000E+00
  0.2280654E+02  0.8612949E+01  0.1200401E+01  0.0000000E+00
  0.7981878E+01  0.2651267E+01 -0.8496802E+00  0.0000000E+00
  0.6708418E+01  0.4834413E+01 -0.1028110E+02  0.0000000E+00
  0.5787031E+01  0.6048276E+01 -0.1582599E+02  0.0000000E+00
 -0.6115612E+00  0.2230360E-01  0.1463795E-02  0.0000000E+00
  0.1595044E+01 -0.1517093E+00 -0.2289449E-01  0.0000000E+00
  0.8580132E-01  0.2635773E+00  0.1284460E+00  0.0000000E+00
  0.2716251E+01 -0.3733833E+00 -0.2128690E+00  0.0000000E+00
  0.2347226E+01  0.3981137E+00  0.1502918E+00  0.0000000E+00
 -0.8726426E+01 -0.4680257E+01  0.1111610E+01  0.0000000E+00
  0.2155143E+02  0.6321177E+01  0.5669075E+01  0.0000000E+00
  0.4565688E+02  0.7460192E+01 -0.1451699E+01  0.0000000E+00
  0.1568828E+02 -0.3018801E+01  0.2452090E+01  0.0000000E+00
  0.3874445E+00 -0.5129522E+01  0.2788433E+01  0.0000000E+00
 -0.8898076E+01 -0.6484861E+01  0.3030584E+01  0.0000000E+00
  0.8175377E+00 -0.2268948E+00  0.1861567E-01  0.0000000E+00
  0.1190109E+01  0.6741900E+00 -0.9134227E-01  0.0000000E+00
 -0.2279488E+01 -0.1185317E+01  0.6243425E-01  0.0000000E+00
 -0.2704740E+01  0.1946593E+01 -0.9100995E-01  0.0000000E+00
  0.2281258E+01 -0.3893184E+01  0.1959705E-01  0.0000000E+00
 -0.1467181E+02  0.7581520E+01  0.1839833E+01  0.0000000E+00
  0.3436126E+02 -0.5485893E+01  0.3258631E+01  0.0000000E+00
 -0.1494514E+02 -0.1125484E+01 -0.3322284E+00  0.0000000E+00
  0.8754464E+01 -0.5363794E+01  0.1662673E+01  0.0000000E+00
 -0.1694299E+01 -0.1173988E+02  0.1537839E+01  0.0000000E+00
 -0.7549625E+01 -0.1551783E+02  0.1487663E+01  0.0000000E+00
  0.4688133E+00 -0.8422083E-01  0.3017241E-02  0.0000000E+00
 -0.1632630E+01 -0.3787535E+00 -0.3940604E-01  0.0000000E+00
  0.4546746E+00  0.6366111E+00  0.9673586E-01  0.0000000E+00
  0.6828746E+00 -0.1042254E+01 -0.2063441E+00  0.0000000E+00
  0.1229806E+02  0.2145887E+01  0.3502652E+00  0.0000000E+00
 -0.2025083E+02  0.2588251E+00 -0.1593960E+01  0.0000000E+00
  0.2630335E+02  0.9072644E+01 -0.3529671E-01  0.0000000E+00
  0.1156783E+02 -0.2663423E+01 -0.1559759E+00  0.0000000E+00
 -0.2694284E+02 -0.5201568E+00  0.2157774E+01  0.0000000E+00
 -0.1632859E+02  0.3911189E+00 -0.4523186E+01  0.0000000E+00
 -0.1054813E+02  0.9502494E+00 -0.8409131E+01  0.0000000E+00
 -0.8531104E+01 -0.6672339E+00 -0.6467432E-01  0.0000000E+00
 -0.1271549E+02  0.2051583E+01  0.2363097E+01  0.0000000E+00
  0.2579546E+02  0.2791174E+01 -0.3053670E+01  0.0000000E+00
 -0.5108702E+02 -0.5197301E+01  0.5151568E+01  0.0000000E+00
  0.9820969E+01  0.1616183E+02 -0.5875886E+00  0.0000000E+00
  0.1709686E+02 -0.1787521E+02  0.6947049E+00  0.0000000E+00
 -0.1517990E+02  0.1209378E+01  0.9721923E+01  0.0000000E+00
 -0.9154848E+01  0.1921072E+02  0.6005988E+01  0.0000000E+00
 -0.1487005E+01  0.1305259E+02  0.1214852E+02  0.0000000E+00
  0.7245089E+01  0.1410488E+02  0.9453351E+01  0.0000000E+00
  0.1244685E+02  0.1465370E+02  0.7943953E+01  0.0000000E+00
 -0.6222384E+01 -0.3377547E+01 -0.6057878E+00  0.0000000E+00
 -0.5003603E+01  0.9891079E+01  0.3259655E+00  0.0000000E+00
  0.1710702E+02  0.4634551E+01 -0.2600098E+01  0.0000000E+00
 -0.3576605E+02 -0.6558292E+01  0.6036280E+01  0.0000000E+00
 -0.4072689E+02  0.5140047E+01 -0.5178421E+01  0.0000000E+00
 -0.4321060E+01  0.1795686E+02 -0.2126722E+01  0.0000000E+00
 -0.1874451E+02  0.1085900E+02  0.3557463E+01  0.0000000E+00
 -0.2509956E+02 -0.6387564E+01 -0.8257119E+01  0.0000000E+00
 -0.1861022E+01 -0.5236038E+01 -0.6781169E+01  0.0000000E+00
 -0.7210513E+01  0.1769755E+02  0.2081983E+01  0.0000000E+00
 -0.1007953E+02  0.3113232E+02  0.7288068E+01  0.0000000E+00
  0.1678915E+01 -0.1893754E+01 -0.1340290E+00  0.0000000E+00
  0.9943251E+01  0.1579024E+01  0.5597181E+00  0.0000000E+00
 -0.1037678E+02  0.2476325E+01 -0.1670680E+01  0.0000000E+00
  0.1653714E+02  0.3934588E+01  0.5253592E+01  0.0000000E+00
  0.1107692E+02 -0.1775515E+02 -0.7554450E+01  0.0000000E+00
  0.4898024E+02 -0.1261961E+01 -0.9059696E+01  0.0000000E+00
  0.3408502E+02 -0.9332979E+00 -0.1838356E+01  0.0000000E+00
  0.1646533E+02 -0.6691525E+01 -0.7348587E+01  0.0000000E+00
  0.8652801E+01 -0.9617174E+01 -0.3514049E+01  0.0000000E+00
  0.1340340E+02 -0.1606958E+01 -0.2852781E+01  0.0000000E+00
  0.1609421E+02  0.3056595E+01 -0.2422883E+01  0.0000000E+00
 -0.7094365E-02 -0.3267124E-01  0.4768883E-01  0.0000000E+00
 -0.1101640E+01  0.1482667E+00 -0.2390799E+00  0.0000000E+00
  0.2434658E+01 -0.2749762E+00  0.4235221E+00  0.0000000E+00
 -0.4012193E+01  0.3971939E+00 -0.7057496E+00  0.0000000E+00
  0.8525831E+01 -0.3044602E+00  0.9010889E+00  0.0000000E+00
 -0.1321557E+02 -0.1637258E+01  0.6100297E+00  0.0000000E+00
  0.1101149E+02  0.3821650E+01  0.1243645E-01  0.0000000E+00
 -0.4266988E+02  0.1042754E+02 -0.9458015E+00  0.0000000E+00
 -0.4221204E+02 -0.1487378E+01 -0.3090621E+01  0.0000000E+00
 -0.1726536E+02  0.1739182E+00 -0.2973490E+00  0.0000000E+00
 -0.2657707E+01  0.1010717E+01  0.1314218E+01  0.0000000E+00
 -0.1038276E+01  0.9527995E-01  0.3227774E-01  0.0000000E+00
  0.2785869E+01  0.2318992E+00 -0.1997536E+00  0.0000000E+00
 -0.4937189E+01 -0.3276502E+00  0.3672727E+00  0.0000000E+00
  0.8415607E+01  0.6869585E+00 -0.5806300E+00  0.0000000E+00
 -0.1250419E+02 -0.1094836E+01  0.8892955E+00  0.0000000E+00
  0.1214125E+02  0.1796882E+00 -0.1329646E+01  0.0000000E+00
 -0.1397624E+02 -0.9242277E+01  0.2278062E+01  0.0000000E+00
  0.5588726E+01  0.5617814E+01  0.4049534E+01  0.0000000E+00
  0.1268285E+02  0.2141393E+01  0.3719445E+00  0.0000000E+00
  0.1535059E+02  0.8999602E+01 -0.2977000E+01  0.0000000E+00
  0.1699681E+02  0.1297766E+02 -0.4979647E+01  0.0000000E+00
  0.3040814E+00  0.3106499E-01  0.7057169E-02  0.0000000E+00
 -0.1808945E+00 -0.9133174E-01 -0.1000036E-01  0.0000000E+00
  0.1562927E+00  0.2272904E+00 -0.1401575E-01  0.0000000E+00
 -0.1471991E+01 -0.2891588E+00  0.9097063E-02  0.0000000E+00
  0.5491759E+01 -0.9127050E-01  0.3054129E+00  0.0000000E+00
 -0.7906034E+01  0.1314500E+01 -0.2156143E+01  0.0000000E+00
  0.2357812E+02 -0.1062452E+02  0.2234908E+01  0.0000000E+00
  0.7890057E+01  0.8829197E+01 -0.6602305E+00  0.0000000E+00
 -0.1938449E+02  0.7645193E+01 -0.1626631E+01  0.0000000E+00
 -0.1332762E+02  0.5970134E+00  0.3377740E+01  0.0000000E+00
 -0.1008580E+02 -0.3545103E+01  0.6297349E+01  0.0000000E+00
 -0.1476537E+00  0.1193338E-02  0.9999418E-02  0.0000000E+00
 -0.1682311E+00  0.1376471E-01 -0.7062690E-02  0.0000000E+00
  0.2300458E+00  0.2287783E-01  0.3824060E-02  0.0000000E+00
 -0.2903445E+01 -0.9792726E-01 -0.4887449E-01  0.0000000E+00
 -0.2888870E+01  0.4621196E+00  0.2060210E-01  0.0000000E+00
 -0.9989504E+01 -0.7347127E+00 -0.7681348E+00  0.0000000E+00
  0.1804997E+02  0.2206098E+01  0.6490098E-01  0.0000000E+00
  0.1580344E+02  0.3885912E+01 -0.1973354E+01  0.0000000E+00
 -0.3293641E+01  0.8936061E+01  0.5292425E+00  0.0000000E+00
 -0.6566498E+01  0.7552875E+01  0.1554937E+00  0.0000000E+00
 -0.8693519E+01  0.6801486E+01 -0.3632548E-01  0.0000000E+00
 -0.3256172E+00 -0.1294287E+00 -0.7472552E-02  0.0000000E+00
  0.7845784E+00  0.2619831E+00  0.2842845E-01  0.0000000E+00
 -0.1562484E+01 -0.5247716E+00 -0.3934254E-01  0.0000000E+00
  0.3396549E+01  0.8397161E+00  0.4706565E-01  0.0000000E+00
 -0.1495326E+02 -0.1791227E+01  0.2483247E-01  0.0000000E+00
  0.1033506E+02  0.1115689E+01  0.3544170E+00  0.0000000E+00
  0.7021616E+01  0.1701756E+01  0.1347535E+01  0.0000000E+00
  0.2305318E+02 -0.1363569E+01 -0.4886481E+00  0.0000000E+00
  0.6339428E+01 -0.2237745E+01 -0.1300951E+01  0.0000000E+00
 -0.2782410E+01 -0.4057644E+01  0.7096203E+00  0.0000000E+00
 -0.8308788E+01 -0.5133081E+01  0.1876695E+01  0.0000000E+00
  0.3904198E+00 -0.1227145E+00  0.4152236E-02  0.0000000E+00
  0.3284298E+01  0.4545474E+00 -0.3164555E-01  0.0000000E+00
 -0.2907270E+01 -0.9921952E+00  0.8745723E-02  0.0000000E+00
  0.5932447E+01  0.1648870E+01 -0.2107301E-01  0.0000000E+00
 -0.2504648E+01 -0.2874948E+01  0.3751013E+00  0.0000000E+00
 -0.1061698E+01  0.6556125E+01 -0.6508060E+00  0.0000000E+00
  0.1160247E+01 -0.7724078E+01  0.1073335E+01  0.0000000E+00
 -0.2119437E+02  0.5609145E+01 -0.2848767E+00  0.0000000E+00
 -0.1629964E+02 -0.2739706E+01 -0.1307364E+01  0.0000000E+00
 -0.3148458E+01  0.6726344E-01  0.2023461E+01  0.0000000E+00
  0.4608349E+01  0.1620022E+01  0.3961674E+01  0.0000000E+00
  0.2948543E+01  0.3151383E+01 -0.1479898E+00  0.0000000E+00
  0.1362650E+02  0.6732038E+01 -0.1257709E+01  0.0000000E+00
 -0.1307650E+02 -0.7941363E+01  0.1778785E+01  0.0000000E+00
  0.1301162E+02  0.1505916E+02  0.1115359E+01  0.0000000E+00
 -0.2477094E+02 -0.3713298E+02  0.1354250E+00  0.0000000E+00
 -0.1191902E+02 -0.9537209E+01 -0.4420929E+01  0.0000000E+00
 -0.9364088E+01 -0.1242812E+02  0.2351068E+01  0.0000000E+00
 -0.5563580E+02 -0.4814663E+01  0.2516827E+01  0.0000000E+00
 -0.3384609E+02 -0.7512867E+00  0.4360792E+01  0.0000000E+00
  0.1417506E+01  0.3561768E+01  0.3694518E+01  0.0000000E+00
  0.2230442E+02  0.6131430E+01  0.3325056E+01  0.0000000E+00
  0.5850677E+01  0.4095616E+01  0.1119558E+00  0.0000000E+00
  0.1049652E+02  0.9342786E+01 -0.4395496E+01  0.0000000E+00
 -0.1114523E+02 -0.8348071E+01  0.6532943E+01  0.0000000E+00
 -0.2666038E+01  0.1240102E+02 -0.7075474E+01  0.0000000E+00
  0.3502977E+02 -0.1852375E+02  0.2725862E+01  0.0000000E+00
 -0.3230714E+02 -0.9594870E+01 -0.8000508E+01  0.0000000E+00
  0.3921473E+01  0.5970543E+01  0.3583339E+01  0.0000000E+00
 -0.3261550E+02  0.5166345E+00 -0.1061560E+01  0.0000000E+00
 -0.2746906E+02 -0.1949332E+02 -0.2544983E-01  0.0000000E+00
 -0.3014459E+01 -0.2197965E+02 -0.1780421E+01  0.0000000E+00
  0.1136372E+02 -0.2365323E+02 -0.2796013E+01  0.0000000E+00
 -0.7003974E+00  0.6212522E+01  0.8535546E+00  0.0000000E+00
 -0.3404447E+01  0.5622336E+01 -0.1515923E+01  0.0000000E+00
  0.9518381E+01 -0.2565192E+01  0.1237941E+01  0.0000000E+00
 -0.1864057E+02  0.4665665E+01  0.2598534E+01  0.0000000E+00
  0.6023711E+02  0.9775934E+01 -0.1402922E+02  0.0000000E+00
 -0.3718245E+02  0.1907381E+01  0.7652628E-01  0.0000000E+00
  0.3253450E+02  0.1091426E+01  0.1618128E+01  0.0000000E+00
  0.1230249E+02  0.1740447E+02  0.6075571E+00  0.0000000E+00
  0.2434955E+02  0.1266089E+02  0.2709020E+01  0.0000000E+00
  0.2636297E+02 -0.1811425E+02  0.4993538E+01  0.0000000E+00
  0.2767339E+02 -0.3618559E+02  0.6354082E+01  0.0000000E+00
 -0.1182621E+01  0.1460832E+00  0.6416888E-01  0.0000000E+00
  0.1193604E+00 -0.1293025E+00 -0.3535103E+00  0.0000000E+00
 -0.1159377E+01  0.2506434E+00  0.6152109E+00  0.0000000E+00
 -0.1901938E+00 -0.5773117E+00 -0.1119213E+01  0.0000000E+00
  0.3310695E+01  0.1924479E+01  0.1864373E+01  0.0000000E+00
  0.1714973E+02 -0.7318558E+01 -0.2623163E+01  0.0000000E+00
 -0.7919532E+01 -0.1815830E+01  0.3193363E+00  0.0000000E+00
  0.3098699E+02  0.1235189E+02  0.8181900E+00  0.0000000E+00
  0.1539462E+02 -0.5504487E+01 -0.1208610E+01  0.0000000E+00
 -0.1024776E+02  0.2331465E+01  0.4227621E+01  0.0000000E+00
 -0.2542836E+02  0.6719616E+01  0.7388306E+01  0.0000000E+00
  0.2118614E+00  0.1257041E+00  0.6749624E-01  0.0000000E+00
 -0.4364909E+00 -0.5409395E+00 -0.3546631E+00  0.0000000E+00
  0.7728362E+00  0.9401757E+00  0.6201493E+00  0.0000000E+00
 -0.3240744E+01 -0.1617631E+01 -0.1113332E+01  0.0000000E+00
 -0.4433629E+01  0.2187809E+01  0.2250555E+01  0.0000000E+00
 -0.5308368E+01 -0.4324264E+01 -0.6674061E+01  0.0000000E+00
 -0.1280630E+02  0.8348294E+01  0.7673144E+01  0.0000000E+00
  0.1658322E+02 -0.1082629E+02 -0.2094973E+01  0.0000000E+00
 -0.2415089E+01 -0.1239321E+01 -0.6038720E+01  0.0000000E+00
  0.2142918E+01  0.6060476E+01 -0.4388049E+01  0.0000000E+00
  0.4600476E+01  0.1044227E+02 -0.3465185E+01  0.0000000E+00
  0.1121921E+01 -0.1928582E+00 -0.2880183E-01  0.0000000E+00
 -0.1338961E+01  0.5412482E+00  0.7577431E-01  0.0000000E+00
  0.2535091E+01 -0.9221071E+00 -0.9967897E-01  0.0000000E+00
 -0.2388964E+01  0.1677684E+01  0.1809328E+00  0.0000000E+00
  0.3176656E+00 -0.3058101E+01  0.6146182E-01  0.0000000E+00
  0.1261845E+02  0.6913421E+01 -0.1814449E+01  0.0000000E+00
 -0.1905388E+00 -0.6734822E+01 -0.1152935E+01  0.0000000E+00
  0.4155723E+01 -0.1846321E+00 -0.4047009E+01  0.0000000E+00
  0.6049237E+01  0.3856606E+01  0.2241123E+01  0.0000000E+00
  0.4684801E+01  0.1052918E+02  0.6165017E+01  0.0000000E+00
  0.3904389E+01  0.1448104E+02  0.8532469E+01  0.0000000E+00
 -0.1447890E+01 -0.6124416E-01  0.4702104E-02  0.0000000E+00
  0.3439398E+01 -0.3780901E-01 -0.7342589E-01  0.0000000E+00
 -0.2508249E+01  0.1119018E+00  0.1153715E+00  0.0000000E+00
  0.8193444E+01 -0.1617035E+00 -0.2264978E+00  0.0000000E+00
 -0.5414473E+01 -0.6791106E-01  0.2935381E+00  0.0000000E+00
  0.1652584E+02  0.2311680E+01 -0.2141248E+00  0.0000000E+00
 -0.1499397E+02 -0.7169641E+00 -0.9246015E+00  0.0000000E+00
  0.7387174E+01  0.4264707E+01 -0.2540665E+01  0.0000000E+00
  0.9047078E+01 -0.3760077E+00 -0.2630345E-01  0.0000000E+00
 -0.5510300E+01  0.1033034E+01  0.3254169E+01  0.0000000E+00
 -0.1401423E+02  0.1804686E+01  0.5203434E+01  0.0000000E+00
 -0.1695432E+00  0.4688707E-01  0.1780053E-02  0.0000000E+00
 -0.6918422E+00 -0.3157487E+00  0.1623617E-01  0.0000000E+00
  0.2014420E+01  0.5383340E+00 -0.4911205E-01  0.0000000E+00
 -0.3970608E+01 -0.9875285E+00  0.8762818E-01  0.0000000E+00
 -0.1455300E+01  0.1759208E+01 -0.2930775E+00  0.0000000E+00
  0.5797974E+01 -0.1412096E+01  0.7751243E+00  0.0000000E+00
  0.8701501E+00  0.3898071E+01  0.3231683E+01  0.0000000E+00
 -0.9835583E+01 -0.2089410E+01 -0.7410780E+00  0.0000000E+00
  0.1373877E+02 -0.6708810E+01 -0.1522113E+01  0.0000000E+00
  0.3431449E+01 -0.8974802E+00  0.4896537E+00  0.0000000E+00
 -0.2341863E+01  0.2454965E+01  0.1658969E+01  0.0000000E+00
  0.5492602E+00 -0.5437789E-01 -0.4339311E-01  0.0000000E+00
 -0.1986945E+01  0.6500890E+00  0.1846556E+00  0.0000000E+00
  0.2503711E+01 -0.1264831E+01 -0.3265315E+00  0.0000000E+00
 -0.5837848E+01  0.2038751E+01  0.5388158E+00  0.0000000E+00
  0.2035770E+01 -0.2979961E+01 -0.8315290E+00  0.0000000E+00
 -0.5612154E+01  0.4431687E+01  0.2868155E+01  0.0000000E+00
  0.7426509E+01 -0.1422273E+02 -0.2988393E-01  0.0000000E+00
 -0.2440180E+01  0.5467272E+01 -0.9878762E+00  0.0000000E+00
  0.2683249E+01  0.4409956E+01 -0.1069366E+01  0.0000000E+00
  0.7813888E+01  0.1998208E+01  0.4492718E+00  0.0000000E+00
  0.1087184E+02  0.5742652E+00  0.1337124E+01  0.0000000E+00
