  2  2   1485 119808  4  4  9 11  5  3    0.00   24.00  100.00  550.00    0.00    6.28   45.00   45.00
  100.0  100.0  100.0  100.0  125.0  150.0  190.0  230.0  275.0  350.0  450.0  600.0  600.0  600.0  600.0
  0.4538773E+03 -0.2230618E+03  0.2032241E+02  0.0000000E+00
  0.6179735E+03  0.6977602E+03 -0.4933067E+02  0.0000000E+00
 -0.8814616E+03 -0.6890827E+03 -0.1611449E+03  0.0000000E+00
 -0.9476118E+02 -0.6538886E+03 -0.2753877E+03  0.0000000E+00
 -0.1747857E+04 -0.2703365E+04  0.2519615E+03  0.0000000E+00
  0.7418741E+03 -0.7931058E+03 -0.1887527E+03  0.0000000E+00
  0.3545887E+03  0.1551235E+03 -0.2092176E+03  0.0000000E+00
  0.1388403E+04 -0.6649200E+02  0.2283391E+03  0.0000000E+00
  0.1430693E+04  0.5226121E+03  0.1507822E+03  0.0000000E+00
  0.1463223E+04  0.9757688E+03  0.9112280E+02  0.0000000E+00
  0.1482741E+04  0.1247663E+04  0.5532722E+02  0.0000000E+00
  0.1817779E+03 -0.1314970E+03  0.7081334E+01  0.0000000E+00
 -0.4351287E+03  0.2520202E+03 -0.1522282E+03  0.0000000E+00
 -0.1332524E+03  0.1720984E+03  0.3461576E+03  0.0000000E+00
 -0.1171151E+04  0.3579180E+03 -0.2193682E+03  0.0000000E+00
 -0.3308914E+03 -0.3288648E+03 -0.3289483E+03  0.0000000E+00
 -0.3025509E+03 -0.9418452E+02  0.2116532E+03  0.0000000E+00
 -0.3313230E+03 -0.6926985E+03 -0.2752954E+03  0.0000000E+00
 -0.4400969E+03  0.5078854E+03  0.1225434E+02  0.0000000E+00
  0.1730722E+03  0.5342666E+03 -0.5336875E+01  0.0000000E+00
  0.6447403E+03  0.5545606E+03 -0.1886883E+02  0.0000000E+00
  0.9277413E+03  0.5667367E+03 -0.2698794E+02  0.0000000E+00
  0.2273976E+03  0.8463097E+02 -0.3221710E+02  0.0000000E+00
  0.1797168E+03 -0.7574670E+03  0.1262295E+03  0.0000000E+00
  0.2448345E+03 -0.2280336E+03 -0.1721722E+03  0.0000000E+00
  0.3333828E+03 -0.2023699E+03  0.5379839E+02  0.0000000E+00
  0.9807128E+03  0.4719797E+03 -0.6381000E+02  0.0000000E+00
 -0.2774175E+03 -0.7931807E+02  0.1740373E+03  0.0000000E+00
 -0.2410365E+03 -0.3828215E+03 -0.9506977E+02  0.0000000E+00
 -0.2804283E+03  0.1621827E+03 -0.1772109E+02  0.0000000E+00
 -0.8093519E+03  0.4909186E+03 -0.1256891E+03  0.0000000E+00
 -0.1216216E+04  0.7437915E+03 -0.2087413E+03  0.0000000E+00
 -0.1460334E+04  0.8955155E+03 -0.2585727E+03  0.0000000E+00
 -0.1235781E+03  0.3352353E+01 -0.8193051E+00  0.0000000E+00
  0.4765250E+02 -0.1791820E+02  0.4801475E+01  0.0000000E+00
 -0.3442720E+02  0.2190888E+02 -0.9277328E+01  0.0000000E+00
  0.9396205E+02 -0.5053809E+02  0.1610275E+02  0.0000000E+00
 -0.2698246E+03  0.7967579E+02 -0.2820406E+02  0.0000000E+00
  0.1325986E+03 -0.1790735E+03  0.6269377E+02  0.0000000E+00
 -0.1913195E+03  0.1886894E+03 -0.4750509E+02  0.0000000E+00
  0.2306302E+03 -0.1444943E+03  0.1945490E+03  0.0000000E+00
 -0.3126749E+03  0.1193206E+03  0.1696796E+03  0.0000000E+00
 -0.7306023E+03  0.3222555E+03  0.1505489E+03  0.0000000E+00
 -0.9813587E+03  0.4440163E+03  0.1390706E+03  0.0000000E+00
  0.3162545E+02 -0.1143558E+01  0.7747222E+00  0.0000000E+00
 -0.2475310E+02  0.1109306E+02 -0.4291874E+01  0.0000000E+00
  0.1909053E+02 -0.1225308E+02  0.7668574E+01  0.0000000E+00
  0.1958879E+02  0.1700115E+02 -0.1459975E+02  0.0000000E+00
  0.6587011E+01 -0.4024113E+02  0.3429953E+02  0.0000000E+00
 -0.4221847E+02  0.1195334E+03 -0.9539534E+02  0.0000000E+00
 -0.3129982E+03 -0.5414616E+02  0.2368436E+01  0.0000000E+00
 -0.4055047E+03  0.2144814E+03 -0.2046219E+03  0.0000000E+00
 -0.6583658E+03  0.2046411E+02 -0.1169278E+03  0.0000000E+00
 -0.8528742E+03 -0.1287801E+03 -0.4947048E+02  0.0000000E+00
 -0.9695793E+03 -0.2183266E+03 -0.8996166E+01  0.0000000E+00
  0.2207198E+02 -0.2489237E+00  0.4155803E+00  0.0000000E+00
 -0.2591613E+02  0.5185784E+01 -0.1382092E+01  0.0000000E+00
  0.1608347E+02 -0.2213736E+01  0.2479731E+01  0.0000000E+00
 -0.8333445E+02  0.1310786E+02 -0.3891477E+01  0.0000000E+00
  0.9071789E+02 -0.9489030E+01  0.9384842E+01  0.0000000E+00
 -0.4383077E+02  0.6950077E+02 -0.4230622E+02  0.0000000E+00
 -0.5186388E+02  0.1345719E+03 -0.9928450E+01  0.0000000E+00
  0.1824170E+03 -0.1551690E+03  0.1240606E+02  0.0000000E+00
  0.1724893E+03 -0.2936684E+02  0.5341681E+02  0.0000000E+00
  0.1648526E+03  0.6740423E+02  0.8496352E+02  0.0000000E+00
  0.1602706E+03  0.1254668E+03  0.1038915E+03  0.0000000E+00
 -0.1226026E+02  0.1808678E+00  0.1822926E+00  0.0000000E+00
  0.2946354E+02 -0.2245089E+00  0.9506231E-01  0.0000000E+00
 -0.3598612E+02  0.1969696E+01  0.6205377E+00  0.0000000E+00
 -0.3052737E+02  0.5320420E+01  0.8805324E+00  0.0000000E+00
 -0.6197415E+02 -0.1213641E+02 -0.1998043E+01  0.0000000E+00
  0.1393007E+03 -0.4840467E+01  0.2173033E+02  0.0000000E+00
  0.1204785E+03 -0.4910263E+01  0.5240681E+02  0.0000000E+00
 -0.7236741E+02  0.2532292E+03 -0.5846937E+02  0.0000000E+00
  0.8856764E+02 -0.1164928E+02 -0.8050518E+02  0.0000000E+00
  0.2123640E+03 -0.2154019E+03 -0.9745561E+02  0.0000000E+00
  0.2866418E+03 -0.3376535E+03 -0.1076259E+03  0.0000000E+00
  0.2342311E+02  0.7391527E+00 -0.3642451E+00  0.0000000E+00
  0.1019837E+02 -0.2787833E+01  0.1463630E+01  0.0000000E+00
 -0.9422563E+00  0.2570936E+01 -0.2472494E+01  0.0000000E+00
  0.4252882E+02 -0.9679663E+01  0.1658011E+01  0.0000000E+00
  0.7757831E+02  0.7574774E+01 -0.5590051E+01  0.0000000E+00
  0.7319671E+02  0.2173962E+01  0.2155026E+02  0.0000000E+00
 -0.1837022E+02 -0.1192969E+03  0.2718930E+01  0.0000000E+00
  0.3331095E+02 -0.7010591E+02 -0.2588605E+02  0.0000000E+00
 -0.8225116E+01  0.1285326E+02 -0.2787412E+02  0.0000000E+00
 -0.4017578E+02  0.7666789E+02 -0.2940339E+02  0.0000000E+00
 -0.5934622E+02  0.1149567E+03 -0.3032095E+02  0.0000000E+00
 -0.5560928E+01  0.3384463E+00  0.4747067E-01  0.0000000E+00
  0.8682592E+01 -0.3146897E+01 -0.5775596E-01  0.0000000E+00
 -0.2090626E+02  0.4656622E+01  0.1138693E+01  0.0000000E+00
  0.5842196E+02 -0.1032819E+02 -0.7830283E+00  0.0000000E+00
  0.2876367E+02  0.2270773E+02  0.8656880E+00  0.0000000E+00
 -0.1417465E+03 -0.4460833E+02  0.3584088E+01  0.0000000E+00
  0.1296708E+03  0.1497318E+02  0.3563060E+01  0.0000000E+00
 -0.1536725E+02 -0.2087093E+02 -0.3176090E+01  0.0000000E+00
 -0.3321729E+02  0.2199177E+02 -0.1985478E+02  0.0000000E+00
 -0.4694789E+02  0.5496315E+02 -0.3268453E+02  0.0000000E+00
 -0.5518631E+02  0.7474595E+02 -0.4038238E+02  0.0000000E+00
  0.1025906E+03 -0.5357021E+03 -0.1835001E+03  0.0000000E+00
  0.3807544E+03 -0.4372880E+03  0.1421004E+03  0.0000000E+00
 -0.6844424E+03  0.2013071E+03 -0.7131718E+02  0.0000000E+00
 -0.4954207E+03  0.2428752E+02 -0.7109524E+02  0.0000000E+00
 -0.3992489E+03  0.1524112E+03 -0.1025144E+03  0.0000000E+00
 -0.2585586E+03 -0.3273684E+03 -0.4971663E+02  0.0000000E+00
  0.5168255E+03 -0.3580265E+03  0.1009399E+03  0.0000000E+00
 -0.3156083E+03  0.3726059E+03  0.7426280E+02  0.0000000E+00
  0.2736695E+03  0.1570815E+02  0.3287809E+02  0.0000000E+00
  0.7269599E+03 -0.2588291E+03  0.1043689E+01  0.0000000E+00
  0.9989342E+03 -0.4235513E+03 -0.1805695E+02  0.0000000E+00
 -0.5243645E+03 -0.5617774E+03 -0.2352112E+03  0.0000000E+00
  0.3403482E+03 -0.3130782E+03  0.1898512E+03  0.0000000E+00
 -0.5361796E+03  0.1494433E+03  0.2040937E+02  0.0000000E+00
 -0.7317300E+03 -0.2219934E+03 -0.3010711E+02  0.0000000E+00
 -0.2778736E+02 -0.4163689E+03  0.1217914E+03  0.0000000E+00
 -0.1612728E+03  0.1651761E+03  0.5071818E+02  0.0000000E+00
  0.5527155E+03 -0.5586267E+03 -0.3285031E+02  0.0000000E+00
 -0.5810994E+02  0.3884466E+03  0.8301929E+02  0.0000000E+00
  0.5548607E+02 -0.1604779E+03 -0.9171062E+02  0.0000000E+00
  0.1428669E+03 -0.5827274E+03 -0.2261182E+03  0.0000000E+00
  0.1952956E+03 -0.8360771E+03 -0.3067628E+03  0.0000000E+00
  0.3028012E+03  0.3995963E+02  0.3402967E+02  0.0000000E+00
 -0.2052547E+03  0.3379827E+03  0.2231693E+02  0.0000000E+00
  0.1309350E+03  0.3315238E+03 -0.8784193E+02  0.0000000E+00
  0.7488219E+03 -0.3085899E+03 -0.1457820E+03  0.0000000E+00
  0.1236982E+03  0.7199992E+03 -0.7586177E+02  0.0000000E+00
  0.1326888E+03  0.2570545E+03  0.1281851E+01  0.0000000E+00
  0.1124681E+03  0.1572541E+03 -0.8744257E+02  0.0000000E+00
 -0.1679988E+03  0.2338206E+03  0.4689345E+02  0.0000000E+00
 -0.1956152E+03  0.5902698E+03 -0.2846336E+03  0.0000000E+00
 -0.2168575E+03  0.8644616E+03 -0.5396543E+03  0.0000000E+00
 -0.2296032E+03  0.1028977E+04 -0.6926667E+03  0.0000000E+00
  0.2277647E+03 -0.2332353E+00  0.4322628E+00  0.0000000E+00
 -0.2004611E+02 -0.1841810E+01  0.4756899E+00  0.0000000E+00
 -0.2820990E+02  0.5135824E+01 -0.5212765E+00  0.0000000E+00
  0.6051599E+02 -0.7258155E+01 -0.5813126E+00  0.0000000E+00
 -0.1147055E+03  0.1338040E+02 -0.2668670E+01  0.0000000E+00
 -0.7953139E+02 -0.9039064E+01  0.1180501E+02  0.0000000E+00
  0.5856878E+02  0.7507397E+02 -0.7222592E+02  0.0000000E+00
 -0.2229274E+03 -0.1418481E+03  0.9098927E+01  0.0000000E+00
 -0.3164353E+03 -0.2871053E+02  0.7857583E+02  0.0000000E+00
 -0.3883639E+03  0.5831879E+02  0.1320197E+03  0.0000000E+00
 -0.4315212E+03  0.1105363E+03  0.1640860E+03  0.0000000E+00
 -0.7102838E+02  0.6144040E+00  0.1033532E+01  0.0000000E+00
  0.8552532E+01  0.2800834E+00 -0.2746263E+01  0.0000000E+00
  0.3210504E+02 -0.8187566E+01  0.4578052E+01  0.0000000E+00
 -0.6393998E+02  0.1250448E+02 -0.7119444E+01  0.0000000E+00
  0.1421685E+03 -0.2042922E+02  0.1631236E+02  0.0000000E+00
 -0.1732375E+03  0.2564078E+02 -0.3395954E+02  0.0000000E+00
  0.1503870E+03  0.1930575E+03  0.1515416E+03  0.0000000E+00
 -0.1039812E+03  0.1848634E+03  0.6185209E+02  0.0000000E+00
  0.1937162E+02  0.3312057E+03 -0.5294099E+02  0.0000000E+00
  0.1142586E+03  0.4437772E+03 -0.1412435E+03  0.0000000E+00
  0.1711907E+03  0.5113199E+03 -0.1942249E+03  0.0000000E+00
 -0.4917827E+02 -0.1673650E+00  0.2264642E+00  0.0000000E+00
  0.9133057E+01 -0.1445423E+01 -0.7892820E+00  0.0000000E+00
  0.1264942E+02 -0.1471264E+01  0.5463248E+00  0.0000000E+00
 -0.2620827E+02  0.5425632E+01  0.5654897E+00  0.0000000E+00
  0.4802707E+02 -0.2880905E+01 -0.2280989E+01  0.0000000E+00
 -0.4755714E+02 -0.2142510E+02 -0.6136949E+01  0.0000000E+00
  0.1623481E+03  0.3566146E+02  0.5973763E+02  0.0000000E+00
  0.1054864E+03 -0.2323984E+03  0.8178774E+01  0.0000000E+00
  0.1956142E+03 -0.6587939E+02  0.6508990E+02  0.0000000E+00
  0.2649431E+03  0.6221219E+02  0.1088677E+03  0.0000000E+00
  0.3065405E+03  0.1390671E+03  0.1351344E+03  0.0000000E+00
  0.2380656E+02  0.8047476E+00 -0.6566339E-01  0.0000000E+00
 -0.1717877E+02 -0.1931431E+01 -0.7245284E+00  0.0000000E+00
  0.2623189E+00  0.6418209E+01  0.6667718E+00  0.0000000E+00
  0.1463374E+02 -0.1367391E+02 -0.1407594E+01  0.0000000E+00
 -0.9422339E+02  0.3464283E+02  0.1926245E+01  0.0000000E+00
 -0.9932199E+02 -0.8022409E+02 -0.7981759E+01  0.0000000E+00
  0.1528013E+02  0.7881170E+02  0.2220612E+02  0.0000000E+00
 -0.1618742E+03  0.2586868E+03  0.7214662E+02  0.0000000E+00
 -0.4518269E+02  0.3419191E+02 -0.1864398E+02  0.0000000E+00
  0.4458005E+02 -0.1384964E+03 -0.8848289E+02  0.0000000E+00
  0.9843768E+02 -0.2421094E+03 -0.1303862E+03  0.0000000E+00
 -0.3030079E+02  0.1962388E+01  0.3274284E+00  0.0000000E+00
  0.8854194E+01  0.5798372E+01  0.2563257E+00  0.0000000E+00
 -0.3667765E+02 -0.6521250E+01 -0.5663534E+00  0.0000000E+00
  0.4771592E+02  0.6421112E+01  0.3301771E+00  0.0000000E+00
 -0.7172093E+02 -0.2907640E+02 -0.2073765E+01  0.0000000E+00
 -0.7870525E+02  0.2704670E+02  0.4469107E+01  0.0000000E+00
  0.1757187E+02 -0.5031318E+02 -0.2195680E+02  0.0000000E+00
 -0.4024085E+02 -0.6287855E+02 -0.1661304E+01  0.0000000E+00
 -0.1007855E+03 -0.4624290E+01  0.5060938E+01  0.0000000E+00
 -0.1473580E+03  0.4018648E+02  0.1023191E+02  0.0000000E+00
 -0.1753015E+03  0.6707300E+02  0.1333449E+02  0.0000000E+00
  0.1437283E+02 -0.8750902E+00 -0.3515868E+00  0.0000000E+00
  0.5043576E+02  0.4816803E+01  0.1007229E+01  0.0000000E+00
 -0.6862035E+02 -0.7604006E+01 -0.5187656E+00  0.0000000E+00
  0.6864148E+02  0.1371548E+02  0.2622770E+01  0.0000000E+00
 -0.3668012E+02 -0.3655228E+02 -0.5706919E+01  0.0000000E+00
  0.1624337E+03  0.2373701E+02  0.1600437E+02  0.0000000E+00
  0.1256318E+03 -0.1534633E+02 -0.5295922E+02  0.0000000E+00
 -0.4051902E+02  0.1310350E+02  0.2434241E+02  0.0000000E+00
 -0.4417811E+02 -0.6952670E+02 -0.2574758E+02  0.0000000E+00
 -0.4699246E+02 -0.1330885E+03 -0.6427827E+02  0.0000000E+00
 -0.4868116E+02 -0.1712255E+03 -0.8739670E+02  0.0000000E+00
  0.2940483E+02  0.2008575E+03 -0.6954164E+01  0.0000000E+00
  0.3134855E+03 -0.1364198E+04 -0.7811992E+01  0.0000000E+00
 -0.4326003E+03  0.9786855E+03 -0.8645172E+02  0.0000000E+00
  0.3446298E+03 -0.6070153E+03  0.1843633E+03  0.0000000E+00
  0.3713329E+03  0.2648228E+03  0.1331142E+03  0.0000000E+00
  0.3041977E+03  0.5025521E+03  0.1681877E+03  0.0000000E+00
  0.1225633E+03 -0.2132800E+03  0.2486425E+02  0.0000000E+00
  0.2249577E+03  0.4433496E+03  0.4284009E+02  0.0000000E+00
  0.4760754E+03  0.7494944E+02  0.3286140E+03  0.0000000E+00
  0.6692424E+03 -0.2084358E+03  0.5484401E+03  0.0000000E+00
  0.7851428E+03 -0.3784668E+03  0.6803357E+03  0.0000000E+00
  0.5719796E+01 -0.6119796E+02  0.1777369E+00  0.0000000E+00
  0.2773351E+03 -0.2934906E+03 -0.1947249E+02  0.0000000E+00
 -0.6152958E+03 -0.2227066E+03 -0.1760915E+03  0.0000000E+00
  0.6863859E+03 -0.7512746E+01 -0.1173870E+03  0.0000000E+00
 -0.2446991E+03 -0.3408533E+03 -0.1603873E+03  0.0000000E+00
  0.5471768E+03 -0.2890298E+02  0.3386363E+01  0.0000000E+00
 -0.1891954E+02  0.1349435E+03 -0.4450286E+02  0.0000000E+00
  0.3099144E+03 -0.1557479E+03  0.2481282E+03  0.0000000E+00
  0.4306511E+03 -0.6433873E+03  0.2019820E+03  0.0000000E+00
  0.5235249E+03 -0.1018495E+04  0.1664846E+03  0.0000000E+00
  0.5792493E+03 -0.1243560E+04  0.1451863E+03  0.0000000E+00
 -0.2416206E+03  0.3499346E+03  0.7922173E+02  0.0000000E+00
 -0.6397562E+02  0.5972833E+03 -0.7015315E+02  0.0000000E+00
  0.3740037E+03 -0.4378181E+03 -0.1210889E+02  0.0000000E+00
 -0.6307265E+02  0.5130157E+03 -0.4216378E+02  0.0000000E+00
 -0.3314056E+03 -0.7979880E+03 -0.1000890E+03  0.0000000E+00
  0.6333575E+02  0.8841274E+03 -0.1646707E+03  0.0000000E+00
  0.3252953E+03 -0.3172871E+03  0.1299931E+03  0.0000000E+00
  0.2452522E+03  0.4609421E+03 -0.5710112E+02  0.0000000E+00
 -0.3238875E+01  0.9120930E+02 -0.1456121E+03  0.0000000E+00
 -0.1943854E+03 -0.1932014E+03 -0.2136969E+03  0.0000000E+00
 -0.3090734E+03 -0.3638476E+03 -0.2545479E+03  0.0000000E+00
 -0.8583584E+00 -0.1770669E+01 -0.6907063E+00  0.0000000E+00
 -0.3976155E+02  0.8052548E+01  0.3597474E+01  0.0000000E+00
  0.6855996E+02 -0.6042342E+01 -0.7334148E+01  0.0000000E+00
 -0.5083110E+02  0.1881773E+02  0.1352542E+02  0.0000000E+00
  0.1046027E+03 -0.2709742E+02 -0.2174960E+02  0.0000000E+00
  0.2120672E+03  0.9049895E+02  0.3499435E+02  0.0000000E+00
  0.1045303E+03  0.3180948E+03 -0.4111753E+02  0.0000000E+00
  0.2211985E+03  0.1901663E+03  0.1694575E+03  0.0000000E+00
  0.2213078E+03  0.1358896E+03  0.6884447E+02  0.0000000E+00
  0.2213915E+03  0.9413839E+02 -0.8550464E+01  0.0000000E+00
  0.2214419E+03  0.6908762E+02 -0.5498735E+02  0.0000000E+00
  0.3094138E+01 -0.1434851E+01  0.1427654E+01  0.0000000E+00
 -0.4477724E+02 -0.7458623E+01 -0.8700564E+01  0.0000000E+00
  0.6175698E+02  0.7873760E+01  0.1665798E+02  0.0000000E+00
 -0.4557504E+02 -0.6281821E+01 -0.2765654E+02  0.0000000E+00
  0.1801255E+03  0.5723976E+01  0.5173664E+02  0.0000000E+00
 -0.1590559E+03 -0.1808832E+02 -0.8069873E+02  0.0000000E+00
  0.3858755E+03 -0.2709314E+03  0.2610686E+03  0.0000000E+00
 -0.1227466E+03  0.1627514E+03 -0.1344578E+03  0.0000000E+00
  0.6441152E+02 -0.1825738E+03  0.1238970E+02  0.0000000E+00
  0.2083794E+03 -0.4482095E+03  0.1253497E+03  0.0000000E+00
  0.2947602E+03 -0.6075906E+03  0.1931256E+03  0.0000000E+00
  0.5739003E+01  0.7861396E+00 -0.4653259E+00  0.0000000E+00
  0.5450813E+02 -0.8700135E+01  0.2369054E+01  0.0000000E+00
 -0.7675280E+02  0.8000086E+01 -0.2972089E+01  0.0000000E+00
  0.5952519E+02 -0.1756309E+02  0.7255352E+01  0.0000000E+00
  0.2217096E+02  0.4721684E+02 -0.1461671E+02  0.0000000E+00
 -0.1705648E+02 -0.1548636E+03  0.4101561E+02  0.0000000E+00
 -0.1976122E+03 -0.1976024E+03 -0.6499190E+02  0.0000000E+00
 -0.2023292E+03  0.4373418E+03  0.6194430E+01  0.0000000E+00
 -0.1806579E+03  0.9719745E+02 -0.2083191E+02  0.0000000E+00
 -0.1639876E+03 -0.1644521E+03 -0.4162138E+02  0.0000000E+00
 -0.1539854E+03 -0.3214418E+03 -0.5409507E+02  0.0000000E+00
  0.8896245E+01  0.7349138E+00  0.1535626E+01  0.0000000E+00
  0.5144961E+02  0.3801857E+01 -0.9111547E+01  0.0000000E+00
 -0.3497293E+02 -0.1017676E+02  0.1721080E+02  0.0000000E+00
 -0.3512918E+02  0.7269715E+01 -0.2856120E+02  0.0000000E+00
 -0.5734899E+02 -0.2268764E+02  0.5630342E+02  0.0000000E+00
 -0.1865988E+03  0.3864361E+02 -0.9813756E+02  0.0000000E+00
  0.3532991E+02 -0.6909549E+01  0.2085811E+03  0.0000000E+00
 -0.1187347E+03 -0.6156614E+02 -0.1475555E+03  0.0000000E+00
 -0.2047949E+03  0.5402822E+02 -0.5379593E+02  0.0000000E+00
 -0.2709955E+03  0.1429467E+03  0.1832709E+02  0.0000000E+00
 -0.3107157E+03  0.1962979E+03  0.6160084E+02  0.0000000E+00
 -0.1723286E+02  0.2255781E+01  0.7876552E+00  0.0000000E+00
 -0.2028539E+02  0.5391267E+00 -0.2955844E+01  0.0000000E+00
  0.2659935E+02  0.1420980E+01  0.3108809E+01  0.0000000E+00
 -0.5004266E+02 -0.3867316E+01 -0.6355167E+01  0.0000000E+00
  0.7405527E+02 -0.5859916E+01  0.1215817E+02  0.0000000E+00
 -0.1149592E+03  0.8533528E+02 -0.3108081E+02  0.0000000E+00
  0.1105067E+03  0.6249623E+02 -0.2243017E+02  0.0000000E+00
 -0.8808382E+02  0.6377831E+02 -0.8416429E+02  0.0000000E+00
 -0.7652381E+02  0.5851966E+02 -0.1012187E+03  0.0000000E+00
 -0.6763129E+02  0.5447472E+02 -0.1143374E+03  0.0000000E+00
 -0.6229583E+02  0.5204770E+02 -0.1222086E+03  0.0000000E+00
  0.4022959E+01  0.4017051E+00  0.5155504E+00  0.0000000E+00
 -0.1650217E+02  0.3513117E+01 -0.3623481E+01  0.0000000E+00
  0.1610024E+02 -0.1985180E+01  0.6341161E+01  0.0000000E+00
  0.5113056E+02  0.7231593E+01 -0.8803326E+01  0.0000000E+00
  0.2362800E+02 -0.1552671E+02  0.1961079E+02  0.0000000E+00
  0.5125764E+02  0.2912595E+02 -0.3785950E+02  0.0000000E+00
  0.2440403E+03 -0.2407173E+02  0.9617152E+02  0.0000000E+00
  0.9173679E+02 -0.9017008E+00 -0.5317219E+02  0.0000000E+00
 -0.8540917E+02 -0.3750489E+02 -0.1961799E+02  0.0000000E+00
 -0.2216752E+03 -0.6566118E+02  0.6193048E+01  0.0000000E+00
 -0.3034349E+03 -0.8255496E+02  0.2167964E+02  0.0000000E+00
 -0.1491992E+03  0.5902542E+02  0.3104807E+02  0.0000000E+00
 -0.2821865E+03  0.1827581E+02 -0.1176804E+02  0.0000000E+00
 -0.9706277E+02 -0.4570246E+02  0.5086892E+02  0.0000000E+00
 -0.2362195E+02  0.3462370E+03  0.6729904E+02  0.0000000E+00
 -0.1977062E+03 -0.1675218E+02 -0.9709652E+02  0.0000000E+00
 -0.1992156E+03  0.3769046E+02  0.6574737E+01  0.0000000E+00
 -0.1620489E+03 -0.2591741E+02  0.2016347E+02  0.0000000E+00
 -0.7513427E+02  0.8204831E+02  0.9509672E+01  0.0000000E+00
  0.1467669E+03 -0.2269017E+02  0.3533638E+02  0.0000000E+00
  0.3174598E+03 -0.1032585E+03  0.5520317E+02  0.0000000E+00
  0.4198757E+03 -0.1515995E+03  0.6712322E+02  0.0000000E+00
  0.2986500E+03 -0.3132332E+02  0.2252151E+02  0.0000000E+00
 -0.4294858E+03  0.1186329E+03 -0.5088516E+02  0.0000000E+00
  0.2276922E+03 -0.1565177E+03  0.6638050E+02  0.0000000E+00
 -0.1103453E+03  0.6653287E+03  0.8065915E+02  0.0000000E+00
 -0.2994513E+03 -0.3018766E+03 -0.5083966E+01  0.0000000E+00
  0.1668155E+03  0.3111737E+02 -0.7177311E+02  0.0000000E+00
 -0.1070457E+03 -0.1440188E+03  0.5801089E+02  0.0000000E+00
 -0.1219967E+03  0.1348383E+03 -0.1227952E+03  0.0000000E+00
 -0.2710824E+03  0.6107142E+01 -0.8091798E+02  0.0000000E+00
 -0.3857634E+03 -0.9291699E+02 -0.4870446E+02  0.0000000E+00
 -0.4545721E+03 -0.1523314E+03 -0.2937643E+02  0.0000000E+00
 -0.7884480E+01 -0.6824930E+02 -0.7422729E+01  0.0000000E+00
 -0.2002647E+02  0.6821973E+02 -0.3765942E+01  0.0000000E+00
 -0.1055282E+03  0.2675293E+01  0.4163558E+02  0.0000000E+00
  0.2759741E+03 -0.1224093E+03  0.4666035E+01  0.0000000E+00
  0.2376275E+03 -0.1342149E+03  0.2999028E+02  0.0000000E+00
 -0.1688861E+03 -0.3991265E+02  0.4382432E+01  0.0000000E+00
  0.4589507E+02  0.6678122E+02 -0.3750703E+01  0.0000000E+00
  0.2139386E+03 -0.1902358E+03  0.7028495E+02  0.0000000E+00
  0.1722105E+03  0.1256846E+02  0.8878867E+02  0.0000000E+00
  0.1401118E+03  0.1685718E+03  0.1030222E+03  0.0000000E+00
  0.1208526E+03  0.2621737E+03  0.1115623E+03  0.0000000E+00
 -0.2051333E+03  0.1852450E+01  0.2171277E+00  0.0000000E+00
  0.2960271E+02 -0.8760327E+01 -0.2458731E+01  0.0000000E+00
 -0.8509953E+01  0.1733899E+02  0.1721897E+01  0.0000000E+00
 -0.1663091E+02 -0.3237947E+02 -0.4199563E+01  0.0000000E+00
  0.1055869E+03  0.2565440E+02  0.6120447E+01  0.0000000E+00
 -0.9654067E+02 -0.4891880E+02 -0.6609207E+01  0.0000000E+00
  0.3464807E+02  0.1423822E+03  0.4532967E+02  0.0000000E+00
 -0.2928076E+03 -0.3148670E+02 -0.5204564E+02  0.0000000E+00
 -0.2705632E+03  0.3157079E+02 -0.3987550E+02  0.0000000E+00
 -0.2534518E+03  0.8007670E+02 -0.3051372E+02  0.0000000E+00
 -0.2431850E+03  0.1091802E+03 -0.2489669E+02  0.0000000E+00
  0.4393551E+02  0.8219807E+00 -0.5606983E+00  0.0000000E+00
  0.2439841E+02  0.1524443E+01  0.3175683E+01  0.0000000E+00
  0.1282529E+02 -0.5928385E+01 -0.5365295E+01  0.0000000E+00
  0.4725647E+02  0.8805797E+01  0.8153413E+01  0.0000000E+00
 -0.1165005E+03 -0.3093789E+01 -0.1519239E+02  0.0000000E+00
  0.2888033E+01 -0.3038475E+02  0.2452605E+02  0.0000000E+00
  0.5957795E+02 -0.1244762E+03 -0.5043906E+02  0.0000000E+00
  0.1689672E+03  0.5266659E+02  0.4548735E+02  0.0000000E+00
 -0.6436186E+02  0.2551151E+01  0.3967320E+02  0.0000000E+00
 -0.2438458E+03 -0.3599927E+02  0.3520087E+02  0.0000000E+00
 -0.3515361E+03 -0.5912950E+02  0.3251745E+02  0.0000000E+00
  0.4322543E+02  0.8739251E+00 -0.2704056E+00  0.0000000E+00
 -0.2131245E+02  0.7430434E+00  0.9724725E+00  0.0000000E+00
  0.4544200E+02 -0.5864968E+01 -0.7847978E+00  0.0000000E+00
 -0.5388757E+02  0.1077316E+02  0.1117389E+01  0.0000000E+00
 -0.1146397E+03  0.7002328E+01 -0.3312720E+01  0.0000000E+00
  0.1128608E+03 -0.5569680E+02 -0.2353422E+01  0.0000000E+00
  0.7022250E+02  0.9807918E+02 -0.2969097E+02  0.0000000E+00
 -0.1564431E+03 -0.7783486E+02  0.1525716E+02  0.0000000E+00
 -0.6623817E+02 -0.2630918E+02 -0.1415206E+02  0.0000000E+00
  0.3150390E+01  0.1332614E+02 -0.3677452E+02  0.0000000E+00
  0.4478349E+02  0.3710729E+02 -0.5034800E+02  0.0000000E+00
 -0.7470369E+01 -0.1627571E+01  0.1832773E+00  0.0000000E+00
 -0.2504362E+02  0.4531115E+01 -0.9362085E+00  0.0000000E+00
 -0.4253528E+02 -0.6227349E+01  0.9344730E+00  0.0000000E+00
 -0.3506022E+02  0.1226554E+02 -0.2413075E+01  0.0000000E+00
 -0.1706146E+02 -0.2220045E+02  0.2470701E+01  0.0000000E+00
 -0.6842622E+02  0.7579974E+02 -0.1121343E+02  0.0000000E+00
  0.6063651E+02 -0.5313284E+02 -0.1313753E+02  0.0000000E+00
 -0.1991916E+02  0.1904196E+02  0.5234678E+02  0.0000000E+00
 -0.1159465E+03  0.1252801E+02  0.2701058E+02  0.0000000E+00
 -0.1898137E+03  0.7517103E+01  0.7521321E+01  0.0000000E+00
 -0.2341341E+03  0.4510604E+01 -0.4172266E+01  0.0000000E+00
  0.2836865E+02 -0.4479359E-03 -0.4166703E+00  0.0000000E+00
 -0.8433115E+01 -0.1127379E+01  0.1549327E+01  0.0000000E+00
 -0.9230300E+01  0.4194569E+01 -0.1580227E+01  0.0000000E+00
  0.2545016E+02 -0.1075361E+02  0.2786669E+01  0.0000000E+00
  0.4485466E+02  0.1284830E+02 -0.5049728E+01  0.0000000E+00
 -0.1006077E+02 -0.1190984E+02  0.1161780E+02  0.0000000E+00
  0.3688924E+02  0.2850485E+02 -0.2121323E+02  0.0000000E+00
 -0.3081352E+02  0.2501247E+00  0.3734768E+02  0.0000000E+00
 -0.9839873E+02 -0.4828612E+01 -0.1192639E+01  0.0000000E+00
 -0.1503871E+03 -0.8735240E+01 -0.3083905E+02  0.0000000E+00
 -0.1815802E+03 -0.1107924E+02 -0.4862689E+02  0.0000000E+00
 -0.1794349E+02 -0.1016028E+01  0.6838899E-02  0.0000000E+00
  0.1190803E+02 -0.3168194E+01 -0.5671496E+00  0.0000000E+00
  0.8888948E+01  0.6353474E+01  0.1010878E+01  0.0000000E+00
  0.5111675E+02 -0.8203437E+01 -0.5280868E+00  0.0000000E+00
 -0.1401366E+02  0.2011554E+02 -0.2408727E+01  0.0000000E+00
 -0.1157903E+03 -0.2804083E+02  0.8231082E+01  0.0000000E+00
  0.1584576E+03  0.1642925E+02  0.2040622E+02  0.0000000E+00
 -0.1019491E+02 -0.1494369E+02 -0.4102834E+00  0.0000000E+00
  0.6787730E+02 -0.8659914E+01  0.1207695E+02  0.0000000E+00
  0.1279325E+03 -0.3826304E+01  0.2168260E+02  0.0000000E+00
  0.1639657E+03 -0.9261207E+00  0.2744597E+02  0.0000000E+00
 -0.1097603E+03  0.1731266E+03  0.8395915E+02  0.0000000E+00
 -0.1959952E+03  0.2892597E+03 -0.6048595E+02  0.0000000E+00
  0.3849973E+02 -0.4264393E+03  0.1575789E+02  0.0000000E+00
 -0.2718556E+03  0.2857821E+03 -0.4369964E+02  0.0000000E+00
 -0.2237653E+03 -0.1403597E+03 -0.5307525E+02  0.0000000E+00
 -0.1347544E+02 -0.1742155E+03 -0.1066686E+02  0.0000000E+00
 -0.2362763E+03  0.3715421E+02  0.2764552E+02  0.0000000E+00
 -0.8640727E+02 -0.6502928E+02 -0.4404903E+02  0.0000000E+00
 -0.1846378E+03 -0.1214396E+03 -0.2274175E+02  0.0000000E+00
 -0.2601999E+03 -0.1648322E+03 -0.6351541E+01  0.0000000E+00
 -0.3055372E+03 -0.1908678E+03  0.3482587E+01  0.0000000E+00
 -0.1324033E+03  0.2763157E+01  0.4703821E+02  0.0000000E+00
 -0.4537469E+03  0.2783593E+03 -0.6825911E+02  0.0000000E+00
  0.3510768E+03 -0.3322242E+03  0.6505824E+02  0.0000000E+00
 -0.2207065E+03  0.3167961E+03 -0.1100798E+03  0.0000000E+00
 -0.2286945E+03  0.9694480E+02 -0.5919332E+01  0.0000000E+00
 -0.3335559E+02 -0.1507661E+03  0.2731780E+02  0.0000000E+00
  0.1878381E+00 -0.2058762E+01 -0.1980649E+02  0.0000000E+00
 -0.2488170E+03  0.4487378E+02 -0.1038634E+02  0.0000000E+00
 -0.2399545E+03 -0.1778296E+03 -0.4947750E+00  0.0000000E+00
 -0.2331367E+03 -0.3491402E+03  0.7114053E+01  0.0000000E+00
 -0.2290461E+03 -0.4519265E+03  0.1167937E+02  0.0000000E+00
  0.1288415E+03 -0.1567853E+03 -0.5422888E+02  0.0000000E+00
  0.1480450E+00 -0.2967244E+03  0.4147851E+02  0.0000000E+00
 -0.2009729E+02  0.3045784E+03 -0.3496810E+02  0.0000000E+00
  0.1648502E+03 -0.4037973E+03  0.1878455E+01  0.0000000E+00
  0.2537806E+03  0.4940514E+02  0.6731027E+02  0.0000000E+00
  0.9246386E+01 -0.2500295E+03 -0.7993889E+01  0.0000000E+00
  0.3707523E+02 -0.3231761E+02 -0.1075121E+02  0.0000000E+00
  0.2677857E+03 -0.1666221E+03 -0.1313197E+02  0.0000000E+00
  0.4696476E+01 -0.8666899E+02 -0.4397844E+02  0.0000000E+00
 -0.1976802E+03 -0.2516671E+02 -0.6770647E+02  0.0000000E+00
 -0.3191061E+03  0.1173467E+02 -0.8194330E+02  0.0000000E+00
  0.1187617E+02  0.1264616E+01  0.3534684E+00  0.0000000E+00
  0.1088984E+02 -0.1341539E+01 -0.1110167E+01  0.0000000E+00
 -0.3410996E+02  0.2218831E+01 -0.5195922E+00  0.0000000E+00
  0.2731392E+02 -0.4706008E+01  0.3515360E-01  0.0000000E+00
 -0.2716597E+02  0.1149403E+02  0.9726341E+00  0.0000000E+00
 -0.8782097E+02 -0.1750289E+02 -0.3909159E+01  0.0000000E+00
 -0.8873642E+02 -0.1377643E+03 -0.2439330E+02  0.0000000E+00
 -0.1535062E+03 -0.1371719E+02 -0.2595554E+02  0.0000000E+00
 -0.7586226E+02 -0.2100042E+03  0.9995246E+01  0.0000000E+00
 -0.1613603E+02 -0.3609942E+03  0.3764965E+02  0.0000000E+00
  0.1969967E+02 -0.4515883E+03  0.5424231E+02  0.0000000E+00
 -0.2149641E+02  0.1100227E+01 -0.3276392E-01  0.0000000E+00
  0.4895167E+02  0.3310861E+01  0.7606314E+00  0.0000000E+00
 -0.4340884E+02  0.4991069E+00  0.1469571E+00  0.0000000E+00
  0.1574565E+02 -0.1811447E+01 -0.1118475E+01  0.0000000E+00
 -0.6197959E+02  0.2678440E+00  0.1154727E+01  0.0000000E+00
  0.1400259E+03 -0.4029870E+02  0.1436345E+01  0.0000000E+00
 -0.1447393E+03  0.3759608E+02  0.1068176E+02  0.0000000E+00
 -0.2883263E+02 -0.8229428E+02  0.1638878E+02  0.0000000E+00
  0.4065098E+02 -0.5156647E+02 -0.9377908E+01  0.0000000E+00
  0.9409988E+02 -0.2792962E+02 -0.2919848E+02  0.0000000E+00
  0.1261692E+03 -0.1374753E+02 -0.4109081E+02  0.0000000E+00
  0.7241640E+01 -0.3717135E+00 -0.2268490E+00  0.0000000E+00
  0.6106668E+01  0.7724130E+01  0.8967932E+00  0.0000000E+00
  0.2568784E+02 -0.9343290E+01  0.3984001E+00  0.0000000E+00
  0.6329129E+01  0.1115868E+02  0.1405708E+01  0.0000000E+00
 -0.7038345E+02 -0.2061838E+02 -0.2766980E+01  0.0000000E+00
  0.6678150E+02  0.4437536E+02  0.4988296E+01  0.0000000E+00
 -0.6098008E+02 -0.4584498E+02 -0.2113574E+01  0.0000000E+00
 -0.1006194E+03  0.1288171E+01 -0.4520046E+01  0.0000000E+00
 -0.1012079E+03 -0.1035336E+03  0.1554804E+02  0.0000000E+00
 -0.1016608E+03 -0.1841657E+03  0.3098498E+02  0.0000000E+00
 -0.1019325E+03 -0.2325450E+03  0.4024716E+02  0.0000000E+00
 -0.2286309E+00 -0.1175717E+01  0.9947296E-01  0.0000000E+00
 -0.1954231E+02 -0.3198709E+00 -0.5651301E-01  0.0000000E+00
 -0.7950862E+01 -0.5392358E+01 -0.5135269E+00  0.0000000E+00
  0.3384393E+02  0.1179240E+02  0.1197394E+01  0.0000000E+00
 -0.4587849E+02 -0.8775197E+01 -0.3101701E+01  0.0000000E+00
  0.8915405E+02  0.1300268E+02  0.5460197E+01  0.0000000E+00
 -0.3414523E+02 -0.2751367E+02  0.4465685E+01  0.0000000E+00
 -0.5292344E+01 -0.6939718E+00  0.2104540E+01  0.0000000E+00
  0.7199694E+02  0.2525478E+02  0.8434421E+01  0.0000000E+00
  0.1314503E+03  0.4521534E+02  0.1330354E+02  0.0000000E+00
  0.1671223E+03  0.5719168E+02  0.1622502E+02  0.0000000E+00
 -0.7304585E-01 -0.1347923E+01 -0.2583805E+00  0.0000000E+00
 -0.1990999E+02 -0.4358211E+01  0.7762514E+00  0.0000000E+00
  0.1862013E+01  0.3683744E+01 -0.2668606E+01  0.0000000E+00
 -0.2562750E+02 -0.5339686E+00  0.2986527E+01  0.0000000E+00
  0.1871747E+01  0.6205597E+00 -0.6372224E+01  0.0000000E+00
 -0.4313536E+02 -0.1765053E+02  0.1382575E+02  0.0000000E+00
  0.7215165E+02  0.3307422E+01 -0.1565548E+02  0.0000000E+00
 -0.7009968E+02 -0.3637203E+02  0.2932334E+02  0.0000000E+00
  0.1583767E+02 -0.2566013E+02  0.1062382E+02  0.0000000E+00
  0.8194355E+02 -0.1742007E+02 -0.3760475E+01  0.0000000E+00
  0.1216070E+03 -0.1247607E+02 -0.1239104E+02  0.0000000E+00
  0.4276250E+01 -0.6346523E+00  0.2401589E+00  0.0000000E+00
 -0.1707122E+02  0.6928294E+00 -0.3348910E+00  0.0000000E+00
  0.3625634E+02 -0.3536900E+01  0.7063846E+00  0.0000000E+00
 -0.5353674E+01  0.6330904E+01  0.1775747E+00  0.0000000E+00
  0.1674816E+02 -0.1645287E+02 -0.1855197E+01  0.0000000E+00
 -0.5090226E+02  0.1521694E+02  0.2917726E+01  0.0000000E+00
 -0.1572174E+03 -0.2369158E+02 -0.2553647E+02  0.0000000E+00
  0.4158362E+02  0.2471013E+02  0.5730883E+01  0.0000000E+00
 -0.5597733E+02  0.2078040E+02  0.1362283E+02  0.0000000E+00
 -0.1310242E+03  0.1775757E+02  0.1969353E+02  0.0000000E+00
 -0.1760523E+03  0.1594386E+02  0.2333596E+02  0.0000000E+00
 -0.9926163E+01  0.7960939E+01 -0.8066692E+00  0.0000000E+00
 -0.1472428E+02 -0.2424574E+02  0.1588105E+01  0.0000000E+00
  0.5573129E+02  0.2601286E+02  0.6338575E+01  0.0000000E+00
  0.2960020E+02  0.3363331E+02  0.9847916E+01  0.0000000E+00
  0.9665918E+02  0.1086044E+03 -0.1012188E+02  0.0000000E+00
  0.8768471E+01  0.4368380E+02  0.7995909E+01  0.0000000E+00
  0.2253539E+02  0.8709624E+01  0.7957217E+01  0.0000000E+00
 -0.1768867E+02  0.1414142E+02 -0.8400874E+01  0.0000000E+00
 -0.8967977E+01 -0.1439996E+02 -0.6195129E+01  0.0000000E+00
 -0.2259735E+01 -0.3635485E+02 -0.4498395E+01  0.0000000E+00
  0.1765206E+01 -0.4952779E+02 -0.3480356E+01  0.0000000E+00
 -0.7560361E+01  0.4969488E+01 -0.3346466E+00  0.0000000E+00
  0.1827633E+02 -0.1056272E+02  0.5787982E+01  0.0000000E+00
  0.8664825E+01 -0.3716411E+01 -0.1300977E+02  0.0000000E+00
  0.3697091E+02 -0.1865590E+02  0.8763742E+01  0.0000000E+00
  0.8182479E+01  0.6135488E+01  0.1115081E+02  0.0000000E+00
  0.9888371E+01  0.6200070E+01 -0.7297886E+01  0.0000000E+00
  0.8522440E+01  0.2245759E+02  0.1033522E+02  0.0000000E+00
  0.1151457E+02 -0.2236287E+02 -0.1782371E+00  0.0000000E+00
 -0.1328581E+02 -0.2028718E+02  0.3040600E+00  0.0000000E+00
 -0.3236301E+02 -0.1869051E+02  0.6750670E+00  0.0000000E+00
 -0.4380933E+02 -0.1773251E+02  0.8976691E+00  0.0000000E+00
 -0.8254507E+01 -0.3069580E+01  0.1170342E+01  0.0000000E+00
 -0.5763111E+01  0.2772299E+02 -0.4315556E+01  0.0000000E+00
 -0.9996504E+01  0.7796858E+01  0.6095265E+01  0.0000000E+00
 -0.1433764E+02  0.8997601E+01 -0.1589422E+01  0.0000000E+00
 -0.4061628E+02 -0.1962092E+02  0.1931622E+01  0.0000000E+00
  0.8283723E+01  0.1432480E+01 -0.6276776E+01  0.0000000E+00
  0.6295449E+01  0.1340204E+02  0.3697378E+01  0.0000000E+00
  0.7584121E+01 -0.9735518E+01  0.1087763E+01  0.0000000E+00
  0.2844090E+02 -0.2053712E+02  0.4693341E+01  0.0000000E+00
  0.4448456E+02 -0.2884601E+02  0.7466857E+01  0.0000000E+00
  0.5411076E+02 -0.3383135E+02  0.9130967E+01  0.0000000E+00
  0.4600317E+01 -0.1349157E+00  0.2973636E-01  0.0000000E+00
 -0.1629404E+01  0.7121200E+00 -0.1748882E+00  0.0000000E+00
  0.1002023E+01 -0.8988314E+00  0.3389765E+00  0.0000000E+00
 -0.3142318E+01  0.1999404E+01 -0.5930643E+00  0.0000000E+00
  0.9528330E+01 -0.3193390E+01  0.1046216E+01  0.0000000E+00
 -0.4477057E+01  0.6964642E+01 -0.2347014E+01  0.0000000E+00
  0.6837724E+01 -0.6662334E+01  0.1634177E+01  0.0000000E+00
 -0.8869638E+01  0.6249695E+01 -0.7354961E+01  0.0000000E+00
  0.9882498E+01 -0.2282721E+01 -0.6170414E+01  0.0000000E+00
  0.2430724E+02 -0.8846131E+01 -0.5259211E+01  0.0000000E+00
  0.3296207E+02 -0.1278417E+02 -0.4712492E+01  0.0000000E+00
 -0.1163285E+01  0.3411936E-01 -0.2868762E-01  0.0000000E+00
  0.6743017E+00 -0.3683081E+00  0.1605197E+00  0.0000000E+00
 -0.5341276E+00  0.3646614E+00 -0.2899424E+00  0.0000000E+00
 -0.5535299E+00 -0.5070212E+00  0.5499828E+00  0.0000000E+00
 -0.4406202E+00  0.1450668E+01 -0.1278965E+01  0.0000000E+00
  0.1668208E+01 -0.4305568E+01  0.3574245E+01  0.0000000E+00
  0.1271857E+02  0.3186496E+01 -0.4256429E-01  0.0000000E+00
  0.1523090E+02 -0.8099702E+01  0.7784544E+01  0.0000000E+00
  0.2461006E+02  0.1052900E+01  0.4445984E+01  0.0000000E+00
  0.3182479E+02  0.8093369E+01  0.1877849E+01  0.0000000E+00
  0.3615363E+02  0.1231765E+02  0.3369713E+00  0.0000000E+00
 -0.8609660E+00  0.1226068E-01 -0.1622594E-01  0.0000000E+00
  0.9941337E+00 -0.2148683E+00  0.5428995E-01  0.0000000E+00
 -0.2662434E+00  0.1069258E+00 -0.9860308E-01  0.0000000E+00
  0.2556159E+01 -0.5430191E+00  0.1564629E+00  0.0000000E+00
 -0.2959492E+01  0.5103612E+00 -0.3733086E+00  0.0000000E+00
  0.1516314E+01 -0.2811452E+01  0.1648859E+01  0.0000000E+00
  0.1512616E+01 -0.4574924E+01  0.2224719E+00  0.0000000E+00
 -0.6504623E+01  0.5821650E+01 -0.4442451E+00  0.0000000E+00
 -0.6348163E+01  0.1374957E+01 -0.1905537E+01  0.0000000E+00
 -0.6227808E+01 -0.2045581E+01 -0.3029607E+01  0.0000000E+00
 -0.6155596E+01 -0.4097903E+01 -0.3704049E+01  0.0000000E+00
  0.4471496E+00  0.7972194E-03 -0.6672836E-02  0.0000000E+00
 -0.6468248E+00 -0.3047846E-01 -0.5098772E-02  0.0000000E+00
  0.9735637E+00  0.1286506E-01 -0.1915007E-01  0.0000000E+00
  0.9483489E+00 -0.2956995E+00 -0.4349889E-01  0.0000000E+00
  0.2619022E+01  0.4913050E+00  0.7617515E-01  0.0000000E+00
 -0.5436015E+01 -0.1059112E+00 -0.8102253E+00  0.0000000E+00
 -0.4323434E+01 -0.7795534E-01 -0.1992542E+01  0.0000000E+00
  0.2958066E+01 -0.9607575E+01  0.2135929E+01  0.0000000E+00
 -0.3351582E+01  0.5204349E-01  0.2985535E+01  0.0000000E+00
 -0.8205163E+01  0.7482518E+01  0.3639071E+01  0.0000000E+00
 -0.1111731E+02  0.1194080E+02  0.4031194E+01  0.0000000E+00
 -0.8387853E+00 -0.2812608E-01  0.1370387E-01  0.0000000E+00
 -0.5680204E+00  0.1147332E+00 -0.5523490E-01  0.0000000E+00
 -0.4626638E-01 -0.1080471E+00  0.9284677E-01  0.0000000E+00
 -0.1404081E+01  0.4025279E+00 -0.6085581E-01  0.0000000E+00
 -0.2801061E+01 -0.3923066E+00  0.2088215E+00  0.0000000E+00
 -0.2796670E+01  0.1942566E-01 -0.8113152E+00  0.0000000E+00
  0.7201312E+00  0.4341449E+01 -0.1046998E+00  0.0000000E+00
 -0.1299954E+01  0.2669223E+01  0.9574676E+00  0.0000000E+00
  0.4793213E+00 -0.4491379E+00  0.1037139E+01  0.0000000E+00
  0.1847989E+01 -0.2847872E+01  0.1098424E+01  0.0000000E+00
  0.2669191E+01 -0.4287114E+01  0.1135195E+01  0.0000000E+00
  0.1995647E+00 -0.1710220E-01 -0.2462039E-02  0.0000000E+00
 -0.4406104E+00  0.1462425E+00  0.3117817E-02  0.0000000E+00
  0.9258473E+00 -0.2265587E+00 -0.4401299E-01  0.0000000E+00
 -0.2144645E+01  0.4585648E+00  0.3608455E-01  0.0000000E+00
 -0.1195061E+01 -0.9181930E+00 -0.4144889E-01  0.0000000E+00
  0.5259617E+01  0.1845699E+01 -0.1242869E+00  0.0000000E+00
 -0.4971453E+01 -0.6683152E+00 -0.1634140E+00  0.0000000E+00
  0.5947054E+00  0.7285478E+00  0.1539163E+00  0.0000000E+00
  0.1272201E+01 -0.1164589E+01  0.7186367E+00  0.0000000E+00
  0.1793343E+01 -0.2620851E+01  0.1153037E+01  0.0000000E+00
  0.2106031E+01 -0.3494607E+01  0.1413677E+01  0.0000000E+00
 -0.4024811E+01  0.2013242E+02  0.6710892E+01  0.0000000E+00
 -0.1577736E+02  0.1388249E+02 -0.5563489E+01  0.0000000E+00
  0.2587581E+02 -0.4601673E+01  0.2777266E+01  0.0000000E+00
  0.1782675E+02 -0.7379873E+01  0.2819543E+01  0.0000000E+00
  0.1545055E+02 -0.5746952E+01  0.3033977E+01  0.0000000E+00
  0.6760924E+01  0.1055480E+02  0.2242118E+01  0.0000000E+00
 -0.2115171E+02  0.1189568E+02 -0.4004940E+01  0.0000000E+00
  0.9698061E+01 -0.1655442E+02 -0.2644433E+01  0.0000000E+00
 -0.1118837E+02 -0.2349622E+01 -0.2109196E+01  0.0000000E+00
 -0.2725484E+02  0.8577165E+01 -0.1697476E+01  0.0000000E+00
 -0.3689472E+02  0.1513323E+02 -0.1450443E+01  0.0000000E+00
  0.1973158E+02  0.2152827E+02  0.8621859E+01  0.0000000E+00
 -0.1432297E+02  0.8588488E+01 -0.7101714E+01  0.0000000E+00
  0.2104490E+02 -0.2558346E+01 -0.7252421E+00  0.0000000E+00
  0.2753397E+02  0.2350796E+01  0.1317694E+01  0.0000000E+00
 -0.1339169E+01  0.1509781E+02 -0.5533117E+01  0.0000000E+00
  0.4401227E+01 -0.7159567E+01 -0.1758537E+01  0.0000000E+00
 -0.2058653E+02  0.2056101E+02  0.1157373E+01  0.0000000E+00
  0.2116597E+01 -0.1288282E+02 -0.3068256E+01  0.0000000E+00
 -0.8082911E+00  0.3497813E+01  0.3357480E+01  0.0000000E+00
 -0.3058181E+01  0.1609829E+02  0.8300353E+01  0.0000000E+00
 -0.4408120E+01  0.2365858E+02  0.1126608E+02  0.0000000E+00
 -0.1129797E+02 -0.1047095E+01 -0.1230725E+01  0.0000000E+00
  0.6577456E+01 -0.1247460E+02 -0.9117604E+00  0.0000000E+00
 -0.3799215E+01 -0.1230206E+02  0.3432081E+01  0.0000000E+00
 -0.2843546E+02  0.1098699E+02  0.5851356E+01  0.0000000E+00
 -0.5451669E+01 -0.2656415E+02  0.2626157E+01  0.0000000E+00
 -0.5484963E+01 -0.1121274E+02 -0.7829244E-01  0.0000000E+00
 -0.3866544E+01 -0.5476555E+01  0.3269118E+01  0.0000000E+00
  0.6148395E+01 -0.9143235E+01 -0.1638904E+01  0.0000000E+00
  0.7475645E+01 -0.2299565E+02  0.1045331E+02  0.0000000E+00
  0.8496567E+01 -0.3365136E+02  0.1975501E+02  0.0000000E+00
  0.9109130E+01 -0.4004479E+02  0.2533604E+02  0.0000000E+00
 -0.8503954E+01  0.5933660E-02 -0.1646922E-01  0.0000000E+00
  0.8012182E+00  0.8042956E-01 -0.1343752E-01  0.0000000E+00
  0.9903212E+00 -0.2006896E+00  0.1092546E-01  0.0000000E+00
 -0.1898206E+01  0.3163160E+00  0.3149023E-01  0.0000000E+00
  0.3755466E+01 -0.5112955E+00  0.9392700E-01  0.0000000E+00
  0.2489250E+01  0.1720791E+00 -0.4471336E+00  0.0000000E+00
 -0.1564189E+01 -0.2186366E+01  0.2627744E+01  0.0000000E+00
  0.9231134E+01  0.5133028E+01 -0.2576467E+00  0.0000000E+00
  0.1262168E+02  0.1651836E+01 -0.2861051E+01  0.0000000E+00
  0.1522977E+02 -0.1026018E+01 -0.4863672E+01  0.0000000E+00
  0.1679462E+02 -0.2632726E+01 -0.6065244E+01  0.0000000E+00
  0.2678059E+01 -0.2278047E-01 -0.3860413E-01  0.0000000E+00
 -0.1510271E+00 -0.2945915E-01  0.1060937E+00  0.0000000E+00
 -0.1461004E+01  0.3624677E+00 -0.1760347E+00  0.0000000E+00
  0.2235726E+01 -0.5376355E+00  0.2728112E+00  0.0000000E+00
 -0.5016740E+01  0.8722602E+00 -0.6138542E+00  0.0000000E+00
  0.6324772E+01 -0.1179163E+01  0.1252939E+01  0.0000000E+00
 -0.5162984E+01 -0.7187139E+01 -0.5716535E+01  0.0000000E+00
  0.4421135E+01 -0.6357004E+01 -0.2193718E+01  0.0000000E+00
 -0.3733365E+00 -0.1233481E+02  0.2196834E+01  0.0000000E+00
 -0.4061399E+01 -0.1693314E+02  0.5574186E+01  0.0000000E+00
 -0.6274234E+01 -0.1969213E+02  0.7600596E+01  0.0000000E+00
  0.1874543E+01  0.1057754E-01 -0.8084391E-02  0.0000000E+00
 -0.3598963E+00  0.2967903E-01  0.2588088E-01  0.0000000E+00
 -0.5255998E+00  0.1007533E+00 -0.1572471E-01  0.0000000E+00
  0.9257921E+00 -0.2940190E+00 -0.2404911E-01  0.0000000E+00
 -0.1380528E+01  0.2171958E+00  0.8049247E-01  0.0000000E+00
  0.1543832E+01  0.7132687E+00  0.2547774E+00  0.0000000E+00
 -0.6405299E+01 -0.1025898E+01 -0.2252393E+01  0.0000000E+00
 -0.4400027E+01  0.7920450E+01 -0.3995925E+00  0.0000000E+00
 -0.7929693E+01  0.3283929E+01 -0.2352350E+01  0.0000000E+00
 -0.1064482E+02 -0.2826260E+00 -0.3854474E+01  0.0000000E+00
 -0.1227389E+02 -0.2422559E+01 -0.4755747E+01  0.0000000E+00
 -0.9380258E+00 -0.2697580E-01  0.2525948E-02  0.0000000E+00
  0.3639852E+00  0.6995338E-01  0.2846394E-01  0.0000000E+00
  0.4134547E+00 -0.2579796E+00 -0.2506311E-01  0.0000000E+00
 -0.5245095E+00  0.5158792E+00  0.4868785E-01  0.0000000E+00
  0.3390529E+01 -0.1237868E+01 -0.8137364E-01  0.0000000E+00
  0.3481806E+01  0.3018501E+01  0.3537142E+00  0.0000000E+00
 -0.9054739E+00 -0.2703965E+01 -0.8835348E+00  0.0000000E+00
  0.6481359E+01 -0.9772841E+01 -0.2596090E+01  0.0000000E+00
  0.2038894E+01 -0.1624521E+01  0.7600831E+00  0.0000000E+00
 -0.1378388E+01  0.4643415E+01  0.3341754E+01  0.0000000E+00
 -0.3428757E+01  0.8404178E+01  0.4890757E+01  0.0000000E+00
  0.1098382E+01 -0.7366039E-01 -0.1221289E-01  0.0000000E+00
 -0.4422360E+00 -0.2033668E+00 -0.1030876E-01  0.0000000E+00
  0.1636205E+01  0.2276577E+00  0.2204015E-01  0.0000000E+00
 -0.2199577E+01 -0.2024623E+00 -0.1170089E-01  0.0000000E+00
  0.2951217E+01  0.1033171E+01  0.8294044E-01  0.0000000E+00
  0.3156381E+01 -0.9308827E+00 -0.1737178E+00  0.0000000E+00
 -0.7614549E+00  0.1676520E+01  0.8355080E+00  0.0000000E+00
  0.1420884E+01  0.2360263E+01  0.8250092E-01  0.0000000E+00
  0.3512207E+01  0.2234030E+00 -0.1923104E+00  0.0000000E+00
  0.5120903E+01 -0.1420328E+01 -0.4037044E+00  0.0000000E+00
  0.6086124E+01 -0.2406568E+01 -0.5305407E+00  0.0000000E+00
 -0.5381871E+00  0.3806916E-01  0.1245443E-01  0.0000000E+00
 -0.1774641E+01 -0.2088005E+00 -0.3596492E-01  0.0000000E+00
  0.2389929E+01  0.3335967E+00  0.1453072E-01  0.0000000E+00
 -0.2515012E+01 -0.5932704E+00 -0.8635282E-01  0.0000000E+00
  0.1365365E+01  0.1330030E+01  0.2102946E+00  0.0000000E+00
 -0.6068057E+01 -0.8582463E+00 -0.6189307E+00  0.0000000E+00
 -0.5065903E+01  0.6741565E+00  0.1992626E+01  0.0000000E+00
  0.1450610E+01 -0.4370344E+00 -0.9382712E+00  0.0000000E+00
  0.1571623E+01  0.2566111E+01  0.9820588E+00  0.0000000E+00
  0.1664697E+01  0.4876226E+01  0.2459233E+01  0.0000000E+00
  0.1720544E+01  0.6262294E+01  0.3345539E+01  0.0000000E+00
 -0.7008300E+00 -0.7369055E+01  0.2839621E+00  0.0000000E+00
 -0.1225055E+02  0.5048969E+02  0.4894152E+00  0.0000000E+00
  0.1800765E+02 -0.3780236E+02  0.2880378E+01  0.0000000E+00
 -0.1512171E+02  0.2390611E+02 -0.6758027E+01  0.0000000E+00
 -0.1481468E+02 -0.9535852E+01 -0.5366754E+01  0.0000000E+00
 -0.1045282E+02 -0.1811556E+02 -0.6367573E+01  0.0000000E+00
 -0.3913768E+01  0.9930345E+01 -0.1031588E+01  0.0000000E+00
 -0.7210787E+01 -0.1527212E+02 -0.1414763E+01  0.0000000E+00
 -0.1773235E+02 -0.1059228E+01 -0.1221315E+02  0.0000000E+00
 -0.2582585E+02  0.9873780E+01 -0.2051959E+02  0.0000000E+00
 -0.3068195E+02  0.1643358E+02 -0.2550346E+02  0.0000000E+00
 -0.3893677E+00  0.2966246E+01  0.4852326E-01  0.0000000E+00
 -0.9989315E+01  0.9389603E+01  0.9094226E+00  0.0000000E+00
  0.2310270E+02  0.9040112E+01  0.6422582E+01  0.0000000E+00
 -0.2664453E+02 -0.2812876E+00  0.4409913E+01  0.0000000E+00
  0.7869842E+01  0.1180295E+02  0.5888162E+01  0.0000000E+00
 -0.2003728E+02  0.3352776E+01 -0.8939429E-01  0.0000000E+00
  0.2281250E+00 -0.6124645E+01  0.1808489E+01  0.0000000E+00
 -0.1101318E+02  0.7681790E+01 -0.8899418E+01  0.0000000E+00
 -0.1646297E+02  0.2205676E+02 -0.7319627E+01  0.0000000E+00
 -0.2065510E+02  0.3311446E+02 -0.6104392E+01  0.0000000E+00
 -0.2317038E+02  0.3974907E+02 -0.5375253E+01  0.0000000E+00
  0.9162881E+01 -0.1313330E+02 -0.2940606E+01  0.0000000E+00
  0.2950777E+01 -0.2164868E+02  0.2580028E+01  0.0000000E+00
 -0.1483756E+02  0.1568921E+02  0.5967472E+00  0.0000000E+00
  0.2696059E+01 -0.1624708E+02  0.1305241E+01  0.0000000E+00
  0.1173604E+02  0.2956087E+02  0.3928348E+01  0.0000000E+00
 -0.1760167E+01 -0.3266892E+02  0.6430650E+01  0.0000000E+00
 -0.1247754E+02  0.1178731E+02 -0.4879805E+01  0.0000000E+00
 -0.9548927E+01 -0.1692853E+02  0.2176816E+01  0.0000000E+00
  0.4286239E-01 -0.4998282E+01  0.5248853E+01  0.0000000E+00
  0.7421145E+01  0.4178862E+01  0.7611939E+01  0.0000000E+00
  0.1184812E+02  0.9685140E+01  0.9029795E+01  0.0000000E+00
  0.2094614E-01  0.5927411E-01  0.2651676E-01  0.0000000E+00
  0.1576908E+01 -0.2644840E+00 -0.1389191E+00  0.0000000E+00
 -0.2752305E+01  0.1583096E+00  0.2801124E+00  0.0000000E+00
  0.2146558E+01 -0.5450896E+00 -0.5158301E+00  0.0000000E+00
 -0.4546925E+01  0.7564822E+00  0.8168652E+00  0.0000000E+00
 -0.8038758E+01 -0.3123885E+01 -0.1313172E+01  0.0000000E+00
 -0.3840907E+01 -0.1272843E+02  0.1470977E+01  0.0000000E+00
 -0.8101649E+01 -0.6989101E+01 -0.6286347E+01  0.0000000E+00
 -0.8304775E+01 -0.5095938E+01 -0.2433782E+01  0.0000000E+00
 -0.8461016E+01 -0.3639659E+01  0.5297403E+00  0.0000000E+00
 -0.8554763E+01 -0.2765892E+01  0.2307851E+01  0.0000000E+00
 -0.1347785E+00  0.3975012E-01 -0.5358915E-01  0.0000000E+00
  0.1751032E+01  0.3505704E+00  0.3263749E+00  0.0000000E+00
 -0.2433780E+01 -0.4105909E+00 -0.6258729E+00  0.0000000E+00
  0.1750938E+01  0.4278735E+00  0.1037282E+01  0.0000000E+00
 -0.7202152E+01 -0.3708652E+00 -0.1946677E+01  0.0000000E+00
  0.6544300E+01  0.9303605E+00  0.3071446E+01  0.0000000E+00
 -0.1473571E+02  0.1038402E+02 -0.9733563E+01  0.0000000E+00
  0.4324107E+01 -0.5160541E+01  0.5057849E+01  0.0000000E+00
 -0.2907491E+01  0.6304706E+01 -0.5462056E+00  0.0000000E+00
 -0.8470264E+01  0.1512416E+02 -0.4857032E+01  0.0000000E+00
 -0.1180793E+02  0.2041582E+02 -0.7443523E+01  0.0000000E+00
 -0.2045044E+00 -0.2906300E-01  0.1666219E-01  0.0000000E+00
 -0.2060505E+01  0.3137397E+00 -0.8738395E-01  0.0000000E+00
  0.2836254E+01 -0.2654028E+00  0.1065141E+00  0.0000000E+00
 -0.1998253E+01  0.6007754E+00 -0.2594321E+00  0.0000000E+00
 -0.8135948E+00 -0.1819981E+01  0.5324487E+00  0.0000000E+00
  0.4469313E+00  0.6037548E+01 -0.1514271E+01  0.0000000E+00
  0.7504615E+01  0.6859582E+01  0.2400024E+01  0.0000000E+00
  0.7825033E+01 -0.1628830E+02 -0.1626428E+00  0.0000000E+00
  0.6823368E+01 -0.3830497E+01  0.7733681E+00  0.0000000E+00
  0.6052854E+01  0.5752431E+01  0.1493376E+01  0.0000000E+00
  0.5590547E+01  0.1150219E+02  0.1925381E+01  0.0000000E+00
 -0.3222513E+00 -0.1690644E-01 -0.5793196E-01  0.0000000E+00
 -0.1982324E+01 -0.2042723E+00  0.3421482E+00  0.0000000E+00
  0.1457059E+01  0.4845742E+00 -0.6456745E+00  0.0000000E+00
  0.1282180E+01 -0.4963908E+00  0.1074138E+01  0.0000000E+00
  0.2331667E+01  0.9970096E+00 -0.2110206E+01  0.0000000E+00
  0.7256910E+01 -0.1567260E+01  0.3655794E+01  0.0000000E+00
 -0.1576205E+01  0.9472436E-01 -0.7903691E+01  0.0000000E+00
  0.4510758E+01  0.2057563E+01  0.5485181E+01  0.0000000E+00
  0.7395444E+01 -0.2010466E+01  0.1946338E+01  0.0000000E+00
  0.9614446E+01 -0.5139708E+01 -0.7758580E+00  0.0000000E+00
  0.1094584E+02 -0.7017256E+01 -0.2409173E+01  0.0000000E+00
  0.6533277E+00 -0.9408837E-01 -0.3014196E-01  0.0000000E+00
  0.7314479E+00  0.2295835E-01  0.1123544E+00  0.0000000E+00
 -0.8662931E+00 -0.1321609E+00 -0.1175008E+00  0.0000000E+00
  0.1436794E+01  0.2757945E+00  0.2350383E+00  0.0000000E+00
 -0.2336405E+01  0.1833117E+00 -0.4527342E+00  0.0000000E+00
  0.4161450E+01 -0.3281340E+01  0.1169757E+01  0.0000000E+00
 -0.3992226E+01 -0.2325688E+01  0.8402660E+00  0.0000000E+00
  0.3237189E+01 -0.2267350E+01  0.3171197E+01  0.0000000E+00
  0.2988070E+01 -0.2232113E+01  0.3790736E+01  0.0000000E+00
  0.2796432E+01 -0.2205013E+01  0.4267301E+01  0.0000000E+00
  0.2681452E+01 -0.2188752E+01  0.4553241E+01  0.0000000E+00
 -0.1435010E+00 -0.1708934E-01 -0.2009531E-01  0.0000000E+00
  0.5602666E+00 -0.1106857E+00  0.1372422E+00  0.0000000E+00
 -0.6460816E+00  0.2326444E-01 -0.2402021E+00  0.0000000E+00
 -0.1978809E+01 -0.1943733E+00  0.3379563E+00  0.0000000E+00
 -0.7107057E+00  0.4681399E+00 -0.7525559E+00  0.0000000E+00
 -0.1809536E+01 -0.9516594E+00  0.1455623E+01  0.0000000E+00
 -0.9229917E+01  0.8629849E+00 -0.3667858E+01  0.0000000E+00
 -0.3402897E+01  0.4203656E-01  0.1989936E+01  0.0000000E+00
  0.3246253E+01  0.1351201E+01  0.6910933E+00  0.0000000E+00
  0.8360982E+01  0.2358250E+01 -0.3080212E+00  0.0000000E+00
  0.1142982E+02  0.2962479E+01 -0.9074888E+00  0.0000000E+00
  0.5601722E+01 -0.2125216E+01 -0.1176073E+01  0.0000000E+00
  0.1074945E+02 -0.5984594E+00  0.3721542E+00  0.0000000E+00
  0.2370179E+01  0.1044532E+01 -0.1901210E+01  0.0000000E+00
  0.1945180E+01 -0.1156200E+02 -0.2406747E+01  0.0000000E+00
  0.5693516E+01 -0.7112157E+00  0.3368616E+01  0.0000000E+00
  0.6701459E+01 -0.1224048E+01 -0.1627615E+00  0.0000000E+00
  0.5269684E+01  0.1976606E+00 -0.8129130E+00  0.0000000E+00
  0.2875339E+01 -0.2403576E+01 -0.4115376E+00  0.0000000E+00
 -0.5559828E+01  0.5950360E+00 -0.1401747E+01  0.0000000E+00
 -0.1204841E+02  0.2901672E+01 -0.2163449E+01  0.0000000E+00
 -0.1594156E+02  0.4285650E+01 -0.2620470E+01  0.0000000E+00
 -0.1126288E+02  0.1355173E+01 -0.8768829E+00  0.0000000E+00
  0.1608407E+02 -0.4803082E+01  0.1961535E+01  0.0000000E+00
 -0.9373312E+01  0.5694951E+01 -0.2607897E+01  0.0000000E+00
  0.4055328E+01 -0.2340240E+02 -0.2738255E+01  0.0000000E+00
  0.1039847E+02  0.1108663E+02 -0.1400936E+00  0.0000000E+00
 -0.7118845E+01 -0.1020636E+01  0.2680326E+01  0.0000000E+00
  0.4026454E+01  0.4865918E+01 -0.2058312E+01  0.0000000E+00
  0.4490549E+01 -0.5161374E+01  0.4588041E+01  0.0000000E+00
  0.1016821E+02 -0.6316743E-01  0.3134517E+01  0.0000000E+00
  0.1453563E+02  0.3858538E+01  0.2016412E+01  0.0000000E+00
  0.1715609E+02  0.6211559E+01  0.1345552E+01  0.0000000E+00
  0.3936537E+00  0.2619905E+01  0.2816923E+00  0.0000000E+00
  0.9364183E+00 -0.2700168E+01  0.1565879E+00  0.0000000E+00
  0.3203323E+01  0.3722980E+00 -0.1608882E+01  0.0000000E+00
 -0.9907918E+01  0.4321138E+01 -0.9090349E-01  0.0000000E+00
 -0.9143508E+01  0.4740762E+01 -0.1035727E+01  0.0000000E+00
  0.5843982E+01  0.1315292E+01 -0.2078482E+00  0.0000000E+00
 -0.1545034E+01 -0.2701375E+01  0.1361927E+00  0.0000000E+00
 -0.8251610E+01  0.7347118E+01 -0.2709123E+01  0.0000000E+00
 -0.6413292E+01 -0.6442406E+00 -0.3250084E+01  0.0000000E+00
 -0.4999193E+01 -0.6791440E+01 -0.3666204E+01  0.0000000E+00
 -0.4150735E+01 -0.1047976E+02 -0.3915877E+01  0.0000000E+00
  0.7611564E+01 -0.6081080E-01 -0.8254588E-02  0.0000000E+00
 -0.1191408E+01  0.2842805E+00  0.9400956E-01  0.0000000E+00
  0.4454050E+00 -0.5792018E+00 -0.6740765E-01  0.0000000E+00
  0.4133484E+00  0.1099955E+01  0.1634893E+00  0.0000000E+00
 -0.3567910E+01 -0.7465642E+00 -0.2276108E+00  0.0000000E+00
  0.3174636E+01  0.1735270E+01  0.2179825E+00  0.0000000E+00
 -0.1024159E+01 -0.5485030E+01 -0.1677818E+01  0.0000000E+00
  0.1134873E+02  0.6181266E+00  0.2006425E+01  0.0000000E+00
  0.1022669E+02 -0.1366866E+01  0.1389963E+01  0.0000000E+00
  0.9363571E+01 -0.2893789E+01  0.9157570E+00  0.0000000E+00
  0.8845703E+01 -0.3809942E+01  0.6312343E+00  0.0000000E+00
 -0.1676036E+01 -0.3068029E-01  0.2141588E-01  0.0000000E+00
 -0.7520951E+00 -0.5696816E-01 -0.1213053E+00  0.0000000E+00
 -0.6448688E+00  0.2290590E+00  0.2045693E+00  0.0000000E+00
 -0.1731021E+01 -0.3671415E+00 -0.3120805E+00  0.0000000E+00
  0.4323131E+01  0.1704568E+00  0.5764154E+00  0.0000000E+00
 -0.4349931E+00  0.1045749E+01 -0.9112094E+00  0.0000000E+00
 -0.2306117E+01  0.4675752E+01  0.1872666E+01  0.0000000E+00
 -0.6408217E+01 -0.1999500E+01 -0.1692340E+01  0.0000000E+00
  0.2149548E+01  0.1586328E+00 -0.1471805E+01  0.0000000E+00
  0.8732447E+01  0.1818738E+01 -0.1302166E+01  0.0000000E+00
  0.1268219E+02  0.2814800E+01 -0.1200382E+01  0.0000000E+00
 -0.1563000E+01 -0.3598307E-01  0.1032427E-01  0.0000000E+00
  0.7188623E+00 -0.4167593E-02 -0.3767547E-01  0.0000000E+00
 -0.1682509E+01  0.1810733E+00  0.3200052E-01  0.0000000E+00
  0.1962265E+01 -0.3076048E+00 -0.4232021E-01  0.0000000E+00
  0.4624876E+01 -0.2815460E+00  0.1201741E+00  0.0000000E+00
 -0.4275548E+01  0.2005806E+01  0.1201038E+00  0.0000000E+00
 -0.2486721E+01 -0.3349822E+01  0.1114181E+01  0.0000000E+00
  0.5912862E+01  0.2782764E+01 -0.5585685E+00  0.0000000E+00
  0.2645370E+01  0.9376680E+00  0.5689347E+00  0.0000000E+00
  0.1319089E+00 -0.4816429E+00  0.1436244E+01  0.0000000E+00
 -0.1376166E+01 -0.1333228E+01  0.1956630E+01  0.0000000E+00
  0.3283577E+00  0.6227458E-01 -0.7389804E-02  0.0000000E+00
  0.7762073E+00 -0.1796662E+00  0.3626526E-01  0.0000000E+00
  0.1748489E+01  0.2509148E+00 -0.3779632E-01  0.0000000E+00
  0.1332168E+01 -0.4755655E+00  0.9301605E-01  0.0000000E+00
  0.6817467E+00  0.8295584E+00 -0.9767865E-01  0.0000000E+00
  0.2502307E+01 -0.2883542E+01  0.4355170E+00  0.0000000E+00
 -0.2090171E+01  0.2057098E+01  0.5080081E+00  0.0000000E+00
  0.8074375E+00 -0.1005863E+01 -0.1946092E+01  0.0000000E+00
  0.4467932E+01 -0.8570883E+00 -0.1008200E+01  0.0000000E+00
  0.7283695E+01 -0.7426391E+00 -0.2867505E+00  0.0000000E+00
  0.8973153E+01 -0.6739713E+00  0.1461207E+00  0.0000000E+00
 -0.1087781E+01  0.1082829E-02  0.1535283E-01  0.0000000E+00
  0.3913733E+00  0.2423683E-01 -0.5877520E-01  0.0000000E+00
  0.3707372E+00 -0.1157494E+00  0.5778684E-01  0.0000000E+00
 -0.9808853E+00  0.2942694E+00 -0.1029467E+00  0.0000000E+00
 -0.1984872E+01 -0.4559505E+00  0.1913085E+00  0.0000000E+00
  0.5054324E+00  0.4408449E+00 -0.4412711E+00  0.0000000E+00
 -0.1270967E+01 -0.1036267E+01  0.7811549E+00  0.0000000E+00
  0.1286015E+01  0.3939151E-01 -0.1373624E+01  0.0000000E+00
  0.3673983E+01  0.4401731E+00  0.3997826E-01  0.0000000E+00
  0.5510874E+01  0.7484633E+00  0.1127365E+01  0.0000000E+00
  0.6613011E+01  0.9334383E+00  0.1779797E+01  0.0000000E+00
  0.6681446E+00  0.3535532E-01 -0.1548454E-03  0.0000000E+00
 -0.4215582E+00  0.1350876E+00  0.2041013E-01  0.0000000E+00
 -0.4140802E+00 -0.2830149E+00 -0.3503347E-01  0.0000000E+00
 -0.1953600E+01  0.3415879E+00  0.1673639E-01  0.0000000E+00
  0.5960726E+00 -0.7465576E+00  0.1030095E+00  0.0000000E+00
  0.4099841E+01  0.1054795E+01 -0.3475863E+00  0.0000000E+00
 -0.5951471E+01 -0.4673212E+00 -0.7142419E+00  0.0000000E+00
  0.2261013E+00  0.4744802E+00  0.9479070E-02  0.0000000E+00
 -0.2581507E+01  0.4670266E+00 -0.4716651E+00  0.0000000E+00
 -0.4741192E+01  0.4612957E+00 -0.8417791E+00  0.0000000E+00
 -0.6037006E+01  0.4578564E+00 -0.1063847E+01  0.0000000E+00
  0.3866136E+01 -0.6574551E+01 -0.3107528E+01  0.0000000E+00
  0.6431184E+01 -0.1051778E+02  0.2300134E+01  0.0000000E+00
 -0.1522334E+01  0.1537759E+02 -0.5281057E+00  0.0000000E+00
  0.9608783E+01 -0.9810644E+01  0.1443936E+01  0.0000000E+00
  0.9643479E+01  0.5555767E+01  0.2210795E+01  0.0000000E+00
 -0.2968365E+00  0.6295656E+01  0.2619456E+00  0.0000000E+00
  0.8454627E+01 -0.9682960E+00 -0.9974179E+00  0.0000000E+00
  0.2417974E+01  0.1557056E+01  0.1617988E+01  0.0000000E+00
  0.6457106E+01  0.4360352E+01  0.8882398E+00  0.0000000E+00
  0.9564138E+01  0.6516734E+01  0.3268947E+00  0.0000000E+00
  0.1142835E+02  0.7810563E+01 -0.9912333E-02  0.0000000E+00
  0.5034052E+01 -0.3050980E+00 -0.1735976E+01  0.0000000E+00
  0.1667027E+02 -0.9496437E+01  0.2620797E+01  0.0000000E+00
 -0.1334185E+02  0.1082429E+02 -0.2494937E+01  0.0000000E+00
  0.7849377E+01 -0.9155360E+01  0.3967738E+01  0.0000000E+00
  0.1076723E+02 -0.4287357E+01  0.2532365E+00  0.0000000E+00
  0.1137581E+01  0.5810438E+01 -0.1112968E+01  0.0000000E+00
  0.5999163E+00  0.5753017E+00  0.8625051E+00  0.0000000E+00
  0.8897499E+01 -0.2364854E+01  0.4260889E+00  0.0000000E+00
  0.9266760E+01  0.6398831E+01  0.6316884E-01  0.0000000E+00
  0.9550787E+01  0.1314014E+02 -0.2159978E+00  0.0000000E+00
  0.9721209E+01  0.1718492E+02 -0.3834984E+00  0.0000000E+00
 -0.4606967E+01  0.5732439E+01  0.1985156E+01  0.0000000E+00
 -0.4866937E+00  0.1148043E+02 -0.1433706E+01  0.0000000E+00
  0.1124252E+01 -0.1203915E+02  0.1321745E+01  0.0000000E+00
 -0.6375015E+01  0.1514219E+02 -0.8441566E-01  0.0000000E+00
 -0.9841023E+01 -0.2306142E+01 -0.2468767E+01  0.0000000E+00
 -0.2711496E+00  0.9616603E+01  0.3127153E+00  0.0000000E+00
 -0.1722491E+01  0.1508573E+01  0.3991240E+00  0.0000000E+00
 -0.1020961E+02  0.5858867E+01  0.4999316E+00  0.0000000E+00
 -0.4032383E+00  0.3397873E+01  0.1542649E+01  0.0000000E+00
  0.7140139E+01  0.1504804E+01  0.2344738E+01  0.0000000E+00
  0.1166616E+02  0.3689624E+00  0.2825992E+01  0.0000000E+00
 -0.4282271E+00 -0.4220674E-01 -0.1314920E-01  0.0000000E+00
 -0.4382689E+00  0.2159269E-01  0.4075998E-01  0.0000000E+00
  0.1331373E+01 -0.2980634E-01  0.1949336E-01  0.0000000E+00
 -0.1076423E+01  0.7059395E-01 -0.6480950E-03  0.0000000E+00
  0.1487246E+01 -0.2419855E+00 -0.3641821E-01  0.0000000E+00
  0.3237905E+01  0.5357069E+00  0.1476163E+00  0.0000000E+00
  0.3384214E+01  0.5106459E+01  0.9128064E+00  0.0000000E+00
  0.5344622E+01  0.6925379E+00  0.9770363E+00  0.0000000E+00
  0.2595170E+01  0.7932884E+01 -0.3154165E+00  0.0000000E+00
  0.4802026E+00  0.1350239E+02 -0.1309609E+01  0.0000000E+00
 -0.7887766E+00  0.1684409E+02 -0.1906125E+01  0.0000000E+00
  0.7787121E+00 -0.4032638E-01  0.1443327E-02  0.0000000E+00
 -0.1828617E+01 -0.1333632E+00 -0.2862779E-01  0.0000000E+00
  0.1563219E+01 -0.5598220E-03 -0.5409622E-02  0.0000000E+00
 -0.5690442E+00  0.2050733E-01  0.4157997E-01  0.0000000E+00
  0.2384635E+01  0.7427495E-01 -0.4155821E-01  0.0000000E+00
 -0.5241652E+01  0.1409413E+01 -0.6467289E-01  0.0000000E+00
  0.5446937E+01 -0.1373608E+01 -0.3965353E+00  0.0000000E+00
  0.9830895E+00  0.2890893E+01 -0.5869891E+00  0.0000000E+00
 -0.1172147E+01  0.1399187E+01  0.3780677E+00  0.0000000E+00
 -0.2830020E+01  0.2517182E+00  0.1120421E+01  0.0000000E+00
 -0.3824744E+01 -0.4367624E+00  0.1565832E+01  0.0000000E+00
 -0.2749135E+00  0.1239556E-01  0.8116801E-02  0.0000000E+00
 -0.2524488E+00 -0.2835401E+00 -0.3325277E-01  0.0000000E+00
 -0.9188251E+00  0.3200111E+00 -0.1602826E-01  0.0000000E+00
 -0.3778007E+00 -0.3900899E+00 -0.5115507E-01  0.0000000E+00
  0.2602539E+01  0.8293555E+00  0.1066912E+00  0.0000000E+00
 -0.2280780E+01 -0.1692693E+01 -0.1941818E+00  0.0000000E+00
  0.2219474E+01  0.1856641E+01  0.9343933E-01  0.0000000E+00
  0.3731753E+01 -0.2851738E+00  0.1825461E+00  0.0000000E+00
  0.3702405E+01  0.3839401E+01 -0.5664241E+00  0.0000000E+00
  0.3679835E+01  0.7012153E+01 -0.1142553E+01  0.0000000E+00
  0.3666291E+01  0.8915804E+01 -0.1488231E+01  0.0000000E+00
  0.4229473E-01  0.4365768E-01 -0.4020783E-02  0.0000000E+00
  0.6345218E+00  0.1261046E-01  0.2817024E-02  0.0000000E+00
  0.4812250E+00  0.2038411E+00  0.2009112E-01  0.0000000E+00
 -0.1332014E+01 -0.4111488E+00 -0.4517772E-01  0.0000000E+00
  0.1834757E+01  0.2986999E+00  0.1165873E+00  0.0000000E+00
 -0.3380319E+01 -0.5110001E+00 -0.2033856E+00  0.0000000E+00
  0.1222383E+01  0.1075685E+01 -0.1674300E+00  0.0000000E+00
  0.3284739E-01  0.2110885E+00 -0.5397901E-01  0.0000000E+00
 -0.2813094E+01 -0.9167163E+00 -0.3196465E+00  0.0000000E+00
 -0.5002282E+01 -0.1784258E+01 -0.5240055E+00  0.0000000E+00
 -0.6315794E+01 -0.2304783E+01 -0.6466210E+00  0.0000000E+00
  0.1023868E-01  0.5374973E-01  0.9986664E-02  0.0000000E+00
  0.7268237E+00  0.1427286E+00 -0.2983637E-01  0.0000000E+00
 -0.8366839E-01 -0.8712795E-01  0.1029243E+00  0.0000000E+00
  0.1037274E+01 -0.3252047E-01 -0.1171096E+00  0.0000000E+00
 -0.2712011E-01 -0.8845607E-01  0.2393608E+00  0.0000000E+00
  0.1758064E+01  0.7112056E+00 -0.5203012E+00  0.0000000E+00
 -0.2884673E+01 -0.2620818E-01  0.5673848E+00  0.0000000E+00
  0.2630329E+01  0.1198141E+01 -0.1084539E+01  0.0000000E+00
 -0.7108103E+00  0.8233946E+00 -0.4166742E+00  0.0000000E+00
 -0.3280926E+01  0.5351229E+00  0.9707000E-01  0.0000000E+00
 -0.4822993E+01  0.3621614E+00  0.4053160E+00  0.0000000E+00
 -0.1725846E+00  0.2437812E-01 -0.8651187E-02  0.0000000E+00
  0.6684606E+00 -0.2166308E-01  0.1042992E-01  0.0000000E+00
 -0.1362016E+01  0.1181804E+00 -0.2384441E-01  0.0000000E+00
  0.8911756E-01 -0.1936937E+00 -0.9110424E-02  0.0000000E+00
 -0.3292156E+00  0.6638302E+00  0.7104942E-01  0.0000000E+00
  0.1872900E+01 -0.5584041E+00 -0.1089581E+00  0.0000000E+00
  0.5934042E+01  0.9171843E+00  0.9580296E+00  0.0000000E+00
 -0.1524389E+01 -0.7962251E+00 -0.2211043E+00  0.0000000E+00
  0.2021384E+01 -0.9317032E+00 -0.4842626E+00  0.0000000E+00
  0.4748901E+01 -0.1035918E+01 -0.6866913E+00  0.0000000E+00
  0.6385411E+01 -0.1098447E+01 -0.8081486E+00  0.0000000E+00
  0.8784534E-01 -0.6930915E-01  0.6921487E-02  0.0000000E+00
  0.1442689E+00  0.1926788E+00 -0.9444327E-02  0.0000000E+00
 -0.5170851E+00 -0.2261468E+00 -0.5501669E-01  0.0000000E+00
 -0.2566744E+00 -0.3340786E+00 -0.7628650E-01  0.0000000E+00
 -0.8362099E+00 -0.9803299E+00  0.9036202E-01  0.0000000E+00
 -0.7372808E-01 -0.4308836E+00 -0.7285795E-01  0.0000000E+00
 -0.1714234E+00 -0.1136107E+00 -0.6288725E-01  0.0000000E+00
  0.2087878E+00 -0.1377070E+00  0.7800549E-01  0.0000000E+00
  0.7356018E-01  0.1308891E+00  0.5919342E-01  0.0000000E+00
 -0.3046123E-01  0.3375014E+00  0.4472254E-01  0.0000000E+00
 -0.9287404E-01  0.4614687E+00  0.3604003E-01  0.0000000E+00
  0.6761363E-01 -0.4685601E-01  0.2813076E-02  0.0000000E+00
 -0.1596503E+00  0.9224923E-01 -0.4861159E-01  0.0000000E+00
 -0.9987220E-01  0.2312530E-01  0.1081422E+00  0.0000000E+00
 -0.2918440E+00  0.1963349E+00 -0.7645518E-01  0.0000000E+00
 -0.8082074E-01 -0.2492981E-01 -0.8805008E-01  0.0000000E+00
 -0.9028580E-01 -0.8934851E-01  0.5668616E-01  0.0000000E+00
 -0.6014425E-01 -0.1719139E+00 -0.8819673E-01  0.0000000E+00
 -0.7914363E-01  0.2000193E+00 -0.1629546E-02  0.0000000E+00
  0.1379909E+00  0.1692352E+00 -0.4879795E-02  0.0000000E+00
  0.3050174E+00  0.1455553E+00 -0.7380065E-02  0.0000000E+00
  0.4052333E+00  0.1313474E+00 -0.8880209E-02  0.0000000E+00
  0.6933842E-01  0.2730426E-01 -0.9019718E-02  0.0000000E+00
  0.4125944E-01 -0.2264992E+00  0.3415933E-01  0.0000000E+00
  0.8687960E-01 -0.5978106E-01 -0.4993823E-01  0.0000000E+00
  0.1387950E+00 -0.8311255E-01  0.1266544E-01  0.0000000E+00
  0.3641859E+00  0.1811884E+00 -0.1223500E-01  0.0000000E+00
 -0.6661239E-01 -0.5768864E-02  0.5217691E-01  0.0000000E+00
 -0.4531517E-01 -0.1072217E+00 -0.3291424E-01  0.0000000E+00
 -0.4802209E-01  0.1044557E+00 -0.1169624E-01  0.0000000E+00
 -0.2286086E+00  0.1825308E+00 -0.3970562E-01  0.0000000E+00
 -0.3675212E+00  0.2425883E+00 -0.6125124E-01  0.0000000E+00
 -0.4508687E+00  0.2786228E+00 -0.7417863E-01  0.0000000E+00
 -0.3797491E-01  0.1190202E-02 -0.2422658E-03  0.0000000E+00
  0.1246949E-01 -0.6165047E-02  0.1432232E-02  0.0000000E+00
 -0.6256878E-02  0.7848416E-02 -0.2801135E-02  0.0000000E+00
  0.2375041E-01 -0.1740572E-01  0.4933721E-02  0.0000000E+00
 -0.7646085E-01  0.2795769E-01 -0.8721633E-02  0.0000000E+00
  0.3492731E-01 -0.6086219E-01  0.1988681E-01  0.0000000E+00
 -0.5287940E-01  0.5339011E-01 -0.1272492E-01  0.0000000E+00
  0.7230962E-01 -0.5485608E-01  0.6164368E-01  0.0000000E+00
 -0.7404499E-01  0.8215566E-02  0.5230601E-01  0.0000000E+00
 -0.1866256E+00  0.5673232E-01  0.4512306E-01  0.0000000E+00
 -0.2541739E+00  0.8584234E-01  0.4081332E-01  0.0000000E+00
  0.9461679E-02 -0.2164565E-03  0.2389458E-03  0.0000000E+00
 -0.4468701E-02  0.2793727E-02 -0.1363209E-02  0.0000000E+00
  0.3999283E-02 -0.2490725E-02  0.2485156E-02  0.0000000E+00
  0.4734716E-02  0.3293631E-02 -0.4686392E-02  0.0000000E+00
  0.4986106E-02 -0.1161431E-01  0.1079868E-01  0.0000000E+00
 -0.1512391E-01  0.3448004E-01 -0.3041627E-01  0.0000000E+00
 -0.1143012E+00 -0.3559230E-01  0.5712136E-03  0.0000000E+00
 -0.1261327E+00  0.6968431E-01 -0.6677930E-01  0.0000000E+00
 -0.2075300E+00 -0.2027748E-01 -0.3680043E-01  0.0000000E+00
 -0.2701433E+00 -0.8947890E-01 -0.1373966E-01  0.0000000E+00
 -0.3077113E+00 -0.1309997E+00  0.9676964E-04  0.0000000E+00
  0.7066560E-02 -0.1039024E-03  0.1444128E-03  0.0000000E+00
 -0.8072231E-02  0.1923044E-02 -0.4862492E-03  0.0000000E+00
 -0.3229740E-03 -0.9855409E-03  0.8807428E-03  0.0000000E+00
 -0.1812053E-01  0.4972922E-02 -0.1422877E-02  0.0000000E+00
  0.2179996E-01 -0.5252238E-02  0.3385026E-02  0.0000000E+00
 -0.1215284E-01  0.2609901E-01 -0.1462917E-01  0.0000000E+00
 -0.7632240E-02  0.3540930E-01 -0.1252953E-03  0.0000000E+00
  0.5503649E-01 -0.4992667E-01  0.3805255E-02  0.0000000E+00
  0.5413817E-01 -0.1372302E-01  0.1573283E-01  0.0000000E+00
  0.5344716E-01  0.1412599E-01  0.2490788E-01  0.0000000E+00
  0.5303255E-01  0.3083538E-01  0.3041291E-01  0.0000000E+00
 -0.3611905E-02 -0.6428848E-04  0.5304998E-04  0.0000000E+00
  0.3462450E-02  0.5573520E-03  0.6106661E-04  0.0000000E+00
 -0.7187611E-02 -0.7540984E-03  0.1226473E-03  0.0000000E+00
 -0.7858660E-02  0.3502754E-02  0.4426118E-03  0.0000000E+00
 -0.2394789E-01 -0.5136541E-02 -0.6659865E-03  0.0000000E+00
  0.4711938E-01  0.4585554E-02  0.6855295E-02  0.0000000E+00
  0.3668579E-01  0.1090792E-02  0.1690152E-01  0.0000000E+00
 -0.2590031E-01  0.8295323E-01 -0.1717165E-01  0.0000000E+00
  0.3086769E-01  0.1996162E-02 -0.2436174E-01  0.0000000E+00
  0.7453542E-01 -0.6027849E-01 -0.2989252E-01  0.0000000E+00
  0.1007361E+00 -0.9764329E-01 -0.3321101E-01  0.0000000E+00
  0.7125296E-02  0.2685124E-03 -0.1142319E-03  0.0000000E+00
  0.5594757E-02 -0.1088172E-02  0.4686591E-03  0.0000000E+00
  0.1355243E-02  0.1083052E-02 -0.7782757E-03  0.0000000E+00
  0.1081142E-01 -0.3939328E-02  0.5113057E-03  0.0000000E+00
  0.2417484E-01  0.4309355E-02 -0.1771671E-02  0.0000000E+00
  0.2417947E-01 -0.1339591E-02  0.6907643E-02  0.0000000E+00
 -0.7251077E-02 -0.3488245E-01  0.5265096E-03  0.0000000E+00
  0.1236279E-01 -0.2364191E-01 -0.7479503E-02  0.0000000E+00
 -0.5019437E-02  0.3686609E-02 -0.8474356E-02  0.0000000E+00
 -0.1839033E-01  0.2470851E-01 -0.9239624E-02  0.0000000E+00
 -0.2641287E-01  0.3732166E-01 -0.9698785E-02  0.0000000E+00
 -0.1579846E-02  0.1551463E-03  0.2553812E-04  0.0000000E+00
  0.4170054E-02 -0.1398566E-02 -0.3739762E-04  0.0000000E+00
 -0.8447366E-02  0.2209574E-02  0.3765011E-03  0.0000000E+00
  0.1832370E-01 -0.4373475E-02 -0.3462973E-03  0.0000000E+00
  0.1031886E-01  0.8475777E-02  0.4001603E-03  0.0000000E+00
 -0.4390295E-01 -0.1741217E-01  0.1050611E-02  0.0000000E+00
  0.4336235E-01  0.5931875E-02  0.1405181E-02  0.0000000E+00
 -0.5114026E-02 -0.5699782E-02 -0.1397920E-02  0.0000000E+00
 -0.1074926E-01  0.1190166E-01 -0.5754288E-02  0.0000000E+00
 -0.1508400E-01  0.2544125E-01 -0.9105337E-02  0.0000000E+00
 -0.1768486E-01  0.3356500E-01 -0.1111597E-01  0.0000000E+00
  0.3738235E-01 -0.1732029E+00 -0.5455963E-01  0.0000000E+00
  0.1347857E+00 -0.1018795E+00  0.4754602E-01  0.0000000E+00
 -0.2269622E+00  0.2562711E-01 -0.2499122E-01  0.0000000E+00
 -0.1622231E+00  0.9474864E-01 -0.2387556E-01  0.0000000E+00
 -0.1564207E+00  0.5495896E-01 -0.2201835E-01  0.0000000E+00
 -0.6016771E-01 -0.8600355E-01 -0.2052468E-01  0.0000000E+00
  0.1691867E+00 -0.8976960E-01  0.3598270E-01  0.0000000E+00
 -0.8969585E-01  0.1463905E+00  0.2294293E-01  0.0000000E+00
  0.7865630E-01  0.3100740E-01  0.2636745E-01  0.0000000E+00
  0.2081579E+00 -0.5774898E-01  0.2900170E-01  0.0000000E+00
  0.2858588E+00 -0.1110028E+00  0.3058225E-01  0.0000000E+00
 -0.1621956E+00 -0.1910264E+00 -0.7081024E-01  0.0000000E+00
  0.1288448E+00 -0.5543285E-01  0.5843081E-01  0.0000000E+00
 -0.1865057E+00  0.1184942E-01  0.6053537E-02  0.0000000E+00
 -0.2366245E+00  0.1103633E-01 -0.9888220E-02  0.0000000E+00
  0.3336729E-01 -0.1264122E+00  0.5145666E-01  0.0000000E+00
 -0.3491201E-01  0.5920586E-01  0.1537361E-01  0.0000000E+00
  0.1755210E+00 -0.1665858E+00 -0.9610843E-02  0.0000000E+00
 -0.2191878E-01  0.1008173E+00  0.2527243E-01  0.0000000E+00
  0.6123746E-02 -0.1423466E-01 -0.2819487E-01  0.0000000E+00
  0.2769473E-01 -0.1027361E+00 -0.6932356E-01  0.0000000E+00
  0.4063736E-01 -0.1558370E+00 -0.9400077E-01  0.0000000E+00
  0.9493748E-01  0.4650253E-02  0.1033911E-01  0.0000000E+00
 -0.4705655E-01  0.9810486E-01  0.8444969E-02  0.0000000E+00
  0.1848117E-01  0.1088353E+00 -0.3198681E-01  0.0000000E+00
  0.2496626E+00 -0.1000540E+00 -0.5198790E-01  0.0000000E+00
  0.4906092E-01  0.2276103E+00 -0.2150146E-01  0.0000000E+00
  0.4652118E-01  0.1062290E+00 -0.8795612E-04  0.0000000E+00
  0.2181005E-01  0.4745723E-01 -0.2808857E-01  0.0000000E+00
 -0.5535271E-01  0.7734720E-01  0.1325513E-01  0.0000000E+00
 -0.6868903E-01  0.2033764E+00 -0.8782693E-01  0.0000000E+00
 -0.7894740E-01  0.3003220E+00 -0.1655823E+00  0.0000000E+00
 -0.8510251E-01  0.3584893E+00 -0.2122356E+00  0.0000000E+00
  0.7059427E-01 -0.5964965E-04  0.1383936E-03  0.0000000E+00
 -0.6877611E-02 -0.6680455E-03  0.9276034E-04  0.0000000E+00
 -0.7984624E-02  0.1592160E-02 -0.4997165E-04  0.0000000E+00
  0.1335970E-01 -0.2705113E-02 -0.3350253E-03  0.0000000E+00
 -0.2794602E-01  0.3861729E-02 -0.7569718E-03  0.0000000E+00
 -0.2039274E-01 -0.3554558E-04  0.3905289E-02  0.0000000E+00
  0.1090069E-01  0.1461328E-01 -0.2173399E-01  0.0000000E+00
 -0.8515485E-01 -0.3667607E-01  0.1377124E-02  0.0000000E+00
 -0.1124349E+00 -0.1490347E-01  0.2355218E-01  0.0000000E+00
 -0.1334194E+00  0.1844794E-02  0.4060994E-01  0.0000000E+00
 -0.1460101E+00  0.1189372E-01  0.5084459E-01  0.0000000E+00
 -0.2253971E-01  0.2046519E-03  0.3260420E-03  0.0000000E+00
  0.3830140E-05  0.4476973E-03 -0.9333231E-03  0.0000000E+00
  0.1414442E-01 -0.3572991E-02  0.1546364E-02  0.0000000E+00
 -0.1880307E-01  0.5264283E-02 -0.2412276E-02  0.0000000E+00
  0.4114211E-01 -0.8562631E-02  0.5317466E-02  0.0000000E+00
 -0.5340212E-01  0.1132732E-01 -0.1049910E-01  0.0000000E+00
  0.4159333E-01  0.5912132E-01  0.4870162E-01  0.0000000E+00
 -0.4299153E-01  0.5104910E-01  0.1668939E-01  0.0000000E+00
  0.1360376E-02  0.1034490E+00 -0.2016938E-01  0.0000000E+00
  0.3547730E-01  0.1437568E+00 -0.4852232E-01  0.0000000E+00
  0.5594743E-01  0.1679415E+00 -0.6553407E-01  0.0000000E+00
 -0.1575983E-01 -0.1140188E-03  0.6769773E-04  0.0000000E+00
  0.2898556E-02 -0.1034453E-03 -0.2060437E-03  0.0000000E+00
  0.5005937E-02 -0.1122628E-02  0.1236628E-03  0.0000000E+00
 -0.6746971E-02  0.3009751E-02  0.1914607E-03  0.0000000E+00
  0.9100496E-02 -0.2234630E-02 -0.6207642E-03  0.0000000E+00
 -0.1015873E-01 -0.6125973E-02 -0.2422423E-02  0.0000000E+00
  0.5707082E-01  0.6826400E-02  0.1924961E-01  0.0000000E+00
  0.4305522E-01 -0.6341978E-01  0.4556772E-02  0.0000000E+00
  0.7138267E-01 -0.3155510E-01  0.1967245E-01  0.0000000E+00
  0.9317299E-01 -0.7043796E-02  0.3129992E-01  0.0000000E+00
  0.1062472E+00  0.7662983E-02  0.3827639E-01  0.0000000E+00
  0.8365952E-02  0.2009966E-03 -0.2606346E-04  0.0000000E+00
 -0.1510374E-02 -0.5163457E-03 -0.2309289E-03  0.0000000E+00
 -0.5694084E-02  0.2217550E-02  0.2081813E-03  0.0000000E+00
  0.4385312E-02 -0.4367419E-02 -0.3718801E-03  0.0000000E+00
 -0.2797263E-01  0.1001048E-01  0.7142509E-03  0.0000000E+00
 -0.2972840E-01 -0.2521474E-01 -0.3395203E-02  0.0000000E+00
  0.1049829E-01  0.2020892E-01  0.7822814E-02  0.0000000E+00
 -0.5920396E-01  0.8585574E-01  0.2071809E-01  0.0000000E+00
 -0.2103029E-01  0.1549092E-01 -0.7230743E-02  0.0000000E+00
  0.8334089E-02 -0.3863586E-01 -0.2872984E-01  0.0000000E+00
  0.2595271E-01 -0.7111193E-01 -0.4162930E-01  0.0000000E+00
 -0.9025356E-02  0.6570046E-03  0.1037210E-03  0.0000000E+00
  0.4895656E-02  0.1591250E-02  0.9037784E-04  0.0000000E+00
 -0.1630553E-01 -0.1779593E-02 -0.1911716E-03  0.0000000E+00
  0.2141253E-01  0.1313746E-02  0.8380568E-04  0.0000000E+00
 -0.2770999E-01 -0.8626416E-02 -0.6960467E-03  0.0000000E+00
 -0.2765134E-01  0.7350316E-02  0.1470292E-02  0.0000000E+00
  0.6301684E-02 -0.1151911E-01 -0.7027908E-02  0.0000000E+00
 -0.1215631E-01 -0.2028829E-01 -0.7752623E-03  0.0000000E+00
 -0.2756907E-01 -0.1793647E-02  0.1811258E-02  0.0000000E+00
 -0.3942492E-01  0.1243294E-01  0.3800894E-02  0.0000000E+00
 -0.4653846E-01  0.2096891E-01  0.4994675E-02  0.0000000E+00
  0.4391870E-02 -0.3637213E-03 -0.9742449E-04  0.0000000E+00
  0.1417560E-01  0.1929701E-02  0.2804161E-03  0.0000000E+00
 -0.1900580E-01 -0.3177123E-02 -0.7370267E-04  0.0000000E+00
  0.2076090E-01  0.5676711E-02  0.6523338E-03  0.0000000E+00
 -0.1117426E-01 -0.1151932E-01 -0.1730525E-02  0.0000000E+00
  0.4933866E-01  0.7408391E-02  0.5355370E-02  0.0000000E+00
  0.4635027E-01 -0.6228439E-02 -0.1671348E-01  0.0000000E+00
 -0.1157649E-01  0.3690898E-02  0.8226118E-02  0.0000000E+00
 -0.1202768E-01 -0.2182065E-01 -0.8404562E-02  0.0000000E+00
 -0.1237464E-01 -0.4144493E-01 -0.2119737E-01  0.0000000E+00
 -0.1258285E-01 -0.5321950E-01 -0.2887307E-01  0.0000000E+00
  0.3358321E-02  0.6115168E-01 -0.2402396E-02  0.0000000E+00
  0.1008066E+00 -0.4196862E+00 -0.3964039E-02  0.0000000E+00
 -0.1587375E+00  0.3303697E+00 -0.2293008E-01  0.0000000E+00
  0.1325029E+00 -0.2054738E+00  0.5724572E-01  0.0000000E+00
  0.1385622E+00  0.6665032E-01  0.4937087E-01  0.0000000E+00
  0.8687326E-01  0.1468324E+00  0.5453061E-01  0.0000000E+00
  0.3505259E-01 -0.8836445E-01  0.1057934E-01  0.0000000E+00
  0.5405802E-01  0.1280188E+00  0.1078037E-01  0.0000000E+00
  0.1557338E+00  0.6938642E-02  0.1033794E+00  0.0000000E+00
  0.2339458E+00 -0.8620010E-01  0.1746094E+00  0.0000000E+00
  0.2808730E+00 -0.1420833E+00  0.2173473E+00  0.0000000E+00
  0.6575635E-02 -0.3094814E-01 -0.8652587E-03  0.0000000E+00
  0.7608959E-01 -0.6816849E-01 -0.7592529E-02  0.0000000E+00
 -0.1888526E+00 -0.7697306E-01 -0.5461256E-01  0.0000000E+00
  0.2277079E+00  0.2993014E-02 -0.3682519E-01  0.0000000E+00
 -0.6130394E-01 -0.9760961E-01 -0.4955974E-01  0.0000000E+00
  0.1709369E+00 -0.4504661E-01  0.1060986E-02  0.0000000E+00
  0.2473410E-02  0.5636145E-01 -0.1737888E-01  0.0000000E+00
  0.8914584E-01 -0.7198404E-01  0.7255310E-01  0.0000000E+00
  0.1403118E+00 -0.1718685E+00  0.5915825E-01  0.0000000E+00
  0.1796700E+00 -0.2487030E+00  0.4885443E-01  0.0000000E+00
  0.2032850E+00 -0.2948036E+00  0.4267216E-01  0.0000000E+00
 -0.7824070E-01  0.1101806E+00  0.2416016E-01  0.0000000E+00
 -0.2449936E-01  0.1749040E+00 -0.2047191E-01  0.0000000E+00
  0.1269837E+00 -0.1272352E+00 -0.5756729E-02  0.0000000E+00
 -0.1934869E-01  0.1152784E+00 -0.7646377E-02  0.0000000E+00
 -0.9506979E-01 -0.2506879E+00 -0.3245783E-01  0.0000000E+00
  0.9012294E-02  0.2739674E+00 -0.5674331E-01  0.0000000E+00
  0.1088868E+00 -0.1006551E+00  0.4139029E-01  0.0000000E+00
  0.8669859E-01  0.1404790E+00 -0.1689665E-01  0.0000000E+00
  0.2076918E-02  0.5046856E-01 -0.4213374E-01  0.0000000E+00
 -0.6301653E-01 -0.1877053E-01 -0.6154671E-01  0.0000000E+00
 -0.1020726E+00 -0.6031391E-01 -0.7319454E-01  0.0000000E+00
 -0.6061970E-04 -0.4468138E-03 -0.2229669E-03  0.0000000E+00
 -0.1411248E-01  0.2006987E-02  0.1175415E-02  0.0000000E+00
  0.2462950E-01 -0.8658831E-03 -0.2357084E-02  0.0000000E+00
 -0.1918060E-01  0.3642570E-02  0.4351944E-02  0.0000000E+00
  0.4052453E-01 -0.4807189E-02 -0.6787002E-02  0.0000000E+00
  0.6860883E-01  0.2469158E-01  0.1104137E-01  0.0000000E+00
  0.2743833E-01  0.1127898E+00 -0.1137981E-01  0.0000000E+00
  0.6501121E-01  0.5720489E-01  0.5169537E-01  0.0000000E+00
  0.6654323E-01  0.4512686E-01  0.1986499E-01  0.0000000E+00
  0.6772162E-01  0.3583606E-01 -0.4620008E-02  0.0000000E+00
  0.6842868E-01  0.3026159E-01 -0.1931098E-01  0.0000000E+00
  0.9727078E-03 -0.2488970E-03  0.4517016E-03  0.0000000E+00
 -0.1512326E-01 -0.3320445E-02 -0.2751368E-02  0.0000000E+00
  0.2083475E-01  0.4019519E-02  0.5275379E-02  0.0000000E+00
 -0.1524141E-01 -0.4482032E-02 -0.8726464E-02  0.0000000E+00
  0.6442143E-01  0.3766457E-02  0.1638492E-01  0.0000000E+00
 -0.5847477E-01 -0.9075753E-02 -0.2630979E-01  0.0000000E+00
  0.1288330E+00 -0.9269169E-01  0.8050845E-01  0.0000000E+00
 -0.3115218E-01  0.3699723E-01 -0.4219389E-01  0.0000000E+00
  0.3114706E-01 -0.5374227E-01  0.6538380E-02  0.0000000E+00
  0.7906959E-01 -0.1235421E+00  0.4402487E-01  0.0000000E+00
  0.1078231E+00 -0.1654220E+00  0.6651672E-01  0.0000000E+00
  0.1577713E-02  0.2866612E-03 -0.1341907E-03  0.0000000E+00
  0.1816783E-01 -0.2725252E-02  0.7313046E-03  0.0000000E+00
 -0.2453497E-01  0.2197228E-02 -0.8958373E-03  0.0000000E+00
  0.1563986E-01 -0.5064769E-02  0.2142227E-02  0.0000000E+00
  0.6852724E-02  0.1642746E-01 -0.4394206E-02  0.0000000E+00
 -0.1028609E-02 -0.5370960E-01  0.1244945E-01  0.0000000E+00
 -0.6538931E-01 -0.5277842E-01 -0.2022615E-01  0.0000000E+00
 -0.7035275E-01  0.1355402E+00  0.9099298E-03  0.0000000E+00
 -0.5883080E-01  0.3481320E-01 -0.6657202E-02  0.0000000E+00
 -0.4996774E-01 -0.4266915E-01 -0.1247807E-01  0.0000000E+00
 -0.4464991E-01 -0.8915856E-01 -0.1597059E-01  0.0000000E+00
  0.3073905E-02  0.6444065E-04  0.4837526E-03  0.0000000E+00
  0.1684924E-01  0.2153556E-02 -0.2849327E-02  0.0000000E+00
 -0.1252674E-01 -0.4771113E-02  0.5380621E-02  0.0000000E+00
 -0.1119590E-01  0.5477404E-02 -0.8964666E-02  0.0000000E+00
 -0.2161639E-01 -0.9466033E-02  0.1763119E-01  0.0000000E+00
 -0.6336740E-01  0.1476277E-01 -0.3029642E-01  0.0000000E+00
  0.1379205E-01  0.8490021E-03  0.6741478E-01  0.0000000E+00
 -0.3778361E-01 -0.1626029E-01 -0.4518487E-01  0.0000000E+00
 -0.5891260E-01  0.1645296E-01 -0.1509913E-01  0.0000000E+00
 -0.7516577E-01  0.4161691E-01  0.8043824E-02  0.0000000E+00
 -0.8491764E-01  0.5671530E-01  0.2192958E-01  0.0000000E+00
 -0.5546104E-02  0.8582341E-03  0.2546618E-03  0.0000000E+00
 -0.6481269E-02 -0.4414092E-03 -0.9511869E-03  0.0000000E+00
  0.7214205E-02  0.1583894E-02  0.9980199E-03  0.0000000E+00
 -0.9812622E-02 -0.3116490E-02 -0.1950843E-02  0.0000000E+00
  0.1783522E-01 -0.1239112E-02  0.3750334E-02  0.0000000E+00
 -0.3410076E-01  0.2881860E-01 -0.9706372E-02  0.0000000E+00
  0.3264191E-01  0.1988523E-01 -0.7280748E-02  0.0000000E+00
 -0.2721365E-01  0.1954423E-01 -0.2688770E-01  0.0000000E+00
 -0.2586153E-01  0.1978297E-01 -0.3200540E-01  0.0000000E+00
 -0.2482138E-01  0.1996667E-01 -0.3594207E-01  0.0000000E+00
 -0.2419731E-01  0.2007687E-01 -0.3830407E-01  0.0000000E+00
  0.1147628E-02  0.1559000E-03  0.1774573E-03  0.0000000E+00
 -0.4231597E-02  0.7373660E-03 -0.1180985E-02  0.0000000E+00
  0.5593535E-02  0.2300737E-03  0.2048839E-02  0.0000000E+00
  0.1764890E-01  0.1092155E-02 -0.2925012E-02  0.0000000E+00
  0.4817994E-02 -0.3148478E-02  0.6486535E-02  0.0000000E+00
  0.1554146E-01  0.6639150E-02 -0.1259363E-01  0.0000000E+00
  0.7727514E-01 -0.6682166E-02  0.3120340E-01  0.0000000E+00
  0.2839466E-01 -0.1037799E-02 -0.1643909E-01  0.0000000E+00
 -0.2739888E-01 -0.1117876E-01 -0.5303985E-02  0.0000000E+00
 -0.7031697E-01 -0.1897950E-01  0.3261520E-02  0.0000000E+00
 -0.9606783E-01 -0.2365995E-01  0.8400814E-02  0.0000000E+00
 -0.4677370E-01  0.1698836E-01  0.9783079E-02  0.0000000E+00
 -0.9168146E-01  0.6222711E-02 -0.2282841E-02  0.0000000E+00
 -0.1240815E-01 -0.5725073E-02  0.1509511E-01  0.0000000E+00
 -0.2296012E-01  0.9383805E-01  0.2008402E-01  0.0000000E+00
 -0.3477340E-01  0.1534424E-01 -0.2769157E-01  0.0000000E+00
 -0.4745903E-01  0.9511707E-02  0.8199859E-03  0.0000000E+00
 -0.3631061E-01  0.2911999E-02  0.7505662E-02  0.0000000E+00
 -0.2144414E-01  0.1866366E-01  0.4804388E-02  0.0000000E+00
  0.5238447E-01 -0.5470176E-02  0.1296213E-01  0.0000000E+00
  0.1091756E+00 -0.2403476E-01  0.1923735E-01  0.0000000E+00
  0.1432503E+00 -0.3517349E-01  0.2300247E-01  0.0000000E+00
  0.9481200E-01 -0.1319501E-01  0.7381092E-02  0.0000000E+00
 -0.1376417E+00  0.4354788E-01 -0.1686473E-01  0.0000000E+00
  0.8696995E-01 -0.4687811E-01  0.2292570E-01  0.0000000E+00
 -0.3641841E-01  0.1917450E+00  0.2181476E-01  0.0000000E+00
 -0.8030286E-01 -0.9763082E-01  0.1840205E-02  0.0000000E+00
  0.7074986E-01  0.1103554E-01 -0.2176711E-01  0.0000000E+00
 -0.3317932E-01 -0.3969548E-01  0.1529804E-01  0.0000000E+00
 -0.3778109E-01  0.4611223E-01 -0.3842459E-01  0.0000000E+00
 -0.8643288E-01  0.8676200E-04 -0.2826932E-01  0.0000000E+00
 -0.1238573E+00 -0.3531751E-01 -0.2045749E-01  0.0000000E+00
 -0.1463119E+00 -0.5656006E-01 -0.1577041E-01  0.0000000E+00
 -0.4198741E-02 -0.2210102E-01 -0.2143015E-02  0.0000000E+00
 -0.1097621E-01  0.2320869E-01 -0.1593383E-02  0.0000000E+00
 -0.1888143E-01 -0.5698939E-02  0.1377175E-01  0.0000000E+00
  0.8167201E-01 -0.3768354E-01  0.1329490E-02  0.0000000E+00
  0.8192255E-01 -0.3624658E-01  0.7226188E-02  0.0000000E+00
 -0.4478066E-01 -0.8996873E-02  0.2801545E-02  0.0000000E+00
  0.1486018E-01  0.2440160E-01 -0.1589737E-02  0.0000000E+00
  0.7332764E-01 -0.6148458E-01  0.2378831E-01  0.0000000E+00
  0.5514833E-01  0.5920859E-02  0.2634054E-01  0.0000000E+00
  0.4116417E-01  0.5777121E-01  0.2830376E-01  0.0000000E+00
  0.3277369E-01  0.8888142E-01  0.2948170E-01  0.0000000E+00
 -0.6278770E-01  0.4753086E-03  0.7155167E-04  0.0000000E+00
  0.1002612E-01 -0.2234201E-02 -0.8063368E-03  0.0000000E+00
 -0.3888350E-02  0.4637924E-02  0.5879281E-03  0.0000000E+00
 -0.2642949E-02 -0.8959037E-02 -0.1404172E-02  0.0000000E+00
  0.2712673E-01  0.5239214E-02  0.1860317E-02  0.0000000E+00
 -0.2229395E-01 -0.1477217E-01 -0.1386394E-02  0.0000000E+00
  0.3125426E-02  0.4854366E-01  0.1357932E-01  0.0000000E+00
 -0.1005412E+00 -0.1394276E-02 -0.1717526E-01  0.0000000E+00
 -0.8996111E-01  0.1402056E-01 -0.1115912E-01  0.0000000E+00
 -0.8182246E-01  0.2587818E-01 -0.6531280E-02  0.0000000E+00
 -0.7693931E-01  0.3299273E-01 -0.3754585E-02  0.0000000E+00
  0.1396692E-01  0.2575786E-03 -0.1835806E-03  0.0000000E+00
  0.5649045E-02  0.4444485E-03  0.1033082E-02  0.0000000E+00
  0.6471032E-02 -0.1993365E-02 -0.1745804E-02  0.0000000E+00
  0.1358565E-01  0.3378673E-02  0.2665599E-02  0.0000000E+00
 -0.3654339E-01 -0.1622971E-02 -0.4866863E-02  0.0000000E+00
  0.4671960E-02 -0.8626182E-02  0.7452587E-02  0.0000000E+00
  0.2009033E-01 -0.3935429E-01 -0.1538076E-01  0.0000000E+00
  0.5564931E-01  0.1617441E-01  0.1418113E-01  0.0000000E+00
 -0.1593435E-01 -0.4108165E-02  0.1197428E-01  0.0000000E+00
 -0.7099873E-01 -0.1971017E-01  0.1027672E-01  0.0000000E+00
 -0.1040373E+00 -0.2907137E-01  0.9258183E-02  0.0000000E+00
  0.1268102E-01  0.3104720E-03 -0.9041818E-04  0.0000000E+00
 -0.5388533E-02 -0.5744077E-04  0.3270952E-03  0.0000000E+00
  0.1340584E-01 -0.1478450E-02 -0.2966880E-03  0.0000000E+00
 -0.1569991E-01  0.2370488E-02  0.3687345E-03  0.0000000E+00
 -0.4127311E-01  0.2240187E-02 -0.9904407E-03  0.0000000E+00
  0.3603338E-01 -0.1632957E-01 -0.1369000E-02  0.0000000E+00
  0.1963178E-01  0.2712275E-01 -0.9375034E-02  0.0000000E+00
 -0.5094893E-01 -0.2252405E-01  0.4517333E-02  0.0000000E+00
 -0.2369818E-01 -0.7387921E-02 -0.5201890E-02  0.0000000E+00
 -0.2736025E-02  0.4255312E-02 -0.1267821E-01  0.0000000E+00
  0.9841258E-02  0.1124124E-01 -0.1716400E-01  0.0000000E+00
 -0.2826316E-02 -0.5237460E-03  0.6818330E-04  0.0000000E+00
 -0.5826999E-02  0.1535423E-02 -0.3265230E-03  0.0000000E+00
 -0.1569591E-01 -0.2113288E-02  0.3604879E-03  0.0000000E+00
 -0.1047703E-01  0.3910713E-02 -0.8515975E-03  0.0000000E+00
 -0.5732482E-02 -0.6737643E-02  0.9258900E-03  0.0000000E+00
 -0.2221355E-01  0.2474793E-01 -0.3967121E-02  0.0000000E+00
  0.1553523E-01 -0.1738153E-01 -0.4156010E-02  0.0000000E+00
 -0.7789365E-02  0.1104623E-01  0.1611070E-01  0.0000000E+00
 -0.3952565E-01  0.9367820E-02  0.8239539E-02  0.0000000E+00
 -0.6393817E-01  0.8076678E-02  0.2184839E-02  0.0000000E+00
 -0.7858568E-01  0.7302007E-02 -0.1447992E-02  0.0000000E+00
  0.9242069E-02 -0.2580113E-05 -0.1296894E-03  0.0000000E+00
 -0.3539316E-02 -0.1229688E-03  0.5126776E-03  0.0000000E+00
 -0.3087265E-02  0.8315139E-03 -0.4893614E-03  0.0000000E+00
  0.8507843E-02 -0.2036975E-02  0.8759377E-03  0.0000000E+00
  0.1880853E-01  0.3949697E-02 -0.1658662E-02  0.0000000E+00
 -0.6265534E-02 -0.3984452E-02  0.3823923E-02  0.0000000E+00
  0.9589651E-02  0.8342849E-02 -0.6626254E-02  0.0000000E+00
 -0.1229701E-01 -0.2482539E-03  0.1141753E-01  0.0000000E+00
 -0.3052323E-01 -0.5199076E-02 -0.3191488E-03  0.0000000E+00
 -0.4454334E-01 -0.9007374E-02 -0.9347370E-02  0.0000000E+00
 -0.5295542E-01 -0.1129236E-01 -0.1476430E-01  0.0000000E+00
 -0.5592505E-02 -0.2851177E-03 -0.1899646E-05  0.0000000E+00
  0.3495954E-02 -0.1207365E-02 -0.1547394E-03  0.0000000E+00
  0.3575738E-02  0.2649047E-02  0.2588236E-03  0.0000000E+00
  0.1715794E-01 -0.3111944E-02 -0.9308132E-04  0.0000000E+00
 -0.6441157E-02  0.6352653E-02 -0.1018677E-02  0.0000000E+00
 -0.3056698E-01 -0.9045009E-02  0.3425164E-02  0.0000000E+00
  0.5008923E-01  0.2808786E-02  0.5496047E-02  0.0000000E+00
 -0.5008057E-03 -0.3056244E-02 -0.3157708E-04  0.0000000E+00
  0.2215688E-01 -0.4790531E-02  0.4268916E-02  0.0000000E+00
  0.3958576E-01 -0.6124619E-02  0.7577014E-02  0.0000000E+00
  0.5004311E-01 -0.6925067E-02  0.9561865E-02  0.0000000E+00
 -0.2726619E-01  0.5458967E-01  0.2566120E-01  0.0000000E+00
 -0.5113303E-01  0.8758762E-01 -0.1948203E-01  0.0000000E+00
  0.1441631E-01 -0.1270846E+00  0.4143418E-02  0.0000000E+00
 -0.7910805E-01  0.7706535E-01 -0.1159486E-01  0.0000000E+00
 -0.8695424E-01 -0.4714646E-01 -0.1943852E-01  0.0000000E+00
  0.1151876E-01 -0.5406031E-01 -0.1885553E-02  0.0000000E+00
 -0.6805467E-01  0.4528316E-02  0.7975594E-02  0.0000000E+00
 -0.1223846E-01 -0.1099469E-01 -0.1351070E-01  0.0000000E+00
 -0.5032369E-01 -0.3773532E-01 -0.7903507E-02  0.0000000E+00
 -0.7962007E-01 -0.5830504E-01 -0.3590276E-02  0.0000000E+00
 -0.9719788E-01 -0.7064687E-01 -0.1002339E-02  0.0000000E+00
 -0.4077449E-01  0.2649429E-02  0.1450796E-01  0.0000000E+00
 -0.1397932E+00  0.7635491E-01 -0.2244468E-01  0.0000000E+00
  0.1112226E+00 -0.8337281E-01  0.2141812E-01  0.0000000E+00
 -0.6250962E-01  0.6120077E-01 -0.3358370E-01  0.0000000E+00
 -0.1095634E+00  0.4348828E-01 -0.1773110E-02  0.0000000E+00
 -0.8195660E-02 -0.5175962E-01  0.9749160E-02  0.0000000E+00
 -0.1232017E-01 -0.5814855E-02 -0.8253781E-02  0.0000000E+00
 -0.7336434E-01  0.2347367E-01 -0.3352876E-02  0.0000000E+00
 -0.8260841E-01 -0.5194248E-01 -0.4967941E-03  0.0000000E+00
 -0.8971906E-01 -0.1099550E+00  0.1700169E-02  0.0000000E+00
 -0.9398550E-01 -0.1447625E+00  0.3018353E-02  0.0000000E+00
  0.3494729E-01 -0.4594542E-01 -0.1625730E-01  0.0000000E+00
  0.7620915E-02 -0.9765524E-01  0.1133965E-01  0.0000000E+00
 -0.1287748E-01  0.1035164E+00 -0.1134459E-01  0.0000000E+00
  0.5428110E-01 -0.1270684E+00  0.8330301E-03  0.0000000E+00
  0.8586788E-01  0.2070141E-01  0.1983054E-01  0.0000000E+00
  0.1663276E-03 -0.8224521E-01 -0.2921054E-02  0.0000000E+00
  0.1861521E-01 -0.1507139E-01 -0.3529184E-02  0.0000000E+00
  0.8718903E-01 -0.4767630E-01 -0.4476555E-02  0.0000000E+00
  0.5140562E-02 -0.2988507E-01 -0.1201129E-01  0.0000000E+00
 -0.5797374E-01 -0.1619955E-01 -0.1780723E-01  0.0000000E+00
 -0.9584230E-01 -0.7988222E-02 -0.2128480E-01  0.0000000E+00
  0.3511840E-02  0.3497912E-03  0.1102941E-03  0.0000000E+00
  0.3667756E-02 -0.6555780E-04 -0.3308987E-03  0.0000000E+00
 -0.1132090E-01  0.2239816E-04 -0.1654984E-03  0.0000000E+00
  0.8939725E-02 -0.5339665E-04 -0.3463920E-05  0.0000000E+00
 -0.1468339E-01  0.1137047E-02  0.2913437E-03  0.0000000E+00
 -0.2661306E-01 -0.3536536E-02 -0.1305534E-02  0.0000000E+00
 -0.2891138E-01 -0.4313773E-01 -0.7875062E-02  0.0000000E+00
 -0.3966152E-01 -0.7108177E-02 -0.8040502E-02  0.0000000E+00
 -0.1802997E-01 -0.6734483E-01  0.2087820E-02  0.0000000E+00
 -0.1390283E-02 -0.1136807E+00  0.9878821E-02  0.0000000E+00
  0.8593521E-02 -0.1414823E+00  0.1455343E-01  0.0000000E+00
 -0.6226713E-02  0.3337665E-03 -0.1473126E-04  0.0000000E+00
  0.1496271E-01  0.1224298E-02  0.2534880E-03  0.0000000E+00
 -0.1186722E-01 -0.1629892E-03  0.2356536E-04  0.0000000E+00
  0.3344064E-02  0.1704795E-03 -0.3132004E-03  0.0000000E+00
 -0.2020466E-01 -0.1225433E-02  0.2788658E-03  0.0000000E+00
  0.4328925E-01 -0.1153213E-01  0.8201478E-03  0.0000000E+00
 -0.4626973E-01  0.1138108E-01  0.2880695E-02  0.0000000E+00
 -0.8499159E-02 -0.2340221E-01  0.4783156E-02  0.0000000E+00
  0.4526014E-02 -0.8013610E-02 -0.3712486E-02  0.0000000E+00
  0.1454537E-01  0.3823797E-02 -0.1024761E-01  0.0000000E+00
  0.2055698E-01  0.1092624E-01 -0.1416868E-01  0.0000000E+00
  0.2371732E-02 -0.9972350E-04 -0.6521326E-04  0.0000000E+00
  0.2389796E-02  0.2408331E-02  0.2752736E-03  0.0000000E+00
  0.7276397E-02 -0.2632410E-02  0.1366782E-03  0.0000000E+00
  0.4301683E-02  0.3249641E-02  0.4373758E-03  0.0000000E+00
 -0.2098250E-01 -0.7422970E-02 -0.9453292E-03  0.0000000E+00
  0.1724178E-01  0.1423086E-01  0.1808655E-02  0.0000000E+00
 -0.1773886E-01 -0.1663657E-01 -0.9409705E-03  0.0000000E+00
 -0.3143666E-01  0.3673461E-02 -0.1612364E-02  0.0000000E+00
 -0.2998432E-01 -0.3228108E-01  0.4627661E-02  0.0000000E+00
 -0.2886718E-01 -0.5993843E-01  0.9427665E-02  0.0000000E+00
 -0.2819688E-01 -0.7653284E-01  0.1230767E-01  0.0000000E+00
 -0.6348953E-03 -0.3724233E-03  0.3426328E-04  0.0000000E+00
 -0.4337049E-02 -0.1058126E-03 -0.1516134E-04  0.0000000E+00
 -0.5851743E-02 -0.1788881E-02 -0.1894578E-03  0.0000000E+00
  0.1230045E-01  0.3425407E-02  0.4031196E-03  0.0000000E+00
 -0.1533113E-01 -0.2334959E-02 -0.1047038E-02  0.0000000E+00
  0.2931827E-01  0.4085062E-02  0.1827051E-02  0.0000000E+00
 -0.9506775E-02 -0.9303013E-02  0.1083864E-02  0.0000000E+00
  0.2152393E-02 -0.4050293E-02  0.1824437E-03  0.0000000E+00
  0.2585588E-01  0.7506987E-02  0.2616720E-02  0.0000000E+00
  0.4408935E-01  0.1639720E-01  0.4489234E-02  0.0000000E+00
  0.5502942E-01  0.2173132E-01  0.5612744E-02  0.0000000E+00
 -0.1429035E-03 -0.4769751E-03 -0.8556184E-04  0.0000000E+00
 -0.6205033E-02 -0.1128055E-02  0.2433347E-03  0.0000000E+00
  0.1135789E-02  0.5127137E-03 -0.8637371E-03  0.0000000E+00
 -0.9716204E-02  0.4957873E-03  0.9853733E-03  0.0000000E+00
 -0.4247363E-04  0.1042469E-02 -0.1946359E-02  0.0000000E+00
 -0.1670338E-01 -0.6421483E-02  0.4258115E-02  0.0000000E+00
  0.2576591E-01 -0.2533620E-04 -0.4414454E-02  0.0000000E+00
 -0.2182726E-01 -0.9028376E-02  0.9050957E-02  0.0000000E+00
  0.6410203E-02 -0.6220532E-02  0.3718414E-02  0.0000000E+00
  0.2813140E-01 -0.4060609E-02 -0.3835573E-03  0.0000000E+00
  0.4116410E-01 -0.2764667E-02 -0.2844736E-02  0.0000000E+00
  0.1567361E-02 -0.2274579E-03  0.7096498E-04  0.0000000E+00
 -0.6103332E-02  0.2230136E-03 -0.7653977E-04  0.0000000E+00
  0.1160833E-01 -0.9808014E-03  0.1957112E-03  0.0000000E+00
  0.1382522E-03  0.1522193E-02  0.8761698E-04  0.0000000E+00
  0.7477643E-03 -0.6045631E-02 -0.6010969E-03  0.0000000E+00
 -0.1623900E-01  0.4986531E-02  0.8532835E-03  0.0000000E+00
 -0.5052812E-01 -0.7722885E-02 -0.8076820E-02  0.0000000E+00
  0.1280802E-01  0.5807016E-02  0.1977039E-02  0.0000000E+00
 -0.1645828E-01  0.9084837E-02  0.3888569E-02  0.0000000E+00
 -0.3897083E-01  0.1160625E-01  0.5358971E-02  0.0000000E+00
 -0.5247836E-01  0.1311909E-01  0.6241213E-02  0.0000000E+00
