  1  2   1485 119808  4  4  9 11  5  3    0.00   24.00  100.00  550.00    0.00    6.28   45.00   45.00
  100.0  100.0  100.0  100.0  125.0  150.0  190.0  230.0  275.0  350.0  450.0  600.0  600.0  600.0  600.0
  0.8412978E+01  0.1725295E+01 -0.9466560E+00  0.0000000E+00
  0.8800066E+01  0.3152890E+01 -0.7097351E+00  0.0000000E+00
  0.8032607E+01 -0.1561496E+00 -0.6301531E+00  0.0000000E+00
  0.1013104E+02  0.1193273E+01 -0.4594776E+00  0.0000000E+00
  0.1072133E+02 -0.9355147E+00 -0.4081662E+00  0.0000000E+00
  0.1175249E+02 -0.6074550E-01 -0.1052878E+00  0.0000000E+00
  0.1250071E+02 -0.1289958E+01  0.7463786E-01  0.0000000E+00
  0.1205482E+02 -0.6633019E+00 -0.1824779E+00  0.0000000E+00
  0.1201715E+02 -0.1109548E+01 -0.1766645E+00  0.0000000E+00
  0.1198928E+02 -0.1454490E+01 -0.1711391E+00  0.0000000E+00
  0.1197227E+02 -0.1661022E+01 -0.1680950E+00  0.0000000E+00
 -0.2292955E+01  0.5596801E+00 -0.7080502E+00  0.0000000E+00
 -0.3412218E+01  0.2144382E+00 -0.7526383E-02  0.0000000E+00
 -0.4305169E+01  0.7813361E+00  0.2250711E+00  0.0000000E+00
 -0.2680541E+01  0.9690117E+00 -0.4726090E-01  0.0000000E+00
 -0.2203611E+01  0.5526629E+00 -0.3076187E+00  0.0000000E+00
  0.3393745E+00  0.3942268E+00 -0.4779726E+00  0.0000000E+00
  0.4965301E+00  0.2189041E+00  0.6233906E-02  0.0000000E+00
  0.3335910E+00  0.4650460E+00 -0.3174637E+00  0.0000000E+00
  0.3682235E+00  0.3897572E+00 -0.3208512E+00  0.0000000E+00
  0.3968032E+00  0.3304389E+00 -0.3220306E+00  0.0000000E+00
  0.4134553E+00  0.2952066E+00 -0.3231060E+00  0.0000000E+00
 -0.1189104E+01 -0.2687264E+00 -0.5990247E+00  0.0000000E+00
 -0.4282223E-01 -0.4505313E+00 -0.6238298E+00  0.0000000E+00
 -0.1132351E+00 -0.7472450E-01  0.2140592E+00  0.0000000E+00
  0.5194243E+00 -0.2750880E+00  0.2269477E+00  0.0000000E+00
  0.3564561E+00  0.4920042E+00  0.6813783E-01  0.0000000E+00
 -0.6247582E+00  0.8497653E+00  0.2960744E-01  0.0000000E+00
 -0.1006487E+01  0.1128539E+00  0.5677077E-01  0.0000000E+00
 -0.1385428E+01  0.3060590E-01 -0.2753447E+00  0.0000000E+00
 -0.1208263E+01 -0.2057071E+00 -0.3202032E+00  0.0000000E+00
 -0.1070472E+01 -0.3876281E+00 -0.3540201E+00  0.0000000E+00
 -0.9881839E+00 -0.4967421E+00 -0.3744872E+00  0.0000000E+00
 -0.4816898E+00  0.1718357E-01 -0.2696270E-02  0.0000000E+00
 -0.6645214E+00  0.1458409E-01  0.5365610E-02  0.0000000E+00
  0.1770169E-01 -0.8717398E-02 -0.7578046E-02  0.0000000E+00
 -0.8288359E+00 -0.1126475E-01  0.1366917E-01  0.0000000E+00
 -0.6439579E+00  0.5264775E-01 -0.1546442E-01  0.0000000E+00
 -0.1199239E+01 -0.1963431E+00  0.1037956E-01  0.0000000E+00
 -0.5048574E+00  0.1606623E+00 -0.1018934E+00  0.0000000E+00
 -0.7760967E+00  0.2927660E+00  0.2039783E+00  0.0000000E+00
 -0.6711189E+00  0.1893202E+00  0.1590428E+00  0.0000000E+00
 -0.5898849E+00  0.1105206E+00  0.1245671E+00  0.0000000E+00
 -0.5412609E+00  0.6303931E-01  0.1038583E+00  0.0000000E+00
 -0.4780577E+00  0.1681406E-01  0.2068828E-02  0.0000000E+00
 -0.4001284E+00 -0.3466624E-02 -0.1165255E-02  0.0000000E+00
  0.1315370E+00  0.5247528E-02  0.4805788E-02  0.0000000E+00
  0.2453062E+00 -0.6698048E-02 -0.1082683E-01  0.0000000E+00
  0.1297171E+00  0.1399471E-01  0.1656314E-01  0.0000000E+00
  0.2692247E+00 -0.1575901E-01 -0.3583711E-01  0.0000000E+00
  0.1309770E+00  0.2114627E+00  0.9493694E-01  0.0000000E+00
 -0.2100971E+00  0.1263945E+00  0.3910973E-02  0.0000000E+00
 -0.3512179E+00 -0.1357427E+00 -0.8863482E-01  0.0000000E+00
 -0.4594748E+00 -0.3379119E+00 -0.1595354E+00  0.0000000E+00
 -0.5245032E+00 -0.4590801E+00 -0.2021487E+00  0.0000000E+00
  0.1304553E+00  0.1315795E-01  0.4288002E-04  0.0000000E+00
  0.1523637E+00  0.1055627E-01  0.4475847E-02  0.0000000E+00
  0.1633917E+00 -0.8338236E-02 -0.6870572E-02  0.0000000E+00
  0.1384603E+00  0.1593146E-01  0.9709721E-02  0.0000000E+00
  0.1513978E+00 -0.5145123E-01 -0.2033384E-01  0.0000000E+00
  0.3787369E+00  0.1881519E+00  0.6222927E-01  0.0000000E+00
  0.1642428E+00 -0.2285059E+00 -0.7090047E-01  0.0000000E+00
  0.3177960E+00  0.7377607E-01  0.5206543E-01  0.0000000E+00
  0.2222832E+00  0.1167996E+00  0.6820975E-01  0.0000000E+00
  0.1482164E+00  0.1503366E+00  0.8061865E-01  0.0000000E+00
  0.1039284E+00  0.1703416E+00  0.8806674E-01  0.0000000E+00
  0.3385504E+00 -0.1065501E-01 -0.8302391E-02  0.0000000E+00
 -0.6239398E-01  0.5031906E-02  0.2360596E-02  0.0000000E+00
  0.4960788E-01  0.1382053E-02  0.1605530E-02  0.0000000E+00
 -0.7085395E-02 -0.2603050E-02  0.1100733E-02  0.0000000E+00
 -0.3025324E+00  0.1158883E-01 -0.5479763E-02  0.0000000E+00
 -0.5479477E-01 -0.7008263E-02  0.1682138E-01  0.0000000E+00
  0.4193869E+00  0.5775748E-01 -0.3627536E-01  0.0000000E+00
  0.3631112E+00 -0.8819576E-01  0.7544373E-01  0.0000000E+00
  0.1980022E+00 -0.1345565E-01 -0.1478080E-01  0.0000000E+00
  0.7043721E-01  0.4381899E-01 -0.8425698E-01  0.0000000E+00
 -0.5960644E-02  0.7824117E-01 -0.1259244E+00  0.0000000E+00
 -0.2586973E+00  0.1965148E-01  0.1275479E-02  0.0000000E+00
 -0.1038631E-01  0.8240448E-02  0.3091379E-02  0.0000000E+00
 -0.1331198E+00 -0.7621309E-02  0.7986406E-03  0.0000000E+00
  0.1112206E-01  0.3040702E-02 -0.1028576E-02  0.0000000E+00
 -0.1293382E-01 -0.1401202E-01  0.5688291E-02  0.0000000E+00
 -0.8790481E-01  0.5674534E-02 -0.1825245E-01  0.0000000E+00
 -0.7554824E-01 -0.2580957E-01 -0.3071523E-01  0.0000000E+00
 -0.1745954E+00  0.5474550E-01 -0.3613762E-01  0.0000000E+00
 -0.7785682E-01  0.2057599E-01 -0.3400267E-01  0.0000000E+00
 -0.3180063E-02 -0.5637949E-02 -0.3234555E-01  0.0000000E+00
  0.4155985E-01 -0.2138491E-01 -0.3135525E-01  0.0000000E+00
  0.1267982E+00 -0.6557607E-03 -0.3807504E-02  0.0000000E+00
 -0.1687604E+00 -0.1752329E-01  0.2210363E-02  0.0000000E+00
  0.2407511E+00  0.4492381E-03 -0.7321305E-03  0.0000000E+00
 -0.6176969E-01  0.3329394E-02  0.1045256E-02  0.0000000E+00
  0.1354963E+00  0.1491032E-01 -0.3624441E-03  0.0000000E+00
 -0.2246703E+00 -0.3487731E-01 -0.3173001E-02  0.0000000E+00
  0.1348310E+00  0.1128184E+00 -0.3912032E-02  0.0000000E+00
 -0.5854917E-01  0.6484125E-01  0.2967231E-01  0.0000000E+00
 -0.5050537E-01  0.8315476E-01  0.1481977E-01  0.0000000E+00
 -0.4440038E-01  0.9723759E-01  0.3452574E-02  0.0000000E+00
 -0.4071388E-01  0.1056900E+00 -0.3382840E-02  0.0000000E+00
 -0.2548226E+01  0.2394989E+00 -0.7716555E+00  0.0000000E+00
 -0.3062129E+01 -0.5672349E+00 -0.9310934E+00  0.0000000E+00
 -0.1385175E+01 -0.1073938E+01  0.1019047E+00  0.0000000E+00
 -0.1588542E+01 -0.1596773E+01 -0.5084444E+00  0.0000000E+00
 -0.6709434E+00 -0.1086107E+01 -0.6388002E-01  0.0000000E+00
 -0.1044441E+01 -0.9952332E+00  0.1332131E-01  0.0000000E+00
 -0.1794008E+00 -0.8053366E+00  0.1166562E+00  0.0000000E+00
 -0.2822215E+00 -0.9342568E+00  0.4163766E-01  0.0000000E+00
 -0.2253194E+00 -0.5899081E+00  0.2993964E-01  0.0000000E+00
 -0.1820667E+00 -0.3266494E+00  0.2107710E-01  0.0000000E+00
 -0.1559802E+00 -0.1682760E+00  0.1572185E-01  0.0000000E+00
 -0.4919180E+00 -0.2701110E+00 -0.5746100E+00  0.0000000E+00
 -0.2044925E+01 -0.6780958E+00  0.2593945E+00  0.0000000E+00
 -0.8202432E+00  0.8431158E+00  0.2976567E+00  0.0000000E+00
 -0.2399925E+01 -0.8430519E+00  0.2411012E+00  0.0000000E+00
 -0.1595119E+01  0.5535961E+00  0.1591167E-01  0.0000000E+00
  0.2759007E+00  0.4579304E+00 -0.4203752E-01  0.0000000E+00
  0.9907353E-01  0.4664747E+00 -0.1239026E+00  0.0000000E+00
  0.4414820E+00  0.1921918E+00 -0.1291541E-02  0.0000000E+00
  0.1304116E+00  0.1075814E-01 -0.1486361E+00  0.0000000E+00
 -0.1095843E+00 -0.1284374E+00 -0.2620467E+00  0.0000000E+00
 -0.2533984E+00 -0.2120425E+00 -0.3300771E+00  0.0000000E+00
 -0.7044371E+00  0.4368198E+00 -0.5092624E+00  0.0000000E+00
 -0.1936564E+00 -0.6463613E+00 -0.4681145E+00  0.0000000E+00
  0.7984113E+00  0.9371582E+00  0.2417494E-01  0.0000000E+00
  0.1972575E+00 -0.3917538E+00  0.2914166E+00  0.0000000E+00
  0.1057669E+00  0.6537012E+00  0.3911075E-01  0.0000000E+00
 -0.2877676E+00  0.6365181E+00  0.1673985E+00  0.0000000E+00
 -0.2149283E+00  0.5592835E+00 -0.9264411E-02  0.0000000E+00
 -0.5056552E+00  0.4807976E-02  0.3005221E-01  0.0000000E+00
 -0.3747684E+00  0.4470621E-01  0.1103745E-01  0.0000000E+00
 -0.2740026E+00  0.7460327E-01 -0.3542694E-02  0.0000000E+00
 -0.2135667E+00  0.9274515E-01 -0.1230244E-01  0.0000000E+00
 -0.2758058E+00  0.1063543E-02 -0.4649536E-02  0.0000000E+00
 -0.1502245E-01  0.1763577E-02  0.5433575E-02  0.0000000E+00
  0.1751052E+00  0.9008714E-02 -0.1032286E-01  0.0000000E+00
 -0.5128775E+00 -0.2502491E-01  0.1579855E-01  0.0000000E+00
 -0.1226034E+01  0.5903423E-01 -0.2467673E-01  0.0000000E+00
 -0.6770825E+00 -0.2137235E+00  0.6522936E-01  0.0000000E+00
 -0.8092475E+00  0.8263295E-01 -0.1937745E-01  0.0000000E+00
 -0.8693208E+00  0.8384403E+00  0.2206262E+00  0.0000000E+00
 -0.7810903E+00  0.6886017E+00  0.9055286E-01  0.0000000E+00
 -0.7130766E+00  0.5726022E+00 -0.9748964E-02  0.0000000E+00
 -0.6723024E+00  0.5031915E+00 -0.6986683E-01  0.0000000E+00
  0.3010721E+00 -0.1281955E-02 -0.1270130E-02  0.0000000E+00
  0.1983860E+00  0.4860154E-02  0.3202699E-04  0.0000000E+00
  0.6613858E-01 -0.1621191E-02 -0.1096204E-02  0.0000000E+00
  0.2447371E+00 -0.2405036E-01 -0.1663919E-02  0.0000000E+00
  0.1980175E+00  0.2344085E-01 -0.1416805E-02  0.0000000E+00
 -0.9893890E-01 -0.1215644E+00  0.5150895E-02  0.0000000E+00
  0.1180787E+00  0.1479936E+00  0.6324091E-01  0.0000000E+00
 -0.6211999E-01 -0.1602468E+00  0.9629485E-01  0.0000000E+00
  0.5970895E-01 -0.2741871E-01  0.1670797E+00  0.0000000E+00
  0.1537288E+00  0.7524941E-01  0.2215055E+00  0.0000000E+00
  0.2100679E+00  0.1367219E+00  0.2541681E+00  0.0000000E+00
  0.1587750E+00  0.2880251E-02  0.2363262E-02  0.0000000E+00
  0.5087618E+00  0.2495921E-01 -0.1206267E-02  0.0000000E+00
 -0.2427176E+00 -0.3521093E-01  0.2449877E-02  0.0000000E+00
  0.4533771E-01  0.5333552E-01 -0.9580760E-02  0.0000000E+00
  0.5565591E+00 -0.9149356E-01  0.1980519E-01  0.0000000E+00
  0.3682640E+00  0.2724901E+00 -0.5336911E-01  0.0000000E+00
  0.3654816E+00 -0.1669006E+00  0.4628330E-01  0.0000000E+00
  0.2395677E+00  0.9796078E-01  0.2216093E-01  0.0000000E+00
  0.1791046E+00  0.1249528E+00 -0.3986087E-01  0.0000000E+00
  0.1321114E+00  0.1458027E+00 -0.8740454E-01  0.0000000E+00
  0.1040406E+00  0.1582890E+00 -0.1159740E+00  0.0000000E+00
  0.4099337E+00 -0.1019474E-01 -0.8245261E-02  0.0000000E+00
  0.4465228E+00 -0.6590693E-02 -0.3130227E-03  0.0000000E+00
 -0.2214902E+00  0.2136040E-01  0.8522613E-02  0.0000000E+00
  0.2452947E+00 -0.5145928E-02 -0.1089787E-01  0.0000000E+00
 -0.1507602E-01 -0.1657753E-01  0.1533891E-01  0.0000000E+00
 -0.7864771E-01  0.1077308E+00 -0.3634463E-01  0.0000000E+00
  0.3799209E-01 -0.3457033E-01  0.1027962E-01  0.0000000E+00
  0.6583007E-01 -0.2504861E+00  0.3674045E-02  0.0000000E+00
  0.2727083E-01 -0.6355566E-01  0.2292071E-01  0.0000000E+00
 -0.2431564E-02  0.8017815E-01  0.3777740E-01  0.0000000E+00
 -0.2023652E-01  0.1664336E+00  0.4667988E-01  0.0000000E+00
 -0.7269593E-01  0.1804485E-01  0.1150273E-02  0.0000000E+00
 -0.3656189E+00  0.2855372E-02  0.2969708E-02  0.0000000E+00
  0.2572243E-01  0.9512959E-02  0.2357411E-02  0.0000000E+00
  0.5752334E-01 -0.1703393E-01 -0.7267777E-02  0.0000000E+00
 -0.6243874E-01  0.4808321E-01  0.1045940E-01  0.0000000E+00
 -0.2982430E+00 -0.1496590E+00 -0.1095886E-01  0.0000000E+00
  0.3572836E-02  0.8984142E-01  0.1851229E-01  0.0000000E+00
 -0.1213496E+00  0.1773893E+00 -0.8600056E-02  0.0000000E+00
 -0.9045286E-01  0.8253443E-01 -0.3121963E-01  0.0000000E+00
 -0.6660940E-01  0.9578736E-02 -0.4847356E-01  0.0000000E+00
 -0.5231712E-01 -0.3419648E-01 -0.5886370E-01  0.0000000E+00
  0.1863320E+00  0.7862098E-02 -0.1787993E-02  0.0000000E+00
  0.1109505E+00 -0.2221472E-01  0.2047615E-02  0.0000000E+00
  0.2736264E+00  0.1994455E-01 -0.4820868E-03  0.0000000E+00
 -0.1529052E-01 -0.9174340E-02  0.2884713E-02  0.0000000E+00
  0.1215216E+00 -0.7745961E-02 -0.3772728E-02  0.0000000E+00
  0.7164301E-02  0.4212841E-02  0.9231555E-02  0.0000000E+00
 -0.9442519E-01 -0.5853504E-01  0.2477247E-01  0.0000000E+00
  0.1369769E+00  0.2893509E-01  0.1440117E-01  0.0000000E+00
  0.6259175E-01  0.2204681E-01  0.2343693E-01  0.0000000E+00
  0.5157139E-02  0.1643434E-01  0.3051546E-01  0.0000000E+00
 -0.2924936E-01  0.1314627E-01  0.3472952E-01  0.0000000E+00
 -0.7035571E+00  0.9922260E+00 -0.2087536E+00  0.0000000E+00
 -0.6802904E+00  0.9584722E+00 -0.1666365E+00  0.0000000E+00
 -0.4342091E+00  0.1383551E+01  0.1371786E+00  0.0000000E+00
 -0.2903833E+00  0.8155555E+00 -0.1460639E+00  0.0000000E+00
 -0.7927898E+00  0.1580427E+01 -0.1063057E+00  0.0000000E+00
 -0.1867970E+00  0.1067240E+01 -0.5102410E+00  0.0000000E+00
 -0.4858182E+00  0.1558912E+01  0.1188881E+00  0.0000000E+00
 -0.7159513E+00  0.1460717E+01 -0.3929265E+00  0.0000000E+00
 -0.6270280E+00  0.1224872E+01 -0.4350446E+00  0.0000000E+00
 -0.5574835E+00  0.1043894E+01 -0.4661751E+00  0.0000000E+00
 -0.5160506E+00  0.9351925E+00 -0.4851805E+00  0.0000000E+00
 -0.6169049E+00  0.3520524E+00 -0.4673810E+00  0.0000000E+00
  0.6896055E-01  0.9699469E+00 -0.2403060E+00  0.0000000E+00
 -0.1590905E+01  0.7893503E+00 -0.5114632E+00  0.0000000E+00
  0.5606853E+00  0.7700735E+00 -0.9179925E-01  0.0000000E+00
 -0.4436066E+00  0.1459681E+01 -0.3096433E+00  0.0000000E+00
  0.6256300E+00 -0.6399778E+00 -0.2578763E+00  0.0000000E+00
 -0.7477482E+00 -0.2428632E+00  0.1182911E+00  0.0000000E+00
 -0.9060976E+00 -0.1087883E+00 -0.3056963E+00  0.0000000E+00
 -0.7573480E+00 -0.8878045E-01 -0.3701015E+00  0.0000000E+00
 -0.6412756E+00 -0.7260860E-01 -0.4180588E+00  0.0000000E+00
 -0.5720541E+00 -0.6310371E-01 -0.4472417E+00  0.0000000E+00
  0.2198436E+00 -0.4387401E-01 -0.6807971E-01  0.0000000E+00
 -0.3820802E+00  0.2300544E+00 -0.1717820E+00  0.0000000E+00
 -0.1462225E+00 -0.5946319E-01 -0.9790786E-01  0.0000000E+00
  0.3405643E+00 -0.1754597E+00 -0.3546928E+00  0.0000000E+00
 -0.2550150E+00 -0.2847012E+00 -0.7518310E-02  0.0000000E+00
  0.2272809E+00 -0.2096252E+00 -0.3598146E+00  0.0000000E+00
  0.3237281E+00 -0.3388299E+00  0.6392488E-01  0.0000000E+00
  0.4982143E-01 -0.6172605E-01 -0.4049394E+00  0.0000000E+00
  0.6463755E-01  0.2014178E+00 -0.4889177E+00  0.0000000E+00
  0.7758449E-01  0.4039874E+00 -0.5525198E+00  0.0000000E+00
  0.8495115E-01  0.5254891E+00 -0.5909343E+00  0.0000000E+00
 -0.1382537E-01  0.2376166E-01  0.4998966E-03  0.0000000E+00
  0.1385370E+00  0.3790961E-01  0.7058790E-02  0.0000000E+00
 -0.1749653E+00 -0.3429634E-01 -0.1165210E-01  0.0000000E+00
  0.6596906E-01  0.4503579E-01  0.2028097E-01  0.0000000E+00
  0.7600234E-01 -0.8704803E-01 -0.3349949E-01  0.0000000E+00
  0.2401386E+00  0.2320113E+00  0.5821059E-01  0.0000000E+00
 -0.2984857E+00  0.2694757E+00 -0.8588225E-01  0.0000000E+00
 -0.1028210E+00  0.4454259E+00  0.1269718E+00  0.0000000E+00
  0.6994961E-01  0.6623565E-01 -0.5840702E-02  0.0000000E+00
  0.2018478E+00 -0.2246848E+00 -0.1081216E+00  0.0000000E+00
  0.2812426E+00 -0.3994309E+00 -0.1694599E+00  0.0000000E+00
 -0.4177410E+00  0.1528687E-01  0.5899487E-02  0.0000000E+00
 -0.1768590E-01 -0.3277360E-02 -0.9585056E-02  0.0000000E+00
 -0.3105971E+00 -0.4342116E-02  0.2021326E-01  0.0000000E+00
 -0.3246404E+00  0.1014199E-01 -0.2669268E-01  0.0000000E+00
 -0.4404924E+00 -0.2492469E-01  0.5777911E-01  0.0000000E+00
  0.2193057E+00  0.1561937E+00 -0.1355087E+00  0.0000000E+00
 -0.1287101E+00  0.7582492E-01  0.5992929E-01  0.0000000E+00
 -0.2745682E+00  0.9287367E-01 -0.1394765E+00  0.0000000E+00
 -0.2686189E+00  0.2221212E+00 -0.1771384E+00  0.0000000E+00
 -0.2622400E+00  0.3215828E+00 -0.2056169E+00  0.0000000E+00
 -0.2588740E+00  0.3812474E+00 -0.2228288E+00  0.0000000E+00
  0.2246690E+00  0.2332591E-01  0.3418662E-02  0.0000000E+00
  0.2490884E+00 -0.2272741E-01  0.6373046E-03  0.0000000E+00
  0.5330553E-01  0.2391402E-01  0.3080359E-02  0.0000000E+00
 -0.3430136E+00 -0.5376892E-01 -0.6539000E-02  0.0000000E+00
 -0.4896506E+00  0.1149822E+00  0.1562073E-01  0.0000000E+00
 -0.1628208E+00 -0.3200004E+00 -0.1996588E-01  0.0000000E+00
 -0.3349442E+00  0.1001973E+00  0.2587372E-01  0.0000000E+00
 -0.3680478E+00  0.6806957E-01  0.4852845E-01  0.0000000E+00
 -0.3131924E+00  0.5382864E-01  0.4867663E-01  0.0000000E+00
 -0.2707533E+00  0.4304958E-01  0.4876766E-01  0.0000000E+00
 -0.2453508E+00  0.3653552E-01  0.4882775E-01  0.0000000E+00
  0.3857444E+00 -0.3604207E-02 -0.2133113E-02  0.0000000E+00
  0.1884065E+00 -0.6575758E-02  0.8233970E-02  0.0000000E+00
 -0.1516679E-01  0.2524560E-01 -0.1388561E-01  0.0000000E+00
  0.3796061E-01 -0.2959534E-01  0.2443745E-01  0.0000000E+00
  0.1689420E+00  0.6881496E-01 -0.4671256E-01  0.0000000E+00
  0.2759642E+00 -0.2029427E+00  0.1168641E+00  0.0000000E+00
 -0.4430485E-01 -0.1309762E+00 -0.7351123E-01  0.0000000E+00
  0.2668661E+00 -0.2578084E+00  0.1065642E+00  0.0000000E+00
  0.1140558E+00 -0.1783567E+00  0.3991781E-01  0.0000000E+00
 -0.3825951E-02 -0.1174600E+00 -0.1149558E-01  0.0000000E+00
 -0.7446855E-01 -0.8086289E-01 -0.4230496E-01  0.0000000E+00
 -0.3347580E+00  0.2617832E-01  0.2753440E-02  0.0000000E+00
 -0.8014326E-01 -0.3613477E-02  0.2734008E-02  0.0000000E+00
  0.9340886E-01  0.9892689E-02  0.1105497E-02  0.0000000E+00
 -0.1831614E+00 -0.1122921E-01 -0.4157889E-02  0.0000000E+00
  0.1997764E+00 -0.2763626E-02  0.1427427E-01  0.0000000E+00
 -0.2308633E+00  0.6815458E-01 -0.2693397E-01  0.0000000E+00
 -0.9897861E-01  0.4880388E-01  0.5850795E-01  0.0000000E+00
 -0.3825783E+00 -0.2733727E-01 -0.3242335E-01  0.0000000E+00
 -0.2600650E+00  0.2576811E-02 -0.3114350E-01  0.0000000E+00
 -0.1654155E+00  0.2562962E-01 -0.3009325E-01  0.0000000E+00
 -0.1087254E+00  0.3944902E-01 -0.2947998E-01  0.0000000E+00
  0.3430712E+00  0.6706462E-02 -0.9403559E-04  0.0000000E+00
  0.3083562E+00 -0.1426187E-01  0.6724844E-03  0.0000000E+00
  0.7362476E-01  0.7903189E-03  0.3468459E-02  0.0000000E+00
  0.2930046E+00  0.1734751E-01 -0.5302740E-02  0.0000000E+00
  0.2220938E-01 -0.2986920E-01  0.1029265E-01  0.0000000E+00
  0.1842425E-01  0.9541645E-01 -0.3296355E-01  0.0000000E+00
 -0.1132019E+00  0.1319154E-01 -0.1604017E-01  0.0000000E+00
 -0.9587857E-02 -0.4474615E-01  0.4734038E-01  0.0000000E+00
  0.2292246E-01 -0.7709010E-01 -0.7037093E-02  0.0000000E+00
  0.4778304E-01 -0.1020004E+00 -0.4879977E-01  0.0000000E+00
  0.6273575E-01 -0.1169385E+00 -0.7387384E-01  0.0000000E+00
  0.1222210E+01 -0.1712069E+00 -0.1292080E+00  0.0000000E+00
  0.1114377E+01 -0.2439630E+00 -0.1049604E+00  0.0000000E+00
  0.8531089E+00 -0.3091971E+00  0.1127114E-01  0.0000000E+00
  0.1076609E+01 -0.2836596E-01 -0.2171305E-01  0.0000000E+00
  0.8018822E+00  0.1581162E-01  0.7249375E-01  0.0000000E+00
  0.1595800E+00 -0.2467338E+00  0.5381482E-01  0.0000000E+00
 -0.8334872E-01 -0.2033298E+00  0.1293477E-01  0.0000000E+00
 -0.2771733E-02 -0.3819011E+00  0.7861828E-01  0.0000000E+00
 -0.8496030E-01 -0.2720309E+00  0.8262314E-01  0.0000000E+00
 -0.1489709E+00 -0.1878986E+00  0.8544437E-01  0.0000000E+00
 -0.1871754E+00 -0.1373196E+00  0.8720317E-01  0.0000000E+00
  0.5060024E+00 -0.3371870E-01 -0.8970393E-01  0.0000000E+00
 -0.1002831E+00  0.7040669E-01  0.5751158E+00  0.0000000E+00
  0.4036238E+00  0.2145962E-01 -0.4261565E+00  0.0000000E+00
 -0.3237509E-01  0.2226383E+00  0.2299966E+00  0.0000000E+00
  0.6934063E+00  0.3903712E-02  0.1099982E-01  0.0000000E+00
 -0.7057910E+00  0.5663959E-01  0.1678341E+00  0.0000000E+00
 -0.1071697E+00 -0.2151091E+00  0.7928225E-03  0.0000000E+00
 -0.3865833E+00 -0.1185529E-01  0.2714714E-01  0.0000000E+00
 -0.2681519E+00 -0.3953137E-01  0.9636637E-02  0.0000000E+00
 -0.1768618E+00 -0.6048282E-01 -0.4031532E-02  0.0000000E+00
 -0.1221337E+00 -0.7314197E-01 -0.1218191E-01  0.0000000E+00
 -0.2613768E+00  0.3506423E-01  0.3584954E-01  0.0000000E+00
 -0.3561078E+00  0.6061165E-01  0.1973866E+00  0.0000000E+00
 -0.3654545E+00 -0.2501931E+00 -0.1919539E+00  0.0000000E+00
  0.2457775E+00  0.1465323E+00  0.3249110E+00  0.0000000E+00
  0.3453603E+00  0.3359528E-01 -0.3551156E-01  0.0000000E+00
 -0.1732624E+00  0.1336983E+00  0.1168898E+00  0.0000000E+00
 -0.2041785E+00 -0.2207656E+00 -0.6116933E-01  0.0000000E+00
 -0.7869101E-01  0.3285397E-02  0.9913153E-01  0.0000000E+00
 -0.3444448E-02 -0.1319318E+00  0.1201640E-01  0.0000000E+00
  0.5358905E-01 -0.2361273E+00 -0.5527454E-01  0.0000000E+00
  0.8802993E-01 -0.2985943E+00 -0.9557719E-01  0.0000000E+00
  0.7747244E-02 -0.1991578E-01 -0.2218340E-02  0.0000000E+00
 -0.2809361E-01 -0.1093447E-01  0.1397874E-02  0.0000000E+00
 -0.1357913E+00  0.3227861E-03 -0.3357510E-03  0.0000000E+00
  0.1534228E+00  0.4023360E-02  0.1350612E-02  0.0000000E+00
  0.2793388E+00 -0.1389590E-01 -0.8459319E-03  0.0000000E+00
 -0.1567277E+00 -0.7465732E-02  0.6586467E-02  0.0000000E+00
  0.5136280E-02 -0.6799745E-01  0.2572552E-01  0.0000000E+00
 -0.3882135E+00 -0.7241462E-01 -0.4369918E-01  0.0000000E+00
 -0.2425173E+00  0.2844737E-01 -0.2077341E-02  0.0000000E+00
 -0.1292617E+00  0.1056814E+00  0.2998954E-01  0.0000000E+00
 -0.6161103E-01  0.1521170E+00  0.4921619E-01  0.0000000E+00
 -0.8984388E-01 -0.1097699E-01 -0.2432530E-02  0.0000000E+00
 -0.1677920E+00  0.2138222E-01 -0.1869259E-02  0.0000000E+00
  0.2718456E+00 -0.2491707E-01 -0.1139161E-02  0.0000000E+00
 -0.2810362E+00  0.2754870E-01  0.4348763E-02  0.0000000E+00
  0.1666315E+00 -0.3023574E-01 -0.1013075E-01  0.0000000E+00
 -0.1528182E+00  0.5556515E-01  0.2222229E-01  0.0000000E+00
  0.1084184E+00 -0.2598241E+00  0.1272178E-02  0.0000000E+00
 -0.3110677E-01 -0.1053250E+00  0.6079957E-01  0.0000000E+00
  0.3709657E-01 -0.7312228E-01 -0.2994814E-03  0.0000000E+00
  0.8884564E-01 -0.4807549E-01 -0.4746361E-01  0.0000000E+00
  0.1200792E+00 -0.3311576E-01 -0.7571974E-01  0.0000000E+00
  0.2704387E+00 -0.1142211E-01  0.3329857E-02  0.0000000E+00
  0.2878727E+00  0.3126972E-01 -0.1307398E-02  0.0000000E+00
  0.9333854E-01 -0.8785391E-02  0.4512511E-02  0.0000000E+00
  0.1378349E+00  0.1906778E-01 -0.6749823E-02  0.0000000E+00
  0.1039996E+00 -0.2685818E-01  0.8266271E-02  0.0000000E+00
  0.2444622E+00  0.6367761E-01 -0.2105515E-01  0.0000000E+00
  0.2192140E+00 -0.6470947E-01  0.2395080E-01  0.0000000E+00
  0.2137783E+00  0.7454187E-01 -0.4247908E-01  0.0000000E+00
  0.1533503E+00  0.1440916E-01 -0.1550849E-01  0.0000000E+00
  0.1066979E+00 -0.3192580E-01  0.5309302E-02  0.0000000E+00
  0.7874722E-01 -0.5970698E-01  0.1778091E-01  0.0000000E+00
 -0.2273230E+00 -0.1551727E-02 -0.6413185E-03  0.0000000E+00
 -0.2675670E+00  0.1175059E-01 -0.1197790E-02  0.0000000E+00
 -0.1386844E+00 -0.1276083E-02  0.1627905E-02  0.0000000E+00
  0.1427408E+00 -0.1150522E-02 -0.6786305E-02  0.0000000E+00
 -0.3018399E+00 -0.1718362E-02  0.1186617E-01  0.0000000E+00
  0.1227732E+00  0.2169530E-01 -0.2964422E-01  0.0000000E+00
  0.8645782E-01  0.9370853E-01  0.1298115E-01  0.0000000E+00
 -0.6155209E-01 -0.3726017E-01 -0.5130710E-01  0.0000000E+00
 -0.5026448E-01 -0.1178573E-01 -0.3537073E-01  0.0000000E+00
 -0.4127423E-01  0.7534374E-02 -0.2304735E-01  0.0000000E+00
 -0.3596319E-01  0.1919721E-01 -0.1567113E-01  0.0000000E+00
 -0.4022624E-01 -0.1070189E-01 -0.1409549E-02  0.0000000E+00
  0.1450346E+00  0.7286577E-02 -0.3339259E-03  0.0000000E+00
 -0.6768363E+00  0.2128823E-02  0.3283398E-02  0.0000000E+00
  0.3724448E-02 -0.9372896E-02 -0.4626660E-02  0.0000000E+00
 -0.3736239E+00  0.2299892E-01  0.6166616E-02  0.0000000E+00
 -0.2517807E+00 -0.3900357E-01 -0.1994567E-01  0.0000000E+00
 -0.3268360E-01  0.4735828E-01  0.2369594E-01  0.0000000E+00
  0.7781410E-01  0.6801085E-01  0.4244531E-02  0.0000000E+00
  0.5627468E-04  0.5289131E-01 -0.6854919E-02  0.0000000E+00
 -0.5988871E-01  0.4143448E-01 -0.1540266E-01  0.0000000E+00
 -0.9582506E-01  0.3451589E-01 -0.2052960E-01  0.0000000E+00
 -0.8479107E-01 -0.1009983E-01  0.3652124E-02  0.0000000E+00
 -0.1651097E+00  0.1360457E-01  0.1229561E-03  0.0000000E+00
 -0.1948807E-01 -0.1732111E-01 -0.3422944E-02  0.0000000E+00
 -0.6032815E-01  0.1837161E-01  0.4181984E-02  0.0000000E+00
  0.1039441E+00  0.1146035E-01 -0.5980073E-02  0.0000000E+00
 -0.2798619E-02 -0.6499464E-01  0.1490864E-01  0.0000000E+00
  0.1482900E+00  0.1030982E-01 -0.1048019E-01  0.0000000E+00
  0.1842511E-01 -0.8975428E-01  0.1187931E-01  0.0000000E+00
  0.1347225E-01 -0.2907110E-01  0.1878634E-01  0.0000000E+00
  0.9851694E-02  0.1721996E-01  0.2405972E-01  0.0000000E+00
  0.7631942E-02  0.4509647E-01  0.2723360E-01  0.0000000E+00
 -0.2531739E+00  0.2418396E+00 -0.3335980E+00  0.0000000E+00
 -0.4394849E+00  0.1311588E+00 -0.2488606E-01  0.0000000E+00
  0.4193064E+00  0.1775590E-01  0.1414321E+00  0.0000000E+00
  0.3290988E+00 -0.2224831E+00  0.8127440E-01  0.0000000E+00
  0.6369500E+00 -0.2933878E+00 -0.1930705E-01  0.0000000E+00
  0.1853333E+00  0.2341830E+00 -0.1968418E-01  0.0000000E+00
  0.3767783E+00 -0.1835830E+00  0.5853128E-01  0.0000000E+00
  0.1626841E+00 -0.9568368E-01  0.8867751E-02  0.0000000E+00
  0.3560034E-01 -0.4632887E-01 -0.4017392E-01  0.0000000E+00
 -0.6224788E-01 -0.8735424E-02 -0.7782893E-01  0.0000000E+00
 -0.1209368E+00  0.1391723E-01 -0.1004401E+00  0.0000000E+00
 -0.4528872E+00 -0.1008224E-01 -0.3259227E+00  0.0000000E+00
 -0.3170366E+00  0.2445472E+00 -0.1355811E+00  0.0000000E+00
  0.1797605E+00 -0.1179823E+00 -0.8792303E-01  0.0000000E+00
  0.4422807E+00  0.6712068E-01  0.1590474E-01  0.0000000E+00
  0.1533418E+00  0.1950734E+00 -0.1633800E+00  0.0000000E+00
 -0.2113613E-01 -0.1039199E+01 -0.5513174E-02  0.0000000E+00
  0.6390462E-02 -0.8375842E-01 -0.4166223E-01  0.0000000E+00
 -0.6346935E-01 -0.3993745E-01  0.6060290E-01  0.0000000E+00
 -0.2239744E-01 -0.5964721E-01  0.5471717E-01  0.0000000E+00
  0.9191696E-02 -0.7445477E-01  0.5022542E-01  0.0000000E+00
  0.2814679E-01 -0.8343173E-01  0.4751955E-01  0.0000000E+00
  0.1485892E+00  0.2494430E-01 -0.1157667E+00  0.0000000E+00
 -0.3228101E+00  0.8017643E+00 -0.1752252E+00  0.0000000E+00
 -0.4438222E-01 -0.4919451E+00  0.1472403E+00  0.0000000E+00
 -0.1642023E+00  0.1726440E+00 -0.2400038E+00  0.0000000E+00
 -0.1249406E-01  0.7235641E-01  0.1888520E+00  0.0000000E+00
  0.1451731E+00 -0.3482161E+00 -0.7062445E-01  0.0000000E+00
  0.3688166E-01 -0.1143772E-01  0.7624267E-01  0.0000000E+00
  0.1438883E+00 -0.1641507E+00 -0.4795534E-01  0.0000000E+00
  0.3337676E-01 -0.9873244E-01 -0.1234642E-02  0.0000000E+00
 -0.5138602E-01 -0.4911813E-01  0.3477122E-01  0.0000000E+00
 -0.1023095E+00 -0.1916570E-01  0.5635677E-01  0.0000000E+00
  0.2349315E-01  0.1295376E-01 -0.4637171E-02  0.0000000E+00
 -0.4050168E-01  0.2218946E-01  0.1725431E-03  0.0000000E+00
 -0.6765596E-01 -0.6534897E-03 -0.2608071E-02  0.0000000E+00
  0.2634992E+00 -0.3871987E-02  0.3274422E-02  0.0000000E+00
 -0.3990750E+00  0.1983740E-01 -0.3004438E-02  0.0000000E+00
  0.2648128E+00 -0.2084226E-01 -0.5666952E-02  0.0000000E+00
 -0.1573606E+00  0.1655666E+00 -0.7434898E-01  0.0000000E+00
  0.7312801E-01  0.8628049E-01  0.1538709E-01  0.0000000E+00
  0.7474712E-01  0.1242916E-01  0.2741814E-01  0.0000000E+00
  0.7580601E-01 -0.4421970E-01  0.3666966E-01  0.0000000E+00
  0.7648833E-01 -0.7824992E-01  0.4222125E-01  0.0000000E+00
 -0.5344260E-01 -0.6304945E-03  0.2726831E-02  0.0000000E+00
  0.9360335E-01  0.6966426E-02  0.9164294E-03  0.0000000E+00
  0.3247655E+00 -0.4264131E-02 -0.5588462E-02  0.0000000E+00
  0.8933640E-01  0.1156903E-01  0.1085458E-01  0.0000000E+00
  0.2897259E+00 -0.1008698E-01 -0.1761954E-01  0.0000000E+00
  0.1972631E+00  0.2035276E-01  0.4026603E-01  0.0000000E+00
  0.1056668E+00  0.1040785E+00 -0.1571900E-01  0.0000000E+00
  0.2887737E-01  0.1807514E+00  0.7354983E-01  0.0000000E+00
 -0.4300984E-02  0.3148878E-01  0.4887117E-01  0.0000000E+00
 -0.3007517E-01 -0.8343472E-01  0.2983603E-01  0.0000000E+00
 -0.4547380E-01 -0.1523621E+00  0.1842811E-01  0.0000000E+00
  0.4958979E-01  0.1179015E-01  0.1156741E-02  0.0000000E+00
 -0.9805970E-01  0.1550689E-01 -0.5829649E-03  0.0000000E+00
  0.4735048E+00 -0.7645626E-02  0.1463328E-02  0.0000000E+00
  0.3499293E-01  0.8229632E-02 -0.1457452E-02  0.0000000E+00
  0.3347483E+00  0.4896818E-02  0.1326392E-02  0.0000000E+00
 -0.3116442E+00 -0.1410710E-01  0.1053515E-01  0.0000000E+00
 -0.1271676E+00 -0.1114636E+00  0.6014674E-02  0.0000000E+00
 -0.1568992E+00  0.3211521E-02 -0.3402667E-01  0.0000000E+00
 -0.5351108E-01 -0.1202453E-01 -0.1509436E-01  0.0000000E+00
  0.2609310E-01 -0.2381960E-01 -0.4827402E-03  0.0000000E+00
  0.7383428E-01 -0.3087548E-01  0.8271115E-02  0.0000000E+00
  0.2453558E+00 -0.2056927E-01 -0.4052333E-02  0.0000000E+00
  0.1353202E+00 -0.5365555E-02  0.4013970E-02  0.0000000E+00
 -0.1042893E+00  0.8640373E-02 -0.2341018E-02  0.0000000E+00
 -0.2062959E+00 -0.6858636E-02  0.3343442E-02  0.0000000E+00
 -0.9555961E-01  0.1936567E-02 -0.8115160E-02  0.0000000E+00
  0.1488990E+00 -0.5118018E-01  0.1556867E-01  0.0000000E+00
  0.2998413E-01 -0.2167908E-01 -0.6664208E-01  0.0000000E+00
  0.1774863E+00  0.3530160E-01  0.3592757E-01  0.0000000E+00
  0.1701212E+00  0.2402206E-02  0.3023351E-01  0.0000000E+00
  0.1641354E+00 -0.2273746E-01  0.2590320E-01  0.0000000E+00
  0.1606221E+00 -0.3786361E-01  0.2329226E-01  0.0000000E+00
  0.1499196E-01  0.2076311E-01  0.4179579E-02  0.0000000E+00
 -0.2501433E+00  0.7508539E-02 -0.1666906E-02  0.0000000E+00
  0.1025419E+00 -0.7681297E-02  0.2063489E-02  0.0000000E+00
 -0.2335878E+00  0.1406125E-01 -0.4202339E-02  0.0000000E+00
  0.2406770E+00 -0.1465646E-01  0.5716016E-02  0.0000000E+00
  0.6761340E-01  0.1608169E-02 -0.1202611E-01  0.0000000E+00
  0.1591514E+00  0.5251454E-01  0.2884654E-01  0.0000000E+00
 -0.1015079E+00 -0.6381039E-02 -0.2283561E-01  0.0000000E+00
 -0.1477016E-01  0.9155636E-02 -0.7502791E-02  0.0000000E+00
  0.5241050E-01  0.2089580E-01  0.4255020E-02  0.0000000E+00
  0.9259789E-01  0.2799364E-01  0.1131878E-01  0.0000000E+00
  0.7865698E-02 -0.6376186E-02  0.1188182E-02  0.0000000E+00
 -0.3803763E-01 -0.1554327E-01  0.1972690E-02  0.0000000E+00
  0.1348040E-02  0.9167109E-02 -0.1153411E-02  0.0000000E+00
 -0.8811960E-01 -0.1171435E-01  0.1750074E-02  0.0000000E+00
 -0.4966364E-01  0.4052683E-02 -0.1186829E-02  0.0000000E+00
 -0.1642619E+00  0.1545337E-01 -0.6306295E-02  0.0000000E+00
 -0.8557066E-01  0.7857107E-02 -0.4355041E-02  0.0000000E+00
 -0.1059309E+00 -0.2818108E-01 -0.3230310E-01  0.0000000E+00
 -0.5538847E-01  0.1602866E-01 -0.2744862E-01  0.0000000E+00
 -0.1629085E-01  0.5021550E-01 -0.2362936E-01  0.0000000E+00
  0.7110862E-02  0.7068143E-01 -0.2135951E-01  0.0000000E+00
  0.7577163E-01 -0.5975635E-01  0.3339519E-01  0.0000000E+00
  0.7064593E-01 -0.1079510E+00  0.2540884E-01  0.0000000E+00
  0.9658678E-01  0.5567653E-02  0.2200753E-01  0.0000000E+00
  0.2578074E-01 -0.2799690E-01  0.1554632E-01  0.0000000E+00
  0.1167144E-01  0.3273267E-01  0.1433050E-01  0.0000000E+00
 -0.1425314E-01  0.1083923E-01  0.3465742E-02  0.0000000E+00
 -0.3145630E-01  0.6137779E-01 -0.2496356E-02  0.0000000E+00
 -0.1823568E-01  0.4890148E-01  0.7222594E-02  0.0000000E+00
 -0.2692207E-01  0.6327710E-01  0.7963780E-02  0.0000000E+00
 -0.3364301E-01  0.7438836E-01  0.8493513E-02  0.0000000E+00
 -0.3766546E-01  0.8104143E-01  0.8821760E-02  0.0000000E+00
  0.6185627E-01 -0.2157192E-01  0.2404718E-01  0.0000000E+00
  0.1014254E+00 -0.6547969E-02  0.4924045E-03  0.0000000E+00
  0.1402349E+00 -0.3040469E-01 -0.1027655E-01  0.0000000E+00
  0.7517526E-01 -0.2885734E-01  0.4749081E-03  0.0000000E+00
  0.5599426E-01 -0.3293830E-01  0.1160119E-01  0.0000000E+00
 -0.4225220E-01 -0.1249282E-01  0.1658220E-01  0.0000000E+00
 -0.3104154E-01 -0.2284501E-01 -0.1066149E-02  0.0000000E+00
 -0.1764530E-01 -0.2219089E-01  0.1093461E-01  0.0000000E+00
 -0.1665658E-01 -0.1836343E-01  0.1199719E-01  0.0000000E+00
 -0.1596756E-01 -0.1537871E-01  0.1276029E-01  0.0000000E+00
 -0.1553586E-01 -0.1359816E-01  0.1323214E-01  0.0000000E+00
  0.4469256E-01  0.1054549E-01  0.2168664E-01  0.0000000E+00
  0.1961183E-03  0.1424208E-01  0.2184298E-01  0.0000000E+00
  0.4860480E-02  0.4300548E-02 -0.7069598E-02  0.0000000E+00
 -0.1805080E-01  0.9888008E-02 -0.8050458E-02  0.0000000E+00
 -0.1083936E-01 -0.1263017E-01 -0.3032511E-02  0.0000000E+00
  0.1843714E-01 -0.3203792E-01 -0.1254872E-02  0.0000000E+00
  0.3095335E-01 -0.4847290E-02 -0.3040418E-02  0.0000000E+00
  0.4645472E-01 -0.2103318E-02  0.9571020E-02  0.0000000E+00
  0.4087706E-01  0.6165347E-02  0.1132540E-01  0.0000000E+00
  0.3653147E-01  0.1252930E-01  0.1264814E-01  0.0000000E+00
  0.3393824E-01  0.1634671E-01  0.1344866E-01  0.0000000E+00
  0.1894763E-01 -0.6251340E-03  0.9890637E-04  0.0000000E+00
  0.2308933E-01 -0.5352822E-03 -0.1937662E-03  0.0000000E+00
 -0.9730898E-03  0.2276376E-03  0.2618398E-03  0.0000000E+00
  0.3119517E-01  0.4981825E-03 -0.4717431E-03  0.0000000E+00
  0.2496906E-01 -0.1802049E-02  0.5234949E-03  0.0000000E+00
  0.4044315E-01  0.6355818E-02 -0.3793511E-03  0.0000000E+00
  0.1908078E-01 -0.6794670E-02  0.3603375E-02  0.0000000E+00
  0.3124710E-01 -0.9061766E-02 -0.7707399E-02  0.0000000E+00
  0.2702966E-01 -0.6436758E-02 -0.5963254E-02  0.0000000E+00
  0.2377039E-01 -0.4448156E-02 -0.4625486E-02  0.0000000E+00
  0.2181841E-01 -0.3247013E-02 -0.3821813E-02  0.0000000E+00
  0.1794720E-01 -0.6358440E-03 -0.6937367E-04  0.0000000E+00
  0.1508244E-01  0.1800787E-03  0.4280347E-04  0.0000000E+00
 -0.7128436E-02 -0.2147127E-03 -0.1846121E-03  0.0000000E+00
 -0.8202576E-02  0.3537639E-03  0.4147362E-03  0.0000000E+00
 -0.4725552E-02 -0.6925467E-03 -0.6486963E-03  0.0000000E+00
 -0.1393718E-01  0.9709498E-03  0.1429251E-02  0.0000000E+00
 -0.5116666E-02 -0.8596879E-02 -0.3716572E-02  0.0000000E+00
  0.8134973E-02 -0.2639138E-02 -0.4050945E-03  0.0000000E+00
  0.1295347E-01  0.5851676E-02  0.3082888E-02  0.0000000E+00
  0.1664887E-01  0.1240160E-01  0.5754726E-02  0.0000000E+00
  0.1886888E-01  0.1632686E-01  0.7360674E-02  0.0000000E+00
 -0.5823764E-02 -0.5105436E-03  0.1612490E-05  0.0000000E+00
 -0.4507503E-02 -0.3908292E-03 -0.1590498E-03  0.0000000E+00
 -0.6168807E-02  0.3248556E-03  0.2482433E-03  0.0000000E+00
 -0.5325382E-02 -0.6199431E-03 -0.3519985E-03  0.0000000E+00
 -0.2627807E-02  0.1725835E-02  0.7290507E-03  0.0000000E+00
 -0.1181698E-01 -0.6052788E-02 -0.2225046E-02  0.0000000E+00
 -0.7016026E-02  0.8861810E-02  0.2571557E-02  0.0000000E+00
 -0.1143645E-01 -0.2509109E-02 -0.1899263E-02  0.0000000E+00
 -0.7702581E-02 -0.3620126E-02 -0.2618377E-02  0.0000000E+00
 -0.4807963E-02 -0.4488984E-02 -0.3171556E-02  0.0000000E+00
 -0.3076918E-02 -0.5006517E-02 -0.3503467E-02  0.0000000E+00
 -0.1226057E-01  0.3999160E-03  0.3063371E-03  0.0000000E+00
  0.2254835E-02 -0.1942174E-03 -0.8831238E-04  0.0000000E+00
 -0.3985705E-02 -0.4153232E-04 -0.6393403E-04  0.0000000E+00
  0.1649854E-02  0.3935559E-04 -0.4139100E-04  0.0000000E+00
  0.1037248E-01 -0.4225908E-03  0.1982029E-03  0.0000000E+00
  0.1128857E-02  0.4654208E-03 -0.5924766E-03  0.0000000E+00
 -0.1330594E-01 -0.1322982E-02  0.1376193E-02  0.0000000E+00
 -0.1306540E-01  0.3663920E-02 -0.2639212E-02  0.0000000E+00
 -0.6900898E-02  0.1198249E-02  0.6977892E-03  0.0000000E+00
 -0.2139259E-02 -0.6905511E-03  0.3267591E-02  0.0000000E+00
  0.7127518E-03 -0.1825906E-02  0.4808747E-02  0.0000000E+00
  0.9109048E-02 -0.7174354E-03 -0.4014519E-04  0.0000000E+00
  0.1435551E-02 -0.3209589E-03 -0.1233922E-03  0.0000000E+00
  0.5574914E-02  0.3130726E-03 -0.2721650E-04  0.0000000E+00
 -0.3434129E-03 -0.1438206E-03  0.4295460E-04  0.0000000E+00
  0.1620600E-04  0.5379866E-03 -0.2173083E-03  0.0000000E+00
  0.3834946E-02 -0.2862539E-03  0.7378454E-03  0.0000000E+00
  0.1528411E-02  0.3717044E-03  0.1059915E-02  0.0000000E+00
  0.6547122E-02 -0.2260112E-02  0.1317791E-02  0.0000000E+00
  0.2941102E-02 -0.1014824E-02  0.1231624E-02  0.0000000E+00
  0.1566808E-03 -0.6024579E-04  0.1164589E-02  0.0000000E+00
 -0.1511305E-02  0.5133804E-03  0.1124568E-02  0.0000000E+00
 -0.4402444E-02  0.3261942E-05  0.1399763E-03  0.0000000E+00
  0.4925888E-02  0.6678640E-03 -0.7121326E-04  0.0000000E+00
 -0.9243672E-02 -0.1605745E-04  0.1858771E-04  0.0000000E+00
  0.1738824E-02 -0.1319865E-03 -0.4146152E-04  0.0000000E+00
 -0.5752559E-02 -0.4351919E-03  0.2756432E-04  0.0000000E+00
  0.7039658E-02  0.8409193E-03  0.5360845E-04  0.0000000E+00
 -0.3665544E-02 -0.4053257E-02  0.1183776E-03  0.0000000E+00
  0.2186827E-02 -0.2449720E-02 -0.1050604E-02  0.0000000E+00
  0.1963100E-02 -0.3190555E-02 -0.5112517E-03  0.0000000E+00
  0.1792948E-02 -0.3760526E-02 -0.9832250E-04  0.0000000E+00
  0.1690278E-02 -0.4102541E-02  0.1499455E-03  0.0000000E+00
  0.9148801E-01 -0.1566922E-01  0.2786419E-01  0.0000000E+00
  0.1075683E+00  0.1562441E-01  0.3629106E-01  0.0000000E+00
  0.5376365E-01  0.4216461E-01 -0.3917257E-02  0.0000000E+00
  0.5250207E-01  0.5635424E-01  0.1832754E-01  0.0000000E+00
  0.2461694E-01  0.3810607E-01  0.2015494E-02  0.0000000E+00
  0.4065207E-01  0.3459761E-01  0.4446181E-03  0.0000000E+00
  0.2371897E-02  0.3165543E-01 -0.4167364E-02  0.0000000E+00
  0.2542847E-02  0.2828537E-01 -0.9936231E-03  0.0000000E+00
  0.5589600E-03  0.1935844E-01 -0.8499483E-03  0.0000000E+00
 -0.9538097E-03  0.1255272E-01 -0.7450143E-03  0.0000000E+00
 -0.1864932E-02  0.8453546E-02 -0.6805127E-03  0.0000000E+00
  0.2008801E-01  0.2632212E-02  0.1972947E-01  0.0000000E+00
  0.6909599E-01  0.2152018E-01 -0.7898470E-02  0.0000000E+00
  0.3918886E-01 -0.3072569E-01 -0.1221916E-01  0.0000000E+00
  0.8253106E-01  0.3215107E-01 -0.9724183E-02  0.0000000E+00
  0.5285960E-01 -0.2498006E-01 -0.8780361E-03  0.0000000E+00
 -0.1514211E-01 -0.2194033E-01  0.1770339E-02  0.0000000E+00
 -0.8054386E-02 -0.1695566E-01  0.2432231E-02  0.0000000E+00
 -0.2074553E-01 -0.7946989E-02 -0.2979895E-03  0.0000000E+00
 -0.8829043E-02 -0.3139773E-02  0.5897941E-02  0.0000000E+00
  0.3613837E-03  0.5377606E-03  0.1066601E-01  0.0000000E+00
  0.5869497E-02  0.2749277E-02  0.1352641E-01  0.0000000E+00
  0.2592538E-01 -0.1810414E-01  0.1879057E-01  0.0000000E+00
  0.7355431E-02  0.2137064E-01  0.1432993E-01  0.0000000E+00
 -0.2909773E-01 -0.3440948E-01 -0.2468350E-03  0.0000000E+00
 -0.4593643E-02  0.1483968E-01 -0.1090872E-01  0.0000000E+00
 -0.7096715E-02 -0.2362277E-01 -0.1484787E-02  0.0000000E+00
  0.9281234E-02 -0.2508253E-01 -0.6182003E-02  0.0000000E+00
  0.1088393E-01 -0.2440573E-01  0.6318764E-04  0.0000000E+00
  0.1991167E-01 -0.4344977E-02 -0.1474985E-02  0.0000000E+00
  0.1411732E-01 -0.8173243E-02 -0.5099426E-03  0.0000000E+00
  0.9654431E-02 -0.1108801E-01  0.2303231E-03  0.0000000E+00
  0.6978248E-02 -0.1284458E-01  0.6750053E-03  0.0000000E+00
  0.9804379E-02 -0.2463547E-04  0.1746398E-03  0.0000000E+00
  0.2576622E-02 -0.1034933E-03 -0.2207489E-03  0.0000000E+00
 -0.5187175E-02 -0.2200264E-03  0.3981991E-03  0.0000000E+00
  0.1848111E-01  0.7858838E-03 -0.6005952E-03  0.0000000E+00
  0.4634450E-01 -0.1978225E-02  0.9470420E-03  0.0000000E+00
  0.3101494E-01  0.7340151E-02 -0.2480423E-02  0.0000000E+00
  0.3456748E-01 -0.2287969E-02  0.7448604E-03  0.0000000E+00
  0.3559431E-01 -0.3171341E-01 -0.7817033E-02  0.0000000E+00
  0.3099063E-01 -0.2555248E-01 -0.3276076E-02  0.0000000E+00
  0.2744545E-01 -0.2078453E-01  0.2267899E-03  0.0000000E+00
  0.2531921E-01 -0.1793113E-01  0.2325976E-02  0.0000000E+00
 -0.1172608E-01  0.7589373E-04  0.5542627E-04  0.0000000E+00
 -0.4292043E-02 -0.3217057E-03 -0.1972733E-04  0.0000000E+00
 -0.2773157E-02  0.2191711E-03  0.4976759E-04  0.0000000E+00
 -0.6609134E-02  0.5648243E-03  0.4566151E-04  0.0000000E+00
 -0.1108266E-01 -0.5100763E-03  0.7300433E-04  0.0000000E+00
  0.3068314E-02  0.3607778E-02 -0.2566853E-03  0.0000000E+00
  0.1802829E-03 -0.5010139E-02 -0.2577704E-02  0.0000000E+00
  0.3357855E-02  0.6621025E-02 -0.3865742E-02  0.0000000E+00
 -0.1863918E-02  0.1184551E-02 -0.6748317E-02  0.0000000E+00
 -0.5894265E-02 -0.3014372E-02 -0.8964213E-02  0.0000000E+00
 -0.8309175E-02 -0.5529292E-02 -0.1029416E-01  0.0000000E+00
 -0.6357516E-02 -0.9284107E-04 -0.8864635E-04  0.0000000E+00
 -0.1926838E-01 -0.9132133E-03  0.5171906E-04  0.0000000E+00
  0.8531106E-02  0.1267875E-02 -0.9716412E-04  0.0000000E+00
 -0.1277255E-02 -0.1844989E-02  0.3745949E-03  0.0000000E+00
 -0.2161626E-01  0.3302804E-02 -0.7808356E-03  0.0000000E+00
 -0.1092729E-01 -0.9772838E-02  0.2064680E-02  0.0000000E+00
 -0.1386590E-01  0.6203347E-02 -0.1858716E-02  0.0000000E+00
 -0.8665800E-02 -0.4255208E-02 -0.6698865E-03  0.0000000E+00
 -0.6539765E-02 -0.4460096E-02  0.1559114E-02  0.0000000E+00
 -0.4885338E-02 -0.4620567E-02  0.3267129E-02  0.0000000E+00
 -0.3897608E-02 -0.4716062E-02  0.4293665E-02  0.0000000E+00
 -0.1526560E-01  0.3731843E-03  0.3068903E-03  0.0000000E+00
 -0.1404649E-01  0.3095396E-03  0.1678717E-04  0.0000000E+00
  0.9063950E-02 -0.9150750E-03 -0.3179305E-03  0.0000000E+00
 -0.8021383E-02  0.4595048E-03  0.4101199E-03  0.0000000E+00
 -0.6719673E-03  0.4231195E-03 -0.5794459E-03  0.0000000E+00
  0.3532147E-02 -0.3459943E-02  0.1367141E-02  0.0000000E+00
  0.7668130E-03  0.1507761E-02 -0.1119400E-03  0.0000000E+00
 -0.2456596E-02  0.9607651E-02  0.8069294E-04  0.0000000E+00
 -0.6234713E-03  0.2702751E-02 -0.7396413E-03  0.0000000E+00
  0.7869718E-03 -0.2606936E-02 -0.1372766E-02  0.0000000E+00
  0.1632937E-02 -0.5793205E-02 -0.1752164E-02  0.0000000E+00
  0.4511749E-02 -0.6806684E-03 -0.3489737E-04  0.0000000E+00
  0.1477177E-01 -0.6058554E-04 -0.1099313E-03  0.0000000E+00
 -0.1976296E-02 -0.4288831E-03 -0.8771013E-04  0.0000000E+00
  0.1485841E-02  0.6481474E-03  0.2811413E-03  0.0000000E+00
  0.1091755E-02 -0.1791488E-02 -0.3978392E-03  0.0000000E+00
  0.1031863E-01  0.5421080E-02  0.4384843E-03  0.0000000E+00
 -0.6115583E-03 -0.3889430E-02 -0.8121540E-03  0.0000000E+00
  0.4696259E-02 -0.6991962E-02  0.3171552E-03  0.0000000E+00
  0.3585596E-02 -0.3489343E-02  0.1118153E-02  0.0000000E+00
  0.2728451E-02 -0.7965938E-03  0.1728661E-02  0.0000000E+00
  0.2214660E-02  0.8194413E-03  0.2096430E-02  0.0000000E+00
 -0.7279933E-02 -0.2543449E-03  0.6540067E-04  0.0000000E+00
 -0.4215319E-02  0.7976491E-03 -0.4447066E-04  0.0000000E+00
 -0.8326016E-02 -0.6637041E-03  0.7981212E-05  0.0000000E+00
 -0.1534653E-02  0.2167799E-03 -0.1104508E-03  0.0000000E+00
 -0.4682709E-02  0.3564599E-03  0.1666209E-03  0.0000000E+00
 -0.1399733E-02 -0.4145681E-03 -0.3908498E-03  0.0000000E+00
  0.3166866E-02  0.2181508E-02 -0.9069196E-03  0.0000000E+00
 -0.5589494E-02 -0.1044983E-02 -0.5480816E-03  0.0000000E+00
 -0.2572471E-02 -0.9235166E-03 -0.8666119E-03  0.0000000E+00
 -0.2445906E-03 -0.8187892E-03 -0.1116310E-02  0.0000000E+00
  0.1150362E-02 -0.7588070E-03 -0.1264922E-02  0.0000000E+00
  0.2727480E-01 -0.3703525E-01  0.8857254E-02  0.0000000E+00
  0.2794139E-01 -0.3858890E-01  0.5989914E-02  0.0000000E+00
  0.1427423E-01 -0.5266644E-01 -0.5448186E-02  0.0000000E+00
  0.1493750E-01 -0.2819624E-01  0.6731591E-02  0.0000000E+00
  0.2713956E-01 -0.6162853E-01  0.2819489E-02  0.0000000E+00
  0.9872197E-02 -0.3869020E-01  0.1932086E-01  0.0000000E+00
  0.1872301E-01 -0.6027227E-01 -0.5056613E-02  0.0000000E+00
  0.2879711E-01 -0.5433750E-01  0.1406487E-01  0.0000000E+00
  0.2687738E-01 -0.4600658E-01  0.1602838E-01  0.0000000E+00
  0.2535764E-01 -0.3961637E-01  0.1749215E-01  0.0000000E+00
  0.2445687E-01 -0.3577752E-01  0.1838243E-01  0.0000000E+00
  0.2282017E-01 -0.1404813E-01  0.1917762E-01  0.0000000E+00
 -0.1019485E-02 -0.3627725E-01  0.8992106E-02  0.0000000E+00
  0.5519258E-01 -0.3081266E-01  0.1876039E-01  0.0000000E+00
 -0.1656348E-01 -0.2496039E-01  0.4705781E-02  0.0000000E+00
  0.9551605E-02 -0.6292425E-01  0.9979901E-02  0.0000000E+00
 -0.1869541E-01  0.2875137E-01  0.1007662E-01  0.0000000E+00
  0.2698587E-01  0.6674120E-02 -0.3977644E-02  0.0000000E+00
  0.3450549E-01  0.5108295E-02  0.1164605E-01  0.0000000E+00
  0.2978597E-01  0.4529915E-02  0.1433726E-01  0.0000000E+00
  0.2609304E-01  0.4053071E-02  0.1634912E-01  0.0000000E+00
  0.2389328E-01  0.3775089E-02  0.1757126E-01  0.0000000E+00
 -0.8024097E-02  0.9673670E-03  0.3427957E-02  0.0000000E+00
  0.1041072E-01 -0.1182778E-01  0.7218401E-02  0.0000000E+00
  0.5996009E-02  0.1565758E-02  0.3306272E-02  0.0000000E+00
 -0.1325074E-01  0.8434289E-02  0.1313019E-01  0.0000000E+00
  0.7923989E-02  0.8563228E-02  0.2862362E-03  0.0000000E+00
 -0.7830532E-02  0.9844312E-02  0.1357287E-01  0.0000000E+00
 -0.1328951E-01  0.1422538E-01 -0.2275543E-02  0.0000000E+00
 -0.1877526E-02  0.2342956E-02  0.1551443E-01  0.0000000E+00
 -0.2502628E-02 -0.5037168E-02  0.1827817E-01  0.0000000E+00
 -0.3038952E-02 -0.1071861E-01  0.2036673E-01  0.0000000E+00
 -0.3346380E-02 -0.1412631E-01  0.2162938E-01  0.0000000E+00
  0.6771004E-03 -0.9071609E-03 -0.1556738E-04  0.0000000E+00
 -0.4256671E-02 -0.1357412E-02 -0.2700802E-03  0.0000000E+00
  0.5261329E-02  0.1231232E-02  0.4307000E-03  0.0000000E+00
  0.6606193E-04 -0.1474528E-02 -0.7437876E-03  0.0000000E+00
 -0.7037763E-02  0.2830881E-02  0.1215035E-02  0.0000000E+00
 -0.7878300E-02 -0.7859568E-02 -0.2123530E-02  0.0000000E+00
  0.1013255E-01 -0.1190500E-01  0.3102003E-02  0.0000000E+00
  0.3983072E-02 -0.1668018E-01 -0.4811478E-02  0.0000000E+00
 -0.2565246E-02 -0.2518806E-02  0.4288072E-03  0.0000000E+00
 -0.7564310E-02  0.8348591E-02  0.4464037E-02  0.0000000E+00
 -0.1057348E-01  0.1487559E-01  0.6884082E-02  0.0000000E+00
  0.1665124E-01 -0.5708906E-03 -0.2311381E-03  0.0000000E+00
 -0.6060979E-03  0.1723286E-03  0.3383645E-03  0.0000000E+00
  0.1273252E-01  0.3477848E-04 -0.7317543E-03  0.0000000E+00
  0.1186662E-01 -0.2708881E-03  0.9639131E-03  0.0000000E+00
  0.1655382E-01  0.9053830E-03 -0.2107258E-02  0.0000000E+00
 -0.6248170E-02 -0.5844194E-02  0.4967755E-02  0.0000000E+00
  0.4185739E-02 -0.3386239E-02 -0.2064838E-02  0.0000000E+00
  0.1035477E-01 -0.3642031E-02  0.5681672E-02  0.0000000E+00
  0.9954542E-02 -0.8018243E-02  0.7079161E-02  0.0000000E+00
  0.9580401E-02 -0.1138366E-01  0.8136120E-02  0.0000000E+00
  0.9372874E-02 -0.1340307E-01  0.8774865E-02  0.0000000E+00
 -0.8119973E-02 -0.9108814E-03 -0.1339367E-03  0.0000000E+00
 -0.8330128E-02  0.8624332E-03 -0.1235808E-04  0.0000000E+00
 -0.1227141E-02 -0.9366215E-03 -0.1154855E-03  0.0000000E+00
  0.1259132E-01  0.1962531E-02  0.2375100E-03  0.0000000E+00
  0.1942449E-01 -0.4119489E-02 -0.5432094E-03  0.0000000E+00
  0.5071897E-02  0.1161317E-01  0.6990642E-03  0.0000000E+00
  0.1305643E-01 -0.2777677E-02 -0.8964318E-03  0.0000000E+00
  0.1403082E-01 -0.2671411E-02 -0.1667184E-02  0.0000000E+00
  0.1172088E-01 -0.2028430E-02 -0.1923409E-02  0.0000000E+00
  0.9934089E-02 -0.1539822E-02 -0.2119612E-02  0.0000000E+00
  0.8864508E-02 -0.1245063E-02 -0.2237547E-02  0.0000000E+00
 -0.1462366E-01  0.1391167E-03  0.8402224E-04  0.0000000E+00
 -0.6535666E-02  0.2416203E-03 -0.3023588E-03  0.0000000E+00
  0.4152966E-03 -0.8794844E-03  0.5055835E-03  0.0000000E+00
 -0.2353525E-02  0.9657221E-03 -0.8863469E-03  0.0000000E+00
 -0.5261385E-02 -0.2556434E-02  0.1704696E-02  0.0000000E+00
 -0.9148992E-02  0.7704359E-02 -0.4247471E-02  0.0000000E+00
  0.8814765E-03  0.4447355E-02  0.2612687E-02  0.0000000E+00
 -0.1012666E-01  0.9882672E-02 -0.4027152E-02  0.0000000E+00
 -0.4541241E-02  0.6420313E-02 -0.1415707E-02  0.0000000E+00
 -0.2315491E-03  0.3764177E-02  0.5987888E-03  0.0000000E+00
  0.2350858E-02  0.2168548E-02  0.1805989E-02  0.0000000E+00
  0.1284291E-01 -0.9585251E-03 -0.1076289E-03  0.0000000E+00
  0.2709763E-02  0.7889147E-04 -0.9573204E-04  0.0000000E+00
 -0.1947063E-02 -0.3024252E-03 -0.4796272E-04  0.0000000E+00
  0.5072676E-02  0.3445540E-03  0.1527943E-03  0.0000000E+00
 -0.5015050E-02  0.2056185E-03 -0.5180364E-03  0.0000000E+00
  0.8030227E-02 -0.2720344E-02  0.9513761E-03  0.0000000E+00
  0.3987414E-02 -0.1940901E-02 -0.1991901E-02  0.0000000E+00
  0.1427561E-01  0.1126205E-02  0.1267869E-02  0.0000000E+00
  0.9695018E-02  0.1598399E-03  0.1048920E-02  0.0000000E+00
  0.6155582E-02 -0.5857145E-03  0.8784039E-03  0.0000000E+00
  0.4035809E-02 -0.1032423E-02  0.7766302E-03  0.0000000E+00
 -0.1314197E-01 -0.2790055E-03  0.5102517E-05  0.0000000E+00
 -0.1047750E-01  0.5157735E-03 -0.2097786E-04  0.0000000E+00
 -0.2801937E-02 -0.3728168E-04 -0.1415965E-03  0.0000000E+00
 -0.1019918E-01 -0.5547090E-03  0.2023475E-03  0.0000000E+00
 -0.8945967E-04  0.1092621E-02 -0.3768606E-03  0.0000000E+00
 -0.5607686E-03 -0.3678564E-02  0.1188984E-02  0.0000000E+00
  0.4765803E-02  0.3300232E-04  0.5861796E-03  0.0000000E+00
  0.5386074E-03  0.1818822E-02 -0.1662698E-02  0.0000000E+00
 -0.8194685E-03  0.3034659E-02  0.2534203E-03  0.0000000E+00
 -0.1858557E-02  0.3970469E-02  0.1725000E-02  0.0000000E+00
 -0.2483392E-02  0.4531808E-02  0.2608534E-02  0.0000000E+00
 -0.4618152E-01  0.4084481E-02  0.5101122E-02  0.0000000E+00
 -0.4732671E-01  0.5674667E-02  0.4044388E-02  0.0000000E+00
 -0.3357446E-01  0.1200200E-01 -0.1221263E-03  0.0000000E+00
 -0.4213947E-01  0.1206063E-02  0.6098603E-03  0.0000000E+00
 -0.2974902E-01 -0.1641540E-03 -0.2101016E-02  0.0000000E+00
 -0.9460349E-02  0.8367060E-02 -0.2136331E-02  0.0000000E+00
  0.2589551E-02  0.7838704E-02 -0.1963609E-03  0.0000000E+00
 -0.1198805E-02  0.1456184E-01 -0.2948267E-02  0.0000000E+00
  0.2489257E-02  0.1179876E-01 -0.2936180E-02  0.0000000E+00
  0.5354614E-02  0.9688439E-02 -0.2917082E-02  0.0000000E+00
  0.7066566E-02  0.8418315E-02 -0.2908119E-02  0.0000000E+00
 -0.1780807E-01 -0.1061264E-02  0.3366441E-02  0.0000000E+00
 -0.7858551E-03 -0.6519364E-02 -0.2114478E-01  0.0000000E+00
 -0.1649337E-01  0.1130843E-02  0.1593879E-01  0.0000000E+00
 -0.1126370E-02 -0.9103694E-02 -0.8790501E-02  0.0000000E+00
 -0.2374592E-01 -0.2806779E-03 -0.6630610E-04  0.0000000E+00
  0.2097211E-01 -0.3337709E-02 -0.6264224E-02  0.0000000E+00
  0.7029752E-02  0.6339536E-02  0.9740052E-04  0.0000000E+00
  0.1479969E-01  0.7445355E-03 -0.6671075E-03  0.0000000E+00
  0.1009149E-01  0.6245147E-03 -0.1214240E-03  0.0000000E+00
  0.6464720E-02  0.5209873E-03  0.3054174E-03  0.0000000E+00
  0.4289862E-02  0.4617931E-03  0.5597213E-03  0.0000000E+00
  0.9798567E-02 -0.3379320E-02 -0.1382616E-02  0.0000000E+00
  0.1336521E-01 -0.3156174E-02 -0.7260121E-02  0.0000000E+00
  0.1342998E-01  0.9196635E-02  0.6763645E-02  0.0000000E+00
 -0.9195843E-02 -0.4940473E-02 -0.1201940E-01  0.0000000E+00
 -0.1304369E-01 -0.1259112E-02  0.1224521E-02  0.0000000E+00
  0.6009774E-02 -0.5901786E-02 -0.4188339E-02  0.0000000E+00
  0.8933530E-02  0.7298678E-02  0.2499300E-02  0.0000000E+00
  0.3941085E-02  0.3993002E-03 -0.3668405E-02  0.0000000E+00
  0.3801233E-03  0.5028240E-02 -0.3798010E-03  0.0000000E+00
 -0.2327078E-02  0.8595167E-02  0.2160058E-02  0.0000000E+00
 -0.3959729E-02  0.1073360E-01  0.3681356E-02  0.0000000E+00
  0.2390870E-04  0.7292112E-03  0.7986542E-04  0.0000000E+00
 -0.8687012E-03  0.3701272E-03 -0.6397799E-04  0.0000000E+00
  0.4297247E-02  0.4707066E-04  0.2075914E-04  0.0000000E+00
 -0.5808936E-02 -0.2919971E-03 -0.4661182E-04  0.0000000E+00
 -0.9417727E-02  0.6920639E-03  0.3692605E-04  0.0000000E+00
  0.3369427E-02 -0.9703096E-04 -0.2931921E-03  0.0000000E+00
  0.1465252E-02  0.2852202E-02 -0.1058375E-02  0.0000000E+00
  0.1478081E-01  0.2223311E-02  0.1568613E-02  0.0000000E+00
  0.9429838E-02 -0.1403246E-02 -0.6522120E-04  0.0000000E+00
  0.5268302E-02 -0.4179790E-02 -0.1323891E-02  0.0000000E+00
  0.2783011E-02 -0.5849261E-02 -0.2078588E-02  0.0000000E+00
  0.3439501E-02  0.4258310E-03  0.9032180E-04  0.0000000E+00
  0.6443652E-02 -0.7906904E-03  0.6890176E-04  0.0000000E+00
 -0.1103743E-01  0.9646372E-03  0.4326865E-04  0.0000000E+00
  0.1060169E-01 -0.1097904E-02 -0.1555145E-03  0.0000000E+00
 -0.6435652E-02  0.1248753E-02  0.3593794E-03  0.0000000E+00
  0.4833985E-02 -0.2282241E-02 -0.7509932E-03  0.0000000E+00
 -0.3982332E-02  0.9693888E-02 -0.9621947E-04  0.0000000E+00
  0.5416343E-03  0.3879376E-02 -0.2321579E-02  0.0000000E+00
 -0.1658360E-02  0.3680892E-02 -0.7214946E-04  0.0000000E+00
 -0.3324295E-02  0.3517925E-02  0.1664128E-02  0.0000000E+00
 -0.4330641E-02  0.3422698E-02  0.2704368E-02  0.0000000E+00
 -0.9665696E-02  0.4272270E-03 -0.1217670E-03  0.0000000E+00
 -0.1123038E-01 -0.1095176E-02  0.5595219E-04  0.0000000E+00
 -0.4723142E-02  0.2307128E-03 -0.1727757E-03  0.0000000E+00
 -0.3516376E-02 -0.6337999E-03  0.2577434E-03  0.0000000E+00
 -0.4893827E-02  0.9819204E-03 -0.3221852E-03  0.0000000E+00
 -0.1109047E-01 -0.2317582E-02  0.8497102E-03  0.0000000E+00
 -0.7473009E-02  0.2681330E-02 -0.8611159E-03  0.0000000E+00
 -0.8496967E-02 -0.2948524E-02  0.1523380E-02  0.0000000E+00
 -0.5812446E-02 -0.5447446E-03  0.6197263E-03  0.0000000E+00
 -0.3741941E-02  0.1307367E-02 -0.7821961E-04  0.0000000E+00
 -0.2500942E-02  0.2417871E-02 -0.4962311E-03  0.0000000E+00
  0.8699105E-02  0.4017275E-04  0.2269620E-04  0.0000000E+00
  0.9771784E-02 -0.4571791E-03  0.5333541E-04  0.0000000E+00
  0.4507550E-02  0.9341607E-04 -0.6708110E-04  0.0000000E+00
 -0.4620520E-02 -0.7164211E-04  0.2495255E-03  0.0000000E+00
  0.1194853E-01  0.2980764E-04 -0.4362587E-03  0.0000000E+00
 -0.5275734E-02 -0.6767745E-03  0.1102977E-02  0.0000000E+00
 -0.3130619E-02 -0.3155649E-02 -0.4749249E-03  0.0000000E+00
  0.2036333E-02  0.1456199E-02  0.2078534E-02  0.0000000E+00
  0.1831579E-02  0.2522382E-03  0.1405234E-02  0.0000000E+00
  0.1661776E-02 -0.6643632E-03  0.8848760E-03  0.0000000E+00
  0.1563211E-02 -0.1216766E-02  0.5733322E-03  0.0000000E+00
  0.1401872E-02  0.4373939E-03  0.5510547E-04  0.0000000E+00
 -0.4245868E-02 -0.2949688E-03  0.1171450E-04  0.0000000E+00
  0.2404370E-01 -0.2911837E-04 -0.1125925E-03  0.0000000E+00
  0.1272978E-02  0.3371332E-03  0.1583189E-03  0.0000000E+00
  0.1302814E-01 -0.8549116E-03 -0.2107748E-03  0.0000000E+00
  0.8354883E-02  0.1483274E-02  0.7293291E-03  0.0000000E+00
  0.1713430E-02 -0.1993047E-02 -0.8875157E-03  0.0000000E+00
 -0.3032926E-02 -0.2282678E-02 -0.2330425E-03  0.0000000E+00
  0.1457662E-04 -0.1948658E-02  0.2295190E-03  0.0000000E+00
  0.2363409E-02 -0.1697705E-02  0.5858477E-03  0.0000000E+00
  0.3771643E-02 -0.1545601E-02  0.7995415E-03  0.0000000E+00
  0.3168534E-02  0.3606805E-03 -0.1331378E-03  0.0000000E+00
  0.4343740E-02 -0.4822634E-03  0.4420423E-05  0.0000000E+00
  0.6399053E-03  0.5545806E-03  0.1308887E-03  0.0000000E+00
  0.1923461E-02 -0.5901539E-03 -0.1528132E-03  0.0000000E+00
 -0.3084263E-02 -0.3630032E-03  0.2125331E-03  0.0000000E+00
 -0.2210286E-02  0.2284784E-02 -0.5532302E-03  0.0000000E+00
 -0.5025490E-02 -0.3668369E-03  0.3399898E-03  0.0000000E+00
 -0.1093629E-02  0.3396811E-02 -0.4299724E-03  0.0000000E+00
 -0.7782841E-03  0.9457559E-03 -0.6630824E-03  0.0000000E+00
 -0.5444057E-03 -0.9249760E-03 -0.8411982E-03  0.0000000E+00
 -0.4018817E-03 -0.2051271E-02 -0.9483621E-03  0.0000000E+00
  0.5043113E-02 -0.9580005E-02  0.1244454E-01  0.0000000E+00
  0.1337050E-01 -0.7611322E-02  0.1502258E-02  0.0000000E+00
 -0.1862191E-01 -0.1715873E-02 -0.5830875E-02  0.0000000E+00
 -0.1137976E-01  0.8310937E-02 -0.2554697E-02  0.0000000E+00
 -0.2500050E-01  0.1204257E-01 -0.1094264E-04  0.0000000E+00
 -0.7652994E-02 -0.9240986E-02  0.1033661E-02  0.0000000E+00
 -0.1503280E-01  0.7860612E-02 -0.2513597E-02  0.0000000E+00
 -0.7662941E-02  0.2417409E-02 -0.1759800E-03  0.0000000E+00
 -0.2575927E-02  0.1606388E-02  0.1409419E-02  0.0000000E+00
  0.1339213E-02  0.9939246E-03  0.2625961E-02  0.0000000E+00
  0.3687915E-02  0.6234925E-03  0.3356671E-02  0.0000000E+00
  0.1226478E-01 -0.8631242E-03  0.1203880E-01  0.0000000E+00
  0.7702624E-02 -0.1317774E-01  0.5277858E-02  0.0000000E+00
 -0.8926729E-02  0.4709349E-02  0.2961691E-02  0.0000000E+00
 -0.1479502E-01 -0.3959334E-02 -0.7903188E-04  0.0000000E+00
 -0.5435953E-02 -0.6453627E-02  0.5190463E-02  0.0000000E+00
  0.6525083E-04  0.3648324E-01  0.5126814E-03  0.0000000E+00
 -0.1526003E-03  0.5549440E-02  0.1208289E-02  0.0000000E+00
  0.1724500E-02  0.1122210E-03 -0.2274508E-02  0.0000000E+00
  0.6063012E-03  0.1021989E-02 -0.2057939E-02  0.0000000E+00
 -0.2556049E-03  0.1707768E-02 -0.1892343E-02  0.0000000E+00
 -0.7723084E-03  0.2122907E-02 -0.1792669E-02  0.0000000E+00
 -0.5991873E-02 -0.1440827E-02  0.4364162E-02  0.0000000E+00
  0.8765490E-02 -0.2890294E-01  0.5628529E-02  0.0000000E+00
  0.2235777E-02  0.1760854E-01 -0.5148396E-02  0.0000000E+00
  0.3866713E-02 -0.5105065E-02  0.9097127E-02  0.0000000E+00
 -0.6758779E-03 -0.3734382E-02 -0.7126967E-02  0.0000000E+00
 -0.6193702E-02  0.1258428E-01  0.2627266E-02  0.0000000E+00
 -0.2829973E-02  0.1396573E-02 -0.3162104E-02  0.0000000E+00
 -0.6283650E-02  0.5039327E-02  0.1316399E-02  0.0000000E+00
 -0.2135512E-02  0.3765959E-02 -0.3667936E-03  0.0000000E+00
  0.1046914E-02  0.2813053E-02 -0.1664137E-02  0.0000000E+00
  0.2958636E-02  0.2234395E-02 -0.2441850E-02  0.0000000E+00
 -0.1454854E-02 -0.4594005E-03  0.1732204E-03  0.0000000E+00
  0.1567116E-02 -0.7707022E-03 -0.1608849E-04  0.0000000E+00
  0.2330450E-02 -0.4770585E-05  0.9666725E-04  0.0000000E+00
 -0.9821687E-02  0.1301226E-03 -0.1240959E-03  0.0000000E+00
  0.1596119E-01 -0.8196392E-03  0.1021213E-03  0.0000000E+00
 -0.1082307E-01  0.9130929E-03  0.2422109E-03  0.0000000E+00
  0.5758708E-02 -0.6042054E-02  0.2802901E-02  0.0000000E+00
 -0.2786999E-02 -0.2938779E-02 -0.5578158E-03  0.0000000E+00
 -0.2989322E-02 -0.3956448E-03 -0.9034462E-03  0.0000000E+00
 -0.3137601E-02  0.1555616E-02 -0.1169399E-02  0.0000000E+00
 -0.3228421E-02  0.2727645E-02 -0.1328944E-02  0.0000000E+00
  0.2333483E-02  0.4360186E-05 -0.1058515E-03  0.0000000E+00
 -0.5403600E-02 -0.1631118E-03 -0.5203927E-04  0.0000000E+00
 -0.1115535E-01  0.3474329E-04  0.2256299E-03  0.0000000E+00
 -0.4778034E-02 -0.2436098E-03 -0.4257413E-03  0.0000000E+00
 -0.1145750E-01  0.2931713E-03  0.6976663E-03  0.0000000E+00
 -0.7133043E-02 -0.7677576E-03 -0.1568740E-02  0.0000000E+00
 -0.4678789E-02 -0.3658807E-02  0.8048427E-03  0.0000000E+00
 -0.1098363E-02 -0.7103640E-02 -0.2666962E-02  0.0000000E+00
 -0.7615292E-04 -0.1776765E-02 -0.1922944E-02  0.0000000E+00
  0.7197292E-03  0.2325317E-02 -0.1348284E-02  0.0000000E+00
  0.1194758E-02  0.4785432E-02 -0.1004088E-02  0.0000000E+00
 -0.1893117E-02 -0.4124030E-03 -0.4748617E-04  0.0000000E+00
  0.3333583E-02 -0.6461866E-03  0.1886200E-04  0.0000000E+00
 -0.1630387E-01  0.3321038E-03 -0.4932860E-04  0.0000000E+00
 -0.3662626E-02 -0.3296361E-03  0.4561526E-04  0.0000000E+00
 -0.1147907E-01 -0.1029835E-03 -0.3459128E-04  0.0000000E+00
  0.1143149E-01  0.4245007E-03 -0.3783970E-03  0.0000000E+00
  0.4764816E-02  0.4106472E-02 -0.2774968E-03  0.0000000E+00
  0.6242736E-02 -0.1808152E-03  0.1185107E-02  0.0000000E+00
  0.2359683E-02  0.5067928E-03  0.5549727E-03  0.0000000E+00
 -0.6306767E-03  0.1039199E-02  0.6854621E-04  0.0000000E+00
 -0.2423943E-02  0.1357677E-02 -0.2228451E-03  0.0000000E+00
 -0.9756234E-02  0.7635264E-03  0.1500025E-03  0.0000000E+00
 -0.5045108E-02  0.1475601E-03 -0.1428949E-03  0.0000000E+00
  0.3214718E-02 -0.2567819E-03  0.7988131E-04  0.0000000E+00
  0.6965226E-02  0.1402497E-03 -0.1171686E-03  0.0000000E+00
  0.2752296E-02  0.4521338E-04  0.2872870E-03  0.0000000E+00
 -0.5816511E-02  0.1752815E-02 -0.5420102E-03  0.0000000E+00
 -0.9755108E-03  0.9319767E-03  0.2450075E-02  0.0000000E+00
 -0.6748413E-02 -0.1036728E-02 -0.1224514E-02  0.0000000E+00
 -0.6366446E-02 -0.5272639E-03 -0.1187531E-02  0.0000000E+00
 -0.6060343E-02 -0.1416070E-03 -0.1161296E-02  0.0000000E+00
 -0.5879686E-02  0.9136272E-04 -0.1144986E-02  0.0000000E+00
 -0.4218797E-03 -0.7785504E-03 -0.1606332E-03  0.0000000E+00
  0.7231209E-02 -0.2800034E-03  0.5833062E-04  0.0000000E+00
 -0.2857061E-02  0.2608291E-03 -0.6959072E-04  0.0000000E+00
  0.6389769E-02 -0.4848966E-03  0.1520494E-03  0.0000000E+00
 -0.8476407E-02  0.5214488E-03 -0.2159601E-03  0.0000000E+00
 -0.2463568E-02 -0.2872492E-04  0.4122203E-03  0.0000000E+00
 -0.5829490E-02 -0.2069512E-02 -0.9727998E-03  0.0000000E+00
  0.3578573E-02 -0.6094265E-04  0.8429513E-03  0.0000000E+00
  0.4688350E-03 -0.3480873E-03  0.2790970E-03  0.0000000E+00
 -0.1940237E-02 -0.5612487E-03 -0.1531751E-03  0.0000000E+00
 -0.3381210E-02 -0.6911080E-03 -0.4129017E-03  0.0000000E+00
 -0.1647388E-03  0.2621472E-03 -0.4435674E-04  0.0000000E+00
  0.2679855E-02  0.5956198E-03 -0.5678737E-04  0.0000000E+00
 -0.1078066E-02 -0.3246253E-03  0.3705020E-04  0.0000000E+00
  0.4670115E-02  0.3654549E-03 -0.5073958E-04  0.0000000E+00
  0.1891672E-02 -0.9459152E-04  0.3048384E-04  0.0000000E+00
  0.5940198E-02 -0.5617280E-03  0.2461150E-03  0.0000000E+00
  0.3164834E-02 -0.1284647E-03  0.4267146E-04  0.0000000E+00
  0.3970736E-02  0.9336998E-03  0.1151266E-02  0.0000000E+00
  0.2290111E-02 -0.4757228E-03  0.9686999E-03  0.0000000E+00
  0.9884182E-03 -0.1565943E-02  0.8253283E-03  0.0000000E+00
  0.2097159E-03 -0.2218520E-02  0.7400536E-03  0.0000000E+00
 -0.6580772E-03  0.4663719E-03 -0.2670310E-03  0.0000000E+00
 -0.6118803E-03  0.8479900E-03 -0.2018167E-03  0.0000000E+00
 -0.8066051E-03 -0.4908929E-04 -0.1756055E-03  0.0000000E+00
 -0.2372663E-03  0.1577103E-03 -0.1224527E-03  0.0000000E+00
 -0.1252219E-03 -0.2709364E-03 -0.1174933E-03  0.0000000E+00
  0.7912568E-04 -0.1238471E-03 -0.3805170E-04  0.0000000E+00
  0.2057893E-03 -0.5365410E-03  0.6760926E-05  0.0000000E+00
  0.1046916E-03 -0.4508355E-03 -0.7142610E-04  0.0000000E+00
  0.1947210E-03 -0.5546568E-03 -0.7867844E-04  0.0000000E+00
  0.2642953E-03 -0.6349318E-03 -0.8391874E-04  0.0000000E+00
  0.3059569E-03 -0.6829906E-03 -0.8715012E-04  0.0000000E+00
 -0.4450748E-03  0.1841236E-03 -0.1855506E-03  0.0000000E+00
 -0.7626194E-03  0.3364502E-04  0.3588407E-06  0.0000000E+00
 -0.1112371E-02  0.2470437E-03  0.1012250E-03  0.0000000E+00
 -0.5517587E-03  0.1998614E-03  0.5267595E-05  0.0000000E+00
 -0.3899048E-03  0.3159974E-03 -0.9600999E-04  0.0000000E+00
  0.4487285E-03  0.7564893E-04 -0.1344218E-03  0.0000000E+00
  0.2906420E-03  0.2455337E-03  0.9895765E-05  0.0000000E+00
  0.1631066E-03  0.2000056E-03 -0.9129113E-04  0.0000000E+00
  0.1466199E-03  0.1693588E-03 -0.1050449E-03  0.0000000E+00
  0.1345190E-03  0.1454963E-03 -0.1151704E-03  0.0000000E+00
  0.1271098E-03  0.1312515E-03 -0.1213629E-03  0.0000000E+00
 -0.3713063E-03 -0.9442244E-04 -0.1795690E-03  0.0000000E+00
  0.7954254E-05 -0.1042655E-03 -0.1792581E-03  0.0000000E+00
 -0.4029243E-04 -0.3849048E-04  0.5228583E-04  0.0000000E+00
  0.1485015E-03 -0.7817181E-04  0.6206714E-04  0.0000000E+00
  0.8153194E-04  0.8084780E-04  0.2664436E-04  0.0000000E+00
 -0.1585352E-03  0.2680512E-03  0.1225179E-04  0.0000000E+00
 -0.2563705E-03  0.3539954E-04  0.2743849E-04  0.0000000E+00
 -0.3824697E-03  0.1853860E-04 -0.7885978E-04  0.0000000E+00
 -0.3342383E-03 -0.4661474E-04 -0.9437917E-04  0.0000000E+00
 -0.2966874E-03 -0.9675040E-04 -0.1060905E-03  0.0000000E+00
 -0.2742721E-03 -0.1268267E-03 -0.1131755E-03  0.0000000E+00
 -0.1650244E-03  0.5108908E-05 -0.8182266E-06  0.0000000E+00
 -0.1894094E-03  0.4486157E-05  0.1588017E-05  0.0000000E+00
  0.6628394E-05 -0.1636615E-05 -0.2133495E-05  0.0000000E+00
 -0.2693292E-03 -0.4154445E-05  0.3803520E-05  0.0000000E+00
 -0.2156925E-03  0.1370626E-04 -0.4233832E-05  0.0000000E+00
 -0.3186694E-03 -0.4745520E-04  0.3650889E-05  0.0000000E+00
 -0.1547200E-03  0.5767788E-04 -0.2851039E-04  0.0000000E+00
 -0.2692424E-03  0.6842488E-04  0.6564292E-04  0.0000000E+00
 -0.2334282E-03  0.5347850E-04  0.5081618E-04  0.0000000E+00
 -0.2057611E-03  0.4223780E-04  0.3944391E-04  0.0000000E+00
 -0.1891886E-03  0.3542649E-04  0.3261196E-04  0.0000000E+00
 -0.1549889E-03  0.5320661E-05  0.5531409E-06  0.0000000E+00
 -0.1277213E-03 -0.1690920E-05 -0.3117944E-06  0.0000000E+00
  0.7665799E-04  0.1792315E-05  0.1523337E-05  0.0000000E+00
  0.7005575E-04 -0.3274722E-05 -0.3442547E-05  0.0000000E+00
  0.4464713E-04  0.6410857E-05  0.5452044E-05  0.0000000E+00
  0.1283874E-03 -0.9996042E-05 -0.1239305E-04  0.0000000E+00
  0.3297646E-04  0.6978984E-04  0.3133850E-04  0.0000000E+00
 -0.7950744E-04  0.7063166E-05  0.3545608E-05  0.0000000E+00
 -0.1144718E-03 -0.5837969E-04 -0.2596218E-04  0.0000000E+00
 -0.1412761E-03 -0.1088661E-03 -0.4856622E-04  0.0000000E+00
 -0.1573815E-03 -0.1391211E-03 -0.6215255E-04  0.0000000E+00
  0.5159907E-04  0.4301096E-05 -0.1832160E-07  0.0000000E+00
  0.3216378E-04  0.3229204E-05  0.1264156E-05  0.0000000E+00
  0.5233664E-04 -0.2735255E-05 -0.1982933E-05  0.0000000E+00
  0.4403805E-04  0.5206339E-05  0.2783841E-05  0.0000000E+00
  0.7754135E-05 -0.1344212E-04 -0.5752489E-05  0.0000000E+00
  0.8755526E-04  0.4600707E-04  0.1754247E-04  0.0000000E+00
  0.6353434E-04 -0.7673788E-04 -0.2141366E-04  0.0000000E+00
  0.9303067E-04  0.1733222E-04  0.1521176E-04  0.0000000E+00
  0.6085928E-04  0.2492946E-04  0.2201435E-04  0.0000000E+00
  0.3592487E-04  0.3088147E-04  0.2724892E-04  0.0000000E+00
  0.2101204E-04  0.3442391E-04  0.3038926E-04  0.0000000E+00
  0.9849591E-04 -0.3354477E-05 -0.2522720E-05  0.0000000E+00
 -0.2103643E-04  0.1764821E-05  0.7459303E-06  0.0000000E+00
  0.4058397E-04  0.3189811E-07  0.6038444E-06  0.0000000E+00
 -0.2359733E-04  0.3128662E-06  0.3033448E-06  0.0000000E+00
 -0.8776163E-04  0.2678575E-05 -0.1529092E-05  0.0000000E+00
 -0.8994262E-05 -0.3080621E-05  0.4570256E-05  0.0000000E+00
  0.1024173E-03  0.4197593E-05 -0.1164455E-04  0.0000000E+00
  0.1105070E-03 -0.3550106E-04  0.2027150E-04  0.0000000E+00
  0.5826383E-04 -0.1531876E-04 -0.7730209E-05  0.0000000E+00
  0.1791406E-04  0.1411786E-06 -0.2929428E-04  0.0000000E+00
 -0.6254791E-05  0.9434259E-05 -0.4222660E-04  0.0000000E+00
 -0.7244343E-04  0.5894136E-05  0.2906919E-06  0.0000000E+00
 -0.1680589E-04  0.2750629E-05  0.1081490E-05  0.0000000E+00
 -0.4883113E-04 -0.2673220E-05  0.1778305E-06  0.0000000E+00
  0.2175661E-05  0.1283642E-05 -0.3298422E-06  0.0000000E+00
  0.2029260E-05 -0.4449947E-05  0.1710560E-05  0.0000000E+00
 -0.3547399E-04  0.2663944E-05 -0.6205055E-05  0.0000000E+00
 -0.7562307E-05  0.5777811E-06 -0.8655600E-05  0.0000000E+00
 -0.5691527E-04  0.2074434E-04 -0.1100368E-04  0.0000000E+00
 -0.2608125E-04  0.9808562E-05 -0.1019008E-04  0.0000000E+00
 -0.2268155E-05  0.1429646E-05 -0.9557527E-05  0.0000000E+00
  0.1199577E-04 -0.3606434E-05 -0.9179772E-05  0.0000000E+00
  0.3383712E-04  0.7692636E-07 -0.1153914E-05  0.0000000E+00
 -0.3645631E-04 -0.5695813E-05  0.5687485E-06  0.0000000E+00
  0.7698020E-04  0.7693961E-07 -0.1018645E-06  0.0000000E+00
 -0.1118719E-04  0.1195631E-05  0.3857735E-06  0.0000000E+00
  0.5094352E-04  0.2851644E-05 -0.3564837E-06  0.0000000E+00
 -0.5353060E-04 -0.4583394E-05  0.7060728E-07  0.0000000E+00
  0.2383847E-04  0.3317372E-04 -0.9609779E-06  0.0000000E+00
 -0.1875587E-04  0.2152348E-04  0.8670802E-05  0.0000000E+00
 -0.1715910E-04  0.2770832E-04  0.4256375E-05  0.0000000E+00
 -0.1594214E-04  0.3246848E-04  0.8766712E-06  0.0000000E+00
 -0.1520843E-04  0.3532440E-04 -0.1155321E-05  0.0000000E+00
 -0.8042029E-03  0.1619849E-03 -0.2227905E-03  0.0000000E+00
 -0.9186702E-03 -0.1103864E-03 -0.3056326E-03  0.0000000E+00
 -0.4969752E-03 -0.3674474E-03  0.3255272E-04  0.0000000E+00
 -0.4594823E-03 -0.4507278E-03 -0.1480971E-03  0.0000000E+00
 -0.2592363E-03 -0.3062868E-03 -0.1452332E-04  0.0000000E+00
 -0.3773478E-03 -0.2732782E-03 -0.8629950E-05  0.0000000E+00
 -0.2101079E-04 -0.2641534E-03  0.3552431E-04  0.0000000E+00
 -0.6200618E-05 -0.1970556E-03  0.7784830E-05  0.0000000E+00
  0.1185609E-04 -0.1404820E-03  0.9968832E-05  0.0000000E+00
  0.2567265E-04 -0.9747638E-04  0.1169831E-04  0.0000000E+00
  0.3398173E-04 -0.7154114E-04  0.1272239E-04  0.0000000E+00
 -0.1542192E-03  0.1755605E-04 -0.1522836E-03  0.0000000E+00
 -0.5309481E-03 -0.1568662E-03  0.5953419E-04  0.0000000E+00
 -0.3673765E-03  0.2573535E-03  0.1111838E-03  0.0000000E+00
 -0.6413859E-03 -0.2723197E-03  0.8532718E-04  0.0000000E+00
 -0.4083183E-03  0.2318694E-03  0.1003921E-04  0.0000000E+00
  0.1479557E-03  0.2043775E-03 -0.1450591E-04  0.0000000E+00
  0.8672421E-04  0.1449218E-03 -0.7884719E-05  0.0000000E+00
  0.2015192E-03  0.6890587E-04  0.3575426E-05  0.0000000E+00
  0.9946444E-04  0.3976540E-04 -0.5178795E-04  0.0000000E+00
  0.2076326E-04  0.1754548E-04 -0.9438687E-04  0.0000000E+00
 -0.2640684E-04  0.4164983E-05 -0.1199437E-03  0.0000000E+00
 -0.2094204E-03  0.1630713E-03 -0.1555120E-03  0.0000000E+00
 -0.5808946E-04 -0.1594284E-03 -0.1071405E-03  0.0000000E+00
  0.2431867E-03  0.2913255E-03 -0.1158792E-05  0.0000000E+00
  0.3453754E-04 -0.1192589E-03  0.9057208E-04  0.0000000E+00
  0.7927377E-04  0.1949786E-03  0.1259697E-04  0.0000000E+00
 -0.8157612E-04  0.2209125E-03  0.5169461E-04  0.0000000E+00
 -0.1161276E-03  0.2268765E-03  0.2125744E-05  0.0000000E+00
 -0.1833272E-03  0.6433708E-04  0.1473911E-04  0.0000000E+00
 -0.1300137E-03  0.1061441E-03  0.4593168E-05  0.0000000E+00
 -0.8894957E-04  0.1380494E-03 -0.3193152E-05  0.0000000E+00
 -0.6432562E-04  0.1572578E-03 -0.7869552E-05  0.0000000E+00
 -0.8065176E-04  0.1248202E-06 -0.1479400E-05  0.0000000E+00
 -0.2938286E-04  0.1050305E-05  0.1968359E-05  0.0000000E+00
  0.4135668E-04  0.1294682E-05 -0.3479930E-05  0.0000000E+00
 -0.1553464E-03 -0.5887053E-05  0.5174286E-05  0.0000000E+00
 -0.3838460E-03  0.1551682E-04 -0.8256012E-05  0.0000000E+00
 -0.2817288E-03 -0.5848353E-04  0.2164162E-04  0.0000000E+00
 -0.3077953E-03  0.1923806E-04 -0.5427834E-05  0.0000000E+00
 -0.3181309E-03  0.2727716E-03  0.6448172E-04  0.0000000E+00
 -0.2722766E-03  0.2191889E-03  0.2804864E-04  0.0000000E+00
 -0.2369687E-03  0.1777318E-03 -0.6301473E-07  0.0000000E+00
 -0.2157919E-03  0.1529189E-03 -0.1690777E-04  0.0000000E+00
  0.1040890E-03 -0.7802674E-06 -0.5121757E-06  0.0000000E+00
  0.2704235E-04  0.3240053E-05  0.2784346E-06  0.0000000E+00
  0.2892523E-04 -0.2627335E-05 -0.4643355E-06  0.0000000E+00
  0.5134614E-04 -0.3205589E-05 -0.2824701E-06  0.0000000E+00
  0.1159640E-03  0.2628617E-05 -0.7070619E-06  0.0000000E+00
 -0.2090536E-04 -0.2657716E-04  0.2431324E-05  0.0000000E+00
 -0.2233211E-04  0.3655869E-04  0.2329736E-04  0.0000000E+00
 -0.3065676E-04 -0.6298291E-04  0.3464631E-04  0.0000000E+00
  0.1703511E-04 -0.1636328E-04  0.5938108E-04  0.0000000E+00
  0.5383960E-04  0.1963090E-04  0.7839150E-04  0.0000000E+00
  0.7589340E-04  0.4119280E-04  0.8980225E-04  0.0000000E+00
  0.4923292E-04  0.7046030E-06  0.7507547E-06  0.0000000E+00
  0.1580001E-03  0.7426618E-05 -0.5158660E-06  0.0000000E+00
 -0.7337135E-04 -0.1023824E-04  0.9280191E-06  0.0000000E+00
  0.6098652E-05  0.1438494E-04 -0.3371655E-05  0.0000000E+00
  0.1802690E-03 -0.2651354E-04  0.7074648E-05  0.0000000E+00
  0.7850800E-04  0.7868877E-04 -0.1861939E-04  0.0000000E+00
  0.1159291E-03 -0.5398900E-04  0.1658542E-04  0.0000000E+00
  0.7131199E-04  0.3831547E-04  0.4956399E-05  0.0000000E+00
  0.5386690E-04  0.3591421E-04 -0.1323813E-04  0.0000000E+00
  0.4028260E-04  0.3408980E-04 -0.2717568E-04  0.0000000E+00
  0.3217474E-04  0.3298887E-04 -0.3555344E-04  0.0000000E+00
  0.1248947E-03 -0.3025425E-05 -0.2525781E-05  0.0000000E+00
  0.1007712E-03 -0.2897544E-05 -0.1967999E-06  0.0000000E+00
 -0.8321640E-04  0.8228102E-05  0.2765152E-05  0.0000000E+00
  0.5656291E-04 -0.4961965E-05 -0.3599619E-05  0.0000000E+00
  0.4403867E-05 -0.2790604E-05  0.5169401E-05  0.0000000E+00
 -0.4041383E-04  0.2686490E-04 -0.1212635E-04  0.0000000E+00
 -0.1864409E-04 -0.1486486E-04 -0.1007502E-06  0.0000000E+00
  0.1925575E-04 -0.8223681E-04 -0.2376867E-05  0.0000000E+00
  0.2627702E-05 -0.2623591E-04  0.4958114E-05  0.0000000E+00
 -0.1016371E-04  0.1683267E-04  0.1061886E-04  0.0000000E+00
 -0.1783667E-04  0.4267611E-04  0.1401107E-04  0.0000000E+00
 -0.4436817E-04  0.5633096E-05  0.2670367E-06  0.0000000E+00
 -0.1310026E-03  0.2456877E-06  0.9153599E-06  0.0000000E+00
  0.1969268E-04  0.3853142E-05  0.7050289E-06  0.0000000E+00
 -0.3137591E-04 -0.5279766E-05 -0.2370759E-05  0.0000000E+00
 -0.5450319E-05  0.1458906E-04  0.3288730E-05  0.0000000E+00
 -0.8527765E-04 -0.4402468E-04 -0.3645890E-05  0.0000000E+00
  0.5859043E-05  0.3634264E-04  0.7476734E-05  0.0000000E+00
 -0.4156429E-04  0.6101597E-04 -0.2268227E-05  0.0000000E+00
 -0.3202934E-04  0.3164345E-04 -0.8984501E-05  0.0000000E+00
 -0.2467106E-04  0.9065666E-05 -0.1410293E-04  0.0000000E+00
 -0.2026035E-04 -0.4485105E-05 -0.1718643E-04  0.0000000E+00
  0.6211576E-04  0.1927612E-05 -0.5518421E-06  0.0000000E+00
  0.3729008E-04 -0.6371993E-05  0.2607333E-06  0.0000000E+00
  0.6022510E-04  0.5006149E-05 -0.1211056E-07  0.0000000E+00
  0.2541901E-04 -0.1116730E-05  0.9939174E-06  0.0000000E+00
  0.4159664E-04 -0.3473640E-05 -0.1654470E-05  0.0000000E+00
  0.1714379E-04  0.5150260E-05  0.3910123E-05  0.0000000E+00
 -0.2631318E-04 -0.1723641E-04  0.7594638E-05  0.0000000E+00
  0.4941090E-04  0.7530811E-05  0.5286614E-05  0.0000000E+00
  0.2348195E-04  0.7861588E-05  0.7856778E-05  0.0000000E+00
  0.3477716E-05  0.8024100E-05  0.9872860E-05  0.0000000E+00
 -0.8510141E-05  0.8144833E-05  0.1107243E-04  0.0000000E+00
 -0.2407646E-03  0.3096488E-03 -0.7992635E-04  0.0000000E+00
 -0.2491165E-03  0.3413790E-03 -0.4846735E-04  0.0000000E+00
 -0.1163848E-03  0.4501895E-03  0.4699693E-04  0.0000000E+00
 -0.1475983E-03  0.2351336E-03 -0.6166044E-04  0.0000000E+00
 -0.2206744E-03  0.5342251E-03 -0.1776837E-04  0.0000000E+00
 -0.9547388E-04  0.3166992E-03 -0.1638026E-03  0.0000000E+00
 -0.1610481E-03  0.5177088E-03  0.4040813E-04  0.0000000E+00
 -0.2502942E-03  0.4615823E-03 -0.1184540E-03  0.0000000E+00
 -0.2419167E-03  0.3987765E-03 -0.1359923E-03  0.0000000E+00
 -0.2351157E-03  0.3506166E-03 -0.1491001E-03  0.0000000E+00
 -0.2311270E-03  0.3216813E-03 -0.1570637E-03  0.0000000E+00
 -0.2003092E-03  0.1226943E-03 -0.1700416E-03  0.0000000E+00
 -0.1103045E-04  0.3057131E-03 -0.7507752E-04  0.0000000E+00
 -0.4472012E-03  0.2749516E-03 -0.1539753E-03  0.0000000E+00
  0.1133239E-03  0.1916070E-03 -0.4555967E-04  0.0000000E+00
 -0.5471140E-04  0.5600973E-03 -0.7689059E-04  0.0000000E+00
  0.1278798E-03 -0.2600470E-03 -0.8539915E-04  0.0000000E+00
 -0.2208823E-03 -0.4676897E-04  0.2899739E-04  0.0000000E+00
 -0.2957057E-03 -0.4346774E-04 -0.1002697E-03  0.0000000E+00
 -0.2615079E-03 -0.3753046E-04 -0.1237849E-03  0.0000000E+00
 -0.2346722E-03 -0.3268329E-04 -0.1413948E-03  0.0000000E+00
 -0.2187062E-03 -0.2984630E-04 -0.1520841E-03  0.0000000E+00
  0.7124488E-04 -0.1219983E-04 -0.3508214E-04  0.0000000E+00
 -0.6486697E-04  0.1078930E-03 -0.6505815E-04  0.0000000E+00
 -0.4812774E-04 -0.1684428E-04 -0.2792452E-04  0.0000000E+00
  0.1120388E-03 -0.8238249E-04 -0.1115509E-03  0.0000000E+00
 -0.6243794E-04 -0.6196756E-04 -0.3702314E-05  0.0000000E+00
  0.6389561E-04 -0.9128305E-04 -0.1164457E-03  0.0000000E+00
  0.1196718E-03 -0.1263568E-03  0.1453666E-04  0.0000000E+00
  0.1708040E-04 -0.1693093E-04 -0.1338784E-03  0.0000000E+00
  0.2164664E-04  0.3541412E-04 -0.1545964E-03  0.0000000E+00
  0.2560851E-04  0.7570793E-04 -0.1702220E-03  0.0000000E+00
  0.2786925E-04  0.9987659E-04 -0.1796765E-03  0.0000000E+00
 -0.9339752E-05  0.7590992E-05  0.1100380E-06  0.0000000E+00
  0.2551370E-04  0.1095009E-04  0.2265495E-05  0.0000000E+00
 -0.4401460E-04 -0.9897499E-05 -0.3564722E-05  0.0000000E+00
 -0.1437849E-04  0.1110277E-04  0.6080393E-05  0.0000000E+00
  0.7351730E-04 -0.2116523E-04 -0.9822441E-05  0.0000000E+00
  0.5769345E-04  0.6077328E-04  0.1688403E-04  0.0000000E+00
 -0.8281645E-04  0.1118924E-03 -0.2539132E-04  0.0000000E+00
 -0.3714537E-04  0.1452448E-03  0.4005444E-04  0.0000000E+00
  0.1835088E-04  0.2647955E-04 -0.4754375E-05  0.0000000E+00
  0.6072106E-04 -0.6467111E-04 -0.3925826E-04  0.0000000E+00
  0.8622470E-04 -0.1194138E-03 -0.5995143E-04  0.0000000E+00
 -0.1469802E-03  0.4755620E-05  0.1988410E-05  0.0000000E+00
  0.6878133E-05 -0.1592155E-05 -0.2689192E-05  0.0000000E+00
 -0.1115537E-03  0.3016784E-06  0.5913550E-05  0.0000000E+00
 -0.1005104E-03  0.1800779E-05 -0.7737706E-05  0.0000000E+00
 -0.1410281E-03 -0.7386300E-05  0.1710424E-04  0.0000000E+00
  0.3889235E-04  0.4868845E-04 -0.4058806E-04  0.0000000E+00
 -0.3307083E-04  0.3265660E-04  0.1515533E-04  0.0000000E+00
 -0.8774761E-04  0.3388650E-04 -0.5091857E-04  0.0000000E+00
 -0.8364196E-04  0.6748396E-04 -0.6253149E-04  0.0000000E+00
 -0.7993694E-04  0.9330955E-04 -0.7131757E-04  0.0000000E+00
 -0.7785382E-04  0.1088092E-03 -0.7662645E-04  0.0000000E+00
  0.6770271E-04  0.7748040E-05  0.1148490E-05  0.0000000E+00
  0.6617329E-04 -0.7265442E-05  0.7967847E-07  0.0000000E+00
  0.7253129E-05  0.8099326E-05  0.9085916E-06  0.0000000E+00
 -0.1027419E-03 -0.1627590E-04 -0.1904697E-05  0.0000000E+00
 -0.1649551E-03  0.3388582E-04  0.4212820E-05  0.0000000E+00
 -0.3731782E-04 -0.9606579E-04 -0.5154871E-05  0.0000000E+00
 -0.1133385E-03  0.1875641E-04  0.6759846E-05  0.0000000E+00
 -0.1205352E-03  0.2222002E-04  0.1298286E-04  0.0000000E+00
 -0.9945186E-04  0.1769297E-04  0.1657152E-04  0.0000000E+00
 -0.8314506E-04  0.1425612E-04  0.1932403E-04  0.0000000E+00
 -0.7338334E-04  0.1218188E-04  0.2097746E-04  0.0000000E+00
  0.1197783E-03 -0.1134747E-05 -0.7191587E-06  0.0000000E+00
  0.5049612E-04 -0.1916995E-05  0.2523591E-05  0.0000000E+00
 -0.5543027E-05  0.7093675E-05 -0.4174032E-05  0.0000000E+00
  0.2378321E-04 -0.7454759E-05  0.7309175E-05  0.0000000E+00
  0.3907524E-04  0.2137657E-04 -0.1408366E-04  0.0000000E+00
  0.7231117E-04 -0.6476564E-04  0.3502380E-04  0.0000000E+00
 -0.2150999E-05 -0.3649026E-04 -0.2138867E-04  0.0000000E+00
  0.8662203E-04 -0.8450520E-04  0.3369574E-04  0.0000000E+00
  0.3961187E-04 -0.5250481E-04  0.1127332E-04  0.0000000E+00
  0.3336786E-05 -0.2794373E-04 -0.6023023E-05  0.0000000E+00
 -0.1839904E-04 -0.1319229E-04 -0.1638811E-04  0.0000000E+00
 -0.1115483E-03  0.7808282E-05  0.9022087E-06  0.0000000E+00
 -0.2094457E-04 -0.2789723E-06  0.8301904E-06  0.0000000E+00
  0.7735567E-05  0.2132936E-05  0.3852588E-06  0.0000000E+00
 -0.3550068E-04 -0.2347046E-05 -0.1207129E-05  0.0000000E+00
  0.3002001E-04 -0.2486185E-05  0.4126593E-05  0.0000000E+00
 -0.6380517E-04  0.2440533E-04 -0.7566745E-05  0.0000000E+00
 -0.3573527E-04  0.1679542E-04  0.1544018E-04  0.0000000E+00
 -0.1193652E-03 -0.9724272E-05 -0.1140787E-04  0.0000000E+00
 -0.8071852E-04 -0.2340287E-05 -0.8433287E-05  0.0000000E+00
 -0.5085541E-04  0.3358566E-05 -0.6130043E-05  0.0000000E+00
 -0.3297059E-04  0.6772515E-05 -0.4751955E-05  0.0000000E+00
  0.1097330E-03  0.2447811E-05 -0.6511657E-07  0.0000000E+00
  0.8168044E-04 -0.4239845E-05  0.1521031E-06  0.0000000E+00
  0.2166978E-04  0.4810439E-06  0.1282700E-05  0.0000000E+00
  0.7964739E-04  0.4166917E-05 -0.1765520E-05  0.0000000E+00
 -0.3947474E-05 -0.9018980E-05  0.3193160E-05  0.0000000E+00
  0.3783137E-05  0.3108836E-04 -0.9873539E-05  0.0000000E+00
 -0.4236369E-04 -0.1603156E-05 -0.4875460E-05  0.0000000E+00
 -0.6123751E-05 -0.1532414E-04  0.1309048E-04  0.0000000E+00
  0.6071589E-05 -0.2601969E-04 -0.2336266E-05  0.0000000E+00
  0.1540813E-04 -0.3424971E-04 -0.1418441E-04  0.0000000E+00
  0.2102106E-04 -0.3918701E-04 -0.2129791E-04  0.0000000E+00
  0.4024706E-03 -0.2171114E-04 -0.4437363E-04  0.0000000E+00
  0.4354170E-03 -0.3324702E-04 -0.3453139E-04  0.0000000E+00
  0.3012153E-03 -0.1044024E-03 -0.9486318E-06  0.0000000E+00
  0.3757021E-03 -0.1188027E-04 -0.4610843E-05  0.0000000E+00
  0.2634543E-03 -0.1544690E-05  0.1482890E-04  0.0000000E+00
  0.1013806E-03 -0.6860424E-04  0.1748733E-04  0.0000000E+00
 -0.1361753E-04 -0.7233223E-04 -0.2574954E-06  0.0000000E+00
  0.1806263E-04 -0.1272770E-03  0.2465505E-04  0.0000000E+00
 -0.1577931E-04 -0.1123359E-03  0.2466134E-04  0.0000000E+00
 -0.4204138E-04 -0.1009713E-03  0.2458448E-04  0.0000000E+00
 -0.5773984E-04 -0.9411916E-04  0.2455917E-04  0.0000000E+00
  0.1525933E-03  0.1899256E-04 -0.2831909E-04  0.0000000E+00
  0.3993533E-04  0.7431305E-04  0.1739654E-03  0.0000000E+00
  0.1534127E-03 -0.1709285E-04 -0.1323451E-03  0.0000000E+00
  0.2944454E-04  0.7805643E-04  0.7369710E-04  0.0000000E+00
  0.2004212E-03  0.7732357E-05 -0.1538278E-05  0.0000000E+00
 -0.1345637E-03  0.3277306E-04  0.5195096E-04  0.0000000E+00
 -0.6268584E-04 -0.4621887E-04 -0.2254396E-05  0.0000000E+00
 -0.1188296E-03 -0.8899310E-05  0.2530004E-05  0.0000000E+00
 -0.8045384E-04 -0.2373342E-05 -0.2069453E-05  0.0000000E+00
 -0.5089942E-04  0.2734005E-05 -0.5663142E-05  0.0000000E+00
 -0.3317482E-04  0.5775684E-05 -0.7805229E-05  0.0000000E+00
 -0.8642539E-04  0.3759133E-04  0.1305317E-04  0.0000000E+00
 -0.1166295E-03  0.3001909E-04  0.5940140E-04  0.0000000E+00
 -0.1158231E-03 -0.7737234E-04 -0.5393024E-04  0.0000000E+00
  0.7285271E-04  0.4040808E-04  0.9930555E-04  0.0000000E+00
  0.1073055E-03  0.9119729E-05 -0.9521631E-05  0.0000000E+00
 -0.4484370E-04  0.5587932E-04  0.3392260E-04  0.0000000E+00
 -0.7709161E-04 -0.5722368E-04 -0.2260695E-04  0.0000000E+00
 -0.3625171E-04 -0.4903222E-05  0.2964185E-04  0.0000000E+00
 -0.3573820E-05 -0.4232203E-04  0.1743308E-05  0.0000000E+00
  0.2129903E-04 -0.7115350E-04 -0.1979998E-04  0.0000000E+00
  0.3629154E-04 -0.8843905E-04 -0.3270461E-04  0.0000000E+00
 -0.4899570E-05 -0.5970437E-05 -0.6570578E-06  0.0000000E+00
  0.1222846E-04 -0.2861277E-05  0.6246922E-06  0.0000000E+00
 -0.3096633E-04 -0.6984688E-06 -0.2866279E-06  0.0000000E+00
  0.4604630E-04  0.3121733E-05  0.4882574E-06  0.0000000E+00
  0.7268017E-04 -0.6643556E-05 -0.5442090E-06  0.0000000E+00
 -0.1818814E-04  0.3044032E-05  0.3163300E-05  0.0000000E+00
 -0.2245524E-04 -0.2501750E-04  0.9154486E-05  0.0000000E+00
 -0.1319430E-03 -0.1658837E-04 -0.1205668E-04  0.0000000E+00
 -0.8630399E-04  0.1408842E-04  0.1754774E-05  0.0000000E+00
 -0.5080590E-04  0.3757497E-04  0.1239322E-04  0.0000000E+00
 -0.2960722E-04  0.5169686E-04  0.1877243E-04  0.0000000E+00
 -0.2686130E-04 -0.3626971E-05 -0.7444728E-06  0.0000000E+00
 -0.5140930E-04  0.6700830E-05 -0.5943679E-06  0.0000000E+00
  0.9312680E-04 -0.8204000E-05 -0.3407029E-06  0.0000000E+00
 -0.8637438E-04  0.9580437E-05  0.1243867E-05  0.0000000E+00
  0.5563542E-04 -0.1113360E-04 -0.2863768E-05  0.0000000E+00
 -0.3185507E-04  0.2039155E-04  0.5727216E-05  0.0000000E+00
  0.3736963E-04 -0.8352314E-04  0.9370650E-06  0.0000000E+00
  0.3306108E-05 -0.3440875E-04  0.1941842E-04  0.0000000E+00
  0.1882320E-04 -0.3738538E-04  0.6924661E-06  0.0000000E+00
  0.3053705E-04 -0.3959131E-04 -0.1376176E-04  0.0000000E+00
  0.3762253E-04 -0.4093565E-04 -0.2242156E-04  0.0000000E+00
  0.8028963E-04 -0.3541746E-05  0.1006489E-05  0.0000000E+00
  0.9548642E-04  0.8858899E-05 -0.5012042E-06  0.0000000E+00
  0.4352523E-04 -0.1449777E-05  0.1437025E-05  0.0000000E+00
  0.2333637E-04  0.4945175E-05 -0.2158827E-05  0.0000000E+00
  0.4445162E-04 -0.7942090E-05  0.2763339E-05  0.0000000E+00
  0.1012680E-03  0.1837742E-04 -0.7570725E-05  0.0000000E+00
  0.5853723E-04 -0.2428517E-04  0.6825422E-05  0.0000000E+00
  0.7205768E-04  0.2428404E-04 -0.1227435E-04  0.0000000E+00
  0.4795295E-04  0.3709078E-05 -0.5350360E-05  0.0000000E+00
  0.2936827E-04 -0.1214298E-04 -0.1401904E-10  0.0000000E+00
  0.1822750E-04 -0.2164794E-04  0.3203734E-05  0.0000000E+00
 -0.7677493E-04 -0.2700528E-06 -0.1765563E-06  0.0000000E+00
 -0.8284856E-04  0.3958616E-05 -0.5144690E-06  0.0000000E+00
 -0.3553958E-04 -0.1036127E-05  0.6252037E-06  0.0000000E+00
  0.3299077E-04  0.1262269E-05 -0.2085785E-05  0.0000000E+00
 -0.1027131E-03 -0.2294740E-06  0.3645736E-05  0.0000000E+00
  0.4475070E-04  0.5022938E-05 -0.9301110E-05  0.0000000E+00
  0.2437542E-04  0.2486065E-04  0.4036051E-05  0.0000000E+00
 -0.1759917E-04 -0.1227240E-04 -0.1844706E-04  0.0000000E+00
 -0.1681446E-04 -0.1414147E-05 -0.1257085E-04  0.0000000E+00
 -0.1610383E-04  0.6860737E-05 -0.8030881E-05  0.0000000E+00
 -0.1570625E-04  0.1184556E-04 -0.5312373E-05  0.0000000E+00
 -0.9648404E-05 -0.3780076E-05 -0.4766492E-06  0.0000000E+00
  0.2813756E-04  0.2587244E-05 -0.9988176E-07  0.0000000E+00
 -0.1937089E-03  0.2746761E-07  0.8643972E-06  0.0000000E+00
 -0.1848419E-04 -0.2644256E-05 -0.1237478E-05  0.0000000E+00
 -0.1040426E-03  0.6950447E-05  0.1683386E-05  0.0000000E+00
 -0.6684923E-04 -0.1201305E-04 -0.6107762E-05  0.0000000E+00
 -0.1612287E-04  0.1814454E-04  0.7309947E-05  0.0000000E+00
  0.2580551E-04  0.1823769E-04  0.2456522E-05  0.0000000E+00
 -0.1636620E-06  0.1638594E-04 -0.1710459E-05  0.0000000E+00
 -0.2017628E-04  0.1501090E-04 -0.4920262E-05  0.0000000E+00
 -0.3217549E-04  0.1417325E-04 -0.6845235E-05  0.0000000E+00
 -0.2630566E-04 -0.2905693E-05  0.1096159E-05  0.0000000E+00
 -0.2604364E-04  0.3888463E-05 -0.6317857E-07  0.0000000E+00
 -0.3886980E-05 -0.4208196E-05 -0.1110566E-05  0.0000000E+00
 -0.1318346E-04  0.4567032E-05  0.1282555E-05  0.0000000E+00
  0.2503120E-04  0.2626958E-05 -0.1749716E-05  0.0000000E+00
  0.3073895E-04 -0.1792070E-04  0.4722588E-05  0.0000000E+00
  0.4004446E-04  0.2249395E-05 -0.2310983E-05  0.0000000E+00
  0.1263042E-04 -0.2882804E-04  0.3819438E-05  0.0000000E+00
  0.8817038E-05 -0.7116473E-05  0.5626731E-05  0.0000000E+00
  0.5963286E-05  0.9460834E-05  0.7009181E-05  0.0000000E+00
  0.4230848E-05  0.1943974E-04  0.7840531E-05  0.0000000E+00
 -0.1952209E-04  0.7937263E-04 -0.1030790E-03  0.0000000E+00
 -0.9024738E-04  0.7362160E-04 -0.1549162E-04  0.0000000E+00
  0.1703367E-03  0.1731798E-04  0.5118475E-04  0.0000000E+00
  0.9890945E-04 -0.7145162E-04  0.1909189E-04  0.0000000E+00
  0.2192474E-03 -0.1056361E-03  0.2932896E-05  0.0000000E+00
  0.7634660E-04  0.7766813E-04 -0.9661959E-05  0.0000000E+00
  0.1378210E-03 -0.7253783E-04  0.2262376E-04  0.0000000E+00
  0.7878133E-04 -0.1652843E-04  0.1004083E-05  0.0000000E+00
  0.3250161E-04 -0.1415715E-04 -0.1117043E-04  0.0000000E+00
 -0.3115990E-05 -0.1241608E-04 -0.2050863E-04  0.0000000E+00
 -0.2448330E-04 -0.1134998E-04 -0.2611856E-04  0.0000000E+00
 -0.8706707E-04  0.1375774E-04 -0.9847849E-04  0.0000000E+00
 -0.5063198E-04  0.1310739E-03 -0.4485251E-04  0.0000000E+00
  0.8360931E-04 -0.3967787E-04 -0.2353531E-04  0.0000000E+00
  0.1128913E-03  0.4173321E-04 -0.1723783E-05  0.0000000E+00
  0.4493959E-04  0.5037896E-04 -0.4009595E-04  0.0000000E+00
  0.8103247E-06 -0.2924940E-03 -0.5509294E-05  0.0000000E+00
  0.1359964E-05 -0.5910492E-04 -0.8864542E-05  0.0000000E+00
 -0.1358539E-04  0.4894372E-05  0.1917246E-04  0.0000000E+00
 -0.6689950E-05 -0.2323310E-05  0.1803890E-04  0.0000000E+00
 -0.1357822E-05 -0.7755553E-05  0.1717315E-04  0.0000000E+00
  0.1834367E-05 -0.1104623E-04  0.1665161E-04  0.0000000E+00
  0.6021370E-04  0.1358929E-04 -0.3628279E-04  0.0000000E+00
 -0.5277495E-04  0.2366127E-03 -0.4329664E-04  0.0000000E+00
 -0.1805109E-04 -0.1408647E-03  0.4134813E-04  0.0000000E+00
 -0.1832897E-04  0.3800710E-04 -0.7540044E-04  0.0000000E+00
  0.1450987E-04  0.3467236E-04  0.5936961E-04  0.0000000E+00
  0.6010093E-04 -0.1048826E-03 -0.2183757E-04  0.0000000E+00
  0.3592498E-04 -0.1794423E-04  0.2813981E-04  0.0000000E+00
  0.6283458E-04 -0.3940564E-04 -0.8340664E-05  0.0000000E+00
  0.2688122E-04 -0.3353337E-04  0.5981148E-05  0.0000000E+00
 -0.7139664E-06 -0.2923785E-04  0.1702071E-04  0.0000000E+00
 -0.1728766E-04 -0.2660295E-04  0.2363834E-04  0.0000000E+00
  0.1674563E-04  0.3705224E-05 -0.1432948E-05  0.0000000E+00
 -0.1208914E-04  0.6164074E-05  0.1210541E-06  0.0000000E+00
 -0.1700674E-04  0.1940586E-06 -0.7518772E-06  0.0000000E+00
  0.8186802E-04 -0.1027825E-05  0.9719060E-06  0.0000000E+00
 -0.1351773E-03  0.7278604E-05 -0.6542768E-06  0.0000000E+00
  0.9712593E-04 -0.8617070E-05 -0.2624663E-05  0.0000000E+00
 -0.4504938E-04  0.4961341E-04 -0.2350483E-04  0.0000000E+00
  0.2502657E-04  0.2355990E-04  0.4302494E-05  0.0000000E+00
  0.2632420E-04  0.3819363E-05  0.6789629E-05  0.0000000E+00
  0.2725840E-04 -0.1132695E-04  0.8704067E-05  0.0000000E+00
  0.2783502E-04 -0.2042456E-04  0.9852361E-05  0.0000000E+00
 -0.2123304E-04  0.2774193E-07  0.8989976E-06  0.0000000E+00
  0.5597812E-04  0.1001534E-05  0.5272079E-06  0.0000000E+00
  0.8899994E-04  0.2148498E-06 -0.1978697E-05  0.0000000E+00
  0.4489663E-04  0.1268878E-05  0.3689280E-05  0.0000000E+00
  0.9752628E-04 -0.2092707E-05 -0.6076138E-05  0.0000000E+00
  0.5996456E-04  0.6289382E-05  0.1368854E-04  0.0000000E+00
  0.4397006E-04  0.2919472E-04 -0.7614707E-05  0.0000000E+00
  0.9113050E-05  0.6131375E-04  0.2169939E-04  0.0000000E+00
  0.1491306E-05  0.1887677E-04  0.1663185E-04  0.0000000E+00
 -0.4448256E-05 -0.1380800E-04  0.1271185E-04  0.0000000E+00
 -0.7991911E-05 -0.3340849E-04  0.1036547E-04  0.0000000E+00
  0.1767872E-04  0.3240353E-05  0.4082604E-06  0.0000000E+00
 -0.2613223E-04  0.5740555E-05 -0.1457383E-06  0.0000000E+00
  0.1308152E-03 -0.2991115E-05  0.3934032E-06  0.0000000E+00
  0.4116925E-04  0.2940641E-05 -0.3316357E-06  0.0000000E+00
  0.9186345E-04  0.3098509E-06  0.1767954E-06  0.0000000E+00
 -0.9635849E-04 -0.2634105E-05  0.3256426E-05  0.0000000E+00
 -0.4194998E-04 -0.3410355E-04  0.2898297E-05  0.0000000E+00
 -0.5723880E-04  0.1428471E-05 -0.9142386E-05  0.0000000E+00
 -0.2344500E-04 -0.4383509E-05 -0.4192318E-05  0.0000000E+00
  0.2586326E-05 -0.8887539E-05 -0.3705202E-06  0.0000000E+00
  0.1819525E-04 -0.1158079E-04  0.1918735E-05  0.0000000E+00
  0.8559436E-04 -0.6337500E-05 -0.1236802E-05  0.0000000E+00
  0.4271186E-04 -0.1135419E-05  0.1196423E-05  0.0000000E+00
 -0.2353586E-04  0.1949293E-05 -0.6528694E-06  0.0000000E+00
 -0.5438138E-04 -0.7206388E-06  0.9623643E-06  0.0000000E+00
 -0.1780373E-04 -0.8346581E-06 -0.2324325E-05  0.0000000E+00
  0.5249660E-04 -0.1368807E-04  0.4283040E-05  0.0000000E+00
  0.1001859E-04 -0.7733529E-05 -0.2009460E-04  0.0000000E+00
  0.5989766E-04  0.7482363E-05  0.9754363E-05  0.0000000E+00
  0.5531594E-04  0.7036296E-05  0.1071785E-04  0.0000000E+00
  0.5168676E-04  0.6747438E-05  0.1147915E-04  0.0000000E+00
  0.4953491E-04  0.6560408E-05  0.1193075E-04  0.0000000E+00
  0.3704479E-05  0.6492536E-05  0.1362745E-05  0.0000000E+00
 -0.5019850E-04  0.2226855E-05 -0.4566334E-06  0.0000000E+00
  0.1991678E-04 -0.1952885E-05  0.5582704E-06  0.0000000E+00
 -0.4217562E-04  0.3758884E-05 -0.1263602E-05  0.0000000E+00
  0.6867828E-04 -0.4064500E-05  0.1863630E-05  0.0000000E+00
  0.1985988E-04 -0.5446494E-07 -0.3404176E-05  0.0000000E+00
  0.4850150E-04  0.1773841E-04  0.7605297E-05  0.0000000E+00
 -0.2831032E-04  0.1663119E-05 -0.7013691E-05  0.0000000E+00
 -0.3216448E-05  0.2868710E-05 -0.2318242E-05  0.0000000E+00
  0.1622659E-04  0.3732452E-05  0.1281503E-05  0.0000000E+00
  0.2785548E-04  0.4266850E-05  0.3444370E-05  0.0000000E+00
 -0.4138182E-06 -0.2300292E-05  0.3668748E-06  0.0000000E+00
 -0.2921051E-04 -0.4860839E-05  0.4288348E-06  0.0000000E+00
  0.1330113E-04  0.2490411E-05 -0.2910581E-06  0.0000000E+00
 -0.4609425E-04 -0.2647801E-05  0.3482046E-06  0.0000000E+00
 -0.1634683E-04  0.4768830E-06 -0.1810160E-06  0.0000000E+00
 -0.4929022E-04  0.4324033E-05 -0.2094598E-05  0.0000000E+00
 -0.2658597E-04 -0.6770284E-07  0.7515878E-07  0.0000000E+00
 -0.3402303E-04 -0.7230263E-05 -0.9268872E-05  0.0000000E+00
 -0.2098135E-04  0.3695038E-05 -0.7703314E-05  0.0000000E+00
 -0.1086891E-04  0.1214485E-04 -0.6476421E-05  0.0000000E+00
 -0.4822324E-05  0.1720299E-04 -0.5746039E-05  0.0000000E+00
