  3  2   882 12096  4  4  9 14  7  1    0.00   24.00  100.00 1000.00    0.00    6.28   45.00   45.00
  100.0  100.0  100.0  100.0  125.0  150.0  190.0  230.0  275.0  350.0  450.0  550.0  650.0  850.0 1000.0 1000.0 1000.0 1000.0
  0.1748529D+03 -0.2339028D+02 -0.2077110D+01  0.0000000D+00
  0.2285477D+03  0.9164418D+01  0.9633138D+00  0.0000000D+00
  0.4455869D+03  0.5487710D+01  0.7138957D+01  0.0000000D+00
  0.7276766D+03  0.1273521D+03  0.2509526D+01  0.0000000D+00
  0.1052350D+04  0.1750086D+03 -0.1660941D+02  0.0000000D+00
  0.1334656D+04  0.1318439D+03 -0.4663039D+01  0.0000000D+00
  0.1516536D+04  0.1067319D+03  0.2489809D+02  0.0000000D+00
  0.1617451D+04  0.6313091D+01  0.4043421D+02  0.0000000D+00
  0.1881710D+04  0.8058746D+02  0.5938259D+02  0.0000000D+00
  0.2021903D+04  0.1254333D+03  0.4950607D+02  0.0000000D+00
  0.2343031D+04  0.1208610D+03  0.5597355D+02  0.0000000D+00
  0.2446776D+04  0.1069083D+03  0.4282860D+02  0.0000000D+00
  0.2527837D+04  0.9582987D+02  0.3262905D+02  0.0000000D+00
  0.2562567D+04  0.9108912D+02  0.2825709D+02  0.0000000D+00
 -0.5355370D+01 -0.1336367D+02 -0.3441774D+01  0.0000000D+00
 -0.1663542D+02  0.1217801D+02  0.3967699D+01  0.0000000D+00
  0.7460364D+02  0.8179675D+00 -0.5675180D+01  0.0000000D+00
 -0.2731706D+03 -0.4881401D+02  0.7013201D+01  0.0000000D+00
 -0.4933256D+03 -0.1234183D+03  0.2734465D+02  0.0000000D+00
 -0.4380661D+03  0.1158475D+03  0.7433243D+01  0.0000000D+00
 -0.5985586D+03  0.1218236D+03  0.2908644D+02  0.0000000D+00
 -0.5625970D+03  0.2021592D+03  0.3459994D+02  0.0000000D+00
 -0.6600950D+03  0.1474016D+03  0.5640583D+02  0.0000000D+00
 -0.7319566D+03  0.1278619D+03  0.5443368D+02  0.0000000D+00
 -0.6618619D+03 -0.7967173D+02  0.6102508D+02  0.0000000D+00
 -0.6333869D+03 -0.7506568D+02  0.4808993D+02  0.0000000D+00
 -0.6119140D+03 -0.7169546D+02  0.3810126D+02  0.0000000D+00
 -0.6026899D+03 -0.7024495D+02  0.3381818D+02  0.0000000D+00
 -0.3267868D+01  0.2127835D+01 -0.3090187D+00  0.0000000D+00
  0.2030170D+02  0.1300892D+02 -0.1452629D+01  0.0000000D+00
 -0.6259403D+01  0.1505908D+02  0.1319977D+01  0.0000000D+00
  0.6673025D+01  0.6360456D+01  0.5650748D+01  0.0000000D+00
 -0.2942409D+02 -0.2251442D+02 -0.4943275D+01  0.0000000D+00
 -0.1324102D+02 -0.3610270D+02  0.3708108D+01  0.0000000D+00
  0.5719173D+02 -0.1269941D+00  0.1891931D+02  0.0000000D+00
  0.1388314D+03  0.8099338D+01  0.4758954D+02  0.0000000D+00
  0.1295525D+03  0.1199894D+03  0.3428028D+02  0.0000000D+00
  0.6586787D+02  0.7065033D+02  0.6303006D+02  0.0000000D+00
  0.6461109D+02 -0.6982501D+02  0.4428499D+02  0.0000000D+00
 -0.7845238D+02 -0.8381265D+02  0.4022825D+02  0.0000000D+00
 -0.1894853D+03 -0.9490892D+02  0.3717740D+02  0.0000000D+00
 -0.2370780D+03 -0.9965795D+02  0.3586656D+02  0.0000000D+00
  0.2962549D+00 -0.1032738D+00 -0.3368654D-01  0.0000000D+00
  0.5627538D+00  0.6333743D+00  0.1675432D+00  0.0000000D+00
 -0.4630602D+01 -0.1317388D+01 -0.3130315D+00  0.0000000D+00
  0.9179697D+01  0.2158221D+01  0.5011498D+00  0.0000000D+00
 -0.1389643D+00 -0.2591363D+01 -0.9083618D+00  0.0000000D+00
 -0.1180311D+02  0.1012274D+02  0.2178252D+01  0.0000000D+00
 -0.1512930D+02 -0.4465438D+02 -0.6062752D+01  0.0000000D+00
 -0.8207119D+02 -0.4893997D+02 -0.7708541D+01  0.0000000D+00
 -0.7771748D+02 -0.4512769D+02 -0.1664801D+02  0.0000000D+00
 -0.1498597D+03 -0.1961494D+02 -0.4298669D+01  0.0000000D+00
 -0.1626859D+03  0.6668526D+01 -0.1485128D+02  0.0000000D+00
 -0.1176150D+03  0.2921784D+02  0.1510243D+01  0.0000000D+00
 -0.8324762D+02  0.4679849D+02  0.1430354D+02  0.0000000D+00
 -0.6849727D+02  0.5433171D+02  0.1978419D+02  0.0000000D+00
  0.1154905D+00 -0.1518008D-01 -0.5186245D-03  0.0000000D+00
 -0.3170815D+01  0.4154263D+00  0.5599013D-02  0.0000000D+00
  0.4454962D+01 -0.6119235D+00  0.2590022D-02  0.0000000D+00
  0.8685080D+01  0.1441765D+01  0.3905102D-01  0.0000000D+00
 -0.7387409D+01 -0.2053049D+01 -0.1468127D-01  0.0000000D+00
  0.1516660D+02  0.1309899D+02 -0.8581010D-01  0.0000000D+00
 -0.3484899D+02  0.3451416D+02 -0.8926592D+00  0.0000000D+00
 -0.6992837D+02 -0.8037416D+01  0.1288069D+01  0.0000000D+00
 -0.7273218D+02  0.5243503D+01  0.3449563D-01  0.0000000D+00
 -0.9704841D+02 -0.6275196D+02  0.1675613D+01  0.0000000D+00
 -0.3284942D+02 -0.5903593D+02  0.7088569D+01  0.0000000D+00
 -0.6929159D+02 -0.3869553D+02  0.3393051D+00  0.0000000D+00
 -0.9824629D+02 -0.2261766D+02 -0.4876964D+01  0.0000000D+00
 -0.1106360D+03 -0.1573525D+02 -0.7113520D+01  0.0000000D+00
 -0.9608500D+00  0.3998983D-01 -0.1999939D-01  0.0000000D+00
 -0.3524548D+01 -0.5036408D-02  0.1053254D+00  0.0000000D+00
  0.1522980D+02  0.1828318D+00 -0.1698370D+00  0.0000000D+00
 -0.2791426D+02 -0.3351004D+00  0.2400364D+00  0.0000000D+00
  0.2588149D+02 -0.9054858D+00 -0.3967845D+00  0.0000000D+00
  0.2427983D+02 -0.1939906D+01  0.3334843D+00  0.0000000D+00
  0.1205654D+03 -0.1062015D+02 -0.2676496D+01  0.0000000D+00
  0.1459246D+03  0.1424944D+02 -0.1670939D+01  0.0000000D+00
  0.1290810D+03 -0.6675979D+00 -0.1319996D+01  0.0000000D+00
  0.1286789D+03  0.1674696D+02 -0.2167106D+01  0.0000000D+00
  0.4555234D+02  0.1581451D+02  0.4830025D+00  0.0000000D+00
  0.4596229D+02 -0.9400966D+01  0.7737102D+01  0.0000000D+00
  0.4631191D+02 -0.2863525D+02  0.1339322D+02  0.0000000D+00
  0.4646055D+02 -0.3689033D+02  0.1581682D+02  0.0000000D+00
 -0.1386442D+01  0.1062215D-01  0.8612862D-02  0.0000000D+00
  0.1065732D+02 -0.2039965D+00 -0.3131854D-01  0.0000000D+00
 -0.1481459D+02  0.3837277D+00  0.3651165D-01  0.0000000D+00
 -0.1984600D+01 -0.1416672D+01 -0.8020705D-01  0.0000000D+00
 -0.2984109D+01  0.2340044D+01  0.9029731D-02  0.0000000D+00
 -0.2351569D+01 -0.1182189D+02  0.5285421D-01  0.0000000D+00
 -0.1718564D+02 -0.1424553D+02  0.8961105D+00  0.0000000D+00
 -0.5222328D+02 -0.1263232D+02 -0.7304929D+00  0.0000000D+00
  0.2825980D+01 -0.2472204D+02  0.3661566D+01  0.0000000D+00
 -0.6130884D+02  0.2206897D+02  0.4184127D+01  0.0000000D+00
 -0.4042162D+02 -0.2432988D+02  0.8836397D+00  0.0000000D+00
 -0.1242510D+02 -0.7001306D+01  0.1122095D+01  0.0000000D+00
  0.8555542D+01  0.6433829D+01  0.1302393D+01  0.0000000D+00
  0.1757222D+02  0.1219290D+02  0.1379814D+01  0.0000000D+00
  0.1966182D+01 -0.9003868D-01 -0.7610143D-02  0.0000000D+00
 -0.1652092D+01  0.2183727D+00  0.2717121D-01  0.0000000D+00
 -0.5466048D+01 -0.5988656D+00 -0.4518696D-01  0.0000000D+00
  0.9044394D+01  0.1143126D+01  0.1513151D+00  0.0000000D+00
  0.3152428D+01 -0.1688925D+01 -0.3286460D+00  0.0000000D+00
 -0.2028959D+02  0.6416470D+01  0.8102762D+00  0.0000000D+00
 -0.1333850D+02  0.1555891D+02 -0.7336956D+00  0.0000000D+00
  0.6936223D+01  0.1809583D+02 -0.1997307D+01  0.0000000D+00
  0.3584713D+01  0.2712328D+01 -0.1405238D+01  0.0000000D+00
  0.4866007D+02  0.1224854D+02 -0.6550463D+01  0.0000000D+00
  0.3686532D+02  0.8790201D+01 -0.4821384D+00  0.0000000D+00
  0.8429486D+01 -0.8967838D+01  0.2756612D+01  0.0000000D+00
 -0.1369832D+02 -0.2273469D+02  0.5266613D+01  0.0000000D+00
 -0.2318130D+02 -0.2863614D+02  0.6342622D+01  0.0000000D+00
  0.7641146D+00 -0.5284821D-01 -0.1041727D-01  0.0000000D+00
 -0.6355861D+01  0.9603768D-01  0.3673797D-01  0.0000000D+00
  0.7002904D+01 -0.2292318D+00 -0.4986282D-01  0.0000000D+00
  0.2325159D+01  0.5709363D+00  0.7344537D-01  0.0000000D+00
 -0.4829092D+00 -0.1569072D+01 -0.4548792D-02  0.0000000D+00
 -0.1568466D+02  0.6690654D+01  0.8879257D-01  0.0000000D+00
  0.1687356D+02  0.5677569D+01 -0.1175508D+01  0.0000000D+00
  0.3244454D+02  0.1826188D+02 -0.3191599D+01  0.0000000D+00
  0.2558374D+02  0.7061507D+01  0.2431692D+00  0.0000000D+00
  0.2050647D+02  0.1844557D+02 -0.2534677D+01  0.0000000D+00
  0.4019579D+01 -0.8725959D+01  0.2118445D+01  0.0000000D+00
  0.3040520D+02  0.1443053D+01 -0.2473592D+01  0.0000000D+00
  0.5116708D+02  0.9406773D+01 -0.6069348D+01  0.0000000D+00
  0.6005739D+02  0.1281798D+02 -0.7609603D+01  0.0000000D+00
  0.2186791D+02  0.1568454D+02 -0.4284135D+01  0.0000000D+00
 -0.4786670D+02 -0.1473831D+02  0.1141655D+01  0.0000000D+00
  0.1798001D+02 -0.1778306D+02  0.7955615D+00  0.0000000D+00
 -0.8556927D+02  0.2193603D+02 -0.2210038D+01  0.0000000D+00
 -0.1063646D+03  0.2865221D+01 -0.6376649D+01  0.0000000D+00
 -0.1128084D+03 -0.6580818D+02  0.1584900D+02  0.0000000D+00
 -0.1882571D+03 -0.1465113D+03  0.1606138D+01  0.0000000D+00
 -0.1646418D+03 -0.1351816D+03  0.5838916D+01  0.0000000D+00
 -0.7461804D+02 -0.1991321D+03 -0.7909962D+01  0.0000000D+00
 -0.1005995D+03 -0.7773242D+02 -0.3803980D+01  0.0000000D+00
  0.5957000D+02 -0.1298804D+03 -0.5007373D+01  0.0000000D+00
  0.1791673D+02 -0.6589373D+02 -0.5442974D+01  0.0000000D+00
 -0.1492846D+02 -0.1626758D+02 -0.5818064D+01  0.0000000D+00
 -0.2899032D+02  0.5004916D+01 -0.5977674D+01  0.0000000D+00
  0.2403193D+02  0.1268625D+02 -0.5125221D+01  0.0000000D+00
 -0.2078209D+02  0.1205893D+02  0.2644329D+01  0.0000000D+00
 -0.1922894D+02 -0.5020146D+02 -0.2801981D+01  0.0000000D+00
  0.6859655D+02  0.4497120D+02 -0.4111741D+01  0.0000000D+00
 -0.2862191D+02  0.3035780D+02 -0.7156630D+01  0.0000000D+00
  0.1163284D+03 -0.1395746D+02 -0.6101493D+01  0.0000000D+00
  0.1879247D+03  0.1154116D+03 -0.6272831D+01  0.0000000D+00
  0.1902784D+03  0.2817445D+02 -0.7159316D+00  0.0000000D+00
  0.2300104D+03  0.1230339D+03  0.1280524D+02  0.0000000D+00
  0.1524160D+03  0.3250742D+02  0.1010971D+02  0.0000000D+00
  0.2240500D+03 -0.9272925D+02  0.9291040D+00  0.0000000D+00
  0.1895378D+03 -0.4934225D+02 -0.2191644D+01  0.0000000D+00
  0.1619169D+03 -0.1494396D+02 -0.4789802D+01  0.0000000D+00
  0.1501041D+03 -0.2228504D+00 -0.5897936D+01  0.0000000D+00
  0.2875166D+01  0.4866434D+01  0.3683359D+01  0.0000000D+00
 -0.2766345D+02 -0.3846595D+02 -0.2659623D+01  0.0000000D+00
  0.3141012D+02  0.3306513D+02  0.4662171D+01  0.0000000D+00
 -0.1122633D+02 -0.7587600D+01 -0.4472783D+01  0.0000000D+00
 -0.3267819D+02 -0.1679597D+02  0.8042981D+01  0.0000000D+00
  0.2955863D+02  0.1929998D+02 -0.3040367D+00  0.0000000D+00
 -0.1133120D+02  0.2673020D+02  0.1461930D+02  0.0000000D+00
 -0.6133202D+02  0.9488789D+02  0.8569966D+01  0.0000000D+00
 -0.1979701D+02  0.3973648D+02  0.1780224D+02  0.0000000D+00
 -0.1060215D+03  0.3877822D+02  0.4774847D+01  0.0000000D+00
 -0.6510845D+01  0.2854862D+02  0.2237936D+02  0.0000000D+00
 -0.6083097D+02  0.2588096D+02  0.1922418D+02  0.0000000D+00
 -0.1036449D+03  0.2378981D+02  0.1693242D+02  0.0000000D+00
 -0.1219756D+03  0.2289408D+02  0.1594519D+02  0.0000000D+00
  0.1043594D+01 -0.1634263D+00 -0.1011143D-01  0.0000000D+00
 -0.2470476D+01  0.7325336D+00  0.8196255D-01  0.0000000D+00
  0.4213567D+00 -0.1239419D+01 -0.1478192D+00  0.0000000D+00
 -0.7453437D+01  0.1547998D+01  0.2502788D+00  0.0000000D+00
  0.3609821D+02 -0.2592907D+01 -0.4813892D+00  0.0000000D+00
  0.3249198D+02  0.9314646D+00 -0.9261993D+00  0.0000000D+00
  0.8091197D+02 -0.2319968D+02 -0.8125186D+01  0.0000000D+00
  0.6152227D+02  0.1216355D+02 -0.1483942D+02  0.0000000D+00
  0.5731628D+02 -0.1719088D+01 -0.1676174D+02  0.0000000D+00
  0.6938307D+02  0.2876882D+02 -0.1656758D+02  0.0000000D+00
  0.2109019D+02 -0.2037763D+02 -0.2385290D+02  0.0000000D+00
  0.1480465D+02  0.9403164D+01 -0.8863993D+01  0.0000000D+00
  0.9344490D+01  0.3252972D+02  0.2730108D+01  0.0000000D+00
  0.7022272D+01  0.4244202D+02  0.7700966D+01  0.0000000D+00
 -0.2033205D+01 -0.1248827D+00  0.6502453D-03  0.0000000D+00
  0.2331782D+01  0.4647375D+00  0.1241127D-01  0.0000000D+00
 -0.3991642D+00 -0.9439017D+00 -0.7968025D-02  0.0000000D+00
 -0.8778653D-01  0.1439716D+01  0.8768144D-01  0.0000000D+00
 -0.1303532D+01 -0.3063261D+01 -0.1157422D+00  0.0000000D+00
 -0.1215637D+02  0.1417341D+02  0.9188011D+00  0.0000000D+00
 -0.3536552D+02  0.3061370D+02 -0.4730249D+01  0.0000000D+00
 -0.5726716D+02  0.3116570D+02 -0.1504702D+01  0.0000000D+00
 -0.3078306D+02 -0.4104509D+01 -0.7377186D+00  0.0000000D+00
 -0.3847359D+02 -0.5124694D+01  0.2564648D+01  0.0000000D+00
  0.3542691D+02 -0.7803571D+02 -0.8125699D+01  0.0000000D+00
  0.1873142D+02  0.6566262D+01 -0.6626793D+01  0.0000000D+00
  0.5347969D+01  0.7252543D+02 -0.5571841D+01  0.0000000D+00
 -0.3750187D+00  0.1007883D+03 -0.5116262D+01  0.0000000D+00
 -0.3708291D+00  0.4691618D-01 -0.1756362D-01  0.0000000D+00
 -0.1773142D+00 -0.2215346D+00  0.8717640D-01  0.0000000D+00
  0.4985577D+01  0.4676774D+00 -0.1570036D+00  0.0000000D+00
 -0.3634822D+01 -0.3732779D+00  0.2039666D+00  0.0000000D+00
 -0.2134479D+02  0.8026997D+00 -0.3926272D+00  0.0000000D+00
 -0.2614428D+02 -0.5619376D+00  0.2467715D+01  0.0000000D+00
 -0.1444570D+02  0.7498606D+01  0.2173635D+01  0.0000000D+00
  0.9061857D+01 -0.1245942D+02 -0.3706507D+00  0.0000000D+00
  0.1855344D+02  0.1178392D+02 -0.2433928D+01  0.0000000D+00
  0.5390477D+02 -0.2678624D+02 -0.1906057D+01  0.0000000D+00
  0.2663361D+02  0.3184296D+00 -0.1877663D+00  0.0000000D+00
  0.7757824D+01  0.1601346D+02  0.2504253D+01  0.0000000D+00
 -0.6999254D+01  0.2839796D+02  0.4641802D+01  0.0000000D+00
 -0.1332137D+02  0.3370006D+02  0.5556520D+01  0.0000000D+00
  0.2440620D+01  0.8054831D-01 -0.3178252D-01  0.0000000D+00
 -0.5373344D+01 -0.4504123D+00  0.1516137D+00  0.0000000D+00
  0.5009973D+01  0.8661542D+00 -0.3036684D+00  0.0000000D+00
 -0.8960362D+01 -0.1846274D+01  0.4893619D+00  0.0000000D+00
  0.1472512D+02  0.3993282D+01 -0.1087990D+01  0.0000000D+00
 -0.3944703D+02 -0.1240309D+02  0.1925925D+01  0.0000000D+00
  0.2394107D+02 -0.1804128D+02 -0.1302465D+01  0.0000000D+00
  0.2335906D+02 -0.1233928D+02 -0.5557466D+01  0.0000000D+00
  0.5423880D+02 -0.1709922D+02  0.2056713D+01  0.0000000D+00
  0.3261689D+02 -0.2528532D+02 -0.4881255D-01  0.0000000D+00
  0.2345032D+02 -0.1042712D+02 -0.1078142D+01  0.0000000D+00
  0.1854956D+02  0.2004905D+02  0.4097920D+01  0.0000000D+00
  0.1370627D+02  0.4428071D+02  0.8158902D+01  0.0000000D+00
  0.1166297D+02  0.5464905D+02  0.9898208D+01  0.0000000D+00
 -0.3796942D+00 -0.1245963D-03  0.2897249D-01  0.0000000D+00
 -0.1195370D+01  0.1704683D+00 -0.1666628D+00  0.0000000D+00
 -0.1621693D+01 -0.3949356D+00  0.2787419D+00  0.0000000D+00
  0.5837263D+01  0.7667396D+00 -0.3992986D+00  0.0000000D+00
  0.3326758D+01 -0.3481846D+00  0.7272190D+00  0.0000000D+00
  0.2038095D+00  0.2985364D+01 -0.1925507D+01  0.0000000D+00
 -0.7439225D+02  0.1031824D+02  0.2129888D+01  0.0000000D+00
 -0.8785041D+02  0.1169575D+02 -0.8751506D+00  0.0000000D+00
 -0.8540460D+02  0.1661708D+02 -0.1095853D+01  0.0000000D+00
 -0.8489343D+02  0.6654410D+01 -0.3180013D+01  0.0000000D+00
 -0.1382225D+02 -0.8596778D+01 -0.2376201D+01  0.0000000D+00
 -0.2322015D+02  0.1089131D+02 -0.1468310D+01  0.0000000D+00
 -0.3022969D+02  0.2602545D+02 -0.8010354D+00  0.0000000D+00
 -0.3324298D+02  0.3251216D+02 -0.5138380D+00  0.0000000D+00
  0.3959333D-03  0.8063866D-02  0.1204732D-01  0.0000000D+00
  0.9780875D+00  0.2683802D+00 -0.9835512D-01  0.0000000D+00
  0.2522810D+01 -0.5177797D+00  0.1936086D+00  0.0000000D+00
 -0.3606093D+00  0.1357541D+01 -0.3933322D+00  0.0000000D+00
 -0.2159624D+01 -0.2767480D+01  0.8850700D+00  0.0000000D+00
  0.3176873D+02  0.5699422D+01 -0.1741047D+01  0.0000000D+00
  0.1354085D+02  0.9656242D+00  0.2381868D+01  0.0000000D+00
  0.2677980D+02 -0.4242885D+00 -0.3734565D+01  0.0000000D+00
  0.1172797D+02 -0.9588017D+01  0.2374989D+01  0.0000000D+00
  0.3146030D+02  0.7561760D+01 -0.1767414D+01  0.0000000D+00
  0.1131724D+02  0.2511582D+01  0.8053236D+00  0.0000000D+00
  0.5694975D+01  0.4439880D+01 -0.1518482D+01  0.0000000D+00
  0.1391994D+01  0.5775668D+01 -0.3323814D+01  0.0000000D+00
 -0.4543805D+00  0.6353286D+01 -0.4097581D+01  0.0000000D+00
  0.8189650D+01 -0.1279439D+02  0.3667302D+01  0.0000000D+00
  0.1665911D+01 -0.5522247D+01  0.3381977D-01  0.0000000D+00
 -0.5670912D+01  0.2620105D+02 -0.6220336D+01  0.0000000D+00
  0.2410845D+02 -0.5364601D+01  0.5794367D+01  0.0000000D+00
  0.4352041D+02  0.2824475D+02  0.5032682D+00  0.0000000D+00
  0.2959406D+02 -0.1600889D+02  0.2650211D+00  0.0000000D+00
  0.5064017D+02  0.1331350D+02  0.4052124D+01  0.0000000D+00
  0.2570116D+02  0.3284414D+02  0.1156772D+02  0.0000000D+00
  0.3076234D+02  0.2266054D+02  0.1405550D+02  0.0000000D+00
  0.6481768D+01  0.2948609D+02  0.1220511D+02  0.0000000D+00
 -0.7157684D+02  0.3016613D+02  0.9056605D+01  0.0000000D+00
 -0.3953063D+02  0.2181986D+02  0.9306900D+01  0.0000000D+00
 -0.1458797D+02  0.1531623D+02  0.9521541D+01  0.0000000D+00
 -0.3899117D+01  0.1252936D+02  0.9612888D+01  0.0000000D+00
  0.9525472D+01 -0.7350644D+01  0.2646856D+01  0.0000000D+00
  0.2120052D+01  0.1836073D+01 -0.5039316D+00  0.0000000D+00
  0.7593525D+01  0.3271251D+02 -0.4142982D+01  0.0000000D+00
 -0.2103914D+02 -0.3564166D+01  0.8477726D+01  0.0000000D+00
  0.1954020D+02  0.3549084D+02  0.8352331D+00  0.0000000D+00
 -0.2422105D+02 -0.6298675D+01 -0.4444360D+00  0.0000000D+00
 -0.4939268D+02  0.6497188D+02 -0.5493652D+01  0.0000000D+00
 -0.5540635D+02  0.2519526D+02 -0.1237215D+02  0.0000000D+00
 -0.4511228D+02  0.1112940D+03 -0.1049852D+02  0.0000000D+00
 -0.8679402D+02  0.5195448D+02 -0.8029561D+01  0.0000000D+00
 -0.1512306D+03  0.9151924D+01 -0.1368597D+02  0.0000000D+00
 -0.9681828D+02  0.1622133D+02  0.6396102D+00  0.0000000D+00
 -0.5485802D+02  0.2139886D+02  0.1177909D+02  0.0000000D+00
 -0.3686404D+02  0.2362782D+02  0.1655319D+02  0.0000000D+00
  0.5410957D+01  0.2561886D+01 -0.4626074D+01  0.0000000D+00
  0.1290443D+02 -0.7339070D+01  0.4301441D+01  0.0000000D+00
 -0.1678786D+02  0.6933163D+01 -0.4949951D+01  0.0000000D+00
  0.2044400D+01 -0.3687847D+02 -0.1397610D+01  0.0000000D+00
 -0.3089643D+02 -0.4052758D+00  0.7948876D+01  0.0000000D+00
 -0.1283955D+02 -0.4568070D+01 -0.2915726D+01  0.0000000D+00
 -0.1666693D+02 -0.1152678D+02 -0.2191417D+01  0.0000000D+00
 -0.1619933D+02 -0.2972146D+02 -0.1055787D+02  0.0000000D+00
 -0.2023464D+00  0.3916329D+02  0.4578759D+01  0.0000000D+00
 -0.1065383D+02 -0.3937622D+02 -0.1015210D+02  0.0000000D+00
 -0.7052839D+02  0.5197885D+02  0.4083268D+01  0.0000000D+00
 -0.2073061D+02 -0.1014862D+02 -0.1346586D+02  0.0000000D+00
  0.1817015D+02 -0.5865791D+02 -0.2719365D+02  0.0000000D+00
  0.3483630D+02 -0.7944125D+02 -0.3307445D+02  0.0000000D+00
  0.3073178D+00 -0.1077632D+00  0.1871787D-01  0.0000000D+00
 -0.4832036D+00  0.6383268D+00 -0.9168587D-01  0.0000000D+00
  0.1695556D+01 -0.1253662D+01  0.1926304D+00  0.0000000D+00
 -0.6831461D+01  0.2199442D+01 -0.3093347D+00  0.0000000D+00
  0.7953335D+01 -0.1077567D+01  0.5334121D+00  0.0000000D+00
 -0.2093737D+02  0.5846733D+01 -0.1005163D+01  0.0000000D+00
 -0.1924008D+02 -0.3594259D+01  0.2468978D+01  0.0000000D+00
 -0.1119910D+02 -0.1160894D+02  0.4720840D+00  0.0000000D+00
 -0.2433980D+02  0.6435347D+01  0.1609467D+02  0.0000000D+00
 -0.3365173D+02  0.8104965D+01  0.6059497D+01  0.0000000D+00
 -0.5038860D+02  0.7349397D+02  0.4830666D+01  0.0000000D+00
 -0.6176213D+02  0.5598212D+01  0.1425665D+02  0.0000000D+00
 -0.7111604D+02 -0.4710020D+02  0.2155158D+02  0.0000000D+00
 -0.7510890D+02 -0.6968834D+02  0.2467910D+02  0.0000000D+00
  0.1053465D+00  0.1017119D+00 -0.2994500D-02  0.0000000D+00
  0.1169412D+01 -0.5946762D+00  0.7735868D-01  0.0000000D+00
 -0.2838788D+01  0.8661242D+00 -0.1496347D+00  0.0000000D+00
  0.9522406D+00 -0.1576478D+01  0.1792246D+00  0.0000000D+00
 -0.6684656D-01  0.2721394D+01 -0.3701163D+00  0.0000000D+00
  0.5546080D+01 -0.5886492D+01  0.9057470D+00  0.0000000D+00
  0.1913388D+02  0.3838481D+00  0.1282258D+01  0.0000000D+00
  0.9712482D+01 -0.1439260D+02  0.2971880D+01  0.0000000D+00
  0.1953840D+02  0.2553289D+02  0.1488631D+02  0.0000000D+00
 -0.1855506D+02  0.2855306D+02  0.3350405D+01  0.0000000D+00
 -0.8273802D+02  0.3312396D+02  0.6601242D+01  0.0000000D+00
 -0.2252175D+02  0.5510831D+02  0.8453794D+01  0.0000000D+00
  0.2430260D+02  0.7145213D+02  0.9890798D+01  0.0000000D+00
  0.4437021D+02  0.7848031D+02  0.1050678D+02  0.0000000D+00
  0.5723085D+00  0.3279358D-01 -0.8479603D-02  0.0000000D+00
 -0.2469394D+00 -0.9425075D-01  0.5174243D-01  0.0000000D+00
 -0.5751110D+00  0.5976326D+00 -0.1100052D+00  0.0000000D+00
  0.3762120D+01 -0.1019152D+01  0.2064821D+00  0.0000000D+00
  0.2904719D+01 -0.1152973D+01 -0.3700214D+00  0.0000000D+00
  0.1663191D+02 -0.3688699D+00  0.7380766D+00  0.0000000D+00
  0.1017131D+02 -0.1230518D+02 -0.2076884D+01  0.0000000D+00
  0.5585607D+01 -0.3128014D+01 -0.4074935D+01  0.0000000D+00
  0.4983965D+01 -0.1570737D+02 -0.4733153D+01  0.0000000D+00
  0.1906734D+02 -0.9755701D+01 -0.7923138D+01  0.0000000D+00
  0.1906056D+02  0.5095805D+01 -0.6572670D+01  0.0000000D+00
 -0.1346267D+02  0.1184606D+02 -0.6361407D+01  0.0000000D+00
 -0.3875069D+02  0.1714768D+02 -0.6165317D+01  0.0000000D+00
 -0.4958857D+02  0.1941817D+02 -0.6082269D+01  0.0000000D+00
  0.1458804D+00 -0.5932226D-01  0.1599988D-01  0.0000000D+00
 -0.1085105D+01  0.3567499D+00 -0.1217942D+00  0.0000000D+00
  0.1587738D+01 -0.5689391D+00  0.2498401D+00  0.0000000D+00
  0.5158907D+00  0.1146826D+01 -0.3323346D+00  0.0000000D+00
 -0.4688833D+01 -0.5339430D+00  0.5335641D+00  0.0000000D+00
  0.9533516D+01  0.1041834D+01 -0.1023889D+01  0.0000000D+00
  0.1166820D+02  0.1652777D+01  0.5965890D+00  0.0000000D+00
  0.8078300D+01  0.6658688D+01  0.1034956D+01  0.0000000D+00
  0.3974880D+01 -0.8739988D+01 -0.2401997D+01  0.0000000D+00
 -0.2107429D+02 -0.2708891D+02  0.2383425D+01  0.0000000D+00
 -0.2638058D+02  0.2144437D+02 -0.2104200D+01  0.0000000D+00
 -0.3840378D+01  0.2152248D+02  0.2096971D+01  0.0000000D+00
  0.1319237D+02  0.2151513D+02  0.5413354D+01  0.0000000D+00
  0.2050774D+02  0.2151426D+02  0.6833104D+01  0.0000000D+00
 -0.9731111D+00 -0.4831420D-01 -0.9956962D-03  0.0000000D+00
 -0.8403706D+00  0.3858150D-01  0.2055394D-02  0.0000000D+00
  0.2133986D+01 -0.4040567D+00 -0.2829028D-01  0.0000000D+00
 -0.3373945D+01  0.8969500D+00 -0.4707582D-01  0.0000000D+00
 -0.3708405D+01 -0.5476157D-01  0.2432712D+00  0.0000000D+00
  0.4941413D+01  0.2254699D+00 -0.3117397D+00  0.0000000D+00
  0.7616759D+01  0.2885247D+00 -0.2673209D-01  0.0000000D+00
  0.2161279D+02 -0.8431355D+00 -0.1676388D+01  0.0000000D+00
  0.1766712D+02 -0.9597230D+01 -0.1627405D+01  0.0000000D+00
  0.6126487D+02  0.2669121D+01  0.2192200D+01  0.0000000D+00
  0.3828919D+02 -0.1517815D+02  0.3430295D+00  0.0000000D+00
  0.1833433D+02  0.2944779D+01 -0.3442317D+00  0.0000000D+00
  0.3492755D+01  0.1707724D+02 -0.8428584D+00  0.0000000D+00
 -0.2889285D+01  0.2313277D+02 -0.1057685D+01  0.0000000D+00
 -0.6433891D+00  0.5041567D-01 -0.3810207D-03  0.0000000D+00
  0.1543694D+01 -0.2270097D+00  0.5240203D-01  0.0000000D+00
 -0.1404457D+01  0.6396843D+00 -0.1243527D+00  0.0000000D+00
  0.1649919D+01 -0.8031767D+00  0.1892248D+00  0.0000000D+00
  0.1001924D+01  0.2949129D+00 -0.2099708D+00  0.0000000D+00
 -0.1591762D+02  0.1314490D+01  0.1840536D+00  0.0000000D+00
 -0.9745529D+01 -0.2778766D+01  0.1639785D+00  0.0000000D+00
 -0.1842817D+02  0.2487096D+01  0.1932063D+01  0.0000000D+00
 -0.8712179D+01  0.1074049D+02 -0.2228604D+01  0.0000000D+00
  0.7681983D+01  0.5324086D+01  0.3334514D+01  0.0000000D+00
  0.1477790D+02  0.1790703D+02  0.2072095D+01  0.0000000D+00
  0.1583588D+02  0.1716624D+02  0.3297972D+01  0.0000000D+00
  0.1618211D+02  0.1644101D+02  0.4281655D+01  0.0000000D+00
  0.1634551D+02  0.1613489D+02  0.4702274D+01  0.0000000D+00
  0.8070650D+01 -0.7494847D+00 -0.1719289D+01  0.0000000D+00
 -0.2166297D+01 -0.2041155D+01  0.1348452D+01  0.0000000D+00
 -0.1291017D+02  0.2252827D+01 -0.7126913D+00  0.0000000D+00
  0.2463439D+02  0.6871568D+00 -0.1665865D+01  0.0000000D+00
  0.2395713D+02  0.1624295D+00  0.1037836D+01  0.0000000D+00
  0.1554219D+02 -0.1284950D+02 -0.1714105D+01  0.0000000D+00
  0.4571124D+02  0.6683088D+01 -0.5160175D-01  0.0000000D+00
  0.6229455D+02  0.1098596D+02  0.3054625D+01  0.0000000D+00
  0.3722967D+02  0.4888970D+02  0.2222012D+01  0.0000000D+00
  0.2939735D+02  0.1931927D+01  0.1570106D+01  0.0000000D+00
  0.1029609D+02  0.1864250D+02  0.3496654D+01  0.0000000D+00
  0.8002000D+01  0.2816675D+02  0.4662345D+01  0.0000000D+00
  0.6186131D+01  0.3543098D+02  0.5591961D+01  0.0000000D+00
  0.5408853D+01  0.3854878D+02  0.5989652D+01  0.0000000D+00
  0.9420942D+01 -0.1685104D+01 -0.2377392D+01  0.0000000D+00
  0.1028520D+01  0.6171151D+01  0.2280470D+01  0.0000000D+00
 -0.1079472D+02 -0.1717420D+01 -0.2770967D+01  0.0000000D+00
  0.2716824D+02  0.8242768D+01  0.2070012D+00  0.0000000D+00
  0.3284228D+02 -0.1244804D+02 -0.1044170D+01  0.0000000D+00
  0.4735369D+01  0.2263018D+02 -0.4427089D+00  0.0000000D+00
 -0.8001279D+01 -0.2884483D+02 -0.1491850D+01  0.0000000D+00
 -0.2619332D+02 -0.3933107D+02  0.2104342D+01  0.0000000D+00
 -0.3052101D+01 -0.9023683D+02 -0.1158481D+01  0.0000000D+00
 -0.1797724D+02 -0.5394288D+02  0.3186797D+01  0.0000000D+00
  0.3138527D+00  0.6276211D+01 -0.1361026D+01  0.0000000D+00
 -0.5683378D+00  0.1546314D+02  0.3410991D+00  0.0000000D+00
 -0.1258505D+01  0.2256395D+02  0.1678370D+01  0.0000000D+00
 -0.1554115D+01  0.2560871D+02  0.2251044D+01  0.0000000D+00
  0.4279757D+01  0.3728784D+01  0.6738027D+00  0.0000000D+00
 -0.8403701D+01 -0.5403816D+01  0.6014635D-01  0.0000000D+00
  0.1341630D+02  0.6733906D+01  0.3010441D+00  0.0000000D+00
 -0.2330079D+02 -0.1850939D+02 -0.1954035D+01  0.0000000D+00
  0.3114723D+01  0.2397476D+02  0.2351218D+00  0.0000000D+00
 -0.1498803D+02 -0.1151124D+02  0.4157782D+00  0.0000000D+00
 -0.1454185D+02  0.1240349D+02 -0.6989840D+00  0.0000000D+00
  0.7422824D+01 -0.1486740D+02  0.2663652D-01  0.0000000D+00
 -0.1808284D+02  0.1232529D+02  0.7087493D+00  0.0000000D+00
 -0.7714104D+00 -0.5540862D+01  0.1121623D+01  0.0000000D+00
  0.7353596D+01  0.1001802D+02  0.1770170D+01  0.0000000D+00
 -0.1267760D+02  0.6131254D+01 -0.1657545D+01  0.0000000D+00
 -0.2817535D+02  0.3045702D+01 -0.4286636D+01  0.0000000D+00
 -0.3481974D+02  0.1725343D+01 -0.5414541D+01  0.0000000D+00
 -0.2049772D+00 -0.2973079D-01  0.8764596D-02  0.0000000D+00
  0.6243146D+00  0.3431774D+00 -0.7266711D-01  0.0000000D+00
 -0.6227103D-01 -0.5366848D+00  0.1308818D+00  0.0000000D+00
  0.2796726D+01  0.5569134D+00 -0.2198302D+00  0.0000000D+00
 -0.3463668D+01  0.9699140D+00  0.4659460D+00  0.0000000D+00
 -0.5590969D+01 -0.3503210D+01 -0.1753545D+00  0.0000000D+00
 -0.2692149D+00  0.2285227D+01  0.2277640D+01  0.0000000D+00
  0.2485791D+01  0.1986406D+01  0.6281738D-01  0.0000000D+00
  0.3322028D+02  0.1472205D+02 -0.1155059D+00  0.0000000D+00
  0.3955470D+02  0.5759118D+00 -0.2467095D+01  0.0000000D+00
  0.1210281D+02 -0.1686579D+02  0.2842876D+00  0.0000000D+00
  0.1005451D+02 -0.8055808D+01  0.6264899D+00  0.0000000D+00
  0.8121970D+01 -0.1183172D+01  0.8559161D+00  0.0000000D+00
  0.7304315D+01  0.1761509D+01  0.9554033D+00  0.0000000D+00
 -0.4123235D+00  0.1245204D+00 -0.2495375D-02  0.0000000D+00
 -0.2257519D+00 -0.3919306D+00  0.2207894D-01  0.0000000D+00
  0.2110805D+01  0.8774027D+00 -0.3013167D-01  0.0000000D+00
 -0.3120135D+01 -0.1769409D+01  0.6960471D-01  0.0000000D+00
  0.1878742D+01  0.2300418D+01  0.1171479D-01  0.0000000D+00
 -0.7564856D+01 -0.6541407D+01  0.2333156D+00  0.0000000D+00
  0.2311114D+01  0.2018977D+01  0.1396656D+01  0.0000000D+00
  0.8815517D+01  0.2281519D+01  0.1723910D+01  0.0000000D+00
 -0.6389184D+01  0.3322239D+02  0.4891094D+01  0.0000000D+00
  0.4757923D+01 -0.4450618D+01 -0.7983614D+00  0.0000000D+00
 -0.3256350D+01  0.3800794D+02  0.1823221D+01  0.0000000D+00
 -0.1473267D+02  0.3905617D+02  0.1209314D+01  0.0000000D+00
 -0.2361108D+02  0.3993666D+02  0.7110252D+00  0.0000000D+00
 -0.2741759D+02  0.4031208D+02  0.4981372D+00  0.0000000D+00
  0.5570677D+00  0.8418492D-02 -0.1237739D-01  0.0000000D+00
 -0.6334788D+00  0.6321312D-01  0.5361879D-01  0.0000000D+00
 -0.1409982D+01 -0.2094736D+00 -0.8857847D-01  0.0000000D+00
  0.3221022D+01  0.7418272D+00  0.1204789D+00  0.0000000D+00
  0.1938604D+01 -0.1210489D+01 -0.2384908D+00  0.0000000D+00
 -0.5976073D+01  0.2520645D+01 -0.6845643D-01  0.0000000D+00
 -0.1627401D+02  0.9598025D+00 -0.8971293D+00  0.0000000D+00
 -0.3299519D+02  0.3365663D+01 -0.6684609D+00  0.0000000D+00
 -0.2972754D+02 -0.1763027D+01 -0.2428576D+01  0.0000000D+00
 -0.3254490D+02 -0.1254659D+01 -0.8963192D+00  0.0000000D+00
 -0.1729812D+02 -0.6827420D+01 -0.1791583D+01  0.0000000D+00
 -0.7140107D+01 -0.1650239D+01 -0.8633955D+00  0.0000000D+00
  0.4932454D+00  0.2100743D+01 -0.1391796D+00  0.0000000D+00
  0.3773115D+01  0.3716944D+01  0.1711211D+00  0.0000000D+00
  0.3359479D+00 -0.1117479D-01  0.1359250D-01  0.0000000D+00
 -0.1666948D+01 -0.4727932D-01 -0.7438716D-01  0.0000000D+00
  0.5723865D+00  0.2191992D-01  0.1540527D+00  0.0000000D+00
 -0.3005730D+00  0.1924384D+00 -0.2653654D+00  0.0000000D+00
  0.6748048D+01 -0.3006320D+00  0.2339851D+00  0.0000000D+00
  0.2683128D+01  0.1964000D+01 -0.5613088D+00  0.0000000D+00
  0.2909698D+01  0.9845611D+01  0.9401642D-01  0.0000000D+00
 -0.1997139D+02  0.1053646D+02 -0.1311316D+01  0.0000000D+00
 -0.6460505D+01 -0.8323144D+00 -0.2812441D+01  0.0000000D+00
 -0.1679980D+02  0.6630877D+01 -0.3645046D+00  0.0000000D+00
 -0.1662279D+02 -0.5288584D+01 -0.2196027D+01  0.0000000D+00
 -0.8462798D+01  0.6907865D+01 -0.1792676D+01  0.0000000D+00
 -0.2968386D+01  0.1657612D+02 -0.1492478D+01  0.0000000D+00
 -0.5868967D+00  0.2071386D+02 -0.1363406D+01  0.0000000D+00
 -0.3319259D+00  0.1003007D+00 -0.8795221D-02  0.0000000D+00
 -0.1542861D+01 -0.6283140D+00  0.5464481D-01  0.0000000D+00
  0.4080039D+01  0.1039392D+01 -0.9153335D-01  0.0000000D+00
 -0.9004664D+01 -0.1557340D+01  0.1486783D+00  0.0000000D+00
  0.1241194D+02  0.2291720D+01 -0.3301541D+00  0.0000000D+00
 -0.5551880D+01 -0.3775339D+01  0.8309077D+00  0.0000000D+00
  0.1038946D+02  0.5177071D+01 -0.1834044D+01  0.0000000D+00
  0.9714661D+01  0.3036440D-01 -0.1642555D+01  0.0000000D+00
  0.2278616D+01  0.1115309D+02 -0.1192691D+00  0.0000000D+00
  0.5889237D+01 -0.1310491D+02 -0.1711408D+01  0.0000000D+00
  0.2373729D+01  0.7956054D+01  0.1857673D+01  0.0000000D+00
 -0.3693698D+01  0.1127572D+02  0.2858229D+01  0.0000000D+00
 -0.8077327D+01  0.1371833D+02  0.3626622D+01  0.0000000D+00
 -0.9966553D+01  0.1476960D+02  0.3956255D+01  0.0000000D+00
  0.6636056D-01 -0.2122420D-01  0.5683886D-02  0.0000000D+00
 -0.3410476D+00 -0.1710939D-01 -0.4777354D-03  0.0000000D+00
  0.1307200D+01  0.9389100D-01 -0.5542059D-01  0.0000000D+00
 -0.2640047D+01 -0.2203021D+00  0.6995507D-01  0.0000000D+00
 -0.4160914D+01  0.1563725D+01  0.1716774D+00  0.0000000D+00
  0.8788211D+01 -0.3172420D+01 -0.1281155D+00  0.0000000D+00
 -0.4268448D+01 -0.5829577D+01  0.6233718D+00  0.0000000D+00
 -0.1633299D+02  0.1471853D-01 -0.4046425D+00  0.0000000D+00
 -0.1423501D-02 -0.1633048D+02 -0.1231233D+01  0.0000000D+00
 -0.6905292D+01  0.2091062D+01  0.4165462D-01  0.0000000D+00
 -0.9679157D+01 -0.1204500D+02 -0.2939650D+00  0.0000000D+00
 -0.4251235D+01 -0.7673361D+01  0.3582899D+00  0.0000000D+00
 -0.3494511D+00 -0.4160048D+01  0.8689001D+00  0.0000000D+00
  0.1332781D+01 -0.2657946D+01  0.1087629D+01  0.0000000D+00
 -0.3180583D+01  0.9386544D+00  0.8955745D+00  0.0000000D+00
  0.4564974D+00 -0.9586929D+01  0.1341125D+01  0.0000000D+00
  0.7129105D+01  0.1147747D+02 -0.4469146D+01  0.0000000D+00
 -0.8649543D+01 -0.1814628D+02  0.5186435D+01  0.0000000D+00
  0.3139417D+02  0.7704365D+01  0.3554469D+01  0.0000000D+00
 -0.1572261D+02 -0.8632263D+01 -0.1855875D+01  0.0000000D+00
  0.2108581D+01 -0.1034924D+02  0.2268937D+01  0.0000000D+00
 -0.1174618D+02 -0.3160791D+01  0.6037679D+00  0.0000000D+00
  0.8055924D+01 -0.1307861D+02  0.3787367D+01  0.0000000D+00
  0.1139495D+00 -0.4627645D+00  0.2092890D+01  0.0000000D+00
 -0.6677902D+01 -0.3997388D+02  0.2946792D+01  0.0000000D+00
 -0.8464604D+01 -0.2763233D+02  0.4648062D+01  0.0000000D+00
 -0.9815960D+01 -0.1801709D+02  0.5931855D+01  0.0000000D+00
 -0.1039632D+02 -0.1389691D+02  0.6483291D+01  0.0000000D+00
 -0.4813587D+01  0.1875902D+01  0.2936094D-01  0.0000000D+00
  0.1614803D+00 -0.1177524D+02  0.1853953D+01  0.0000000D+00
  0.7734222D-02  0.9787871D+01 -0.3765479D+01  0.0000000D+00
 -0.1417508D+02 -0.1241854D+02  0.6014067D+01  0.0000000D+00
  0.2857209D+02  0.1185934D+02  0.2757567D+01  0.0000000D+00
 -0.3088069D+02 -0.1008223D+02  0.2338650D+01  0.0000000D+00
 -0.1665459D+02  0.1479561D+02 -0.2407314D+01  0.0000000D+00
 -0.3393842D+02  0.1215139D+02  0.1385724D+01  0.0000000D+00
 -0.2930587D+02  0.1407510D+02 -0.8277071D+01  0.0000000D+00
 -0.5907720D+02  0.7842210D+01 -0.3351206D+01  0.0000000D+00
 -0.3259096D+02 -0.6512212D+01 -0.4421938D+01  0.0000000D+00
 -0.7249204D+01 -0.1758114D+01 -0.9919260D+00  0.0000000D+00
  0.1237898D+02  0.1974760D+01  0.1657934D+01  0.0000000D+00
  0.2079365D+02  0.3573387D+01  0.2794141D+01  0.0000000D+00
 -0.2075442D+01 -0.2617033D+01 -0.1622558D+01  0.0000000D+00
  0.4574438D+01  0.1129569D+01  0.2009565D+01  0.0000000D+00
 -0.2865727D+01 -0.6105582D+01 -0.2399656D+01  0.0000000D+00
  0.1333824D+02 -0.2860742D+01  0.2158606D+01  0.0000000D+00
 -0.2299862D+02  0.8019596D+01  0.3026431D+00  0.0000000D+00
 -0.2323651D+01 -0.2237927D+01 -0.2017730D+00  0.0000000D+00
  0.5605612D+01  0.6895884D+01  0.1339271D+01  0.0000000D+00
  0.8080228D+01  0.1353976D+02  0.1792287D+01  0.0000000D+00
  0.3397241D+01  0.1210855D+02 -0.8383548D+00  0.0000000D+00
 -0.8845175D+01  0.1634975D+02 -0.6720450D+00  0.0000000D+00
  0.4878286D+01 -0.3384744D+02 -0.7619760D+00  0.0000000D+00
 -0.7065122D+01  0.6840332D+01 -0.2047503D+01  0.0000000D+00
 -0.1639114D+02  0.3858387D+02 -0.3099484D+01  0.0000000D+00
 -0.2038677D+02  0.5218495D+02 -0.3548689D+01  0.0000000D+00
 -0.7767503D-01  0.5331717D-01 -0.7055944D-02  0.0000000D+00
  0.1044187D+01 -0.4997904D+00  0.8044632D-02  0.0000000D+00
 -0.2261270D+01  0.6824550D+00 -0.8145457D-02  0.0000000D+00
  0.2870800D+01 -0.1155998D+01  0.4194444D-01  0.0000000D+00
  0.1112512D+01  0.4773096D-03 -0.1441589D+00  0.0000000D+00
  0.1280217D+01 -0.2193210D+01  0.7120138D+00  0.0000000D+00
  0.1517557D+02  0.7850646D+01  0.2079223D+00  0.0000000D+00
  0.5056221D+01  0.1443718D+02  0.1920832D+01  0.0000000D+00
  0.7418891D+01  0.3121351D+01  0.1345397D+01  0.0000000D+00
 -0.2582846D+02  0.9429669D+01  0.3742414D+01  0.0000000D+00
 -0.2600077D+02  0.1901257D+01  0.3088747D+01  0.0000000D+00
 -0.9168902D+00  0.7032604D+01  0.5694859D+00  0.0000000D+00
  0.1849535D+02  0.1085109D+02 -0.1376358D+01  0.0000000D+00
  0.2681787D+02  0.1249298D+02 -0.2210713D+01  0.0000000D+00
  0.1761810D+00  0.7673712D-01 -0.1607769D-01  0.0000000D+00
 -0.8569514D+00 -0.1087876D+00  0.4853305D-01  0.0000000D+00
  0.1538021D+01  0.3145347D+00 -0.7806651D-01  0.0000000D+00
  0.2110346D+01 -0.3864331D+00  0.8557063D-01  0.0000000D+00
 -0.2917801D+01 -0.1078892D+01 -0.2767816D+00  0.0000000D+00
  0.2319476D+01  0.3138620D+01 -0.6448255D-01  0.0000000D+00
  0.2571839D+00 -0.2625632D+01 -0.3561612D+00  0.0000000D+00
  0.1073139D+02 -0.1507531D+02  0.6006640D+00  0.0000000D+00
 -0.1782956D+01  0.9849687D+01  0.3244688D+01  0.0000000D+00
 -0.1389530D+02  0.2358732D-01 -0.2838806D+00  0.0000000D+00
  0.1031111D+01 -0.4351230D+02  0.2495796D+01  0.0000000D+00
  0.1756534D+02 -0.2253251D+02  0.1451593D+01  0.0000000D+00
  0.3051161D+02 -0.6111307D+01  0.6283700D+00  0.0000000D+00
  0.3605729D+02  0.9229293D+00  0.2759191D+00  0.0000000D+00
  0.4087092D+00 -0.2126687D-01  0.1381942D-01  0.0000000D+00
 -0.2535954D+01  0.4176321D+00 -0.5661100D-01  0.0000000D+00
  0.4005878D+01 -0.6614396D+00  0.8456941D-01  0.0000000D+00
 -0.7385236D+01  0.6842929D+00 -0.5428357D-01  0.0000000D+00
  0.2233560D+01  0.9663594D+00  0.1540012D+00  0.0000000D+00
  0.3947233D+01 -0.6722622D-01 -0.7497060D+00  0.0000000D+00
  0.9093309D+01 -0.8688528D+01 -0.2351551D+00  0.0000000D+00
  0.9337669D+01  0.5838592D+01 -0.4355433D+01  0.0000000D+00
  0.1650604D+02  0.2582585D+01 -0.5005279D+00  0.0000000D+00
  0.1928483D+02 -0.1365723D+02 -0.2985517D+01  0.0000000D+00
 -0.3495518D+01  0.2131740D+02 -0.5541315D+01  0.0000000D+00
 -0.7132183D+01  0.1458170D+00 -0.3412410D+01  0.0000000D+00
 -0.9895046D+01 -0.1621416D+02 -0.1787128D+01  0.0000000D+00
 -0.1108124D+02 -0.2322879D+02 -0.1089630D+01  0.0000000D+00
  0.1328093D+00 -0.5426684D-01 -0.1455971D-02  0.0000000D+00
 -0.2795624D+00  0.1543941D+00 -0.2170345D-01  0.0000000D+00
 -0.1302848D-01 -0.1940269D+00  0.4727945D-01  0.0000000D+00
 -0.4706996D+01  0.7976290D+00 -0.1110793D-01  0.0000000D+00
  0.2447584D+01  0.3414242D+00  0.4633340D-01  0.0000000D+00
 -0.3085580D+00 -0.2367880D-01  0.7395731D-01  0.0000000D+00
  0.1213571D+01 -0.5886980D+01 -0.4556270D+00  0.0000000D+00
  0.6621578D+00 -0.1425418D+02  0.1317129D+00  0.0000000D+00
  0.7804326D+01 -0.1058182D+02 -0.7281133D+00  0.0000000D+00
 -0.4845623D+01 -0.1275148D+01  0.9989303D+00  0.0000000D+00
 -0.3927130D-01 -0.3786831D+01 -0.3179758D+01  0.0000000D+00
  0.3676938D+01 -0.8967286D+01 -0.8841857D+00  0.0000000D+00
  0.6542784D+01 -0.1292146D+02  0.8870684D+00  0.0000000D+00
  0.7771770D+01 -0.1461845D+02  0.1646608D+01  0.0000000D+00
  0.4750806D-01 -0.1557137D-01 -0.9909026D-02  0.0000000D+00
  0.1612515D+01 -0.4700101D-01  0.7325934D-01  0.0000000D+00
 -0.1649091D+01  0.1216117D+00 -0.1304335D+00  0.0000000D+00
  0.3156116D+01  0.5716848D-02  0.1404846D+00  0.0000000D+00
  0.2542882D+01 -0.1156833D+01 -0.3787329D+00  0.0000000D+00
 -0.4040818D+01  0.2649006D+01  0.6660370D+00  0.0000000D+00
 -0.3246052D+01 -0.3334251D+01 -0.1525214D+00  0.0000000D+00
 -0.1129991D+02 -0.4319001D+01  0.1747746D+01  0.0000000D+00
 -0.3800363D+01  0.5739456D+01 -0.1985979D+01  0.0000000D+00
  0.2307816D+02 -0.3326083D+01 -0.1361915D+01  0.0000000D+00
 -0.3697435D+01  0.6961317D+01  0.1721180D+01  0.0000000D+00
 -0.8748107D+01  0.1465735D+02  0.9459628D+00  0.0000000D+00
 -0.1267352D+02  0.2058165D+02  0.3644574D+00  0.0000000D+00
 -0.1435599D+02  0.2312256D+02  0.1145774D+00  0.0000000D+00
 -0.2547771D+00 -0.4651678D-01 -0.6950793D-03  0.0000000D+00
  0.1432136D+01  0.3514402D-01  0.7537886D-02  0.0000000D+00
 -0.1565550D+01 -0.3555047D+00 -0.1647923D-01  0.0000000D+00
  0.3673450D+01  0.3957044D+00  0.5806929D-01  0.0000000D+00
 -0.1267687D+01 -0.2135999D+01 -0.1655070D+00  0.0000000D+00
 -0.1022457D+01  0.3376742D+01  0.3487953D+00  0.0000000D+00
  0.2935550D+01 -0.8541087D+01 -0.6420934D+00  0.0000000D+00
 -0.4750955D+01  0.1273381D+02 -0.2421221D+01  0.0000000D+00
  0.3756280D+01 -0.1341193D+02 -0.2156580D+01  0.0000000D+00
  0.9984055D+00 -0.1754492D+01 -0.6623821D-01  0.0000000D+00
 -0.7800472D+01  0.1620793D+01 -0.3070122D+01  0.0000000D+00
 -0.6008247D+01  0.1432080D+02  0.1292019D+00  0.0000000D+00
 -0.4581872D+01  0.2409371D+02  0.2607408D+01  0.0000000D+00
 -0.3971604D+01  0.2828537D+02  0.3669801D+01  0.0000000D+00
  0.6167396D+01 -0.2656356D+00 -0.1926788D+01  0.0000000D+00
 -0.6250027D+01  0.2902300D+01  0.1276191D+01  0.0000000D+00
  0.2987254D+01 -0.4173123D+01 -0.1240305D+01  0.0000000D+00
 -0.1498247D+02  0.2228790D+01  0.6192764D+00  0.0000000D+00
  0.3962081D+01 -0.2850804D+01  0.2380551D+01  0.0000000D+00
  0.5068717D+01  0.8179044D+01 -0.2132985D+01  0.0000000D+00
  0.3660855D+01 -0.6630809D+00  0.1132432D+01  0.0000000D+00
 -0.1128766D+02  0.9832337D+01  0.5942998D+00  0.0000000D+00
 -0.8012538D+00 -0.2169697D+02  0.2827179D+01  0.0000000D+00
 -0.1194313D+02 -0.1291829D+02  0.1552948D+01  0.0000000D+00
  0.4034069D+01  0.6729937D+01  0.3599554D+01  0.0000000D+00
  0.7428704D+01 -0.1413714D+01  0.1643698D+01  0.0000000D+00
  0.9972330D+01 -0.7438934D+01  0.1087816D+00  0.0000000D+00
  0.1106553D+02 -0.1003081D+02 -0.5485987D+00  0.0000000D+00
  0.7253931D+01  0.4971022D-02 -0.2568592D+01  0.0000000D+00
 -0.4244881D+01  0.2619784D+01  0.1691691D+01  0.0000000D+00
 -0.3594312D+00 -0.3935004D+01 -0.1831132D+01  0.0000000D+00
 -0.1149420D+02  0.1844935D+01  0.2804026D+01  0.0000000D+00
  0.1880791D+01  0.4423414D+00  0.1311639D+01  0.0000000D+00
  0.3573915D+01  0.6992127D+00 -0.2346506D+00  0.0000000D+00
  0.8474426D+00 -0.6404112D+01  0.8889920D+00  0.0000000D+00
  0.7878364D+01 -0.1312359D+02  0.8214849D+00  0.0000000D+00
  0.1322423D+02  0.1730241D+02  0.1452650D+01  0.0000000D+00
  0.1297351D+02  0.1724910D+02  0.1613915D+01  0.0000000D+00
  0.1576727D+02 -0.1664863D+02 -0.5010185D+00  0.0000000D+00
  0.7532726D+01 -0.6407497D+01  0.6486462D-01  0.0000000D+00
  0.9937272D+00  0.1510232D+01  0.5370466D+00  0.0000000D+00
 -0.1804460D+01  0.4904931D+01  0.7383932D+00  0.0000000D+00
 -0.9390714D-01  0.2765746D+01  0.7214449D+00  0.0000000D+00
 -0.6890940D+01  0.8422511D+00 -0.4227293D+00  0.0000000D+00
  0.5592422D+01 -0.4755369D+00  0.1300632D-01  0.0000000D+00
 -0.1103141D+02 -0.4323117D+01 -0.1835244D+01  0.0000000D+00
  0.4149270D+01  0.1647321D+02  0.1285913D+01  0.0000000D+00
 -0.8116480D+00 -0.1423229D+02 -0.1242223D+01  0.0000000D+00
  0.1417359D+01  0.1007429D+02  0.4205849D-01  0.0000000D+00
 -0.7373534D+01 -0.6900661D+01  0.2036222D+01  0.0000000D+00
  0.6473159D+01  0.8413582D+01 -0.2085687D+01  0.0000000D+00
  0.2177772D+01  0.1582788D+02  0.3095561D+00  0.0000000D+00
  0.2871987D+01  0.4574749D+01 -0.1741911D+01  0.0000000D+00
  0.6854620D+00 -0.4958382D+01 -0.2791068D+01  0.0000000D+00
 -0.1148491D+01 -0.1249147D+02 -0.3580318D+01  0.0000000D+00
 -0.1930271D+01 -0.1571620D+02 -0.3919414D+01  0.0000000D+00
  0.2351254D+00  0.3276906D-01  0.6102823D-02  0.0000000D+00
  0.5681546D+00 -0.4855863D-01 -0.1675619D-01  0.0000000D+00
  0.2313733D+00  0.7615102D-01  0.2903895D-01  0.0000000D+00
 -0.2175364D+01  0.1838785D+00 -0.2695011D-01  0.0000000D+00
  0.2733545D+01 -0.1834880D+01  0.1344999D-01  0.0000000D+00
 -0.4034524D+01  0.3050483D+01  0.1302370D+00  0.0000000D+00
  0.2113463D+01 -0.2800253D+01 -0.4565176D+00  0.0000000D+00
  0.9697476D+01  0.4865774D+01 -0.4191996D+00  0.0000000D+00
  0.3303789D+01 -0.1887522D+02 -0.1858957D+01  0.0000000D+00
 -0.3329398D+01 -0.7930273D+01  0.2582429D+00  0.0000000D+00
 -0.1664530D+01 -0.3914379D+01  0.4617850D+00  0.0000000D+00
  0.4335995D+01 -0.8106093D+01 -0.2119359D+01  0.0000000D+00
  0.8882573D+01 -0.1109488D+02 -0.4117501D+01  0.0000000D+00
  0.1083488D+02 -0.1238432D+02 -0.4974136D+01  0.0000000D+00
 -0.4046540D-01 -0.1069706D+00  0.3662095D-02  0.0000000D+00
  0.8942218D+00  0.5033329D+00 -0.8869051D-03  0.0000000D+00
 -0.1689912D+01 -0.8901985D+00 -0.1312137D-01  0.0000000D+00
  0.6630534D+00  0.1739909D+01  0.5529653D-02  0.0000000D+00
 -0.1300825D+01 -0.2279928D+01  0.5974660D-01  0.0000000D+00
  0.2583050D+01  0.3441048D+01 -0.3832042D+00  0.0000000D+00
 -0.6290857D+01 -0.7538175D+01  0.3265993D+00  0.0000000D+00
 -0.1649690D+02  0.8714213D+00 -0.5192205D+00  0.0000000D+00
 -0.1391854D+02 -0.2181375D+02  0.1397236D+00  0.0000000D+00
 -0.5353737D+01 -0.1312480D+02 -0.9701402D+00  0.0000000D+00
  0.1315959D+02 -0.1138492D+02 -0.8554197D+00  0.0000000D+00
 -0.3756995D+01 -0.8740236D+01 -0.4990287D+00  0.0000000D+00
 -0.1708753D+02 -0.6326975D+01 -0.2054328D+00  0.0000000D+00
 -0.2279508D+02 -0.5303951D+01 -0.8012335D-01  0.0000000D+00
 -0.3921609D+00 -0.3568344D-01 -0.4236920D-02  0.0000000D+00
 -0.1191323D+01 -0.9514893D-01  0.5068497D-01  0.0000000D+00
  0.2025651D+01  0.2651319D+00 -0.1019691D+00  0.0000000D+00
 -0.1661614D+01 -0.9180467D+00  0.1082695D+00  0.0000000D+00
  0.4096989D+01  0.1888100D+01 -0.1811887D+00  0.0000000D+00
  0.7553405D+00 -0.2310284D+01  0.3521174D+00  0.0000000D+00
  0.6189698D+01  0.7088082D+00 -0.1332278D+01  0.0000000D+00
  0.1262991D+02 -0.1060142D+01 -0.9576039D+00  0.0000000D+00
  0.8323876D+01 -0.6910259D+00  0.8607154D+00  0.0000000D+00
 -0.4407100D+01  0.1109435D+02 -0.1034213D+01  0.0000000D+00
 -0.2826477D+01 -0.7070994D+01 -0.1102487D+01  0.0000000D+00
  0.6929162D+00 -0.7014567D+01 -0.9094446D+00  0.0000000D+00
  0.3450072D+01 -0.7087393D+01 -0.7646059D+00  0.0000000D+00
  0.4631093D+01 -0.7114978D+01 -0.7023656D+00  0.0000000D+00
 -0.4170042D+00  0.1843340D-02 -0.1983434D-01  0.0000000D+00
  0.9873495D+00 -0.1295263D+00  0.2121992D-01  0.0000000D+00
 -0.1040329D+01  0.2235673D+00 -0.3434540D-01  0.0000000D+00
  0.3972941D+01 -0.2620370D+00  0.7930373D-01  0.0000000D+00
 -0.2513575D+01  0.3434033D+00 -0.1858000D+00  0.0000000D+00
 -0.9984478D+00  0.1604381D+00  0.3533788D+00  0.0000000D+00
 -0.1933290D+01  0.3248425D+01 -0.1183886D+01  0.0000000D+00
 -0.7120144D+01 -0.2083453D+00  0.1554710D+01  0.0000000D+00
 -0.1219430D+01  0.4091775D+01 -0.8902126D+00  0.0000000D+00
  0.7268204D+01  0.8477980D+01  0.2534394D+01  0.0000000D+00
  0.2506311D+01 -0.4834277D+01 -0.1346827D+01  0.0000000D+00
 -0.1089260D+01  0.9767363D+01  0.3980008D+00  0.0000000D+00
 -0.4035451D+01  0.2115982D+02  0.1740475D+01  0.0000000D+00
 -0.5293406D+01  0.2604109D+02  0.2316266D+01  0.0000000D+00
  0.7990709D+00 -0.2479161D-01  0.4366116D-02  0.0000000D+00
 -0.4231863D+00  0.3209833D+00 -0.8604569D-02  0.0000000D+00
  0.3778157D+00 -0.6409413D+00  0.1948221D-02  0.0000000D+00
 -0.1289545D+01  0.1122582D+01 -0.2481572D-01  0.0000000D+00
 -0.2913703D+00 -0.1395317D+01  0.1340479D+00  0.0000000D+00
  0.3279215D+01  0.2614495D+01 -0.1732426D+00  0.0000000D+00
  0.4098783D+01  0.1110545D+00  0.3664921D+00  0.0000000D+00
 -0.6451515D+01  0.2390229D+01  0.2699525D+00  0.0000000D+00
 -0.5378397D+01 -0.6525981D+01 -0.2117177D+00  0.0000000D+00
 -0.1001871D+02  0.3033636D+00 -0.1444109D+01  0.0000000D+00
 -0.9973890D+01 -0.5111921D+01  0.3395586D+01  0.0000000D+00
 -0.1589764D+02 -0.3878373D+01  0.1352033D+01  0.0000000D+00
 -0.2052748D+02 -0.2809008D+01 -0.2008551D+00  0.0000000D+00
 -0.2251096D+02 -0.2354187D+01 -0.8675084D+00  0.0000000D+00
  0.5575094D+00  0.8448591D-01 -0.8895874D-02  0.0000000D+00
 -0.1414994D+01 -0.1537198D+00  0.4387935D-01  0.0000000D+00
  0.1130893D+01  0.2526823D+00 -0.7735711D-01  0.0000000D+00
 -0.2105361D+01 -0.6231912D+00  0.1452002D+00  0.0000000D+00
 -0.1667400D+01  0.5998664D+00 -0.2916732D+00  0.0000000D+00
 -0.5218224D+01 -0.2063871D+01  0.4791957D+00  0.0000000D+00
  0.4467199D+01  0.5455533D+01 -0.5873344D+00  0.0000000D+00
  0.8458801D+01  0.7887365D+01 -0.3773341D+00  0.0000000D+00
 -0.3276194D+01  0.6840401D+01 -0.2159940D+01  0.0000000D+00
 -0.1154881D+02  0.4234412D+00 -0.9152895D+00  0.0000000D+00
 -0.1093539D+00 -0.1842196D+01 -0.2335977D-01  0.0000000D+00
 -0.3603982D+01  0.5391770D+01  0.7409630D+00  0.0000000D+00
 -0.6418735D+01  0.1099757D+02  0.1341371D+01  0.0000000D+00
 -0.7621975D+01  0.1340069D+02  0.1598505D+01  0.0000000D+00
 -0.5046500D+00  0.4439578D+01  0.4663591D+00  0.0000000D+00
  0.5228174D+01 -0.2979034D+01  0.9203808D+00  0.0000000D+00
  0.3637974D+01  0.1275277D+00 -0.2394458D+01  0.0000000D+00
  0.1486937D+02 -0.6452536D+01  0.4740106D+01  0.0000000D+00
  0.3541578D+01  0.7724855D+01 -0.6301400D+00  0.0000000D+00
 -0.1185360D+02  0.1703998D+00  0.6936558D+00  0.0000000D+00
 -0.2857356D+00  0.6546498D+01 -0.3374846D+00  0.0000000D+00
 -0.7938826D+01 -0.2901084D+01  0.4093647D+00  0.0000000D+00
 -0.5094653D+01  0.5363361D+01 -0.8480706D+00  0.0000000D+00
  0.2858937D+01 -0.7062535D+00 -0.9030465D+00  0.0000000D+00
 -0.4636419D+01  0.2593442D+02 -0.1398082D+01  0.0000000D+00
 -0.3582971D+00  0.1194318D+02 -0.2685096D+00  0.0000000D+00
  0.3030839D+01  0.9907212D+00  0.5968613D+00  0.0000000D+00
  0.4481350D+01 -0.3700866D+01  0.9681436D+00  0.0000000D+00
  0.3629432D+00  0.5980614D+01  0.5372143D+00  0.0000000D+00
  0.1781946D+01 -0.4725516D+01  0.1103072D+01  0.0000000D+00
  0.6825888D+01 -0.2133264D+01 -0.2486638D+01  0.0000000D+00
  0.5981986D+01  0.2390145D+01  0.5629847D+01  0.0000000D+00
  0.8445384D+01  0.4037484D+01  0.5093601D-01  0.0000000D+00
 -0.7809292D+00 -0.1614127D+01  0.1566839D+00  0.0000000D+00
  0.8732405D+01 -0.9834639D+01  0.1252126D+01  0.0000000D+00
  0.1106504D+02 -0.1258758D+02  0.2776053D+00  0.0000000D+00
  0.9202186D+01 -0.9530114D+01  0.1401905D+01  0.0000000D+00
  0.3052672D+00 -0.2393628D+02 -0.2494673D+01  0.0000000D+00
  0.8596794D+01  0.2326958D+01  0.2094854D+01  0.0000000D+00
  0.7331000D+01 -0.5138939D+01  0.2315271D+01  0.0000000D+00
  0.6224284D+01 -0.1102255D+02  0.2478854D+01  0.0000000D+00
  0.5753829D+01 -0.1354159D+02  0.2549222D+01  0.0000000D+00
 -0.7432449D+00  0.8280623D+00 -0.3681887D+00  0.0000000D+00
  0.4153615D+01 -0.2212728D+01  0.4631611D+00  0.0000000D+00
 -0.1283257D+01  0.2343600D+01 -0.6929854D+00  0.0000000D+00
  0.3887524D+01  0.5558183D+00  0.8654618D+00  0.0000000D+00
 -0.8474712D+01 -0.1344268D+01  0.5174710D+00  0.0000000D+00
  0.1089413D+01  0.3845105D+01  0.8465859D-01  0.0000000D+00
 -0.2293186D+01  0.7510279D+00  0.1494324D+01  0.0000000D+00
  0.6631295D+01 -0.1495417D+01 -0.3146520D+00  0.0000000D+00
 -0.6411978D+01 -0.9322061D+01  0.4257405D+01  0.0000000D+00
  0.1082441D+02 -0.1710516D+02 -0.1003276D+01  0.0000000D+00
 -0.5922486D+01  0.2618441D+02  0.3811145D+01  0.0000000D+00
  0.5504398D+01 -0.2026106D-01  0.3063852D+01  0.0000000D+00
  0.1454386D+02 -0.2046581D+02  0.2454911D+01  0.0000000D+00
  0.1841306D+02 -0.2922597D+02  0.2194824D+01  0.0000000D+00
 -0.1753912D+00  0.6596870D-01 -0.5271751D-02  0.0000000D+00
  0.9200489D-01 -0.2961295D+00  0.3785689D-01  0.0000000D+00
  0.4379529D+00  0.5281792D+00 -0.6462310D-01  0.0000000D+00
 -0.1827556D+01 -0.3936129D+00  0.7818511D-01  0.0000000D+00
 -0.3039010D+00  0.1411715D+01  0.5002832D-01  0.0000000D+00
  0.7255561D+01 -0.3192699D+01  0.9422082D-02  0.0000000D+00
  0.4223201D+01  0.8220931D+01 -0.3026251D+00  0.0000000D+00
 -0.6541740D+01  0.1161153D+02  0.7075345D+00  0.0000000D+00
  0.6815930D+01  0.4315292D+01 -0.1366384D+01  0.0000000D+00
 -0.1349316D+02 -0.3197663D+01  0.1674428D+01  0.0000000D+00
  0.1369730D+01 -0.3201060D+02 -0.2832770D+00  0.0000000D+00
 -0.1150787D+02 -0.1236494D+02  0.2066232D+01  0.0000000D+00
 -0.2148236D+02  0.2931326D+01  0.3910305D+01  0.0000000D+00
 -0.2575836D+02  0.9486219D+01  0.4700083D+01  0.0000000D+00
  0.4053598D+00  0.1174250D-01 -0.4973587D-03  0.0000000D+00
 -0.1571584D+01 -0.1325629D+00  0.9663760D-02  0.0000000D+00
  0.3515153D+01  0.2190338D+00 -0.4738292D-01  0.0000000D+00
 -0.3140090D+01  0.7657813D-01  0.3287566D-01  0.0000000D+00
 -0.2461071D+01 -0.2717460D+00  0.6441683D-01  0.0000000D+00
 -0.2121413D+01  0.1997409D+01  0.3347141D+00  0.0000000D+00
 -0.1000274D+02  0.7238441D+01  0.9319393D-01  0.0000000D+00
 -0.8744231D+00  0.7198921D+01  0.1839177D+01  0.0000000D+00
 -0.1312876D+01  0.1177817D+02 -0.7650137D+00  0.0000000D+00
 -0.3457142D+01 -0.7172326D+01  0.3810835D+00  0.0000000D+00
  0.3236583D+01  0.2450284D+02  0.2827510D+00  0.0000000D+00
  0.2887658D+00  0.1437220D+02  0.3345405D+00  0.0000000D+00
 -0.2030700D+01  0.6548597D+01  0.3617707D+00  0.0000000D+00
 -0.3023900D+01  0.3193975D+01  0.3738511D+00  0.0000000D+00
 -0.2459387D+00 -0.2982139D-02  0.1057955D-01  0.0000000D+00
 -0.5205308D+00 -0.3750490D-01 -0.3436639D-01  0.0000000D+00
  0.8629226D+00  0.1663059D+00  0.5348319D-01  0.0000000D+00
 -0.4244891D+01 -0.7367686D+00 -0.4837723D-01  0.0000000D+00
  0.6703063D+01  0.2956430D+00 -0.1495813D-01  0.0000000D+00
 -0.8177386D+01  0.3216609D+00 -0.4533893D-01  0.0000000D+00
 -0.1335878D+02  0.1192289D+01 -0.5314948D+00  0.0000000D+00
 -0.1447627D+02  0.2695526D+01 -0.8936158D+00  0.0000000D+00
 -0.3475582D+01  0.1040903D+02  0.5184412D+00  0.0000000D+00
 -0.4684404D+01  0.1646578D+02  0.5718295D+00  0.0000000D+00
 -0.5682754D+01 -0.2234057D+02 -0.6380900D+00  0.0000000D+00
 -0.1318176D+02 -0.1864129D+01 -0.1273780D+00  0.0000000D+00
 -0.1906985D+02  0.1398117D+02  0.2728591D+00  0.0000000D+00
 -0.2159156D+02  0.2077439D+02  0.4442924D+00  0.0000000D+00
 -0.4389883D+00 -0.3212329D-01 -0.9370846D-02  0.0000000D+00
 -0.5169487D+00  0.8888271D-01  0.1861204D-01  0.0000000D+00
 -0.8858626D+00 -0.2273064D+00 -0.1807497D-01  0.0000000D+00
 -0.8502141D+00  0.3493497D+00  0.3708552D-01  0.0000000D+00
  0.2399140D+01 -0.7337802D-01 -0.5589484D-01  0.0000000D+00
 -0.3155240D+01 -0.1003705D+01 -0.1039857D+00  0.0000000D+00
  0.3580993D+01 -0.1459064D+01 -0.2580621D+00  0.0000000D+00
  0.3022649D+01 -0.2805560D+01  0.1131165D+00  0.0000000D+00
  0.1112836D+02  0.4164611D+01 -0.2659307D+00  0.0000000D+00
 -0.6835981D+01 -0.2006486D+00  0.1931570D+00  0.0000000D+00
  0.1323844D+02 -0.1200696D+02 -0.9670465D+00  0.0000000D+00
 -0.3696725D+01 -0.5183042D+01 -0.5686247D+00  0.0000000D+00
 -0.1686910D+02  0.1017199D+00 -0.2502106D+00  0.0000000D+00
 -0.2251429D+02  0.2367283D+01 -0.1140211D+00  0.0000000D+00
  0.5925748D+00 -0.5849298D-01 -0.1233855D-01  0.0000000D+00
  0.8419581D+00  0.1970343D+00  0.5479240D-01  0.0000000D+00
 -0.1681434D+01 -0.4645078D+00 -0.1228594D+00  0.0000000D+00
  0.5399125D+01  0.1214264D+01  0.1532409D+00  0.0000000D+00
 -0.5340475D+01 -0.1552002D+01 -0.2859301D+00  0.0000000D+00
 -0.1354237D+01  0.2667501D+01  0.5458491D+00  0.0000000D+00
 -0.3134155D+00  0.4097490D+00 -0.3640371D+00  0.0000000D+00
  0.2776018D+01 -0.1474914D+00  0.1345334D+01  0.0000000D+00
 -0.7576054D+01  0.2467820D+01 -0.2211150D+01  0.0000000D+00
 -0.5174662D+00 -0.4042204D+01 -0.3087486D-01  0.0000000D+00
 -0.8608917D+01 -0.1998399D+01 -0.6126658D+00  0.0000000D+00
 -0.1728568D+01  0.2186045D+01 -0.1044531D+01  0.0000000D+00
  0.3546659D+01  0.5493603D+01 -0.1347176D+01  0.0000000D+00
  0.5809818D+01  0.6909451D+01 -0.1477929D+01  0.0000000D+00
  0.3358186D+00  0.5611231D-01  0.3782416D-04  0.0000000D+00
  0.5307450D+00  0.5145263D-01 -0.1274693D-01  0.0000000D+00
 -0.6414320D+00  0.1088331D+00  0.3863348D-01  0.0000000D+00
  0.3622186D+01 -0.4327309D+00 -0.4684075D-01  0.0000000D+00
 -0.1357200D+01  0.1505756D+00  0.1598015D+00  0.0000000D+00
  0.5499594D+01  0.8356860D-01 -0.1129022D+00  0.0000000D+00
  0.2358821D+01 -0.1234498D+01  0.6261245D+00  0.0000000D+00
  0.9672611D+00 -0.1173581D+02 -0.4896969D+00  0.0000000D+00
 -0.1036988D+01 -0.1691241D+01 -0.5046417D+00  0.0000000D+00
 -0.7553392D+00 -0.2258487D+01 -0.1238361D+01  0.0000000D+00
  0.1507757D+02 -0.1437782D+02 -0.4582922D+00  0.0000000D+00
  0.3831397D+01 -0.1083246D+02 -0.9705552D+00  0.0000000D+00
 -0.4911942D+01 -0.8017560D+01 -0.1386793D+01  0.0000000D+00
 -0.8659131D+01 -0.6813017D+01 -0.1564616D+01  0.0000000D+00
