  2  2   693  6336  4  4  9 11  7  1    0.00   24.00  228.50  589.30    0.00    6.28   45.00   45.00
  200.0  200.0  200.0  200.0  250.0  300.0  350.0  400.0  450.0  500.0  550.0  600.0  600.0  600.0  600.0
  0.8761727E+03  0.1449532E+03 -0.1028075E+02  0.0000000E+00
  0.9322312E+03  0.1906585E+03  0.3864280E+01  0.0000000E+00
  0.9260050E+03  0.2076855E+03 -0.2176771E+01  0.0000000E+00
  0.9717421E+03  0.2485941E+03  0.2079171E+01  0.0000000E+00
  0.1023977E+04  0.1968183E+03 -0.3118200E+01  0.0000000E+00
  0.1065170E+04  0.2058297E+03  0.4703008E+01  0.0000000E+00
  0.1081058E+04  0.1017062E+03 -0.4270718E+01  0.0000000E+00
  0.1140070E+04  0.1045808E+03  0.7904944E+01  0.0000000E+00
  0.1087349E+04  0.2251520E+02 -0.9888342E+01  0.0000000E+00
  0.1052198E+04 -0.3223650E+02 -0.2176165E+02  0.0000000E+00
  0.1034623E+04 -0.5960788E+02 -0.2769710E+02  0.0000000E+00
 -0.3904444E+03 -0.4800096E+02  0.1408746E+02  0.0000000E+00
 -0.3440019E+03 -0.1381673E+03  0.7216786E+01  0.0000000E+00
 -0.2816803E+03 -0.3660756E+02  0.3629313E+01  0.0000000E+00
 -0.1850377E+03 -0.6652187E+01 -0.2663718E+01  0.0000000E+00
 -0.1659962E+03  0.3211754E+02  0.6017483E+01  0.0000000E+00
 -0.1713890E+03 -0.1137732E+02 -0.1750099E+01  0.0000000E+00
 -0.2232984E+03  0.7964453E+02  0.1545236E+02  0.0000000E+00
 -0.1905551E+03  0.1350849E+02 -0.1148954E+02  0.0000000E+00
  0.3197230E+02 -0.2725874E+02  0.3115762E+02  0.0000000E+00
  0.1803523E+03 -0.5442027E+02  0.5961061E+02  0.0000000E+00
  0.2545393E+03 -0.6800284E+02  0.7383477E+02  0.0000000E+00
 -0.1313064E+02 -0.1771105E+03  0.5957942E+01  0.0000000E+00
 -0.1142163E+03 -0.6033294E+02 -0.2578449E+01  0.0000000E+00
 -0.4843251E+02 -0.9309914E+02  0.2588991E+01  0.0000000E+00
 -0.6221830E+02 -0.4058458E+02  0.1190153E+01  0.0000000E+00
 -0.3991918E+02 -0.8162277E+02  0.6419014E+01  0.0000000E+00
 -0.8585672E+02 -0.1917928E+02  0.1071710E+02  0.0000000E+00
 -0.8582673E+02 -0.4854069E+02  0.6027783E+01  0.0000000E+00
 -0.2168595E+03  0.2126707E+02 -0.1101765E+02  0.0000000E+00
 -0.9342422E+02 -0.2094004E+02 -0.2425645E+01  0.0000000E+00
 -0.1107665E+02 -0.4911890E+02  0.3304119E+01  0.0000000E+00
  0.3009093E+02 -0.6320392E+02  0.6168811E+01  0.0000000E+00
 -0.4559373E+02 -0.2416517E+02  0.6944964E+01  0.0000000E+00
 -0.1046545E+02  0.3233163E+01 -0.2652364E+01  0.0000000E+00
 -0.3647442E+02 -0.1379951E+02  0.3862738E+01  0.0000000E+00
 -0.3302260E+02 -0.4588403E+01  0.1660122E+01  0.0000000E+00
 -0.5004780E+02  0.2061567E+02  0.1460693E+00  0.0000000E+00
 -0.8733705E+02  0.3300665E+02  0.5765833E+00  0.0000000E+00
 -0.4531856E+02 -0.8416197E+01  0.2499554E+01  0.0000000E+00
 -0.9275420E+02  0.6673418E+02  0.1274915E+02  0.0000000E+00
 -0.8259581E+02  0.2510069E+02 -0.2343886E+01  0.0000000E+00
 -0.7584219E+02 -0.2661197E+01 -0.1241690E+02  0.0000000E+00
 -0.7246336E+02 -0.1654147E+02 -0.1745223E+02  0.0000000E+00
 -0.5102506E+02  0.4299991E+02  0.1338511E+01  0.0000000E+00
  0.1295082E+02 -0.1370891E+02  0.7310274E+00  0.0000000E+00
 -0.2345617E+02  0.2577011E+02 -0.1005416E+01  0.0000000E+00
 -0.9546171E+01  0.2078831E+02 -0.2741963E+01  0.0000000E+00
 -0.1872226E+02  0.3680189E+02 -0.1896364E+01  0.0000000E+00
  0.2198010E+02 -0.9244322E+01 -0.2346966E+01  0.0000000E+00
 -0.7379299E+01  0.3758431E+01  0.9054616E+00  0.0000000E+00
  0.1277206E+03 -0.4113724E+02  0.1234904E+02  0.0000000E+00
  0.5949245E+02 -0.2836889E+02  0.2686532E+01  0.0000000E+00
  0.1400624E+02 -0.1988720E+02 -0.3745638E+01  0.0000000E+00
 -0.8736787E+01 -0.1564305E+02 -0.6962751E+01  0.0000000E+00
  0.4043180E+02 -0.7405331E+02  0.1165257E+02  0.0000000E+00
 -0.1864350E+02  0.2866178E+02 -0.4432180E+01  0.0000000E+00
  0.4982295E+02 -0.3076327E+02  0.5472552E+01  0.0000000E+00
  0.6267562E+02 -0.6692311E+01  0.1151045E+01  0.0000000E+00
  0.6191951E+02 -0.2029149E+02 -0.2308442E+01  0.0000000E+00
  0.8451685E+02 -0.2050911E+01 -0.8577669E+00  0.0000000E+00
  0.2871734E+02 -0.3190213E+02  0.3203514E+01  0.0000000E+00
  0.4551374E+02 -0.5419152E+01 -0.6254289E+01  0.0000000E+00
  0.1383102E+02 -0.1282190E+02 -0.4352941E+01  0.0000000E+00
 -0.7313370E+01 -0.1777924E+02 -0.3081605E+01  0.0000000E+00
 -0.1788313E+02 -0.2025552E+02 -0.2446344E+01  0.0000000E+00
  0.2745350E+02  0.1020967E+02 -0.6330535E+01  0.0000000E+00
  0.2876045E+02  0.4232563E+00  0.3712705E+00  0.0000000E+00
  0.2065291E+02 -0.1236387E+01 -0.8268656E+00  0.0000000E+00
  0.1181845E+02 -0.8538607E+01  0.2022175E+01  0.0000000E+00
 -0.5992026E+01  0.3657631E+01 -0.2770343E+01  0.0000000E+00
 -0.4612343E+01  0.8022064E+01  0.3037257E+01  0.0000000E+00
  0.3351763E+02  0.3248841E+01 -0.3695010E+01  0.0000000E+00
 -0.4454018E+02  0.1850164E+02  0.2276328E+01  0.0000000E+00
 -0.3106332E+02  0.4817558E+01 -0.4900297E+01  0.0000000E+00
 -0.2208936E+02 -0.4290141E+01 -0.9700151E+01  0.0000000E+00
 -0.1760122E+02 -0.8845616E+01 -0.1209841E+02  0.0000000E+00
 -0.1775540E+02 -0.1626634E+02  0.4730498E+01  0.0000000E+00
 -0.2590021E+01  0.6111408E+01 -0.2545019E+01  0.0000000E+00
 -0.1283171E+02 -0.3507758E+01  0.2773464E+01  0.0000000E+00
 -0.1120455E+02  0.5497574E+01  0.1663948E+01  0.0000000E+00
 -0.2066304E+02  0.3734417E+01  0.8681345E+00  0.0000000E+00
 -0.3739041E+02  0.3107012E+01  0.1521656E+01  0.0000000E+00
 -0.7353871E+02  0.1398944E+02 -0.9636941E+00  0.0000000E+00
 -0.1758745E+01 -0.1747514E+02  0.3603752E+01  0.0000000E+00
 -0.3704184E+01 -0.5043722E+01  0.8631034E+01  0.0000000E+00
 -0.4983768E+01  0.3242084E+01  0.1198602E+02  0.0000000E+00
 -0.5625441E+01  0.7385183E+01  0.1366314E+02  0.0000000E+00
  0.4580286E+02 -0.5742022E+01 -0.4788381E+00  0.0000000E+00
 -0.5443365E+02  0.4039114E+00  0.1010059E+01  0.0000000E+00
  0.2364429E+02 -0.3578094E+00  0.2990419E+00  0.0000000E+00
  0.1567604E+02  0.2446320E+01  0.7587174E+00  0.0000000E+00
  0.1941258E+02 -0.5826317E+01 -0.8039102E-01  0.0000000E+00
  0.1629206E+01 -0.3038233E+00  0.5069267E-01  0.0000000E+00
 -0.2387100E+02  0.6104188E+01 -0.1072121E+01  0.0000000E+00
 -0.3330004E+02 -0.1080465E+02 -0.5006633E+01  0.0000000E+00
 -0.1660516E+01  0.2904457E+01  0.4638350E+01  0.0000000E+00
  0.1942779E+02  0.1204890E+02  0.1107192E+02  0.0000000E+00
  0.2997245E+02  0.1662058E+02  0.1428832E+02  0.0000000E+00
 -0.4844355E+02  0.5874879E+02 -0.1713456E+02  0.0000000E+00
 -0.5370273E+02 -0.5436588E+02 -0.1029521E+01  0.0000000E+00
 -0.4063695E+02  0.1260407E+02 -0.1408460E+02  0.0000000E+00
 -0.3073836E+02 -0.1158818E+02 -0.1152551E+02  0.0000000E+00
 -0.1487559E+02  0.1240490E+02 -0.2370624E+01  0.0000000E+00
 -0.7814269E+01  0.1023311E+02 -0.5602991E+01  0.0000000E+00
 -0.3587031E+02  0.4590774E+02 -0.1142737E+02  0.0000000E+00
  0.6819313E+02 -0.3393145E+02 -0.1008727E+02  0.0000000E+00
  0.2089748E+02 -0.6770209E+02  0.6050820E+01  0.0000000E+00
 -0.1059988E+02 -0.9018824E+02  0.1680833E+02  0.0000000E+00
 -0.2635214E+02 -0.1014343E+03  0.2218721E+02  0.0000000E+00
  0.4748394E+02  0.5072649E+02 -0.3005850E+02  0.0000000E+00
 -0.5374079E+00 -0.4136205E+02  0.3959796E+01  0.0000000E+00
  0.2835715E+02  0.3390527E+02 -0.1143803E+02  0.0000000E+00
  0.6117625E+01  0.2192162E+02  0.1634512E+01  0.0000000E+00
 -0.3967251E+02 -0.1653797E+02  0.2271545E+01  0.0000000E+00
 -0.4884994E+01 -0.1571901E+02  0.7374557E+01  0.0000000E+00
 -0.3926006E+02 -0.1621079E+02  0.1102136E+02  0.0000000E+00
 -0.4010808E+02  0.1581688E+02  0.4766716E+01  0.0000000E+00
 -0.6281966E+01  0.3954769E+02 -0.2922945E+02  0.0000000E+00
  0.1622153E+02  0.5534353E+02 -0.5189157E+02  0.0000000E+00
  0.2747839E+02  0.6324412E+02 -0.6322285E+02  0.0000000E+00
  0.1767051E+02 -0.1225883E+02 -0.9913631E+01  0.0000000E+00
 -0.2530756E+02 -0.2267705E+01  0.1183444E+02  0.0000000E+00
 -0.3514716E+02  0.9021541E+01 -0.7274496E+01  0.0000000E+00
 -0.6364005E+02  0.2458230E+02 -0.5804987E+01  0.0000000E+00
 -0.1528970E+02  0.1982809E+02  0.4189865E+01  0.0000000E+00
 -0.8482617E+02  0.5037553E+02  0.3353749E+01  0.0000000E+00
 -0.4027264E+01  0.6646510E+01 -0.2574838E+01  0.0000000E+00
 -0.8589011E+02  0.2282401E+02  0.3510900E+01  0.0000000E+00
 -0.4850647E+00 -0.3118198E+01 -0.1463841E+02  0.0000000E+00
  0.5659757E+02 -0.2041126E+02 -0.2674520E+02  0.0000000E+00
  0.8512311E+02 -0.2905799E+02 -0.3279781E+02  0.0000000E+00
  0.1505610E+03  0.2809010E+01 -0.2677578E+02  0.0000000E+00
 -0.6316596E+02 -0.1869374E+01  0.5724181E+01  0.0000000E+00
  0.6469097E+02  0.1225126E+02 -0.1001620E+02  0.0000000E+00
  0.1639188E+02  0.2142967E+02  0.1509191E+01  0.0000000E+00
  0.3323684E+02  0.1835793E+02  0.2200454E+01  0.0000000E+00
  0.1042213E+02  0.1088753E+02  0.3416303E+01  0.0000000E+00
  0.1354154E+03  0.1208680E+02 -0.1058421E+00  0.0000000E+00
  0.6416120E+00  0.4350804E+00  0.1275285E+01  0.0000000E+00
  0.2992432E+02  0.1273945E+02  0.1779637E+02  0.0000000E+00
  0.4946804E+02  0.2095743E+02  0.2880475E+02  0.0000000E+00
  0.5923753E+02  0.2506479E+02  0.3430956E+02  0.0000000E+00
 -0.6760236E+02  0.9091062E+01 -0.1227524E+02  0.0000000E+00
  0.4490053E+02 -0.4220962E+00  0.4661543E+01  0.0000000E+00
 -0.1718862E+02 -0.5197046E+01 -0.4743110E+01  0.0000000E+00
  0.5824424E+01 -0.1340592E+02 -0.9835276E+00  0.0000000E+00
 -0.1908413E+02 -0.2626361E+01 -0.5242780E+01  0.0000000E+00
  0.6019924E+02 -0.5057656E+02  0.3436718E+01  0.0000000E+00
 -0.4021133E+02 -0.6584834E+01 -0.2547627E+01  0.0000000E+00
  0.3380202E+02  0.2041969E+00  0.1349823E+02  0.0000000E+00
 -0.3690176E+02  0.1632745E+02  0.5078180E+00  0.0000000E+00
 -0.8411970E+02  0.2703914E+02 -0.8152576E+01  0.0000000E+00
 -0.1077198E+03  0.3239900E+02 -0.1248276E+02  0.0000000E+00
  0.6312809E+02  0.9003831E+02  0.5834291E+01  0.0000000E+00
 -0.2194171E+02 -0.3116814E+02  0.6314600E+00  0.0000000E+00
  0.3817196E+02  0.3122479E+02  0.1038128E+01  0.0000000E+00
  0.1965913E+02 -0.4595370E+01 -0.1719752E+01  0.0000000E+00
 -0.6034354E+01  0.7263429E+01  0.9568032E+00  0.0000000E+00
  0.2170229E+01 -0.1816401E+02 -0.5003609E+01  0.0000000E+00
 -0.7897877E+02  0.2323910E+02  0.6098608E+01  0.0000000E+00
  0.9050541E+00 -0.1201157E+02 -0.4812221E+01  0.0000000E+00
 -0.1371092E+02 -0.5240904E+01  0.8016022E+01  0.0000000E+00
 -0.2342869E+02 -0.6992457E+00  0.1657733E+02  0.0000000E+00
 -0.2829041E+02  0.1568568E+01  0.2085700E+02  0.0000000E+00
 -0.5701416E+02 -0.1045678E+02 -0.4718058E+01  0.0000000E+00
  0.2143919E+02  0.2713237E+01  0.2806715E+01  0.0000000E+00
 -0.3046688E+02 -0.1455738E+01 -0.1312689E+01  0.0000000E+00
 -0.1330480E+02  0.5274928E+01  0.3458887E+00  0.0000000E+00
 -0.7872481E+00  0.7215416E+01 -0.8234712E+00  0.0000000E+00
  0.2716297E+01  0.2439304E+02  0.2906640E+01  0.0000000E+00
  0.2312405E+02  0.3437173E+02 -0.4062280E+01  0.0000000E+00
  0.1713819E+02 -0.2966508E+02 -0.2673782E+00  0.0000000E+00
  0.4792136E+01 -0.1019848E+02  0.8423077E+01  0.0000000E+00
 -0.3461705E+01  0.2787837E+01  0.1420723E+02  0.0000000E+00
 -0.7586123E+01  0.9280068E+01  0.1710033E+02  0.0000000E+00
  0.2744334E+02  0.1188573E+02 -0.8234202E+00  0.0000000E+00
 -0.5248914E+01 -0.6409892E+01  0.5912892E+00  0.0000000E+00
  0.7781112E+01  0.6326873E+01 -0.6036882E+00  0.0000000E+00
 -0.5445941E+01  0.6251335E+00 -0.5215072E+00  0.0000000E+00
 -0.1235284E+01 -0.6255016E+01  0.3328038E+00  0.0000000E+00
  0.4106773E+01  0.7046562E+01  0.1950617E+01  0.0000000E+00
  0.2315022E+02 -0.2115965E+02 -0.1877358E+01  0.0000000E+00
  0.4777452E+02  0.1420563E+02  0.1843496E+00  0.0000000E+00
  0.1442075E+02  0.8558330E+01 -0.8019259E+01  0.0000000E+00
 -0.7792622E+01  0.4759947E+01 -0.1348720E+02  0.0000000E+00
 -0.1890174E+02  0.2864379E+01 -0.1622129E+02  0.0000000E+00
 -0.2620493E+02  0.2230577E+01  0.8795220E+01  0.0000000E+00
  0.2022726E+02 -0.2752515E+01 -0.4605985E+01  0.0000000E+00
 -0.2249268E+02  0.1559816E+01  0.3838608E+01  0.0000000E+00
 -0.1889618E+02  0.1800400E+01  0.1086188E+01  0.0000000E+00
  0.3087679E+01  0.2335456E+01  0.6090756E+00  0.0000000E+00
 -0.2241219E+02 -0.7238488E+00 -0.2917239E+01  0.0000000E+00
 -0.3318432E+02 -0.3195148E+01  0.2198588E+01  0.0000000E+00
  0.4471927E+02 -0.3834125E+01 -0.4420821E+01  0.0000000E+00
  0.3694721E+02  0.8118756E+01 -0.6602640E+01  0.0000000E+00
  0.3182316E+02  0.1609327E+02 -0.8050443E+01  0.0000000E+00
  0.2925494E+02  0.2007989E+02 -0.8775073E+01  0.0000000E+00
  0.6634372E+02  0.1863374E+02  0.2328870E+02  0.0000000E+00
  0.7834602E+02  0.6410680E+01 -0.7259242E+01  0.0000000E+00
  0.5010716E+02  0.3670007E+01  0.6245132E+01  0.0000000E+00
  0.2811554E+02 -0.2569929E+01 -0.3410267E+01  0.0000000E+00
  0.6592120E+01  0.1332537E+02  0.2620155E+01  0.0000000E+00
  0.3727773E+01 -0.1245337E+02 -0.1587217E+02  0.0000000E+00
 -0.6250921E+02  0.6513613E+02  0.4775146E+01  0.0000000E+00
  0.7362884E+02 -0.3228958E+02 -0.1628074E+02  0.0000000E+00
  0.7655659E+02 -0.2129873E+02  0.1644990E+02  0.0000000E+00
  0.7842393E+02 -0.1390656E+02  0.3828931E+02  0.0000000E+00
  0.7936674E+02 -0.1021749E+02  0.4920696E+02  0.0000000E+00
  0.1309357E+03  0.1198279E+02 -0.4180747E+02  0.0000000E+00
  0.6213945E+02  0.4648279E+02  0.6954834E+01  0.0000000E+00
  0.7599528E+02 -0.3057952E+00 -0.1527191E+02  0.0000000E+00
  0.3173138E+02 -0.1854914E+02 -0.7280046E+00  0.0000000E+00
  0.2308855E+02 -0.2449192E+02 -0.1120449E+02  0.0000000E+00
  0.4013976E+02 -0.9246473E+01  0.1889909E+02  0.0000000E+00
  0.3660916E+02 -0.8233831E+02 -0.8744667E+01  0.0000000E+00
  0.2191779E+02 -0.3821235E+02  0.3389417E+02  0.0000000E+00
 -0.7829582E+02  0.3587816E+02 -0.3956196E+02  0.0000000E+00
 -0.1450990E+03  0.8522468E+02 -0.8857010E+02  0.0000000E+00
 -0.1785012E+03  0.1099030E+03 -0.1130701E+03  0.0000000E+00
 -0.9305346E+01  0.1444652E+02  0.1230520E+02  0.0000000E+00
 -0.5230042E+01  0.1639578E+02 -0.1273373E+02  0.0000000E+00
 -0.8131549E+01  0.1269973E+01 -0.2012905E+01  0.0000000E+00
 -0.9336092E+01 -0.1205697E+02 -0.1038206E+02  0.0000000E+00
 -0.1641438E+02 -0.1507232E+02 -0.4682423E+01  0.0000000E+00
 -0.1356236E+02 -0.1423671E+02 -0.2197566E+02  0.0000000E+00
  0.6562414E+01 -0.4519336E+01 -0.2722705E+01  0.0000000E+00
  0.1075931E+03 -0.4157176E+02  0.8662014E+01  0.0000000E+00
  0.3467167E+02  0.2782255E+01  0.3716867E+01  0.0000000E+00
 -0.1396809E+02  0.3229908E+02  0.4187134E+00  0.0000000E+00
 -0.3828522E+02  0.4706317E+02 -0.1230214E+01  0.0000000E+00
  0.4058259E+02 -0.3579101E+02 -0.1096625E+02  0.0000000E+00
  0.1119785E+02  0.6934516E+01  0.3349283E+01  0.0000000E+00
  0.1343676E+02 -0.1180934E+02 -0.3981247E+01  0.0000000E+00
 -0.6188981E+01  0.6260617E+01  0.7190730E+00  0.0000000E+00
 -0.1107182E+02  0.1825487E+02  0.7058660E+00  0.0000000E+00
 -0.3873855E+02  0.2225485E+02  0.6176801E+01  0.0000000E+00
 -0.8516289E+02  0.1047916E+02  0.3155259E+01  0.0000000E+00
 -0.2440516E+03  0.5185261E+02 -0.9566853E+01  0.0000000E+00
 -0.1297043E+03  0.4795067E+02  0.9834025E+01  0.0000000E+00
 -0.5339256E+02  0.4531972E+02  0.2277844E+02  0.0000000E+00
 -0.1524535E+02  0.4400746E+02  0.2924951E+02  0.0000000E+00
  0.3994713E+02  0.4327289E+02 -0.3429334E+02  0.0000000E+00
 -0.2354494E+02 -0.5122159E+01  0.7945880E+01  0.0000000E+00
  0.2015980E+02  0.9189195E+01 -0.1074536E+02  0.0000000E+00
  0.9699005E+01 -0.1052740E+02  0.3365197E+01  0.0000000E+00
  0.1530216E+02  0.7079834E+01 -0.3246650E+01  0.0000000E+00
  0.9753526E+01 -0.4059925E+01  0.1877863E+02  0.0000000E+00
 -0.4348847E+01  0.2216787E+02 -0.4186246E+01  0.0000000E+00
 -0.5137976E+02 -0.2553871E+02 -0.3387282E+01  0.0000000E+00
 -0.1955928E+02 -0.1524336E+02 -0.2052307E+01  0.0000000E+00
  0.1613271E+01 -0.8261520E+01 -0.1178173E+01  0.0000000E+00
  0.1220399E+02 -0.4783391E+01 -0.7393923E+00  0.0000000E+00
 -0.1060162E+02  0.3205357E+02  0.5906138E+00  0.0000000E+00
 -0.1081199E+02 -0.5369184E+01  0.1322865E+01  0.0000000E+00
 -0.4236931E+01  0.1088768E+02 -0.2935862E+01  0.0000000E+00
  0.6442887E+00  0.8348968E-01 -0.4589331E+01  0.0000000E+00
  0.1693896E+01  0.9743918E+01  0.1887635E+01  0.0000000E+00
 -0.8238510E+01 -0.8018867E+01 -0.1093230E+02  0.0000000E+00
 -0.4764370E+02  0.5918948E+02 -0.4420799E+01  0.0000000E+00
  0.5047163E+02 -0.4866866E+02  0.2527391E+01  0.0000000E+00
  0.6676700E+02 -0.1261867E+02  0.8987361E+01  0.0000000E+00
  0.7758326E+02  0.1146310E+02  0.1329078E+02  0.0000000E+00
  0.8299650E+02  0.2349875E+02  0.1544284E+02  0.0000000E+00
  0.9035969E+00  0.3120454E+02  0.1305579E+02  0.0000000E+00
 -0.1396088E+02 -0.1450667E+02  0.1061435E+01  0.0000000E+00
  0.7168251E+01  0.1225636E+02  0.1492825E+01  0.0000000E+00
  0.9868307E+01  0.1044063E+01 -0.4772831E+01  0.0000000E+00
 -0.1467780E+02  0.9889002E+01  0.5547294E+01  0.0000000E+00
 -0.1046630E+02  0.1472448E+02 -0.9901579E+01  0.0000000E+00
 -0.5071964E+02  0.2625754E+02  0.3549127E+01  0.0000000E+00
 -0.4605042E+02  0.1414300E+02 -0.8770338E+01  0.0000000E+00
 -0.2319250E+02  0.2106512E+02  0.2992948E+01  0.0000000E+00
 -0.7949187E+01  0.2564938E+02  0.1085449E+02  0.0000000E+00
 -0.3280372E+00  0.2794480E+02  0.1478317E+02  0.0000000E+00
  0.1734000E+01 -0.9082468E+01 -0.8012754E+01  0.0000000E+00
 -0.4552875E+01  0.2871796E+01  0.3470216E+01  0.0000000E+00
 -0.7516850E+01 -0.8684551E+00 -0.2148774E+01  0.0000000E+00
 -0.1453782E+02  0.3781480E+01  0.8313095E+00  0.0000000E+00
 -0.9870263E+01  0.4421528E+00 -0.2379171E+01  0.0000000E+00
 -0.1430888E+02  0.2879240E+01  0.5807172E+01  0.0000000E+00
 -0.8099818E+01 -0.3441789E+02  0.2299724E+00  0.0000000E+00
  0.1035022E+02  0.3050243E+02  0.4686239E+00  0.0000000E+00
 -0.2694792E+02  0.1629787E+02 -0.1370329E+02  0.0000000E+00
 -0.5183106E+02  0.6815620E+01 -0.2315803E+02  0.0000000E+00
 -0.6427072E+02  0.2075850E+01 -0.2788466E+02  0.0000000E+00
  0.4640316E+02 -0.3810360E+01 -0.9167611E+00  0.0000000E+00
  0.5156147E+01  0.1965910E+01 -0.7204375E+00  0.0000000E+00
  0.1966053E+02  0.6689780E-01 -0.7251783E+00  0.0000000E+00
  0.1245116E+01  0.2167879E+01 -0.5988265E+00  0.0000000E+00
  0.5307358E+01 -0.2054369E+01 -0.2730622E+00  0.0000000E+00
 -0.5666056E+01 -0.4582613E+01 -0.1281730E+01  0.0000000E+00
  0.2821263E+01 -0.3325773E+01  0.6107964E+00  0.0000000E+00
  0.6499633E+01 -0.1018996E+02  0.8176284E+01  0.0000000E+00
 -0.1176675E+02 -0.3916150E+01 -0.5329052E+01  0.0000000E+00
 -0.2394212E+02  0.2534083E+00 -0.1433945E+02  0.0000000E+00
 -0.3003005E+02  0.2339592E+01 -0.1884391E+02  0.0000000E+00
 -0.2377001E+02  0.1590013E+02  0.8763476E+01  0.0000000E+00
 -0.1242824E+02  0.6054086E+01 -0.2723051E+01  0.0000000E+00
 -0.9355544E+01  0.7327988E+00  0.2383050E+01  0.0000000E+00
  0.4948237E+01 -0.8736744E+01 -0.9560125E+00  0.0000000E+00
  0.1175148E+02  0.2873020E+00  0.2392564E+01  0.0000000E+00
  0.6383322E+01 -0.3275191E+02 -0.6082727E+01  0.0000000E+00
  0.6029918E+02 -0.7919761E+01  0.1044272E+01  0.0000000E+00
  0.7170499E+02 -0.1781012E+02 -0.5311841E+01  0.0000000E+00
  0.3879080E+02 -0.2214315E+02  0.1929579E+01  0.0000000E+00
  0.1688372E+02 -0.2503334E+02  0.6766487E+01  0.0000000E+00
  0.5926324E+01 -0.2647828E+02  0.9183935E+01  0.0000000E+00
 -0.8659760E+02 -0.3089984E+02 -0.1547734E+02  0.0000000E+00
 -0.1085519E+02  0.2329095E+02  0.6977442E+01  0.0000000E+00
 -0.4995839E+02 -0.2529071E+01 -0.5004380E+01  0.0000000E+00
 -0.2532667E+02  0.1333231E+02  0.7497950E+00  0.0000000E+00
 -0.1582311E+02 -0.2306679E+01 -0.1451680E+01  0.0000000E+00
  0.6450260E+01  0.3039694E+02  0.9254452E+01  0.0000000E+00
 -0.2800883E+02  0.1317562E+02 -0.1658003E+01  0.0000000E+00
  0.3108822E+02  0.3085875E+01  0.1162618E+02  0.0000000E+00
  0.6190167E+01  0.3168769E+02 -0.7327645E+01  0.0000000E+00
 -0.1042388E+02  0.5077182E+02 -0.1997932E+02  0.0000000E+00
 -0.1872924E+02  0.6031212E+02 -0.2630345E+02  0.0000000E+00
  0.7501268E+01  0.7815444E+01 -0.5380164E+01  0.0000000E+00
 -0.4167206E+02 -0.4671700E+01 -0.1042555E+01  0.0000000E+00
 -0.1404242E+01  0.1082652E+01 -0.2621556E+01  0.0000000E+00
  0.1125201E+01 -0.3586287E+01  0.6824080E-01  0.0000000E+00
  0.1152517E+02 -0.1488497E+01  0.3421645E+01  0.0000000E+00
 -0.3302729E+02  0.3921063E+01  0.2048805E+00  0.0000000E+00
  0.4756709E+02  0.1035030E+02  0.3359206E+01  0.0000000E+00
 -0.1869123E+01  0.1223630E+01  0.9490599E+01  0.0000000E+00
 -0.1853707E+01  0.1385182E+02 -0.1191889E+01  0.0000000E+00
 -0.1812105E+01  0.2226062E+02 -0.8315554E+01  0.0000000E+00
 -0.1794691E+01  0.2646610E+02 -0.1187717E+02  0.0000000E+00
 -0.1606000E+02 -0.6854984E+01  0.2593237E+01  0.0000000E+00
  0.2612825E+02  0.4555209E+01  0.2442604E+00  0.0000000E+00
 -0.1272429E+02 -0.2423941E+01  0.1046042E+01  0.0000000E+00
 -0.1111765E+02  0.8831344E+00 -0.6718000E-02  0.0000000E+00
  0.2732057E+01  0.3146753E+00 -0.8960381E+00  0.0000000E+00
 -0.3265546E+01 -0.1087602E+02 -0.2775316E+01  0.0000000E+00
  0.3834911E+02 -0.6812789E+01  0.1710886E+01  0.0000000E+00
 -0.5989236E+02 -0.1099499E+02 -0.6012841E+01  0.0000000E+00
 -0.2702654E+02 -0.9307740E+01  0.4444344E+00  0.0000000E+00
 -0.5119998E+01 -0.8176296E+01  0.4754123E+01  0.0000000E+00
  0.5833708E+01 -0.7611289E+01  0.6908444E+01  0.0000000E+00
 -0.2814466E+02 -0.1318017E+02 -0.1264004E+02  0.0000000E+00
 -0.1210989E+02  0.4547318E+01  0.3706438E+01  0.0000000E+00
 -0.1508474E+02 -0.6371719E+01 -0.4499611E+01  0.0000000E+00
 -0.7438131E+01 -0.1098490E+01  0.6774483E+00  0.0000000E+00
 -0.7519693E+01  0.5151098E+00 -0.7092583E+00  0.0000000E+00
  0.2312544E+02 -0.1005949E+02  0.1633836E+01  0.0000000E+00
 -0.5033986E+02  0.7437724E-01 -0.2761666E+01  0.0000000E+00
 -0.2491787E+02  0.5312088E+01 -0.8082086E+01  0.0000000E+00
 -0.1243291E+02  0.6596857E+01  0.9093347E+00  0.0000000E+00
 -0.4122134E+01  0.7467951E+01  0.6901609E+01  0.0000000E+00
  0.3460796E-01  0.7901921E+01  0.9897964E+01  0.0000000E+00
 -0.5146795E+02  0.2848716E+02 -0.1230796E+01  0.0000000E+00
  0.1477559E+02 -0.2887798E+01 -0.6316038E+00  0.0000000E+00
 -0.1645605E+02  0.1062333E+01  0.1780777E-01  0.0000000E+00
  0.5810524E+01 -0.1485803E+02  0.6843415E+00  0.0000000E+00
 -0.5867097E+01  0.8137472E+01 -0.8194358E+00  0.0000000E+00
  0.4858608E+01 -0.1819152E+02 -0.1265350E+01  0.0000000E+00
  0.1991624E+02  0.1146249E+02 -0.4672633E+01  0.0000000E+00
  0.2268013E+02 -0.1176282E+01  0.8075226E+01  0.0000000E+00
  0.2020845E+02  0.3687526E+01  0.1000986E+01  0.0000000E+00
  0.1856638E+02  0.6939521E+01 -0.3720580E+01  0.0000000E+00
  0.1774473E+02  0.8564495E+01 -0.6080779E+01  0.0000000E+00
  0.2108385E+02 -0.4613312E+01  0.4555559E+01  0.0000000E+00
  0.5823935E+01  0.2882882E-01 -0.1093961E+01  0.0000000E+00
  0.1264151E+02 -0.2495886E+01  0.1291353E+01  0.0000000E+00
  0.6391400E+01 -0.1349574E+01 -0.4508207E+00  0.0000000E+00
  0.4145756E+01 -0.3666430E+01  0.1273451E+01  0.0000000E+00
  0.8553524E+01 -0.5164243E+01 -0.2546148E+01  0.0000000E+00
  0.6042399E+01  0.5433523E+01  0.6713093E+00  0.0000000E+00
  0.4928483E+02 -0.5567364E+01 -0.3711988E+01  0.0000000E+00
  0.1698816E+02 -0.6136799E+01 -0.1916136E+01  0.0000000E+00
 -0.4517046E+01 -0.6521648E+01 -0.7133271E+00  0.0000000E+00
 -0.1527245E+02 -0.6713507E+01 -0.1125255E+00  0.0000000E+00
 -0.1642150E+02 -0.2584830E+02 -0.6400267E+01  0.0000000E+00
 -0.1116057E+02  0.4888834E+01  0.2275074E+01  0.0000000E+00
 -0.1086453E+02 -0.8449476E+01 -0.2232215E+01  0.0000000E+00
 -0.2616926E+01  0.5156153E+00  0.4976640E+00  0.0000000E+00
  0.8408547E+01 -0.1065819E+02  0.2995920E+00  0.0000000E+00
 -0.1192862E+02  0.1434130E+02  0.2091225E+01  0.0000000E+00
  0.4721179E+02 -0.1213608E+02  0.2037364E+01  0.0000000E+00
  0.7205416E+02  0.6022226E+00 -0.4796105E+01  0.0000000E+00
  0.1170813E+02  0.8620798E+01 -0.3189029E+01  0.0000000E+00
 -0.2848984E+02  0.1395688E+02 -0.2117542E+01  0.0000000E+00
 -0.4859236E+02  0.1662596E+02 -0.1581810E+01  0.0000000E+00
  0.2651633E+01 -0.1190174E+02 -0.4599571E+01  0.0000000E+00
 -0.2700580E+01  0.4040054E+01  0.1113780E+01  0.0000000E+00
  0.3525702E+01 -0.2864208E+01 -0.6833839E+00  0.0000000E+00
  0.5235590E+01  0.2190735E+01  0.1467558E+01  0.0000000E+00
  0.1172261E+01 -0.1277849E+01 -0.1515519E+01  0.0000000E+00
 -0.8278216E+01  0.8802545E+01  0.9479277E+00  0.0000000E+00
  0.2396746E+02 -0.7590518E+01 -0.1990235E+01  0.0000000E+00
  0.3906469E+02  0.1975876E+01  0.7990031E+01  0.0000000E+00
  0.1212054E+02  0.1366610E+01  0.9132831E+00  0.0000000E+00
 -0.5824586E+01  0.9509993E+00 -0.3810644E+01  0.0000000E+00
 -0.1479906E+02  0.7442140E+00 -0.6171948E+01  0.0000000E+00
 -0.4699762E+01  0.3251847E+01 -0.1504886E+02  0.0000000E+00
 -0.7576820E+02  0.9143016E+01  0.4776789E+01  0.0000000E+00
 -0.1667366E+02  0.3804821E+01 -0.4711756E+01  0.0000000E+00
 -0.1642558E+02  0.1772935E+01  0.2261987E+01  0.0000000E+00
 -0.4637492E+01 -0.2987354E+01  0.1714396E+01  0.0000000E+00
 -0.1616290E+02  0.1027810E+02  0.3741176E+01  0.0000000E+00
  0.2429990E+02 -0.9813460E+01  0.5453306E+01  0.0000000E+00
  0.4294416E+01 -0.1060824E+01  0.7662443E+01  0.0000000E+00
 -0.7448464E+01  0.1318172E+01 -0.1175315E+02  0.0000000E+00
 -0.1525774E+02  0.2887228E+01 -0.2469849E+02  0.0000000E+00
 -0.1916447E+02  0.3673589E+01 -0.3117098E+02  0.0000000E+00
 -0.4964267E+02  0.2687087E+02 -0.7425957E+01  0.0000000E+00
 -0.4578523E+02 -0.7266722E+01 -0.1831935E+01  0.0000000E+00
 -0.1949482E+02  0.1071726E+02 -0.4100823E+01  0.0000000E+00
  0.5637281E+01  0.8714791E+00 -0.2003693E+01  0.0000000E+00
  0.2945955E+00 -0.5156965E+00 -0.3099109E+01  0.0000000E+00
  0.1565360E+02 -0.1943875E+02 -0.2479942E+01  0.0000000E+00
  0.1310487E+02 -0.6540755E+01 -0.6871401E+01  0.0000000E+00
  0.1226466E+02 -0.4601068E+01 -0.6083729E+01  0.0000000E+00
  0.1095363E+02 -0.3256702E+01  0.1878990E+02  0.0000000E+00
  0.1006966E+02 -0.2342468E+01  0.3536929E+02  0.0000000E+00
  0.9628757E+01 -0.1887297E+01  0.4365931E+02  0.0000000E+00
 -0.4023026E+01 -0.5882109E+01 -0.6991997E+01  0.0000000E+00
 -0.1995638E+02 -0.5867792E+01  0.2045167E+01  0.0000000E+00
 -0.5040479E+01  0.7907710E+00 -0.2559340E+01  0.0000000E+00
 -0.4604534E+01  0.6585275E+01  0.1401306E+00  0.0000000E+00
 -0.4654085E+01  0.6051985E+01 -0.1116902E+01  0.0000000E+00
 -0.7445774E-01  0.9419248E+01  0.1328783E+01  0.0000000E+00
 -0.1078477E+02  0.9301178E+01  0.1416565E+01  0.0000000E+00
 -0.6330042E+02  0.1570766E+02  0.4120232E+01  0.0000000E+00
 -0.2175597E+02  0.6634658E-01  0.8539537E+01  0.0000000E+00
  0.5925925E+01 -0.1036032E+02  0.1148564E+02  0.0000000E+00
  0.1976843E+02 -0.1557374E+02  0.1295870E+02  0.0000000E+00
 -0.3935156E+02  0.1448326E+02  0.5272727E+01  0.0000000E+00
  0.6615313E+01 -0.2742442E+01 -0.1991337E+00  0.0000000E+00
 -0.1132990E+02  0.6755121E+01  0.1399890E+00  0.0000000E+00
  0.7618161E+01  0.9619811E+00 -0.3145487E+01  0.0000000E+00
  0.1817125E+01 -0.3363218E+01  0.1410070E+00  0.0000000E+00
  0.7090235E+01 -0.1231264E+01 -0.2815945E+01  0.0000000E+00
 -0.7515476E+01  0.7670331E+01 -0.4875517E+00  0.0000000E+00
  0.1883489E+02  0.6183286E+00 -0.6828020E+00  0.0000000E+00
  0.4008343E+01  0.1423705E+02 -0.1043811E+02  0.0000000E+00
 -0.5871864E+01  0.2331543E+02 -0.1693764E+02  0.0000000E+00
 -0.1081242E+02  0.2785471E+02 -0.2018784E+02  0.0000000E+00
 -0.2001534E+02  0.1159233E+02 -0.4847350E+01  0.0000000E+00
 -0.3887322E+00 -0.3619315E+01  0.1420481E+01  0.0000000E+00
 -0.6332177E+01  0.4658680E+01 -0.2164035E+01  0.0000000E+00
  0.4000906E+01  0.1457395E+01 -0.1698460E+00  0.0000000E+00
  0.2723480E+01  0.4261495E+01  0.3686635E+00  0.0000000E+00
 -0.9504187E-01 -0.1077335E+02 -0.2074776E+01  0.0000000E+00
  0.5360934E+01 -0.3689165E+01 -0.8482846E+00  0.0000000E+00
  0.3740669E+02 -0.2520711E+02 -0.1055179E+02  0.0000000E+00
  0.8714897E+01  0.4399410E+01 -0.3144340E+01  0.0000000E+00
 -0.1039858E+02  0.2414553E+02  0.1795001E+01  0.0000000E+00
 -0.1995687E+02  0.3401768E+02  0.4264559E+01  0.0000000E+00
  0.2880985E+02 -0.1237279E+02 -0.4783178E+01  0.0000000E+00
  0.1039920E+02 -0.1239248E+01  0.9841866E+00  0.0000000E+00
  0.4380698E+01  0.6070239E+00 -0.4808721E+00  0.0000000E+00
 -0.1145945E+02  0.9262727E+01  0.2263035E+01  0.0000000E+00
  0.3910042E+01  0.9518463E+00  0.2007747E+00  0.0000000E+00
 -0.1560705E+02  0.8947155E+01  0.2888675E+01  0.0000000E+00
  0.3712708E+02  0.3903513E+00  0.2974612E+00  0.0000000E+00
 -0.2790292E+02 -0.8305783E+01  0.2462525E+01  0.0000000E+00
 -0.2068177E+02 -0.2754304E+01 -0.3869066E+01  0.0000000E+00
 -0.1586157E+02  0.9416311E+00 -0.8091436E+01  0.0000000E+00
 -0.1345212E+02  0.2790145E+01 -0.1020248E+02  0.0000000E+00
 -0.2194628E+02 -0.1586456E+02  0.1995820E+01  0.0000000E+00
  0.2046143E+02  0.1810150E+01  0.4875890E+00  0.0000000E+00
 -0.1074594E+02 -0.3296418E+01 -0.1841496E+00  0.0000000E+00
 -0.3114033E+01  0.3228169E+01 -0.1249283E+01  0.0000000E+00
  0.5182739E+01 -0.7624222E+01  0.1144003E+01  0.0000000E+00
 -0.4501618E+01  0.1013495E+02 -0.2815371E+01  0.0000000E+00
  0.2050695E+02 -0.5472071E+01  0.2376714E+01  0.0000000E+00
  0.1892868E+02  0.2114857E+02 -0.7862502E-01  0.0000000E+00
  0.1300145E+02 -0.1327879E+01 -0.1426433E+01  0.0000000E+00
  0.9055775E+01 -0.1631787E+02 -0.2318214E+01  0.0000000E+00
  0.7082311E+01 -0.2381226E+02 -0.2764836E+01  0.0000000E+00
  0.2907012E+02  0.1077030E+02 -0.7562538E+01  0.0000000E+00
 -0.1785730E+02 -0.3054831E+01  0.1433221E+01  0.0000000E+00
  0.1229176E+02  0.3399685E+01 -0.2357217E+01  0.0000000E+00
  0.1701628E+01 -0.8497221E+00  0.9324941E+00  0.0000000E+00
  0.1915929E+01  0.1116286E+01 -0.7203659E+00  0.0000000E+00
  0.9635002E+01 -0.7018343E+01 -0.1238492E+00  0.0000000E+00
  0.1602575E+01  0.3053654E+00 -0.1869675E+01  0.0000000E+00
  0.2999270E+01 -0.3638566E+01  0.8485938E+00  0.0000000E+00
  0.3167748E+00  0.8020204E+01  0.2807625E+01  0.0000000E+00
 -0.1482240E+01  0.1580047E+02  0.4107284E+01  0.0000000E+00
 -0.2380592E+01  0.1968976E+02  0.4757802E+01  0.0000000E+00
  0.1390231E+02 -0.6986622E+00 -0.3496412E+01  0.0000000E+00
 -0.8561364E+01  0.2303629E+01  0.2553611E+00  0.0000000E+00
 -0.4899576E+01 -0.7878596E+00 -0.6938022E+00  0.0000000E+00
 -0.1669758E+02 -0.4009457E+00  0.9147531E+00  0.0000000E+00
 -0.1755533E+00  0.1765635E+01 -0.5755707E+00  0.0000000E+00
 -0.1991741E+01 -0.4086592E+01  0.2660227E+01  0.0000000E+00
 -0.3640959E+01  0.1180147E+01 -0.6429651E+00  0.0000000E+00
 -0.1245245E+01 -0.8138977E+01  0.4319251E+01  0.0000000E+00
 -0.1557932E+01 -0.6503633E+01  0.6587207E+01  0.0000000E+00
 -0.1768514E+01 -0.5407165E+01  0.8094333E+01  0.0000000E+00
 -0.1873576E+01 -0.4859605E+01  0.8848420E+01  0.0000000E+00
  0.2821630E+02 -0.8770675E+01 -0.7066891E+01  0.0000000E+00
  0.3193541E+02 -0.5450879E+01  0.2505743E+01  0.0000000E+00
  0.1104006E+02 -0.3989837E+01 -0.2824379E+01  0.0000000E+00
 -0.1854329E+01  0.5210430E+00 -0.1541108E+00  0.0000000E+00
  0.1021848E+02  0.2490703E+01 -0.9741120E+00  0.0000000E+00
 -0.5355294E+01 -0.1578225E+01 -0.1430024E+01  0.0000000E+00
  0.4764271E+01  0.1105075E+01  0.3446085E-01  0.0000000E+00
  0.1670805E+02 -0.7661213E+01  0.4023961E+01  0.0000000E+00
  0.1362993E+02  0.1304891E+01 -0.4687894E+01  0.0000000E+00
  0.1159715E+02  0.7281749E+01 -0.1049585E+02  0.0000000E+00
  0.1057867E+02  0.1027024E+02 -0.1339982E+02  0.0000000E+00
  0.1905438E+02 -0.1586352E+02  0.8635304E+00  0.0000000E+00
  0.4186003E+02 -0.1027941E+02 -0.9915861E+00  0.0000000E+00
  0.1746601E+02 -0.9731515E+01  0.8603710E+00  0.0000000E+00
  0.8464534E+01 -0.3743563E+01  0.9666455E+00  0.0000000E+00
 -0.9718443E+01  0.1882302E+01  0.6442965E+00  0.0000000E+00
  0.9623338E+01  0.2266659E+01  0.1628421E+01  0.0000000E+00
 -0.4575823E+02 -0.2451850E+01  0.9581133E+00  0.0000000E+00
 -0.2230138E+02 -0.4249787E+01 -0.3361857E+01  0.0000000E+00
 -0.7162269E+01 -0.9710257E+01  0.4938287E+01  0.0000000E+00
  0.2897783E+01 -0.1333940E+02  0.1047120E+02  0.0000000E+00
  0.7931345E+01 -0.1515518E+02  0.1323772E+02  0.0000000E+00
  0.2996874E+02  0.4414495E+01  0.2604301E+00  0.0000000E+00
  0.2918866E+02  0.2991093E+01  0.1522199E+01  0.0000000E+00
  0.9219468E+01  0.3460159E+01 -0.7310030E+00  0.0000000E+00
 -0.5724437E+01  0.1090630E+01 -0.1636330E+01  0.0000000E+00
  0.6802155E+01 -0.4118047E+01 -0.1244021E+01  0.0000000E+00
 -0.1668623E+02  0.6236172E+01 -0.2287824E+01  0.0000000E+00
  0.7357259E+01 -0.4358915E+01 -0.1030119E+00  0.0000000E+00
 -0.2625927E+02  0.1181839E+02  0.2414038E+01  0.0000000E+00
 -0.1057406E+02  0.4290078E+01  0.7251881E+01  0.0000000E+00
 -0.9880312E-01 -0.7402669E+00  0.1047723E+02  0.0000000E+00
  0.5136830E+01 -0.3254199E+01  0.1208989E+02  0.0000000E+00
  0.4574928E+02  0.1365606E+01  0.1491637E+01  0.0000000E+00
 -0.1484383E+02 -0.3343744E+01  0.3151049E+00  0.0000000E+00
  0.1939686E+02 -0.8558656E-01  0.3053455E-01  0.0000000E+00
  0.3169186E+01 -0.5562667E+00 -0.1298782E+01  0.0000000E+00
  0.4976817E+01  0.2282142E+01 -0.4548978E+00  0.0000000E+00
 -0.3992052E+01  0.2372196E+01  0.1767010E+01  0.0000000E+00
  0.2254076E+02  0.1173470E+01 -0.5034092E+01  0.0000000E+00
 -0.1357347E+02  0.1258472E+02  0.2542419E+01  0.0000000E+00
 -0.8296683E+01  0.8839790E+01 -0.3236274E+01  0.0000000E+00
 -0.4786089E+01  0.6337602E+01 -0.7093579E+01  0.0000000E+00
 -0.3030005E+01  0.5087110E+01 -0.9021708E+01  0.0000000E+00
  0.1740823E+02  0.1340727E+02  0.2026257E+01  0.0000000E+00
  0.8751690E+01 -0.1217620E+01 -0.1535725E+01  0.0000000E+00
  0.1249406E+02  0.2859823E+01  0.1513499E+00  0.0000000E+00
  0.6792808E+01 -0.3938094E+01 -0.9536807E+00  0.0000000E+00
  0.1240323E+00  0.1152924E+01 -0.4321986E+00  0.0000000E+00
  0.1273731E+02 -0.1656935E+01 -0.3453405E+00  0.0000000E+00
 -0.1376176E+02 -0.4129809E+00  0.2131037E+01  0.0000000E+00
  0.7963617E+01 -0.1516213E+01 -0.7995897E+01  0.0000000E+00
  0.3033797E+01 -0.7252644E+01 -0.3776048E+01  0.0000000E+00
 -0.2651261E+00 -0.1106719E+02 -0.9592787E+00  0.0000000E+00
 -0.1913250E+01 -0.1297552E+02  0.4487239E+00  0.0000000E+00
  0.5431608E+01 -0.5674633E+01  0.1658276E+01  0.0000000E+00
 -0.4274770E+01  0.5290954E+01 -0.1844787E+00  0.0000000E+00
  0.6812377E+01 -0.3480011E+01 -0.4270925E-01  0.0000000E+00
  0.6089299E+01 -0.1754377E+01 -0.9177086E+00  0.0000000E+00
 -0.6579204E+01  0.2653102E+00  0.7745485E+00  0.0000000E+00
  0.7618553E+00 -0.5500541E+01 -0.1435130E+01  0.0000000E+00
 -0.3899439E+02  0.9219270E+01  0.1942904E+01  0.0000000E+00
 -0.2983625E+02 -0.1830010E+02  0.2058375E+01  0.0000000E+00
 -0.9353921E+01  0.3865866E+01 -0.1199795E+01  0.0000000E+00
  0.4290414E+01  0.1865000E+02 -0.3368799E+01  0.0000000E+00
  0.1111372E+02  0.2604133E+02 -0.4453637E+01  0.0000000E+00
  0.3244696E+01 -0.2884610E+00  0.7255585E-01  0.0000000E+00
 -0.1382554E+02 -0.4879095E+00  0.6946410E+00  0.0000000E+00
  0.2234167E+01  0.3194331E+00 -0.4100908E+00  0.0000000E+00
  0.2914529E+01  0.1116614E+01 -0.7736775E+00  0.0000000E+00
 -0.1208800E+01  0.1613658E+01  0.1323711E+00  0.0000000E+00
 -0.4028613E+01 -0.9730579E-01 -0.2656261E+00  0.0000000E+00
  0.1530830E+02  0.4261771E+01 -0.6899704E+00  0.0000000E+00
  0.5729355E+01 -0.3754758E+01  0.2312657E+01  0.0000000E+00
  0.3056221E+01  0.5748835E+01 -0.4495032E+00  0.0000000E+00
  0.1276392E+01  0.1208423E+02 -0.2291568E+01  0.0000000E+00
  0.3862330E+00  0.1525196E+02 -0.3212532E+01  0.0000000E+00
  0.2131008E+02  0.1137904E+01 -0.2963373E+01  0.0000000E+00
  0.2043127E+00 -0.6987883E+00  0.7286383E-01  0.0000000E+00
  0.7152419E+01 -0.8184878E+00 -0.7844673E+00  0.0000000E+00
 -0.1329869E+01 -0.1483488E+01  0.3179632E+00  0.0000000E+00
  0.5817998E+01  0.3464043E+01 -0.1180017E+01  0.0000000E+00
 -0.1921780E+01  0.1444207E+01  0.2296919E+01  0.0000000E+00
  0.1906105E+02 -0.3098113E+01 -0.2090633E+01  0.0000000E+00
  0.2143561E+02  0.4210433E+01  0.1743091E+00  0.0000000E+00
  0.1742072E+01  0.3011387E+01  0.3397868E+00  0.0000000E+00
 -0.1137021E+02  0.2216231E+01  0.4450677E+00  0.0000000E+00
 -0.1792816E+02  0.1818198E+01  0.4982530E+00  0.0000000E+00
  0.1426400E+01 -0.3220452E+01  0.3336365E+01  0.0000000E+00
 -0.2692178E+01 -0.1755411E+01 -0.8297089E+00  0.0000000E+00
  0.2254938E+01  0.3991109E+00  0.6201078E+00  0.0000000E+00
  0.3609519E+01  0.2200429E+01 -0.1075405E+01  0.0000000E+00
  0.2799508E+01 -0.1652050E+01  0.6881667E+00  0.0000000E+00
 -0.3203189E+01  0.3919227E+01 -0.9329758E-01  0.0000000E+00
 -0.1657134E+02 -0.8773212E+01 -0.6416726E-01  0.0000000E+00
 -0.6224637E+01  0.9974643E+01  0.1744103E+01  0.0000000E+00
  0.1171633E+01 -0.2084775E+01  0.3129912E+01  0.0000000E+00
  0.6114506E+01 -0.1013863E+02  0.4052820E+01  0.0000000E+00
  0.8584642E+01 -0.1416402E+02  0.4514378E+01  0.0000000E+00
  0.4320385E-01  0.4443903E+01  0.2211148E+00  0.0000000E+00
  0.3370318E+02  0.9959082E+01 -0.1152679E+00  0.0000000E+00
  0.7866322E+01  0.1098279E+01  0.1114238E+00  0.0000000E+00
  0.8636242E+01 -0.1638325E+01 -0.2400424E+00  0.0000000E+00
 -0.2092635E+01  0.7448225E+00 -0.1173488E+01  0.0000000E+00
  0.5862063E+01 -0.9451278E+01  0.2536023E+00  0.0000000E+00
 -0.1820907E+02 -0.2451128E+01 -0.6304741E+00  0.0000000E+00
 -0.6173918E+01 -0.6492981E+00 -0.9541259E+00  0.0000000E+00
 -0.4309015E+01  0.6375544E+01  0.3078313E+01  0.0000000E+00
 -0.3077254E+01  0.1105842E+02  0.5762619E+01  0.0000000E+00
 -0.2460129E+01  0.1339989E+02  0.7105203E+01  0.0000000E+00
  0.2288745E+02 -0.1711442E+02  0.5775982E+01  0.0000000E+00
  0.4444844E+01  0.1384057E+01 -0.4787092E+01  0.0000000E+00
  0.7476967E+01 -0.6419100E+01  0.8419322E+00  0.0000000E+00
 -0.7616791E+00  0.7294401E+00 -0.1874142E+01  0.0000000E+00
  0.1178820E+02  0.6500316E+00  0.4249934E+00  0.0000000E+00
 -0.1825405E+01  0.1023594E+02 -0.1354500E+01  0.0000000E+00
  0.4517431E+02  0.4653806E+01  0.7788655E+00  0.0000000E+00
  0.2125556E+02  0.6203226E+01 -0.4827596E+00  0.0000000E+00
  0.9494031E+01 -0.1285522E+02 -0.3671860E+01  0.0000000E+00
  0.1679325E+01 -0.2556079E+02 -0.5791642E+01  0.0000000E+00
 -0.2230874E+01 -0.3191358E+02 -0.6852214E+01  0.0000000E+00
 -0.3197794E+01  0.1893732E+01  0.2484246E+01  0.0000000E+00
  0.3144319E+02  0.7241411E+01 -0.1919893E+00  0.0000000E+00
  0.8347194E+01  0.1953453E+01 -0.1324910E+00  0.0000000E+00
  0.1018251E+02  0.8246875E+00 -0.1911432E+01  0.0000000E+00
 -0.7828349E+01 -0.1496659E+01 -0.8872002E+00  0.0000000E+00
  0.2001180E+02  0.2220074E+01 -0.2252206E+01  0.0000000E+00
 -0.2698251E+02 -0.3758226E+01 -0.8314838E+00  0.0000000E+00
  0.4248825E+00 -0.1422775E+02 -0.5670636E+01  0.0000000E+00
  0.2421949E+01 -0.9904241E+01 -0.3447069E+01  0.0000000E+00
  0.3750912E+01 -0.7022918E+01 -0.1962487E+01  0.0000000E+00
  0.4415655E+01 -0.5582146E+01 -0.1220434E+01  0.0000000E+00
  0.4187618E+01 -0.1385101E+02 -0.7546846E+00  0.0000000E+00
 -0.2702942E+00  0.1304916E+01 -0.1199825E+01  0.0000000E+00
 -0.7590871E+00 -0.4807536E+01  0.3659398E+00  0.0000000E+00
 -0.2766196E+01  0.1189349E+01  0.1202614E+01  0.0000000E+00
  0.2160326E+01 -0.1047265E+01 -0.1599368E+00  0.0000000E+00
 -0.1430781E+02 -0.3717843E+01 -0.1156878E+00  0.0000000E+00
  0.1642925E+02 -0.1363674E+02  0.1622277E+01  0.0000000E+00
  0.5508061E+01 -0.7462943E+01  0.4759292E-01  0.0000000E+00
  0.1836997E+02 -0.4605688E+01  0.2477628E+01  0.0000000E+00
  0.2694965E+02 -0.2709110E+01  0.4096203E+01  0.0000000E+00
  0.3123894E+02 -0.1759928E+01  0.4905648E+01  0.0000000E+00
  0.2966961E+02 -0.2374159E+01 -0.2628002E+01  0.0000000E+00
  0.4345343E+01  0.6348656E+00  0.1523786E+01  0.0000000E+00
  0.9995638E+01 -0.2081101E+01 -0.8040837E+00  0.0000000E+00
 -0.1450338E+01 -0.5611396E+00  0.1650604E+00  0.0000000E+00
  0.1024919E+02  0.6143201E+01 -0.4140028E-01  0.0000000E+00
 -0.1619077E+02 -0.2681432E+01  0.1785649E+01  0.0000000E+00
  0.2398823E+02 -0.2766718E+00 -0.1724476E+00  0.0000000E+00
 -0.1552419E-01  0.1006509E+02  0.7052886E+01  0.0000000E+00
  0.1115182E+01  0.3322850E+01  0.3336546E+01  0.0000000E+00
  0.1869010E+01 -0.1165640E+01  0.8548899E+00  0.0000000E+00
  0.2245921E+01 -0.3410571E+01 -0.3854955E+00  0.0000000E+00
 -0.5573585E+01  0.1585442E+01  0.3925580E+01  0.0000000E+00
  0.1604863E+01  0.2061220E+01  0.2739248E-01  0.0000000E+00
 -0.1040598E+01 -0.1132274E+01  0.9237255E+00  0.0000000E+00
  0.1204484E+01 -0.2611835E+01 -0.9604745E+00  0.0000000E+00
 -0.1032829E+01  0.2518408E+01  0.8306236E+00  0.0000000E+00
  0.1151071E+02  0.1528530E+01 -0.4724727E-02  0.0000000E+00
  0.5987674E+01  0.1240396E+02  0.8283234E+00  0.0000000E+00
  0.1141664E+02  0.7092048E+01 -0.4190941E+01  0.0000000E+00
 -0.1885233E+01 -0.3015448E+01  0.3724421E+00  0.0000000E+00
 -0.1075790E+02 -0.9753063E+01  0.3417462E+01  0.0000000E+00
 -0.1519373E+02 -0.1312195E+02  0.4939673E+01  0.0000000E+00
 -0.6981888E+01 -0.1267068E+02  0.1500004E+01  0.0000000E+00
 -0.5995606E+01  0.6459116E+01  0.2575278E+00  0.0000000E+00
 -0.7767816E+00 -0.3279502E+01  0.1068205E+01  0.0000000E+00
  0.4404543E+01  0.1219666E+01  0.6309679E+00  0.0000000E+00
  0.1766653E+01 -0.5653692E+01 -0.5604387E+00  0.0000000E+00
 -0.3371450E+01  0.2112808E+01 -0.1183652E+00  0.0000000E+00
 -0.2928946E+01 -0.8141062E+01  0.4187986E+00  0.0000000E+00
 -0.3554380E+00 -0.1659211E+01 -0.1473750E+01  0.0000000E+00
 -0.2687700E+00 -0.4839651E+01  0.1304404E+01  0.0000000E+00
 -0.2173674E+00 -0.6977449E+01  0.3157697E+01  0.0000000E+00
 -0.1909765E+00 -0.8044455E+01  0.4084215E+01  0.0000000E+00
 -0.9202700E+01 -0.4543756E+00 -0.6106444E+01  0.0000000E+00
  0.9247276E+01  0.7293950E-01  0.2190271E+01  0.0000000E+00
 -0.4469361E+01 -0.3824136E+00 -0.2216183E+01  0.0000000E+00
 -0.2323014E+01 -0.5843678E+00  0.3569600E+00  0.0000000E+00
 -0.2884150E+01 -0.1393412E+01  0.1454868E+00  0.0000000E+00
  0.7783377E+00 -0.1161285E+01 -0.2986188E+00  0.0000000E+00
 -0.1893039E+00 -0.4036268E+01  0.2474109E-02  0.0000000E+00
  0.1200518E+01 -0.2461832E+01  0.2648783E+01  0.0000000E+00
  0.3400927E+01 -0.7847612E-01 -0.1818910E+01  0.0000000E+00
  0.4877065E+01  0.1508628E+01 -0.4798124E+01  0.0000000E+00
  0.5614140E+01  0.2302375E+01 -0.6287650E+01  0.0000000E+00
 -0.1028655E+02 -0.1250169E+01  0.4429461E+01  0.0000000E+00
  0.3263803E+01 -0.1027857E+01 -0.2260775E+01  0.0000000E+00
  0.3256892E+00 -0.1368968E+01  0.1106461E+01  0.0000000E+00
  0.6209670E+01 -0.6520689E+00 -0.5835918E+00  0.0000000E+00
 -0.1049530E+01  0.2960390E+01  0.1235734E+01  0.0000000E+00
  0.1616302E+02  0.6179432E+00 -0.1796203E+01  0.0000000E+00
 -0.1079330E+02  0.4174177E+01  0.2265675E+01  0.0000000E+00
  0.1253662E+02  0.3068996E+01 -0.5364155E+01  0.0000000E+00
  0.6905184E+01  0.2217153E+01 -0.2587491E+01  0.0000000E+00
  0.3155075E+01  0.1655765E+01 -0.7314189E+00  0.0000000E+00
  0.1279568E+01  0.1374368E+01  0.1960806E+00  0.0000000E+00
