  1  2   693 18432  4  4  9 11  7  1    0.00   24.00  200.00  600.00    0.00    6.28   45.00   45.00
  200.0  200.0  200.0  200.0  250.0  300.0  350.0  400.0  450.0  500.0  550.0  600.0  600.0  600.0  600.0
  0.1115726E+02  0.5139860E-01 -0.2237446E-01  0.0000000E+00
  0.1122206E+02  0.5080098E-01 -0.1838656E-01  0.0000000E+00
  0.1142155E+02  0.1325540E+00 -0.1984370E-01  0.0000000E+00
  0.1158328E+02  0.3678881E+00 -0.8293520E-02  0.0000000E+00
  0.1152843E+02  0.5140387E+00  0.4755427E-02  0.0000000E+00
  0.1139716E+02  0.6141532E+00  0.1011237E-01  0.0000000E+00
  0.1125065E+02  0.6477233E+00  0.9608362E-02  0.0000000E+00
  0.1110339E+02  0.6447266E+00  0.5928578E-02  0.0000000E+00
  0.1103945E+02  0.5710357E+00  0.4677477E-02  0.0000000E+00
  0.1099710E+02  0.5218561E+00  0.3911914E-02  0.0000000E+00
  0.1097592E+02  0.4972671E+00  0.3528121E-02  0.0000000E+00
 -0.5974876E+00 -0.5717266E-01 -0.9026355E-03  0.0000000E+00
 -0.6512647E+00 -0.6658564E-01 -0.8158598E-02  0.0000000E+00
 -0.6037215E+00 -0.1472131E+00 -0.1904659E-01  0.0000000E+00
 -0.3069549E+00 -0.1687956E+00 -0.1712712E-01  0.0000000E+00
 -0.1871865E+00 -0.1281828E+00 -0.9920890E-02  0.0000000E+00
 -0.1418750E+00 -0.6827219E-01 -0.1511472E-02  0.0000000E+00
 -0.1407495E+00 -0.1759753E-01  0.2484263E-02  0.0000000E+00
 -0.1754381E+00  0.5530454E-01  0.7117024E-02  0.0000000E+00
 -0.1876831E+00  0.6185238E-01  0.9240055E-02  0.0000000E+00
 -0.1957699E+00  0.6614742E-01  0.1057525E-01  0.0000000E+00
 -0.1998144E+00  0.6829600E-01  0.1124405E-01  0.0000000E+00
 -0.3152202E-02 -0.5936600E-02 -0.4168906E-02  0.0000000E+00
 -0.5365649E-01 -0.8714944E-02 -0.5772997E-04  0.0000000E+00
 -0.1112014E+00 -0.3134584E-02 -0.1597254E-01  0.0000000E+00
 -0.1134939E+00  0.9685979E-03 -0.1649236E-01  0.0000000E+00
 -0.1088147E+00  0.1254761E-01 -0.1190068E-01  0.0000000E+00
 -0.9552319E-01 -0.2854947E-02 -0.8138975E-02  0.0000000E+00
 -0.8033592E-01 -0.2394983E-01 -0.8337578E-02  0.0000000E+00
 -0.6329968E-01 -0.5676522E-01 -0.1068173E-01  0.0000000E+00
 -0.4888479E-01 -0.7575660E-01 -0.8695313E-02  0.0000000E+00
 -0.3922209E-01 -0.8829333E-01 -0.7317322E-02  0.0000000E+00
 -0.3439153E-01 -0.9456355E-01 -0.6629123E-02  0.0000000E+00
  0.1613321E-01 -0.3521364E-02  0.6444406E-03  0.0000000E+00
 -0.4340404E-01  0.1152999E-01 -0.1644898E-02  0.0000000E+00
 -0.8701561E-01 -0.3019947E-01  0.3865321E-02  0.0000000E+00
  0.3455442E-01 -0.2918986E-01  0.3037135E-02  0.0000000E+00
  0.7011213E-01 -0.5440423E-02 -0.3093716E-03  0.0000000E+00
  0.7292959E-01 -0.2095202E-02 -0.1678450E-02  0.0000000E+00
  0.5288756E-01  0.2558768E-01 -0.4595554E-03  0.0000000E+00
  0.4550033E-01  0.4160592E-01 -0.5114631E-02  0.0000000E+00
  0.1899602E-01  0.4331273E-01 -0.4233193E-02  0.0000000E+00
  0.1314947E-02  0.4427541E-01 -0.3682370E-02  0.0000000E+00
 -0.7525418E-02  0.4475940E-01 -0.3406409E-02  0.0000000E+00
 -0.5324966E-01 -0.1948562E-02  0.4342165E-04  0.0000000E+00
 -0.7953324E-01 -0.8323398E-02  0.1110813E-02  0.0000000E+00
 -0.7277049E-01 -0.3879797E-01 -0.5906074E-02  0.0000000E+00
 -0.2822371E-01 -0.2903204E-01 -0.1217634E-01  0.0000000E+00
 -0.3785566E-01  0.5849834E-02 -0.5054038E-02  0.0000000E+00
 -0.4058260E-01  0.1342121E-01 -0.6014136E-02  0.0000000E+00
 -0.5241452E-01  0.1801657E-01 -0.1656976E-02  0.0000000E+00
 -0.5371761E-01  0.1974227E-01 -0.3445482E-02  0.0000000E+00
 -0.4998285E-01  0.1582796E-01 -0.2718025E-02  0.0000000E+00
 -0.4754611E-01  0.1325551E-01 -0.2292314E-02  0.0000000E+00
 -0.4632695E-01  0.1196873E-01 -0.2078570E-02  0.0000000E+00
  0.1035153E+00  0.1591250E-02  0.8217624E-04  0.0000000E+00
  0.8516591E-01  0.3308561E-02 -0.1830128E-02  0.0000000E+00
  0.2866902E-01  0.2767326E-01  0.1778702E-02  0.0000000E+00
  0.3312747E-01  0.2799220E-01  0.4736239E-02  0.0000000E+00
  0.2168201E-01  0.1461152E-01  0.8609226E-03  0.0000000E+00
  0.2220780E-01 -0.7631173E-04  0.1787463E-03  0.0000000E+00
  0.2143281E-01 -0.1307646E-01 -0.4662561E-03  0.0000000E+00
  0.3319676E-01 -0.9265513E-02  0.2129252E-02  0.0000000E+00
  0.2742652E-01 -0.9750767E-02  0.1479832E-02  0.0000000E+00
  0.2348613E-01 -0.1008310E-01  0.1043058E-02  0.0000000E+00
  0.2151735E-01 -0.1024916E-01  0.8247289E-03  0.0000000E+00
  0.9925418E-02 -0.4577188E-03  0.2439574E-03  0.0000000E+00
  0.3185625E-01  0.1404471E-01  0.6145295E-03  0.0000000E+00
  0.6015146E-01  0.1747268E-01  0.5674508E-02  0.0000000E+00
  0.4965678E-01  0.1556493E-01  0.4572938E-02  0.0000000E+00
  0.1968620E-01 -0.3229322E-02  0.3051147E-02  0.0000000E+00
  0.9037320E-02 -0.4391711E-03  0.1492629E-02  0.0000000E+00
  0.3924081E-02 -0.1451136E-02  0.3207424E-02  0.0000000E+00
  0.8183718E-03  0.1201675E-01 -0.8466110E-03  0.0000000E+00
  0.1226220E-02  0.2216518E-02 -0.9919866E-03  0.0000000E+00
  0.1490284E-02 -0.4401933E-02 -0.1032629E-02  0.0000000E+00
  0.1622428E-02 -0.7709879E-02 -0.1053787E-02  0.0000000E+00
 -0.3086540E-01  0.1940216E-02  0.1344480E-04  0.0000000E+00
 -0.2697232E-01 -0.1707418E-01  0.1644173E-02  0.0000000E+00
 -0.2407608E-01 -0.2456664E-02 -0.1024695E-02  0.0000000E+00
  0.3642079E-02  0.2126907E-02  0.4832293E-03  0.0000000E+00
  0.5579313E-02 -0.2896431E-02 -0.9038042E-04  0.0000000E+00
  0.1246833E-01 -0.1236638E-02 -0.5737297E-03  0.0000000E+00
  0.2695223E-02 -0.6396517E-02 -0.1185313E-02  0.0000000E+00
  0.1353971E-01 -0.1777820E-02  0.7054526E-03  0.0000000E+00
  0.7405740E-02 -0.1222452E-02  0.5411030E-04  0.0000000E+00
  0.3261163E-02 -0.8067487E-03 -0.4103221E-03  0.0000000E+00
  0.1189712E-02 -0.5995843E-03 -0.6420897E-03  0.0000000E+00
  0.1058014E-01  0.2120873E-02  0.8959801E-04  0.0000000E+00
  0.3186555E-01 -0.1092402E-01 -0.2580177E-02  0.0000000E+00
  0.4177062E-01  0.6312841E-02 -0.8581972E-03  0.0000000E+00
  0.3414752E-01  0.1821664E-01  0.4977832E-03  0.0000000E+00
  0.5911136E-02  0.5822926E-03 -0.8934295E-03  0.0000000E+00
  0.1672216E-01 -0.4664054E-02  0.5341758E-05  0.0000000E+00
  0.4141328E-02  0.4047795E-02 -0.1126540E-02  0.0000000E+00
  0.1868641E-01  0.3634480E-02 -0.1725508E-02  0.0000000E+00
  0.1496741E-01  0.6164504E-02 -0.1178285E-02  0.0000000E+00
  0.1247565E-01  0.7873746E-02 -0.8211024E-03  0.0000000E+00
  0.1122995E-01  0.8728016E-02 -0.6423942E-03  0.0000000E+00
 -0.9293983E-01  0.1385147E-02  0.4931763E-02  0.0000000E+00
 -0.5206491E-01  0.9425562E-02  0.1393656E-01  0.0000000E+00
 -0.4071558E-01  0.9616377E-01  0.1747264E-01  0.0000000E+00
 -0.1479969E+00  0.8330454E-01  0.2351822E-01  0.0000000E+00
 -0.2094740E+00  0.5214604E-01  0.2987486E-01  0.0000000E+00
 -0.2446955E+00  0.2967973E-01  0.3323437E-01  0.0000000E+00
 -0.2492028E+00  0.1007604E-01  0.3064440E-01  0.0000000E+00
 -0.2527652E+00 -0.1566862E-01  0.2590423E-01  0.0000000E+00
 -0.2012596E+00 -0.4033097E-01  0.2413218E-01  0.0000000E+00
 -0.1667711E+00 -0.5665750E-01  0.2290072E-01  0.0000000E+00
 -0.1495292E+00 -0.6482250E-01  0.2228574E-01  0.0000000E+00
 -0.1732646E+00  0.8372537E-02  0.1293831E-02  0.0000000E+00
 -0.1783025E+00  0.2962093E-02 -0.8141295E-02  0.0000000E+00
 -0.1055586E+00  0.2329604E-01 -0.1728850E-01  0.0000000E+00
 -0.1132894E+00 -0.5101214E-01 -0.7046507E-02  0.0000000E+00
 -0.1066484E+00 -0.5100670E-01 -0.1113498E-02  0.0000000E+00
 -0.1100561E+00 -0.6370684E-01  0.6647937E-02  0.0000000E+00
 -0.1131534E+00 -0.5269471E-01  0.7307575E-02  0.0000000E+00
 -0.1285695E+00 -0.6958625E-01  0.1370439E-01  0.0000000E+00
 -0.1173473E+00 -0.8002156E-01  0.9381153E-02  0.0000000E+00
 -0.1096855E+00 -0.8685896E-01  0.6505175E-02  0.0000000E+00
 -0.1058574E+00 -0.9027942E-01  0.5067098E-02  0.0000000E+00
 -0.3521173E-01 -0.3939112E-02  0.7659599E-02  0.0000000E+00
 -0.4443693E-01 -0.2154201E-01  0.1578362E-01  0.0000000E+00
 -0.3076746E-01 -0.1103319E+00 -0.3243615E-03  0.0000000E+00
  0.4324499E-02 -0.1167331E+00  0.3451122E-03  0.0000000E+00
  0.2137256E-01 -0.1225042E+00  0.2254123E-02  0.0000000E+00
  0.2575145E-01 -0.1189716E+00  0.4502800E-02  0.0000000E+00
  0.1732617E-01 -0.1124239E+00  0.1172677E-01  0.0000000E+00
  0.4817201E-02 -0.7968341E-01  0.1172747E-01  0.0000000E+00
 -0.5203843E-02 -0.5316719E-01  0.8441047E-02  0.0000000E+00
 -0.1170552E-01 -0.3556917E-01  0.6232610E-02  0.0000000E+00
 -0.1495903E-01 -0.2676896E-01  0.5128644E-02  0.0000000E+00
  0.5125986E-01  0.9774939E-03 -0.6409167E-04  0.0000000E+00
  0.5115189E-01  0.9251098E-03 -0.1065475E-02  0.0000000E+00
  0.1094807E+00  0.1207443E-01 -0.3259877E-02  0.0000000E+00
  0.7745078E-01  0.9722431E-02 -0.2467193E-02  0.0000000E+00
  0.4921326E-01 -0.2995058E-01 -0.6298543E-02  0.0000000E+00
  0.3497245E-01 -0.3096731E-01 -0.3332022E-02  0.0000000E+00
  0.2371270E-01 -0.3310242E-01  0.7041430E-04  0.0000000E+00
  0.1925572E-01 -0.2520227E-01 -0.3240769E-02  0.0000000E+00
  0.6506294E-02 -0.1785228E-01 -0.2221825E-02  0.0000000E+00
 -0.2045191E-02 -0.1305398E-01 -0.1561353E-02  0.0000000E+00
 -0.6320141E-02 -0.1065332E-01 -0.1230825E-02  0.0000000E+00
  0.7513428E-02 -0.3584327E-02 -0.5187150E-03  0.0000000E+00
  0.5462142E-02 -0.9261125E-02 -0.3911567E-02  0.0000000E+00
 -0.2441530E-01 -0.4257302E-01 -0.4555091E-02  0.0000000E+00
 -0.1947627E-01 -0.3824016E-01 -0.1591870E-01  0.0000000E+00
 -0.8403024E-02 -0.5547580E-02 -0.2425073E-02  0.0000000E+00
  0.1599606E-01 -0.3293345E-02 -0.5780610E-02  0.0000000E+00
  0.2183379E-01  0.2446808E-02 -0.3649015E-02  0.0000000E+00
  0.3866919E-01  0.5415241E-02 -0.8011675E-02  0.0000000E+00
  0.2509546E-01  0.1542526E-01 -0.3962965E-02  0.0000000E+00
  0.1601538E-01  0.2228297E-01 -0.1236607E-02  0.0000000E+00
  0.1147578E-01  0.2570908E-01  0.1261701E-03  0.0000000E+00
 -0.4364519E-02  0.2238600E-02  0.1785424E-03  0.0000000E+00
 -0.1403108E-01 -0.8353390E-02  0.3304106E-02  0.0000000E+00
  0.8708809E-02  0.1902387E-01  0.9598812E-03  0.0000000E+00
  0.4849026E-02  0.2204862E-01  0.6699388E-02  0.0000000E+00
 -0.4736201E-03  0.1129620E-01  0.1641517E-02  0.0000000E+00
  0.1225667E-01  0.1476513E-01  0.4689436E-02  0.0000000E+00
  0.1548306E-01  0.6444790E-02  0.1518637E-03  0.0000000E+00
  0.1754633E-01  0.8777660E-02  0.4623925E-02  0.0000000E+00
  0.1406432E-01  0.2605557E-02  0.4580635E-02  0.0000000E+00
  0.1173626E-01 -0.1668030E-02  0.4529482E-02  0.0000000E+00
  0.1057235E-01 -0.3802466E-02  0.4504242E-02  0.0000000E+00
  0.3387867E-01 -0.1965561E-02 -0.8094608E-04  0.0000000E+00
  0.4337724E-01  0.2017220E-01  0.4032616E-02  0.0000000E+00
  0.2620873E-01  0.3500940E-02  0.5041743E-02  0.0000000E+00
  0.2488481E-01 -0.2839078E-02  0.2938373E-02  0.0000000E+00
  0.2385928E-01 -0.3530911E-02 -0.1232468E-02  0.0000000E+00
  0.2137545E-01 -0.1139199E-01 -0.9479243E-03  0.0000000E+00
  0.2553610E-01 -0.2309284E-02 -0.2158859E-04  0.0000000E+00
  0.2279226E-01 -0.1529489E-01 -0.5676532E-02  0.0000000E+00
  0.1161853E-01 -0.5135393E-02 -0.4255092E-02  0.0000000E+00
  0.4270301E-02  0.1580368E-02 -0.3346311E-02  0.0000000E+00
  0.5946660E-03  0.4939136E-02 -0.2891337E-02  0.0000000E+00
 -0.6368896E-01  0.1984818E-02 -0.4717576E-03  0.0000000E+00
 -0.7055663E-01 -0.1334454E-01 -0.1462821E-02  0.0000000E+00
 -0.4766978E-01  0.7309451E-03 -0.1316067E-02  0.0000000E+00
 -0.2280034E-01 -0.1031406E-01  0.5193685E-03  0.0000000E+00
 -0.3311414E-02 -0.3539673E-02 -0.5859021E-03  0.0000000E+00
  0.8492718E-02  0.2300680E-02  0.3579750E-03  0.0000000E+00
 -0.1909160E-02 -0.9054411E-03 -0.5829781E-03  0.0000000E+00
  0.9427798E-02  0.3503593E-02 -0.5893698E-04  0.0000000E+00
  0.5201693E-02  0.2678950E-02 -0.2958649E-03  0.0000000E+00
  0.2329948E-02  0.2148066E-02 -0.4516948E-03  0.0000000E+00
  0.8948887E-03  0.1882347E-02 -0.5296451E-03  0.0000000E+00
  0.2974495E-02  0.1049489E-02  0.4166253E-03  0.0000000E+00
  0.2218239E-02 -0.2365993E-02 -0.3386358E-02  0.0000000E+00
 -0.1520764E-01  0.5544155E-02  0.7018573E-03  0.0000000E+00
 -0.7768764E-02 -0.3138783E-02  0.1632375E-02  0.0000000E+00
 -0.4983742E-02  0.4338632E-02  0.1208988E-02  0.0000000E+00
  0.2131099E-02  0.5650510E-02  0.4599907E-03  0.0000000E+00
  0.4837529E-03  0.3031290E-02  0.1902614E-02  0.0000000E+00
  0.9182822E-02  0.6823333E-02 -0.3289456E-03  0.0000000E+00
  0.9497567E-02  0.1912673E-02 -0.1115042E-02  0.0000000E+00
  0.9766279E-02 -0.1563567E-02 -0.1631496E-02  0.0000000E+00
  0.9899754E-02 -0.3298665E-02 -0.1889831E-02  0.0000000E+00
 -0.5224093E-01 -0.4012407E-01 -0.2470260E-02  0.0000000E+00
 -0.4774033E-01 -0.2694656E-01 -0.5782370E-02  0.0000000E+00
 -0.3264544E-01 -0.3199218E-01 -0.1006872E-01  0.0000000E+00
  0.1415168E-01 -0.2602718E-01 -0.1497048E-01  0.0000000E+00
  0.4270613E-01 -0.1228836E-01 -0.1282983E-01  0.0000000E+00
  0.4605939E-01 -0.1824529E-02 -0.1576628E-01  0.0000000E+00
  0.5292777E-01  0.2572277E-01 -0.1310892E-01  0.0000000E+00
  0.4137170E-01  0.3739552E-01 -0.1775457E-01  0.0000000E+00
  0.2932863E-01  0.4543440E-01 -0.1367364E-01  0.0000000E+00
  0.2131959E-01  0.5083042E-01 -0.1092381E-01  0.0000000E+00
  0.1731478E-01  0.5352788E-01 -0.9549327E-02  0.0000000E+00
 -0.4836124E-01 -0.3518566E-01 -0.1998975E-02  0.0000000E+00
 -0.3319742E-01 -0.2220679E-01 -0.2261938E-02  0.0000000E+00
 -0.2388717E-01  0.1085090E-01 -0.3095322E-02  0.0000000E+00
  0.4628872E-02  0.2400450E-01 -0.4333890E-02  0.0000000E+00
  0.2696574E-02  0.8099220E-02 -0.3549655E-02  0.0000000E+00
  0.3346184E-02 -0.7868545E-02 -0.7360200E-03  0.0000000E+00
  0.1758429E-02 -0.1441404E-01  0.1481851E-02  0.0000000E+00
 -0.3460204E-02 -0.6494681E-02  0.2409275E-02  0.0000000E+00
 -0.1727799E-02  0.4368605E-02  0.4541531E-02  0.0000000E+00
 -0.6016621E-03  0.1157662E-01  0.6059418E-02  0.0000000E+00
 -0.3813094E-04  0.1518110E-01  0.6816923E-02  0.0000000E+00
 -0.1129555E-02 -0.1326945E-01 -0.2542099E-02  0.0000000E+00
 -0.9551730E-02  0.5725450E-02 -0.2646193E-02  0.0000000E+00
  0.1739654E-02  0.4231343E-01  0.1287314E-02  0.0000000E+00
  0.4251728E-02  0.2391541E-01 -0.1133180E-03  0.0000000E+00
 -0.5186478E-02  0.1019501E-01 -0.4125621E-02  0.0000000E+00
 -0.5290849E-02  0.8363843E-03 -0.5972011E-02  0.0000000E+00
 -0.3528576E-02 -0.4669545E-02 -0.3411363E-02  0.0000000E+00
  0.5526759E-02 -0.9400655E-02 -0.8444282E-02  0.0000000E+00
  0.9999814E-02 -0.1399523E-01 -0.6813242E-02  0.0000000E+00
  0.1298632E-01 -0.1718007E-01 -0.5692226E-02  0.0000000E+00
  0.1447952E-01 -0.1877068E-01 -0.5132224E-02  0.0000000E+00
 -0.3491837E-01  0.1483707E-02 -0.7429502E-03  0.0000000E+00
 -0.4464443E-01 -0.8049701E-02  0.3260307E-02  0.0000000E+00
 -0.5089533E-01  0.8084648E-02 -0.2383112E-02  0.0000000E+00
  0.5255534E-02  0.6816785E-02 -0.3006959E-02  0.0000000E+00
  0.7008288E-02 -0.1114095E-01  0.1772987E-02  0.0000000E+00
  0.1754557E-01 -0.8659976E-02  0.4089376E-02  0.0000000E+00
  0.1344601E-01 -0.1500163E-01 -0.2723023E-02  0.0000000E+00
  0.1087031E-01  0.6619535E-02 -0.4991908E-02  0.0000000E+00
  0.7120469E-02  0.6721067E-02 -0.5136397E-02  0.0000000E+00
  0.4526564E-02  0.6833471E-02 -0.5260592E-02  0.0000000E+00
  0.3231021E-02  0.6889008E-02 -0.5322264E-02  0.0000000E+00
  0.6502788E-02  0.1023578E-02  0.4974332E-04  0.0000000E+00
 -0.3402041E-03  0.5131846E-02 -0.2763161E-02  0.0000000E+00
  0.1210089E-01  0.2328487E-01 -0.4517446E-02  0.0000000E+00
  0.6913062E-02  0.6721391E-03  0.3718070E-02  0.0000000E+00
 -0.2134897E-03 -0.3166887E-02  0.1554641E-02  0.0000000E+00
 -0.3960018E-02  0.8436764E-03  0.3779431E-02  0.0000000E+00
 -0.5068246E-03 -0.1197495E-02  0.3343457E-02  0.0000000E+00
 -0.1165158E-02 -0.8280957E-02  0.2636149E-02  0.0000000E+00
 -0.2684569E-02 -0.4974034E-02  0.2148831E-03  0.0000000E+00
 -0.3620619E-02 -0.2826907E-02 -0.1316784E-02  0.0000000E+00
 -0.4089802E-02 -0.1752498E-02 -0.2083835E-02  0.0000000E+00
 -0.1829995E-01  0.5496594E-03 -0.1211943E-03  0.0000000E+00
 -0.3226286E-01 -0.4375879E-02  0.1135525E-02  0.0000000E+00
 -0.4341305E-01  0.3415711E-02 -0.2455310E-02  0.0000000E+00
 -0.8137420E-02  0.7844068E-02 -0.5096904E-02  0.0000000E+00
 -0.1570202E-02  0.4055543E-03 -0.1496495E-03  0.0000000E+00
 -0.2905598E-02  0.2388329E-02  0.3765328E-03  0.0000000E+00
 -0.4064054E-02 -0.1569599E-02  0.2515039E-02  0.0000000E+00
 -0.7870470E-02 -0.2444987E-02  0.2038064E-02  0.0000000E+00
 -0.5261411E-02  0.2805056E-02  0.3049043E-02  0.0000000E+00
 -0.3488658E-02  0.6371675E-02  0.3702502E-02  0.0000000E+00
 -0.2602782E-02  0.8153989E-02  0.4029533E-02  0.0000000E+00
  0.4880485E-02  0.2115262E-02 -0.1450773E-03  0.0000000E+00
  0.1159247E-01 -0.1056841E-01  0.2809706E-02  0.0000000E+00
  0.2219664E-01  0.3524597E-02 -0.3240946E-03  0.0000000E+00
  0.6749300E-02  0.2758779E-02  0.5540127E-02  0.0000000E+00
  0.8076835E-02 -0.7399190E-02  0.2000270E-02  0.0000000E+00
  0.1938283E-02 -0.2009122E-02  0.3085475E-02  0.0000000E+00
  0.5802477E-02 -0.8349589E-02  0.3049596E-02  0.0000000E+00
 -0.7626094E-03  0.3410496E-02  0.4668770E-03  0.0000000E+00
 -0.2050427E-02  0.3778754E-02  0.7246174E-03  0.0000000E+00
 -0.2905762E-02  0.3990002E-02  0.8944496E-03  0.0000000E+00
 -0.3333482E-02  0.4096118E-02  0.9794003E-03  0.0000000E+00
  0.8047526E-02  0.8456446E-03 -0.1075543E-03  0.0000000E+00
  0.5501743E-02  0.2474834E-02 -0.9182857E-03  0.0000000E+00
 -0.7457268E-02  0.5592853E-02  0.3027581E-03  0.0000000E+00
  0.1061651E-01  0.7539566E-02  0.1839581E-02  0.0000000E+00
  0.3176278E-02 -0.8167831E-03 -0.1049408E-02  0.0000000E+00
  0.2538915E-02  0.2190455E-03  0.1037350E-02  0.0000000E+00
  0.1672929E-03 -0.2017886E-04  0.6475583E-04  0.0000000E+00
  0.3821681E-02 -0.4832309E-04  0.1635776E-02  0.0000000E+00
  0.2487610E-02  0.2181239E-02  0.6232632E-03  0.0000000E+00
  0.1644844E-02  0.3691102E-02 -0.6656374E-04  0.0000000E+00
  0.1222773E-02  0.4445678E-02 -0.4112579E-03  0.0000000E+00
 -0.6963780E-02 -0.4481315E-03  0.1088239E-03  0.0000000E+00
 -0.8781479E-03 -0.2444269E-02  0.1281912E-03  0.0000000E+00
  0.1378314E-01 -0.1466634E-02  0.4650481E-03  0.0000000E+00
  0.1803877E-02 -0.1498269E-05 -0.8387664E-03  0.0000000E+00
  0.1076611E-02 -0.1532585E-02 -0.1579524E-02  0.0000000E+00
 -0.1531186E-02 -0.1170160E-03 -0.1106787E-02  0.0000000E+00
 -0.2565399E-02 -0.7230643E-02 -0.1968959E-03  0.0000000E+00
 -0.8093354E-03 -0.3321598E-02 -0.1199814E-02  0.0000000E+00
 -0.4571651E-03 -0.1691867E-02 -0.8185328E-03  0.0000000E+00
 -0.2205400E-03 -0.6248770E-03 -0.5622595E-03  0.0000000E+00
 -0.1022619E-03 -0.9109302E-04 -0.4341567E-03  0.0000000E+00
  0.1140288E-01  0.3642441E-02 -0.1779068E-02  0.0000000E+00
  0.3301876E-02  0.1453014E-01  0.3532206E-02  0.0000000E+00
 -0.4045312E-01  0.4569502E-02  0.1522320E-02  0.0000000E+00
 -0.6721779E-01 -0.5386564E-02  0.2933162E-02  0.0000000E+00
 -0.6701602E-01 -0.1560858E-01  0.1306357E-02  0.0000000E+00
 -0.7351671E-01 -0.1717447E-01  0.8981103E-03  0.0000000E+00
 -0.6745598E-01 -0.2235507E-01 -0.2478851E-03  0.0000000E+00
 -0.6379692E-01 -0.1905240E-01  0.1351894E-04  0.0000000E+00
 -0.4273578E-01 -0.2832302E-01 -0.3519704E-02  0.0000000E+00
 -0.2864154E-01 -0.3451315E-01 -0.5875900E-02  0.0000000E+00
 -0.2159522E-01 -0.3760808E-01 -0.7053988E-02  0.0000000E+00
  0.4648854E-01  0.8165848E-02 -0.1249729E-02  0.0000000E+00
  0.4605619E-01  0.1076907E-01 -0.4595248E-02  0.0000000E+00
  0.4180199E-01 -0.1887216E-01  0.3509478E-02  0.0000000E+00
  0.1070238E-01 -0.1960976E-01  0.5084450E-02  0.0000000E+00
  0.1504895E-01 -0.5094564E-02  0.6614451E-02  0.0000000E+00
  0.5066846E-02 -0.6397122E-03  0.1087332E-02  0.0000000E+00
  0.1215799E-02 -0.3006467E-04  0.1468767E-02  0.0000000E+00
 -0.3061969E-02 -0.1115937E-02  0.9599761E-03  0.0000000E+00
 -0.8002370E-02 -0.1177222E-02  0.6658077E-03  0.0000000E+00
 -0.1129779E-01 -0.1036615E-02  0.4476765E-03  0.0000000E+00
 -0.1294548E-01 -0.9690114E-03  0.3389390E-03  0.0000000E+00
 -0.1923386E-01 -0.5330098E-02  0.1256732E-02  0.0000000E+00
 -0.1393358E-01 -0.9370152E-02  0.4515219E-02  0.0000000E+00
 -0.9224922E-02 -0.1848648E-01 -0.2579574E-02  0.0000000E+00
  0.1638497E-01 -0.1748771E-02 -0.2022519E-02  0.0000000E+00
  0.2150968E-01  0.1473859E-02  0.1748180E-02  0.0000000E+00
  0.2521432E-01  0.5677845E-02  0.1026299E-02  0.0000000E+00
  0.2454449E-01  0.2911023E-02  0.6810676E-03  0.0000000E+00
  0.1649821E-01  0.5706276E-02  0.5158590E-03  0.0000000E+00
  0.9309680E-02  0.5441970E-02  0.8331852E-03  0.0000000E+00
  0.4522785E-02  0.5306159E-02  0.1026612E-02  0.0000000E+00
  0.2129263E-02  0.5237644E-02  0.1123594E-02  0.0000000E+00
  0.2639914E-01 -0.5028560E-03  0.2203662E-03  0.0000000E+00
  0.3081079E-01  0.1875188E-02 -0.3969597E-03  0.0000000E+00
  0.2032611E-01 -0.1435906E-02 -0.2090760E-02  0.0000000E+00
  0.1139534E-03  0.1005855E-01 -0.1952349E-03  0.0000000E+00
 -0.7135139E-02  0.6702609E-02 -0.8257896E-04  0.0000000E+00
  0.1590519E-02  0.6579481E-02  0.1831717E-02  0.0000000E+00
  0.1549776E-02  0.1038706E-01  0.7675514E-03  0.0000000E+00
 -0.8451066E-03 -0.7206710E-02  0.1223633E-02  0.0000000E+00
  0.1891163E-03 -0.6318844E-02  0.7326953E-03  0.0000000E+00
  0.8700861E-03 -0.5669352E-02  0.4257820E-03  0.0000000E+00
  0.1210705E-02 -0.5345467E-02  0.2720227E-03  0.0000000E+00
 -0.7082696E-02  0.6931901E-03 -0.7539685E-03  0.0000000E+00
 -0.7343376E-02 -0.6350660E-02  0.1208389E-02  0.0000000E+00
 -0.1006856E-01  0.2965365E-02  0.1137946E-02  0.0000000E+00
 -0.7024102E-02  0.1211538E-01 -0.1527836E-02  0.0000000E+00
  0.2236111E-02 -0.1757087E-02  0.3403556E-02  0.0000000E+00
  0.4135548E-02 -0.9518199E-02 -0.1295819E-02  0.0000000E+00
  0.7156456E-02 -0.3808389E-02  0.4963527E-02  0.0000000E+00
 -0.3071651E-02 -0.4435548E-02 -0.7512274E-03  0.0000000E+00
 -0.5360039E-02  0.3048644E-02 -0.1238249E-03  0.0000000E+00
 -0.6863040E-02  0.8108519E-02  0.2919216E-03  0.0000000E+00
 -0.7614891E-02  0.1063742E-01  0.4998287E-03  0.0000000E+00
  0.1337942E-03  0.4637222E-03 -0.5075926E-03  0.0000000E+00
  0.1718195E-02 -0.8812759E-03  0.1010974E-02  0.0000000E+00
 -0.9273716E-02  0.5963735E-02 -0.3078170E-02  0.0000000E+00
  0.7661936E-03 -0.6437083E-02  0.1778479E-02  0.0000000E+00
  0.5565304E-02 -0.5360999E-02 -0.1788149E-02  0.0000000E+00
  0.1380900E-01 -0.4211314E-02  0.2475029E-02  0.0000000E+00
  0.1093752E-01 -0.3126276E-02 -0.1679475E-02  0.0000000E+00
  0.1757527E-01 -0.5082947E-02  0.2456615E-02  0.0000000E+00
  0.1004948E-01 -0.4233696E-02  0.1334274E-02  0.0000000E+00
  0.4963853E-02 -0.3732451E-02  0.5692627E-03  0.0000000E+00
  0.2422078E-02 -0.3480867E-02  0.1870111E-03  0.0000000E+00
 -0.4394958E-02  0.1357543E-03  0.4529235E-03  0.0000000E+00
 -0.1208185E-01  0.1497651E-02 -0.5243170E-03  0.0000000E+00
 -0.7664554E-03 -0.1265184E-02 -0.1501772E-02  0.0000000E+00
 -0.7053474E-02  0.5383997E-02 -0.3217073E-02  0.0000000E+00
  0.6408623E-02  0.3569119E-02 -0.2198285E-03  0.0000000E+00
 -0.8812107E-03  0.2640789E-02  0.1481032E-02  0.0000000E+00
  0.1113677E-02 -0.4067854E-02  0.9588804E-03  0.0000000E+00
  0.2946684E-02 -0.3281899E-02  0.2135191E-02  0.0000000E+00
  0.6871092E-03  0.1027114E-02  0.9249777E-03  0.0000000E+00
 -0.7503636E-03  0.3949053E-02  0.1265675E-03  0.0000000E+00
 -0.1470131E-02  0.5409286E-02 -0.2727611E-03  0.0000000E+00
  0.9042182E-02  0.9325122E-04 -0.4404244E-04  0.0000000E+00
  0.5694755E-02 -0.2284578E-02  0.1836012E-02  0.0000000E+00
 -0.1587861E-02 -0.1344049E-02  0.1104705E-02  0.0000000E+00
 -0.5350441E-02 -0.9024099E-02 -0.3329465E-04  0.0000000E+00
 -0.2115682E-02  0.2797779E-02  0.2388056E-05  0.0000000E+00
 -0.2043934E-02 -0.6832412E-03 -0.9781340E-03  0.0000000E+00
 -0.5374829E-02  0.4777081E-02  0.1871359E-02  0.0000000E+00
  0.2648978E-02 -0.1196987E-02 -0.2317429E-04  0.0000000E+00
 -0.5545921E-03 -0.4039345E-03 -0.6491477E-03  0.0000000E+00
 -0.2668415E-02  0.1471401E-03 -0.1037463E-02  0.0000000E+00
 -0.3725669E-02  0.4223403E-03 -0.1232055E-02  0.0000000E+00
 -0.4792975E-02  0.2668185E-03 -0.1238642E-03  0.0000000E+00
 -0.7733007E-02  0.3597396E-03  0.1915650E-03  0.0000000E+00
  0.1064148E-01 -0.3554551E-03  0.2127620E-02  0.0000000E+00
  0.5188614E-02  0.6370781E-02  0.1307848E-02  0.0000000E+00
  0.9083177E-02  0.2011705E-02 -0.1142052E-02  0.0000000E+00
  0.5017784E-02  0.2199817E-02  0.1160937E-03  0.0000000E+00
  0.7458410E-02 -0.3069782E-03  0.1685662E-02  0.0000000E+00
  0.5549795E-02  0.1542089E-03 -0.5688554E-03  0.0000000E+00
  0.6172654E-02  0.7237693E-03  0.1864027E-03  0.0000000E+00
  0.6568190E-02  0.1157083E-02  0.6695905E-03  0.0000000E+00
  0.6766245E-02  0.1372944E-02  0.9114934E-03  0.0000000E+00
  0.9997785E-03  0.9059161E-03 -0.6318701E-04  0.0000000E+00
 -0.3566297E-03  0.7829323E-02 -0.2103123E-02  0.0000000E+00
 -0.6798957E-02  0.3269356E-03 -0.4358646E-02  0.0000000E+00
 -0.2860133E-01 -0.2019198E-02  0.4781652E-03  0.0000000E+00
 -0.3769280E-01 -0.9390267E-02  0.1730511E-02  0.0000000E+00
 -0.4243910E-01 -0.1375457E-01  0.3860420E-02  0.0000000E+00
 -0.3913695E-01 -0.1607703E-01  0.1906674E-02  0.0000000E+00
 -0.3597276E-01 -0.1752996E-01  0.1236386E-02  0.0000000E+00
 -0.2116399E-01 -0.2044184E-01  0.9552724E-03  0.0000000E+00
 -0.1121498E-01 -0.2239884E-01  0.7872875E-03  0.0000000E+00
 -0.6241629E-02 -0.2337710E-01  0.7030086E-03  0.0000000E+00
  0.8839626E-02  0.3451125E-02 -0.8270005E-03  0.0000000E+00
  0.2090492E-02  0.1058014E-01  0.2321491E-03  0.0000000E+00
  0.1125915E-01  0.4237582E-02 -0.1291378E-02  0.0000000E+00
  0.8090604E-02  0.7382848E-02 -0.7914471E-02  0.0000000E+00
  0.2348826E-02  0.4526253E-02 -0.1029408E-01  0.0000000E+00
  0.6070455E-02  0.3352152E-02 -0.8525202E-02  0.0000000E+00
 -0.5256070E-02  0.3564753E-02 -0.4522282E-02  0.0000000E+00
 -0.3256679E-02 -0.4810961E-03 -0.1942440E-02  0.0000000E+00
 -0.3840503E-02 -0.4813342E-02 -0.1837609E-02  0.0000000E+00
 -0.4225363E-02 -0.7650769E-02 -0.1793629E-02  0.0000000E+00
 -0.4417859E-02 -0.9070227E-02 -0.1771253E-02  0.0000000E+00
 -0.1050011E-01 -0.3922991E-02 -0.1054159E-02  0.0000000E+00
 -0.1642897E-01  0.2172596E-02  0.2822887E-02  0.0000000E+00
 -0.1730159E-02 -0.7639894E-02  0.1335318E-02  0.0000000E+00
 -0.9445478E-03  0.2510713E-02  0.1455337E-03  0.0000000E+00
 -0.9612216E-02  0.4006758E-02 -0.6563158E-02  0.0000000E+00
 -0.2210242E-02 -0.4946265E-03 -0.1447634E-02  0.0000000E+00
 -0.4107397E-02 -0.2897657E-02 -0.2363168E-02  0.0000000E+00
 -0.2620959E-02  0.1652105E-02  0.9622854E-03  0.0000000E+00
 -0.4226621E-02  0.5155512E-02  0.5408183E-03  0.0000000E+00
 -0.5247316E-02  0.7467229E-02  0.3355043E-03  0.0000000E+00
 -0.5758407E-02  0.8623440E-02  0.2317231E-03  0.0000000E+00
  0.1472179E-01  0.2662399E-03 -0.2812718E-03  0.0000000E+00
  0.9308039E-02  0.1222744E-02  0.1486169E-02  0.0000000E+00
  0.2021504E-01  0.1227341E-02 -0.8658409E-03  0.0000000E+00
  0.1667522E-02  0.7713334E-02  0.1910070E-02  0.0000000E+00
 -0.3869389E-02  0.3432275E-04 -0.1299988E-02  0.0000000E+00
 -0.6033277E-02  0.1415980E-01  0.1436055E-02  0.0000000E+00
 -0.8156967E-02  0.1405708E-02  0.6197100E-03  0.0000000E+00
 -0.7658250E-02 -0.7355325E-03 -0.1809194E-02  0.0000000E+00
 -0.7560605E-02 -0.1225865E-02 -0.9205291E-03  0.0000000E+00
 -0.7490820E-02 -0.1517179E-02 -0.3129259E-03  0.0000000E+00
 -0.7456002E-02 -0.1663353E-02 -0.9344702E-05  0.0000000E+00
 -0.8246586E-02  0.4739949E-03  0.2858711E-03  0.0000000E+00
 -0.7716317E-02  0.1699007E-02 -0.3167250E-02  0.0000000E+00
 -0.2181974E-02  0.8621103E-04 -0.7168683E-03  0.0000000E+00
 -0.3936469E-02 -0.3858615E-02  0.7245875E-03  0.0000000E+00
  0.9159099E-03 -0.1393492E-02 -0.5803948E-03  0.0000000E+00
  0.3073168E-02 -0.1432409E-02 -0.2058202E-02  0.0000000E+00
  0.4388157E-02 -0.1901870E-03 -0.7464700E-03  0.0000000E+00
 -0.6666306E-02  0.3406761E-02 -0.7011153E-03  0.0000000E+00
 -0.5849441E-02  0.3185254E-02 -0.5711212E-03  0.0000000E+00
 -0.5287530E-02  0.2999439E-02 -0.5270766E-03  0.0000000E+00
 -0.5006847E-02  0.2907109E-02 -0.5044168E-03  0.0000000E+00
  0.4010357E-02  0.9964271E-04  0.2562766E-03  0.0000000E+00
 -0.2080723E-02 -0.2807350E-02 -0.1137017E-03  0.0000000E+00
  0.1575121E-01 -0.3856444E-02 -0.1863986E-02  0.0000000E+00
  0.3547047E-02  0.2757456E-02  0.3134166E-04  0.0000000E+00
 -0.3561119E-02 -0.1803834E-02 -0.1897594E-03  0.0000000E+00
  0.1179117E-02  0.6018059E-02  0.6016059E-03  0.0000000E+00
  0.2649296E-02 -0.4724296E-02 -0.1466720E-02  0.0000000E+00
  0.3775046E-02  0.2241778E-02  0.2249373E-02  0.0000000E+00
  0.2173639E-02 -0.3649688E-03  0.2048305E-02  0.0000000E+00
  0.1127358E-02 -0.2190094E-02  0.1919331E-02  0.0000000E+00
  0.6039078E-03 -0.3101355E-02  0.1854766E-02  0.0000000E+00
 -0.2067743E-02 -0.1002061E-02 -0.1740224E-04  0.0000000E+00
 -0.3317599E-02 -0.1012668E-02  0.1149790E-02  0.0000000E+00
  0.5902038E-02 -0.1924122E-02  0.8807283E-03  0.0000000E+00
 -0.3634056E-02  0.9821667E-03  0.4725352E-02  0.0000000E+00
  0.1095000E-01  0.4247436E-02  0.5873544E-03  0.0000000E+00
  0.2803190E-02 -0.1463945E-02  0.3466779E-02  0.0000000E+00
  0.4225302E-02 -0.2023182E-02 -0.7206007E-03  0.0000000E+00
  0.9264495E-02 -0.6242632E-04 -0.2361701E-02  0.0000000E+00
  0.4085421E-02 -0.1906996E-02 -0.2542950E-02  0.0000000E+00
  0.5957085E-03 -0.3218969E-02 -0.2641799E-02  0.0000000E+00
 -0.1148590E-02 -0.3873731E-02 -0.2691551E-02  0.0000000E+00
 -0.8246476E-02 -0.1625838E-03 -0.3230446E-03  0.0000000E+00
 -0.4579324E-02  0.2143820E-02 -0.4365653E-03  0.0000000E+00
  0.6421854E-02  0.8587386E-03  0.9253500E-03  0.0000000E+00
  0.4653297E-02  0.4272314E-02 -0.1003186E-02  0.0000000E+00
 -0.6441437E-03  0.2104297E-02 -0.2059576E-02  0.0000000E+00
  0.3841252E-02  0.2530959E-02 -0.4545310E-03  0.0000000E+00
 -0.1444843E-02 -0.1043283E-02 -0.2280308E-02  0.0000000E+00
  0.8271324E-03 -0.3692283E-03 -0.1124681E-02  0.0000000E+00
  0.8576410E-03  0.4895653E-03 -0.7088900E-03  0.0000000E+00
  0.8957463E-03  0.1071635E-02 -0.4571100E-03  0.0000000E+00
  0.9145361E-03  0.1362523E-02 -0.3308408E-03  0.0000000E+00
  0.6071523E-02  0.6922597E-03 -0.2610388E-04  0.0000000E+00
  0.2263840E-03 -0.3647586E-03 -0.1718208E-03  0.0000000E+00
 -0.7725021E-03  0.2386930E-02 -0.7614253E-03  0.0000000E+00
  0.2354390E-02 -0.5855724E-02 -0.9841172E-03  0.0000000E+00
 -0.4014137E-02  0.2731674E-02 -0.8586305E-04  0.0000000E+00
  0.2411114E-02  0.4523081E-03  0.5091168E-03  0.0000000E+00
 -0.1552693E-02  0.1632951E-03 -0.1023076E-02  0.0000000E+00
  0.4395377E-02  0.4276908E-02 -0.8351406E-03  0.0000000E+00
  0.2269762E-02  0.1589230E-02 -0.6258786E-04  0.0000000E+00
  0.8833159E-03 -0.2483961E-03  0.4607927E-03  0.0000000E+00
  0.1896296E-03 -0.1166531E-02  0.7223573E-03  0.0000000E+00
  0.3711880E-03  0.1554273E-02  0.3583531E-04  0.0000000E+00
  0.3123550E-02  0.4837888E-02  0.9103044E-03  0.0000000E+00
  0.6449270E-02 -0.8363077E-02 -0.2254737E-02  0.0000000E+00
  0.5092081E-02  0.1249505E-02  0.2032835E-02  0.0000000E+00
  0.9872605E-02 -0.2263228E-02 -0.6615563E-03  0.0000000E+00
  0.9534046E-02 -0.4568176E-03  0.1502567E-03  0.0000000E+00
  0.8116209E-02 -0.5110673E-03  0.1181820E-03  0.0000000E+00
  0.8790613E-02  0.4467337E-02  0.1895233E-02  0.0000000E+00
  0.5980103E-02  0.4132033E-02  0.1473573E-02  0.0000000E+00
  0.4130921E-02  0.3917175E-02  0.1216222E-02  0.0000000E+00
  0.3205964E-02  0.3809620E-02  0.1087189E-02  0.0000000E+00
 -0.7747161E-02  0.4442864E-02  0.4013625E-03  0.0000000E+00
 -0.7105055E-02  0.5066924E-02 -0.4061198E-03  0.0000000E+00
 -0.2156722E-02 -0.4197349E-02  0.4821416E-02  0.0000000E+00
  0.2278777E-02  0.4141624E-02 -0.1346164E-02  0.0000000E+00
 -0.2742562E-02  0.1873133E-02  0.1147324E-02  0.0000000E+00
 -0.2612915E-02  0.1057243E-02 -0.1106605E-02  0.0000000E+00
 -0.2592905E-02  0.1400118E-03 -0.4288324E-02  0.0000000E+00
 -0.5401914E-02 -0.1569720E-02 -0.1151285E-02  0.0000000E+00
  0.6437693E-03 -0.1285889E-02 -0.4208803E-03  0.0000000E+00
  0.4663384E-02 -0.1049533E-02  0.5382426E-04  0.0000000E+00
  0.6673352E-02 -0.9320586E-03  0.2913546E-03  0.0000000E+00
  0.3325811E-02  0.4443555E-02  0.6013819E-03  0.0000000E+00
  0.6769754E-03 -0.5301717E-02  0.3044443E-02  0.0000000E+00
 -0.6555394E-03 -0.6689134E-02 -0.3890553E-02  0.0000000E+00
 -0.2462255E-02 -0.1768791E-02  0.1413770E-02  0.0000000E+00
 -0.2310283E-02  0.3913037E-03  0.3595691E-02  0.0000000E+00
 -0.3587468E-03  0.3485219E-02  0.9350177E-03  0.0000000E+00
 -0.2902305E-02 -0.2072792E-02  0.1021172E-02  0.0000000E+00
 -0.1689608E-02  0.1570692E-02 -0.1222395E-02  0.0000000E+00
 -0.3251322E-02 -0.2386093E-02 -0.1946876E-02  0.0000000E+00
 -0.4285265E-02 -0.4991084E-02 -0.2404717E-02  0.0000000E+00
 -0.4802341E-02 -0.6294074E-02 -0.2634010E-02  0.0000000E+00
 -0.1556243E-01 -0.1537381E-03 -0.2237349E-03  0.0000000E+00
 -0.1702486E-01  0.7123903E-03  0.8567669E-03  0.0000000E+00
 -0.7896038E-02 -0.1854949E-02 -0.2742223E-02  0.0000000E+00
 -0.2354200E-02  0.5232565E-02  0.2342573E-02  0.0000000E+00
 -0.9146689E-02  0.6446854E-02  0.1369756E-02  0.0000000E+00
 -0.4208828E-02 -0.1079684E-04 -0.5817761E-02  0.0000000E+00
 -0.4006925E-02 -0.1615997E-03  0.4103209E-03  0.0000000E+00
 -0.4224490E-02 -0.6532428E-03 -0.4206255E-03  0.0000000E+00
 -0.1158653E-02 -0.1269486E-02 -0.3236491E-03  0.0000000E+00
  0.9219035E-03 -0.1641082E-02 -0.2428695E-03  0.0000000E+00
  0.1961632E-02 -0.1827463E-02 -0.2027230E-03  0.0000000E+00
 -0.1438708E-02  0.3449636E-03 -0.3798833E-03  0.0000000E+00
 -0.4387652E-02 -0.3678693E-02  0.9522996E-03  0.0000000E+00
 -0.1931917E-02  0.2598831E-02  0.2606962E-02  0.0000000E+00
 -0.8633198E-03  0.3959797E-02  0.1212581E-02  0.0000000E+00
  0.2525954E-02 -0.1544472E-02 -0.2785818E-04  0.0000000E+00
  0.3675010E-02  0.1154731E-02 -0.9167823E-04  0.0000000E+00
  0.6242733E-03 -0.5906000E-02 -0.1718165E-02  0.0000000E+00
  0.9619629E-04  0.2247884E-02 -0.8018126E-03  0.0000000E+00
 -0.2056281E-02  0.3291177E-02 -0.3796163E-03  0.0000000E+00
 -0.3477096E-02  0.3951744E-02 -0.1273487E-03  0.0000000E+00
 -0.4187708E-02  0.4282552E-02 -0.7775917E-06  0.0000000E+00
 -0.4664629E-02 -0.3822193E-03 -0.1088954E-03  0.0000000E+00
 -0.2852850E-02  0.1482398E-02 -0.3473993E-03  0.0000000E+00
 -0.1472154E-01  0.1409736E-02 -0.1073705E-02  0.0000000E+00
  0.3089020E-02 -0.2003891E-02  0.1743717E-02  0.0000000E+00
 -0.1064662E-02 -0.2046750E-02 -0.4300202E-03  0.0000000E+00
  0.2806271E-02 -0.4491461E-02  0.6760315E-03  0.0000000E+00
 -0.3123013E-02 -0.3361517E-03 -0.2461447E-02  0.0000000E+00
  0.1053557E-02 -0.1091851E-02 -0.1444560E-02  0.0000000E+00
 -0.1238465E-02 -0.5822732E-03 -0.1639948E-02  0.0000000E+00
 -0.2792127E-02 -0.2171323E-03 -0.1747804E-02  0.0000000E+00
 -0.3568571E-02 -0.3494462E-04 -0.1802065E-02  0.0000000E+00
  0.3078176E-02  0.4001284E-03  0.2263476E-03  0.0000000E+00
  0.2079217E-02 -0.1176942E-02 -0.5218070E-03  0.0000000E+00
  0.2352080E-02  0.4117597E-02 -0.1991874E-02  0.0000000E+00
 -0.3580198E-02 -0.5147502E-02 -0.1378627E-02  0.0000000E+00
  0.2505717E-02 -0.2601901E-02  0.1165226E-02  0.0000000E+00
 -0.1189500E-02  0.4906888E-03 -0.1702238E-02  0.0000000E+00
  0.8053698E-03 -0.8609596E-03  0.1210489E-02  0.0000000E+00
 -0.5360773E-03 -0.1431059E-02  0.5495425E-03  0.0000000E+00
 -0.3711441E-04  0.7870700E-03  0.7832978E-03  0.0000000E+00
  0.3467123E-03  0.2247871E-02  0.9465077E-03  0.0000000E+00
  0.5378605E-03  0.2978546E-02  0.1028001E-02  0.0000000E+00
  0.1672008E-02 -0.6531018E-03 -0.1850705E-03  0.0000000E+00
  0.5421487E-02  0.1435461E-02  0.1540488E-02  0.0000000E+00
 -0.6122254E-02 -0.5856705E-02 -0.1081694E-02  0.0000000E+00
  0.7746127E-02 -0.4435540E-02 -0.1762480E-03  0.0000000E+00
 -0.7322946E-03 -0.1917589E-02 -0.7809444E-03  0.0000000E+00
  0.1074525E-02 -0.1341358E-02  0.5574780E-03  0.0000000E+00
 -0.8893405E-03 -0.5135161E-02 -0.5577834E-03  0.0000000E+00
  0.1498337E-02  0.1327735E-02 -0.9552856E-03  0.0000000E+00
 -0.1303913E-02 -0.1219834E-02 -0.7082107E-03  0.0000000E+00
 -0.3188950E-02 -0.2966670E-02 -0.5355373E-03  0.0000000E+00
 -0.4131204E-02 -0.3839353E-02 -0.4493206E-03  0.0000000E+00
  0.4746748E-02  0.7314457E-03 -0.1310235E-03  0.0000000E+00
  0.4866849E-02 -0.1490631E-02  0.3804892E-03  0.0000000E+00
  0.1273559E-01  0.3322538E-02  0.6305509E-03  0.0000000E+00
 -0.3745122E-02  0.1730617E-02 -0.1404111E-03  0.0000000E+00
  0.3566393E-02  0.3653115E-03 -0.3997801E-03  0.0000000E+00
  0.1746466E-03  0.4207136E-02  0.9144586E-03  0.0000000E+00
  0.3069629E-02 -0.5691565E-03 -0.6206059E-03  0.0000000E+00
 -0.2155561E-03  0.4014984E-03  0.1584583E-03  0.0000000E+00
  0.4394240E-03 -0.4671880E-03  0.3347480E-03  0.0000000E+00
  0.8860715E-03 -0.1007684E-02  0.4581718E-03  0.0000000E+00
  0.1109241E-02 -0.1278507E-02  0.5197985E-03  0.0000000E+00
 -0.3959487E-04 -0.3672272E-02  0.9287573E-03  0.0000000E+00
  0.4665272E-02  0.7690809E-02 -0.9154768E-03  0.0000000E+00
 -0.5259540E-02  0.1493317E-02  0.2478718E-02  0.0000000E+00
 -0.2263291E-01  0.4913735E-02  0.3062343E-03  0.0000000E+00
 -0.2643591E-01  0.1170238E-02  0.1168199E-02  0.0000000E+00
 -0.2770894E-01  0.1491211E-02  0.3768355E-02  0.0000000E+00
 -0.2684099E-01 -0.5174382E-02  0.3764431E-02  0.0000000E+00
 -0.2502713E-01  0.4241926E-03  0.1127994E-02  0.0000000E+00
 -0.1532582E-01 -0.4133229E-02  0.1370241E-02  0.0000000E+00
 -0.8847773E-02 -0.7184568E-02  0.1504635E-02  0.0000000E+00
 -0.5608916E-02 -0.8710041E-02  0.1572237E-02  0.0000000E+00
  0.2582313E-02 -0.2642367E-02 -0.1433097E-02  0.0000000E+00
  0.8748684E-02  0.1065863E-01  0.1930427E-02  0.0000000E+00
  0.8295890E-02  0.8697993E-03 -0.3597588E-02  0.0000000E+00
  0.2653661E-02 -0.6627397E-02 -0.3741884E-02  0.0000000E+00
 -0.5724269E-02  0.2358308E-02  0.3176057E-02  0.0000000E+00
 -0.6065132E-02  0.6676728E-03  0.4272869E-02  0.0000000E+00
 -0.1099882E-01 -0.2496721E-02  0.2756947E-02  0.0000000E+00
 -0.8259303E-02 -0.3866307E-02  0.3866823E-02  0.0000000E+00
 -0.7933275E-02 -0.4495779E-02  0.1856246E-02  0.0000000E+00
 -0.7695835E-02 -0.4843548E-02  0.5360935E-03  0.0000000E+00
 -0.7577419E-02 -0.5018499E-02 -0.1242856E-03  0.0000000E+00
  0.4451203E-02 -0.9705160E-02 -0.1347318E-02  0.0000000E+00
  0.1490095E-02  0.5731450E-02  0.2683555E-03  0.0000000E+00
  0.9326772E-02 -0.7145157E-02 -0.8610702E-03  0.0000000E+00
  0.2832827E-02 -0.2678732E-02 -0.3162667E-02  0.0000000E+00
  0.7641106E-02 -0.1297384E-02 -0.2578490E-02  0.0000000E+00
  0.4325365E-02 -0.2754663E-02  0.8602608E-03  0.0000000E+00
  0.7512996E-02 -0.4343260E-02  0.4706045E-02  0.0000000E+00
  0.5483050E-02 -0.3028206E-02  0.2962112E-02  0.0000000E+00
  0.1756423E-02 -0.1538249E-02  0.2333016E-02  0.0000000E+00
 -0.7101925E-03 -0.5455863E-03  0.1853596E-02  0.0000000E+00
 -0.1943771E-02 -0.4924433E-04  0.1614783E-02  0.0000000E+00
 -0.1714496E-02 -0.2243838E-03 -0.2580248E-03  0.0000000E+00
 -0.1282352E-02  0.1841713E-02  0.1635339E-02  0.0000000E+00
  0.9961854E-02  0.6831657E-03 -0.2158310E-02  0.0000000E+00
 -0.1550475E-02 -0.9111146E-02 -0.1974625E-02  0.0000000E+00
  0.1451130E-02  0.3417008E-02 -0.3254271E-02  0.0000000E+00
 -0.1471191E-02 -0.6441867E-02 -0.1746446E-03  0.0000000E+00
 -0.2302228E-02  0.5294913E-02  0.9087210E-04  0.0000000E+00
 -0.1748968E-04 -0.5205110E-02 -0.4934951E-03  0.0000000E+00
 -0.3016675E-02 -0.4512645E-02 -0.7057418E-03  0.0000000E+00
 -0.5021739E-02 -0.4017668E-02 -0.8738948E-03  0.0000000E+00
 -0.6024186E-02 -0.3770688E-02 -0.9575730E-03  0.0000000E+00
  0.4153617E-02  0.3067244E-04  0.2563834E-03  0.0000000E+00
  0.4071422E-02  0.2033795E-02 -0.1692820E-02  0.0000000E+00
 -0.4569447E-03  0.3275818E-03  0.1101864E-02  0.0000000E+00
 -0.4757566E-02  0.7380534E-02 -0.5452885E-03  0.0000000E+00
  0.1185924E-02  0.1556599E-03 -0.3847460E-02  0.0000000E+00
  0.1067285E-02  0.9291486E-03  0.5656833E-03  0.0000000E+00
  0.4027251E-02 -0.4713608E-02 -0.2342200E-02  0.0000000E+00
  0.3417098E-03  0.1458984E-02  0.3238018E-03  0.0000000E+00
  0.5057530E-03  0.3289888E-02  0.6317990E-03  0.0000000E+00
  0.6441765E-03  0.4530197E-02  0.8559509E-03  0.0000000E+00
  0.7129478E-03  0.5150062E-02  0.9677410E-03  0.0000000E+00
  0.2212090E-02 -0.1513622E-03  0.3582892E-05  0.0000000E+00
  0.1549799E-02 -0.2628055E-02  0.8943348E-04  0.0000000E+00
  0.2412473E-02  0.6641824E-03 -0.4420979E-03  0.0000000E+00
  0.2527085E-02 -0.5176135E-03  0.9075519E-03  0.0000000E+00
  0.4988264E-02  0.6121715E-03 -0.1909150E-02  0.0000000E+00
  0.4444195E-02  0.1220109E-02  0.6395134E-03  0.0000000E+00
  0.9120973E-02  0.3137120E-02 -0.5524103E-03  0.0000000E+00
  0.4939972E-02 -0.2346507E-02  0.1226289E-02  0.0000000E+00
  0.1965811E-02 -0.2221047E-02  0.5607258E-03  0.0000000E+00
 -0.3989672E-04 -0.2166019E-02  0.1083272E-03  0.0000000E+00
 -0.1042407E-02 -0.2138084E-02 -0.1177391E-03  0.0000000E+00
 -0.2138256E-02 -0.6756261E-03  0.3968970E-04  0.0000000E+00
 -0.4981979E-02 -0.5841073E-03  0.6864715E-03  0.0000000E+00
 -0.5337632E-02 -0.6145020E-05  0.4864445E-03  0.0000000E+00
  0.1513335E-02  0.4251457E-03 -0.3043999E-03  0.0000000E+00
  0.2194535E-02  0.7049078E-03 -0.4165804E-02  0.0000000E+00
 -0.9874102E-03  0.4737883E-02 -0.7536558E-03  0.0000000E+00
  0.1244800E-02  0.4709366E-04 -0.2801162E-02  0.0000000E+00
  0.3570163E-02 -0.2550032E-02 -0.9346136E-03  0.0000000E+00
  0.1214984E-02  0.1050443E-02 -0.2745238E-03  0.0000000E+00
 -0.3645287E-03  0.3477394E-02  0.1539342E-03  0.0000000E+00
 -0.1154142E-02  0.4690482E-02  0.3683340E-03  0.0000000E+00
  0.3153497E-02 -0.2682866E-03 -0.1167527E-03  0.0000000E+00
  0.6025059E-03  0.1936879E-02 -0.4314843E-03  0.0000000E+00
  0.4220935E-02  0.2109498E-02  0.1401828E-02  0.0000000E+00
  0.7140818E-03  0.1844841E-02 -0.2299003E-02  0.0000000E+00
 -0.4276611E-02 -0.4011669E-03 -0.6770957E-03  0.0000000E+00
  0.6256423E-02 -0.2220770E-04  0.6913243E-04  0.0000000E+00
 -0.1743231E-02 -0.3020029E-02 -0.5569175E-03  0.0000000E+00
  0.6226437E-02 -0.1647228E-02  0.1118464E-02  0.0000000E+00
  0.3991784E-02 -0.1561307E-03  0.6804205E-03  0.0000000E+00
  0.2500102E-02  0.8212672E-03  0.3866855E-03  0.0000000E+00
  0.1754286E-02  0.1310222E-02  0.2398426E-03  0.0000000E+00
 -0.4737191E-02  0.1964494E-03 -0.1560659E-03  0.0000000E+00
 -0.2484555E-02  0.4859605E-03 -0.4529918E-03  0.0000000E+00
 -0.5849945E-02 -0.3627690E-02 -0.2359414E-03  0.0000000E+00
  0.2157557E-02 -0.2290150E-02  0.1516645E-02  0.0000000E+00
  0.7460940E-03 -0.7443005E-03  0.1653388E-02  0.0000000E+00
  0.3515347E-02  0.1271774E-02  0.1010519E-02  0.0000000E+00
  0.1609188E-02  0.7660944E-03 -0.6184626E-04  0.0000000E+00
  0.2999793E-02 -0.2257435E-02 -0.5096439E-03  0.0000000E+00
  0.2753701E-02 -0.9882416E-03 -0.5800095E-04  0.0000000E+00
  0.2584540E-02 -0.1540385E-03  0.2410152E-03  0.0000000E+00
  0.2500034E-02  0.2632419E-03  0.3905564E-03  0.0000000E+00
