  3  1  1120 54096  4  4  7  8  5  4    0.00    6.28  200.00  600.00    0.00    6.28   32.00   54.00
  200.0  200.0  200.0  200.0  250.0  350.0  450.0  550.0  600.0  600.0  600.0  600.0
  0.1627751E+04 -0.5784122E+04  0.8029725E+03  0.8969382E+03
  0.9199849E+03 -0.8332599E+04  0.4313711E+03  0.1344686E+03
  0.1607891E+04 -0.1261689E+05 -0.8829842E+03 -0.1781316E+03
  0.2946067E+04 -0.9208992E+04 -0.1649618E+04  0.2612463E+04
  0.1093113E+04 -0.1945354E+04  0.2851821E+04 -0.1003756E+04
  0.4368750E+03 -0.8399719E+03  0.1854205E+04 -0.1456882E+03
 -0.4299525E+02 -0.1424340E+03  0.1235305E+04  0.3294347E+03
 -0.2041201E+03  0.9094480E+02  0.1028565E+04  0.4873300E+03
 -0.5926774E+04 -0.3500385E+04  0.1824631E+04  0.2082520E+04
 -0.6242950E+04 -0.3998845E+04  0.3345654E+03  0.2299144E+04
 -0.3789914E+04 -0.3220694E+04 -0.1427644E+04  0.1066845E+04
  0.8508977E+03  0.2149426E+04  0.2724437E+04  0.6597582E+03
 -0.2010212E+04 -0.1457096E+04  0.1041344E+04 -0.3599034E+03
  0.8071154E+03 -0.2682360E+04  0.1806062E+04 -0.2279528E+04
  0.2440111E+04 -0.3382362E+04  0.2193194E+04 -0.3353712E+04
  0.2984247E+04 -0.3615088E+04  0.2320743E+04 -0.3710572E+04
 -0.2998163E+04  0.1972479E+04  0.1864148E+04  0.1253013E+04
 -0.2222390E+04  0.1832291E+04  0.1222683E+04  0.1093522E+04
 -0.8302976E+03  0.3255366E+04  0.4895490E+03  0.1071812E+04
 -0.8099508E+04  0.7908066E+04 -0.5447481E+03 -0.7133119E+03
 -0.1611567E+04  0.1229699E+04  0.1922301E+04 -0.1055372E+04
 -0.3810879E+04  0.1590162E+04  0.1982452E+04 -0.2529256E+04
 -0.5238622E+04  0.1828898E+04  0.1934001E+04 -0.3407628E+04
 -0.5716287E+04  0.1908864E+04  0.1915720E+04 -0.3700071E+04
 -0.2429827E+04 -0.4802448E+03  0.1219406E+04  0.1951289E+03
 -0.3964709E+04 -0.1944804E+04  0.8531997E+03 -0.5501935E+03
 -0.5065033E+04 -0.1537555E+04  0.4038817E+03 -0.1230267E+04
  0.2119538E+04  0.2912541E+04  0.8106789E+03 -0.6276838E+03
 -0.5023817E+03 -0.3220728E+03 -0.1074075E+04 -0.7010016E+03
  0.1683308E+04 -0.1605067E+03 -0.1064872E+04 -0.5285793E+03
  0.2951361E+04 -0.1803257E+03 -0.1086172E+04 -0.4874184E+03
  0.3372969E+04 -0.1893695E+03 -0.1093784E+04 -0.4746139E+03
  0.2314444E+04 -0.2491659E+04  0.2420000E+04 -0.1067266E+03
  0.1306487E+04 -0.1950436E+04  0.1774186E+04 -0.1224166E+04
 -0.5355562E+03 -0.1236944E+04 -0.5028728E+03 -0.2618778E+04
 -0.1310499E+04  0.1355957E+04  0.3697406E+03  0.7204845E+03
  0.1071194E+04  0.4309942E+03 -0.3937323E+03 -0.7217397E+01
 -0.3792334E+04  0.2394580E+04  0.1801013E+03 -0.7677495E+03
 -0.6707348E+04  0.3597442E+04  0.5906809E+03 -0.1224709E+04
 -0.7678487E+04  0.3998621E+04  0.7289120E+03 -0.1377228E+04
 -0.1590443E+03  0.1206109E+04 -0.4539554E+03 -0.1264048E+03
 -0.2543830E+04 -0.9357927E+03 -0.3527827E+03 -0.1803019E+03
 -0.4643829E+04 -0.1798888E+04  0.3599295E+03  0.3019166E+03
  0.8269409E+03  0.2359679E+04 -0.8180836E+03 -0.2217817E+04
 -0.6110949E+03 -0.1379033E+04 -0.7391659E+02 -0.3359355E+03
  0.3030308E+04 -0.2062233E+04 -0.4069804E+02 -0.1356893E+04
  0.5190212E+04 -0.2448663E+04  0.5769643E+01 -0.2019797E+04
  0.5909480E+04 -0.2576430E+04  0.2163684E+02 -0.2241699E+04
  0.4388618E+03  0.5803107E+03  0.1075060E+04  0.1469497E+04
  0.2095042E+04  0.3807863E+02  0.5576434E+03  0.5585905E+03
  0.2064321E+04 -0.1204564E+04 -0.2730051E+02 -0.1247790E+04
  0.3271304E+03  0.7467285E+03  0.7157587E+02 -0.5855104E+02
  0.1699340E+03 -0.9168088E+03  0.1369212E+04  0.8978739E+03
  0.8568987E+03  0.9072143E+03 -0.1654370E+04  0.2403149E+02
  0.1342995E+04  0.2013934E+04 -0.3531450E+04 -0.5176887E+03
  0.1505548E+04  0.2383048E+04 -0.4158260E+04 -0.6982718E+03
  0.2001558E+04 -0.7670720E+03 -0.2579476E+04 -0.2699430E+04
  0.4092915E+04 -0.1030186E+04 -0.2439926E+04 -0.8370707E+03
  0.6012305E+04 -0.1552026E+04 -0.6027476E+03  0.1912730E+04
  0.1479828E+04 -0.2012139E+04 -0.2480415E+04  0.4110862E+03
 -0.2841680E+04  0.1316171E+04  0.2275418E+04 -0.2814514E+04
 -0.2226128E+04 -0.1514705E+04  0.1894992E+03  0.1659376E+04
 -0.1829628E+04 -0.3190165E+04 -0.1176311E+04  0.4427213E+04
 -0.1696659E+04 -0.3747874E+04 -0.1633669E+04  0.5351099E+04
  0.1052134E+03  0.1438830E+04 -0.2055390E+04 -0.3393768E+03
  0.4086654E+04  0.2259557E+04 -0.2254917E+04  0.8706891E+03
  0.7570663E+04  0.2954645E+04 -0.7663068E+03  0.2776446E+04
 -0.5132239E+04  0.1260790E+04  0.1556101E+04 -0.3403062E+03
 -0.4835465E+03  0.5566044E+04  0.4901688E+03 -0.8426628E+03
 -0.3028245E+04  0.2275456E+04  0.1536990E+04  0.6334116E+03
 -0.4795638E+04  0.5532714E+03  0.2186751E+04  0.1486688E+04
 -0.5390173E+04 -0.1482650E+02  0.2404193E+04  0.1770464E+04
 -0.2197073E+04  0.1637599E+04  0.1820933E+04 -0.2228767E+04
 -0.8573512E+03  0.2244934E+04  0.1637665E+04 -0.4065121E+03
  0.3082425E+04  0.3085178E+04  0.2738876E+04  0.1128860E+03
 -0.6124249E+04  0.1429639E+03  0.8034641E+03  0.2030495E+03
 -0.2840091E+03  0.2481664E+04 -0.4212034E+03 -0.3776351E+04
 -0.2451883E+04  0.1437233E+03 -0.2876181E+04  0.1093340E+04
 -0.3911344E+04 -0.1272023E+04 -0.4338805E+04  0.4065723E+04
 -0.4399807E+04 -0.1744705E+04 -0.4825632E+04  0.5056557E+04
  0.2251663E+04  0.2473991E+03  0.2360045E+03  0.4765722E+03
  0.5757746E+04  0.1128365E+04 -0.1146899E+04  0.1195967E+03
  0.6788849E+04  0.1845526E+04 -0.2887005E+04  0.1137615E+03
 -0.6254032E+04 -0.1045110E+04  0.7170933E+03 -0.2401043E+04
  0.1050100E+04  0.1735236E+04 -0.8757540E+03  0.1479047E+04
  0.1869631E+04  0.4621325E+03  0.1062811E+04 -0.1151676E+04
  0.2395284E+04 -0.1602510E+03  0.2240954E+04 -0.2750514E+04
  0.2570882E+04 -0.3644605E+03  0.2633686E+04 -0.3282835E+04
 -0.1036152E+03  0.1318174E+04 -0.3250076E+03  0.5223719E+03
  0.2286119E+03  0.1187927E+04 -0.4411225E+03  0.7456676E+03
  0.3329409E+03 -0.1242023E+03 -0.2039829E+04  0.1527846E+04
 -0.1537445E+04 -0.3836742E+03  0.3612028E+03 -0.5621954E+03
 -0.1074495E+04  0.1775440E+04 -0.1502735E+04  0.1828179E+04
  0.6740946E+03  0.1852964E+04  0.1336573E+03  0.1256736E+04
  0.1820877E+04  0.1798964E+04  0.1156036E+04  0.8409399E+03
  0.2204941E+04  0.1777971E+04  0.1497087E+04  0.7012190E+03
  0.1794348E+04  0.1023084E+04  0.7753721E+03  0.7271786E+03
  0.4486743E+04  0.1477102E+04 -0.1555108E+04  0.5401048E+03
  0.6127929E+04  0.1217033E+03 -0.2645836E+04 -0.6787362E+03
 -0.4440883E+04 -0.5220863E+03  0.4013409E+04  0.7546708E+03
  0.1978413E+04 -0.3080107E+03  0.1059212E+04 -0.1754029E+04
 -0.2312008E+04 -0.8910172E+03  0.1874419E+03  0.1245542E+04
 -0.5070814E+04 -0.1098977E+04 -0.4395233E+03  0.3131964E+04
 -0.5994298E+04 -0.1165730E+04 -0.6503047E+03  0.3762649E+04
  0.1213383E+04  0.1528244E+04 -0.5027612E+03  0.2667370E+04
  0.2118663E+04  0.8412962E+03  0.4401795E+03  0.2991062E+04
  0.2235852E+04 -0.9388950E+03  0.9675940E+03  0.3361991E+04
 -0.8500305E+03  0.1499953E+03  0.3375264E+04 -0.2990960E+04
 -0.1336087E+04  0.4147153E+03 -0.4776944E+04  0.1931961E+04
  0.1248277E+04 -0.1721375E+04 -0.6589503E+03 -0.6522353E+03
  0.2649449E+04 -0.2888951E+04  0.1930421E+04 -0.2309221E+04
  0.3113076E+04 -0.3274856E+04  0.2795189E+04 -0.2862685E+04
  0.9240640E+02 -0.5370626E+04  0.1465151E+04 -0.1396632E+04
 -0.5058007E+02 -0.5323290E+04  0.1800156E+03 -0.5980807E+03
  0.1950879E+03 -0.4365410E+04 -0.1463361E+04  0.6732539E+03
  0.1576993E+04 -0.2913068E+03  0.1441139E+03 -0.1858491E+04
 -0.1893222E+04 -0.2062984E+04 -0.1435737E+04 -0.2621193E+04
 -0.4995966E+04 -0.4256106E+03 -0.1196237E+04 -0.4136801E+03
 -0.6901612E+04  0.4964618E+03 -0.1033093E+04  0.8902653E+03
 -0.7537641E+04  0.8024534E+03 -0.9783753E+03  0.1324419E+04
 -0.6343011E+04  0.2256136E+04 -0.1069597E+04 -0.4330702E+02
 -0.5376303E+04 -0.7031153E+03 -0.2414924E+04  0.1735561E+04
 -0.1881869E+04 -0.4582453E+04 -0.3186951E+04  0.2917506E+04
  0.7257667E+03 -0.3035645E+03  0.1305194E+04  0.1292902E+04
 -0.4533536E+04  0.2560038E+04 -0.2608190E+04  0.2419201E+03
 -0.3942036E+04 -0.5758069E+03 -0.3463802E+03  0.7187817E+03
 -0.3482566E+04 -0.2568464E+04  0.1017783E+04  0.1102178E+04
 -0.3327024E+04 -0.3234772E+04  0.1472775E+04  0.1231339E+04
 -0.2320390E+04  0.3956758E+04 -0.1247713E+04 -0.2197729E+04
 -0.1809949E+04  0.3592520E+04 -0.1396730E+04 -0.1952720E+04
 -0.2029781E+04  0.3412381E+04 -0.7069229E+03 -0.2360844E+04
 -0.7671397E+04  0.2733123E+04  0.1002720E+04 -0.7605245E+03
 -0.5408763E+04  0.5051667E+04  0.2173425E+04 -0.1004875E+04
 -0.5041970E+04  0.1510993E+04  0.4222422E+03 -0.8829841E+03
 -0.4939205E+04 -0.6136916E+03 -0.6714737E+03 -0.7759723E+03
 -0.4907715E+04 -0.1321692E+04 -0.1036735E+04 -0.7402303E+03
 -0.3516993E+04  0.3960996E+02  0.1579327E+03 -0.1456352E+04
 -0.3856732E+04 -0.1100915E+04 -0.9534081E+03 -0.1147414E+04
 -0.2183873E+04 -0.1137285E+04 -0.2901491E+04 -0.5374719E+03
  0.1761974E+04  0.1493056E+03  0.1958170E+04  0.2564123E+03
 -0.2246985E+04  0.9539965E+03 -0.1506561E+04 -0.9111910E+03
 -0.2798415E+04  0.2893044E+04  0.3460369E+03  0.7467869E+03
 -0.3211476E+04  0.4061143E+04  0.1499230E+04  0.1721042E+04
 -0.3350874E+04  0.4450966E+04  0.1884447E+04  0.2045518E+04
  0.2880815E+04 -0.1510081E+04 -0.6326916E+03 -0.7071438E+03
  0.2525673E+04  0.1468068E+04  0.3012534E+03 -0.1575232E+04
  0.2626317E+04  0.5471938E+04  0.1043258E+04 -0.1744365E+04
  0.7125191E+02 -0.8198479E+03 -0.1115693E+04  0.3593054E+04
 -0.3631774E+04  0.1189027E+04  0.2948202E+04 -0.2487525E+04
 -0.1499732E+04  0.1015319E+04  0.1548352E+04  0.1058731E+04
 -0.2132572E+03  0.8675412E+03  0.6973075E+03  0.3141525E+04
  0.2162862E+03  0.8163487E+03  0.4133445E+03  0.3834591E+04
 -0.2343273E+04  0.4754320E+03  0.1499083E+02  0.5971917E+03
 -0.4756944E+04  0.8994565E+02 -0.9694118E+03  0.8273304E+03
 -0.6614346E+04  0.1273835E+04 -0.2476814E+04  0.3932496E+03
  0.2802561E+04 -0.1149138E+04  0.1819779E+04 -0.2569261E+03
  0.2442554E+03  0.9417625E+03 -0.7848214E+03 -0.2394032E+04
 -0.4200468E+03  0.1002953E+04 -0.2686721E+03  0.1882973E+03
 -0.8052868E+03  0.9518306E+03  0.4332456E+02  0.1733487E+04
 -0.9335541E+03  0.9335025E+03  0.1470173E+03  0.2248653E+04
 -0.2158222E+01  0.1704961E+04 -0.3595452E+03  0.1335232E+04
  0.2063735E+04  0.1684676E+04 -0.3694002E+03  0.8555998E+03
  0.3902390E+04  0.2295629E+04  0.3427574E+03 -0.7786520E+03
 -0.3617765E+04  0.2110357E+04  0.6569903E+03 -0.1659279E+04
  0.5168466E+03  0.2727072E+04 -0.7132651E+03  0.1427751E+04
 -0.1131607E+04  0.2419807E+04  0.1342549E+04 -0.3371162E+03
 -0.2285159E+04  0.2275286E+04  0.2509963E+04 -0.1480766E+04
 -0.2673217E+04  0.2228238E+04  0.2897113E+04 -0.1863100E+04
 -0.9351828E+03  0.1202615E+04 -0.1708122E+04  0.5728962E+03
 -0.1833868E+04  0.1081342E+04 -0.9650149E+03  0.2394942E+03
 -0.2211874E+04  0.4475840E+03 -0.2437624E+03 -0.2370832E+02
  0.2026985E+04 -0.1915249E+04 -0.3273335E+03 -0.1585711E+02
  0.7992030E+03  0.4991149E+03  0.9128650E+03 -0.1505949E+04
  0.2316600E+03  0.5619164E+03  0.9097222E+03  0.2428740E+03
 -0.8637438E+02  0.5444106E+03  0.8756514E+03  0.1316896E+04
 -0.1916191E+03  0.5374003E+03  0.8632658E+03  0.1675186E+04
  0.1428568E+04 -0.2730864E+04 -0.1106955E+03  0.3917791E+03
 -0.5732213E+03 -0.5861691E+03  0.1755841E+04 -0.1323472E+04
 -0.2950370E+04  0.2767850E+04  0.3915566E+04 -0.3636420E+04
  0.3655265E+04 -0.3348824E+04  0.8349304E+02  0.2209514E+04
 -0.1845283E+04  0.1203500E+04 -0.1090377E+03 -0.5896663E+03
 -0.1518827E+04  0.1118776E+04  0.1866968E+03 -0.1285569E+03
 -0.1355822E+04  0.1021255E+04  0.3734924E+03  0.1638436E+03
 -0.1302125E+04  0.9877279E+03  0.4358782E+03  0.2616231E+03
  0.1516104E+04 -0.1900321E+04  0.5736554E+03  0.1568333E+04
  0.5753726E+03 -0.1235616E+04  0.5197326E+03 -0.2035278E+03
 -0.5162699E+03 -0.6062438E+02 -0.3748352E+03 -0.3501491E+04
  0.1886668E+04 -0.3553505E+04 -0.9638293E+03  0.1726805E+04
  0.2746436E+04 -0.8507817E+03 -0.1208916E+04 -0.3528785E+03
  0.2247878E+01 -0.1577703E+03  0.2791951E+03 -0.1121309E+04
 -0.1666371E+04  0.2277782E+03  0.1078777E+04 -0.1491797E+04
 -0.2223125E+04  0.3562832E+03  0.1342642E+04 -0.1613403E+04
 -0.1061996E+03 -0.1421422E+04 -0.2976802E+03  0.1444923E+04
 -0.7683049E+03 -0.4878701E+03  0.5819884E+03  0.7538427E+03
 -0.2865102E+03  0.3745408E+02  0.1549821E+04 -0.1391735E+04
  0.1465582E+04 -0.1210716E+04  0.6566155E+03 -0.1005152E+04
  0.9070315E+03 -0.3446041E+04  0.1007692E+04 -0.5967455E+02
  0.1583502E+04 -0.1900269E+04 -0.2378235E+03  0.4607834E+03
  0.1902639E+04 -0.9000912E+03 -0.9302056E+03  0.7310591E+03
  0.2007350E+04 -0.5656351E+03 -0.1159551E+04  0.8201999E+03
 -0.2042373E+03 -0.5637162E+03  0.7075420E+03  0.1847487E+03
 -0.3799780E+03 -0.1255421E+04 -0.3390517E+03 -0.2323806E+03
  0.2464860E+03 -0.1118604E+04 -0.2340789E+04 -0.2172193E+04
 -0.6274417E+03  0.4667621E+03  0.1753936E+04 -0.1507539E+04
  0.2310076E+04 -0.2752543E+04 -0.9027266E+03 -0.5415316E+03
 -0.2895400E+03  0.8547207E+03 -0.1522751E+04 -0.3346739E+03
 -0.1965955E+04  0.3044251E+04 -0.1819657E+04 -0.2535288E+03
 -0.2527188E+04  0.3774920E+04 -0.1917312E+04 -0.2273009E+03
 -0.7183257E+03 -0.1682033E+04 -0.8644225E+03  0.5777878E+03
 -0.4939681E+03 -0.2007430E+04  0.1000340E+04 -0.8598730E+01
  0.8576462E+03 -0.2507312E+04  0.2889429E+04 -0.1293525E+04
 -0.6530269E+03  0.7619940E+03 -0.1628382E+04  0.9824101E+03
 -0.1311866E+04 -0.1129038E+04  0.5035392E+03  0.6012452E+03
  0.9636619E+03 -0.2697431E+04  0.3202975E+03  0.1761046E+04
  0.2339017E+04 -0.3597236E+04  0.1602015E+03  0.2517187E+04
  0.2798355E+04 -0.3897025E+04  0.1054917E+03  0.2770339E+04
  0.9697933E+03 -0.9024197E+02  0.5379539E+03  0.9096725E+03
 -0.5914584E+03 -0.1520987E+02  0.8561354E+02  0.1930332E+03
 -0.1497103E+04 -0.2947171E+03 -0.1345097E+04 -0.2682822E+03
  0.2330413E+04 -0.1763667E+04 -0.1526225E+03  0.1444141E+04
  0.6875986E+03 -0.1948267E+03 -0.7229419E+03  0.6739412E+03
 -0.7697064E+03  0.1296218E+04 -0.2146964E+03 -0.2550069E+03
 -0.1550143E+04  0.2087968E+04  0.1179120E+03 -0.8458028E+03
 -0.1807991E+04  0.2349346E+04  0.2294656E+03 -0.1043146E+04
  0.6429179E+03 -0.9627700E+03  0.6765300E+03 -0.6060819E+03
  0.1262834E+04 -0.9253358E+03  0.2547989E+03 -0.2274406E+03
  0.1636584E+04 -0.6105733E+03 -0.2110719E+02  0.2257482E+03
 -0.7573818E+03  0.7281848E+03 -0.6048993E+02 -0.6138538E+02
 -0.7575193E+03 -0.2400208E+03 -0.3167539E+03  0.3219807E+03
 -0.6038784E+03 -0.4362139E+03 -0.4929069E+03  0.1063740E+02
 -0.5226458E+03 -0.5284955E+03 -0.5923462E+03 -0.1816887E+03
 -0.4959135E+03 -0.5586928E+03 -0.6251656E+03 -0.2458463E+03
 -0.1048268E+04  0.1587189E+04 -0.1963848E+03 -0.2237931E+03
  0.3443044E+03  0.4514769E+03 -0.1197970E+04  0.8220259E+03
  0.2018683E+04 -0.1335611E+04 -0.2153976E+04  0.2187491E+04
 -0.2203463E+04  0.1723676E+04  0.1773040E+03 -0.1029352E+04
  0.5907096E+03  0.7383512E+02 -0.5198708E+02  0.2227696E+03
  0.2327038E+03 -0.3672713E+03  0.3053936E+02  0.1618406E+03
  0.1778414E+02 -0.5925189E+03  0.7791015E+02  0.1202662E+03
 -0.5390460E+02 -0.6666794E+03  0.9373587E+02  0.1062750E+03
 -0.1070868E+04  0.1300051E+04 -0.1830188E+03 -0.1092078E+04
 -0.4619744E+03  0.1012233E+04 -0.1822309E+03 -0.5074986E+02
  0.4168260E+03  0.5086944E+03  0.3926748E+03  0.1574186E+04
 -0.1918691E+04  0.1894952E+04  0.5991798E+03 -0.8632070E+03
 -0.1669947E+04  0.9310335E+03  0.6730208E+03 -0.2330650E+03
 -0.5158929E+03  0.1766067E+03 -0.3752172E+03  0.5938448E+03
  0.1659580E+03 -0.2625706E+03 -0.9604031E+03  0.1052619E+04
  0.3931675E+03 -0.4090149E+03 -0.1154147E+04  0.1204634E+04
  0.5607249E+02  0.7148934E+03  0.1752210E+03 -0.7412776E+03
  0.6796947E+03  0.2770842E+03 -0.4425328E+03 -0.4208578E+03
  0.6366231E+03  0.8583919E+02 -0.1183951E+04  0.6550536E+03
 -0.1184068E+04  0.5003033E+03 -0.1403460E+03  0.2822394E+03
 -0.4730045E+03  0.1886680E+04 -0.6560606E+03  0.1123412E+03
 -0.7578169E+03  0.1131010E+04  0.2328624E+03 -0.2864292E+03
 -0.8882112E+03  0.6555681E+03  0.7433263E+03 -0.5083590E+03
 -0.9309297E+03  0.4968959E+03  0.9128267E+03 -0.5818325E+03
  0.2551860E+03  0.3078023E+03 -0.4096081E+03 -0.8236912E+02
  0.3505654E+03  0.8027385E+03  0.1413924E+03  0.9069477E+02
  0.6185995E+02  0.8460165E+03  0.1008887E+04  0.1094282E+04
  0.1675297E+03 -0.3088821E+03 -0.8822724E+03  0.8866114E+03
 -0.1428574E+04  0.1567276E+04  0.4696730E+03  0.2876667E+03
  0.1162083E+03 -0.1864382E+03  0.8403465E+03  0.3386284E+03
  0.1109071E+04 -0.1262613E+04  0.1029376E+04  0.3807840E+03
  0.1441410E+04 -0.1622124E+04  0.1091756E+04  0.3950622E+03
  0.3786622E+03  0.9376245E+03  0.4915862E+03 -0.1793778E+03
  0.3781529E+03  0.1115076E+04 -0.6839716E+03  0.1012918E+03
 -0.2339982E+03  0.1301346E+04 -0.1787611E+04  0.5881415E+03
  0.7044745E+02 -0.4838060E+03  0.1263294E+04 -0.4223326E+03
  0.8323502E+03  0.5738537E+03 -0.1922933E+03 -0.5903963E+03
 -0.7040634E+03  0.1285109E+04 -0.1536997E+03 -0.7296174E+03
 -0.1646955E+04  0.1699820E+04 -0.1156054E+03 -0.8346848E+03
 -0.1962030E+04  0.1838148E+04 -0.1024369E+03 -0.8700653E+03
 -0.3594669E+03  0.2820479E+03 -0.3279115E+03 -0.1199790E+03
  0.6001290E+03  0.1814168E+03 -0.2238498E+02  0.2299967E+03
  0.1156125E+04  0.1888093E+03  0.7613690E+03  0.3940238E+03
 -0.1417039E+04  0.9910781E+03  0.4216136E+03 -0.1070806E+04
 -0.4266577E+03  0.2893542E+03 -0.1285223E+03 -0.6774044E+02
  0.4231196E+03 -0.6480559E+03  0.1208876E+03  0.4453594E+02
  0.8642187E+03 -0.1147810E+04  0.2641930E+03  0.1134850E+03
  0.1009618E+04 -0.1312796E+04  0.3116661E+03  0.1364992E+03
 -0.1558064E+02  0.3727081E+03 -0.5576683E+02 -0.6889121E+02
  0.3019513E+02  0.5295389E+03 -0.3343949E+02 -0.7754781E+01
 -0.1419791E+02  0.7906186E+03  0.5502111E+02  0.2158493E+02
 -0.9438361E+02  0.5710717E+03  0.1118185E+03 -0.1772764E+03
  0.2240601E+02  0.5280452E+02 -0.2079928E+03  0.6260138E+02
  0.7045254E+02 -0.1777800E+02 -0.1364735E+03  0.9310879E+01
  0.1046943E+03 -0.6234071E+02 -0.9231093E+02 -0.1921182E+02
  0.1161782E+03 -0.7724918E+02 -0.7756268E+02 -0.2867496E+02
  0.4250313E+03  0.2377476E+03 -0.1262605E+03 -0.1473952E+03
  0.4257657E+03  0.2741177E+03 -0.1954019E+02 -0.1676801E+03
  0.2245664E+03  0.2297227E+03  0.1051088E+03 -0.8595947E+02
 -0.6233074E+02 -0.1303419E+03 -0.1950061E+03 -0.5728655E+02
  0.1226476E+03  0.9606615E+02 -0.8280572E+02  0.2416643E+02
 -0.8576304E+02  0.1536648E+03 -0.1405800E+03  0.1681506E+03
 -0.2069446E+03  0.1864175E+03 -0.1697729E+03  0.2486687E+03
 -0.2473271E+03  0.1973088E+03 -0.1793907E+03  0.2754165E+03
  0.2257297E+03 -0.1408341E+03 -0.1335251E+03 -0.8531378E+02
  0.1634974E+03 -0.1316033E+03 -0.9046804E+02 -0.7525814E+02
  0.5214548E+02 -0.2406849E+03 -0.4804590E+02 -0.7342172E+02
  0.5466078E+03 -0.5736898E+03  0.3407458E+02  0.6429517E+02
  0.1214904E+03 -0.9600362E+02 -0.1348229E+03  0.6493099E+02
  0.2881028E+03 -0.1536885E+03 -0.1473656E+03  0.1885883E+03
  0.3949116E+03 -0.1898368E+03 -0.1489198E+03  0.2627942E+03
  0.4306239E+03 -0.2019119E+03 -0.1492881E+03  0.2875123E+03
  0.1783130E+03  0.3482462E+02 -0.8525786E+02 -0.1189301E+02
  0.2748823E+03  0.1299156E+03 -0.5966861E+02  0.4489376E+02
  0.3403739E+03  0.9152020E+02 -0.2713301E+02  0.1021503E+03
 -0.1335298E+03 -0.2053349E+03 -0.4989294E+02  0.4362982E+02
  0.2540921E+02  0.2328276E+02  0.7526218E+02  0.6306826E+02
 -0.1257669E+03  0.1744937E+02  0.7225450E+02  0.3530030E+02
 -0.2132323E+03  0.2218661E+02  0.7234763E+02  0.2295248E+02
 -0.2423098E+03  0.2393963E+02  0.7241610E+02  0.1890065E+02
 -0.1482160E+03  0.1706460E+03 -0.1808734E+03  0.1071971E+02
 -0.7183305E+02  0.1333381E+03 -0.1338848E+03  0.8993950E+02
  0.5890670E+02  0.8486828E+02  0.2967615E+02  0.1886147E+03
  0.8561135E+02 -0.1091488E+03 -0.1711791E+02 -0.5764804E+02
 -0.6104580E+02 -0.3721611E+02  0.1170618E+02  0.7553366E+01
  0.2681184E+03 -0.1763709E+03 -0.1643836E+02  0.6260572E+02
  0.4653226E+03 -0.2619719E+03 -0.3765147E+02  0.9537850E+02
  0.5310181E+03 -0.2905296E+03 -0.4481395E+02  0.1063121E+03
  0.1531943E+02 -0.9186391E+02  0.2637130E+02  0.8997400E+01
  0.1749156E+03  0.5737511E+02  0.1911197E+02  0.1341556E+02
  0.3159260E+03  0.1163952E+03 -0.3003403E+02 -0.1942871E+02
 -0.4357412E+02 -0.1623352E+03  0.6207798E+02  0.1699549E+03
  0.3314024E+02  0.9769132E+02  0.1277540E+02  0.2545008E+02
 -0.2110494E+03  0.1544490E+03  0.1927221E+01  0.1010284E+03
 -0.3558055E+03  0.1869074E+03 -0.6572327E+01  0.1500146E+03
 -0.4040098E+03  0.1976554E+03 -0.9434948E+01  0.1664089E+03
 -0.1839560E+02 -0.4724526E+02 -0.8061841E+02 -0.1047325E+03
 -0.1324212E+03 -0.6683592E+01 -0.4399048E+02 -0.4151934E+02
 -0.1348141E+03  0.8641616E+02 -0.3580279E+01  0.9035643E+02
 -0.1150388E+02 -0.6186590E+02 -0.5137388E+01 -0.5993880E+00
 -0.1794440E+02  0.6430472E+02 -0.9619125E+02 -0.4892656E+02
 -0.6278350E+02 -0.5602649E+02  0.1194977E+03 -0.1937156E+01
 -0.9482905E+02 -0.1290539E+03  0.2533211E+03  0.2716216E+02
 -0.1055499E+03 -0.1534076E+03  0.2980077E+03  0.3685726E+02
 -0.1345984E+03  0.5772968E+02  0.1767832E+03  0.1878507E+03
 -0.2756728E+03  0.8448187E+02  0.1663359E+03  0.5318738E+02
 -0.4004335E+03  0.1341274E+03  0.4097208E+02 -0.1489128E+03
 -0.8243702E+02  0.1553727E+03  0.1765802E+03 -0.3700916E+02
  0.2249710E+03 -0.8424704E+02 -0.1540973E+03  0.1946215E+03
  0.1806807E+03  0.1259511E+03 -0.1972217E+02 -0.1098532E+03
  0.1535378E+03  0.2506930E+03  0.6901295E+02 -0.2987850E+03
  0.1444645E+03  0.2922242E+03  0.9874215E+02 -0.3618617E+03
  0.5371375E+00 -0.1146153E+03  0.1412138E+03  0.1445276E+02
 -0.2829656E+03 -0.1634419E+03  0.1494968E+03 -0.7002973E+02
 -0.5416869E+03 -0.2007701E+03  0.4204171E+02 -0.2050819E+03
  0.3419882E+03 -0.9582216E+02 -0.1043629E+03  0.2568267E+02
  0.3180564E+02 -0.3789650E+03 -0.3594551E+02  0.4464150E+02
  0.2266996E+03 -0.1278181E+03 -0.1050568E+03 -0.6060447E+02
  0.3605676E+03  0.4415201E+01 -0.1478961E+03 -0.1209197E+03
  0.4055723E+03  0.4805760E+02 -0.1622321E+03 -0.1409697E+03
  0.1588881E+03 -0.1208699E+03 -0.1304591E+03  0.1643461E+03
  0.5894776E+02 -0.1655644E+03 -0.1207474E+03  0.2573236E+02
 -0.2247549E+03 -0.2260539E+03 -0.2052602E+03 -0.2002454E+02
  0.4485407E+03 -0.6604226E+01 -0.6714127E+02 -0.1359930E+02
  0.2541099E+02 -0.1739310E+03  0.3835604E+02  0.2715925E+03
  0.1829277E+03  0.1585940E+02  0.2045139E+03 -0.7612431E+02
  0.2898110E+03  0.1306748E+03  0.3031193E+03 -0.2884754E+03
  0.3256037E+03  0.1690032E+03  0.3359337E+03 -0.3592639E+03
 -0.1542684E+03 -0.2116987E+02 -0.1972240E+02 -0.3187476E+02
 -0.3956119E+03 -0.7872007E+02  0.7168752E+02 -0.7021850E+01
 -0.4624057E+03 -0.1242070E+03  0.1959486E+03 -0.9586776E+01
  0.4293388E+03  0.6475574E+02 -0.3263082E+02  0.1677692E+03
 -0.6830063E+02 -0.1195497E+03  0.5277467E+02 -0.9790327E+02
 -0.1298805E+03 -0.3152670E+02 -0.7809443E+02  0.8509129E+02
 -0.1700434E+03  0.1087814E+02 -0.1577802E+03  0.1959745E+03
 -0.1834744E+03  0.2477371E+02 -0.1843477E+03  0.2328835E+03
  0.9862932E+01 -0.9827653E+02  0.1879141E+02 -0.3846175E+02
 -0.1456501E+02 -0.8918030E+02  0.2799425E+02 -0.5750048E+02
 -0.2617170E+02  0.8928036E+01  0.1456198E+03 -0.1211412E+03
  0.1249649E+03  0.2620299E+02 -0.1374281E+02  0.4415711E+02
  0.7931614E+02 -0.1227497E+03  0.9829275E+02 -0.1356180E+03
 -0.5378583E+02 -0.1137416E+03 -0.1210044E+02 -0.9328488E+02
 -0.1400431E+03 -0.1012376E+03 -0.8093516E+02 -0.6272805E+02
 -0.1689131E+03 -0.9685587E+02 -0.1038920E+03 -0.5246442E+02
 -0.1267326E+03 -0.6842296E+02 -0.5578627E+02 -0.4749061E+02
 -0.3101203E+03 -0.9690208E+02  0.9884377E+02 -0.3735746E+02
 -0.4144636E+03  0.2721987E+01  0.1670350E+03  0.5084760E+02
  0.2910318E+03  0.3684303E+02 -0.2652728E+03 -0.6212211E+02
 -0.1245005E+03  0.2150801E+02 -0.8879633E+02  0.1471123E+03
  0.1715716E+03  0.4786252E+02 -0.1888245E+02 -0.8293663E+02
  0.3616062E+03  0.5345250E+02  0.3081312E+02 -0.2273375E+03
  0.4252121E+03  0.5513081E+02  0.4751245E+02 -0.2756069E+03
 -0.8993962E+02 -0.1087293E+03  0.3280721E+02 -0.1913080E+03
 -0.1531387E+03 -0.6052810E+02 -0.3456677E+02 -0.2167878E+03
 -0.1567822E+03  0.6557130E+02 -0.6940100E+02 -0.2426313E+03
  0.5567214E+02 -0.1973098E+02 -0.2355135E+03  0.2152182E+03
  0.1120199E+03 -0.2022354E+02  0.3423113E+03 -0.1343974E+03
 -0.9848614E+02  0.1252898E+03  0.4887730E+02  0.4053239E+02
 -0.2146212E+03  0.2039897E+03 -0.1354722E+03  0.1533175E+03
 -0.2530969E+03  0.2299801E+03 -0.1970388E+03  0.1910029E+03
 -0.2663837E+01  0.3875803E+03 -0.1092958E+03  0.1013277E+03
  0.8363620E+00  0.3813320E+03 -0.2070287E+02  0.4501813E+02
 -0.1714867E+02  0.3078555E+03  0.9714361E+02 -0.4873173E+02
 -0.7480110E+02  0.9086857E+01 -0.1770702E+01  0.1214505E+03
  0.1551239E+03  0.1217944E+03  0.9673496E+02  0.1965540E+03
  0.3935297E+03  0.6191110E+01  0.8580796E+02  0.2536954E+02
  0.5394012E+03 -0.5814144E+02  0.7789615E+02 -0.7560995E+02
  0.5880779E+03 -0.7947429E+02  0.7523575E+02 -0.1092293E+03
  0.4370510E+03 -0.1608783E+03  0.7413030E+02  0.1255229E-01
  0.3558303E+03  0.3910028E+02  0.1663465E+03 -0.1274889E+03
  0.1009966E+03  0.3027215E+03  0.2209218E+03 -0.2096204E+03
 -0.4091256E+02  0.2084812E+02 -0.8655590E+02 -0.9097356E+02
  0.3262521E+03 -0.1934878E+03  0.1896130E+03 -0.2207833E+02
  0.2880851E+03  0.3335271E+02  0.3006684E+02 -0.5241968E+02
  0.2577060E+03  0.1776610E+03 -0.6606643E+02 -0.7759866E+02
  0.2474120E+03  0.2259186E+03 -0.9812857E+02 -0.8608955E+02
  0.1707636E+03 -0.2870641E+03  0.9535684E+02  0.1572290E+03
  0.1361314E+03 -0.2635996E+03  0.1082875E+03  0.1371443E+03
  0.1544035E+03 -0.2588598E+03  0.5915405E+02  0.1602639E+03
  0.5592242E+03 -0.2133620E+03 -0.8997325E+02  0.6050492E+02
  0.4047474E+03 -0.3847349E+03 -0.1537606E+03  0.6093786E+02
  0.3816668E+03 -0.1270421E+03 -0.2595842E+02  0.5133372E+02
  0.3761036E+03  0.2751637E+02  0.5364014E+02  0.4341975E+02
  0.3744432E+03  0.7901775E+02  0.8022085E+02  0.4078058E+02
  0.2340361E+03 -0.3177650E+01 -0.1245953E+02  0.1088388E+03
  0.2490281E+03  0.7387033E+02  0.6025150E+02  0.8740793E+02
  0.1317357E+03  0.7081393E+02  0.1946928E+03  0.3816220E+02
 -0.1071753E+03 -0.1805055E+02 -0.1281875E+03 -0.3391781E+02
  0.1706325E+03 -0.7724058E+02  0.1070094E+03  0.7548533E+02
  0.1996774E+03 -0.2102287E+03 -0.2229493E+02 -0.4857808E+02
  0.2229278E+03 -0.2906770E+03 -0.1029122E+03 -0.1212782E+03
  0.2307999E+03 -0.3175307E+03 -0.1298450E+03 -0.1454853E+03
 -0.1941516E+03  0.9721532E+02  0.4904788E+02  0.4880043E+02
 -0.1687309E+03 -0.1142247E+03 -0.1986498E+02  0.1156129E+03
 -0.1855038E+03 -0.3995922E+03 -0.7546338E+02  0.1323378E+03
  0.1079005E+01  0.4508574E+02  0.8009256E+02 -0.2657012E+03
  0.2690738E+03 -0.1074459E+03 -0.2123987E+03  0.1774835E+03
  0.1218098E+03 -0.8623764E+02 -0.1137320E+03 -0.7296104E+02
  0.3351362E+02 -0.7059003E+02 -0.5359634E+02 -0.2199952E+03
  0.4041061E+01 -0.6524043E+02 -0.3352685E+02 -0.2689192E+03
  0.1625927E+03 -0.3693424E+02  0.2787279E+01 -0.3703097E+02
  0.3298259E+03 -0.1581750E+02  0.6773525E+02 -0.5376303E+02
  0.4633314E+03 -0.1070865E+03  0.1691422E+03 -0.2556545E+02
 -0.1896724E+03  0.8735531E+02 -0.1313508E+03  0.2165045E+02
 -0.1450679E+02 -0.6366948E+02  0.5162539E+02  0.1820349E+03
  0.3256029E+02 -0.7293986E+02  0.1724038E+02 -0.1002007E+02
  0.5981695E+02 -0.7211674E+02 -0.3520180E+01 -0.1248126E+03
  0.6889271E+02 -0.7174793E+02 -0.1041756E+02 -0.1630829E+03
  0.4177857E+01 -0.1210430E+03  0.2569107E+02 -0.9076659E+02
 -0.1436976E+03 -0.1172536E+03  0.2775011E+02 -0.6084965E+02
 -0.2752554E+03 -0.1648489E+03 -0.2538946E+02  0.5247234E+02
  0.2702233E+03 -0.1589451E+03 -0.5058468E+02  0.1227303E+03
 -0.3452928E+02 -0.1929536E+03  0.4560658E+02 -0.1004061E+03
  0.8380658E+02 -0.1759937E+03 -0.9891852E+02  0.3023994E+02
  0.1665927E+03 -0.1684904E+03 -0.1809102E+03  0.1147341E+03
  0.1944410E+03 -0.1660651E+03 -0.2080992E+03  0.1429809E+03
  0.6683910E+02 -0.7808550E+02  0.1281999E+03 -0.4377118E+02
  0.1283273E+03 -0.7025902E+02  0.7366534E+02 -0.1825522E+02
  0.1530935E+03 -0.2465952E+02  0.1581497E+02 -0.4084420E-01
 -0.1391778E+03  0.1358615E+03  0.2249177E+02 -0.1907198E+01
 -0.7929878E+02 -0.1561484E+02 -0.7100497E+02  0.9595502E+02
 -0.1347974E+02 -0.4144211E+02 -0.6787485E+02 -0.2398878E+02
  0.2441928E+02 -0.5301377E+02 -0.6365019E+02 -0.9723361E+02
  0.3699716E+02 -0.5678589E+02 -0.6216908E+02 -0.1216589E+03
 -0.1027169E+03  0.1903257E+03  0.6990706E+01 -0.3186191E+02
  0.3395522E+02  0.3941216E+02 -0.1206897E+03  0.9481306E+02
  0.1981368E+03 -0.1984859E+03 -0.2687369E+03  0.2666986E+03
 -0.2651907E+03  0.2438722E+03 -0.9657965E+01 -0.1603186E+03
  0.1210222E+03 -0.7392087E+02  0.9903028E+01  0.4095168E+02
  0.1076644E+03 -0.7637709E+02 -0.1364482E+02  0.9624383E+01
  0.1022257E+03 -0.7424962E+02 -0.2825252E+02 -0.1024970E+02
  0.1004638E+03 -0.7346067E+02 -0.3312708E+02 -0.1689566E+02
 -0.1050855E+03  0.1282566E+03 -0.3624791E+02 -0.1141075E+03
 -0.4201961E+02  0.8497398E+02 -0.3389851E+02  0.1750642E+02
  0.3179768E+02  0.7098031E+01  0.2641839E+02  0.2585229E+03
 -0.1518263E+03  0.2560683E+03  0.7469882E+02 -0.1223775E+03
 -0.1988871E+03  0.6420582E+02  0.8773055E+02  0.1085796E+02
 -0.8766748E+01  0.1467642E+00 -0.1865481E+02  0.8413426E+02
  0.1064527E+03 -0.3621338E+02 -0.7581821E+02  0.1221491E+03
  0.1448911E+03 -0.4833528E+02 -0.9468304E+02  0.1346951E+03
  0.1107644E+02  0.1007253E+03  0.2319201E+02 -0.9905459E+02
  0.5400821E+02  0.3541981E+02 -0.3487646E+02 -0.5272366E+02
  0.1141801E+02 -0.6640998E+00 -0.1022446E+03  0.9959215E+02
 -0.9727518E+02  0.8886484E+02 -0.5915760E+02  0.7476176E+02
 -0.7054485E+02  0.2517100E+03 -0.6798611E+02  0.1143048E+02
 -0.1065933E+03  0.1434564E+03  0.1840438E+02 -0.3485328E+02
 -0.1215911E+03  0.7319837E+02  0.6635378E+02 -0.5961337E+02
 -0.1264631E+03  0.4970076E+02  0.8223588E+02 -0.6779731E+02
  0.1695514E+02  0.4085727E+02 -0.5168877E+02 -0.1150633E+02
  0.2435577E+02  0.9150022E+02  0.2516130E+02  0.2046481E+02
 -0.2605596E+02  0.8227194E+02  0.1691254E+03  0.1679225E+03
  0.3854722E+02 -0.3916258E+02 -0.1197116E+03  0.1097075E+03
 -0.1710930E+03  0.2095176E+03  0.6266023E+02  0.5021136E+02
  0.1907621E+02 -0.6083587E+02  0.1069943E+03  0.2899492E+02
  0.1412012E+03 -0.2251400E+03  0.1285118E+03  0.1914669E+02
  0.1820768E+03 -0.2799724E+03  0.1355947E+03  0.1592251E+02
  0.4732560E+02  0.1251409E+03  0.6401131E+02 -0.4504241E+02
  0.2742260E+02  0.1489659E+03 -0.6360886E+02 -0.9001433E+00
 -0.6967912E+02  0.1808332E+03 -0.1947643E+03  0.9700888E+02
  0.5459450E+02 -0.5189640E+02  0.1059292E+03 -0.6807501E+02
  0.8476543E+02  0.7164364E+02 -0.3135432E+02 -0.4984371E+02
 -0.6253522E+02  0.1883294E+03 -0.2434094E+02 -0.1250887E+03
 -0.1515343E+03  0.2557663E+03 -0.1672676E+02 -0.1746989E+03
 -0.1812618E+03  0.2782413E+03 -0.1409622E+02 -0.1913185E+03
 -0.6676840E+02  0.7007892E+01 -0.3819037E+02 -0.7037476E+02
  0.4149233E+02  0.1514240E+01 -0.6022922E+01 -0.1390154E+02
  0.9726489E+02  0.2183251E+02  0.9910123E+02  0.2598304E+02
 -0.1598493E+03  0.1309462E+03  0.1715414E+02 -0.1093586E+03
 -0.5298189E+02  0.1757852E+02  0.5638783E+02 -0.4398932E+02
  0.5928994E+02 -0.9305213E+02  0.1938882E+02  0.2318845E+02
  0.1206680E+03 -0.1523596E+03 -0.4644922E+01  0.6588171E+02
  0.1409774E+03 -0.1719534E+03 -0.1269937E+02  0.8014133E+02
 -0.4494784E+02  0.6547341E+02 -0.5228047E+02  0.4430925E+02
 -0.8753865E+02  0.6377087E+02 -0.2167845E+02  0.1632922E+02
 -0.1120434E+03  0.4197197E+02  0.1667321E+01 -0.1644790E+02
  0.5568736E+02 -0.5116054E+02  0.5187776E+01  0.4509022E+01
  0.6805180E+02  0.6846591E+01  0.2588014E+02 -0.1741496E+02
  0.4574212E+02  0.3203007E+02  0.3606567E+02  0.3019209E+01
  0.3323956E+02  0.4539790E+02  0.4170444E+02  0.1542643E+02
  0.2909947E+02  0.4981441E+02  0.4356117E+02  0.1956040E+02
  0.7502277E+02 -0.1121430E+03  0.1382776E+02  0.1679189E+02
 -0.2200073E+02 -0.3188267E+02  0.8185964E+02 -0.5977337E+02
 -0.1400799E+03  0.9531004E+02  0.1469913E+03 -0.1603161E+03
  0.1577507E+03 -0.1259638E+03 -0.9865161E+01  0.7494204E+02
 -0.3707076E+02 -0.1002227E+02  0.2791769E+01 -0.1704833E+02
 -0.1489377E+02  0.2725677E+02 -0.1291230E+01 -0.1324621E+02
 -0.1713703E+01  0.4665403E+02 -0.3657833E+01 -0.1058273E+02
  0.2680310E+01  0.5304999E+02 -0.4450290E+01 -0.9685143E+01
  0.7540166E+02 -0.8984288E+02  0.1110051E+02  0.7950372E+02
  0.3362879E+02 -0.7158839E+02  0.1159466E+02  0.1746580E+01
 -0.2718740E+02 -0.3906922E+02 -0.2826143E+02 -0.1181056E+03
  0.1469976E+03 -0.1371555E+03 -0.4758939E+02  0.6162718E+02
  0.1221269E+03 -0.6923795E+02 -0.4789813E+02  0.2315851E+02
  0.4297903E+02 -0.5917019E+01  0.2633257E+02 -0.4487233E+02
 -0.3454777E+01  0.3115136E+02  0.6770234E+02 -0.8326763E+02
 -0.1892193E+02  0.4351253E+02  0.8139800E+02 -0.9600557E+02
 -0.6084206E+01 -0.5101427E+02 -0.1378280E+02  0.5140755E+02
 -0.4821044E+02 -0.2017096E+02  0.2697003E+02  0.2996935E+02
 -0.4040982E+02 -0.7007422E+01  0.7879940E+02 -0.4702534E+02
  0.8045873E+02 -0.3822625E+02  0.1835116E+02 -0.2283856E+02
  0.3777815E+02 -0.1375830E+03  0.4399182E+02 -0.1019513E+02
  0.5129239E+02 -0.8460469E+02 -0.1738161E+02  0.2193432E+02
  0.5622199E+02 -0.5123541E+02 -0.5260133E+02  0.3995055E+02
  0.5780645E+02 -0.4009847E+02 -0.6429618E+02  0.4591900E+02
 -0.1848250E+02 -0.2326331E+02  0.2963154E+02  0.4859470E+01
 -0.2285551E+02 -0.5916072E+02 -0.1078486E+02 -0.8565771E+01
 -0.4165458E+00 -0.6207796E+02 -0.7306009E+02 -0.8501648E+02
 -0.7178420E+01  0.2400425E+02  0.6144581E+02 -0.6446605E+02
  0.1057865E+03 -0.1191338E+03 -0.3359896E+02 -0.2661747E+02
 -0.7194720E+01  0.1413242E+02 -0.5957842E+02 -0.2682794E+02
 -0.7946125E+02  0.9592708E+02 -0.7288377E+02 -0.2769379E+02
 -0.1036444E+03  0.1232506E+03 -0.7727511E+02 -0.2799865E+02
 -0.2525713E+02 -0.6914170E+02 -0.3602877E+02  0.1537523E+02
 -0.2281676E+02 -0.8210569E+02  0.4383825E+02 -0.6081578E+01
  0.2240951E+02 -0.9367509E+02  0.1195833E+03 -0.4388746E+02
 -0.1068867E+02  0.3359067E+02 -0.8330990E+02  0.2858416E+02
 -0.5340255E+02 -0.3645867E+02  0.1003574E+02  0.4815614E+02
  0.4797044E+02 -0.9120809E+02  0.1107211E+02  0.5252621E+02
  0.1101753E+03 -0.1233794E+03  0.1074429E+02  0.5675510E+02
  0.1309632E+03 -0.1341128E+03  0.1060375E+02  0.5819215E+02
  0.2439274E+02 -0.2033699E+02  0.2302386E+02  0.1138306E+02
 -0.4245243E+02 -0.1302893E+02  0.1345683E+01 -0.1664629E+02
 -0.7741785E+02 -0.1405290E+02 -0.5592916E+02 -0.3186401E+02
  0.9822527E+02 -0.7450268E+02 -0.3284836E+02  0.7988499E+02
  0.3401223E+02 -0.2147752E+02  0.6669190E+01  0.3245621E+01
 -0.3299978E+02  0.4654868E+02 -0.1060982E+02 -0.5796950E+01
 -0.6869151E+02  0.8298874E+02 -0.2057621E+02 -0.1131154E+02
 -0.8047981E+02  0.9502368E+02 -0.2387996E+02 -0.1315058E+02
 -0.4819920E+00 -0.7528464E+01  0.1289026E+01  0.1698340E+01
 -0.1485230E+01 -0.1064333E+02  0.8504239E+00  0.1119027E+00
 -0.5640637E+00 -0.1573820E+02 -0.1120393E+01 -0.7358198E+00
  0.1173702E+01 -0.1097080E+02 -0.2501813E+01  0.3930272E+01
 -0.1183435E+01  0.1077039E+01  0.4989859E+01 -0.1247360E+01
 -0.2061084E+01  0.2524689E+01  0.3291579E+01 -0.1980620E+00
 -0.2697363E+01  0.3441052E+01  0.2247385E+01  0.3360641E+00
 -0.2910773E+01  0.3747629E+01  0.1898760E+01  0.5128208E+00
 -0.1011746E+02 -0.5389326E+01  0.2837319E+01  0.3421230E+01
 -0.9729958E+01 -0.6251117E+01  0.3468673E+00  0.4023406E+01
 -0.4556869E+01 -0.5427519E+01 -0.2509142E+01  0.2262779E+01
  0.1252488E+01  0.2454775E+01  0.4593356E+01  0.1617023E+01
 -0.2765042E+01 -0.2017086E+01  0.2149134E+01 -0.5460347E+00
  0.2191801E+01 -0.2548622E+01  0.3581994E+01 -0.4076870E+01
  0.5080146E+01 -0.2842851E+01  0.4304663E+01 -0.6049778E+01
  0.6042723E+01 -0.2940724E+01  0.4542733E+01 -0.6705142E+01
 -0.5682400E+01  0.3232316E+01  0.3132290E+01  0.1884911E+01
 -0.4093297E+01  0.3066644E+01  0.2197794E+01  0.1682582E+01
 -0.1269244E+01  0.5868380E+01  0.1455073E+01  0.1621164E+01
 -0.1230675E+02  0.1362769E+02 -0.6719538E+00 -0.1859808E+01
 -0.3181784E+01  0.2465296E+01  0.3150958E+01 -0.1272253E+01
 -0.7325006E+01  0.4578744E+01  0.3628891E+01 -0.4637778E+01
 -0.9951103E+01  0.5880242E+01  0.3776320E+01 -0.6667908E+01
 -0.1082867E+02  0.6314614E+01  0.3821979E+01 -0.7344406E+01
 -0.4329642E+01 -0.8764157E+00  0.1934680E+01  0.2477344E+00
 -0.6324220E+01 -0.2879690E+01  0.1355525E+01 -0.1174526E+01
 -0.7584686E+01 -0.1708512E+01  0.6042413E+00 -0.2733519E+01
  0.2717374E+01  0.4792774E+01  0.9659141E+00 -0.9965817E+00
 -0.4304790E+00 -0.4895153E+00 -0.1730795E+01 -0.1775530E+01
  0.2997712E+01 -0.5510353E+00 -0.1594007E+01 -0.7401713E+00
  0.4974695E+01 -0.7801064E+00 -0.1556076E+01 -0.2178417E+00
  0.5631835E+01 -0.8605674E+00 -0.1544328E+01 -0.4521877E-01
  0.3129294E+01 -0.3830313E+01  0.4421061E+01 -0.3345465E+00
  0.1219980E+01 -0.2949731E+01  0.3309534E+01 -0.2175319E+01
 -0.1879874E+01 -0.1799695E+01 -0.5450562E+00 -0.4457882E+01
 -0.1845315E+01  0.2890693E+01  0.1903673E+00  0.1508244E+01
  0.1057610E+01  0.1143366E+01  0.1139459E+00 -0.3255925E+00
 -0.6296630E+01  0.4299397E+01  0.4761121E+00 -0.1629434E+01
 -0.1070118E+02  0.6250586E+01  0.7867890E+00 -0.2399051E+01
 -0.1216843E+02  0.6901729E+01  0.8923684E+00 -0.2655707E+01
 -0.4907140E+00  0.2291115E+01 -0.4899662E+00 -0.2153775E+00
 -0.4019576E+01 -0.1144910E+01 -0.3062720E+00 -0.3391174E+00
 -0.7131320E+01 -0.2480049E+01  0.8168570E+00  0.3827647E+00
  0.7154424E+00  0.3735530E+01 -0.1565678E+01 -0.4295777E+01
 -0.4956379E+00 -0.2313121E+01 -0.4859741E+00 -0.6443195E+00
  0.4915379E+01 -0.3823916E+01 -0.2253993E-01 -0.2472138E+01
  0.8121899E+01 -0.4694686E+01  0.3053496E+00 -0.3655432E+01
  0.9189679E+01 -0.4983330E+01  0.4154093E+00 -0.4051375E+01
  0.2208697E+00  0.1256486E+01  0.1991992E+01  0.2451662E+01
  0.2795545E+01  0.2572515E+00  0.1144776E+01  0.1014071E+01
  0.2903341E+01 -0.2036691E+01  0.2390365E+00 -0.2140556E+01
  0.1065861E-01  0.1644984E+01  0.1161483E+00  0.9600950E-01
  0.6028691E+00 -0.1487096E+01  0.2247060E+01  0.8090949E+00
  0.1556026E+01  0.1098917E+01 -0.2816043E+01  0.4662821E-01
  0.2246213E+01  0.2668755E+01 -0.5956151E+01 -0.4248865E+00
  0.2477238E+01  0.3192219E+01 -0.7004696E+01 -0.5818298E+00
  0.3046271E+01 -0.1432285E+01 -0.3972323E+01 -0.4351325E+01
  0.6125357E+01 -0.2230008E+01 -0.3746399E+01 -0.1119004E+01
  0.8683105E+01 -0.3652933E+01 -0.9699901E+00  0.3807653E+01
  0.1370400E+01 -0.3957374E+01 -0.4166263E+01  0.1055324E+01
 -0.5858094E+01  0.1745012E+01  0.3407016E+01 -0.4403071E+01
 -0.4779366E+01 -0.3399305E+01  0.5913215E+00  0.2367883E+01
 -0.4149750E+01 -0.6459218E+01 -0.1288911E+01  0.6584679E+01
 -0.3939988E+01 -0.7478149E+01 -0.1919263E+01  0.7992822E+01
 -0.1746448E+00  0.2953134E+01 -0.3255543E+01 -0.8777389E-01
  0.6488121E+01  0.3890573E+01 -0.3300844E+01  0.1845001E+01
  0.1279533E+02  0.4486909E+01 -0.7018958E+00  0.4988553E+01
 -0.7435119E+01  0.2291795E+01  0.2349828E+01 -0.6244947E+00
 -0.5923149E+00  0.8390229E+01  0.8328334E+00 -0.6310422E+00
 -0.5425243E+01  0.2093716E+01  0.2350533E+01  0.1849988E+01
 -0.8717487E+01 -0.1237405E+01  0.3289529E+01  0.3259490E+01
 -0.9823803E+01 -0.2337266E+01  0.3603746E+01  0.3727817E+01
 -0.3796723E+01  0.2927210E+01  0.3075850E+01 -0.3931738E+01
 -0.1341990E+01  0.3998549E+01  0.2927071E+01 -0.4903368E+00
  0.5406669E+01  0.5396032E+01  0.5055248E+01  0.7759567E+00
 -0.1088133E+02  0.1388789E-01  0.1807002E+01  0.3103745E+00
 -0.7654484E+00  0.4016508E+01 -0.1087402E+01 -0.6425019E+01
 -0.4525074E+01 -0.1013292E+01 -0.4804162E+01  0.1759237E+01
 -0.7095766E+01 -0.4053739E+01 -0.6999611E+01  0.6758425E+01
 -0.7957097E+01 -0.5068598E+01 -0.7730055E+01  0.8424956E+01
  0.3455708E+01  0.5415555E+00  0.5145888E+00  0.6732224E+00
  0.8995179E+01  0.1808754E+01 -0.1478229E+01  0.1218227E+00
  0.1050323E+02  0.2789350E+01 -0.4385741E+01  0.2857664E+00
 -0.9696790E+01 -0.1308008E+01  0.3890420E+00 -0.3824780E+01
  0.1533788E+01  0.2710822E+01 -0.1043978E+01  0.2131736E+01
  0.3062654E+01  0.7277061E+00  0.1865700E+01 -0.2106028E+01
  0.4073925E+01 -0.2096034E+00  0.3640559E+01 -0.4663930E+01
  0.4412411E+01 -0.5162275E+00  0.4232403E+01 -0.5515136E+01
 -0.2253341E+00  0.2384939E+01 -0.3389868E+00  0.9282998E+00
  0.3428755E+00  0.2211132E+01 -0.5873742E+00  0.1459553E+01
  0.6509307E+00 -0.1303088E+00 -0.3463202E+01  0.3162424E+01
 -0.3300889E+01 -0.5950160E+00  0.7109188E-01 -0.1100672E+01
 -0.1957558E+01  0.2868796E+01 -0.2147018E+01  0.3309302E+01
  0.1417389E+01  0.2249490E+01  0.3464849E+00  0.2286881E+01
  0.3579907E+01  0.1712231E+01  0.1897967E+01  0.1553603E+01
  0.4303260E+01  0.1528111E+01  0.2415273E+01  0.1307402E+01
  0.2926411E+01  0.1472101E+01  0.1333510E+01  0.1025630E+01
  0.7058356E+01  0.2074769E+01 -0.2070089E+01  0.8684812E+00
  0.9246462E+01 -0.3070279E+00 -0.3501505E+01 -0.1227703E+01
 -0.6259302E+01 -0.8879355E+00  0.5754747E+01  0.1648152E+01
  0.2524023E+01 -0.5021191E+00  0.2381274E+01 -0.3975960E+01
 -0.4192136E+01 -0.7828329E+00  0.5688739E+00  0.1795239E+01
 -0.8495225E+01 -0.7084521E+00 -0.7087515E+00  0.5412193E+01
 -0.9935361E+01 -0.6792612E+00 -0.1137926E+01  0.6621080E+01
  0.2202192E+01  0.2533241E+01 -0.6970790E+00  0.4492689E+01
  0.3659409E+01  0.1424027E+01  0.8822913E+00  0.5149245E+01
  0.3618056E+01 -0.1500220E+01  0.1625886E+01  0.5752165E+01
 -0.1163098E+01  0.6596297E+00  0.5435818E+01 -0.5122102E+01
 -0.3056449E+01  0.2689516E+00 -0.8131437E+01  0.3095611E+01
  0.2547290E+01 -0.3004567E+01 -0.1219741E+01 -0.8191676E+00
  0.5681372E+01 -0.4755861E+01  0.3118877E+01 -0.3356794E+01
  0.6720705E+01 -0.5333717E+01  0.4567831E+01 -0.4204999E+01
  0.3704533E-01 -0.9172923E+01  0.2688912E+01 -0.2420097E+01
  0.7721699E-01 -0.8976213E+01  0.6781387E+00 -0.1121745E+01
  0.4782437E+00 -0.7139944E+01 -0.2105286E+01  0.1143397E+01
  0.9426700E+00  0.1193404E+00 -0.1652618E+00 -0.2577043E+01
 -0.4137730E+01 -0.2199389E+01 -0.2101050E+01 -0.4844662E+01
 -0.1015471E+02  0.4624444E+00 -0.1979656E+01 -0.4929629E+00
 -0.1382554E+02  0.1925082E+01 -0.1875570E+01  0.2071504E+01
 -0.1505029E+02  0.2409699E+01 -0.1840348E+01  0.2925263E+01
 -0.9906235E+01  0.3751565E+01 -0.1674436E+01  0.8016695E-01
 -0.7784427E+01 -0.6575136E+00 -0.3770987E+01  0.3085829E+01
 -0.1753037E+01 -0.6478802E+01 -0.5051570E+01  0.4944442E+01
  0.6965580E+00 -0.3642209E+00  0.1897508E+01  0.2087714E+01
 -0.7759714E+01  0.4761733E+01 -0.4549384E+01  0.6789066E+00
 -0.6984497E+01 -0.6198562E+00 -0.8454581E+00  0.1275764E+01
 -0.6343334E+01 -0.4047429E+01  0.1383950E+01  0.1799853E+01
 -0.6125723E+01 -0.5193720E+01  0.2127462E+01  0.1976896E+01
 -0.4144767E+01  0.6847161E+01 -0.2384132E+01 -0.3669880E+01
 -0.3377116E+01  0.6360906E+01 -0.2726540E+01 -0.3127799E+01
 -0.3878293E+01  0.6446423E+01 -0.1547788E+01 -0.3503109E+01
 -0.1348715E+02  0.5503946E+01  0.2586976E+01 -0.1527139E+01
 -0.9998644E+01  0.9628360E+01  0.3597462E+01 -0.1173319E+01
 -0.9522794E+01  0.3471364E+01  0.5351038E+00 -0.9278844E+00
 -0.9430790E+01 -0.2184039E+00 -0.1366849E+01 -0.7372044E+00
 -0.9404618E+01 -0.1447839E+01 -0.2001917E+01 -0.6737251E+00
 -0.5114628E+01  0.6159989E-01  0.3376280E+00 -0.2677073E+01
 -0.5265002E+01 -0.1677213E+01 -0.1243978E+01 -0.2185015E+01
 -0.2562640E+01 -0.1505995E+01 -0.4340521E+01 -0.8818908E+00
  0.2095286E+01  0.5936573E+00  0.2738135E+01  0.1204095E+01
 -0.4280968E+01  0.2052412E+01 -0.2521543E+01 -0.2018439E+01
 -0.4731649E+01  0.5053071E+01  0.4565413E+00  0.1019581E+01
 -0.5138440E+01  0.6876182E+01  0.2316215E+01  0.2795900E+01
 -0.5276910E+01  0.7484890E+01  0.2937571E+01  0.3387246E+01
  0.4317191E+01 -0.2065605E+01 -0.1254205E+01 -0.1098198E+01
  0.3701083E+01  0.2875926E+01  0.4345262E+00 -0.2790195E+01
  0.4279345E+01  0.9577198E+01  0.1832332E+01 -0.3298790E+01
 -0.1916979E+00 -0.7306948E+00 -0.1877836E+01  0.6516500E+01
 -0.6602580E+01  0.3024185E+01  0.5057323E+01 -0.4176555E+01
 -0.3202136E+01  0.2357489E+01  0.2742467E+01  0.1675558E+01
 -0.1176302E+01  0.1893186E+01  0.1327812E+01  0.5111257E+01
 -0.5003131E+00  0.1735375E+01  0.8555840E+00  0.6254407E+01
 -0.3717112E+01  0.9098182E+00 -0.1421333E+00  0.7473451E+00
 -0.7539992E+01  0.5531580E+00 -0.1574101E+01  0.1146373E+01
 -0.1070691E+02  0.2851815E+01 -0.3855191E+01  0.5475592E+00
  0.4218853E+01 -0.2199771E+01  0.3135555E+01 -0.6140845E+00
  0.2823650E+00  0.1426472E+01 -0.1129289E+01 -0.4540585E+01
 -0.8192854E+00  0.1731830E+01 -0.3745817E+00  0.1506382E+00
 -0.1456909E+01  0.1762058E+01  0.7989894E-01  0.2951609E+01
 -0.1669247E+01  0.1769851E+01  0.2308167E+00  0.3885384E+01
 -0.1944320E+00  0.2854557E+01 -0.6038636E+00  0.2040755E+01
  0.3321616E+01  0.2696807E+01 -0.6844302E+00  0.1435875E+01
  0.6454092E+01  0.3886293E+01  0.6073175E+00 -0.1152774E+01
 -0.6643183E+01  0.3940941E+01  0.1294404E+01 -0.3009324E+01
  0.7589675E+00  0.4506870E+01 -0.9405052E+00  0.2323723E+01
 -0.2041715E+01  0.4197841E+01  0.2381032E+01 -0.8443956E+00
 -0.4001193E+01  0.4071229E+01  0.4261861E+01 -0.2890110E+01
 -0.4660331E+01  0.4030711E+01  0.4885466E+01 -0.3573996E+01
 -0.1579374E+01  0.1635897E+01 -0.3152179E+01  0.1070901E+01
 -0.2942110E+01  0.1464191E+01 -0.1821842E+01  0.4492100E+00
 -0.3429493E+01  0.3771041E+00 -0.3010863E+00  0.6462975E-01
  0.3160525E+01 -0.3184379E+01 -0.5108941E+00  0.9402332E-01
  0.2428738E+01 -0.1566456E+00  0.1798868E+01 -0.1951916E+01
  0.2597606E+00  0.9981919E+00  0.1677824E+01  0.7221954E+00
 -0.1005080E+01  0.1599996E+01  0.1549216E+01  0.2345085E+01
 -0.1425401E+01  0.1798589E+01  0.1504651E+01  0.2886059E+01
  0.2441822E+01 -0.4349163E+01 -0.1521294E+00  0.8263635E+00
 -0.6222564E+00 -0.8708742E+00  0.2741586E+01 -0.2243045E+01
 -0.4340206E+01  0.4663420E+01  0.6093133E+01 -0.6424333E+01
  0.6383614E+01 -0.5883008E+01  0.2807447E+00  0.3836482E+01
 -0.2588395E+01  0.1450354E+01 -0.2475591E+00 -0.9425540E+00
 -0.2519587E+01  0.1706533E+01  0.3255522E+00 -0.2227093E+00
 -0.2544555E+01  0.1768598E+01  0.6760734E+00  0.2339566E+00
 -0.2554211E+01  0.1787237E+01  0.7929558E+00  0.3866660E+00
  0.2395628E+01 -0.2865997E+01  0.7527991E+00  0.2722279E+01
  0.1023363E+01 -0.1942560E+01  0.7404398E+00 -0.4973008E+00
 -0.5728767E+00 -0.2377880E+00 -0.5803828E+00 -0.6296264E+01
  0.4036002E+01 -0.6101935E+01 -0.1876988E+01  0.2859238E+01
  0.4782580E+01 -0.1606281E+01 -0.2092940E+01  0.1312615E+00
  0.4262187E+00  0.2951222E+00  0.4327979E+00 -0.2059691E+01
 -0.2205055E+01  0.1389569E+01  0.1791188E+01 -0.3247555E+01
 -0.3082740E+01  0.1754504E+01  0.2239528E+01 -0.3640796E+01
 -0.3324104E+00 -0.2339287E+01 -0.5852936E+00  0.2238555E+01
 -0.1270651E+01 -0.8391201E+00  0.6874588E+00  0.1203048E+01
 -0.1352423E+00 -0.2210079E-01  0.2249133E+01 -0.2389652E+01
  0.2121581E+01 -0.2169194E+01  0.1668633E+01 -0.1852821E+01
  0.1788163E+01 -0.6039274E+01  0.1517129E+01 -0.4603122E+00
  0.2343971E+01 -0.3558204E+01 -0.4629964E+00  0.8493340E+00
  0.2511938E+01 -0.1943202E+01 -0.1559852E+01  0.1563753E+01
  0.2564752E+01 -0.1402995E+01 -0.1923131E+01  0.1800219E+01
 -0.4786751E+00 -0.9637331E+00  0.1231513E+01  0.2360129E+00
 -0.5272769E+00 -0.2183455E+01 -0.6246595E+00 -0.5686483E+00
  0.8023478E+00 -0.1983710E+01 -0.4033512E+01 -0.4258416E+01
 -0.7425269E+00  0.1051072E+01  0.2729573E+01 -0.2616718E+01
  0.4170929E+01 -0.5244341E+01 -0.1448945E+01 -0.1486039E+01
 -0.3814176E+00  0.1412419E+01 -0.2479504E+01 -0.8152012E+00
 -0.3295489E+01  0.5463179E+01 -0.2983634E+01 -0.4763645E+00
 -0.4270668E+01  0.6815091E+01 -0.3149650E+01 -0.3647974E+00
 -0.1006436E+01 -0.3063665E+01 -0.1556920E+01  0.1145814E+01
 -0.4699119E+00 -0.3642740E+01  0.1331152E+01  0.6703568E-01
  0.1806347E+01 -0.4311052E+01  0.4330421E+01 -0.2363867E+01
 -0.1486786E+01  0.1164790E+01 -0.2282718E+01  0.1557573E+01
 -0.1819048E+01 -0.1467924E+01  0.6212434E+00  0.1346130E+01
  0.1323903E+01 -0.4336679E+01  0.6072818E+00  0.2909807E+01
  0.3222788E+01 -0.6006389E+01  0.5233696E+00  0.3956577E+01
  0.3857154E+01 -0.6563025E+01  0.4933139E+00  0.4307540E+01
  0.1496392E+01 -0.2055323E+00  0.8776814E+00  0.1758734E+01
 -0.9663126E+00 -0.7097978E-01  0.1284441E+00  0.3155992E+00
 -0.2059119E+01 -0.5517462E+00 -0.2401391E+01 -0.7752969E+00
  0.3608670E+01 -0.3227356E+01 -0.5669972E+00  0.2717469E+01
  0.1322411E+01 -0.4680192E+00 -0.1421251E+01  0.9042187E+00
 -0.1514255E+01  0.2200611E+01 -0.5729330E+00 -0.6615501E+00
 -0.3090965E+01  0.3640020E+01 -0.2437663E-01 -0.1656166E+01
 -0.3613310E+01  0.4115801E+01  0.1593593E+00 -0.1988335E+01
  0.1048288E+01 -0.1452648E+01  0.1319925E+01 -0.1058226E+01
  0.1994618E+01 -0.1431216E+01  0.5793959E+00 -0.3852011E+00
  0.2488972E+01 -0.9286408E+00 -0.6388174E-01  0.3838053E+00
 -0.1354064E+01  0.1189248E+01 -0.1439010E+00 -0.9688687E-01
 -0.1954280E+01  0.1097826E+00 -0.6811708E+00  0.2648556E+00
 -0.1148333E+01 -0.7698955E+00 -0.8738638E+00 -0.1615400E+00
 -0.6876048E+00 -0.1258765E+01 -0.9780252E+00 -0.4148404E+00
 -0.5347320E+00 -0.1420820E+01 -0.1012223E+01 -0.4991065E+00
 -0.1770538E+01  0.2597584E+01 -0.3211838E+00 -0.4045379E+00
  0.4501087E+00  0.7419767E+00 -0.1850348E+01  0.1435379E+01
  0.3180181E+01 -0.2224015E+01 -0.3312147E+01  0.3860167E+01
 -0.3740747E+01  0.3044823E+01  0.1884532E+00 -0.1799432E+01
  0.7559946E+00  0.3397558E+00 -0.6486801E-01  0.4385863E+00
  0.3235906E+00 -0.6717601E+00  0.9126600E-02  0.3512057E+00
  0.7040004E-01 -0.1204599E+01  0.5330315E-01  0.2890377E+00
 -0.1394252E-01 -0.1380469E+01  0.6814171E-01  0.2680751E+00
 -0.1749424E+01  0.2053234E+01 -0.2201067E+00 -0.1893068E+01
 -0.8139615E+00  0.1675409E+01 -0.2474414E+00  0.1661055E-01
  0.5513798E+00  0.9811428E+00  0.6567084E+00  0.2925884E+01
 -0.3732747E+01  0.3279273E+01  0.1225550E+01 -0.1447061E+01
 -0.2966198E+01  0.1701625E+01  0.1122796E+01 -0.7208226E+00
 -0.1169470E+01 -0.3673556E-01 -0.6202320E+00  0.1107839E+01
 -0.1229843E+00 -0.1059049E+01 -0.1590354E+01  0.2154167E+01
  0.2254676E+00 -0.1399977E+01 -0.1911501E+01  0.2501633E+01
  0.1845543E+00  0.1188656E+01  0.3507145E+00 -0.1178589E+01
  0.1139708E+01  0.4768937E+00 -0.5408333E+00 -0.6983156E+00
  0.8823347E+00  0.1801776E+00 -0.1743630E+01  0.1135401E+01
 -0.1799284E+01  0.9669263E+00 -0.6168277E+00  0.6174659E+00
 -0.9731812E+00  0.3298015E+01 -0.9770966E+00  0.3030649E+00
 -0.1128536E+01  0.2084231E+01  0.4221929E+00 -0.5469299E+00
 -0.1140627E+01  0.1319115E+01  0.1224343E+01 -0.1026358E+01
 -0.1143154E+01  0.1063759E+01  0.1490696E+01 -0.1185267E+01
  0.4597690E+00  0.5679366E+00 -0.7009287E+00 -0.9247016E-01
  0.5000994E+00  0.1427996E+01  0.2742536E+00  0.2496013E+00
 -0.8374972E-01  0.1501286E+01  0.1745192E+01  0.2167550E+01
  0.4642947E-01 -0.6067594E+00 -0.1426242E+01  0.1543565E+01
 -0.2583555E+01  0.2982529E+01  0.7968729E+00  0.7849633E+00
  0.1311810E+00 -0.3435968E+00  0.1392884E+01  0.7018559E+00
  0.1860476E+01 -0.2385695E+01  0.1698662E+01  0.6675524E+00
  0.2439035E+01 -0.3067836E+01  0.1799578E+01  0.6565044E+00
  0.5434434E+00  0.1674398E+01  0.8698963E+00 -0.4190578E+00
  0.4425492E+00  0.1990276E+01 -0.9265536E+00  0.1130553E+00
 -0.6434587E+00  0.2228162E+01 -0.2644771E+01  0.1066135E+01
  0.3896313E+00 -0.7732688E+00  0.1816325E+01 -0.6400217E+00
  0.1130785E+01  0.7483795E+00 -0.1478830E+00 -0.1279231E+01
 -0.1074413E+01  0.2132564E+01 -0.2640718E+00 -0.1238902E+01
 -0.2427646E+01  0.2951550E+01 -0.3144826E+00 -0.1254033E+01
 -0.2879924E+01  0.3224850E+01 -0.3306101E+00 -0.1259763E+01
 -0.5353593E+00  0.4963126E+00 -0.5246796E+00 -0.3240120E+00
  0.9957711E+00  0.3201370E+00 -0.2070241E-01  0.4019319E+00
  0.1702417E+01  0.3534634E+00  0.1349681E+01  0.8379776E+00
 -0.2240072E+01  0.1853485E+01  0.8484856E+00 -0.1962020E+01
 -0.8787520E+00  0.5108630E+00 -0.1105169E+00 -0.2121813E-01
  0.8514151E+00 -0.1102602E+01  0.3029786E+00  0.1973834E+00
  0.1791725E+01 -0.1969251E+01  0.5430149E+00  0.3296661E+00
  0.2102761E+01 -0.2255543E+01  0.6226584E+00  0.3737386E+00
  0.1026128E-01  0.4849491E-01 -0.1004281E-01 -0.1367638E-01
  0.1812494E-01  0.6839943E-01 -0.7058815E-02 -0.3044509E-03
  0.1297863E-01  0.1001256E+00  0.7852781E-02  0.7416425E-02
  0.1831447E-03  0.6574760E-01  0.1902813E-01 -0.2853146E-01
  0.1559545E-01 -0.2607677E-01 -0.3896566E-01  0.7863167E-02
  0.2012409E-01 -0.3569462E-01 -0.2568504E-01  0.1361122E-02
  0.2355929E-01 -0.4180348E-01 -0.1754811E-01 -0.1693415E-02
  0.2471207E-01 -0.4384733E-01 -0.1483200E-01 -0.2699802E-02
  0.7818073E-01  0.4014419E-01 -0.2078038E-01 -0.2609695E-01
  0.7319422E-01  0.4702951E-01 -0.1799128E-02 -0.3175139E-01
  0.3152756E-01  0.4252914E-01  0.1947522E-01 -0.1934317E-01
 -0.7355117E-02 -0.1454381E-01 -0.3559607E-01 -0.1455674E-01
  0.2178744E-01  0.1342566E-01 -0.1816066E-01  0.4285340E-02
 -0.1693002E-01  0.1104754E-01 -0.2972618E-01  0.3260308E-01
 -0.3952685E-01  0.9564273E-02 -0.3553897E-01  0.4841212E-01
 -0.4705796E-01  0.9071418E-02 -0.3745347E-01  0.5366340E-01
  0.4671416E-01 -0.2418191E-01 -0.2409406E-01 -0.1349014E-01
  0.3385257E-01 -0.2355804E-01 -0.1757867E-01 -0.1220355E-01
  0.1121975E-01 -0.4754829E-01 -0.1399747E-01 -0.1146554E-01
  0.9204367E-01 -0.1066845E+00  0.4171130E-02  0.1734388E-01
  0.2766978E-01 -0.2088593E-01 -0.2444775E-01  0.7916316E-02
  0.6109850E-01 -0.4278020E-01 -0.2941960E-01  0.3745708E-01
  0.8208146E-01 -0.5615029E-01 -0.3132564E-01  0.5534301E-01
  0.8908998E-01 -0.6061059E-01 -0.3193413E-01  0.6130484E-01
  0.3459611E-01  0.7564767E-02 -0.1417447E-01 -0.1662523E-02
  0.4820015E-01  0.2119765E-01 -0.9980981E-02  0.1000663E-01
  0.5611970E-01  0.9671410E-02 -0.4515116E-02  0.2372184E-01
 -0.1786343E-01 -0.3707958E-01 -0.5676049E-02  0.7457965E-02
  0.2282237E-02  0.3058058E-02  0.1307147E-01  0.1578967E-01
 -0.2325785E-01  0.5340116E-02  0.1147474E-01  0.4739225E-02
 -0.3792990E-01  0.8190606E-02  0.1085351E-01 -0.1141331E-02
 -0.4280592E-01  0.9172769E-02  0.1065344E-01 -0.3090107E-02
 -0.2196247E-01  0.2840716E-01 -0.3535515E-01  0.3294109E-02
 -0.6104134E-02  0.2129441E-01 -0.2679413E-01  0.1734507E-01
  0.1864843E-01  0.1176493E-01  0.3014678E-02  0.3468336E-01
  0.1326206E-01 -0.2522296E-01  0.7769006E-04 -0.1287150E-01
 -0.5116756E-02 -0.1135155E-01 -0.3853884E-02  0.3455963E-02
  0.4900858E-01 -0.3455226E-01 -0.4330383E-02  0.1356769E-01
  0.8141854E-01 -0.4898471E-01 -0.5282425E-02  0.1948906E-01
  0.9221452E-01 -0.5380277E-01 -0.5614555E-02  0.2146306E-01
  0.5116841E-02 -0.1866983E-01  0.2913125E-02  0.1776078E-02
  0.3084198E-01  0.7470997E-02  0.1301200E-02  0.2932390E-02
  0.5332223E-01  0.1745855E-01 -0.7219404E-02 -0.2174447E-02
 -0.3435178E-02 -0.2865507E-01  0.1317887E-01  0.3581364E-01
  0.1538423E-02  0.1820015E-01  0.5281577E-02  0.5371490E-02
 -0.3802508E-01  0.3111623E-01  0.2254123E-04  0.1979556E-01
 -0.6146732E-01  0.3860333E-01 -0.3547869E-02  0.2912877E-01
 -0.6927376E-01  0.4108706E-01 -0.4744566E-02  0.3225129E-01
 -0.5846345E-03 -0.1077735E-01 -0.1619163E-01 -0.1892039E-01
 -0.1968256E-01 -0.2710763E-02 -0.9792766E-02 -0.8211113E-02
 -0.2058442E-01  0.1575062E-01 -0.3255713E-02  0.1652131E-01
  0.1876745E-02 -0.1410385E-01 -0.8227096E-03 -0.1094552E-02
 -0.6213773E-02  0.1133333E-01 -0.1740981E-01 -0.3788091E-02
 -0.1270797E-01 -0.6849282E-02  0.2172877E-01 -0.3395083E-03
 -0.1750543E-01 -0.1788882E-01  0.4599591E-01  0.1791123E-02
 -0.1911245E-01 -0.2156947E-01  0.5409918E-01  0.2498776E-02
 -0.2319876E-01  0.1185973E-01  0.2928456E-01  0.3352240E-01
 -0.4506075E-01  0.1906394E-01  0.2795449E-01  0.7901427E-02
 -0.6174654E-01  0.3152697E-01  0.8115073E-02 -0.3169382E-01
 -0.6598245E-02  0.3279596E-01  0.3262574E-01 -0.9423329E-02
  0.4946166E-01 -0.1165580E-01 -0.2458035E-01  0.3289079E-01
  0.4063172E-01  0.2989496E-01 -0.5374125E-02 -0.1647811E-01
  0.3570267E-01  0.5465360E-01  0.7636413E-02 -0.4735297E-01
  0.3406584E-01  0.6289912E-01  0.1200179E-01 -0.5766592E-01
  0.2500257E-02 -0.2463992E-01  0.2499434E-01 -0.1559301E-02
 -0.4916019E-01 -0.3051975E-01  0.2412438E-01 -0.1596224E-01
 -0.9975580E-01 -0.3326823E-01  0.3107095E-02 -0.3986184E-01
  0.5253915E-01 -0.1755332E-01 -0.1805614E-01  0.4921034E-02
  0.2755658E-02 -0.6086317E-01 -0.6254261E-02  0.1447663E-02
  0.4185428E-01 -0.8938140E-02 -0.1733469E-01 -0.1780414E-01
  0.6831390E-01  0.1864386E-01 -0.2417708E-01 -0.2864066E-01
  0.7720223E-01  0.2775398E-01 -0.2646664E-01 -0.3223944E-01
  0.2981614E-01 -0.2345758E-01 -0.2373264E-01  0.3056484E-01
  0.9967255E-02 -0.3175413E-01 -0.2330178E-01  0.2613764E-02
 -0.4310430E-01 -0.4193340E-01 -0.4107000E-01 -0.8647585E-02
  0.8720935E-01  0.1170024E-02 -0.1586918E-01 -0.2477667E-02
  0.7308919E-02 -0.3087410E-01  0.9740059E-02  0.5020914E-01
  0.3683877E-01  0.1269837E-01  0.3730309E-01 -0.1346579E-01
  0.5717650E-01  0.3902293E-01  0.5349464E-01 -0.5235731E-01
  0.6399425E-01  0.4780889E-01  0.5888019E-01 -0.6532222E-01
 -0.2509389E-01 -0.4203647E-02 -0.4171234E-02 -0.4407431E-02
 -0.6749596E-01 -0.1361249E-01  0.1015862E-01 -0.5226731E-03
 -0.7941440E-01 -0.2083672E-01  0.3244176E-01 -0.2849457E-02
  0.7221829E-01  0.8769438E-02 -0.4456764E-03  0.2833992E-01
 -0.1141801E-01 -0.2031285E-01  0.6748607E-02 -0.1520842E-01
 -0.2391007E-01 -0.5782941E-02 -0.1462260E-01  0.1730682E-01
 -0.3227186E-01  0.9125258E-03 -0.2767893E-01  0.3684159E-01
 -0.3507278E-01  0.3097756E-02 -0.3203341E-01  0.4334035E-01
  0.1397071E-02 -0.1886938E-01  0.1879230E-02 -0.7289546E-02
 -0.2785561E-02 -0.1804814E-01  0.4100123E-02 -0.1212400E-01
 -0.5022925E-02 -0.7060109E-04  0.2739160E-01 -0.2708269E-01
  0.2849716E-01  0.4578228E-02  0.1148010E-02  0.8817601E-02
  0.1607781E-01 -0.2272679E-01  0.1562013E-01 -0.2662030E-01
 -0.1222199E-01 -0.1429205E-01 -0.3253209E-02 -0.1846854E-01
 -0.3017375E-01 -0.7946218E-02 -0.1497069E-01 -0.1266380E-01
 -0.3617533E-01 -0.5791662E-02 -0.1887675E-01 -0.1071574E-01
 -0.2209044E-01 -0.1032369E-01 -0.1053939E-01 -0.7244622E-02
 -0.5293897E-01 -0.1455391E-01  0.1432583E-01 -0.6708133E-02
 -0.6812100E-01  0.4162484E-02  0.2443283E-01  0.9609716E-02
  0.4422589E-01  0.7274392E-02 -0.4092592E-01 -0.1405456E-01
 -0.1622917E-01  0.3935236E-02 -0.2060955E-01  0.3477501E-01
  0.3391710E-01  0.3606431E-02 -0.5298722E-02 -0.1270168E-01
  0.6598528E-01  0.1507831E-02  0.5427764E-02 -0.4241610E-01
  0.7671665E-01  0.7737994E-03  0.9030022E-02 -0.5234629E-01
 -0.1776256E-01 -0.1935477E-01  0.4820123E-02 -0.3463867E-01
 -0.2891380E-01 -0.1099817E-01 -0.7319119E-02 -0.4015909E-01
 -0.2756634E-01  0.1119077E-01 -0.1239871E-01 -0.4482531E-01
  0.7694098E-02 -0.6550421E-02 -0.4148500E-01  0.4025885E-01
  0.2722553E-01 -0.5622590E-03  0.6394611E-01 -0.2356805E-01
 -0.2152286E-01  0.2379637E-01  0.1015126E-01  0.5354962E-02
 -0.4908253E-01  0.3668462E-01 -0.2358948E-01  0.2420478E-01
 -0.5822882E-01  0.4093336E-01 -0.3485782E-01  0.3050762E-01
 -0.4053500E-03  0.7153014E-01 -0.2180427E-01  0.1912503E-01
 -0.1343528E-02  0.6961528E-01 -0.6716509E-02  0.9277124E-02
 -0.3905624E-02  0.5438782E-01  0.1508623E-01 -0.8776759E-02
 -0.1196250E-02 -0.3958937E-02  0.3057073E-02  0.1782874E-01
  0.3639420E-01  0.1159927E-01  0.1489363E-01  0.3931952E-01
  0.8631383E-01 -0.8372239E-02  0.1488790E-01  0.3135160E-02
  0.1166995E+00 -0.1920039E-01  0.1464433E-01 -0.1817080E-01
  0.1268363E+00 -0.2278491E-01  0.1455912E-01 -0.2526376E-01
  0.7406281E-01 -0.2845781E-01  0.1234549E-01 -0.1273901E-02
  0.5647356E-01  0.3126228E-02  0.2811703E-01 -0.2459078E-01
  0.9987290E-02  0.4465325E-01  0.3803835E-01 -0.3826332E-01
 -0.3236510E-02  0.1170197E-02 -0.1370679E-01 -0.1553900E-01
  0.6118033E-01 -0.3837488E-01  0.3603055E-01 -0.6737361E-02
  0.5622408E-01  0.3673346E-02  0.7730959E-02 -0.1030423E-01
  0.5188319E-01  0.3048141E-01 -0.9282436E-02 -0.1375840E-01
  0.5040637E-01  0.3944752E-01 -0.1495616E-01 -0.1492860E-01
  0.3313994E-01 -0.5367174E-01  0.1956454E-01  0.2803952E-01
  0.2764967E-01 -0.5050214E-01  0.2239074E-01  0.2322086E-01
  0.3225113E-01 -0.5286536E-01  0.1284573E-01  0.2467008E-01
  0.1076038E+00 -0.4696687E-01 -0.2396079E-01  0.1251054E-01
  0.8165695E-01 -0.7919768E-01 -0.2788276E-01  0.7142668E-02
  0.7844112E-01 -0.3079886E-01 -0.3827333E-02  0.5243487E-02
  0.7800650E-01 -0.1825735E-02  0.1107245E-01  0.3827839E-02
  0.7789606E-01  0.7827609E-02  0.1604707E-01  0.3357508E-02
  0.3671937E-01 -0.3076198E-03 -0.3112391E-02  0.2170319E-01
  0.3639851E-01  0.1282819E-01  0.8358310E-02  0.1792464E-01
  0.1588710E-01  0.1099593E-01  0.3222497E-01  0.6537041E-02
 -0.1301301E-01 -0.5929701E-02 -0.1898135E-01 -0.1268076E-01
  0.3538044E-01 -0.1789591E-01  0.1971674E-01  0.1745609E-01
  0.3701933E-01 -0.3999586E-01 -0.2873681E-02 -0.6964479E-02
  0.3905966E-01 -0.5348602E-01 -0.1700365E-01 -0.2121721E-01
  0.3976220E-01 -0.5799143E-01 -0.2172531E-01 -0.2596120E-01
 -0.3167316E-01  0.1454134E-01  0.1054407E-01  0.8064920E-02
 -0.2660161E-01 -0.2356460E-01 -0.3200259E-02  0.2213035E-01
 -0.3216034E-01 -0.7550632E-01 -0.1494823E-01  0.2695220E-01
  0.3052712E-02  0.2877577E-02  0.1440151E-01 -0.5276312E-01
  0.5362733E-01 -0.2704205E-01 -0.3981864E-01  0.3223562E-01
  0.2735684E-01 -0.2071729E-01 -0.2173254E-01 -0.1278636E-01
  0.1180580E-01 -0.1646362E-01 -0.1065053E-01 -0.3922112E-01
  0.6618443E-02 -0.1502300E-01 -0.6950446E-02 -0.4801640E-01
  0.2805097E-01 -0.7196462E-02  0.1581059E-02 -0.4886656E-02
  0.5687060E-01 -0.5419838E-02  0.1214091E-01 -0.7994196E-02
  0.8160839E-01 -0.2434115E-01  0.2928657E-01 -0.3807098E-02
 -0.3091216E-01  0.1840387E-01 -0.2473617E-01  0.5719344E-02
 -0.1832240E-02 -0.1054839E-01  0.8233091E-02  0.3723654E-01
  0.6661924E-02 -0.1338683E-01  0.2770326E-02 -0.4848940E-03
  0.1157730E-01 -0.1388017E-01 -0.5049811E-03 -0.2298329E-01
  0.1321445E-01 -0.1402641E-01 -0.1591860E-02 -0.3048344E-01
  0.2233860E-02 -0.2232658E-01  0.4635400E-02 -0.1519228E-01
 -0.2552735E-01 -0.2046929E-01  0.5514915E-02 -0.1125137E-01
 -0.5035157E-01 -0.3001524E-01 -0.4711991E-02  0.8223386E-02
  0.5384117E-01 -0.3225414E-01 -0.1100275E-01  0.2453730E-01
 -0.5600637E-02 -0.3470956E-01  0.6217588E-02 -0.1766284E-01
  0.1625279E-01 -0.3283524E-01 -0.1877908E-01  0.7510913E-02
  0.3155305E-01 -0.3214001E-01 -0.3289497E-01  0.2374438E-01
  0.3669998E-01 -0.3192073E-01 -0.3757417E-01  0.2917119E-01
  0.1238775E-01 -0.1106036E-01  0.2545011E-01 -0.8482015E-02
  0.2212307E-01 -0.9759041E-02  0.1468498E-01 -0.3656968E-02
  0.2480670E-01 -0.1148079E-02  0.1611822E-02 -0.1240193E-02
 -0.2372817E-01  0.2454683E-01  0.3932097E-02 -0.9211316E-03
 -0.2333679E-01  0.5446016E-02 -0.1486870E-01  0.1269882E-01
 -0.1452730E-02 -0.7980979E-02 -0.1370843E-01 -0.6721399E-02
  0.1140239E-01 -0.1534409E-01 -0.1257361E-01 -0.1842849E-01
  0.1567746E-01 -0.1778295E-01 -0.1218236E-01 -0.2232920E-01
 -0.1899171E-01  0.3259841E-01  0.1026131E-02 -0.6927221E-02
  0.3469657E-02  0.6305453E-02 -0.2065476E-01  0.1750042E-01
  0.3088866E-01 -0.3591399E-01 -0.4561092E-01  0.5085903E-01
 -0.5101033E-01  0.4709434E-01 -0.2321290E-02 -0.3027421E-01
  0.1811501E-01 -0.9036479E-02  0.1850208E-02  0.7185170E-02
  0.1956915E-01 -0.1262879E-01 -0.2499208E-02  0.1711711E-02
  0.2100083E-01 -0.1401586E-01 -0.5123886E-02 -0.1764132E-02
  0.2148949E-01 -0.1446094E-01 -0.5998424E-02 -0.2926537E-02
 -0.1794596E-01  0.2117187E-01 -0.5114322E-02 -0.2129237E-01
 -0.8276435E-02  0.1475261E-01 -0.5388561E-02  0.4627925E-02
  0.2693860E-02  0.2463102E-02  0.4027079E-02  0.5054300E-01
 -0.3530631E-01  0.4819364E-01  0.1542169E-01 -0.2206267E-01
 -0.3804133E-01  0.1331120E-01  0.1640593E-01 -0.4215318E-02
 -0.4976046E-02 -0.4758893E-02 -0.3432459E-02  0.1649395E-01
  0.1492923E-01 -0.1526090E-01 -0.1411333E-01  0.2804194E-01
  0.2156780E-01 -0.1876315E-01 -0.1763901E-01  0.3187216E-01
  0.3155483E-02  0.1769609E-01  0.4822527E-02 -0.1660526E-01
  0.1005701E-01  0.6391499E-02 -0.4462711E-02 -0.8913915E-02
  0.5878247E-03  0.3297240E-03 -0.1653119E-01  0.1915862E-01
 -0.1512328E-01  0.1748826E-01 -0.1497821E-01  0.1524697E-01
 -0.1481388E-01  0.4758650E-01 -0.1125118E-01  0.5057420E-02
 -0.1683919E-01  0.2886826E-01  0.3817412E-02 -0.6837818E-02
 -0.1670361E-01  0.1665414E-01  0.1214811E-01 -0.1341691E-01
 -0.1663249E-01  0.1256817E-01  0.1490706E-01 -0.1559666E-01
  0.4523147E-02  0.7395484E-02 -0.9593205E-02 -0.1576870E-02
  0.3895646E-02  0.1706282E-01  0.5159861E-02  0.5071484E-02
 -0.7629734E-02  0.1571376E-01  0.3175698E-01  0.3545204E-01
  0.4266978E-02 -0.9021701E-02 -0.2078195E-01  0.2056941E-01
 -0.3342475E-01  0.4311372E-01  0.1115590E-01  0.1392329E-01
  0.2324495E-02 -0.1076337E-01  0.1894289E-01  0.7393428E-02
  0.2515057E-01 -0.4359035E-01  0.2276337E-01  0.3939711E-02
  0.3278822E-01 -0.5454671E-01  0.2402164E-01  0.2799178E-02
  0.6851977E-02  0.2467430E-01  0.1245670E-01 -0.9549220E-02
  0.2340183E-02  0.2934454E-01 -0.9164870E-02 -0.9610812E-03
 -0.1504343E-01  0.3395261E-01 -0.3177336E-01  0.1874150E-01
  0.1320868E-01 -0.8579624E-02  0.1633909E-01 -0.1178368E-01
  0.1292204E-01  0.9659935E-02 -0.3822095E-02 -0.1189249E-01
 -0.9219975E-02  0.3294951E-01 -0.4944365E-02 -0.2223080E-01
 -0.2260210E-01  0.4659553E-01 -0.5070720E-02 -0.2930136E-01
 -0.2707359E-01  0.5114598E-01 -0.5097415E-02 -0.3167467E-01
 -0.1092917E-01  0.2013121E-02 -0.6549302E-02 -0.1427002E-01
  0.7455177E-02  0.9501805E-03 -0.8205419E-03 -0.2280813E-02
  0.1414035E-01  0.4724260E-02  0.1913931E-01  0.7267266E-02
 -0.2683430E-01  0.2634966E-01  0.5785094E-02 -0.2213557E-01
 -0.1074849E-01  0.3791474E-02  0.1165795E-01 -0.5771662E-02
  0.1273457E-01 -0.1711817E-01  0.5512589E-02  0.5988719E-02
  0.2596308E-01 -0.2843282E-01  0.1548480E-02  0.1345747E-01
  0.3034968E-01 -0.3217373E-01  0.2212800E-03  0.1595146E-01
 -0.8165053E-02  0.1056777E-01 -0.1091807E-01  0.8292681E-02
 -0.1495063E-01  0.1048730E-01 -0.4947989E-02  0.3033327E-02
 -0.1793183E-01  0.6576510E-02  0.8294988E-03 -0.2811285E-02
  0.1084254E-01 -0.9131777E-02  0.1261534E-02  0.6068763E-03
  0.1795807E-01 -0.3046439E-02  0.5816787E-02 -0.8851480E-03
  0.9394845E-02  0.6136255E-02  0.7016021E-02  0.1930188E-02
  0.4449336E-02  0.1136007E-01  0.7645312E-02  0.3554278E-02
  0.2806714E-02  0.1309456E-01  0.7851160E-02  0.4093396E-02
  0.1370394E-01 -0.1971913E-01  0.2505416E-02  0.3145920E-02
 -0.2950276E-02 -0.5681851E-02  0.1385518E-01 -0.1137240E-01
 -0.2357380E-01  0.1694445E-01  0.2460933E-01 -0.3054282E-01
  0.2939469E-01 -0.2440180E-01 -0.1318246E-02  0.1425269E-01
 -0.5023370E-02 -0.3405409E-02  0.5987032E-03 -0.3741787E-02
 -0.2425586E-02  0.5520377E-02  0.6638996E-04 -0.3057051E-02
 -0.9415274E-03  0.1026577E-01 -0.2654541E-03 -0.2563071E-02
 -0.4478220E-03  0.1183320E-01 -0.3771946E-03 -0.2396423E-02
  0.1335147E-01 -0.1551364E-01  0.1428581E-02  0.1475129E-01
  0.6520966E-02 -0.1297723E-01  0.1763659E-02 -0.6718086E-03
 -0.3410035E-02 -0.8082369E-02 -0.4985694E-02 -0.2390773E-01
  0.3132466E-01 -0.2598349E-01 -0.1031870E-01  0.1120010E-01
  0.2382778E-01 -0.1384604E-01 -0.8671436E-02  0.7064607E-02
  0.1030437E-01  0.1705182E-02  0.4869667E-02 -0.8940136E-02
  0.2484607E-02  0.1088368E-01  0.1239617E-01 -0.1819592E-01
 -0.1181599E-03  0.1394471E-01  0.1488759E-01 -0.2127191E-01
 -0.1724323E-02 -0.8992580E-02 -0.2902400E-02  0.8902457E-02
 -0.8984142E-02 -0.3614298E-02  0.3578764E-02  0.5308710E-02
 -0.6660799E-02 -0.1440447E-02  0.1285318E-01 -0.9184785E-02
  0.1322056E-01 -0.8024167E-02  0.6138132E-02 -0.5528161E-02
  0.8175615E-02 -0.2598971E-01  0.7213487E-02 -0.2847280E-02
  0.8106319E-02 -0.1684108E-01 -0.3360044E-02  0.4506986E-02
  0.7390341E-02 -0.1107355E-01 -0.9413857E-02  0.8674007E-02
  0.7139132E-02 -0.9148738E-02 -0.1142397E-01  0.1005579E-01
 -0.3887478E-02 -0.4485613E-02  0.5434684E-02  0.5598412E-03
 -0.3675316E-02 -0.1129246E-01 -0.2312046E-02 -0.2302383E-02
  0.1393909E-02 -0.1197290E-01 -0.1375892E-01 -0.1814386E-01
  0.7198266E-03  0.4964398E-02  0.1101992E-01 -0.1220683E-01
  0.2078092E-01 -0.2456596E-01 -0.6269559E-02 -0.7348441E-02
 -0.6777035E-03  0.2721818E-02 -0.1074184E-01 -0.6018399E-02
 -0.1429806E-01  0.1948182E-01 -0.1303468E-01 -0.5328581E-02
 -0.1885406E-01  0.2508021E-01 -0.1379124E-01 -0.5101695E-02
 -0.3741014E-02 -0.1333717E-01 -0.6922492E-02  0.3689128E-02
 -0.2726060E-02 -0.1589009E-01  0.6460890E-02 -0.6086277E-03
  0.5739710E-02 -0.1749637E-01  0.1934730E-01 -0.8433335E-02
 -0.4128638E-02  0.5889603E-02 -0.1310821E-01  0.4758201E-02
 -0.7866723E-02 -0.4933676E-02  0.4367714E-03  0.1110388E-01
  0.7970811E-02 -0.1643097E-01  0.2072737E-02  0.9596481E-02
  0.1769172E-01 -0.2327526E-01  0.2930290E-02  0.9008123E-02
  0.2094103E-01 -0.2555967E-01  0.3211393E-02  0.8817623E-02
  0.3802818E-02 -0.4036607E-02  0.3887604E-02  0.2873973E-02
 -0.7739269E-02 -0.2646991E-02  0.4347686E-04 -0.3225354E-02
 -0.1228706E-01 -0.2990955E-02 -0.1069833E-01 -0.7168686E-02
  0.1682498E-01 -0.1524414E-01 -0.7247680E-02  0.1584898E-01
  0.7393805E-02 -0.3886681E-02  0.5678432E-03 -0.3767868E-03
 -0.7222200E-02  0.8605492E-02 -0.2823227E-02 -0.1983588E-02
 -0.1529293E-01  0.1532007E-01 -0.4807126E-02 -0.2945696E-02
 -0.1796568E-01  0.1753833E-01 -0.5466063E-02 -0.3265838E-02
