  2  1  1120 54096  4  4  7  8  5  4    0.00    6.28  200.00  600.00    0.00    6.28   32.00   54.00
  200.0  200.0  200.0  200.0  250.0  350.0  450.0  550.0  600.0  600.0  600.0  600.0
  0.1083694E+04 -0.4734471E+04 -0.1621702E+04  0.9655598E+03
 -0.2610222E+03 -0.5684026E+04 -0.1516496E+04  0.5678791E+03
 -0.1255303E+04 -0.6833285E+04 -0.1189331E+04  0.1215646E+03
 -0.7593931E+04  0.3992395E+04 -0.2270126E+04  0.2892567E+04
 -0.2960630E+04  0.5937837E+04  0.1705198E+04 -0.3363792E+04
  0.2438511E+04  0.1032937E+05 -0.3456813E+03 -0.6473307E+04
  0.5465280E+04  0.1279871E+05 -0.1523344E+04 -0.8278105E+04
  0.6469520E+04  0.1361818E+05 -0.1914286E+04 -0.8878787E+04
  0.1499803E+05 -0.1326891E+05  0.1536038E+04  0.4897305E+04
  0.7835037E+04 -0.8987374E+04 -0.2622714E+03  0.2352264E+04
  0.1359857E+04 -0.2889737E+04 -0.3470151E+04 -0.2342741E+04
  0.2580194E+05 -0.2941797E+05 -0.1434488E+04  0.5689448E+03
  0.2205304E+05 -0.1555091E+05  0.2362932E+03  0.2752165E+04
  0.1226544E+05 -0.9047408E+04  0.2454432E+04 -0.4268463E+04
  0.6432687E+04 -0.5108053E+04  0.3826464E+04 -0.8525583E+04
  0.4491825E+04 -0.3794495E+04  0.4284686E+04 -0.9945505E+04
  0.1805636E+04 -0.3302207E+04 -0.1981994E+04  0.2786149E+04
 -0.3840397E+02  0.3907806E+03 -0.3246556E+04  0.1015071E+04
  0.1087402E+04  0.6004177E+04 -0.3318188E+04 -0.2218561E+04
 -0.6776182E+04  0.6449810E+04 -0.5334637E+04  0.1198740E+04
  0.1633873E+05 -0.1137054E+05 -0.4813811E+04 -0.8792183E+04
  0.5059673E+04 -0.1523143E+04 -0.6788927E+04 -0.1108701E+05
 -0.1786475E+04  0.4496138E+04 -0.8031576E+04 -0.1231026E+05
 -0.4068217E+04  0.6503354E+04 -0.8445216E+04 -0.1271644E+05
  0.3279068E+04 -0.1109045E+04 -0.1039306E+04  0.2335421E+04
  0.2349028E+04 -0.8006543E+03  0.1893275E+04  0.1615978E+04
  0.3189477E+03  0.1785885E+04  0.7173696E+04  0.2818986E+04
  0.3414460E+04  0.3956881E+04  0.2766998E+04 -0.7519266E+04
 -0.1128549E+05  0.1227655E+05  0.3811577E+04  0.2787826E+04
 -0.3819187E+04  0.5764355E+04  0.5195658E+04  0.5491955E+04
  0.5449025E+03  0.1633194E+04  0.6012027E+04  0.6700391E+04
  0.1996506E+04  0.2514663E+03  0.6282404E+04  0.7096572E+04
  0.2273873E+04  0.5288652E+02  0.6414159E+03  0.3090917E+04
  0.3199097E+04 -0.1165817E+04  0.1268466E+04  0.1351591E+04
  0.4670964E+04 -0.4106793E+04  0.9032126E+03 -0.2046168E+04
  0.6741982E+03  0.5021792E+03  0.3898697E+04  0.4076197E+04
  0.5164112E+04 -0.2857035E+04 -0.4806280E+04  0.2058697E+04
  0.1911419E+04  0.2850075E+04 -0.2265038E+04 -0.1640030E+04
 -0.8304330E+02  0.6331793E+04 -0.6177214E+03 -0.4012812E+04
 -0.7480401E+03  0.7493990E+04 -0.6634569E+02 -0.4807484E+04
 -0.2960602E+04  0.6532644E+04 -0.9534095E+03 -0.4824774E+03
 -0.2803517E+04  0.3113865E+04  0.9987503E+03  0.2854144E+03
 -0.1309046E+04 -0.3116058E+04  0.4433524E+04  0.2241356E+04
  0.3392193E+04  0.8738053E+03  0.7482570E+03  0.1113469E+04
 -0.9439865E+04  0.1681819E+03 -0.1407627E+04  0.3440486E+04
  0.4964708E+03 -0.5175564E+04 -0.4116962E+04  0.5115754E+04
  0.6473127E+04 -0.8251421E+04 -0.5669899E+04  0.6090707E+04
  0.8464503E+04 -0.9273465E+04 -0.6186305E+04  0.6415089E+04
  0.2254673E+04  0.9895004E+03  0.4784037E+03  0.1968350E+04
  0.1728872E+04  0.2791208E+03  0.1124680E+04  0.2740869E+04
  0.3929301E+03 -0.1818444E+04  0.1187678E+04  0.6676706E+04
  0.1930095E+04 -0.1691754E+04 -0.3848813E+04 -0.2846798E+04
 -0.1158590E+05  0.6515252E+04  0.2125860E+04  0.7719898E+04
 -0.4996836E+04  0.4050160E+04 -0.4727319E+03  0.7183922E+04
 -0.1079504E+04  0.2525292E+04 -0.2158103E+04  0.6685203E+04
  0.2260166E+03  0.2016236E+04 -0.2723026E+04  0.6517102E+04
  0.6864897E+04 -0.1588121E+03  0.8678476E+03 -0.1665908E+03
  0.4923200E+04  0.4819617E+04  0.2883320E+03  0.1078899E+04
  0.3372493E+04  0.1366739E+05  0.8195947E+03  0.9703913E+03
  0.1263626E+04  0.6008052E+04  0.9973300E+04  0.1154614E+05
  0.1414544E+05  0.2457203E+04 -0.2500803E+04  0.6253040E+04
  0.6844712E+04  0.3875814E+04  0.2159725E+04  0.7896136E+04
  0.2042035E+04  0.4886152E+04  0.5042124E+04  0.8938068E+04
  0.4320771E+03  0.5227260E+04  0.6004371E+04  0.9285163E+04
  0.1766084E+04  0.5501235E+04 -0.1659908E+04  0.1743453E+04
  0.2535900E+04  0.3670726E+04 -0.3931698E+04  0.1758656E+04
  0.3875676E+04 -0.5530359E+04 -0.8695238E+04  0.3787799E+04
 -0.5512151E+04 -0.2767060E+04 -0.7267852E+04 -0.8186069E+04
 -0.9946071E+04 -0.4890188E+04 -0.4733237E+04 -0.3322962E+04
 -0.1113743E+05  0.5435023E+04  0.1993962E+03 -0.6219915E+04
 -0.1208553E+05  0.1190404E+05  0.3278732E+04 -0.7891063E+04
 -0.1240522E+05  0.1406386E+05  0.4307179E+04 -0.8444682E+04
 -0.1873032E+04  0.2826377E+04 -0.3296347E+03  0.1918621E+04
 -0.4749535E+02  0.2501867E+04  0.1626558E+03  0.2867188E+04
  0.4978111E+04  0.6145150E+03  0.1584384E+04  0.1478833E+04
 -0.7473327E+04 -0.9944778E+03 -0.5167173E+04  0.5033339E+04
  0.1418918E+05 -0.1080511E+05 -0.2509262E+04 -0.5393449E+04
  0.1711597E+04 -0.8186169E+04 -0.7164897E+03 -0.2210087E+04
 -0.6149233E+04 -0.6574327E+04  0.3522956E+03 -0.1879421E+03
 -0.8778315E+04 -0.6035661E+04  0.7096503E+03  0.4873118E+03
  0.2938701E+03  0.1969915E+04  0.6056949E+03  0.9914070E+03
  0.1887927E+04  0.2340206E+04 -0.1335343E+04 -0.1154712E+04
  0.1366263E+04 -0.3422252E+02 -0.3618429E+04 -0.5657501E+04
 -0.4441292E+04  0.3477496E+04  0.9120237E+04 -0.5022269E+04
  0.7162745E+04 -0.4527357E+04  0.2431921E+00  0.5901485E+04
  0.5128179E+04  0.1182675E+04 -0.3070404E+04  0.5664938E+04
  0.3831827E+04  0.5019145E+04 -0.4801488E+04  0.5378652E+04
  0.3399266E+04  0.6305957E+04 -0.5377566E+04  0.5280901E+04
  0.2033789E+03 -0.1042055E+03  0.3489919E+04  0.3339868E+04
 -0.1458238E+04  0.6688765E+03  0.3253177E+04  0.1911116E+04
 -0.3061967E+04  0.1254696E+04  0.2541703E+04 -0.7323401E+03
 -0.5178821E+04  0.4653159E+04 -0.2150551E+04  0.2766288E+04
  0.4827024E+04  0.6055536E+03  0.4098213E+04  0.3441675E+04
  0.5526525E+03  0.3698147E+04  0.3354699E+04 -0.1761127E+04
 -0.2002263E+04  0.5558983E+04  0.2905060E+04 -0.4777977E+04
 -0.2853001E+04  0.6177938E+04  0.2754681E+04 -0.5781604E+04
  0.6165546E+03 -0.1357463E+03  0.8507389E+03 -0.1699236E+03
  0.2333432E+04  0.1535595E+04 -0.1456156E+04 -0.7737187E+03
  0.3359472E+04  0.1378473E+04 -0.5570875E+04 -0.1402013E+03
 -0.3791112E+04 -0.1507828E+04  0.8095455E+03 -0.5210723E+04
  0.1862114E+04  0.1049714E+05  0.1781474E+03  0.1292714E+03
  0.2068740E+04  0.3022952E+04  0.1891680E+04  0.2041476E+04
  0.2023153E+04 -0.1329976E+04  0.2923994E+04  0.3195878E+04
  0.2003968E+04 -0.2776285E+04  0.3267159E+04  0.3582458E+04
  0.5650677E+03  0.1187838E+04  0.2571726E+04 -0.6282818E+03
 -0.8040445E+03 -0.7777429E+02  0.3697058E+03  0.9071209E+03
 -0.3372930E+04 -0.4741670E+04 -0.6805137E+04  0.5821277E+04
 -0.3282244E+04  0.2992256E+04 -0.1633017E+04 -0.1008706E+05
 -0.1042798E+04 -0.1009383E+04 -0.3274480E+04  0.8286914E+04
 -0.1602639E+04 -0.2998447E+03 -0.4777050E+04  0.4979332E+04
 -0.1844167E+04  0.2803898E+03 -0.5619886E+04  0.2791723E+04
 -0.1921940E+04  0.4748445E+03 -0.5901319E+04  0.2058924E+04
 -0.2751278E+04 -0.6914282E+03  0.2712858E+04 -0.2124247E+04
 -0.7895580E+03  0.1711041E+04  0.1127738E+04 -0.9697067E+03
  0.5056199E+04  0.4186880E+04  0.5997211E+03 -0.1321886E+04
 -0.5301750E+04  0.6035742E+03  0.2575493E+04  0.3049831E+04
 -0.5314988E+03 -0.1472268E+03 -0.4845333E+04  0.4588754E+04
 -0.5303718E+03 -0.2760456E+04 -0.2651426E+04  0.3180848E+04
 -0.8570178E+03 -0.4148455E+04 -0.1453776E+04  0.2503477E+04
 -0.9726273E+03 -0.4609220E+04 -0.1056485E+04  0.2280109E+04
 -0.9559666E+04  0.3024987E+04  0.1354543E+04 -0.3728693E+04
 -0.6883373E+04 -0.1471672E+04  0.2656504E+03 -0.7953702E+03
 -0.1593860E+04 -0.1481787E+05 -0.1661889E+04  0.8394247E+04
  0.1391120E+04  0.4522320E+04  0.4612831E+04  0.1016470E+05
 -0.3451543E+04  0.3721485E+04  0.6245986E+04 -0.2107614E+04
 -0.6682521E+04  0.6704280E+04  0.2223273E+04 -0.2909550E+04
 -0.8586503E+04  0.8617686E+04 -0.1262147E+03 -0.3489716E+04
 -0.9219094E+04  0.9256899E+04 -0.9081911E+03 -0.3684454E+04
  0.2002320E+03  0.1652414E+04  0.2826473E+03 -0.2254294E+03
  0.1175182E+04  0.2673186E+04  0.1169850E+04 -0.9660288E+03
  0.9801969E+03  0.3958162E+04  0.3809955E+04 -0.2281791E+04
 -0.1174738E+05  0.4486117E+04  0.1831085E+04  0.3781666E+04
 -0.9014059E+03  0.4194714E+04  0.8345894E+04 -0.3338673E+04
 -0.1483329E+04 -0.4034539E+04  0.6802658E+04 -0.2159096E+03
 -0.2043682E+04 -0.8914280E+04  0.5726236E+04  0.1674373E+04
 -0.2234253E+04 -0.1054180E+05  0.5365524E+04  0.2303729E+04
 -0.2709323E+04  0.3111372E+03  0.9750363E+03 -0.7415416E+03
 -0.3166037E+04 -0.3372617E+03 -0.1860573E+04 -0.3567954E+04
 -0.1199745E+04 -0.6581828E+03 -0.6141532E+04 -0.9241821E+04
 -0.1080274E+02 -0.3453513E+04  0.5232636E+04 -0.7119728E+04
 -0.1888806E+03  0.1752950E+03 -0.7655724E+04  0.4889861E+04
 -0.2291310E+04  0.4406387E+04 -0.5074123E+04  0.1517959E+04
 -0.3720869E+04  0.6935374E+04 -0.3356282E+04 -0.5958249E+03
 -0.4200112E+04  0.7779907E+04 -0.2781033E+04 -0.1301125E+04
  0.3080528E+04 -0.1069806E+04 -0.1459067E+04 -0.2038779E+04
  0.4063007E+04  0.2145735E+04  0.2821088E+03  0.1386303E+04
  0.3125699E+04  0.9797888E+04  0.2545877E+04  0.7257777E+04
  0.2784869E+04 -0.3209572E+04 -0.1802260E+03 -0.7547056E+03
 -0.4174585E+04  0.3519050E+04  0.3976135E+04  0.3711493E+04
 -0.2999822E+04  0.1719939E+04  0.2559142E+04  0.1511848E+04
 -0.2300177E+04  0.4137201E+03  0.1741196E+04  0.1936084E+03
 -0.2068099E+04 -0.2613773E+02  0.1469013E+04 -0.2461053E+03
 -0.5718352E+04  0.3306696E+04  0.3095455E+03 -0.3187874E+04
 -0.5975930E+04  0.2656053E+04 -0.2515774E+04 -0.3462194E+04
 -0.4668485E+04  0.2593820E+04 -0.5317242E+04 -0.3255405E+04
 -0.2451014E+04  0.1256095E+05 -0.2353947E+04 -0.7920545E+03
 -0.5872039E+04  0.7272116E+04  0.5223478E+04 -0.1250014E+05
 -0.5924137E+04  0.7341215E+04  0.4362428E+04 -0.5262059E+04
 -0.5847560E+04  0.7219549E+04  0.3654180E+04 -0.8396417E+03
 -0.5818458E+04  0.7174024E+04  0.3414287E+04  0.6365040E+03
  0.2764786E+04 -0.2075874E+04 -0.1040483E+04 -0.4470464E+03
  0.2120750E+04 -0.1340883E+04 -0.9294754E+03 -0.5107557E+03
 -0.2449295E+03  0.3000922E+04 -0.2507621E+04 -0.1621093E+04
  0.1133477E+04  0.2379745E+04  0.4739354E+04 -0.8361470E+04
 -0.2587839E+04  0.7491525E+04 -0.5232620E+04 -0.1759975E+04
 -0.9442268E+03  0.4650303E+04 -0.1455819E+04 -0.3005124E+04
 -0.1286806E+03  0.2944030E+04  0.9857698E+03 -0.3770679E+04
  0.1385681E+03  0.2376611E+04  0.1801450E+04 -0.4024658E+04
 -0.3513389E+04 -0.1393075E+04 -0.5466911E+03  0.2961158E+04
 -0.2423384E+04  0.1209739E+04  0.1092502E+04  0.2534858E+04
  0.1460279E+03  0.6537585E+04  0.4082167E+04 -0.2419930E+03
 -0.1080014E+04 -0.4644742E+04  0.3511272E+04  0.4932714E+04
  0.5302933E+04 -0.6813969E+04  0.4387664E+04  0.2983061E+04
  0.1345034E+04 -0.5003937E+03  0.1354435E+04  0.2947151E+04
 -0.1152885E+04  0.3241350E+04 -0.4289427E+03  0.3058470E+04
 -0.1988120E+04  0.4487647E+04 -0.1022581E+04  0.3098029E+04
 -0.4393034E+04 -0.1345970E+04  0.1856998E+04  0.5803886E+03
 -0.3546022E+04 -0.4435330E+04  0.3811943E+04  0.1077533E+04
  0.1644723E+03 -0.1088020E+05  0.2407041E+04  0.2562330E+04
 -0.6552044E+04  0.7641406E+04 -0.1419385E+04 -0.1621833E+03
  0.1561252E+05 -0.1509585E+04 -0.2252219E+04 -0.2814205E+04
  0.4655932E+04  0.4341156E+04 -0.1429000E+03 -0.2593564E+04
 -0.2324566E+04  0.8117041E+04  0.1294381E+04 -0.2587421E+04
 -0.4658665E+04  0.9380932E+04  0.1776975E+04 -0.2588476E+04
 -0.3091831E+04  0.1895662E+04 -0.2426582E+03  0.7789408E+03
 -0.4674852E+03  0.1997959E+04 -0.1228716E+04 -0.1534473E+03
  0.6403199E+04 -0.5299191E+03 -0.9051944E+03 -0.1724892E+04
 -0.1962116E+04 -0.1233288E+05 -0.1482875E+04  0.1829619E+04
  0.1083783E+05 -0.2501367E+04 -0.5593569E+04 -0.2048451E+04
  0.4318151E+04  0.1426948E+04 -0.4585317E+04 -0.2477280E+04
  0.1885705E+03  0.3764021E+04 -0.4042025E+04 -0.2784350E+04
 -0.1192341E+04  0.4543334E+04 -0.3861341E+04 -0.2887470E+04
 -0.2299649E+04 -0.2865758E+04 -0.3468422E+03  0.1859528E+04
 -0.3777511E+04 -0.3013301E+04  0.1562562E+04  0.9045135E+03
 -0.4652486E+04 -0.1715522E+04  0.3763241E+04 -0.3155136E+04
 -0.1313593E+03 -0.6071237E+03 -0.6806824E+03 -0.1067332E+05
  0.9112045E+03 -0.1068622E+05  0.1872944E+04  0.4419217E+04
  0.7243646E+03 -0.4345344E+04  0.1568282E+04  0.3316398E+04
  0.4123341E+03 -0.4639603E+03  0.1409301E+04  0.2468060E+04
  0.3051965E+03  0.8311516E+03  0.1356638E+04  0.2182019E+04
  0.1488119E+02  0.1179785E+04  0.8789530E+03  0.8898248E+03
  0.1184125E+04  0.2251238E+04  0.9817496E+03  0.5522523E+03
  0.2088495E+04  0.3859441E+04  0.8913551E+03 -0.1775017E+04
  0.1373793E+04  0.2036578E+04  0.3123643E+04 -0.2698085E+03
  0.4835079E+04 -0.2746198E+03 -0.4592301E+04 -0.1479395E+04
 -0.9698710E+03  0.4349435E+04 -0.7539336E+03 -0.3190674E+04
 -0.4599677E+04  0.7150478E+04  0.1673945E+04 -0.4224595E+04
 -0.5813187E+04  0.8084495E+04  0.2486318E+04 -0.4569820E+04
 -0.1557983E+04 -0.3003994E+04 -0.1007199E+04  0.4481287E+03
 -0.2004023E+04 -0.4590808E+04  0.3850360E+03  0.5694844E+03
 -0.8461316E+03 -0.5873747E+04  0.1049109E+04  0.1085632E+03
  0.2545250E+04  0.1875537E+04 -0.6126253E+03 -0.4811866E+04
 -0.1369358E+04 -0.1724101E+04  0.4367723E+04  0.2227025E+04
  0.3262442E+04 -0.4972023E+04 -0.4323538E+03  0.4335825E+04
  0.6084965E+04 -0.6888641E+04 -0.3432710E+04  0.5522326E+04
  0.7026512E+04 -0.7525710E+04 -0.4435970E+04  0.5916660E+04
 -0.6963768E+03  0.4453059E+03 -0.9033262E+03  0.4231746E+03
 -0.6249095E+03 -0.8115716E+03 -0.3072540E+04 -0.8588997E+03
  0.6249505E+03 -0.3244487E+04 -0.5493300E+04 -0.3054409E+04
 -0.5364937E+03 -0.1198084E+04 -0.1931562E+04 -0.5320007E+04
  0.5028662E+04 -0.3960792E+04 -0.5822365E+03  0.1372500E+04
  0.4139884E+04 -0.1967591E+04 -0.8125098E+03  0.3660740E+04
  0.3531587E+04 -0.9062133E+03 -0.1072292E+04  0.4950191E+04
  0.3328711E+04 -0.5558496E+03 -0.1160815E+04  0.5379223E+04
  0.2177213E+04  0.6218394E+03  0.5009085E+03 -0.1574622E+04
  0.1582698E+04 -0.4649267E+02 -0.4389884E+03 -0.1187047E+04
  0.5292348E+03 -0.1678125E+04 -0.1871660E+04  0.1305454E+03
  0.3354758E+03  0.2840504E+04 -0.6409003E+03 -0.1159207E+04
 -0.1306164E+04  0.3524332E+04 -0.2637617E+04 -0.6102593E+03
 -0.5511768E+02  0.4399432E+03 -0.6115635E+03 -0.5229435E+03
  0.6977330E+03 -0.1363219E+04  0.5874029E+03 -0.5202764E+03
  0.9487244E+03 -0.1963304E+04  0.9866822E+03 -0.5204587E+03
  0.1744911E+04  0.1332037E+04 -0.9758213E+03 -0.3359843E+03
  0.1558263E+04  0.2405077E+04 -0.2195769E+04 -0.4073029E+03
  0.1842730E+03  0.3921711E+04 -0.2061847E+04 -0.4135981E+03
  0.2754197E+04 -0.3702936E+04  0.2869961E+03 -0.8840468E+02
 -0.8689005E+04  0.4977681E+03  0.1017710E+04  0.9398164E+03
 -0.3666070E+04 -0.1222927E+04  0.2154348E+03  0.5207573E+03
 -0.4744093E+03 -0.2351931E+04 -0.3345858E+03  0.3310568E+03
  0.5927891E+03 -0.2730420E+04 -0.5193729E+03  0.2695666E+03
  0.1340276E+04 -0.5657232E+03  0.1037691E+03 -0.2149393E+03
  0.2900826E+03 -0.5864922E+03  0.6785396E+03  0.2821056E+03
 -0.2594682E+04  0.5410873E+03  0.8037291E+03  0.8417922E+03
 -0.4086895E+03  0.6152524E+04  0.3507378E+03 -0.2087439E+03
 -0.4009863E+04  0.4634798E+03  0.2964290E+04  0.3073669E+03
 -0.2024049E+04 -0.1675781E+04  0.2550763E+04  0.9871421E+03
 -0.7733485E+03 -0.2942634E+04  0.2323295E+04  0.1430411E+04
 -0.3553460E+03 -0.3364985E+04  0.2247664E+04  0.1578607E+04
  0.9874347E+03  0.1589622E+04  0.2799727E+03 -0.8541810E+03
  0.1824792E+04  0.1657954E+04 -0.9879021E+03 -0.7500556E+03
  0.2314605E+04  0.7916896E+03 -0.2511612E+04  0.4810161E+03
 -0.3444793E+03  0.4153580E+03  0.1468153E+04  0.4310355E+04
  0.2042636E+03  0.4781296E+04 -0.1349031E+04 -0.1322282E+04
 -0.1261080E+02  0.2470874E+04 -0.1334609E+04 -0.1002509E+04
 -0.6229836E+02  0.1084430E+04 -0.1317594E+04 -0.7385123E+03
 -0.7754014E+02  0.6224644E+03 -0.1311844E+04 -0.6491836E+03
  0.1884865E+03 -0.6436761E+03 -0.1901697E+03 -0.2425351E+03
 -0.4750616E+03 -0.9079682E+03 -0.1617231E+03 -0.1297187E+02
 -0.1115070E+04 -0.1194988E+04 -0.5304386E+02  0.1211439E+04
 -0.9820475E+03 -0.7458868E+03 -0.1723845E+04  0.3414681E+03
 -0.2143690E+04  0.3911145E+03  0.2833595E+04  0.1247228E+04
  0.3490597E+03 -0.1672812E+04  0.8209027E+03  0.1473902E+04
  0.1916571E+04 -0.2936631E+04 -0.4457853E+03  0.1623089E+04
  0.2440826E+04 -0.3358445E+04 -0.8695284E+03  0.1673267E+04
  0.4841356E+03  0.1635622E+04  0.5847307E+03 -0.4163150E+03
  0.8433980E+03  0.2521809E+04 -0.4651139E+03 -0.5463983E+03
  0.4507059E+03  0.3126508E+04 -0.1326082E+04 -0.2526545E+03
 -0.1724187E+04 -0.3268093E+03  0.2363614E+03  0.1811766E+04
  0.4980667E+03  0.2218177E+04 -0.1803395E+04 -0.1787465E+04
 -0.1734086E+04  0.3112611E+04  0.6341828E+03 -0.2219522E+04
 -0.3103828E+04  0.3636375E+04  0.2144496E+04 -0.2435296E+04
 -0.3560912E+04  0.3810231E+04  0.2649154E+04 -0.2506376E+04
  0.5487567E+03 -0.2264228E+03  0.6146758E+03 -0.2887504E+03
  0.3513996E+03  0.3097090E+03  0.1471822E+04  0.4707817E+03
 -0.6269699E+03  0.1312051E+04  0.1897582E+04  0.1923611E+04
  0.2429916E+02  0.9929041E+03  0.1060019E+04  0.1175829E+04
 -0.2685180E+04  0.2260349E+04 -0.3186574E+03 -0.6752711E+01
 -0.2210717E+04  0.1194745E+04 -0.1277346E+03 -0.1492515E+04
 -0.1890766E+04  0.6347785E+03  0.6132335E+02 -0.2363146E+04
 -0.1784075E+04  0.4499597E+03  0.1253383E+03 -0.2653235E+04
  0.4399883E+02  0.3351620E+03  0.1148385E+03 -0.7091236E+02
  0.1312879E+03  0.3843458E+03  0.1089524E+03 -0.4703282E+02
  0.1656767E+03  0.4382555E+03  0.8710118E+02 -0.2497013E+02
  0.5096288E+03 -0.2980480E+03  0.1497619E+03 -0.2018804E+03
  0.2176461E+03 -0.4856873E+03 -0.1467075E+03  0.2063186E+03
 -0.1250463E+03 -0.7962888E+03  0.1495328E+01  0.4439884E+03
 -0.3164255E+03 -0.9709467E+03  0.8690975E+02  0.5824961E+03
 -0.3799062E+03 -0.1028908E+04  0.1152726E+03  0.6286010E+03
 -0.1029169E+04  0.9373078E+03 -0.1042573E+03 -0.3640682E+03
 -0.5448132E+03  0.6299249E+03  0.1440760E+02 -0.1774493E+03
 -0.1142740E+03  0.1920555E+03  0.2296433E+03  0.1663751E+03
 -0.1787753E+04  0.2095080E+04  0.9605532E+02 -0.6179938E+02
 -0.1531209E+04  0.1118161E+04 -0.6654764E+02 -0.2265132E+03
 -0.8758258E+03  0.6550017E+03 -0.2156541E+03  0.2807629E+03
 -0.4858357E+03  0.3742683E+03 -0.3077234E+03  0.5883968E+03
 -0.3560808E+03  0.2806551E+03 -0.3384704E+03  0.6910101E+03
 -0.1292096E+03  0.2300594E+03  0.1416419E+03 -0.1974994E+03
  0.8640804E+01 -0.3726269E+02  0.2316681E+03 -0.6844295E+02
 -0.5756405E+02 -0.4618800E+03  0.2308047E+03  0.1636629E+03
  0.5003756E+03 -0.5069303E+03  0.3397909E+03 -0.2835368E+02
 -0.1086992E+04  0.7140968E+03  0.3368773E+03  0.6297631E+03
 -0.3226417E+03  0.3892379E+02  0.4719846E+03  0.7924426E+03
  0.1414691E+03 -0.3730482E+03  0.5569498E+03  0.8805439E+03
  0.2961520E+03 -0.5104137E+03  0.5852309E+03  0.9098261E+03
 -0.2066235E+03  0.7810894E+02  0.7296322E+02 -0.1675132E+03
 -0.1566826E+03  0.4962227E+02 -0.1450224E+03 -0.1197377E+03
 -0.4318903E+02 -0.1317194E+03 -0.5379657E+03 -0.2013528E+03
 -0.2365283E+03 -0.2781123E+03 -0.1747036E+03  0.5240227E+03
  0.7543975E+03 -0.8624359E+03 -0.2887082E+03 -0.1360395E+03
  0.2259676E+03 -0.3905434E+03 -0.3867797E+03 -0.3601090E+03
 -0.8329549E+02 -0.9140396E+02 -0.4438177E+03 -0.4665701E+03
 -0.1861753E+03  0.8648723E+01 -0.4626948E+03 -0.5016130E+03
 -0.1500215E+03 -0.9130132E+01 -0.5007479E+02 -0.2064566E+03
 -0.2121515E+03  0.7282806E+02 -0.9450956E+02 -0.8477556E+02
 -0.3219386E+03  0.2803408E+03 -0.7137248E+02  0.1560404E+03
 -0.6886808E+02 -0.5107568E+02 -0.2799998E+03 -0.2901641E+03
 -0.3999077E+03  0.2094604E+03  0.3190419E+03 -0.1506029E+03
 -0.1614146E+03 -0.1912279E+03  0.1619039E+03  0.1120527E+03
 -0.1531922E+02 -0.4363952E+03  0.5956644E+02  0.2801752E+03
  0.3338828E+02 -0.5182474E+03  0.2530352E+02  0.3364766E+03
  0.2159234E+03 -0.4675116E+03  0.6088331E+02  0.3015751E+02
  0.1965129E+03 -0.2224798E+03 -0.7897709E+02 -0.2748289E+02
  0.8913332E+02  0.2279192E+03 -0.3236479E+03 -0.1706042E+03
 -0.2332825E+03 -0.4412059E+02 -0.3992236E+02 -0.7870700E+02
  0.7060401E+03 -0.2925630E+02  0.1135565E+03 -0.2577455E+03
  0.2051639E+01  0.3586692E+03  0.2903121E+03 -0.3620054E+03
 -0.4216133E+03  0.5824646E+03  0.3905913E+03 -0.4216552E+03
 -0.5627758E+03  0.6568403E+03  0.4239182E+03 -0.4414781E+03
 -0.1523375E+03 -0.7775008E+02 -0.3500814E+02 -0.1396574E+03
 -0.1218447E+03 -0.2832477E+02 -0.8358177E+02 -0.1960754E+03
 -0.4294936E+02  0.1212305E+03 -0.8957814E+02 -0.4797827E+03
 -0.1359942E+03  0.1187138E+03  0.2844240E+03  0.2130484E+03
  0.8209692E+03 -0.4643499E+03 -0.1460507E+03 -0.5306182E+03
  0.3577182E+03 -0.2863461E+03  0.3424856E+02 -0.5011438E+03
  0.8159354E+02 -0.1759989E+03  0.1510489E+03 -0.4710148E+03
 -0.1044697E+02 -0.1391556E+03  0.1901960E+03 -0.4608435E+03
 -0.5023641E+03  0.2349145E+02 -0.5498450E+02  0.2174903E+01
 -0.3684318E+03 -0.3133228E+03 -0.2815798E+02 -0.9515001E+02
 -0.2605017E+03 -0.9024240E+03 -0.8388256E+02 -0.1041489E+03
 -0.1256312E+03 -0.3332214E+03 -0.6951953E+03 -0.8676994E+03
 -0.1021238E+04 -0.7179885E+02  0.1573217E+03 -0.4850829E+03
 -0.4852239E+03 -0.2186264E+03 -0.1700725E+03 -0.5688900E+03
 -0.1347680E+03 -0.3186332E+03 -0.3721803E+03 -0.6237039E+03
 -0.1733466E+02 -0.3522849E+03 -0.4396417E+03 -0.6419740E+03
 -0.1333665E+03 -0.3701129E+03  0.1098756E+03 -0.1364897E+03
 -0.1896011E+03 -0.2265228E+03  0.2586726E+03 -0.1383485E+03
 -0.3016511E+03  0.4362725E+03  0.5868903E+03 -0.2838569E+03
  0.3121856E+03  0.1985190E+03  0.5186434E+03  0.5941211E+03
  0.7006139E+03  0.2931264E+03  0.3416400E+03  0.2798511E+03
  0.7603720E+03 -0.4112681E+03 -0.7352229E+01  0.4549802E+03
  0.8125545E+03 -0.8521331E+03 -0.2247284E+03  0.5541354E+03
  0.8302088E+03 -0.9993144E+03 -0.2973133E+03  0.5869154E+03
  0.1489431E+03 -0.2102220E+03  0.3106268E+02 -0.1334335E+03
  0.2002893E+02 -0.1992616E+03 -0.2233742E+02 -0.2060238E+03
 -0.3232875E+03 -0.9076643E+02 -0.1613825E+03 -0.1141499E+03
  0.5222101E+03  0.4122460E+02  0.3633171E+03 -0.3507578E+03
 -0.9252412E+03  0.7287875E+03  0.1518789E+03  0.3647089E+03
 -0.8866142E+02  0.5708128E+03  0.4200885E+02  0.1709058E+03
  0.4383111E+03  0.4728932E+03 -0.2273288E+02  0.4630518E+02
  0.6145592E+03  0.4401502E+03 -0.4437320E+02  0.4672759E+01
 -0.2127922E+02 -0.1318974E+03 -0.3847977E+02 -0.6818331E+02
 -0.1405016E+03 -0.1438385E+03  0.8915950E+02  0.8195317E+02
 -0.1271458E+03  0.3639213E+02  0.2484862E+03  0.4124884E+03
  0.2932681E+03 -0.2406401E+03 -0.6352135E+03  0.3288475E+03
 -0.5508298E+03  0.3559129E+03 -0.1361757E+02 -0.3894771E+03
 -0.3534980E+03 -0.8041987E+02  0.2088971E+03 -0.4024955E+03
 -0.2296710E+03 -0.3710504E+03  0.3339033E+03 -0.3999965E+03
 -0.1883551E+03 -0.4684943E+03  0.3754889E+03 -0.3989826E+03
  0.4114034E+01  0.3731536E+01 -0.2477595E+03 -0.2234592E+03
  0.1235539E+03 -0.6029184E+02 -0.2369461E+03 -0.1269330E+03
  0.2418110E+03 -0.1272367E+03 -0.1990125E+03  0.5519045E+02
  0.4056476E+03 -0.3496309E+03  0.1768810E+03 -0.1979165E+03
 -0.3408786E+03 -0.3894312E+02 -0.3040767E+03 -0.2609452E+03
 -0.3529048E+02 -0.2487974E+03 -0.2411014E+03  0.1167599E+03
  0.1471288E+03 -0.3739155E+03 -0.2024140E+03  0.3347042E+03
  0.2078717E+03 -0.4155068E+03 -0.1894668E+03  0.4071831E+03
 -0.4113383E+02  0.4987246E+01 -0.6127126E+02  0.7353503E+01
 -0.1719051E+03 -0.9489787E+02  0.8582007E+02  0.5181531E+02
 -0.2648530E+03 -0.6075296E+02  0.3679066E+03  0.1555769E+02
  0.2828667E+03  0.6594592E+02 -0.2932409E+02  0.3511722E+03
 -0.1458583E+03 -0.7538701E+03 -0.4317873E+02  0.2375609E+02
 -0.1427573E+03 -0.2496469E+03 -0.1527673E+03 -0.1215474E+03
 -0.1295870E+03  0.4411050E+02 -0.2185156E+03 -0.2097317E+03
 -0.1249403E+03  0.1417153E+03 -0.2403629E+03 -0.2392606E+03
 -0.2335944E+02 -0.8595196E+02 -0.1827826E+03  0.4017199E+02
  0.7082037E+02  0.5622443E+01 -0.1984762E+02 -0.6537525E+02
  0.2450759E+03  0.3494406E+03  0.5012283E+03 -0.4074915E+03
  0.2555435E+03 -0.1899669E+03  0.1176416E+03  0.7084041E+03
  0.1014615E+03  0.6181373E+02  0.2514634E+03 -0.5394813E+03
  0.1370247E+03  0.1241074E+02  0.3410211E+03 -0.3469961E+03
  0.1524483E+03 -0.2841426E+02  0.3909125E+03 -0.2172421E+03
  0.1574218E+03 -0.4210661E+02  0.4075814E+03 -0.1737266E+03
  0.2011312E+03  0.6754386E+02 -0.1971316E+03  0.1539824E+03
  0.6192574E+02 -0.1147521E+03 -0.8740044E+02  0.6762876E+02
 -0.3470473E+03 -0.3156100E+03 -0.5047243E+02  0.8599123E+02
  0.4092455E+03 -0.2072194E+02 -0.1603424E+03 -0.2366265E+03
  0.1567842E+02 -0.7761077E+01  0.3805973E+03 -0.3555496E+03
  0.2239134E+02  0.1811867E+03  0.2012367E+03 -0.2483095E+03
  0.4941601E+02  0.2825425E+03  0.1020326E+03 -0.1960044E+03
  0.5889462E+02  0.3162087E+03  0.6910204E+02 -0.1787459E+03
  0.6859209E+03 -0.2301629E+03 -0.9038981E+02  0.2614755E+03
  0.4858557E+03  0.9507687E+02 -0.2816512E+02  0.4636213E+02
  0.1113698E+03  0.1048721E+04  0.9698611E+02 -0.6148273E+03
 -0.3681848E+02 -0.4424822E+03 -0.3175382E+03 -0.7076380E+03
  0.2773706E+03 -0.3625647E+03 -0.4597758E+03  0.1899815E+03
  0.4948295E+03 -0.5374855E+03 -0.1679580E+03  0.2346641E+03
  0.6237445E+03 -0.6516860E+03  0.2150056E+01  0.2690667E+03
  0.6665869E+03 -0.6898595E+03  0.5876297E+02  0.2806410E+03
 -0.4526097E+01 -0.1253278E+03 -0.9727880E+01  0.6330790E+01
 -0.7861334E+02 -0.2097498E+03 -0.7604405E+02  0.5650809E+02
 -0.6855301E+02 -0.3251197E+03 -0.2770519E+03  0.1382142E+03
  0.8146846E+03 -0.2940791E+03 -0.1442685E+03 -0.2941064E+03
  0.2271089E+02 -0.3355313E+03 -0.5958960E+03  0.2084366E+03
  0.7877174E+02  0.2800504E+03 -0.4852257E+03 -0.9551201E+01
  0.1271859E+03  0.6460968E+03 -0.4083529E+03 -0.1413823E+03
  0.1435933E+03  0.7681901E+03 -0.3825960E+03 -0.1852748E+03
  0.1726995E+03 -0.1778668E+02 -0.7041879E+02  0.6184728E+02
  0.2183184E+03  0.2699982E+02  0.1203743E+03  0.2596790E+03
  0.1145805E+03  0.4469606E+02  0.4223062E+03  0.6649019E+03
  0.5064518E+02  0.2271198E+03 -0.3719558E+03  0.4838051E+03
  0.6555903E+02  0.1413951E+02  0.5277183E+03 -0.3585458E+03
  0.1957707E+03 -0.2934071E+03  0.3577554E+03 -0.1153289E+03
  0.2861504E+03 -0.4773372E+03  0.2431808E+03  0.3734645E+02
  0.3164731E+03 -0.5387517E+03  0.2047894E+03  0.8829979E+02
 -0.2164009E+03  0.7699027E+02  0.9983202E+02  0.1478345E+03
 -0.2929369E+03 -0.1541751E+03 -0.2603636E+02 -0.9613920E+02
 -0.2331905E+03 -0.7145549E+03 -0.1942474E+03 -0.5149642E+03
 -0.1673355E+03  0.1947691E+03  0.9931594E+01  0.4807489E+02
  0.3026202E+03 -0.2463718E+03 -0.3032406E+03 -0.2548901E+03
  0.2351787E+03 -0.1298401E+03 -0.2004580E+03 -0.9660475E+02
  0.1953505E+03 -0.4383604E+02 -0.1409346E+03 -0.2172319E+01
  0.1821571E+03 -0.1485172E+02 -0.1211241E+03  0.2931941E+02
  0.3931626E+03 -0.2418127E+03 -0.1831287E+02  0.2285259E+03
  0.4155204E+03 -0.1922677E+03  0.1781416E+03  0.2496119E+03
  0.3370151E+03 -0.1821060E+03  0.3878085E+03  0.2402945E+03
  0.1800280E+03 -0.9059031E+03  0.1630945E+03  0.7063384E+02
  0.4428856E+03 -0.5360964E+03 -0.3705424E+03  0.9192006E+03
  0.4401907E+03 -0.5194204E+03 -0.3036981E+03  0.3951326E+03
  0.4312607E+03 -0.4982599E+03 -0.2504598E+03  0.7554777E+02
  0.4280407E+03 -0.4908653E+03 -0.2324492E+03 -0.3111635E+02
 -0.1904453E+03  0.1458311E+03  0.7451659E+02  0.2313471E+02
 -0.1456056E+03  0.9599496E+02  0.6607041E+02  0.3552225E+02
  0.2557597E+02 -0.2080915E+03  0.1733064E+03  0.1325484E+03
 -0.6329227E+02 -0.1794637E+03 -0.3404730E+03  0.5952487E+03
  0.2095449E+03 -0.5481396E+03  0.3396891E+03  0.1199818E+03
  0.9062429E+02 -0.3434192E+03  0.8529018E+02  0.2018966E+03
  0.3182053E+02 -0.2207613E+03 -0.7955384E+02  0.2521684E+03
  0.1255385E+02 -0.1799717E+03 -0.1346283E+03  0.2688396E+03
  0.2428419E+03  0.1118554E+03  0.4112532E+02 -0.2178032E+03
  0.1625895E+03 -0.7702996E+02 -0.7098087E+02 -0.1892727E+03
 -0.2237457E+02 -0.4595216E+03 -0.2854872E+03  0.4430057E+01
  0.6422841E+02  0.3690300E+03 -0.2405102E+03 -0.3668329E+03
 -0.4076893E+03  0.5132152E+03 -0.3168363E+03 -0.2233607E+03
 -0.1015478E+03  0.4300232E+02 -0.1036880E+03 -0.2232436E+03
  0.9131412E+02 -0.2361241E+03  0.2206724E+02 -0.2324156E+03
  0.1557934E+03 -0.3291047E+03  0.6393531E+02 -0.2356423E+03
  0.2814994E+03  0.1054021E+03 -0.1266741E+03 -0.3575001E+02
  0.2282515E+03  0.3259825E+03 -0.2615799E+03 -0.6585991E+02
 -0.1970522E+02  0.7992695E+03 -0.1607905E+03 -0.1655484E+03
  0.4384228E+03 -0.5349949E+03  0.9099946E+02  0.3087459E+02
 -0.1149336E+04  0.1139515E+03  0.1565114E+03  0.2094944E+03
 -0.3453351E+03 -0.3129717E+03  0.8024037E+01  0.1978113E+03
  0.1661790E+03 -0.5887093E+03 -0.9318128E+02  0.2002971E+03
  0.3372052E+03 -0.6810101E+03 -0.1271635E+03  0.2013580E+03
  0.2303942E+03 -0.1458177E+03  0.1942732E+02 -0.4567425E+02
  0.3736062E+02 -0.1520807E+03  0.8769195E+02  0.2107414E+02
 -0.4671589E+03  0.3771328E+02  0.5261351E+02  0.1323298E+03
  0.1301158E+03  0.9078081E+03  0.1218043E+03 -0.1389101E+03
 -0.7857285E+03  0.1791777E+03  0.3946670E+03  0.1457101E+03
 -0.3102407E+03 -0.1211346E+03  0.3200518E+03  0.1719301E+03
 -0.9125922E+01 -0.2999785E+03  0.2796562E+03  0.1916444E+03
  0.9156216E+02 -0.3596140E+03  0.2662182E+03  0.1982802E+03
  0.1533944E+03  0.2035078E+03  0.2937329E+02 -0.1302313E+03
  0.2553978E+03  0.2190994E+03 -0.9887644E+02 -0.6294849E+02
  0.3169039E+03  0.1389914E+03 -0.2505329E+03  0.2308504E+03
  0.1748668E+01  0.8673851E+02  0.4180405E+02  0.7401145E+03
 -0.7022138E+02  0.7938739E+03 -0.1261081E+03 -0.3176108E+03
 -0.5443562E+02  0.3313785E+03 -0.1059326E+03 -0.2351504E+03
 -0.3071040E+02  0.4895290E+02 -0.9527636E+02 -0.1730786E+03
 -0.2257904E+02 -0.4527458E+02 -0.9174397E+02 -0.1521697E+03
 -0.3306834E+01 -0.8480754E+02 -0.6232826E+02 -0.6675830E+02
 -0.8672525E+02 -0.1646460E+03 -0.7026902E+02 -0.3811248E+02
 -0.1492771E+03 -0.2912294E+03 -0.6465127E+02  0.1389313E+03
 -0.9488503E+02 -0.1521752E+03 -0.2038462E+03  0.1426222E+02
 -0.3713915E+03  0.1876708E+02  0.3178900E+03  0.1050496E+03
  0.7024728E+02 -0.3155306E+03  0.5703793E+02  0.2204489E+03
  0.3458737E+03 -0.5179040E+03 -0.1079359E+03  0.2900279E+03
  0.4380042E+03 -0.5853853E+03 -0.1631389E+03  0.3132601E+03
  0.1008309E+03  0.2155518E+03  0.7070098E+02 -0.3423120E+02
  0.1354053E+03  0.3266743E+03 -0.1659041E+02 -0.3632956E+02
  0.6104639E+02  0.4238897E+03 -0.5424924E+02  0.1186851E+02
 -0.1755665E+03 -0.1383494E+03  0.2542356E+02  0.3433589E+03
  0.1198388E+03  0.1326772E+03 -0.3351651E+03 -0.1459273E+03
 -0.2105564E+03  0.3551587E+03  0.1041186E+02 -0.2861135E+03
 -0.4117641E+03  0.4864910E+03  0.2260112E+03 -0.3643363E+03
 -0.4788770E+03  0.5301453E+03  0.2980914E+03 -0.3903188E+03
  0.5110141E+02 -0.3788540E+02  0.6319231E+02 -0.3107642E+02
  0.3872562E+02  0.5761661E+02  0.2169489E+03  0.6385159E+02
 -0.6247910E+02  0.2462204E+03  0.3976169E+03  0.2270683E+03
  0.3895511E+02  0.1014592E+03  0.1399154E+03  0.3856475E+03
 -0.3667871E+03  0.2745135E+03  0.6029628E+02 -0.8839477E+02
 -0.2978290E+03  0.1310743E+03  0.6162681E+02 -0.2467301E+03
 -0.2504533E+03  0.5436143E+02  0.7045324E+02 -0.3361820E+03
 -0.2346367E+03  0.2902672E+02  0.7352173E+02 -0.3659539E+03
 -0.1524144E+03 -0.4825301E+02 -0.3633678E+02  0.1147637E+03
 -0.1091708E+03  0.2036422E+01  0.2684440E+02  0.8702070E+02
 -0.3299407E+02  0.1220746E+03  0.1279666E+03 -0.6766776E+01
 -0.1918452E+02 -0.2108885E+03  0.4371640E+02  0.8481288E+02
  0.1050520E+03 -0.2561333E+03  0.1900942E+03  0.4345753E+02
  0.6041584E+01 -0.3052402E+02  0.4628311E+02  0.4187225E+02
 -0.5384965E+02  0.1016013E+03 -0.3900492E+02  0.4429937E+02
 -0.7382314E+02  0.1455773E+03 -0.6741040E+02  0.4518060E+02
 -0.1094496E+03 -0.9835502E+02  0.6637276E+02  0.1985250E+02
 -0.1002640E+03 -0.1735468E+03  0.1490842E+03  0.2193329E+02
 -0.1172026E+02 -0.2876265E+03  0.1374804E+03  0.1896446E+02
 -0.1862599E+03  0.2524584E+03 -0.1481721E+02 -0.1127089E+01
  0.6380922E+03 -0.4924280E+02 -0.7103430E+02 -0.6507869E+02
  0.2658389E+03  0.8327017E+02 -0.1422223E+02 -0.4076700E+02
  0.2976515E+02  0.1700787E+03  0.2472539E+02 -0.3089598E+02
 -0.4916278E+02  0.1991765E+03  0.3781115E+02 -0.2773721E+02
 -0.9841605E+02  0.4427834E+02 -0.7137565E+01  0.1028626E+02
 -0.2081343E+02  0.4347228E+02 -0.4898325E+02 -0.2588967E+02
  0.1931327E+03 -0.4532042E+02 -0.5627100E+02 -0.6676161E+02
  0.3159526E+02 -0.4537377E+03 -0.3406636E+02  0.1832745E+02
  0.2977544E+03 -0.3936333E+02 -0.2118663E+03 -0.2527110E+02
  0.1469705E+03  0.1272781E+03 -0.1793738E+03 -0.6831258E+02
  0.5196664E+02  0.2261335E+03 -0.1612911E+03 -0.9689350E+02
  0.2021477E+02  0.2590904E+03 -0.1552745E+03 -0.1064578E+03
 -0.6648019E+02 -0.1119036E+03 -0.2183554E+02  0.6050666E+02
 -0.1243095E+03 -0.1179932E+03  0.6309242E+02  0.5299889E+02
 -0.1588988E+03 -0.6155305E+02  0.1686768E+03 -0.3597637E+02
  0.2897769E+02 -0.5113264E+02 -0.9996634E+02 -0.3012407E+03
 -0.1270350E+02 -0.3518422E+03  0.9028780E+02  0.9780579E+02
  0.5228955E+01 -0.1850836E+03  0.9114935E+02  0.7056553E+02
  0.1027249E+02 -0.8524807E+02  0.9086523E+02  0.4944186E+02
  0.1186041E+02 -0.5198605E+02  0.9076098E+02  0.4231479E+02
 -0.1045435E+02  0.4593002E+02  0.1325056E+02  0.2038979E+02
  0.3659756E+02  0.6551951E+02  0.1086330E+02  0.1323490E+01
  0.8124538E+02  0.8860873E+02  0.1950724E+01 -0.9196328E+02
  0.7366678E+02  0.5296585E+02  0.1157449E+03 -0.2232397E+02
  0.1663679E+03 -0.2684251E+02 -0.1996288E+03 -0.8958582E+02
 -0.2381847E+02  0.1228517E+03 -0.6133298E+02 -0.1018346E+03
 -0.1431452E+03  0.2145366E+03  0.2571146E+02 -0.1101761E+03
 -0.1830456E+03  0.2451384E+03  0.5483195E+02 -0.1129903E+03
 -0.3011941E+02 -0.1180614E+03 -0.4099178E+02  0.3042339E+02
 -0.5761777E+02 -0.1783164E+03  0.2616701E+02  0.3673436E+02
 -0.3456888E+02 -0.2217838E+03  0.8238482E+02  0.9477444E+01
  0.1215218E+03  0.2113873E+02 -0.5657741E+01 -0.1303655E+03
 -0.4609903E+02 -0.1643968E+03  0.1374194E+03  0.1258367E+03
  0.1143936E+03 -0.2251465E+03 -0.3652843E+02  0.1504235E+03
  0.2127487E+03 -0.2607141E+03 -0.1441478E+03  0.1619297E+03
  0.2455644E+03 -0.2725194E+03 -0.1801031E+03  0.1657005E+03
 -0.3789207E+02  0.1888094E+02 -0.4316439E+02  0.2009999E+02
 -0.2066455E+02 -0.2193217E+02 -0.1033242E+03 -0.3494997E+02
  0.5428792E+02 -0.9939540E+02 -0.1370278E+03 -0.1399927E+03
  0.9083995E+00 -0.7699395E+02 -0.7668091E+02 -0.8795409E+02
  0.1993812E+03 -0.1590691E+03  0.1333571E+02  0.2865781E+00
  0.1623406E+03 -0.8221699E+02  0.6288639E+01  0.9951111E+02
  0.1373820E+03 -0.4168061E+02 -0.2890330E+01  0.1577260E+03
  0.1290543E+03 -0.2829640E+02 -0.6015062E+01  0.1771282E+03
 -0.1765318E+01 -0.7528007E+01 -0.2713138E+01  0.1667515E+01
 -0.3551706E+01 -0.8315166E+01 -0.2607857E+01  0.1229927E+01
 -0.3370097E+01 -0.9062946E+01 -0.2126576E+01  0.9796537E+00
 -0.8987602E+01  0.7471728E+01 -0.3218519E+01  0.4610312E+01
 -0.2403485E+01  0.1270562E+02  0.4070082E+01 -0.3985068E+01
  0.5125026E+01  0.1991896E+02  0.4405218E+00 -0.9906850E+01
  0.9326760E+01  0.2397756E+02 -0.1660922E+01 -0.1336832E+02
  0.1072044E+02  0.2532449E+02 -0.2358989E+01 -0.1452063E+02
  0.2281543E+02 -0.2180448E+02  0.2400135E+01  0.8824493E+01
  0.1177140E+02 -0.1448233E+02 -0.1580267E+00  0.4356490E+01
  0.1930673E+01 -0.3985070E+01 -0.4862296E+01 -0.3852824E+01
  0.3977598E+02 -0.4856364E+02 -0.2039997E+01  0.2013365E+01
  0.3356459E+02 -0.2599448E+02  0.2745879E+01  0.6131327E+01
  0.1914146E+02 -0.1542627E+02  0.6048153E+01 -0.5903602E+01
  0.1057186E+02 -0.9009864E+01  0.8083838E+01 -0.1320766E+02
  0.7721019E+01 -0.6870049E+01  0.8763640E+01 -0.1564419E+02
  0.2945696E+01 -0.5315475E+01 -0.3295955E+01  0.4591221E+01
 -0.4327708E+00  0.1093694E+01 -0.5348381E+01  0.1505673E+01
  0.8445102E+00  0.1172410E+02 -0.5075582E+01 -0.4002599E+01
 -0.1218277E+02  0.1333216E+02 -0.6843655E+01 -0.7020126E+00
  0.2392724E+02 -0.1427907E+02 -0.7504735E+01 -0.1483516E+02
  0.6810227E+01  0.8512565E+00 -0.1061789E+02 -0.1854610E+02
 -0.3587974E+01  0.1007024E+02 -0.1257293E+02 -0.2058198E+02
 -0.7053599E+01  0.1314394E+02 -0.1322366E+02 -0.2125923E+02
  0.4385034E+01 -0.1762872E+01 -0.1714602E+01  0.3921982E+01
  0.3445098E+01 -0.9758542E+00  0.3588097E+01  0.2892757E+01
  0.1192822E+01  0.3153441E+01  0.1313425E+02  0.4750707E+01
  0.5126588E+01  0.6325738E+01  0.3524215E+01 -0.1210356E+02
 -0.1694872E+02  0.1986550E+02  0.7135506E+01  0.1793931E+01
 -0.4571614E+01  0.8565420E+01  0.9455931E+01  0.7698183E+01
  0.2679689E+01  0.1407504E+01  0.1078747E+02  0.1061795E+02
  0.5092144E+01 -0.9866035E+00  0.1122787E+02  0.1158143E+02
  0.3289864E+01  0.3400946E+00  0.1314088E+01  0.4501865E+01
  0.4631863E+01 -0.1431540E+01  0.2332505E+01  0.1706361E+01
  0.7244465E+01 -0.6189695E+01  0.1821856E+01 -0.3880614E+01
  0.1917451E+01  0.1725762E+01  0.6688457E+01  0.6741765E+01
  0.9946714E+01 -0.5033229E+01 -0.6924101E+01  0.3584099E+01
  0.4233860E+01  0.4122482E+01 -0.3818170E+01 -0.2490905E+01
  0.7353590E+00  0.9746560E+01 -0.1781028E+01 -0.6375382E+01
 -0.4309651E+00  0.1162469E+02 -0.1098710E+01 -0.7676208E+01
 -0.5092579E+01  0.1092524E+02 -0.1277108E+01 -0.6223463E+00
 -0.4431571E+01  0.5156844E+01  0.2027250E+01  0.7843138E+00
 -0.1816447E+01 -0.5534312E+01  0.7755778E+01  0.4210158E+01
  0.5562635E+01  0.4804527E+00  0.5513839E+00  0.1821115E+01
 -0.1707399E+02  0.1142978E+01 -0.3053672E+01  0.6295618E+01
 -0.6099003E+00 -0.8125241E+01 -0.6816894E+01  0.8391516E+01
  0.9303658E+01 -0.1348381E+02 -0.8924852E+01  0.9563246E+01
  0.1260681E+02 -0.1526496E+02 -0.9624901E+01  0.9952001E+01
  0.3401355E+01  0.2005917E+01  0.8627661E+00  0.3264872E+01
  0.2789021E+01  0.8715892E+00  0.2071613E+01  0.4611692E+01
  0.1185172E+01 -0.2634820E+01  0.2268679E+01  0.1129914E+02
  0.2980963E+01 -0.2801954E+01 -0.6953523E+01 -0.5339868E+01
 -0.1936203E+02  0.1084535E+02  0.3274664E+01  0.1198371E+02
 -0.8570290E+01  0.6596069E+01 -0.8399705E+00  0.1145291E+02
 -0.2122732E+01  0.3956292E+01 -0.3503379E+01  0.1084647E+02
  0.2678758E-01  0.3074790E+01 -0.4396002E+01  0.1064142E+02
  0.1207447E+02 -0.8817458E+00  0.1144482E+01  0.1612107E+00
  0.8988325E+01  0.6600206E+01  0.7829471E+00  0.2640927E+01
  0.6455997E+01  0.1934885E+02  0.2377321E+01  0.3292281E+01
  0.3790401E+01  0.5166786E+01  0.1582524E+02  0.2143216E+02
  0.2444417E+02 -0.1040248E+01 -0.3399352E+01  0.1217650E+02
  0.1158083E+02  0.3390118E+01  0.4220265E+01  0.1348335E+02
  0.3210760E+01  0.6342580E+01  0.8913711E+01  0.1438377E+02
  0.4069508E+00  0.7334358E+01  0.1048009E+02  0.1468416E+02
  0.3311005E+01  0.8057937E+01 -0.2397253E+01  0.3487135E+01
  0.4826846E+01  0.4490513E+01 -0.5582942E+01  0.3542805E+01
  0.8119368E+01 -0.1105967E+02 -0.1291805E+02  0.6961918E+01
 -0.5254037E+01 -0.4574959E+01 -0.1193858E+02 -0.1406700E+02
 -0.1583714E+02 -0.5442036E+01 -0.7877231E+01 -0.7432132E+01
 -0.1649098E+02  0.1023709E+02  0.9293268E-01 -0.1084165E+02
 -0.1725830E+02  0.2004179E+02  0.5049604E+01 -0.1271779E+02
 -0.1752016E+02  0.2331480E+02  0.6704414E+01 -0.1333606E+02
 -0.3853382E+01  0.5167502E+01 -0.8151420E+00  0.2998910E+01
 -0.8838534E+00  0.5196711E+01  0.8445241E+00  0.4814472E+01
  0.6757780E+01  0.3278181E+01  0.4980731E+01  0.2828973E+01
 -0.1220700E+02 -0.6227423E-01 -0.8351121E+01  0.8013946E+01
  0.1966609E+02 -0.1611765E+02 -0.2907461E+01 -0.8080768E+01
  0.1193730E+01 -0.1308012E+02 -0.7608272E+00 -0.4258976E+01
 -0.1044211E+02 -0.1117295E+02  0.4824406E+00 -0.1762528E+01
 -0.1433381E+02 -0.1053458E+02  0.8978335E+00 -0.9277453E+00
  0.5825615E+00  0.2834962E+01  0.7581482E+00  0.1558259E+01
  0.3555008E+01  0.2851613E+01 -0.2026592E+01 -0.1905387E+01
  0.3839644E+01 -0.1550508E+01 -0.5728131E+01 -0.9853602E+01
 -0.6240616E+01  0.5390353E+01  0.1458995E+02 -0.6963582E+01
  0.1397375E+02 -0.9045132E+01  0.5335615E+00  0.8357835E+01
  0.8111643E+01  0.1825329E+01 -0.4721825E+01  0.9337172E+01
  0.4468091E+01  0.9014949E+01 -0.7662280E+01  0.9681624E+01
  0.3252480E+01  0.1142474E+02 -0.8640133E+01  0.9791838E+01
 -0.4362161E+00  0.1031675E+00  0.5780762E+01  0.4919439E+01
 -0.3274568E+01  0.1789308E+01  0.5646340E+01  0.2765412E+01
 -0.6189977E+01  0.3886155E+01  0.5013432E+01 -0.1400224E+01
 -0.1033242E+02  0.8660941E+01 -0.4687536E+01  0.4663025E+01
  0.7815562E+01  0.7535225E+00  0.7402480E+01  0.6352760E+01
  0.6772923E+00  0.5399851E+01  0.5668861E+01 -0.2563776E+01
 -0.3578250E+01  0.8142897E+01  0.4594047E+01 -0.7682119E+01
 -0.4995281E+01  0.9054095E+01  0.4234246E+01 -0.9383626E+01
  0.8586655E+00 -0.6452565E-01  0.1451479E+01 -0.6527308E-01
  0.4112222E+01  0.1885308E+01 -0.1634381E+01 -0.1134707E+01
  0.6746809E+01  0.6298579E+00 -0.8033242E+01 -0.4645669E+00
 -0.7029803E+01 -0.5500382E+00  0.7403746E-01 -0.7777251E+01
  0.3800597E+01  0.1778989E+02  0.1683886E+01 -0.1214883E+01
  0.3314948E+01  0.6657495E+01  0.3943199E+01  0.2374192E+01
  0.2775846E+01  0.1692543E+00  0.5290804E+01  0.4563221E+01
  0.2590768E+01 -0.1986560E+01  0.5738319E+01  0.5296235E+01
  0.1932113E+00  0.2122619E+01  0.4276198E+01 -0.8458066E+00
 -0.1977529E+01 -0.7589251E-01  0.3458987E+00  0.1550789E+01
 -0.5959713E+01 -0.8423468E+01 -0.1203588E+02  0.9407959E+01
 -0.6472568E+01  0.3964122E+01 -0.2737206E+01 -0.1630440E+02
 -0.3040937E+01 -0.1148386E+01 -0.6369079E+01  0.1143761E+02
 -0.3717619E+01 -0.8491904E-01 -0.8033307E+01  0.7994802E+01
 -0.4000153E+01  0.8171229E+00 -0.8950396E+01  0.5600762E+01
 -0.4090946E+01  0.1119939E+01 -0.9257106E+01  0.4796405E+01
 -0.4826119E+01 -0.1970985E+01  0.4704392E+01 -0.3642319E+01
 -0.1545250E+01  0.2563276E+01  0.2211182E+01 -0.1572201E+01
  0.7899996E+01  0.7861273E+01  0.1370351E+01 -0.1905754E+01
 -0.1044919E+02 -0.4692849E-02  0.3089801E+01  0.6141134E+01
  0.1187992E+00  0.5045671E+00 -0.9783069E+01  0.9046989E+01
 -0.2894164E+00 -0.3908951E+01 -0.4962135E+01  0.6359121E+01
 -0.1069881E+01 -0.6295276E+01 -0.2266326E+01  0.5030170E+01
 -0.1340934E+01 -0.7088332E+01 -0.1370958E+01  0.4591393E+01
 -0.1622915E+02  0.5739022E+01  0.1965825E+01 -0.5990102E+01
 -0.1138587E+02 -0.1970417E+01  0.8098534E+00 -0.8300138E+00
 -0.2743672E+01 -0.2430716E+02 -0.1899965E+01  0.1475969E+02
 -0.6426983E+00  0.1332870E+02  0.7145466E+01  0.1601102E+02
 -0.7355524E+01  0.1116319E+02  0.1109124E+02 -0.5666273E+01
 -0.1211360E+02  0.1420698E+02  0.4078882E+01 -0.6274077E+01
 -0.1495286E+02  0.1626085E+02 -0.5588529E-02 -0.6827220E+01
 -0.1589667E+02  0.1694814E+02 -0.1364921E+01 -0.7014303E+01
 -0.1405545E+00  0.3128654E+01 -0.3196680E-01  0.1323247E+00
  0.1654160E+01  0.5368167E+01  0.1606590E+01 -0.9685874E+00
  0.1401912E+01  0.8582976E+01  0.6632415E+01 -0.2572058E+01
 -0.1871979E+02  0.6141786E+01  0.3721335E+01  0.7578622E+01
  0.3051042E+00  0.8556245E+01  0.1396074E+02 -0.4250455E+01
 -0.1378856E+01 -0.6357141E+01  0.1138556E+02  0.7707097E+00
 -0.2730873E+01 -0.1524640E+02  0.9601946E+01  0.3803145E+01
 -0.3187877E+01 -0.1821157E+02  0.9004389E+01  0.4812747E+01
 -0.3665912E+01  0.3274486E+00  0.1690266E+01 -0.1624883E+01
 -0.5024525E+01 -0.6377776E+00 -0.2545498E+01 -0.6231991E+01
 -0.3392635E+01 -0.8093478E+00 -0.9568012E+01 -0.1578223E+02
 -0.2370707E+01 -0.4678298E+01  0.8789809E+01 -0.1057364E+02
 -0.2600322E+01 -0.8273494E+00 -0.1192684E+02  0.8765386E+01
 -0.5228259E+01  0.6417392E+01 -0.8280374E+01  0.2969126E+01
 -0.7099591E+01  0.1075519E+02 -0.5784182E+01 -0.6725297E+00
 -0.7728031E+01  0.1220352E+02 -0.4947170E+01 -0.1888103E+01
  0.5010418E+01 -0.1833921E+01 -0.2248453E+01 -0.3538364E+01
  0.6966095E+01  0.3613963E+01  0.7591743E+00  0.2155252E+01
  0.5727150E+01  0.1706232E+02  0.4871661E+01  0.1194222E+02
  0.3170489E+01 -0.3775708E+01 -0.1040152E+00 -0.1080421E+01
 -0.7225706E+01  0.5709944E+01  0.7556896E+01  0.5717979E+01
 -0.5975997E+01  0.3200560E+01  0.5091504E+01  0.2028058E+01
 -0.5249179E+01  0.1321833E+01  0.3659206E+01 -0.1645241E+00
 -0.5008941E+01  0.6882481E+00  0.3182432E+01 -0.8955722E+00
 -0.8944314E+01  0.5777559E+01  0.3379880E+00 -0.5365686E+01
 -0.9573915E+01  0.4568798E+01 -0.4166020E+01 -0.5894757E+01
 -0.8054136E+01  0.4224640E+01 -0.9313390E+01 -0.5775807E+01
 -0.4408099E+01  0.2151209E+02 -0.3635065E+01 -0.1909355E+01
 -0.1101923E+02  0.1290029E+02  0.8693336E+01 -0.2221527E+02
 -0.1080204E+02  0.1206039E+02  0.6991667E+01 -0.9689142E+01
 -0.1050803E+02  0.1130522E+02  0.5674569E+01 -0.2064986E+01
 -0.1040455E+02  0.1104577E+02  0.5229491E+01  0.4794032E+00
  0.4311643E+01 -0.3353900E+01 -0.1744119E+01 -0.3405725E+00
  0.3311656E+01 -0.2239407E+01 -0.1514196E+01 -0.7800221E+00
 -0.7402732E+00  0.4801556E+01 -0.3862721E+01 -0.3405164E+01
  0.1044443E+01  0.4646883E+01  0.8187910E+01 -0.1390987E+02
 -0.5468726E+01  0.1326245E+02 -0.7136905E+01 -0.2538774E+01
 -0.2599470E+01  0.8284007E+01 -0.1540636E+01 -0.4341049E+01
 -0.1181130E+01  0.5308574E+01  0.2097737E+01 -0.5446162E+01
 -0.7163566E+00  0.4319076E+01  0.3313441E+01 -0.5812549E+01
 -0.5552340E+01 -0.2914984E+01 -0.1042010E+01  0.5279546E+01
 -0.3568216E+01  0.1543990E+01  0.1495480E+01  0.4659011E+01
  0.9171305E+00  0.1048093E+02  0.6557111E+01  0.2315668E+00
 -0.1094601E+01 -0.9670125E+01  0.5344705E+01  0.8951972E+01
  0.1036201E+02 -0.1269135E+02  0.7463644E+01  0.5491503E+01
  0.2659520E+01 -0.1173474E+01  0.2509525E+01  0.5534703E+01
 -0.2188050E+01  0.5672892E+01 -0.4233682E+00  0.5771653E+01
 -0.3808611E+01  0.7953698E+01 -0.1400003E+01  0.5854480E+01
 -0.5927257E+01 -0.2659220E+01  0.2859314E+01  0.6604572E+00
 -0.4793416E+01 -0.7882215E+01  0.5956423E+01  0.1261215E+01
  0.7234742E+00 -0.1934914E+02  0.3626627E+01  0.3451925E+01
 -0.9616223E+01  0.1226929E+02 -0.1910467E+01 -0.1340435E+01
  0.2793211E+02 -0.2975255E+01 -0.3615027E+01 -0.5142956E+01
  0.8451234E+01  0.7254047E+01 -0.1499995E+00 -0.4948849E+01
 -0.3924598E+01  0.1386729E+02  0.2208740E+01 -0.5067582E+01
 -0.8062217E+01  0.1608115E+02  0.3000697E+01 -0.5112894E+01
 -0.5670954E+01  0.3667566E+01 -0.4951010E+00  0.8431981E+00
 -0.9488926E+00  0.3752086E+01 -0.2030223E+01 -0.7540584E+00
  0.1132537E+02 -0.1005163E+01 -0.9205272E+00 -0.3390146E+01
 -0.2833340E+01 -0.2195816E+02 -0.3179470E+01  0.3478649E+01
  0.1883392E+02 -0.4294494E+01 -0.9202835E+01 -0.3351799E+01
  0.7395856E+01  0.3274957E+01 -0.7365948E+01 -0.3882130E+01
  0.1528637E+00  0.7788543E+01 -0.6365783E+01 -0.4302951E+01
 -0.2269030E+01  0.9293600E+01 -0.6032983E+01 -0.4444950E+01
 -0.3385972E+01 -0.4754831E+01 -0.8113217E+00  0.3025448E+01
 -0.5694291E+01 -0.5270028E+01  0.2033978E+01  0.1474300E+01
 -0.7060722E+01 -0.3732314E+01  0.5484280E+01 -0.5500037E+01
  0.3314879E+00 -0.3124003E+01 -0.8775844E+00 -0.1672144E+02
  0.1935774E+01 -0.1933804E+02  0.2850778E+01  0.7657666E+01
  0.1509335E+01 -0.8253461E+01  0.2379822E+01  0.5568718E+01
  0.9177037E+00 -0.1499618E+01  0.2125820E+01  0.4037570E+01
  0.7152432E+00  0.7534756E+00  0.2041529E+01  0.3522424E+01
  0.1060165E+00  0.1989967E+01  0.1455060E+01  0.1634023E+01
  0.2074530E+01  0.3951645E+01  0.1616952E+01  0.8444401E+00
  0.3526184E+01  0.7167291E+01  0.1431392E+01 -0.3586374E+01
  0.2190338E+01  0.3575965E+01  0.4306082E+01 -0.2221762E+00
  0.9321787E+01 -0.5254633E+00 -0.7301875E+01 -0.2512545E+01
 -0.1725197E+01  0.7467747E+01 -0.1444753E+01 -0.5028751E+01
 -0.8609689E+01  0.1230523E+02  0.2258199E+01 -0.6544018E+01
 -0.1091057E+02  0.1391831E+02  0.3497312E+01 -0.7050002E+01
 -0.2163709E+01 -0.5082673E+01 -0.1643113E+01  0.8757831E+00
 -0.3037801E+01 -0.7658546E+01  0.1646907E+00  0.7861641E+00
 -0.1492017E+01 -0.1004761E+02  0.8765640E+00 -0.6897228E+00
  0.3941727E+01  0.3444803E+01 -0.1096936E+00 -0.8136933E+01
 -0.3383378E+01 -0.3247893E+01  0.8447367E+01  0.3146555E+01
  0.4417253E+01 -0.8343798E+01  0.2540353E+00  0.6153312E+01
  0.9166332E+01 -0.1135552E+02 -0.4847673E+01  0.7811323E+01
  0.1075027E+02 -0.1235670E+02 -0.6553020E+01  0.8361608E+01
 -0.1259535E+01  0.1000287E+01 -0.1461144E+01  0.7432149E+00
 -0.7950550E+00 -0.1337958E+01 -0.5039289E+01 -0.1558868E+01
  0.1870944E+01 -0.6036006E+01 -0.9407989E+01 -0.5518599E+01
 -0.8872723E+00 -0.2700473E+01 -0.3320547E+01 -0.9132045E+01
  0.8809681E+01 -0.6145044E+01 -0.1781068E+01  0.1903535E+01
  0.7059954E+01 -0.2827926E+01 -0.1492514E+01  0.5471322E+01
  0.5854414E+01 -0.1052431E+01 -0.1494762E+01  0.7491621E+01
  0.5451609E+01 -0.4659781E+00 -0.1498250E+01  0.8164242E+01
  0.3525735E+01  0.1220635E+01  0.8811660E+00 -0.2757052E+01
  0.2468022E+01  0.3672679E-02 -0.5269179E+00 -0.2109306E+01
  0.6014053E+00 -0.2859481E+01 -0.2885660E+01  0.8023920E-01
  0.2786270E+00  0.5167489E+01 -0.9641467E+00 -0.2025033E+01
 -0.2779095E+01  0.6093485E+01 -0.4496844E+01 -0.1027904E+01
 -0.2446028E+00  0.6560513E+00 -0.1115893E+01 -0.1083407E+01
  0.1295198E+01 -0.2533121E+01  0.8933277E+00 -0.1192153E+01
  0.1808857E+01 -0.3594703E+01  0.1562573E+01 -0.1230002E+01
  0.2248055E+01  0.2360076E+01 -0.1494853E+01 -0.3447814E+00
  0.2115200E+01  0.4124656E+01 -0.3356902E+01 -0.3347003E+00
  0.2363507E+00  0.6979412E+01 -0.3055040E+01 -0.1882281E+00
  0.4148250E+01 -0.5608967E+01  0.2422333E+00  0.2797345E+00
 -0.1543357E+02  0.1586196E+01  0.1669086E+01  0.1488458E+01
 -0.6311660E+01 -0.1764827E+01  0.3157548E+00  0.1046392E+01
 -0.5384416E+00 -0.3956771E+01 -0.6089243E+00  0.9000416E+00
  0.1391546E+01 -0.4691414E+01 -0.9195609E+00  0.8545388E+00
  0.2390757E+01 -0.1126039E+01  0.1636557E+00 -0.1264194E+00
  0.4745097E+00 -0.1035672E+01  0.1155246E+01  0.7521943E+00
 -0.4796168E+01  0.1282019E+01  0.1285095E+01  0.1757283E+01
 -0.8209934E+00  0.1100503E+02  0.9906265E+00 -0.5173542E+00
 -0.7318899E+01  0.1096891E+01  0.5002257E+01  0.6409287E+00
 -0.3559390E+01 -0.3155389E+01  0.4159708E+01  0.1537668E+01
 -0.1189506E+01 -0.5681978E+01  0.3685859E+01  0.2145321E+01
 -0.3974389E+00 -0.6524307E+01  0.3528111E+01  0.2348881E+01
  0.1486219E+01  0.2586845E+01  0.5605131E+00 -0.1418822E+01
  0.2801325E+01  0.2782960E+01 -0.1319518E+01 -0.1248614E+01
  0.3584457E+01  0.1622723E+01 -0.3737499E+01  0.8581516E+00
 -0.8698976E+00  0.1742137E+01  0.2270163E+01  0.6869239E+01
  0.1934868E+00  0.8508342E+01 -0.2020161E+01 -0.2445944E+01
 -0.2885826E+00  0.4542302E+01 -0.2064338E+01 -0.1675276E+01
 -0.4433738E+00  0.2173365E+01 -0.2067464E+01 -0.1109787E+01
 -0.4927910E+00  0.1384194E+01 -0.2068193E+01 -0.9194983E+00
  0.1964656E+00 -0.1061794E+01 -0.3049100E+00 -0.5449574E+00
 -0.9070897E+00 -0.1546076E+01 -0.2229700E+00 -0.3219106E-01
 -0.1950451E+01 -0.2141497E+01  0.4535891E-01  0.2298537E+01
 -0.1829200E+01 -0.1157762E+01 -0.2526223E+01  0.4737095E+00
 -0.4222459E+01  0.6523606E+00  0.4657787E+01  0.2131177E+01
  0.5560631E+00 -0.2945063E+01  0.1514134E+01  0.2322045E+01
  0.3548771E+01 -0.5149240E+01 -0.4641184E+00  0.2461739E+01
  0.4549296E+01 -0.5884958E+01 -0.1125965E+01  0.2509150E+01
  0.6149539E+00  0.2793086E+01  0.9501520E+00 -0.7394425E+00
  0.1301632E+01  0.4152813E+01 -0.4693654E+00 -0.8245023E+00
  0.8805032E+00  0.5177383E+01 -0.1697993E+01 -0.3981491E-01
 -0.2811711E+01 -0.4861365E+00 -0.1488771E+00  0.3125878E+01
  0.1357698E+01  0.3950555E+01 -0.3445905E+01 -0.2915485E+01
 -0.2460560E+01  0.5353951E+01  0.6404251E+00 -0.3325566E+01
 -0.4798186E+01  0.6176860E+01  0.3164611E+01 -0.3491230E+01
 -0.5578014E+01  0.6450028E+01  0.4007823E+01 -0.3544814E+01
  0.8768670E+00 -0.4834495E+00  0.1001417E+01 -0.4579322E+00
  0.3947252E+00  0.5137321E+00  0.2390626E+01  0.8541231E+00
 -0.1497614E+01  0.2432537E+01  0.3239691E+01  0.3346294E+01
 -0.1033652E+00  0.1941607E+01  0.1831040E+01  0.2136570E+01
 -0.4869318E+01  0.3639420E+01 -0.1302453E+00 -0.2009159E-01
 -0.3917262E+01  0.1840885E+01 -0.1014124E+00 -0.2171334E+01
 -0.3276549E+01  0.8909031E+00  0.2461283E-01 -0.3435155E+01
 -0.3062662E+01  0.5771820E+00  0.6802510E-01 -0.3856503E+01
  0.1733214E-01  0.5450501E-01  0.2093291E-01 -0.1255024E-01
  0.3041150E-01  0.5790159E-01  0.2051456E-01 -0.1012603E-01
  0.2454115E-01  0.5986749E-01  0.1748809E-01 -0.1024428E-01
  0.5152787E-01 -0.6292653E-01  0.2316468E-01 -0.3410568E-01
  0.1651708E-02 -0.1079174E+00 -0.3588973E-01  0.2438113E-01
 -0.5361146E-01 -0.1626529E+00 -0.6094905E-02  0.7276783E-01
 -0.8445490E-01 -0.1934605E+00  0.1123815E-01  0.1011161E+00
 -0.9468564E-01 -0.2036846E+00  0.1699817E-01  0.1105538E+00
 -0.1660429E+00  0.1664072E+00 -0.1853668E-01 -0.7012141E-01
 -0.8206839E-01  0.1091222E+00 -0.4338852E-03 -0.3518585E-01
 -0.6588676E-02  0.2661984E-01  0.3335599E-01  0.2878492E-01
 -0.2892725E+00  0.3689973E+00  0.1439123E-01 -0.2044117E-01
 -0.2383401E+00  0.1972952E+00 -0.2970879E-01 -0.5397834E-01
 -0.1341553E+00  0.1191555E+00 -0.5375629E-01  0.3976285E-01
 -0.7235528E-01  0.7158946E-01 -0.6856272E-01  0.9672944E-01
 -0.5179950E-01  0.5572430E-01 -0.7350724E-01  0.1157349E+00
 -0.2187811E-01  0.4041826E-01  0.2495953E-01 -0.3513854E-01
  0.5707688E-02 -0.1045510E-01  0.3990483E-01 -0.1095405E-01
 -0.1254013E-02 -0.9822239E-01  0.3503762E-01  0.3219148E-01
  0.9978095E-01 -0.1152814E+00  0.4317734E-01  0.1570677E-01
 -0.1725234E+00  0.9140848E-01  0.5373709E-01  0.1146315E+00
 -0.4606133E-01 -0.1992315E-01  0.7792094E-01  0.1421761E+00
  0.3080360E-01 -0.8767889E-01  0.9307450E-01  0.1574665E+00
  0.5642217E-01 -0.1102679E+00  0.9811826E-01  0.1625573E+00
 -0.3108005E-01  0.1302798E-01  0.1341984E-01 -0.2995167E-01
 -0.2474685E-01  0.6015512E-02 -0.2883505E-01 -0.2265051E-01
 -0.8840059E-02 -0.2520317E-01 -0.1046916E+00 -0.3663348E-01
 -0.3522600E-01 -0.4795904E-01 -0.2250110E-01  0.9307362E-01
  0.1269844E+00 -0.1511867E+00 -0.5781819E-01 -0.3701139E-02
  0.3104427E-01 -0.6186696E-01 -0.7606736E-01 -0.5370569E-01
 -0.2520742E-01 -0.5330465E-02 -0.8640714E-01 -0.7913221E-01
 -0.4392339E-01  0.1357930E-01 -0.8982496E-01 -0.8753678E-01
 -0.2409836E-01 -0.3484250E-02 -0.1145908E-01 -0.3192332E-01
 -0.3333235E-01  0.8789976E-02 -0.1904983E-01 -0.1086658E-01
 -0.5328512E-01  0.4424070E-01 -0.1521160E-01  0.3154991E-01
 -0.1644767E-01 -0.1889248E-01 -0.5337153E-01 -0.5113569E-01
 -0.8085415E-01  0.3909410E-01  0.4892994E-01 -0.2793182E-01
 -0.3602806E-01 -0.2911314E-01  0.2944054E-01  0.1803285E-01
 -0.8569999E-02 -0.7121397E-01  0.1652050E-01  0.4741923E-01
  0.5836672E-03 -0.8527753E-01  0.1219048E-01  0.5726049E-01
  0.3923901E-01 -0.8359532E-01  0.8820859E-02  0.4304116E-02
  0.3275671E-01 -0.3903241E-01 -0.1696089E-01 -0.6911673E-02
  0.1203387E-01  0.4426021E-01 -0.6109556E-01 -0.3384335E-01
 -0.4422393E-01  0.1335693E-02 -0.6671158E-03 -0.1381025E-01
  0.1355221E+00 -0.1255441E-01  0.2710479E-01 -0.5039577E-01
  0.8220328E-02  0.6048293E-01  0.5324248E-01 -0.6391612E-01
 -0.6847673E-01  0.1027964E+00  0.6764834E-01 -0.7123015E-01
 -0.9403199E-01  0.1168631E+00  0.7242799E-01 -0.7365100E-01
 -0.2511546E-01 -0.1684659E-01 -0.7069475E-02 -0.2520755E-01
 -0.2087221E-01 -0.8363920E-02 -0.1700971E-01 -0.3575442E-01
 -0.9711569E-02  0.1844142E-01 -0.1913798E-01 -0.8737600E-01
 -0.2065510E-01  0.2194030E-01  0.5618844E-01  0.4456596E-01
  0.1514845E+00 -0.8314472E-01 -0.2394633E-01 -0.8900231E-01
  0.6825973E-01 -0.4976713E-01  0.6917991E-02 -0.8578143E-01
  0.1843338E-01 -0.2898639E-01  0.2688939E-01 -0.8164999E-01
  0.1819550E-02 -0.2204609E-01  0.3358246E-01 -0.8025118E-01
 -0.9572676E-01  0.9244507E-02 -0.7794401E-02 -0.2617146E-02
 -0.7252667E-01 -0.4564306E-01 -0.6409226E-02 -0.2309643E-01
 -0.5371077E-01 -0.1360405E+00 -0.1984722E-01 -0.3156733E-01
 -0.3759009E-01 -0.1876771E-01 -0.1178558E+00 -0.1733973E+00
 -0.1951718E+00  0.2865346E-01  0.2499228E-01 -0.9898358E-01
 -0.9367232E-01 -0.1195488E-01 -0.3371479E-01 -0.1047557E+00
 -0.2789673E-01 -0.3871560E-01 -0.6978856E-01 -0.1091710E+00
 -0.5869316E-02 -0.4769651E-01 -0.8182579E-01 -0.1106464E+00
 -0.2649680E-01 -0.5736449E-01  0.1710115E-01 -0.2910659E-01
 -0.4032039E-01 -0.2908918E-01  0.3934453E-01 -0.2959799E-01
 -0.7155256E-01  0.8991247E-01  0.9253105E-01 -0.5599376E-01
  0.2575253E-01  0.3367042E-01  0.8892694E-01  0.1088493E+00
  0.1174048E+00  0.3044053E-01  0.5834490E-01  0.6332990E-01
  0.1153669E+00 -0.8372019E-01 -0.7528523E-03  0.8441238E-01
  0.1169733E+00 -0.1550489E+00 -0.3747162E-01  0.9549164E-01
  0.1175555E+00 -0.1788578E+00 -0.4972853E-01  0.9912362E-01
  0.3237016E-01 -0.4182778E-01  0.6530287E-02 -0.2182103E-01
  0.1018319E-01 -0.4421993E-01 -0.9121751E-02 -0.3673769E-01
 -0.4513423E-01 -0.3419037E-01 -0.4750445E-01 -0.2291326E-01
  0.9437631E-01 -0.7281434E-02  0.6303369E-01 -0.6011044E-01
 -0.1368111E+00  0.1173799E+00  0.1774967E-01  0.5877323E-01
 -0.2672562E-02  0.9895154E-01  0.4243987E-02  0.3446898E-01
  0.8183918E-01  0.8712197E-01 -0.3378558E-02  0.1825083E-01
  0.1101056E+00  0.8315592E-01 -0.5923561E-02  0.1282198E-01
 -0.5032787E-02 -0.1969346E-01 -0.4589239E-02 -0.1162179E-01
 -0.2932260E-01 -0.1829846E-01  0.1555026E-01  0.1469228E-01
 -0.3583700E-01  0.1637416E-01  0.4409080E-01  0.7728227E-01
  0.4376812E-01 -0.3953898E-01 -0.1108428E+00  0.4758834E-01
 -0.1156266E+00  0.7470586E-01 -0.5055040E-02 -0.5853701E-01
 -0.6078959E-01 -0.1367510E-01  0.3558750E-01 -0.7119253E-01
 -0.2693322E-01 -0.7179284E-01  0.5822304E-01 -0.7689004E-01
 -0.1563851E-01 -0.9126731E-01  0.6574781E-01 -0.7875078E-01
  0.5359933E-02 -0.2574170E-02 -0.4441402E-01 -0.3564246E-01
  0.2753931E-01 -0.1683605E-01 -0.4418556E-01 -0.1979146E-01
  0.5118004E-01 -0.3675942E-01 -0.4104128E-01  0.1175627E-01
  0.8508699E-01 -0.7059443E-01  0.4003738E-01 -0.3583545E-01
 -0.5928352E-01 -0.4440117E-02 -0.5927413E-01 -0.5018647E-01
 -0.4449341E-02 -0.3820172E-01 -0.4388176E-01  0.1875436E-01
  0.2819604E-01 -0.5791562E-01 -0.3428941E-01  0.5811807E-01
  0.3906634E-01 -0.6445906E-01 -0.3107795E-01  0.7119880E-01
 -0.5752672E-02  0.4210169E-03 -0.1133441E-01 -0.2759302E-03
 -0.3214169E-01 -0.1189671E-01  0.9969476E-02  0.8178889E-02
 -0.5569120E-01  0.9504784E-03  0.5788763E-01  0.4282318E-02
  0.5859501E-01 -0.3229192E-02  0.3671039E-02  0.5645385E-01
 -0.3206016E-01 -0.1378145E+00 -0.1827010E-01  0.1390476E-01
 -0.2501215E-01 -0.5749295E-01 -0.3308733E-01 -0.1518214E-01
 -0.1900047E-01 -0.1065883E-01 -0.4184630E-01 -0.3301344E-01
 -0.1695993E-01  0.4902488E-02 -0.4475209E-01 -0.3898474E-01
  0.9004629E-03 -0.1749772E-01 -0.3294991E-01  0.5761523E-02
  0.1757847E-01 -0.8976039E-04 -0.1989402E-02 -0.1220387E-01
  0.4809045E-01  0.6650181E-01  0.9432959E-01 -0.7179052E-01
  0.5358791E-01 -0.2724369E-01  0.2050593E-01  0.1229607E+00
  0.2896035E-01  0.6197216E-02  0.5313535E-01 -0.7903151E-01
  0.3274889E-01 -0.8611572E-03  0.6249446E-01 -0.6099157E-01
  0.3415976E-01 -0.7132347E-02  0.6755207E-01 -0.4768058E-01
  0.3460755E-01 -0.9240079E-02  0.6924681E-01 -0.4319358E-01
  0.3803050E-01  0.1824296E-01 -0.3684935E-01  0.2825266E-01
  0.1254012E-01 -0.1886470E-01 -0.1820480E-01  0.1226865E-01
 -0.5912044E-01 -0.6468830E-01 -0.1183004E-01  0.1447545E-01
  0.8830096E-01  0.3146845E-02 -0.1730543E-01 -0.5264822E-01
 -0.4500659E-02 -0.6084579E-02  0.8264016E-01 -0.7535235E-01
  0.1262695E-02  0.2737197E-01  0.4019325E-01 -0.5315590E-01
  0.8853608E-02  0.4557672E-01  0.1624509E-01 -0.4203035E-01
  0.1146757E-01  0.5162967E-01  0.8287491E-02 -0.3835461E-01
  0.1266108E+00 -0.4688450E-01 -0.1397047E-01  0.4483439E-01
  0.8834146E-01  0.1292403E-01 -0.7014661E-02  0.4246464E-02
  0.2296949E-01  0.1842320E+00  0.1248792E-01 -0.1164452E+00
  0.1663602E-01 -0.1268286E+00 -0.5275003E-01 -0.1179715E+00
  0.6386854E-01 -0.1082610E+00 -0.8791267E-01  0.5447027E-01
  0.9747907E-01 -0.1227756E+00 -0.3217133E-01  0.5474299E-01
  0.1176853E+00 -0.1333252E+00  0.2982755E-03  0.5642333E-01
  0.1244038E+00 -0.1368637E+00  0.1110483E-01  0.5700544E-01
  0.3058969E-02 -0.2571006E-01  0.2464242E-02 -0.3506845E-02
 -0.1089508E-01 -0.4511064E-01 -0.1089587E-01  0.4275736E-02
 -0.8148814E-02 -0.7395906E-01 -0.5220029E-01  0.1397352E-01
  0.1421669E+00 -0.4133752E-01 -0.3117156E-01 -0.6413952E-01
 -0.7849102E-02 -0.7052128E-01 -0.1073540E+00  0.2836534E-01
  0.8214031E-02  0.4712661E-01 -0.8791835E-01 -0.9846702E-02
  0.2046064E-01  0.1174004E+00 -0.7447621E-01 -0.3288017E-01
  0.2459202E-01  0.1408430E+00 -0.6997308E-01 -0.4054829E-01
  0.2580878E-01 -0.1876723E-02 -0.1348717E-01  0.1371915E-01
  0.3843329E-01  0.4598442E-02  0.1758123E-01  0.4927410E-01
  0.3173126E-01  0.3293935E-02  0.7158055E-01  0.1233199E+00
  0.2766705E-01  0.3021762E-01 -0.6887214E-01  0.7433992E-01
  0.2708984E-01  0.9735200E-02  0.8875246E-01 -0.7094402E-01
  0.4432125E-01 -0.4594401E-01  0.6326650E-01 -0.2525773E-01
  0.5699672E-01 -0.7933358E-01  0.4549592E-01  0.3453604E-02
  0.6125854E-01 -0.9048193E-01  0.3953230E-01  0.1303875E-01
 -0.3816441E-01  0.1437676E-01  0.1662808E-01  0.2792526E-01
 -0.5448845E-01 -0.2770515E-01 -0.7136135E-02 -0.1559565E-01
 -0.4598209E-01 -0.1335121E+00 -0.4025087E-01 -0.9048296E-01
 -0.1784293E-01  0.2316407E-01 -0.6923476E-03  0.8701505E-02
  0.5727656E-01 -0.4360326E-01 -0.6177605E-01 -0.4186643E-01
  0.4976899E-01 -0.2565172E-01 -0.4227783E-01 -0.1391478E-01
  0.4551465E-01 -0.1204682E-01 -0.3091838E-01  0.2631654E-02
  0.4411330E-01 -0.7456059E-02 -0.2713653E-01  0.8147558E-02
  0.6740265E-01 -0.4520305E-01 -0.1907063E-02  0.4129624E-01
  0.7316892E-01 -0.3576826E-01  0.3215531E-01  0.4571150E-01
  0.6378215E-01 -0.3261689E-01  0.7359954E-01  0.4547903E-01
  0.3587125E-01 -0.1683779E+00  0.2582897E-01  0.1617569E-01
  0.9022642E-01 -0.1018051E+00 -0.6755260E-01  0.1766977E+00
  0.8739504E-01 -0.9223156E-01 -0.5332217E-01  0.7769839E-01
  0.8448784E-01 -0.8461879E-01 -0.4258219E-01  0.1754946E-01
  0.8347809E-01 -0.8202330E-01 -0.3895660E-01 -0.2521944E-02
 -0.3204834E-01  0.2523481E-01  0.1336295E-01  0.1089096E-02
 -0.2482444E-01  0.1705647E-01  0.1115286E-01  0.5401368E-02
  0.6759719E-02 -0.3679781E-01  0.2760322E-01  0.2794747E-01
 -0.4247892E-02 -0.4082949E-01 -0.6578043E-01  0.1068669E+00
  0.4608222E-01 -0.1063157E+00  0.4838607E-01  0.1655365E-01
  0.2306906E-01 -0.6564579E-01  0.8140567E-02  0.2992586E-01
  0.1167199E-01 -0.4139807E-01 -0.1813959E-01  0.3811812E-01
  0.7936099E-02 -0.3333391E-01 -0.2692183E-01  0.4083391E-01
  0.4211802E-01  0.2465087E-01  0.8780975E-02 -0.4208074E-01
  0.2574405E-01 -0.9576205E-02 -0.1017236E-01 -0.3770690E-01
 -0.1071134E-01 -0.7744489E-01 -0.4935922E-01 -0.4505912E-02
  0.4657510E-02  0.8368570E-01 -0.3838887E-01 -0.7159961E-01
 -0.8672139E-01  0.1034696E+00 -0.5755797E-01 -0.4420750E-01
 -0.2346475E-01  0.1051469E-01 -0.1951043E-01 -0.4478742E-01
  0.1632962E-01 -0.4479918E-01  0.3090430E-02 -0.4671884E-01
  0.2963254E-01 -0.6322785E-01  0.1061776E-01 -0.4739132E-01
  0.4127956E-01  0.2158632E-01 -0.2140763E-01 -0.3605589E-02
  0.3312915E-01  0.6230274E-01 -0.4507911E-01 -0.7455311E-02
 -0.7697697E-02  0.1532902E+00 -0.2767369E-01 -0.2295490E-01
  0.6934143E-01 -0.9372051E-01  0.1315519E-01  0.1626845E-01
 -0.2239590E+00  0.2531174E-01  0.2781227E-01  0.4180958E-01
 -0.6815009E-01 -0.5509078E-01  0.1030603E-02  0.4062035E-01
  0.3068996E-01 -0.1071393E+00 -0.1716083E-01  0.4182158E-01
  0.6373304E-01 -0.1245647E+00 -0.2326799E-01  0.4226859E-01
  0.4601147E-01 -0.3018866E-01  0.4129277E-02 -0.4881227E-02
  0.7546276E-02 -0.3000995E-01  0.1542865E-01  0.7902495E-02
 -0.9157417E-01  0.9804034E-02  0.4856685E-02  0.2877414E-01
  0.1999146E-01  0.1747774E+00  0.2735819E-01 -0.2881161E-01
 -0.1494425E+00  0.3442297E-01  0.7135438E-01  0.2510851E-01
 -0.5854512E-01 -0.2833370E-01  0.5626136E-01  0.2874162E-01
 -0.9860350E-03 -0.6580882E-01  0.4798804E-01  0.3178020E-01
  0.1826017E-01 -0.7830515E-01  0.4523446E-01  0.3280794E-01
  0.2477434E-01  0.3643351E-01  0.7293626E-02 -0.2322355E-01
  0.4185172E-01  0.4175251E-01 -0.1354144E-01 -0.1152573E-01
  0.5136960E-01  0.3283288E-01 -0.3947610E-01  0.4279119E-01
 -0.6752197E-02  0.3335007E-01  0.6272749E-02  0.1233103E+00
 -0.1790586E-01  0.1547431E+00 -0.2154793E-01 -0.6166634E-01
 -0.1409604E-01  0.6735491E-01 -0.1770076E-01 -0.4390490E-01
 -0.9196659E-02  0.1422275E-01 -0.1557378E-01 -0.3124436E-01
 -0.7522689E-02 -0.3500407E-02 -0.1486705E-01 -0.2699030E-01
 -0.8563381E-03 -0.1527119E-01 -0.1121951E-01 -0.1313117E-01
 -0.1622227E-01 -0.3110471E-01 -0.1198431E-01 -0.6061545E-02
 -0.2758980E-01 -0.5747666E-01 -0.9593542E-02  0.3040461E-01
 -0.1703969E-01 -0.2624414E-01 -0.2938020E-01  0.8818627E-03
 -0.7669832E-01  0.5622906E-02  0.5557177E-01  0.1998346E-01
  0.1428979E-01 -0.5767753E-01  0.1206496E-01  0.3778478E-01
  0.7093242E-01 -0.9599029E-01 -0.1542566E-01  0.4849992E-01
  0.8986102E-01 -0.1087662E+00 -0.2462506E-01  0.5207861E-01
  0.1530047E-01  0.3947723E-01  0.1263758E-01 -0.7448103E-02
  0.2245763E-01  0.5929395E-01  0.2239042E-03 -0.5818478E-02
  0.1201896E-01  0.7851374E-01 -0.4394036E-02  0.8062261E-02
 -0.2901083E-01 -0.2856962E-01 -0.3349670E-02  0.6377494E-01
  0.3045228E-01  0.2555679E-01 -0.7004875E-01 -0.2245948E-01
 -0.3052679E-01  0.6453796E-01 -0.5933532E-02 -0.4343168E-01
 -0.6765208E-01  0.8762047E-01  0.3390968E-01 -0.5482108E-01
 -0.8003361E-01  0.9529488E-01  0.4722589E-01 -0.5859724E-01
  0.1034929E-01 -0.8394633E-02  0.1118346E-01 -0.5781841E-02
  0.5394336E-02  0.1022300E-01  0.3853220E-01  0.1250021E-01
 -0.1756177E-01  0.4830412E-01  0.7286322E-01  0.4388642E-01
  0.6267034E-02  0.2321346E-01  0.2586628E-01  0.7069230E-01
 -0.6974330E-01  0.4463780E-01  0.1607659E-01 -0.1378069E-01
 -0.5513146E-01  0.1976420E-01  0.1157823E-01 -0.4004898E-01
 -0.4504639E-01  0.6468184E-02  0.1014630E-01 -0.5495924E-01
 -0.4167447E-01  0.2076618E-02  0.9688616E-02 -0.5992507E-01
 -0.2704268E-01 -0.1006781E-01 -0.7095153E-02  0.2180813E-01
 -0.1843101E-01 -0.6252761E-03  0.3302834E-02  0.1688702E-01
 -0.3128332E-02  0.2138581E-01  0.2145588E-01  0.1217430E-03
 -0.6357540E-03 -0.4215989E-01  0.6821463E-02  0.1581211E-01
  0.2392042E-01 -0.4794064E-01  0.3497997E-01  0.8041636E-02
  0.2864458E-02 -0.4627569E-02  0.8685397E-02  0.9069025E-02
 -0.9977347E-02  0.2081015E-01 -0.6971460E-02  0.1024064E-01
 -0.1426227E-01  0.2927843E-01 -0.1218708E-01  0.1064289E-01
 -0.1519102E-01 -0.1843666E-01  0.1115717E-01  0.1655382E-02
 -0.1470320E-01 -0.3216668E-01  0.2508775E-01  0.1146148E-02
 -0.1510695E-02 -0.5556177E-01  0.2264197E-01 -0.6898052E-03
 -0.3033640E-01  0.4128999E-01 -0.1255134E-02 -0.4686161E-02
  0.1231482E+00 -0.1571365E-01 -0.1319684E-01 -0.1135015E-01
  0.4926832E-01  0.1199937E-01 -0.2418261E-02 -0.8822334E-02
  0.2603351E-02  0.3010925E-01  0.4907345E-02 -0.8291960E-02
 -0.1299511E-01  0.3617845E-01  0.7367704E-02 -0.8142131E-02
 -0.1918575E-01  0.9336073E-02 -0.1263248E-02  0.1649357E-03
 -0.3354273E-02  0.7914799E-02 -0.8951940E-02 -0.6961612E-02
  0.3983638E-01 -0.1214706E-01 -0.9717216E-02 -0.1526588E-01
  0.7129131E-02 -0.8787519E-01 -0.9285094E-02  0.4781127E-02
  0.5952701E-01 -0.9987779E-02 -0.3917384E-01 -0.5162501E-02
  0.2864265E-01  0.2554233E-01 -0.3197072E-01 -0.1135262E-01
  0.9165592E-02  0.4668457E-01 -0.2788217E-01 -0.1563970E-01
  0.2655814E-02  0.5373317E-01 -0.2652044E-01 -0.1707749E-01
 -0.1100327E-01 -0.1959892E-01 -0.4736411E-02  0.1099377E-01
 -0.2079580E-01 -0.2168041E-01  0.9010175E-02  0.9774517E-02
 -0.2639852E-01 -0.1424388E-01  0.2732085E-01 -0.6589142E-02
  0.8884349E-02 -0.1807919E-01 -0.1717580E-01 -0.5121070E-01
 -0.3642394E-03 -0.6769129E-01  0.1509547E-01  0.2048107E-01
  0.3809787E-02 -0.3658741E-01  0.1549358E-01  0.1332442E-01
  0.5267563E-02 -0.1805175E-01  0.1551736E-01  0.8306597E-02
  0.5736622E-02 -0.1187757E-01  0.1552222E-01  0.6621913E-02
 -0.1285812E-02  0.8002132E-02  0.2324966E-02  0.4707130E-02
  0.7269721E-02  0.1195974E-01  0.1351366E-02  0.2293279E-03
  0.1544574E-01  0.1685035E-01 -0.1423618E-02 -0.1887864E-01
  0.1505421E-01  0.7590256E-02  0.1789496E-01 -0.3216866E-02
  0.3507765E-01 -0.5642639E-02 -0.3596318E-01 -0.1671150E-01
 -0.4483829E-02  0.2301441E-01 -0.1231313E-01 -0.1741794E-01
 -0.2922464E-01  0.4058273E-01  0.2563130E-02 -0.1805501E-01
 -0.3749483E-01  0.4644703E-01  0.7540308E-02 -0.1827444E-01
 -0.4080559E-02 -0.2172020E-01 -0.7283724E-02  0.5963108E-02
 -0.9644959E-02 -0.3192685E-01  0.2654334E-02  0.6201867E-02
 -0.7279192E-02 -0.3989528E-01  0.1167547E-01 -0.9063663E-03
  0.2152026E-01  0.3893394E-02  0.3447180E-02 -0.2484333E-01
 -0.1253749E-01 -0.3090378E-01  0.2844017E-01  0.2233239E-01
  0.1754386E-01 -0.4190193E-01 -0.3221294E-02  0.2415237E-01
  0.3594791E-01 -0.4836952E-01 -0.2274651E-01  0.2458700E-01
  0.4208674E-01 -0.5051706E-01 -0.2926808E-01  0.2471825E-01
 -0.6782438E-02  0.3918849E-02 -0.7684189E-02  0.3397691E-02
 -0.2431608E-02 -0.3989879E-02 -0.1824386E-01 -0.6876815E-02
  0.1332607E-01 -0.1945661E-01 -0.2512154E-01 -0.2628366E-01
  0.1632284E-02 -0.1611398E-01 -0.1445315E-01 -0.1688469E-01
  0.3915746E-01 -0.2720709E-01 -0.1455151E-03  0.3866480E-03
  0.3109046E-01 -0.1344471E-01  0.5838238E-03  0.1556061E-01
  0.2566997E-01 -0.6173261E-02  0.2326451E-03  0.2449005E-01
  0.2385974E-01 -0.3771724E-02  0.1056013E-03  0.2746819E-01
