  3  2   693 10944  4  4  9 11  7  1    0.00   24.00  100.00  600.00    0.00    6.28   45.00   45.00
  100.0  100.0  100.0  100.0  125.0  150.0  190.0  230.0  275.0  350.0  450.0  600.0  600.0  600.0  600.0
  0.4058896E+03  0.1936861E+02 -0.5490102E+01  0.0000000E+00
  0.2344566E+03 -0.1831803E+02 -0.2061424E+01  0.0000000E+00
  0.3717997E+03  0.4202747E+01 -0.3907723E+01  0.0000000E+00
  0.8175785E+03  0.1148014E+02  0.2351625E+02  0.0000000E+00
  0.1166851E+04 -0.1134227E+02 -0.3095387E+02  0.0000000E+00
  0.1597561E+04  0.3679268E+02 -0.2639020E+02  0.0000000E+00
  0.1937987E+04  0.3764546E+02  0.1129021E+02  0.0000000E+00
  0.2208690E+04  0.1077629E+03  0.8271616E+02  0.0000000E+00
  0.2320005E+04  0.1080159E+03  0.9477696E+02  0.0000000E+00
  0.2258063E+04  0.8149003E+02  0.8653726E+02  0.0000000E+00
  0.2223019E+04  0.6596421E+02  0.8184788E+02  0.0000000E+00
  0.4955795E+01 -0.3492724E+02 -0.8056502E+01  0.0000000E+00
  0.6650377E+02  0.9248376E+00 -0.7730619E+01  0.0000000E+00
 -0.1925527E+02  0.1711705E+02 -0.1233240E+02  0.0000000E+00
 -0.2262171E+02 -0.1736554E+00 -0.3789696E+00  0.0000000E+00
 -0.1759325E+03 -0.8600138E+02  0.1528350E+02  0.0000000E+00
 -0.2715611E+03  0.1678727E+02  0.1248584E+02  0.0000000E+00
 -0.3681162E+03  0.7910506E+02 -0.1183469E+02  0.0000000E+00
 -0.4134908E+03  0.9853494E+02 -0.4943094E+02  0.0000000E+00
 -0.3779080E+03  0.2583525E+02 -0.6410095E+02  0.0000000E+00
 -0.4406946E+03 -0.2543039E+02 -0.6772808E+02  0.0000000E+00
 -0.4770650E+03 -0.5625913E+02 -0.7001487E+02  0.0000000E+00
 -0.3325162E+02  0.1176531E+02  0.1877798E+01  0.0000000E+00
 -0.4643483E+02  0.2447337E+02 -0.4852131E+01  0.0000000E+00
 -0.4203998E+02  0.3084931E+01  0.2790077E+01  0.0000000E+00
  0.6651939E+02  0.6802779E+01  0.1601985E+02  0.0000000E+00
 -0.6570678E+02 -0.1725667E+02 -0.5034782E+01  0.0000000E+00
 -0.2826509E+02  0.1485406E+02 -0.1529527E+02  0.0000000E+00
  0.3895676E+02 -0.7799892E+01 -0.1382900E+02  0.0000000E+00
  0.1628582E+03 -0.1144209E+02  0.3463764E+02  0.0000000E+00
  0.1478217E+03 -0.1488123E+02  0.4308608E+02  0.0000000E+00
  0.6323880E+02  0.2836303E+01  0.2739971E+02  0.0000000E+00
  0.1354461E+02  0.1317077E+02  0.1830949E+02  0.0000000E+00
 -0.1788479E+01  0.1393138E+00  0.3901823E-01  0.0000000E+00
  0.4141006E+00 -0.3386810E+00 -0.2482111E+00  0.0000000E+00
 -0.7955153E+00  0.2600103E+00  0.3951733E+00  0.0000000E+00
  0.1533936E+01 -0.3248335E+00 -0.6516158E+00  0.0000000E+00
 -0.6591480E+01  0.6221561E+00  0.9714457E+00  0.0000000E+00
 -0.1842248E+02 -0.1514932E+01 -0.6361634E+00  0.0000000E+00
 -0.3676761E+02  0.8594167E+01  0.2118909E+02  0.0000000E+00
 -0.1142655E+03 -0.3253703E+02  0.1855672E+02  0.0000000E+00
 -0.1199755E+03 -0.5489120E+02  0.1542499E+02  0.0000000E+00
 -0.5988663E+02 -0.3030464E+02  0.2345893E+02  0.0000000E+00
 -0.2476743E+02 -0.1615806E+02  0.2812792E+02  0.0000000E+00
  0.4887377E+01 -0.1324254E+00  0.5048665E-03  0.0000000E+00
  0.1570222E+01  0.9262528E+00  0.3263066E-01  0.0000000E+00
  0.4206207E+01 -0.1792176E+01  0.3728695E-02  0.0000000E+00
  0.1048191E+01  0.2969910E+01  0.2199934E-01  0.0000000E+00
  0.8423864E+00 -0.5425861E+01 -0.2551059E+00  0.0000000E+00
  0.1344782E+02  0.8996574E+01  0.1823206E+01  0.0000000E+00
  0.7715897E+02 -0.3755010E+02 -0.6535009E+00  0.0000000E+00
  0.7405847E+02  0.1424138E+02 -0.7891362E+01  0.0000000E+00
  0.6271032E+02  0.2486114E+02 -0.1135801E+02  0.0000000E+00
  0.4844730E+02 -0.5139185E+01 -0.5692025E+01  0.0000000E+00
  0.3996802E+02 -0.2258777E+02 -0.2411490E+01  0.0000000E+00
  0.8260209E+00 -0.7914715E-01  0.4203837E-01  0.0000000E+00
  0.4441158E+01 -0.5491507E+00 -0.2269966E+00  0.0000000E+00
  0.1814825E+00  0.8922298E+00  0.3904899E+00  0.0000000E+00
 -0.6089577E+00 -0.1419463E+01 -0.7678253E+00  0.0000000E+00
  0.2470365E+01  0.2296393E+01  0.1640322E+01  0.0000000E+00
  0.2427349E+02 -0.3340417E+01 -0.4317116E+01  0.0000000E+00
  0.2533542E+02  0.3522206E+01 -0.6275288E+01  0.0000000E+00
  0.6018204E+02  0.5737780E+01 -0.1185129E+02  0.0000000E+00
  0.6553069E+02 -0.3796712E+01 -0.1141890E+02  0.0000000E+00
  0.5846190E+02  0.2895596E+00 -0.1272311E+02  0.0000000E+00
  0.5438344E+02  0.2579069E+01 -0.1348284E+02  0.0000000E+00
 -0.7065385E+01  0.9793795E-01  0.4460617E-01  0.0000000E+00
 -0.2677496E+01  0.2153725E+00 -0.1764544E+00  0.0000000E+00
 -0.5513296E+01 -0.2434303E+00  0.2992709E+00  0.0000000E+00
 -0.2706745E+01  0.4116972E+00 -0.4491755E+00  0.0000000E+00
 -0.7466084E+01 -0.2962573E+00  0.9202742E+00  0.0000000E+00
 -0.9828739E+01  0.2645233E+01 -0.2804711E+01  0.0000000E+00
 -0.8468889E+01 -0.2672505E+01  0.1043538E+01  0.0000000E+00
 -0.5428859E+02 -0.1331844E+01 -0.3485159E+01  0.0000000E+00
 -0.4255997E+02 -0.5920019E+01 -0.4433033E+01  0.0000000E+00
 -0.1590939E+02 -0.3644698E+01 -0.4886875E+01  0.0000000E+00
 -0.1740081E+00 -0.2367486E+01 -0.5163138E+01  0.0000000E+00
 -0.2344798E-02  0.7329924E-01 -0.7367803E-02  0.0000000E+00
 -0.5069752E+01 -0.8868358E-01  0.1379413E+00  0.0000000E+00
 -0.6689972E+00  0.2183480E+00 -0.2038454E+00  0.0000000E+00
 -0.1438738E+01 -0.5239945E+00  0.4195242E+00  0.0000000E+00
  0.1086544E+02  0.1159282E+01 -0.8669070E+00  0.0000000E+00
 -0.5131515E+01 -0.2003371E+01  0.2494708E+01  0.0000000E+00
 -0.2117898E+02  0.5317300E+01  0.3650480E+01  0.0000000E+00
 -0.2819277E+02 -0.2883084E+00  0.5690937E+01  0.0000000E+00
 -0.2058336E+02 -0.3893642E+01  0.6270346E+01  0.0000000E+00
 -0.1576592E+02 -0.6330318E+00  0.5297823E+01  0.0000000E+00
 -0.1286228E+02  0.1235681E+01  0.4734212E+01  0.0000000E+00
  0.3042409E+01 -0.8178975E-01 -0.2289733E-01  0.0000000E+00
  0.3649999E+00  0.4177418E-01  0.9326684E-01  0.0000000E+00
  0.2055011E+01  0.1465873E-01 -0.1589281E+00  0.0000000E+00
  0.3830187E+01 -0.9344235E-01  0.1795566E+00  0.0000000E+00
 -0.7341181E+01  0.1034100E+00 -0.4233327E+00  0.0000000E+00
  0.2667180E+00 -0.1525147E+01  0.1100465E+01  0.0000000E+00
 -0.6081729E+01  0.2295992E+01 -0.1251184E+00  0.0000000E+00
 -0.7016811E-01  0.8529965E+01 -0.1157725E+01  0.0000000E+00
  0.1313633E+01  0.4295364E+01  0.2848019E+01  0.0000000E+00
 -0.2018827E+01  0.8315996E+01  0.4161928E+01  0.0000000E+00
 -0.3951423E+01  0.1062426E+02  0.4975251E+01  0.0000000E+00
 -0.6614330E+01  0.1038204E+02 -0.4983392E+01  0.0000000E+00
  0.9073404E+01 -0.7582154E+01  0.7312259E+01  0.0000000E+00
 -0.1118862E+02  0.5242066E+01 -0.1837990E+01  0.0000000E+00
 -0.9405062E+02 -0.2295730E+02  0.2151913E+01  0.0000000E+00
 -0.1696522E+03 -0.2480412E+02  0.1169021E+01  0.0000000E+00
 -0.2693802E+03  0.5504938E+02  0.2846937E+02  0.0000000E+00
 -0.4174099E+03 -0.3038913E+02  0.4765166E+02  0.0000000E+00
 -0.6230901E+03 -0.5977111E+02  0.2649908E+02  0.0000000E+00
 -0.6551758E+03 -0.3393815E+02  0.1485654E+02  0.0000000E+00
 -0.5113892E+03 -0.9934421E+00  0.2422875E+02  0.0000000E+00
 -0.4275577E+03  0.1858532E+02  0.2958828E+02  0.0000000E+00
 -0.9589050E+01  0.2160986E+01 -0.4924544E+01  0.0000000E+00
  0.1815247E+02  0.1046094E+01  0.1958159E+01  0.0000000E+00
  0.3691195E+02 -0.3893651E+01 -0.1689411E+01  0.0000000E+00
  0.2352417E+02 -0.6133527E-02 -0.8634610E+01  0.0000000E+00
  0.3518042E+02  0.8455365E+02 -0.1670250E+01  0.0000000E+00
 -0.7883738E+02  0.4178425E+02 -0.9191146E+01  0.0000000E+00
 -0.1274788E+03  0.6410378E+02 -0.2115219E+02  0.0000000E+00
 -0.2498400E+03  0.7833810E+02 -0.3709823E+02  0.0000000E+00
 -0.2751570E+03  0.9373335E+02 -0.2953759E+02  0.0000000E+00
 -0.2135823E+03  0.9775781E+02 -0.1484023E+02  0.0000000E+00
 -0.1778091E+03  0.1002889E+03 -0.6148758E+01  0.0000000E+00
 -0.1170620E+02  0.1154635E+01  0.4059088E+01  0.0000000E+00
 -0.2797388E+02  0.9409260E+01  0.8677684E+00  0.0000000E+00
 -0.3270473E+02 -0.2660141E+02  0.4728241E+01  0.0000000E+00
 -0.2746386E+02  0.3871092E+01 -0.5456512E+01  0.0000000E+00
 -0.4937194E+02 -0.6873301E+01  0.7649156E+01  0.0000000E+00
  0.5903199E+02 -0.1825976E+02  0.1467628E+02  0.0000000E+00
  0.4743029E+02  0.3854360E+02  0.3199413E+02  0.0000000E+00
  0.1315824E+01 -0.1038086E+02  0.1579215E+02  0.0000000E+00
 -0.1187795E+01 -0.5052556E+01  0.6328836E+01  0.0000000E+00
 -0.2868757E+02 -0.1576830E+02  0.9044712E+01  0.0000000E+00
 -0.4482103E+02 -0.2199215E+02  0.1053026E+02  0.0000000E+00
  0.1554395E+00  0.4431247E-01 -0.5437630E-01  0.0000000E+00
 -0.2323006E+01  0.4520452E+00  0.2253546E+00  0.0000000E+00
  0.6595863E+01 -0.9503813E+00 -0.3938203E+00  0.0000000E+00
 -0.1220799E+02  0.1456733E+01  0.6966586E+00  0.0000000E+00
  0.5391339E+02 -0.2564980E+01 -0.1307227E+01  0.0000000E+00
  0.4640541E+02  0.3410798E+01  0.3093139E+01  0.0000000E+00
  0.9042432E+02 -0.3957506E+02  0.3735484E+01  0.0000000E+00
  0.1857451E+03 -0.3864410E+02  0.1833080E+02  0.0000000E+00
  0.1833251E+03 -0.4155455E+02  0.1587746E+02  0.0000000E+00
  0.1412938E+03 -0.3811460E+02  0.7379521E+01  0.0000000E+00
  0.1166636E+03 -0.3612349E+02  0.2374391E+01  0.0000000E+00
 -0.5608179E+00  0.6979470E-01  0.6015237E-01  0.0000000E+00
  0.2107862E+01  0.1945525E+00 -0.2543530E+00  0.0000000E+00
 -0.3001176E+00 -0.4891155E+00  0.4991936E+00  0.0000000E+00
  0.7724568E+01  0.9494447E+00 -0.8211725E+00  0.0000000E+00
 -0.2763091E+02 -0.1760836E+01  0.1701129E+01  0.0000000E+00
  0.7189685E+01  0.6271045E+01 -0.5248855E+01  0.0000000E+00
  0.1413152E+02  0.1095264E+02 -0.5872617E-01  0.0000000E+00
  0.3913361E+02  0.2634367E+02 -0.3697473E+00  0.0000000E+00
  0.3945813E+02  0.3072316E+02 -0.2581777E+00  0.0000000E+00
  0.2086517E+02  0.1590857E+02  0.5111529E+01  0.0000000E+00
  0.9979061E+01  0.7288945E+01  0.8257372E+01  0.0000000E+00
  0.6572971E+00 -0.1983862E+00 -0.2342412E-01  0.0000000E+00
 -0.1245569E+01  0.3659087E+00  0.1398451E+00  0.0000000E+00
  0.1814503E+01 -0.6992305E+00 -0.2300223E+00  0.0000000E+00
 -0.2441828E+01  0.1216616E+01  0.3145712E+00  0.0000000E+00
 -0.8795906E+01 -0.2241625E+01 -0.5590527E+00  0.0000000E+00
  0.3744472E+01  0.4867770E+01  0.3579539E+00  0.0000000E+00
  0.4329635E+02  0.1038747E+02 -0.1163283E+02  0.0000000E+00
  0.8360266E+01  0.2764846E+02 -0.2031493E+02  0.0000000E+00
 -0.8180376E+01  0.3330183E+02 -0.1673398E+02  0.0000000E+00
  0.5041222E+01  0.2311049E+02 -0.1163379E+02  0.0000000E+00
  0.1259772E+02  0.1720820E+02 -0.8606336E+01  0.0000000E+00
  0.9082220E+00  0.1015359E-01 -0.5188792E-01  0.0000000E+00
  0.8128601E+00  0.1185287E+00  0.2261316E+00  0.0000000E+00
 -0.4936902E+01 -0.1579693E+00 -0.4228070E+00  0.0000000E+00
 -0.1097534E+00  0.2221149E-01  0.7492832E+00  0.0000000E+00
 -0.7665373E+01 -0.7485020E+00 -0.1330706E+01  0.0000000E+00
 -0.1737979E+02 -0.1423964E+01  0.3339924E+01  0.0000000E+00
 -0.5081497E+02  0.9612026E+00 -0.1521725E+01  0.0000000E+00
 -0.7183683E+02  0.5820561E+01  0.2779381E+01  0.0000000E+00
 -0.7025048E+02  0.7722335E+01  0.1563286E+01  0.0000000E+00
 -0.4312197E+02 -0.3591000E+01 -0.5939691E+01  0.0000000E+00
 -0.2722362E+02 -0.1018981E+02 -0.1034813E+02  0.0000000E+00
  0.3501216E+00 -0.2318406E-01  0.1343715E-01  0.0000000E+00
 -0.1940505E+00 -0.1178107E-01 -0.4565069E-01  0.0000000E+00
  0.4004689E+00  0.1357427E-01  0.2552295E-01  0.0000000E+00
 -0.1560552E+01  0.8319199E-01 -0.8167827E-02  0.0000000E+00
  0.1441519E+02 -0.1979436E+00  0.6790129E-02  0.0000000E+00
 -0.1337433E+02 -0.4197146E+00  0.1489578E+00  0.0000000E+00
 -0.3850722E+02 -0.4090475E+01  0.5326548E+01  0.0000000E+00
 -0.4905061E+02  0.3011689E+01  0.7597707E+01  0.0000000E+00
 -0.2452388E+02  0.2580089E+01  0.6279527E+01  0.0000000E+00
 -0.2462943E+02  0.1645908E+01  0.6259464E+01  0.0000000E+00
 -0.2441764E+02  0.1093509E+01  0.6233867E+01  0.0000000E+00
 -0.5632341E+00 -0.8149838E-01 -0.2736164E-01  0.0000000E+00
 -0.1289303E+01 -0.4091855E-02  0.8372871E-01  0.0000000E+00
 -0.2158594E+01  0.1709541E+00 -0.1168831E+00  0.0000000E+00
  0.6120411E+01 -0.2538189E+00  0.1186146E+00  0.0000000E+00
 -0.1113821E+02  0.9605149E+00 -0.2801362E+00  0.0000000E+00
  0.2320645E+02 -0.2072478E+01  0.6763228E+00  0.0000000E+00
  0.4342592E+01  0.3564714E+01 -0.1802815E+01  0.0000000E+00
  0.1854163E+02  0.4783342E+01 -0.9208669E+00  0.0000000E+00
  0.1512221E+02 -0.7996635E+00  0.9784658E+00  0.0000000E+00
  0.1002734E+02 -0.1784759E+01  0.3774575E+01  0.0000000E+00
  0.7011174E+01 -0.2422482E+01  0.5433721E+01  0.0000000E+00
 -0.3391816E+01  0.3076633E+02 -0.5613615E+01  0.0000000E+00
 -0.8415140E+01  0.1448670E+02  0.3143538E+01  0.0000000E+00
  0.2802510E+02  0.1851116E+02 -0.3964622E+01  0.0000000E+00
 -0.8813811E+00  0.2516547E+01  0.2222210E+01  0.0000000E+00
  0.5502647E+01 -0.7217286E+00 -0.1622691E+01  0.0000000E+00
  0.2978923E+02  0.2967858E+02  0.2395540E+00  0.0000000E+00
  0.1636647E+02  0.3878422E+01 -0.8988543E+01  0.0000000E+00
 -0.1467604E+02 -0.1026331E+02 -0.8218306E+01  0.0000000E+00
  0.8427717E+01 -0.1713354E+02  0.2208625E+01  0.0000000E+00
  0.8750370E+01  0.1723413E+01  0.6015825E+01  0.0000000E+00
  0.9190957E+01  0.1269163E+02  0.8362250E+01  0.0000000E+00
 -0.7025365E+01  0.1886299E+02  0.4777505E+00  0.0000000E+00
 -0.3699437E+02 -0.4460067E+01  0.4548275E+00  0.0000000E+00
  0.5498938E+02  0.3909080E+02 -0.1327143E+01  0.0000000E+00
 -0.2983618E+02  0.5369551E+01  0.4366260E+01  0.0000000E+00
  0.1081541E+02 -0.2334651E+02 -0.1061586E+01  0.0000000E+00
 -0.4113157E+02 -0.1284871E+02  0.6302878E+00  0.0000000E+00
 -0.4984389E+02 -0.4371976E+01  0.3732185E+01  0.0000000E+00
 -0.1165802E+03  0.7693682E+02 -0.1671296E+02  0.0000000E+00
 -0.1049367E+03  0.3915893E+02 -0.3302288E+02  0.0000000E+00
 -0.5764498E+02 -0.1332712E+02 -0.3454352E+02  0.0000000E+00
 -0.2982378E+02 -0.4448540E+02 -0.3561593E+02  0.0000000E+00
 -0.6040436E+01  0.7037548E+01 -0.4386440E+01  0.0000000E+00
  0.1648390E+02 -0.2217969E+02  0.1990209E+01  0.0000000E+00
  0.3594038E+00  0.4622965E+01 -0.3904989E+01  0.0000000E+00
  0.2173683E+01 -0.7828946E+00  0.2554059E+00  0.0000000E+00
  0.1466256E+02 -0.1055045E+02 -0.4760038E+01  0.0000000E+00
  0.2148310E+02  0.1677633E+02  0.7587902E-01  0.0000000E+00
  0.3957926E+02 -0.3717451E+01 -0.7959315E+01  0.0000000E+00
  0.2629075E+02  0.1229664E+02 -0.1696270E+02  0.0000000E+00
  0.4765345E+02 -0.4650385E+01 -0.2231249E+02  0.0000000E+00
  0.7492770E+02 -0.4165084E+02 -0.2176093E+02  0.0000000E+00
  0.9113188E+02 -0.6350205E+02 -0.2149558E+02  0.0000000E+00
 -0.1614450E+00  0.7537998E-01 -0.2436020E-02  0.0000000E+00
  0.3305296E+00  0.2826756E+00  0.7628139E-01  0.0000000E+00
  0.5975188E+00 -0.1484839E+00 -0.1496536E+00  0.0000000E+00
 -0.1098696E+01  0.4261578E+00  0.2047850E+00  0.0000000E+00
  0.5363076E+01 -0.1663091E+01 -0.4279671E+00  0.0000000E+00
 -0.1798784E+02  0.8056450E+01  0.6909585E+00  0.0000000E+00
 -0.3982973E+02  0.8959706E+01  0.3918231E+01  0.0000000E+00
 -0.1072331E+03  0.1576138E+02 -0.1522822E+01  0.0000000E+00
 -0.1178516E+03  0.9586692E+01  0.4720906E+01  0.0000000E+00
 -0.4776124E+02  0.3091924E+02  0.9379999E+01  0.0000000E+00
 -0.6839582E+01  0.4334499E+02  0.1217738E+02  0.0000000E+00
  0.9441584E+00 -0.4355549E-01 -0.6814088E-01  0.0000000E+00
 -0.4600888E+01 -0.1068764E+00  0.2515838E+00  0.0000000E+00
  0.5213106E+01  0.3157196E+00 -0.4389607E+00  0.0000000E+00
 -0.5325355E+01 -0.6894054E+00  0.7333060E+00  0.0000000E+00
  0.5424848E+01  0.1506274E+01 -0.1456329E+01  0.0000000E+00
  0.5485655E+01 -0.4291273E+01  0.4071700E+01  0.0000000E+00
  0.2154822E+02 -0.2075332E+01 -0.2485888E+01  0.0000000E+00
  0.3909471E+02 -0.3272407E+02 -0.9240352E+01  0.0000000E+00
  0.1618736E+02 -0.1819190E+02 -0.7849349E+01  0.0000000E+00
 -0.1544756E+02  0.3303930E+02 -0.4161821E+01  0.0000000E+00
 -0.3422737E+02  0.6320378E+02 -0.1987746E+01  0.0000000E+00
 -0.1497615E+01 -0.1505151E+00  0.3801487E-01  0.0000000E+00
  0.6554269E+00  0.3631492E+00 -0.7787375E-01  0.0000000E+00
 -0.1595299E+01 -0.8259022E-01  0.1639225E+00  0.0000000E+00
  0.3203989E+01  0.1907046E+00 -0.2808924E+00  0.0000000E+00
 -0.4528260E+01  0.1472379E+00  0.5531254E+00  0.0000000E+00
  0.2184371E+02 -0.4453738E+01 -0.1566541E+01  0.0000000E+00
  0.3672899E+01 -0.1414796E+02 -0.1627349E+01  0.0000000E+00
  0.3739339E+02 -0.2663273E+02  0.5672418E+01  0.0000000E+00
  0.3007101E+02 -0.2959687E+02  0.5207063E+01  0.0000000E+00
  0.1581405E+02 -0.2876108E+02  0.9285931E+00  0.0000000E+00
  0.7386176E+01 -0.2830333E+02 -0.1581276E+01  0.0000000E+00
 -0.1178488E+01  0.9778304E-01  0.4520738E-01  0.0000000E+00
  0.2679899E+01  0.4393721E-01 -0.2125182E+00  0.0000000E+00
 -0.1797973E+01 -0.2676670E+00  0.3692373E+00  0.0000000E+00
 -0.2347236E+01  0.4121000E+00 -0.6132731E+00  0.0000000E+00
  0.3479382E+01 -0.8306884E+00  0.1204136E+01  0.0000000E+00
 -0.8693694E+01  0.1127709E+01 -0.3265566E+01  0.0000000E+00
  0.8466876E+01 -0.8700465E+01 -0.2934534E+00  0.0000000E+00
 -0.1771143E+02  0.1787949E+00 -0.8479406E+01  0.0000000E+00
 -0.9618478E+01 -0.2481685E+01 -0.1037342E+02  0.0000000E+00
  0.1828986E+01 -0.1777649E+02 -0.7126014E+01  0.0000000E+00
  0.8621980E+01 -0.2676338E+02 -0.5245785E+01  0.0000000E+00
  0.1733133E+01 -0.2916481E-02 -0.3285964E-01  0.0000000E+00
 -0.5385928E+00 -0.5903819E-01  0.1301023E+00  0.0000000E+00
  0.2175828E+01 -0.1835770E+00 -0.2216891E+00  0.0000000E+00
 -0.3690169E+01  0.2547367E+00  0.3083308E+00  0.0000000E+00
  0.3848681E+01 -0.5925089E+00 -0.6835631E+00  0.0000000E+00
  0.7348999E+01  0.2327415E+01  0.2151941E+01  0.0000000E+00
  0.3377127E+01 -0.1629902E+01 -0.4141458E+00  0.0000000E+00
 -0.1795444E+01  0.4601996E+01  0.1836132E+01  0.0000000E+00
 -0.6087258E+01  0.8634015E+01  0.3875992E+01  0.0000000E+00
 -0.9369676E+01 -0.5556261E+00  0.3332521E+01  0.0000000E+00
 -0.1134084E+02 -0.5893575E+01  0.3037579E+01  0.0000000E+00
 -0.6851441E+00 -0.1921148E+00 -0.2830086E-01  0.0000000E+00
 -0.6889017E+00  0.1753936E+00  0.1354300E+00  0.0000000E+00
  0.1348351E+01 -0.4225796E+00 -0.2406170E+00  0.0000000E+00
 -0.1271843E+01  0.7659161E+00  0.3628447E+00  0.0000000E+00
  0.7800306E+01 -0.1506582E+01 -0.7567934E+00  0.0000000E+00
 -0.1144414E+02  0.3483851E+01  0.1795059E+01  0.0000000E+00
 -0.8844716E+01  0.1459734E+01 -0.9649372E+00  0.0000000E+00
 -0.1472784E+02  0.1540818E+01  0.3063953E+01  0.0000000E+00
 -0.1486968E+02  0.9247586E+01  0.6377985E+01  0.0000000E+00
 -0.8632725E+01  0.1217246E+02  0.6668589E+01  0.0000000E+00
 -0.4984552E+01  0.1397062E+02  0.6875122E+01  0.0000000E+00
  0.1434795E+02  0.4261142E+01 -0.1249950E+01  0.0000000E+00
 -0.1578759E+02  0.5674653E+01 -0.7253822E+00  0.0000000E+00
  0.7724005E+01 -0.7491953E+01 -0.1216934E+00  0.0000000E+00
  0.1140475E+02  0.1294601E+02  0.1191672E+00  0.0000000E+00
  0.2179079E+02 -0.2682457E+02  0.1228093E+01  0.0000000E+00
  0.3419411E+02  0.3577699E+01 -0.1594412E+00  0.0000000E+00
  0.2574741E+02 -0.4135586E+01  0.6111381E+01  0.0000000E+00
  0.3238449E+01  0.3202739E+02  0.3343599E+01  0.0000000E+00
 -0.1575038E+02  0.4395696E+02  0.1605174E+01  0.0000000E+00
 -0.4374703E+01  0.4287070E+02 -0.1129811E+01  0.0000000E+00
  0.2067722E+01  0.4237020E+02 -0.2750963E+01  0.0000000E+00
  0.2572631E+02  0.1370100E+01 -0.1866753E+01  0.0000000E+00
 -0.1844343E+02 -0.3514540E+00 -0.2493856E+01  0.0000000E+00
 -0.3441894E+01 -0.1139916E+02 -0.1632339E+00  0.0000000E+00
  0.3413696E+02  0.3198551E+01 -0.9754650E+00  0.0000000E+00
  0.1714366E+02 -0.2253344E+01 -0.2023459E+01  0.0000000E+00
  0.8210337E+02 -0.1074133E+01 -0.5674556E+01  0.0000000E+00
  0.1031544E+03 -0.4427973E+01 -0.1495960E+02  0.0000000E+00
  0.1196348E+03  0.1477044E+02 -0.1672753E+01  0.0000000E+00
  0.4329615E+02  0.3969176E+02  0.5575242E+01  0.0000000E+00
  0.1517594E+02  0.1188827E+02  0.2811295E+01  0.0000000E+00
 -0.2143807E+01 -0.4114307E+01  0.1273168E+01  0.0000000E+00
 -0.3650770E+01  0.4310370E+01  0.1567089E+01  0.0000000E+00
  0.5788319E+00 -0.9283489E+01 -0.4863720E+00  0.0000000E+00
 -0.1950149E+01  0.4488234E+01  0.1210111E+01  0.0000000E+00
 -0.1218485E+02 -0.4078561E+01 -0.4282820E+00  0.0000000E+00
  0.1619408E+02 -0.2578787E-01 -0.6825855E-01  0.0000000E+00
 -0.6480922E-01  0.2988746E+01 -0.8188306E+00  0.0000000E+00
  0.2902252E+01 -0.2254419E+01  0.3823964E+01  0.0000000E+00
 -0.6044087E+02  0.1831861E+02  0.1664349E+01  0.0000000E+00
 -0.6300925E+02  0.2378410E+02  0.5035686E+01  0.0000000E+00
 -0.2355424E+02 -0.1834745E+01  0.2942693E+01  0.0000000E+00
 -0.4885319E+00 -0.1677203E+02  0.1753831E+01  0.0000000E+00
  0.2242202E+00  0.1154483E-01  0.1888394E-01  0.0000000E+00
 -0.7882006E+00  0.1233719E+00 -0.9806422E-01  0.0000000E+00
 -0.2646775E+00 -0.1106680E+00  0.1128297E+00  0.0000000E+00
  0.3181768E+01  0.1890474E+00 -0.1732309E+00  0.0000000E+00
 -0.1351092E+02 -0.1339392E+00  0.3864958E+00  0.0000000E+00
  0.3549728E+02 -0.2395747E-01 -0.8791693E+00  0.0000000E+00
  0.5229081E+02 -0.3369260E+01  0.5876202E+01  0.0000000E+00
  0.1231301E+03  0.9883546E+01  0.3294332E+01  0.0000000E+00
  0.1175204E+03  0.1198248E+01 -0.1544127E+01  0.0000000E+00
  0.7039162E+02  0.3761515E+01 -0.1348893E+01  0.0000000E+00
  0.4274039E+02  0.5165835E+01 -0.1287857E+01  0.0000000E+00
  0.1635678E+00 -0.1005891E-01  0.1498680E-01  0.0000000E+00
  0.7741542E-01  0.2493400E-01  0.4768434E-01  0.0000000E+00
  0.7106116E+00 -0.6191926E-01 -0.4466587E-01  0.0000000E+00
  0.1503841E+00  0.8207666E-01 -0.3731237E-02  0.0000000E+00
  0.1446572E+02 -0.2106609E+00  0.3279201E-01  0.0000000E+00
 -0.8388066E+01  0.7180454E-01 -0.3160434E+00  0.0000000E+00
 -0.2607153E+02  0.3186541E+01 -0.1283146E+01  0.0000000E+00
 -0.1290613E+02 -0.6783964E+01 -0.1724467E+01  0.0000000E+00
 -0.1165976E+02 -0.4768830E+01 -0.1775383E+01  0.0000000E+00
 -0.1761868E+02  0.5661791E+01 -0.2339333E+01  0.0000000E+00
 -0.2109678E+02  0.1179393E+02 -0.2670123E+01  0.0000000E+00
  0.4314115E+00 -0.7701729E-01 -0.7982519E-02  0.0000000E+00
  0.1215491E+01  0.2856116E+00 -0.6312517E-01  0.0000000E+00
 -0.1385074E+01 -0.2885246E+00  0.1316777E+00  0.0000000E+00
  0.2532790E+01  0.5434194E+00 -0.1620528E+00  0.0000000E+00
 -0.8554372E+01 -0.1087516E+01  0.2428733E+00  0.0000000E+00
 -0.3267907E+02  0.2422426E+01 -0.3076015E+00  0.0000000E+00
 -0.7300321E+01 -0.3881166E+01 -0.2464901E+01  0.0000000E+00
 -0.7860714E+02 -0.2464575E+01 -0.9898579E+00  0.0000000E+00
 -0.8253039E+02  0.2753555E+00  0.1702427E+01  0.0000000E+00
 -0.4648721E+02  0.2661051E+01  0.3030081E+01  0.0000000E+00
 -0.2543170E+02  0.4088873E+01  0.3837279E+01  0.0000000E+00
 -0.1052004E+01  0.1058523E+00  0.2508216E-01  0.0000000E+00
  0.2537208E+01  0.5113638E-01 -0.1238279E+00  0.0000000E+00
 -0.3118550E+01 -0.5781880E-01  0.1537433E+00  0.0000000E+00
 -0.1505999E+01  0.2255669E+00 -0.1806785E+00  0.0000000E+00
 -0.9402341E+00 -0.1803370E+00  0.3131008E+00  0.0000000E+00
 -0.3032640E+01  0.9224272E+00 -0.3420743E+00  0.0000000E+00
 -0.8681286E+01 -0.2384382E+01  0.1435931E+01  0.0000000E+00
  0.3736756E+01  0.1424118E+02 -0.1484916E+01  0.0000000E+00
  0.9013403E+01  0.1156236E+02 -0.1123861E+01  0.0000000E+00
  0.1164141E+02  0.1436103E+01  0.4649402E+00  0.0000000E+00
  0.1324149E+02 -0.4522535E+01  0.1399414E+01  0.0000000E+00
 -0.1056339E+01  0.9265695E-01 -0.9618960E-02  0.0000000E+00
  0.3053174E-01 -0.2201331E+00  0.2503780E-02  0.0000000E+00
  0.1813956E+00  0.3013370E+00  0.3452983E-01  0.0000000E+00
 -0.2742821E+01 -0.4701350E+00 -0.1176022E+00  0.0000000E+00
  0.9713500E+01  0.8233150E+00  0.2269865E+00  0.0000000E+00
 -0.1011793E+02 -0.1208734E+01 -0.2788381E+00  0.0000000E+00
 -0.1659477E+02  0.1966427E+01  0.3136651E+01  0.0000000E+00
 -0.1801591E+02  0.8175308E+01  0.1499568E+01  0.0000000E+00
 -0.1901055E+02  0.1927732E+01  0.1485743E+00  0.0000000E+00
 -0.1645318E+02 -0.2532413E+01 -0.3599729E+00  0.0000000E+00
 -0.1496482E+02 -0.5213748E+01 -0.6728625E+00  0.0000000E+00
 -0.8592359E-01 -0.1710085E+00 -0.6765461E-03  0.0000000E+00
 -0.3938059E+00 -0.4638402E-02 -0.8141973E-02  0.0000000E+00
 -0.3081470E+00  0.9816778E-01  0.5552884E-01  0.0000000E+00
  0.2584315E+01 -0.1992322E+00 -0.6642722E-01  0.0000000E+00
 -0.4519182E+01  0.1152510E+00  0.4408191E-01  0.0000000E+00
  0.9374674E+01 -0.3936955E-01  0.2872429E-01  0.0000000E+00
  0.9965132E+01 -0.1299303E+01  0.6035067E+00  0.0000000E+00
  0.1296842E+02 -0.2752959E+01 -0.2915864E+01  0.0000000E+00
  0.9424734E+01 -0.3167387E+01 -0.3261809E+01  0.0000000E+00
  0.7245740E+01 -0.7464179E+01 -0.1938184E+01  0.0000000E+00
  0.5932777E+01 -0.9984933E+01 -0.1167239E+01  0.0000000E+00
  0.1247016E+02 -0.4260156E+01 -0.1342869E+01  0.0000000E+00
  0.5992051E+01  0.1074127E+01 -0.6997614E+00  0.0000000E+00
 -0.8533197E+01 -0.1062735E+02  0.4428328E+00  0.0000000E+00
  0.2524343E+02  0.8958792E+01 -0.5531149E+00  0.0000000E+00
  0.9147642E+01 -0.6555090E+01 -0.6453172E+00  0.0000000E+00
  0.2292723E+02 -0.7081402E+00 -0.4326390E+01  0.0000000E+00
  0.6596062E+02  0.6616052E+01 -0.1855364E+00  0.0000000E+00
  0.9739817E+02  0.2578156E+02  0.2522155E+01  0.0000000E+00
  0.9641937E+02  0.2837240E+02  0.3898222E+01  0.0000000E+00
  0.6985271E+02  0.1493375E+02  0.4705590E+01  0.0000000E+00
  0.5428897E+02  0.7093680E+01  0.5193815E+01  0.0000000E+00
  0.1086665E+02  0.5908410E+01 -0.2162093E+01  0.0000000E+00
 -0.1481663E+02 -0.7173362E+00  0.1001724E+01  0.0000000E+00
 -0.7091524E+01 -0.1202988E+02 -0.1150657E+01  0.0000000E+00
 -0.5771419E+01 -0.9563674E+00  0.1909282E+01  0.0000000E+00
 -0.4549371E+01 -0.1097236E+02  0.5851922E+00  0.0000000E+00
 -0.3284375E+01 -0.5783643E+01  0.3558768E+01  0.0000000E+00
  0.6622298E+01 -0.1615038E+02 -0.3134144E+01  0.0000000E+00
  0.4749103E+01 -0.1591279E+02  0.6991749E+01  0.0000000E+00
  0.1460253E+02  0.1235019E+02  0.4548739E+01  0.0000000E+00
  0.1156591E+02  0.1967175E+02 -0.1093753E+01  0.0000000E+00
  0.9897954E+01  0.2427138E+02 -0.4425445E+01  0.0000000E+00
  0.1225130E+01  0.1606675E+01  0.8082118E+00  0.0000000E+00
 -0.5303388E+01  0.5526455E+00 -0.1245423E+01  0.0000000E+00
  0.4790372E+01 -0.5533002E+01  0.7540443E+00  0.0000000E+00
  0.6253686E+01  0.2733079E+01  0.4618791E+00  0.0000000E+00
 -0.8837487E+01  0.4287800E+00 -0.7404018E-01  0.0000000E+00
 -0.2461405E+02  0.1289881E+02 -0.2194144E+01  0.0000000E+00
 -0.2929577E+02  0.1547789E+02  0.3089728E-02  0.0000000E+00
 -0.1872919E+02 -0.5550490E+01 -0.6034308E+00  0.0000000E+00
 -0.1447573E+02 -0.2745914E+01 -0.1092321E+01  0.0000000E+00
 -0.1785703E+02 -0.9494957E+01 -0.1174125E+01  0.0000000E+00
 -0.1978550E+02 -0.1341862E+02 -0.1227374E+01  0.0000000E+00
  0.1338041E+01  0.1329714E+00  0.4373136E-03  0.0000000E+00
 -0.8710198E+00 -0.5000656E-01 -0.4539633E-01  0.0000000E+00
  0.3343755E+00  0.3131045E+00  0.7656758E-01  0.0000000E+00
  0.1233415E+01 -0.5107597E+00 -0.1525963E+00  0.0000000E+00
 -0.7541003E+01  0.1264713E+01  0.1610256E+00  0.0000000E+00
  0.8614491E+01 -0.2141222E+01  0.1173805E+00  0.0000000E+00
 -0.9226998E+01  0.1635026E+02  0.4751382E+01  0.0000000E+00
  0.2635432E+02  0.2750872E+02 -0.5828849E+01  0.0000000E+00
  0.3255520E+02  0.2150874E+02 -0.5436715E+01  0.0000000E+00
  0.1588248E+02  0.5644923E+01 -0.4487247E+00  0.0000000E+00
  0.6190901E+01 -0.3712017E+01  0.2475743E+01  0.0000000E+00
 -0.1706303E+01 -0.3639893E-01 -0.8410113E-02  0.0000000E+00
  0.1500030E+01  0.2360492E+00  0.2739769E-01  0.0000000E+00
 -0.3648471E+01 -0.1735563E+00 -0.4496275E-01  0.0000000E+00
  0.3160203E+01  0.2915276E+00  0.1355477E+00  0.0000000E+00
 -0.3491714E+01 -0.5129524E+00 -0.2181723E+00  0.0000000E+00
  0.6368723E+01  0.1096150E+01  0.1058211E+00  0.0000000E+00
 -0.1962888E+02 -0.5305570E+01 -0.1305172E+01  0.0000000E+00
 -0.1336104E+02  0.1815048E+01  0.4297990E+01  0.0000000E+00
 -0.8659911E+01  0.6872945E+01  0.6394197E+01  0.0000000E+00
 -0.6157405E+01 -0.2353851E+01  0.3821600E+01  0.0000000E+00
 -0.4636290E+01 -0.7700390E+01  0.2338689E+01  0.0000000E+00
 -0.1378814E+00 -0.9646545E-01 -0.4235240E-02  0.0000000E+00
  0.2485316E+01  0.3018060E-01 -0.1678524E-01  0.0000000E+00
 -0.4297682E+01 -0.4732808E-01  0.5898938E-01  0.0000000E+00
  0.4732673E+01 -0.8815757E-01 -0.1671314E+00  0.0000000E+00
 -0.2108778E+01  0.1976247E+00  0.3301523E+00  0.0000000E+00
  0.8132400E+00 -0.8482939E+00 -0.8266813E+00  0.0000000E+00
 -0.4877528E+00 -0.3157443E+01 -0.1343292E+01  0.0000000E+00
  0.1347277E+02 -0.1582627E+02  0.2548702E+01  0.0000000E+00
  0.1781794E+02 -0.6597493E+01  0.1753967E+01  0.0000000E+00
 -0.7279256E+00  0.5354913E+01 -0.7237530E-01  0.0000000E+00
 -0.1154149E+02  0.1245691E+02 -0.1151029E+01  0.0000000E+00
  0.1268711E+01  0.1407467E+00  0.1681487E-01  0.0000000E+00
 -0.6798243E+00 -0.1572959E+00 -0.3266477E-01  0.0000000E+00
  0.2764159E+01  0.1344269E+00  0.7296096E-01  0.0000000E+00
 -0.9144920E+00 -0.5497954E-01 -0.1554952E+00  0.0000000E+00
 -0.2064871E+01  0.3859248E+00  0.1789624E+00  0.0000000E+00
  0.1576815E+02 -0.1395756E+01 -0.1106500E+00  0.0000000E+00
 -0.5063478E+01  0.5927360E+01  0.1357773E+01  0.0000000E+00
 -0.2018626E+02  0.8104268E+01 -0.5330864E+01  0.0000000E+00
 -0.1867476E+02  0.3622244E+01 -0.4957467E+01  0.0000000E+00
 -0.4575320E+01  0.2472833E+01 -0.2747579E+01  0.0000000E+00
  0.3696495E+01  0.1751213E+01 -0.1449507E+01  0.0000000E+00
 -0.1608284E+01  0.7697053E-02  0.1969695E-01  0.0000000E+00
 -0.5934719E-01  0.1989172E-01 -0.3866379E-01  0.0000000E+00
  0.1019849E+01  0.6183844E-01  0.2057376E-01  0.0000000E+00
 -0.3951964E+00 -0.1580228E+00 -0.7724520E-02  0.0000000E+00
 -0.2432261E+01  0.4247942E+00  0.1581641E+00  0.0000000E+00
  0.2970995E-01 -0.4445183E+00 -0.3307202E+00  0.0000000E+00
  0.1449662E+02  0.1391536E+01  0.2000003E+01  0.0000000E+00
 -0.1129964E+02  0.5967511E+01  0.3666266E+00  0.0000000E+00
 -0.3786229E+01  0.3637575E+01 -0.5248570E+00  0.0000000E+00
  0.4519885E+01 -0.2771706E+01 -0.7210677E+00  0.0000000E+00
  0.9465188E+01 -0.6552885E+01 -0.8460562E+00  0.0000000E+00
 -0.8997768E+00 -0.1739483E+00 -0.2548778E-01  0.0000000E+00
 -0.2609458E+00  0.3357573E-01  0.5720697E-02  0.0000000E+00
 -0.2895157E+00 -0.1199139E+00 -0.1673341E-01  0.0000000E+00
  0.1017616E+00  0.2583724E+00 -0.3061950E-01  0.0000000E+00
  0.4327648E+01 -0.6171184E+00  0.1246109E+00  0.0000000E+00
 -0.1083277E+00  0.2137877E+01 -0.1925296E+00  0.0000000E+00
 -0.2055285E+02 -0.4274610E+01  0.1739287E+00  0.0000000E+00
  0.2439913E+02 -0.4722640E+01  0.8103198E+00  0.0000000E+00
  0.2473815E+02  0.1594705E+00  0.3612931E+00  0.0000000E+00
  0.3741599E+01  0.1299270E+01  0.3186250E-01  0.0000000E+00
 -0.8545971E+01  0.2021726E+01 -0.1663949E+00  0.0000000E+00
  0.8892625E+01 -0.4124632E+01  0.5516560E-01  0.0000000E+00
 -0.2900057E+01 -0.8125552E+00 -0.2585441E+00  0.0000000E+00
 -0.4991153E+01  0.2790554E+01  0.1828076E+01  0.0000000E+00
  0.1550913E+02 -0.2355122E+01 -0.2008975E+01  0.0000000E+00
  0.7129562E+01 -0.1391875E+00  0.2001772E+01  0.0000000E+00
  0.1224909E+02 -0.4781558E+01 -0.2322930E+01  0.0000000E+00
  0.4391882E+02 -0.2925808E+00  0.4770625E-02  0.0000000E+00
  0.6331507E+02  0.4583584E+01 -0.1420979E+01  0.0000000E+00
  0.6334697E+02 -0.5662085E+01 -0.3120180E+01  0.0000000E+00
  0.3729699E+02 -0.1556876E+02 -0.1590349E+01  0.0000000E+00
  0.2204275E+02 -0.2148272E+02 -0.7129291E+00  0.0000000E+00
  0.9234617E+01  0.7279965E+01 -0.2175566E+00  0.0000000E+00
 -0.8821902E+01 -0.3698001E+01  0.1402395E+01  0.0000000E+00
 -0.6115712E+00  0.8862817E+01 -0.7308224E+00  0.0000000E+00
  0.8958228E+00 -0.2678770E+01 -0.2007962E+00  0.0000000E+00
 -0.4643959E+01 -0.6237544E+01  0.4409021E+00  0.0000000E+00
  0.1403142E+02  0.5379305E+01 -0.1468896E+00  0.0000000E+00
 -0.4718219E+01 -0.2717941E+01  0.1259183E+00  0.0000000E+00
  0.1698305E+02  0.4137781E+01  0.1425784E+01  0.0000000E+00
  0.4896186E+02 -0.8511461E+01  0.2750423E+01  0.0000000E+00
  0.2866235E+02  0.1351004E+00  0.3735046E+01  0.0000000E+00
  0.1713493E+02  0.5061928E+01  0.4325928E+01  0.0000000E+00
  0.3208978E+01  0.1015880E+01  0.9189988E+00  0.0000000E+00
 -0.1721808E+01 -0.2544421E+01 -0.1359111E+01  0.0000000E+00
  0.5575418E+00  0.3401467E+01  0.1201744E+01  0.0000000E+00
  0.6904204E+01  0.2928415E+00 -0.9054629E+00  0.0000000E+00
 -0.1180526E+01 -0.8160512E+01  0.3023823E+01  0.0000000E+00
 -0.2633486E+02  0.4734042E+01 -0.2230853E+01  0.0000000E+00
  0.5180098E+01 -0.1265657E+00  0.2311076E+00  0.0000000E+00
 -0.3081514E+01 -0.7073775E+00  0.1700387E+01  0.0000000E+00
 -0.9177426E+01 -0.1152412E+02 -0.2943740E+00  0.0000000E+00
 -0.1896923E+01  0.3229244E+01  0.4008011E+00  0.0000000E+00
  0.2297524E+01  0.1174896E+02  0.7858026E+00  0.0000000E+00
 -0.6922647E+00 -0.3946585E-01 -0.1268967E-01  0.0000000E+00
  0.1342004E+01  0.1346919E+00  0.6750550E-01  0.0000000E+00
 -0.3397565E+01 -0.2848101E-01 -0.1180971E+00  0.0000000E+00
  0.4526596E+01  0.1050550E+00  0.1426888E+00  0.0000000E+00
 -0.1365888E+02 -0.3867458E+00 -0.2520814E+00  0.0000000E+00
  0.3266448E+01  0.1807644E+01  0.7988533E+00  0.0000000E+00
 -0.1465049E+02  0.3400630E+01  0.6278281E+00  0.0000000E+00
 -0.2558953E+02  0.1821435E+02  0.5463750E+00  0.0000000E+00
 -0.2200514E+02  0.1080749E+02  0.7112780E+00  0.0000000E+00
 -0.9622650E+01  0.7084130E+01  0.1075436E+01  0.0000000E+00
 -0.2333470E+01  0.4823223E+01  0.1291011E+01  0.0000000E+00
 -0.4519892E+00 -0.1572718E+00  0.7199517E-02  0.0000000E+00
  0.2877845E+01  0.1823238E+00  0.8131994E-01  0.0000000E+00
 -0.3968425E+01 -0.2714074E+00 -0.9522799E-01  0.0000000E+00
  0.3568716E+01  0.3790861E+00  0.2191398E+00  0.0000000E+00
  0.1491546E+01 -0.5470971E+00 -0.4686964E+00  0.0000000E+00
 -0.2847098E+01 -0.5271817E+00  0.8935132E+00  0.0000000E+00
 -0.9837356E+00 -0.7134452E+01 -0.8969530E+00  0.0000000E+00
 -0.4303705E+01 -0.2160972E+00  0.2476225E+01  0.0000000E+00
 -0.5898666E+00 -0.9989930E+00  0.2234981E+01  0.0000000E+00
  0.2510077E+00 -0.3691097E+01  0.8334220E+00  0.0000000E+00
  0.7898079E+00 -0.5276235E+01  0.1019051E-01  0.0000000E+00
 -0.5808019E+00  0.1554513E-01 -0.3632151E-02  0.0000000E+00
  0.2045375E+01  0.9853547E-01 -0.1954028E-01  0.0000000E+00
 -0.2918193E+01 -0.1981352E+00  0.7313252E-01  0.0000000E+00
  0.4367851E+01  0.3095122E+00 -0.1295801E+00  0.0000000E+00
  0.1944712E+01 -0.3957958E+00  0.2492663E+00  0.0000000E+00
 -0.1522844E+02 -0.9558934E+00 -0.5662954E+00  0.0000000E+00
 -0.3734275E+02 -0.3639940E+01 -0.3428642E+00  0.0000000E+00
 -0.4954279E+02 -0.6473104E+01 -0.2628640E+01  0.0000000E+00
 -0.3327580E+02 -0.4823893E+01 -0.1722428E+01  0.0000000E+00
 -0.1939739E+02 -0.1448743E+01 -0.3154106E-01  0.0000000E+00
 -0.1109136E+02  0.5477417E+00  0.9685358E+00  0.0000000E+00
 -0.3094516E+00  0.1437516E+00  0.8633581E-02  0.0000000E+00
 -0.1829411E+01 -0.1643753E+00 -0.6631031E-01  0.0000000E+00
  0.2522948E+01  0.1605355E+00  0.7846367E-01  0.0000000E+00
 -0.7446327E+00 -0.1498654E+00 -0.1943973E+00  0.0000000E+00
 -0.4927323E+01  0.2774260E+00  0.4013448E+00  0.0000000E+00
  0.8341254E+01  0.3349958E+00 -0.7721381E+00  0.0000000E+00
  0.7569695E+01  0.6078037E+00  0.3280887E+00  0.0000000E+00
  0.2683796E+02 -0.2205165E+01  0.2911904E+01  0.0000000E+00
  0.2142519E+02  0.3434197E+01  0.1929294E+01  0.0000000E+00
 -0.8681509E+00  0.3039907E+01  0.1439560E+01  0.0000000E+00
 -0.1397786E+02  0.2871804E+01  0.1141444E+01  0.0000000E+00
  0.7555597E+00  0.3182433E-01 -0.1217578E-01  0.0000000E+00
 -0.8601276E+00 -0.9899578E-01  0.1361808E-01  0.0000000E+00
  0.1276088E+01  0.9236475E-02 -0.7608608E-01  0.0000000E+00
 -0.2000594E+01 -0.2019621E+00  0.1677965E+00  0.0000000E+00
  0.1052973E+01  0.4686075E+00 -0.2590546E+00  0.0000000E+00
  0.8043007E+01 -0.7856495E+00  0.5557332E+00  0.0000000E+00
  0.8561862E+01  0.2374110E+01 -0.1295750E+01  0.0000000E+00
  0.1061777E+02  0.6380803E+01 -0.3112614E+00  0.0000000E+00
  0.9521080E-01  0.2025021E+01 -0.1240071E+01  0.0000000E+00
 -0.8770673E+00  0.6761672E+00 -0.1031727E+01  0.0000000E+00
 -0.1564219E+01 -0.1623949E+00 -0.9199571E+00  0.0000000E+00
  0.3683877E+00 -0.1488234E+00 -0.1812660E-02  0.0000000E+00
  0.2359395E+00  0.3443826E-01  0.2766130E-01  0.0000000E+00
 -0.9352321E+00 -0.1282730E+00 -0.3995141E-01  0.0000000E+00
 -0.1983686E+00  0.1665252E+00  0.1382681E+00  0.0000000E+00
  0.1913280E+01 -0.1316372E+00 -0.2529764E+00  0.0000000E+00
 -0.1859038E+00 -0.1265484E+00  0.4104448E+00  0.0000000E+00
 -0.5777966E+01  0.1785708E+00 -0.3316491E-01  0.0000000E+00
  0.1482065E+02 -0.1959520E+01  0.4231088E+00  0.0000000E+00
  0.1205830E+02  0.1857856E+01  0.7499194E-01  0.0000000E+00
  0.7766094E+01  0.8851278E+01 -0.4328462E+00  0.0000000E+00
  0.5222490E+01  0.1299019E+02 -0.7337067E+00  0.0000000E+00
 -0.5063540E+01  0.2867692E+01 -0.1876402E+01  0.0000000E+00
 -0.6256155E+00 -0.6613723E+01  0.8590017E+00  0.0000000E+00
 -0.7238164E+01  0.9529044E+01 -0.5823814E+00  0.0000000E+00
 -0.7210308E+01 -0.7315476E+01 -0.1495692E+00  0.0000000E+00
 -0.1438637E+02  0.4887551E+01  0.2564141E+00  0.0000000E+00
 -0.1724913E+02 -0.1438178E+01  0.1527495E+01  0.0000000E+00
 -0.1990795E+02 -0.8369758E+00  0.6754165E+01  0.0000000E+00
 -0.3214508E+02 -0.9933969E+01 -0.1518238E+01  0.0000000E+00
 -0.4318808E+02 -0.8275159E+01 -0.3597168E+01  0.0000000E+00
 -0.3160876E+02 -0.1212248E+02 -0.3095173E+01  0.0000000E+00
 -0.2495398E+02 -0.1435848E+02 -0.2824226E+01  0.0000000E+00
 -0.6913627E+01 -0.1497889E+01 -0.3029450E+01  0.0000000E+00
  0.8968511E+01 -0.5533758E+01  0.1049863E+01  0.0000000E+00
 -0.1204037E+02  0.7696701E+01 -0.1011975E+01  0.0000000E+00
  0.2645305E+00 -0.4649917E+01  0.1313699E+00  0.0000000E+00
 -0.1078785E+02  0.1256110E+02 -0.3278895E+00  0.0000000E+00
 -0.9026179E+01 -0.1968361E+01  0.6761154E+00  0.0000000E+00
 -0.1779886E+02  0.1265626E+01 -0.4265009E+01  0.0000000E+00
 -0.7275289E+01 -0.3726467E+01  0.1568434E+01  0.0000000E+00
 -0.1446483E+02  0.2630034E+00  0.2105651E+01  0.0000000E+00
 -0.1781125E+02 -0.7703826E+01  0.1964800E+01  0.0000000E+00
 -0.1985271E+02 -0.1232521E+02  0.1888691E+01  0.0000000E+00
  0.7669184E-01 -0.1817240E+01  0.1734013E+00  0.0000000E+00
 -0.2612859E+01 -0.8492122E+00  0.7084552E+00  0.0000000E+00
  0.6600187E+00 -0.6751608E+00 -0.1264564E+01  0.0000000E+00
 -0.3621766E+01 -0.2378231E+01 -0.6328009E+00  0.0000000E+00
 -0.1986601E+01  0.1202481E+01  0.1893799E+01  0.0000000E+00
 -0.5032765E+01  0.8350516E+00  0.1415145E+01  0.0000000E+00
  0.1292104E+01  0.1847030E+01  0.4693776E+01  0.0000000E+00
 -0.1481646E+02 -0.1454394E+02 -0.3267439E+00  0.0000000E+00
 -0.1637966E+02 -0.6243420E+01  0.5737769E+00  0.0000000E+00
 -0.2112119E+02  0.1003266E+01  0.1081584E+01  0.0000000E+00
 -0.2391353E+02  0.5338074E+01  0.1389183E+01  0.0000000E+00
 -0.9694319E+00  0.2755274E+00  0.7726212E-02  0.0000000E+00
  0.1339883E+01 -0.3000398E+00 -0.5410846E-01  0.0000000E+00
 -0.1310631E+01  0.4705922E+00  0.9623536E-01  0.0000000E+00
  0.1602234E+01 -0.8744379E+00 -0.1052928E+00  0.0000000E+00
 -0.6369584E+01  0.1306049E+01  0.2511028E+00  0.0000000E+00
  0.5192803E+01 -0.2806881E+01 -0.6811915E+00  0.0000000E+00
 -0.8851442E+01  0.2302472E+01 -0.3256726E+00  0.0000000E+00
  0.3091373E+02 -0.3718478E+01 -0.1594870E+01  0.0000000E+00
  0.2936345E+02  0.1268443E+01 -0.4124698E+01  0.0000000E+00
  0.3919040E+01  0.5788172E+01 -0.5992390E+01  0.0000000E+00
 -0.1099828E+02  0.8489161E+01 -0.7114383E+01  0.0000000E+00
  0.7021606E+00  0.4887957E-02  0.2533992E-01  0.0000000E+00
  0.7065413E+00 -0.8414114E-02 -0.6484962E-01  0.0000000E+00
 -0.1597333E+01  0.1861081E+00  0.1146081E+00  0.0000000E+00
  0.1041231E+01 -0.3612743E+00 -0.2629184E+00  0.0000000E+00
 -0.3923191E+01  0.6672786E+00  0.5035860E+00  0.0000000E+00
 -0.5753114E+01 -0.9281435E+00 -0.1297000E+01  0.0000000E+00
  0.1280063E+02  0.2262888E+01  0.1813440E+01  0.0000000E+00
 -0.2781473E+01 -0.8824861E+01  0.1161142E+01  0.0000000E+00
 -0.8907508E+01 -0.4985539E+01 -0.1418849E+01  0.0000000E+00
  0.5190236E+01  0.8597749E+01  0.1184858E+01  0.0000000E+00
  0.1337580E+02  0.1659440E+02  0.2680791E+01  0.0000000E+00
  0.8676467E+00 -0.1732360E+00 -0.4600136E-01  0.0000000E+00
 -0.7780547E+00  0.2350558E+00  0.1878662E+00  0.0000000E+00
  0.1832840E+01 -0.3111032E+00 -0.3135372E+00  0.0000000E+00
 -0.7673757E+00  0.4889691E+00  0.5599756E+00  0.0000000E+00
  0.1316485E+01 -0.6132880E+00 -0.1006735E+01  0.0000000E+00
  0.2373663E+01  0.8549546E+00  0.2026954E+01  0.0000000E+00
  0.7996303E+01  0.2031991E+01 -0.4665531E+01  0.0000000E+00
 -0.2521635E+01  0.2242466E+00 -0.9196151E+00  0.0000000E+00
 -0.1974639E+01  0.1697857E+01  0.6597261E+00  0.0000000E+00
  0.5304890E-01  0.5558722E+00  0.1214873E+01  0.0000000E+00
  0.1247110E+01 -0.9499000E-01  0.1557588E+01  0.0000000E+00
 -0.6983156E+00  0.1616468E+00  0.1786913E-01  0.0000000E+00
  0.4419785E+00 -0.1054040E+00 -0.8864368E-02  0.0000000E+00
  0.1089567E+01  0.6335762E-01 -0.1163386E-01  0.0000000E+00
  0.2266081E+01 -0.1311121E+00  0.7997522E-01  0.0000000E+00
 -0.5274266E+01 -0.4298610E-01 -0.1279533E+00  0.0000000E+00
 -0.4037067E+00  0.3847237E+00  0.4551501E+00  0.0000000E+00
  0.1076575E+01  0.1951004E+01 -0.5417590E+00  0.0000000E+00
  0.7268204E+01 -0.2486907E+00 -0.3837125E+00  0.0000000E+00
  0.1117971E+02 -0.3566095E+01  0.7729891E+00  0.0000000E+00
  0.9911624E+01 -0.1197674E+01 -0.1280932E+00  0.0000000E+00
  0.9212173E+01  0.1515110E+00 -0.6427306E+00  0.0000000E+00
 -0.8223916E+00  0.8369065E-02 -0.1357297E-01  0.0000000E+00
  0.3727266E+00  0.8941883E-01 -0.1475405E-01  0.0000000E+00
 -0.2762587E+01 -0.9162449E-01  0.4677588E-01  0.0000000E+00
  0.2307526E+01  0.1625079E+00 -0.8240671E-01  0.0000000E+00
 -0.4089383E+01 -0.6469881E+00  0.4192137E-01  0.0000000E+00
 -0.4290439E+01  0.1315988E+01 -0.1775480E+00  0.0000000E+00
  0.7797230E+01 -0.3990602E+01  0.1407737E+01  0.0000000E+00
 -0.5596394E+01  0.2485373E+01  0.1885607E+01  0.0000000E+00
 -0.7923671E+01  0.5207206E+00  0.3238997E-01  0.0000000E+00
  0.9999051E+00  0.6283341E+00 -0.7071027E+00  0.0000000E+00
  0.6197653E+01  0.6699602E+00 -0.1160873E+01  0.0000000E+00
  0.1256101E+00 -0.1710451E+00 -0.8515800E-02  0.0000000E+00
 -0.2256108E+01 -0.6746943E-01  0.2269471E-01  0.0000000E+00
  0.2260788E+00  0.5105800E-01 -0.8607908E-01  0.0000000E+00
 -0.2552208E+01 -0.6078012E-01  0.1473511E+00  0.0000000E+00
  0.4657487E+01  0.3820825E+00 -0.2666842E+00  0.0000000E+00
  0.4523074E+01 -0.1516470E+01  0.3744665E+00  0.0000000E+00
  0.1331869E+01  0.1729583E+01 -0.1081629E+01  0.0000000E+00
  0.9049364E+01  0.4802113E+00  0.7220114E+00  0.0000000E+00
  0.1010255E+02  0.4435383E+01 -0.9137492E-01  0.0000000E+00
  0.4283219E+01  0.1721274E+01  0.8643742E+00  0.0000000E+00
  0.8903801E+00  0.1757537E+00  0.1414898E+01  0.0000000E+00
