  2  2   693  9216  4  4  9 11  7  1    0.00   24.00  100.00  550.00    0.00    6.28   45.00   45.00
  100.0  100.0  100.0  100.0  125.0  150.0  190.0  230.0  275.0  350.0  450.0  600.0  600.0  600.0  600.0
  0.1965611E+03 -0.1484753E+02 -0.9428529E+00  0.0000000E+00
  0.2590248E+03  0.3357177E+02 -0.6618468E+00  0.0000000E+00
  0.5243576E+03 -0.8262867E+01  0.4939743E+01  0.0000000E+00
  0.6813810E+03  0.1590786E+03 -0.2379626E+01  0.0000000E+00
  0.7892573E+03  0.8057216E+02 -0.9226650E+01  0.0000000E+00
  0.9755186E+03  0.2672570E+03  0.1514564E+02  0.0000000E+00
  0.9843247E+03  0.3213503E+03  0.9342450E+01  0.0000000E+00
  0.1014998E+04  0.2796491E+03  0.1649650E+02  0.0000000E+00
  0.1188674E+04  0.1551173E+03 -0.2682933E+01  0.0000000E+00
  0.1322465E+04  0.5905313E+02 -0.1747927E+02  0.0000000E+00
  0.1402689E+04  0.1485320E+01 -0.2634586E+02  0.0000000E+00
 -0.1304906E+02 -0.7414466E+01 -0.1838631E+01  0.0000000E+00
  0.4202898E+02 -0.2367983E+02  0.2079029E+01  0.0000000E+00
  0.5355538E+02  0.5944275E+02 -0.2500502E+01  0.0000000E+00
 -0.1550627E+03 -0.7403473E+02  0.9640243E+01  0.0000000E+00
 -0.1323353E+03 -0.1223546E+03 -0.2263589E+02  0.0000000E+00
 -0.5079879E+02  0.1046400E+02  0.9621155E+01  0.0000000E+00
 -0.8558117E+02 -0.6696627E+02 -0.2032726E+01  0.0000000E+00
 -0.1045462E+03 -0.6838542E+02  0.2400143E+01  0.0000000E+00
 -0.1381614E+03 -0.8518635E+01 -0.1010344E+01  0.0000000E+00
 -0.1640153E+03  0.3757511E+02 -0.3649408E+01  0.0000000E+00
 -0.1795287E+03  0.6522024E+02 -0.5228763E+01  0.0000000E+00
  0.7342863E+01  0.5275940E+01  0.3001148E+00  0.0000000E+00
  0.1451538E+02 -0.8084884E+01  0.7772248E+01  0.0000000E+00
 -0.1701951E+02 -0.1094838E+02 -0.7649025E+01  0.0000000E+00
 -0.1886411E+02  0.2545512E+02  0.1033020E+02  0.0000000E+00
 -0.6456006E+02 -0.2434487E+02 -0.5830312E+01  0.0000000E+00
 -0.5177655E+02 -0.3100070E+02  0.5825518E+01  0.0000000E+00
 -0.6096018E+02 -0.1687382E+02  0.4768470E+00  0.0000000E+00
 -0.5271466E+02 -0.6039080E+02  0.7091681E+01  0.0000000E+00
 -0.3443968E+02 -0.4026680E+02 -0.1023209E+01  0.0000000E+00
 -0.2043107E+02 -0.2476959E+02 -0.7281750E+01  0.0000000E+00
 -0.1201309E+02 -0.1547579E+02 -0.1103262E+02  0.0000000E+00
  0.1424897E+00 -0.1502644E+00 -0.1440994E-01  0.0000000E+00
  0.2229371E+01  0.7629070E+00  0.7957377E-01  0.0000000E+00
 -0.4208140E+01 -0.1559393E+01 -0.1661969E+00  0.0000000E+00
  0.5913725E+01  0.1741600E+01  0.2159751E+00  0.0000000E+00
 -0.9920020E+01 -0.3591847E+01 -0.2075231E+00  0.0000000E+00
  0.8820969E+01  0.2751792E+01  0.4116869E+00  0.0000000E+00
 -0.1590884E+01  0.6899396E+01 -0.2310614E+01  0.0000000E+00
 -0.9364912E+01  0.1826324E+02 -0.1733730E+01  0.0000000E+00
 -0.3457718E+02  0.4065107E+02  0.5963719E+01  0.0000000E+00
 -0.5395975E+02  0.5787506E+02  0.1190311E+02  0.0000000E+00
 -0.6559228E+02  0.6820882E+02  0.1546198E+02  0.0000000E+00
  0.1129795E+00 -0.1204135E+00  0.6740586E-02  0.0000000E+00
 -0.4843887E+01  0.7903575E+00 -0.3724624E-01  0.0000000E+00
  0.4076946E+01 -0.1607259E+01  0.2089132E-01  0.0000000E+00
  0.4953258E+01  0.1928268E+01 -0.4817448E-01  0.0000000E+00
 -0.3051581E+01 -0.6399691E+00  0.2976076E+00  0.0000000E+00
  0.4305366E+00  0.2005843E+01 -0.7564211E+00  0.0000000E+00
  0.1385775E+02  0.1644315E+02  0.1582260E+01  0.0000000E+00
  0.3502265E+01  0.1215282E+01  0.6353608E+00  0.0000000E+00
 -0.3622792E+01  0.2996260E+02  0.2470059E+01  0.0000000E+00
 -0.9108812E+01  0.5206967E+02  0.3885503E+01  0.0000000E+00
 -0.1239904E+02  0.6533554E+02  0.4733686E+01  0.0000000E+00
 -0.1149145E+01  0.7647097E-01 -0.3852698E-02  0.0000000E+00
  0.1031729E+01 -0.3497354E+00  0.1641369E-01  0.0000000E+00
  0.4835442E+01  0.4965827E+00 -0.6406340E-01  0.0000000E+00
 -0.9755063E+01 -0.6913415E+00  0.1022858E+00  0.0000000E+00
  0.6814897E+01  0.2544314E+01 -0.1613489E+00  0.0000000E+00
 -0.2491684E+01 -0.1395044E+01  0.3801371E+00  0.0000000E+00
 -0.3276532E+01  0.7711034E+01 -0.1160263E+01  0.0000000E+00
  0.9694780E+01 -0.1610192E+01  0.6846702E+00  0.0000000E+00
  0.4621750E+01  0.3761876E+01  0.2172370E+01  0.0000000E+00
  0.6691563E+00  0.7920332E+01  0.3322075E+01  0.0000000E+00
 -0.1689231E+01  0.1040857E+02  0.4010511E+01  0.0000000E+00
 -0.1120785E+00  0.1077321E+00 -0.3985203E-03  0.0000000E+00
  0.9015457E+01 -0.5457178E+00 -0.1153185E-01  0.0000000E+00
 -0.8416221E+01  0.1258645E+01  0.4780521E-01  0.0000000E+00
 -0.5088857E+01 -0.8954501E+00 -0.1522189E+00  0.0000000E+00
  0.4710506E+01 -0.6913437E+00 -0.1058357E-01  0.0000000E+00
 -0.3273965E+01 -0.1633319E+01  0.2116759E+00  0.0000000E+00
  0.5853605E+01 -0.6260442E+01 -0.4396066E+00  0.0000000E+00
  0.4764463E+01  0.8224460E+00 -0.2755357E+00  0.0000000E+00
  0.3669245E+01 -0.6276783E+01  0.2566209E+00  0.0000000E+00
  0.2788794E+01 -0.1180014E+02  0.6694004E+00  0.0000000E+00
  0.2270486E+01 -0.1509783E+02  0.9161719E+00  0.0000000E+00
  0.1193487E+01  0.4226645E-01  0.2557555E-02  0.0000000E+00
 -0.3589048E+01  0.6425632E-01 -0.1255292E-02  0.0000000E+00
 -0.6214193E+00 -0.1861851E-01  0.5651556E-02  0.0000000E+00
  0.3506652E+01  0.1384896E+00  0.3589252E-01  0.0000000E+00
  0.3907205E+01 -0.1231698E+01 -0.5210648E-01  0.0000000E+00
 -0.2276953E+00  0.7683965E+00  0.7399788E-01  0.0000000E+00
 -0.1149429E+01 -0.9955043E+00 -0.6496257E+00  0.0000000E+00
  0.1004550E+01 -0.9624970E+00  0.5577834E+00  0.0000000E+00
  0.2928273E+01  0.7606987E+00  0.1561564E+00  0.0000000E+00
  0.4386351E+01  0.2098067E+01 -0.1539376E+00  0.0000000E+00
  0.5266873E+01  0.2897406E+01 -0.3396921E+00  0.0000000E+00
 -0.7991481E-01 -0.9843525E-01 -0.1032509E-01  0.0000000E+00
 -0.2296851E+01  0.4726789E+00  0.7645696E-02  0.0000000E+00
  0.2676762E+01 -0.8814077E+00 -0.2395363E-01  0.0000000E+00
  0.1758159E+01  0.1038934E+01  0.1083669E+00  0.0000000E+00
 -0.2618114E+01 -0.5366605E+00 -0.1542095E+00  0.0000000E+00
 -0.1133375E+01  0.1493478E+01  0.2814168E+00  0.0000000E+00
 -0.2279108E+00 -0.2349397E+01 -0.7396185E+00  0.0000000E+00
  0.2686928E+00 -0.7424411E+00  0.7591147E+00  0.0000000E+00
  0.6022839E+00 -0.5578477E+01 -0.2395909E+00  0.0000000E+00
  0.8386519E+00 -0.9328642E+01 -0.1008515E+01  0.0000000E+00
  0.9857712E+00 -0.1157087E+02 -0.1469687E+01  0.0000000E+00
  0.1145080E+01 -0.5758400E+01 -0.1655586E+01  0.0000000E+00
 -0.3609602E+02 -0.4318501E+02 -0.4901645E+01  0.0000000E+00
 -0.1048687E+02  0.5709572E+02  0.1885777E-01  0.0000000E+00
 -0.4018997E+02 -0.1182890E+03  0.3776506E+01  0.0000000E+00
 -0.3071285E+02  0.9535389E+01 -0.1612619E+02  0.0000000E+00
 -0.8381449E+02 -0.4158588E+02  0.7350286E+01  0.0000000E+00
 -0.6097064E+02 -0.2457223E+02 -0.2002256E+01  0.0000000E+00
 -0.7049477E+02 -0.5664002E+02  0.4942370E+01  0.0000000E+00
 -0.4946242E+02 -0.2840369E+02 -0.9240085E+01  0.0000000E+00
 -0.3348012E+02 -0.6670743E+01 -0.2015285E+02  0.0000000E+00
 -0.2383936E+02  0.6365563E+01 -0.2669969E+02  0.0000000E+00
  0.7439080E+01 -0.4621526E+01 -0.2757152E+01  0.0000000E+00
 -0.2765941E+02 -0.5665335E+02 -0.1439280E+01  0.0000000E+00
  0.8867029E+01  0.6472163E+02  0.1009738E+01  0.0000000E+00
 -0.6291130E+01 -0.1075448E+03  0.6982453E+01  0.0000000E+00
 -0.2720117E+02 -0.1401185E+02 -0.1776167E+02  0.0000000E+00
 -0.4075673E+02 -0.2704962E+02  0.4874357E+01  0.0000000E+00
  0.8022284E+01 -0.8790408E+00 -0.1806925E+01  0.0000000E+00
 -0.8506593E+01  0.3301576E+02  0.4005622E+00  0.0000000E+00
  0.3278683E+02 -0.4267672E+02 -0.2193780E+01  0.0000000E+00
  0.6442438E+02 -0.1009257E+03 -0.4183365E+01  0.0000000E+00
  0.8344005E+02 -0.1358689E+03 -0.5378705E+01  0.0000000E+00
  0.1655360E+01  0.5285237E+01  0.1220779E+01  0.0000000E+00
 -0.1642765E+02 -0.5448142E+01 -0.7310055E+00  0.0000000E+00
  0.7544464E+01  0.1242482E+02 -0.1522572E+01  0.0000000E+00
  0.8517141E+01 -0.2785496E+02  0.5612721E+01  0.0000000E+00
 -0.1640413E+02  0.1924603E+02 -0.4970574E+01  0.0000000E+00
 -0.1282231E+02 -0.2237189E+02 -0.2018873E+01  0.0000000E+00
 -0.8120815E+01  0.1357322E+02 -0.1303861E+01  0.0000000E+00
 -0.1012436E+02 -0.9009203E+01  0.2344990E+01  0.0000000E+00
 -0.5972946E+01 -0.6182077E+01 -0.5990476E+01  0.0000000E+00
 -0.2793294E+01 -0.3985782E+01 -0.1241464E+02  0.0000000E+00
 -0.8819170E+00 -0.2673612E+01 -0.1626592E+02  0.0000000E+00
 -0.2843434E+00 -0.8891987E-01 -0.6689049E-02  0.0000000E+00
  0.1060953E+01  0.3085726E+00  0.8460102E-01  0.0000000E+00
 -0.1287278E+01 -0.3556753E+00 -0.1620952E+00  0.0000000E+00
  0.5754028E+01  0.1050446E+01  0.1439292E+00  0.0000000E+00
 -0.8564409E+01 -0.9338176E+00 -0.1129548E+00  0.0000000E+00
 -0.1247300E+02 -0.2122999E+01  0.1309458E+00  0.0000000E+00
  0.1329513E+02  0.1066134E+02 -0.1621072E+01  0.0000000E+00
  0.1077758E+02  0.5508895E+01  0.9441951E+00  0.0000000E+00
  0.9688830E+01  0.1365253E+02  0.1533271E+01  0.0000000E+00
  0.8863045E+01  0.2007049E+02  0.1980582E+01  0.0000000E+00
  0.8364539E+01  0.2388108E+02  0.2250493E+01  0.0000000E+00
  0.2923124E+00  0.2747309E-01  0.7440446E-02  0.0000000E+00
  0.2440790E+01 -0.1706567E+00  0.1294393E-01  0.0000000E+00
 -0.3754092E+01  0.5988514E+00 -0.3411265E-02  0.0000000E+00
 -0.4418215E+01 -0.5769913E+00 -0.4542173E-01  0.0000000E+00
  0.6840346E+01  0.8087814E+00  0.2134215E+00  0.0000000E+00
 -0.5107083E+01 -0.3487063E+01 -0.5179272E+00  0.0000000E+00
  0.9822201E+01 -0.5277964E+00  0.2695935E+00  0.0000000E+00
  0.4449932E+01  0.1151936E+02  0.5610568E+00  0.0000000E+00
  0.6586975E+01  0.2215283E+01  0.2810095E+01  0.0000000E+00
  0.8215195E+01 -0.4889569E+01  0.4549000E+01  0.0000000E+00
  0.9196230E+01 -0.9166104E+01  0.5590025E+01  0.0000000E+00
  0.7670797E+00  0.7377010E-01  0.1037936E-01  0.0000000E+00
 -0.6756096E+00 -0.4175455E+00 -0.7984606E-01  0.0000000E+00
 -0.3636802E+00  0.7697437E+00  0.1117922E+00  0.0000000E+00
  0.1125920E+00 -0.1522011E+01 -0.9316595E-01  0.0000000E+00
  0.7100351E+01  0.2244287E+01 -0.4691455E-01  0.0000000E+00
 -0.1888685E+01 -0.2624435E+01  0.1975576E+00  0.0000000E+00
 -0.3084617E+01  0.5426903E+01  0.2288440E+00  0.0000000E+00
 -0.1810041E+01 -0.1612547E+02 -0.5167405E+00  0.0000000E+00
 -0.7971214E+01  0.1525251E+02  0.2235899E+01  0.0000000E+00
 -0.1271411E+02  0.3937815E+02  0.4362532E+01  0.0000000E+00
 -0.1555892E+02  0.5385645E+02  0.5636103E+01  0.0000000E+00
 -0.4185022E+00  0.4261728E-01 -0.6061518E-02  0.0000000E+00
 -0.4946808E+01  0.5117189E-01  0.4671887E-01  0.0000000E+00
  0.7674746E+01 -0.3815669E+00 -0.5101429E-02  0.0000000E+00
  0.5865184E+00  0.3922025E-01 -0.4737482E-01  0.0000000E+00
 -0.2931212E+01  0.9944406E+00 -0.1938617E+00  0.0000000E+00
 -0.7369317E+01  0.4987302E+00  0.7539610E+00  0.0000000E+00
 -0.4108900E+01  0.2670121E+01 -0.6896960E+00  0.0000000E+00
  0.3149765E+01  0.4414133E+01  0.1172067E+01  0.0000000E+00
  0.2821942E+01 -0.6129882E+01  0.2617376E+00  0.0000000E+00
  0.2580930E+01 -0.1419827E+02 -0.4398637E+00  0.0000000E+00
  0.2433418E+01 -0.1905037E+02 -0.8604716E+00  0.0000000E+00
 -0.6934432E+00  0.6183221E-01  0.3846827E-02  0.0000000E+00
 -0.9841894E+00  0.1791091E+00 -0.1255015E-01  0.0000000E+00
  0.2725011E+01 -0.2265118E+00  0.1226607E-01  0.0000000E+00
 -0.6120711E+01  0.3877947E+00 -0.5423143E-02  0.0000000E+00
  0.2079259E+01 -0.1450861E+01  0.1382097E+00  0.0000000E+00
  0.3595145E+01  0.1453332E+01 -0.1434196E+00  0.0000000E+00
 -0.2919570E+01 -0.1468147E+01  0.2936877E+00  0.0000000E+00
 -0.2727395E+01 -0.7591578E+00  0.4115368E+00  0.0000000E+00
 -0.4035625E+01  0.1508900E+01  0.2448654E+00  0.0000000E+00
 -0.5057970E+01  0.3272844E+01  0.1178858E+00  0.0000000E+00
 -0.5667207E+01  0.4326175E+01  0.4137611E-01  0.0000000E+00
 -0.1753071E+00  0.6869759E-01 -0.8034602E-02  0.0000000E+00
  0.1942709E+01 -0.4659981E+00  0.1431951E-01  0.0000000E+00
 -0.3181886E+01  0.6817871E+00 -0.5364071E-01  0.0000000E+00
  0.1011131E+01 -0.9839873E+00  0.2016702E+00  0.0000000E+00
  0.2316102E+00 -0.1686717E+01 -0.4205344E-01  0.0000000E+00
 -0.2067752E+01  0.1204746E+01 -0.2401400E+00  0.0000000E+00
 -0.3202744E+01  0.1646960E+01  0.1984543E+00  0.0000000E+00
 -0.8927772E+00  0.1542870E+01 -0.9994567E-01  0.0000000E+00
 -0.3813198E+00 -0.1525688E+01  0.1740848E+00  0.0000000E+00
  0.4231766E-01 -0.3903763E+01  0.3877578E+00  0.0000000E+00
  0.2885956E+00 -0.5325997E+01  0.5152092E+00  0.0000000E+00
  0.6603466E+01  0.3207291E+01  0.5873379E+00  0.0000000E+00
 -0.1648710E+02 -0.1111032E+02  0.5473911E+01  0.0000000E+00
  0.3525434E+02 -0.8067219E+01 -0.7610568E+01  0.0000000E+00
 -0.4956783E+02  0.2257253E+02  0.4999519E+01  0.0000000E+00
 -0.5854377E+00 -0.1125096E+02 -0.2955141E+01  0.0000000E+00
  0.2403545E+02  0.1095086E+02  0.1446044E+00  0.0000000E+00
  0.2179072E+02  0.4338426E+02  0.4836923E+00  0.0000000E+00
  0.2212391E+02  0.3579464E+02  0.3328204E+01  0.0000000E+00
  0.1444955E+02  0.4351949E+02  0.4337459E+01  0.0000000E+00
  0.8507991E+01  0.4943979E+02  0.5106960E+01  0.0000000E+00
  0.4953057E+01  0.5299780E+02  0.5570459E+01  0.0000000E+00
  0.7221363E+00  0.8056744E+01  0.7255942E+00  0.0000000E+00
 -0.1674507E+01 -0.2579723E+02  0.4845376E+01  0.0000000E+00
  0.9033896E+01  0.1666823E+02 -0.5965274E+01  0.0000000E+00
 -0.1753982E+02 -0.1413145E+02  0.5241085E+00  0.0000000E+00
 -0.2710610E+02 -0.2367035E+02 -0.3581019E+01  0.0000000E+00
  0.1732156E+02  0.3296255E+02  0.1503668E+01  0.0000000E+00
 -0.5677204E+01 -0.2027566E+02  0.1447311E+00  0.0000000E+00
  0.1083765E+02  0.3683535E+02  0.7308231E+01  0.0000000E+00
 -0.4874568E+01 -0.3352657E+02  0.3078253E+01  0.0000000E+00
 -0.1703490E+02 -0.8780279E+02 -0.1865641E+00  0.0000000E+00
 -0.2431172E+02 -0.1203288E+03 -0.2142565E+01  0.0000000E+00
  0.5620922E+00 -0.3836094E+00 -0.4626197E-01  0.0000000E+00
  0.1514566E+02  0.8895897E+01  0.5776060E+00  0.0000000E+00
 -0.1767823E+02 -0.1218463E+02  0.2587862E+01  0.0000000E+00
  0.1416161E+02  0.4541081E+02 -0.1969703E+01  0.0000000E+00
 -0.1283488E+02 -0.1386940E+02  0.5511166E+01  0.0000000E+00
  0.7011853E+01  0.1255095E+02  0.2308368E+01  0.0000000E+00
 -0.6791577E+00 -0.5737836E+01  0.5669064E+00  0.0000000E+00
  0.1274574E+01  0.6862538E+01  0.3182538E+01  0.0000000E+00
  0.1878454E+01 -0.2819125E+02 -0.2498444E+01  0.0000000E+00
  0.2336993E+01 -0.5521787E+02 -0.6892441E+01  0.0000000E+00
  0.2613678E+01 -0.7141755E+02 -0.9522549E+01  0.0000000E+00
 -0.1124971E+00 -0.1075300E+00  0.1576337E-01  0.0000000E+00
  0.8628776E+00  0.6526083E+00 -0.9171462E-01  0.0000000E+00
 -0.2348747E+01 -0.1066446E+01  0.1258643E+00  0.0000000E+00
  0.4517185E+01  0.2762707E+01 -0.1938553E+00  0.0000000E+00
 -0.1281222E+02 -0.4411351E+01  0.1467809E+00  0.0000000E+00
 -0.4528521E+00  0.4702184E+01  0.7239436E-02  0.0000000E+00
 -0.5722332E+01 -0.1164044E+02 -0.3165172E+00  0.0000000E+00
  0.2860012E+00  0.1418793E+01  0.7667678E-01  0.0000000E+00
 -0.5334339E+01  0.3806900E+01  0.3019671E+01  0.0000000E+00
 -0.9605745E+01  0.5709361E+01  0.5296567E+01  0.0000000E+00
 -0.1218212E+02  0.6833769E+01  0.6659292E+01  0.0000000E+00
 -0.7575860E+00 -0.2367364E+00  0.1664624E-02  0.0000000E+00
  0.1224065E+01  0.1274264E+01 -0.1639315E-01  0.0000000E+00
 -0.2481546E+01 -0.2141540E+01  0.3570237E-02  0.0000000E+00
  0.2279881E+00  0.3677102E+01 -0.2749776E-01  0.0000000E+00
 -0.5475227E+01 -0.3100732E+01 -0.1022820E+00  0.0000000E+00
  0.9693251E+01  0.4653986E+01  0.3462480E+00  0.0000000E+00
  0.1293442E+01 -0.3023619E+01 -0.4391623E+00  0.0000000E+00
  0.9423336E+00  0.1482924E+02  0.8435109E+00  0.0000000E+00
 -0.2148887E+01 -0.1576630E+02  0.1006985E+01  0.0000000E+00
 -0.4508961E+01 -0.3937935E+02  0.1132520E+01  0.0000000E+00
 -0.5929647E+01 -0.5352675E+02  0.1207897E+01  0.0000000E+00
  0.5930117E-01  0.8069939E-01 -0.1172401E-01  0.0000000E+00
  0.9823994E+00 -0.4833628E+00  0.3511374E-01  0.0000000E+00
 -0.2307554E+01  0.8728623E+00 -0.1343715E+00  0.0000000E+00
  0.4398435E+01 -0.1578367E+01  0.2793367E+00  0.0000000E+00
  0.5124709E+00  0.5605077E+00 -0.2956507E+00  0.0000000E+00
 -0.7033265E+00  0.1197431E+01  0.2094567E+00  0.0000000E+00
 -0.1387588E+01 -0.6855344E+01 -0.1122711E+01  0.0000000E+00
 -0.1274238E+01  0.1035659E+01  0.1115963E+01  0.0000000E+00
 -0.1227684E+01 -0.5837547E+00 -0.4796390E+00  0.0000000E+00
 -0.1216364E+01 -0.1911675E+01 -0.1703974E+01  0.0000000E+00
 -0.1203152E+01 -0.2686932E+01 -0.2439367E+01  0.0000000E+00
  0.9037062E+00  0.1580718E+00 -0.1335204E-01  0.0000000E+00
 -0.1070586E+01 -0.9309545E+00  0.4937392E-01  0.0000000E+00
  0.3397459E+01  0.1600050E+01 -0.7101450E-01  0.0000000E+00
 -0.1638905E+01 -0.3835476E+01  0.1666168E+00  0.0000000E+00
  0.1493157E+01  0.2113703E+01 -0.1019690E+00  0.0000000E+00
  0.2929877E+01 -0.5309962E+00 -0.1408560E-01  0.0000000E+00
 -0.5793578E+01 -0.1709614E+01 -0.4394823E+00  0.0000000E+00
  0.1681752E+01 -0.5055805E+01  0.1120526E+00  0.0000000E+00
 -0.2432596E+01 -0.2807928E+00  0.1218606E+00  0.0000000E+00
 -0.5581993E+01  0.3412379E+01  0.1298740E+00  0.0000000E+00
 -0.7475678E+01  0.5623020E+01  0.1345616E+00  0.0000000E+00
  0.8758837E-01 -0.1415949E+00 -0.1346347E-01  0.0000000E+00
 -0.1334214E+01  0.7460666E+00  0.2719293E-01  0.0000000E+00
  0.3403128E+01 -0.1330186E+01 -0.5607672E-02  0.0000000E+00
 -0.8064850E+01  0.2181455E+01 -0.5130786E-01  0.0000000E+00
  0.8850665E+01 -0.4827853E+00  0.3923347E-02  0.0000000E+00
 -0.2634065E+01 -0.9030714E-01  0.2959221E+00  0.0000000E+00
  0.2635231E+01  0.1072244E+01 -0.3932950E+00  0.0000000E+00
 -0.1832299E+01  0.4146171E+01 -0.3682774E-01  0.0000000E+00
  0.1893131E+01  0.7089994E+00 -0.4356305E+00  0.0000000E+00
  0.4742202E+01 -0.1974082E+01 -0.7407969E+00  0.0000000E+00
  0.6456001E+01 -0.3573709E+01 -0.9243168E+00  0.0000000E+00
  0.1031630E+00 -0.3392122E-01 -0.6013302E-02  0.0000000E+00
 -0.7940925E+00  0.2502677E+00 -0.1093950E-01  0.0000000E+00
 -0.8492584E+00 -0.6736957E+00 -0.1116420E-01  0.0000000E+00
  0.4912514E-01  0.1175461E+01  0.6532908E-01  0.0000000E+00
  0.2814620E+01 -0.1772236E+01 -0.1813209E+00  0.0000000E+00
  0.3578747E+01  0.1552365E+01  0.3463515E+00  0.0000000E+00
 -0.2417985E+01 -0.1410575E+00 -0.9616623E+00  0.0000000E+00
  0.7212937E+00 -0.8975240E+00  0.3233512E+00  0.0000000E+00
  0.9071549E+00 -0.1197564E+01 -0.3805764E+00  0.0000000E+00
  0.1065449E+01 -0.1439852E+01 -0.9198506E+00  0.0000000E+00
  0.1156405E+01 -0.1582217E+01 -0.1243990E+01  0.0000000E+00
  0.6051508E+00  0.9048152E+00 -0.4564468E+00  0.0000000E+00
  0.2157258E+01  0.4311516E+01 -0.4956637E+00  0.0000000E+00
 -0.2184097E+02 -0.1322933E+02 -0.1226188E+01  0.0000000E+00
  0.1781460E+02  0.3350301E+02  0.2951969E+01  0.0000000E+00
 -0.2462399E+02 -0.2103961E+02 -0.6456129E+01  0.0000000E+00
 -0.6157137E+01  0.3907413E+01  0.1400628E+01  0.0000000E+00
 -0.8788702E+01 -0.1339182E+02 -0.4004763E+00  0.0000000E+00
  0.5982691E+01  0.1558782E+02  0.7185629E+00  0.0000000E+00
  0.7791259E+01 -0.7418171E+01 -0.8138458E-01  0.0000000E+00
  0.9241248E+01 -0.2512276E+02 -0.6910247E+00  0.0000000E+00
  0.1009582E+02 -0.3574354E+02 -0.1058303E+01  0.0000000E+00
 -0.1209156E+01  0.1721181E+01 -0.8342990E+00  0.0000000E+00
 -0.4965528E+01 -0.3913548E+01  0.7837655E+00  0.0000000E+00
 -0.8864766E+01 -0.3996664E+01 -0.1481937E+01  0.0000000E+00
 -0.5900101E+01  0.3532475E+02  0.5776671E+01  0.0000000E+00
 -0.1052458E+02 -0.1448036E+02 -0.7911106E+01  0.0000000E+00
 -0.5268569E+01  0.8081383E+01  0.9482818E+00  0.0000000E+00
  0.1157447E+01 -0.1273882E+02 -0.8981474E-01  0.0000000E+00
 -0.2428868E+01  0.1801630E+01 -0.3195187E+00  0.0000000E+00
 -0.1842945E+01  0.3538280E+01 -0.5146888E+00  0.0000000E+00
 -0.1319957E+01  0.4965624E+01 -0.6624423E+00  0.0000000E+00
 -0.1025105E+01  0.5798080E+01 -0.7517183E+00  0.0000000E+00
  0.1121182E+01  0.1425771E+01  0.4464091E+00  0.0000000E+00
  0.2224461E-01 -0.2913200E+01 -0.6948293E-01  0.0000000E+00
 -0.7310764E+01  0.8284513E+01 -0.8611155E+00  0.0000000E+00
  0.9428572E+01 -0.8952636E+01  0.3202230E+01  0.0000000E+00
  0.2121519E+01 -0.1931724E+01 -0.4405231E-01  0.0000000E+00
 -0.6115314E+01 -0.1662822E+01  0.5626370E+00  0.0000000E+00
  0.7625867E+01 -0.2497694E+01 -0.8298973E+00  0.0000000E+00
  0.5299037E+00  0.5987507E+01 -0.2766747E+00  0.0000000E+00
  0.3294935E+01 -0.3840767E+01  0.6048416E+00  0.0000000E+00
  0.5407746E+01 -0.1146659E+02  0.1284596E+01  0.0000000E+00
  0.6679119E+01 -0.1602495E+02  0.1692015E+01  0.0000000E+00
 -0.3544196E+00  0.1759759E+00  0.6727719E-03  0.0000000E+00
 -0.2137926E+01 -0.9390378E+00  0.2000339E-01  0.0000000E+00
  0.3102205E+01  0.1541976E+01 -0.3976267E-01  0.0000000E+00
 -0.4210115E+01 -0.2651223E+01  0.1089321E+00  0.0000000E+00
  0.6021607E+01  0.4099549E+01 -0.3117420E-01  0.0000000E+00
 -0.4936716E+01 -0.2955906E+01 -0.7245149E-01  0.0000000E+00
 -0.1505380E+01  0.1907184E+00 -0.2276730E+00  0.0000000E+00
  0.1263606E+01 -0.8822341E+01  0.9105178E+00  0.0000000E+00
 -0.4449208E+01 -0.6587278E+00 -0.1973981E+01  0.0000000E+00
 -0.8806545E+01  0.5614246E+01 -0.4201072E+01  0.0000000E+00
 -0.1143067E+02  0.9379758E+01 -0.5535171E+01  0.0000000E+00
 -0.9203784E+00  0.2550529E-02  0.4282966E-02  0.0000000E+00
  0.3233967E+01 -0.4101705E-01 -0.3528001E-01  0.0000000E+00
 -0.2608403E+01  0.4889331E-01  0.4417058E-01  0.0000000E+00
 -0.4828015E+00 -0.4683203E+00 -0.9574226E-01  0.0000000E+00
 -0.1603260E+01  0.1138244E+01  0.1347695E+00  0.0000000E+00
 -0.7071420E+01 -0.2264829E+01 -0.9204005E-01  0.0000000E+00
 -0.7716695E+00  0.8069310E-01  0.5152267E-01  0.0000000E+00
  0.1228024E+01 -0.1713843E+01  0.3349460E+00  0.0000000E+00
 -0.3545997E+01  0.2356000E+01 -0.2060977E+00  0.0000000E+00
 -0.7228140E+01  0.5510875E+01 -0.6206909E+00  0.0000000E+00
 -0.9434882E+01  0.7397452E+01 -0.8698651E+00  0.0000000E+00
  0.8288455E+00 -0.7174276E-01 -0.1437184E-02  0.0000000E+00
 -0.1103671E+01  0.4805898E+00 -0.1355071E-01  0.0000000E+00
 -0.5565936E+00 -0.9635103E+00  0.2127833E-01  0.0000000E+00
 -0.3396233E+00  0.2237115E+01  0.1016090E-01  0.0000000E+00
  0.4631922E+01 -0.7027439E+00 -0.7970806E-01  0.0000000E+00
 -0.9813058E+00 -0.1375459E+01  0.2636928E+00  0.0000000E+00
  0.1876913E+01  0.7158419E+01 -0.1861137E-01  0.0000000E+00
 -0.8362487E+00 -0.2193649E+01  0.8142109E-01  0.0000000E+00
  0.1885366E+01 -0.4615569E+00  0.3252753E+00  0.0000000E+00
  0.3998608E+01  0.8724680E+00  0.5075720E+00  0.0000000E+00
  0.5261396E+01  0.1672441E+01  0.6183305E+00  0.0000000E+00
  0.1158338E+01  0.3010823E-01 -0.3595020E-02  0.0000000E+00
 -0.3213520E+01 -0.2140018E+00 -0.5998159E-02  0.0000000E+00
  0.2439899E+01  0.4474323E+00 -0.2972308E-02  0.0000000E+00
  0.1580031E+01 -0.5321284E+00 -0.4596890E-01  0.0000000E+00
  0.1189630E+01  0.2702338E+00  0.3754146E-01  0.0000000E+00
 -0.3747711E+01 -0.1807939E+00 -0.1095363E+00  0.0000000E+00
  0.1662910E+01  0.1560736E+01  0.5887504E+00  0.0000000E+00
 -0.2888169E-01 -0.3439070E+01  0.8788285E-01  0.0000000E+00
 -0.8475682E-01 -0.6788519E+01 -0.2152996E+00  0.0000000E+00
 -0.1088105E+00 -0.9377395E+01 -0.4497623E+00  0.0000000E+00
 -0.1281914E+00 -0.1092748E+02 -0.5901151E+00  0.0000000E+00
 -0.4571948E+00  0.3975630E-01 -0.8458165E-02  0.0000000E+00
  0.1618112E+01 -0.3578461E+00  0.1320531E-01  0.0000000E+00
  0.6523978E+00  0.8900661E+00 -0.4527848E-01  0.0000000E+00
 -0.2437092E+00 -0.2207210E+01  0.6054276E-01  0.0000000E+00
 -0.4698656E+01  0.8882501E+00 -0.3417229E-01  0.0000000E+00
  0.1386654E+00 -0.6316858E+00  0.4598118E-01  0.0000000E+00
  0.1196266E+01  0.2686975E+00 -0.5010396E+00  0.0000000E+00
  0.1033590E+01  0.1389125E+01  0.5417806E+00  0.0000000E+00
  0.5662784E-01  0.4501113E+01 -0.1080914E+00  0.0000000E+00
 -0.6929713E+00  0.6920126E+01 -0.6085807E+00  0.0000000E+00
 -0.1143233E+01  0.8364953E+01 -0.9087197E+00  0.0000000E+00
 -0.9185212E-01 -0.5372134E-01 -0.2660451E-02  0.0000000E+00
  0.6015913E+00  0.3115771E+00  0.5274866E-02  0.0000000E+00
 -0.2001844E+01 -0.7448452E+00  0.1827070E-01  0.0000000E+00
  0.2632716E+00  0.4939115E+00 -0.4910482E-02  0.0000000E+00
 -0.4205587E+00  0.3215534E+00  0.8801494E-01  0.0000000E+00
 -0.2882707E+00 -0.1995620E+00 -0.2119258E+00  0.0000000E+00
 -0.2325527E-02  0.2089993E+01  0.5476602E+00  0.0000000E+00
 -0.1936471E+01 -0.7142858E+00 -0.7253133E-01  0.0000000E+00
 -0.1577928E+00  0.2393253E+01  0.1627186E-02  0.0000000E+00
  0.1188823E+01  0.4800980E+01  0.5621937E-01  0.0000000E+00
  0.2002429E+01  0.6241085E+01  0.8961442E-01  0.0000000E+00
  0.1781883E+01 -0.3157373E+01  0.4019359E+00  0.0000000E+00
 -0.1984255E+02  0.7606361E+01  0.5665585E+00  0.0000000E+00
  0.5707520E+00 -0.1303236E+02  0.1200959E+01  0.0000000E+00
 -0.1315644E+02  0.1538804E+02 -0.4328385E+01  0.0000000E+00
  0.2360447E+02  0.7027562E+01  0.4451649E+01  0.0000000E+00
 -0.6702919E+01 -0.8319426E+01 -0.3176521E+01  0.0000000E+00
 -0.6054736E+01  0.5510111E+01  0.4028344E+00  0.0000000E+00
 -0.8818926E+01 -0.2017513E+02 -0.7892306E+00  0.0000000E+00
 -0.6105841E+01 -0.6984340E+01  0.2191202E+00  0.0000000E+00
 -0.4080843E+01  0.3027360E+01  0.9844647E+00  0.0000000E+00
 -0.2849665E+01  0.9069665E+01  0.1446378E+01  0.0000000E+00
  0.4247734E+01 -0.5211778E+01  0.6412273E+00  0.0000000E+00
 -0.8957679E+01  0.1957172E+02  0.9019538E+00  0.0000000E+00
 -0.5961409E+01 -0.3121456E+02 -0.6985615E+00  0.0000000E+00
 -0.5904756E+01  0.4686014E+02 -0.4723941E+01  0.0000000E+00
  0.2715300E+02 -0.5065112E+01  0.1424075E+01  0.0000000E+00
 -0.8082404E+00 -0.6927457E+00 -0.1707925E+01  0.0000000E+00
  0.4337447E+01  0.1172992E+02  0.1545026E+01  0.0000000E+00
 -0.9426587E+01 -0.1232144E+02  0.1336962E+01  0.0000000E+00
 -0.6579384E+00 -0.4298286E+01  0.1247804E+01  0.0000000E+00
  0.5994844E+01  0.1827071E+01  0.1168510E+01  0.0000000E+00
  0.1001066E+02  0.5514409E+01  0.1123752E+01  0.0000000E+00
 -0.7203314E-01 -0.3798592E+00 -0.6292962E+00  0.0000000E+00
 -0.7082079E+01  0.7343281E+01  0.2115337E+01  0.0000000E+00
  0.4312262E+01 -0.1248011E+02 -0.1263970E+00  0.0000000E+00
 -0.3910808E+01  0.8946784E-01 -0.1760643E+00  0.0000000E+00
 -0.3324936E+01 -0.9929684E+01  0.2776578E-01  0.0000000E+00
 -0.1422923E+01  0.3960117E+01 -0.1391104E+00  0.0000000E+00
 -0.2084821E+01  0.3991860E+01 -0.3988173E+00  0.0000000E+00
 -0.2052465E+01 -0.7936986E+01 -0.2584579E+00  0.0000000E+00
 -0.3170050E+01  0.1700411E+01 -0.1312445E+01  0.0000000E+00
 -0.4081027E+01  0.9145341E+01 -0.2130270E+01  0.0000000E+00
 -0.4614208E+01  0.1360407E+02 -0.2619113E+01  0.0000000E+00
  0.3214993E+00  0.1316131E+00  0.2690199E-02  0.0000000E+00
 -0.8153113E+00 -0.5778097E+00 -0.4837980E-02  0.0000000E+00
  0.1156237E+01  0.1054520E+01 -0.2857565E-02  0.0000000E+00
 -0.1548151E+01 -0.1946718E+01  0.3375107E-02  0.0000000E+00
  0.8906696E+01  0.3588791E+01 -0.2163579E-01  0.0000000E+00
 -0.5535325E+00 -0.1660367E+01 -0.8152625E-01  0.0000000E+00
  0.6864606E+00 -0.2021942E+01 -0.3972474E+00  0.0000000E+00
 -0.2518753E+01  0.2637393E+01  0.3568948E+00  0.0000000E+00
 -0.5482445E+00  0.3045008E+00  0.6734632E+00  0.0000000E+00
  0.9641320E+00 -0.1459458E+01  0.9143306E+00  0.0000000E+00
  0.1872442E+01 -0.2525826E+01  0.1059543E+01  0.0000000E+00
 -0.2246183E+00  0.1711071E-01  0.1466110E-02  0.0000000E+00
 -0.4423526E+00 -0.7470565E-01  0.1876430E-01  0.0000000E+00
  0.3237386E+00  0.2106434E+00 -0.3284819E-01  0.0000000E+00
 -0.1767855E+01 -0.7056213E+00  0.4869699E-01  0.0000000E+00
  0.1296114E+01  0.1265607E+01 -0.6762776E-01  0.0000000E+00
 -0.9001959E+00 -0.2231278E+01  0.1632738E+00  0.0000000E+00
 -0.3872299E+00  0.7196188E+00 -0.6214819E+00  0.0000000E+00
 -0.3025435E+01 -0.3796303E+01  0.4991105E+00  0.0000000E+00
  0.7368043E+00 -0.8192218E+01 -0.1710585E+00  0.0000000E+00
  0.3633838E+01 -0.1159969E+02 -0.6898998E+00  0.0000000E+00
  0.5371266E+01 -0.1363738E+02 -0.1000334E+01  0.0000000E+00
  0.1494316E-01 -0.3429183E-01 -0.5558558E-02  0.0000000E+00
 -0.1824497E+00  0.2097718E+00  0.3489166E-02  0.0000000E+00
  0.4681911E+00 -0.7240955E+00 -0.2505196E-01  0.0000000E+00
 -0.1890731E+01  0.7184478E+00  0.5428314E-01  0.0000000E+00
  0.4204450E+00  0.7457210E+00 -0.2771196E-02  0.0000000E+00
  0.2863155E+01 -0.7254990E+00  0.1009375E+00  0.0000000E+00
 -0.3396860E+00  0.1941284E+01  0.1225196E+00  0.0000000E+00
 -0.1293858E+01 -0.4241686E+01  0.2169501E+00  0.0000000E+00
 -0.6980609E+00 -0.1244487E+01  0.2360227E+00  0.0000000E+00
 -0.2459423E+00  0.1083781E+01  0.2524395E+00  0.0000000E+00
  0.2694146E-01  0.2474794E+01  0.2618326E+00  0.0000000E+00
  0.4431669E+00 -0.2083270E-01 -0.6930291E-02  0.0000000E+00
 -0.1010010E+01  0.1553008E-01  0.3254048E-01  0.0000000E+00
  0.1925538E+01 -0.8147258E-01 -0.1174398E-01  0.0000000E+00
  0.1568202E+00  0.7800415E+00  0.3164260E-01  0.0000000E+00
  0.3149842E+01 -0.5258281E+00 -0.1039292E+00  0.0000000E+00
  0.5640104E+00 -0.9546949E+00  0.2316011E+00  0.0000000E+00
 -0.3335996E+00  0.7182238E+00 -0.5234438E+00  0.0000000E+00
 -0.4599683E+00  0.1212575E+01  0.2216714E+00  0.0000000E+00
  0.6225660E+00  0.4903825E+00 -0.1991863E+00  0.0000000E+00
  0.1496500E+01 -0.3312043E-01 -0.5265944E+00  0.0000000E+00
  0.2010074E+01 -0.3555880E+00 -0.7220788E+00  0.0000000E+00
  0.1061333E+00  0.4359642E-01  0.5064845E-02  0.0000000E+00
 -0.6928601E+00 -0.4380878E+00 -0.3080357E-01  0.0000000E+00
  0.3333964E+00  0.1003858E+01  0.7610361E-01  0.0000000E+00
  0.3940729E+00 -0.1037589E+01 -0.1321362E+00  0.0000000E+00
  0.6930559E+00 -0.1250322E+01  0.1131096E+00  0.0000000E+00
  0.5791776E+00  0.5833426E+00 -0.2274272E+00  0.0000000E+00
 -0.2242102E+01  0.2204444E+01  0.4340032E-01  0.0000000E+00
  0.4429269E+00 -0.2736244E+01  0.3153956E+00  0.0000000E+00
 -0.2394347E+01 -0.2594108E+01 -0.1261080E+00  0.0000000E+00
 -0.4585235E+01 -0.2484207E+01 -0.4674930E+00  0.0000000E+00
 -0.5897579E+01 -0.2418402E+01 -0.6718626E+00  0.0000000E+00
 -0.1334891E+00 -0.2220766E-01  0.6800570E-02  0.0000000E+00
 -0.4749717E-01  0.1846903E+00 -0.3895235E-01  0.0000000E+00
  0.2261797E+00 -0.3712621E+00  0.6329257E-01  0.0000000E+00
 -0.1545061E+01  0.1009778E+01 -0.4689681E-01  0.0000000E+00
  0.4703790E+01  0.4735806E+00  0.3145270E-01  0.0000000E+00
 -0.1799818E+01  0.8189269E+00 -0.8714859E-01  0.0000000E+00
 -0.1435773E+00  0.7278085E+00 -0.4676372E-01  0.0000000E+00
  0.9560195E+00  0.2057754E+01  0.3139526E-01  0.0000000E+00
 -0.1247004E+01 -0.2005189E+01  0.4201939E+00  0.0000000E+00
 -0.2936336E+01 -0.5105649E+01  0.7214648E+00  0.0000000E+00
 -0.3951317E+01 -0.6972426E+01  0.9016538E+00  0.0000000E+00
  0.6511938E+00 -0.1934509E+01  0.6698408E-01  0.0000000E+00
  0.1021362E+01  0.2380233E+01 -0.5728616E+00  0.0000000E+00
 -0.4562609E+01 -0.1156943E+02  0.3583911E+00  0.0000000E+00
  0.1130321E+02  0.2662793E+02  0.3233635E+00  0.0000000E+00
  0.1619297E+01 -0.1737856E+02 -0.3912199E+01  0.0000000E+00
  0.1114664E+01  0.2731202E+01  0.1592071E+01  0.0000000E+00
 -0.4645894E+01 -0.5783130E+01  0.8499310E-01  0.0000000E+00
  0.1262958E+01  0.3203157E+01 -0.4522246E+00  0.0000000E+00
 -0.9037497E-01  0.5361986E+01  0.4425993E+00  0.0000000E+00
 -0.1128941E+01  0.7110128E+01  0.1136232E+01  0.0000000E+00
 -0.1752766E+01  0.8136110E+01  0.1551022E+01  0.0000000E+00
  0.1185098E+01 -0.3907064E+01 -0.1365480E+00  0.0000000E+00
 -0.3476848E+01  0.9627946E+01  0.3437773E+00  0.0000000E+00
 -0.2584793E+01 -0.2748223E+02 -0.1132423E+00  0.0000000E+00
  0.5053920E+01  0.5401356E+02  0.1021798E+01  0.0000000E+00
  0.8020210E+01 -0.2410135E+02 -0.5016148E+01  0.0000000E+00
 -0.4547723E+01  0.4200788E+01  0.1700423E+01  0.0000000E+00
 -0.4586067E+01 -0.1033716E+02  0.2570176E+00  0.0000000E+00
 -0.1095519E+01  0.1812386E+01 -0.3472270E+00  0.0000000E+00
 -0.3322971E+01 -0.3174173E+01  0.1918520E+00  0.0000000E+00
 -0.5005859E+01 -0.6986006E+01  0.6099776E+00  0.0000000E+00
 -0.6023631E+01 -0.9279447E+01  0.8599491E+00  0.0000000E+00
 -0.1023675E+01 -0.3357278E+00 -0.1120213E+00  0.0000000E+00
  0.4302652E+01 -0.1039852E+01 -0.6713879E+00  0.0000000E+00
 -0.7468181E+01 -0.2641814E+01 -0.7907422E+00  0.0000000E+00
  0.3028995E+01  0.1253979E+02  0.1171317E+01  0.0000000E+00
 -0.2904199E+01  0.2973226E+01 -0.7723251E+00  0.0000000E+00
 -0.7541828E+00 -0.4762245E+01  0.8561490E-01  0.0000000E+00
 -0.3816855E+01 -0.1838334E+01  0.4380829E+00  0.0000000E+00
  0.3957588E+00  0.4355689E+00 -0.6609050E+00  0.0000000E+00
 -0.1310221E+01 -0.2145347E+01  0.5037021E+00  0.0000000E+00
 -0.2625688E+01 -0.4109917E+01  0.1402262E+01  0.0000000E+00
 -0.3414145E+01 -0.5294101E+01  0.1940693E+01  0.0000000E+00
  0.1846588E+00  0.6634484E-01 -0.5290015E-03  0.0000000E+00
 -0.2994997E+00 -0.1646390E+00 -0.5646988E-02  0.0000000E+00
 -0.5441472E+00  0.2793052E+00 -0.3505383E-02  0.0000000E+00
  0.1376803E+01 -0.1243699E+01  0.1891273E-01  0.0000000E+00
  0.4761449E+01  0.5403944E+00 -0.1617441E-01  0.0000000E+00
 -0.3872505E+01  0.9295549E+00  0.7099680E-01  0.0000000E+00
  0.1964615E+01 -0.6568544E+00  0.8915883E-01  0.0000000E+00
  0.1016834E+01  0.3777058E+00 -0.1459987E-02  0.0000000E+00
  0.3447754E+01  0.1517689E+01  0.1250429E+00  0.0000000E+00
  0.5319759E+01  0.2367588E+01  0.2220815E+00  0.0000000E+00
  0.6442412E+01  0.2884587E+01  0.2803749E+00  0.0000000E+00
  0.5460234E-01 -0.3303017E-01  0.2862465E-02  0.0000000E+00
 -0.6669875E+00  0.2175522E+00 -0.1157119E-01  0.0000000E+00
  0.9127427E+00 -0.3875613E+00  0.2547312E-01  0.0000000E+00
 -0.8616070E+00  0.8014057E+00 -0.5381240E-01  0.0000000E+00
  0.1012429E+01  0.1045257E+00  0.7231684E-01  0.0000000E+00
 -0.7490872E+00 -0.3383675E+00  0.9528932E-03  0.0000000E+00
 -0.1058167E+01  0.1420427E+01  0.4839951E-01  0.0000000E+00
  0.3368950E+01 -0.2081103E+01  0.4587987E+00  0.0000000E+00
  0.1504793E+01  0.3549017E+01 -0.3534422E+00  0.0000000E+00
  0.1069133E+00  0.7920302E+01 -0.9783930E+00  0.0000000E+00
 -0.7412635E+00  0.1053250E+02 -0.1353325E+01  0.0000000E+00
 -0.4582297E-01  0.8564397E-02 -0.8895251E-02  0.0000000E+00
 -0.3856952E+00 -0.3596375E-01  0.3604729E-01  0.0000000E+00
  0.1179565E+01  0.1940116E+00 -0.5741178E-01  0.0000000E+00
 -0.1363573E+01  0.2265139E+00 -0.5368993E-02  0.0000000E+00
 -0.1567663E+01  0.8431424E-01 -0.4824611E-01  0.0000000E+00
 -0.1739936E+01  0.1887432E+00  0.7176309E-01  0.0000000E+00
 -0.2763763E+00  0.1026839E+01 -0.6602014E-01  0.0000000E+00
  0.1951506E+01  0.2406304E+01  0.1323013E-01  0.0000000E+00
  0.6659231E+00  0.1467057E+01 -0.5254449E-01  0.0000000E+00
 -0.3334427E+00  0.7566688E+00 -0.1038291E+00  0.0000000E+00
 -0.9303279E+00  0.3272801E+00 -0.1344184E+00  0.0000000E+00
 -0.3418547E+00 -0.4818099E-01  0.4983974E-02  0.0000000E+00
  0.2405192E+00  0.7607926E-01 -0.2605701E-01  0.0000000E+00
  0.3576390E+00 -0.1956756E+00  0.4603666E-02  0.0000000E+00
 -0.1149456E+01  0.6491484E+00  0.4970024E-01  0.0000000E+00
  0.2638581E+01 -0.6244779E+00 -0.3018557E-01  0.0000000E+00
 -0.2499254E+01  0.7486974E+00 -0.6893193E-01  0.0000000E+00
  0.1302845E+01  0.6945645E+00  0.1112000E+00  0.0000000E+00
  0.2865087E+00  0.3303179E+01  0.1411879E+00  0.0000000E+00
  0.3246231E+00 -0.1479693E+00  0.6847217E+00  0.0000000E+00
  0.3342815E+00 -0.2810965E+01  0.1104351E+01  0.0000000E+00
  0.3452226E+00 -0.4406594E+01  0.1355730E+01  0.0000000E+00
  0.4507946E-01  0.1267293E-01  0.4889507E-02  0.0000000E+00
  0.5931886E+00 -0.2083194E+00 -0.1193710E-01  0.0000000E+00
 -0.1028997E+01  0.2865172E+00  0.3433189E-01  0.0000000E+00
  0.2627370E+00 -0.1945208E+00 -0.1669728E-01  0.0000000E+00
 -0.2662087E+01  0.1710266E-01  0.6437425E-03  0.0000000E+00
  0.3165027E+00 -0.5531259E+00  0.1625291E-01  0.0000000E+00
 -0.1187691E+01 -0.3900964E+00 -0.1955169E+00  0.0000000E+00
  0.2393718E+00 -0.1630271E+01  0.2245166E+00  0.0000000E+00
 -0.7326331E+00  0.1872295E+01 -0.2527801E+00  0.0000000E+00
 -0.1468918E+01  0.4563930E+01 -0.6188679E+00  0.0000000E+00
 -0.1913674E+01  0.6179599E+01 -0.8387985E+00  0.0000000E+00
  0.2483252E+00  0.2751098E-01 -0.5296593E-02  0.0000000E+00
  0.1228938E+00 -0.1532430E+00  0.3446792E-01  0.0000000E+00
 -0.4402778E+00  0.2142042E+00 -0.2624682E-01  0.0000000E+00
  0.5173707E+00 -0.7450208E+00 -0.1677828E-01  0.0000000E+00
  0.4482776E+00 -0.5436065E+00  0.2443303E-01  0.0000000E+00
 -0.2450814E+01  0.4930276E+00 -0.2837326E-01  0.0000000E+00
  0.6314227E+00 -0.1693948E+01  0.2971168E-01  0.0000000E+00
 -0.1145059E+01  0.1582287E+01  0.2250488E+00  0.0000000E+00
  0.7448107E-01  0.2722884E+00 -0.5244318E-01  0.0000000E+00
  0.1000190E+01 -0.7226578E+00 -0.2645918E+00  0.0000000E+00
  0.1558856E+01 -0.1322956E+01 -0.3922225E+00  0.0000000E+00
 -0.1302903E+00 -0.6903573E+00  0.2931777E-01  0.0000000E+00
 -0.4061398E+01  0.8283208E+01  0.4271220E+00  0.0000000E+00
  0.4487936E+01 -0.1196954E+02  0.3622568E+00  0.0000000E+00
  0.3899100E+01  0.1846425E+02 -0.2950888E+01  0.0000000E+00
  0.3587415E+00 -0.4262185E+00  0.1628205E+01  0.0000000E+00
  0.2035226E+01 -0.1713603E+01 -0.2722260E+00  0.0000000E+00
  0.9091636E+00 -0.1094172E+01 -0.1013035E+00  0.0000000E+00
 -0.4516841E+00  0.2001100E+01  0.2668064E+00  0.0000000E+00
 -0.7215544E+00  0.1714344E+01 -0.2775310E+00  0.0000000E+00
 -0.9029617E+00  0.1520732E+01 -0.6996259E+00  0.0000000E+00
 -0.1018654E+01  0.1397507E+01 -0.9519967E+00  0.0000000E+00
 -0.2804820E+00 -0.8050523E+00  0.2268523E+00  0.0000000E+00
 -0.3663074E+01  0.1155855E+02 -0.1167696E+00  0.0000000E+00
  0.3483346E+01 -0.1809881E+02  0.1129332E+00  0.0000000E+00
 -0.6173042E+00  0.2867049E+02 -0.1786323E+01  0.0000000E+00
  0.1876334E+01 -0.4350452E+01  0.4339167E+00  0.0000000E+00
  0.8850627E+00 -0.2651193E+01  0.7261059E+00  0.0000000E+00
  0.2498962E+01 -0.2872778E+01 -0.6428416E+00  0.0000000E+00
  0.3155730E+01  0.4475745E+01  0.6064698E+00  0.0000000E+00
  0.2150429E+01  0.3772704E+01 -0.1677991E-01  0.0000000E+00
  0.1420846E+01  0.3258833E+01 -0.5011676E+00  0.0000000E+00
  0.9716571E+00  0.2943482E+01 -0.7905000E+00  0.0000000E+00
  0.9438932E-02 -0.1746003E+00 -0.8044060E-01  0.0000000E+00
 -0.1260744E+01 -0.4584502E+01  0.3980263E+00  0.0000000E+00
 -0.1688021E+01  0.7684751E+01  0.1657749E+00  0.0000000E+00
  0.5798681E+00 -0.2068843E+02  0.4808318E+00  0.0000000E+00
  0.1001641E+01  0.3777690E+01 -0.4101196E+00  0.0000000E+00
  0.6284624E+00 -0.2593191E+01  0.3307881E+00  0.0000000E+00
  0.4172974E+01 -0.2273149E+00 -0.3229721E+00  0.0000000E+00
 -0.9484714E+00  0.1101223E+01  0.6431592E+00  0.0000000E+00
 -0.4828283E+00  0.3759818E+01 -0.1080074E+00  0.0000000E+00
 -0.1321129E+00  0.5834047E+01 -0.6891259E+00  0.0000000E+00
  0.8026609E-01  0.7070957E+01 -0.1036932E+01  0.0000000E+00
 -0.1111407E-01 -0.2223029E-01  0.1775961E-02  0.0000000E+00
  0.2521367E+00  0.3162275E+00 -0.2130613E-01  0.0000000E+00
  0.5558177E+00 -0.7140381E+00  0.1972251E-01  0.0000000E+00
 -0.8536872E+00  0.1580709E+01 -0.2940900E-01  0.0000000E+00
 -0.2998664E+01 -0.1741588E+01 -0.3063503E-01  0.0000000E+00
  0.2966553E+01  0.1304382E+01  0.4839764E-01  0.0000000E+00
 -0.1314942E+01 -0.4520333E+01 -0.3707756E+00  0.0000000E+00
  0.7587579E+00  0.2219075E+01  0.7777072E+00  0.0000000E+00
 -0.1540946E+01 -0.3617224E+01 -0.1190916E+00  0.0000000E+00
 -0.3300179E+01 -0.8150881E+01 -0.8140691E+00  0.0000000E+00
 -0.4358277E+01 -0.1085951E+02 -0.1229715E+01  0.0000000E+00
 -0.4462430E+00  0.4558577E-01 -0.2257845E-02  0.0000000E+00
  0.8764733E+00 -0.2291407E+00 -0.9831801E-02  0.0000000E+00
 -0.1721769E+01  0.5089940E+00 -0.2167928E-01  0.0000000E+00
  0.2237325E+01 -0.1046270E+01  0.2682783E-01  0.0000000E+00
  0.1144109E+01  0.7057349E+00  0.1895516E-02  0.0000000E+00
 -0.8461511E+00  0.7441663E+00 -0.1793146E-01  0.0000000E+00
  0.2492688E+01  0.5644474E+00 -0.5490312E-01  0.0000000E+00
 -0.1306210E+01  0.3716031E+00 -0.6482764E-01  0.0000000E+00
 -0.8180286E+00  0.3090816E+01 -0.1028272E+00  0.0000000E+00
 -0.4488709E+00  0.5223106E+01 -0.1300415E+00  0.0000000E+00
 -0.2257016E+00  0.6491869E+01 -0.1468976E+00  0.0000000E+00
  0.6760072E-01  0.2967673E-01 -0.1477241E-01  0.0000000E+00
 -0.1369327E+00 -0.9166189E-01  0.4462161E-01  0.0000000E+00
  0.7806206E+00  0.2749565E+00 -0.7626263E-01  0.0000000E+00
 -0.2247573E+01 -0.7402364E+00  0.8501080E-01  0.0000000E+00
  0.2199917E+01 -0.1009876E+00 -0.1265681E-01  0.0000000E+00
  0.9373750E+00 -0.1529177E+00  0.1801351E-01  0.0000000E+00
 -0.2385211E+00  0.1140017E+01  0.1306964E+00  0.0000000E+00
 -0.8482722E+00  0.1492084E+01  0.1986770E+00  0.0000000E+00
  0.5545450E+00 -0.1474121E+01  0.5110711E-01  0.0000000E+00
  0.1647240E+01 -0.3781026E+01 -0.6497648E-01  0.0000000E+00
  0.2299300E+01 -0.5158581E+01 -0.1339549E+00  0.0000000E+00
  0.3447544E+00 -0.6401336E-01  0.1014206E-02  0.0000000E+00
 -0.3258350E+00  0.2141076E+00 -0.1048198E-01  0.0000000E+00
  0.6769451E+00 -0.3883413E+00  0.2497855E-01  0.0000000E+00
 -0.1272125E+01  0.1176947E+01 -0.7474412E-01  0.0000000E+00
  0.4381462E+00 -0.5298790E+00  0.3899946E-02  0.0000000E+00
 -0.8726321E+00 -0.7585221E+00  0.5668122E-01  0.0000000E+00
  0.9770806E+00  0.2663446E+00  0.1614627E+00  0.0000000E+00
  0.1526074E+01  0.1653053E+01  0.3339323E+00  0.0000000E+00
 -0.1433159E+01  0.1207141E+00  0.1555329E+00  0.0000000E+00
 -0.3712659E+01 -0.1036158E+01  0.1432730E-01  0.0000000E+00
 -0.5079528E+01 -0.1735998E+01 -0.6935721E-01  0.0000000E+00
  0.2338120E+00 -0.6650254E-01  0.6534843E-02  0.0000000E+00
 -0.1725780E+01  0.1848187E+00 -0.3315698E-01  0.0000000E+00
  0.1816344E+01 -0.1637216E+00  0.4289889E-01  0.0000000E+00
 -0.1514718E+01  0.2841235E-02 -0.9759750E-01  0.0000000E+00
  0.6337889E+01  0.1427393E+00  0.1574756E-02  0.0000000E+00
 -0.1103228E+01 -0.5162889E+00  0.8503236E-01  0.0000000E+00
  0.5566460E+00  0.1467707E+01 -0.1661646E+00  0.0000000E+00
  0.1724121E+01 -0.9696411E+00  0.1600639E-02  0.0000000E+00
  0.1405163E+01  0.2498516E+01 -0.1720796E-01  0.0000000E+00
  0.1170090E+01  0.5166407E+01 -0.3058787E-01  0.0000000E+00
  0.1026357E+01  0.6767113E+01 -0.3890030E-01  0.0000000E+00
 -0.1819955E-01  0.8435816E-01 -0.3987515E-02  0.0000000E+00
 -0.8726535E-01 -0.4561178E+00  0.3636764E-02  0.0000000E+00
 -0.6956034E+00  0.7806042E+00  0.2103076E-01  0.0000000E+00
  0.2453224E+01 -0.2491364E+01 -0.5725147E-01  0.0000000E+00
 -0.4927066E+01  0.1443684E+01  0.4573678E-01  0.0000000E+00
  0.1730196E+01 -0.1452364E+01 -0.8104578E-01  0.0000000E+00
 -0.1212412E+01  0.7013367E+00  0.3777065E-01  0.0000000E+00
  0.6158776E+00 -0.2078847E+01  0.7071028E-01  0.0000000E+00
  0.6065075E-01 -0.2909089E+01  0.2773926E+00  0.0000000E+00
 -0.3806434E+00 -0.3571383E+01  0.4352886E+00  0.0000000E+00
 -0.6417108E+00 -0.3962584E+01  0.5303110E+00  0.0000000E+00
