  3  2   693 10944  4  4  9 11  7  1    0.00   24.00  100.00  600.00    0.00    6.28   45.00   45.00
  100.0  100.0  100.0  100.0  125.0  150.0  190.0  230.0  275.0  350.0  450.0  600.0  600.0  600.0  600.0
  0.2962871E+03  0.5652584E+02 -0.3674437E+01  0.0000000E+00
  0.3139629E+03 -0.1456375E+03  0.2007985E+02  0.0000000E+00
  0.4896334E+03  0.1360484E+03 -0.2654374E+02  0.0000000E+00
  0.6815466E+03  0.6286174E+02  0.2501377E+02  0.0000000E+00
  0.1410645E+04  0.6483776E+02 -0.3170937E+02  0.0000000E+00
  0.1601432E+04  0.1268464E+01 -0.1486490E+02  0.0000000E+00
  0.1700829E+04  0.4759318E+00 -0.1823111E+02  0.0000000E+00
  0.2044302E+04 -0.1236754E+03  0.4958903E+02  0.0000000E+00
  0.2108921E+04 -0.5715959E+02  0.5737907E+02  0.0000000E+00
  0.2089266E+04 -0.6844953E+02  0.5844994E+02  0.0000000E+00
  0.2078482E+04 -0.7432596E+02  0.5916443E+02  0.0000000E+00
  0.5025455E+02  0.7268454E+02 -0.4994477E+01  0.0000000E+00
  0.8396251E+02 -0.1278671E+03 -0.1173513E+02  0.0000000E+00
 -0.6822560E+02  0.2844454E+02 -0.2783095E+02  0.0000000E+00
 -0.3827256E+01 -0.9106744E+02 -0.9824537E+01  0.0000000E+00
 -0.2431627E+03  0.1644585E+02  0.6152709E+02  0.0000000E+00
 -0.3102196E+03 -0.6956448E+02 -0.5645428E+01  0.0000000E+00
 -0.2754370E+03  0.2470927E+02 -0.5415234E+02  0.0000000E+00
 -0.2806783E+03  0.1495754E+02 -0.3285277E+02  0.0000000E+00
 -0.3046212E+03  0.3178139E+02 -0.1516867E+02  0.0000000E+00
 -0.3788343E+03 -0.7573144E+01 -0.1444403E+02  0.0000000E+00
 -0.4225598E+03 -0.3042308E+02 -0.1383553E+02  0.0000000E+00
  0.3103106E+02 -0.1188854E+02 -0.9851660E+00  0.0000000E+00
 -0.1502172E+01  0.3893675E+02 -0.3494678E+01  0.0000000E+00
 -0.8570032E+02  0.1385535E+02 -0.2763724E+02  0.0000000E+00
  0.5002823E+02  0.5417684E+01  0.2427630E+02  0.0000000E+00
 -0.1036914E+03 -0.6463121E+02 -0.1340962E+02  0.0000000E+00
 -0.4144671E+02 -0.4681586E+02 -0.5088244E+01  0.0000000E+00
  0.1109064E+03  0.2732563E+02 -0.4762599E+02  0.0000000E+00
  0.1221917E+03  0.9705187E+02  0.3654267E+02  0.0000000E+00
  0.1476205E+03  0.4301528E+02  0.5306139E+02  0.0000000E+00
  0.1042536E+03  0.2465362E+02  0.1561892E+02  0.0000000E+00
  0.7913669E+02  0.1330096E+02 -0.6109383E+01  0.0000000E+00
  0.8594203E+01 -0.4591222E+00 -0.2389390E+00  0.0000000E+00
 -0.6581121E+01  0.3135481E+01  0.9606445E+00  0.0000000E+00
  0.6880271E+01 -0.5627500E+01 -0.2026675E+01  0.0000000E+00
 -0.9342526E+01  0.8816699E+01  0.3257773E+01  0.0000000E+00
  0.2589428E+02 -0.1527553E+02 -0.6276758E+01  0.0000000E+00
 -0.2444794E+02  0.2379486E+02  0.1679707E+02  0.0000000E+00
  0.2641000E+02 -0.2331814E+02 -0.1867949E+02  0.0000000E+00
 -0.3037144E+02 -0.5223591E+02 -0.1450954E+02  0.0000000E+00
 -0.4428034E+02 -0.5596107E+01 -0.2173759E+01  0.0000000E+00
  0.3514850E+02 -0.1321740E+02  0.1283510E+01  0.0000000E+00
  0.8147725E+02 -0.1715555E+02  0.3444783E+01  0.0000000E+00
  0.4686073E+00  0.2330329E+00 -0.6415918E-01  0.0000000E+00
  0.8717933E+00 -0.6743211E+00  0.3259650E+00  0.0000000E+00
  0.3863534E-02  0.7157791E+00 -0.4709623E+00  0.0000000E+00
  0.3146318E+01 -0.2158270E+01  0.9652440E+00  0.0000000E+00
  0.4754386E+01  0.4760391E+01 -0.1768351E+01  0.0000000E+00
 -0.1534641E+02 -0.9143884E+01  0.3414992E+01  0.0000000E+00
  0.7155304E+01  0.1787079E+02 -0.1915933E+02  0.0000000E+00
  0.9699567E+02 -0.4857794E+02  0.3432066E+02  0.0000000E+00
  0.1396560E+03 -0.6509451E+02  0.6481891E+02  0.0000000E+00
  0.6041114E+02 -0.6222231E+02  0.3786117E+02  0.0000000E+00
  0.1451156E+02 -0.6072257E+02  0.2242756E+02  0.0000000E+00
 -0.2746696E+00 -0.2020434E+00  0.1583023E+00  0.0000000E+00
  0.4083268E+01  0.6231774E-01 -0.6581147E+00  0.0000000E+00
 -0.3758591E+01  0.1329800E+01  0.1414498E+01  0.0000000E+00
  0.9689864E+00 -0.1088684E+01 -0.2280353E+01  0.0000000E+00
 -0.8247963E+00  0.1201602E+01  0.4590406E+01  0.0000000E+00
 -0.5996709E+01  0.4366086E+01 -0.1372078E+02  0.0000000E+00
  0.2186727E+02 -0.5145450E+02  0.9212087E+01  0.0000000E+00
  0.6906673E+02 -0.9930314E+01 -0.6339393E+01  0.0000000E+00
  0.7307607E+02 -0.6492290E+01 -0.2049190E+01  0.0000000E+00
  0.5962327E+02 -0.9854542E+01  0.1148634E+02  0.0000000E+00
  0.5178907E+02 -0.1178899E+02  0.1945684E+02  0.0000000E+00
  0.8201805E-01 -0.3838393E-01 -0.1459997E+00  0.0000000E+00
  0.2457520E+01  0.2439306E+00  0.6371395E+00  0.0000000E+00
 -0.3033977E+01 -0.5220409E+00 -0.1097687E+01  0.0000000E+00
  0.3607153E+01  0.3943550E+00  0.1805657E+01  0.0000000E+00
 -0.2389633E+02 -0.1607557E+01 -0.2776450E+01  0.0000000E+00
  0.4780046E+02  0.4511823E+01  0.2840457E+01  0.0000000E+00
 -0.7559005E+02 -0.1785818E+02 -0.1059937E+02  0.0000000E+00
  0.5549236E+02 -0.8752709E+01  0.1125969E+02  0.0000000E+00
 -0.6597543E+01 -0.8335829E+01  0.2188025E+02  0.0000000E+00
 -0.1156010E+02  0.1612064E+01  0.6948109E+01  0.0000000E+00
 -0.1515064E+02  0.7438478E+01 -0.1672839E+01  0.0000000E+00
  0.2343899E+00 -0.3502589E+00  0.9369869E-01  0.0000000E+00
 -0.7605302E+01  0.1130574E+01 -0.2518365E+00  0.0000000E+00
  0.1063759E+02 -0.9723964E+00  0.3971450E+00  0.0000000E+00
 -0.1451294E+02  0.9853312E+00 -0.6354757E+00  0.0000000E+00
  0.1399050E+02 -0.1307600E+01  0.7483639E+00  0.0000000E+00
 -0.3265229E+01 -0.2726056E+01  0.7411681E+00  0.0000000E+00
  0.1870609E+02  0.1633925E+02  0.5118822E+01  0.0000000E+00
 -0.5758113E+02 -0.6334868E+01 -0.6796987E+01  0.0000000E+00
 -0.1115656E+03 -0.4998226E+01 -0.4425186E+01  0.0000000E+00
 -0.6346170E+02 -0.8352391E+00 -0.4731140E+01  0.0000000E+00
 -0.3590868E+02  0.1617911E+01 -0.4885429E+01  0.0000000E+00
 -0.1448696E+01  0.4759254E-01 -0.2236505E-01  0.0000000E+00
  0.9060287E+00 -0.1967230E+00  0.1891030E+00  0.0000000E+00
  0.2446478E+00 -0.6090068E-01 -0.1887532E+00  0.0000000E+00
 -0.1509757E+01  0.1345256E+01  0.3249167E+00  0.0000000E+00
  0.7664286E+01 -0.1650706E+01 -0.1061606E+01  0.0000000E+00
 -0.1089559E+02  0.2305252E+01  0.4450564E+01  0.0000000E+00
 -0.1525482E+02 -0.7147413E+01 -0.2541183E+01  0.0000000E+00
 -0.3445538E+02  0.7953971E+00 -0.6173696E+01  0.0000000E+00
 -0.3277777E+02 -0.2384750E+01 -0.7372822E+01  0.0000000E+00
 -0.3829399E+01 -0.4119202E+01 -0.2883397E+01  0.0000000E+00
  0.1313257E+02 -0.5171288E+01 -0.2696745E+00  0.0000000E+00
 -0.1450910E+03  0.1538926E+02  0.1211299E+02  0.0000000E+00
 -0.6763435E+02  0.1371272E+02 -0.2047016E+02  0.0000000E+00
  0.1624636E+02  0.8935866E+02  0.8354909E+01  0.0000000E+00
 -0.3630106E+02 -0.1070493E+02  0.3684695E+02  0.0000000E+00
 -0.1831239E+03  0.6220746E+02 -0.7608957E+01  0.0000000E+00
 -0.2799388E+03  0.7250969E+02  0.3859398E+02  0.0000000E+00
 -0.3966863E+03 -0.7935682E+02  0.1173309E+02  0.0000000E+00
 -0.3975269E+03  0.3105029E+02  0.3789965E+01  0.0000000E+00
 -0.3718660E+03  0.5030043E+02  0.1683369E+02  0.0000000E+00
 -0.2879289E+03  0.4111833E+01  0.2600423E+02  0.0000000E+00
 -0.2385158E+03 -0.2271312E+02  0.3152302E+02  0.0000000E+00
 -0.1270707E+03  0.2925139E+02  0.1509154E+02  0.0000000E+00
  0.5555807E+02 -0.1543595E+02 -0.2351586E+01  0.0000000E+00
 -0.1478439E+02  0.6697001E+02 -0.1446440E+02  0.0000000E+00
  0.1429406E+03 -0.6697298E+02  0.4174340E+02  0.0000000E+00
  0.3868204E+02  0.8456920E+02 -0.1907477E+02  0.0000000E+00
  0.7532213E+02  0.6344980E+02 -0.2101689E+02  0.0000000E+00
 -0.6395536E+02  0.4524539E+02  0.1433701E+02  0.0000000E+00
 -0.4363140E+02  0.3647139E+02  0.1156622E+02  0.0000000E+00
 -0.3173939E+02  0.4481660E+02  0.8187107E+01  0.0000000E+00
 -0.8837257E+02 -0.1056946E+02  0.5671507E+01  0.0000000E+00
 -0.1213718E+03 -0.4290572E+02  0.4160938E+01  0.0000000E+00
 -0.1064261E+03  0.5777305E+01  0.9257693E+01  0.0000000E+00
 -0.4289866E+02 -0.8116394E+02 -0.5044912E+02  0.0000000E+00
  0.4823932E+02  0.4267516E+02  0.4245481E+02  0.0000000E+00
  0.4277236E+01 -0.6673371E+02 -0.1082402E+02  0.0000000E+00
 -0.6347533E+02 -0.3200116E+02  0.4349997E+02  0.0000000E+00
  0.1253485E+02 -0.6129871E+02 -0.2796835E+02  0.0000000E+00
 -0.1533486E+03 -0.1194380E+03  0.1402016E+02  0.0000000E+00
 -0.2379258E+02 -0.4853738E+01 -0.3654483E+02  0.0000000E+00
 -0.1864768E+02  0.2444563E+02 -0.3190928E+02  0.0000000E+00
 -0.2126134E+02  0.1885798E+02  0.1041079E+02  0.0000000E+00
 -0.2272784E+02  0.1590729E+02  0.3523985E+02  0.0000000E+00
  0.6230749E+01  0.2852864E+00  0.3304889E+00  0.0000000E+00
 -0.7685389E+00 -0.7270886E+00 -0.1670887E+01  0.0000000E+00
 -0.4602558E+01  0.1104217E+01  0.2898655E+01  0.0000000E+00
  0.9493991E+01 -0.2239081E+01 -0.4369622E+01  0.0000000E+00
 -0.3578414E+01  0.4990020E+01  0.8773948E+01  0.0000000E+00
  0.3191905E+02 -0.1817710E+02 -0.2191625E+02  0.0000000E+00
  0.6587486E+02  0.2483026E+02  0.2068189E+02  0.0000000E+00
  0.1602365E+03 -0.9561980E+01  0.1434794E+01  0.0000000E+00
  0.2144459E+03  0.2279926E+02 -0.3810363E+01  0.0000000E+00
  0.1583785E+03  0.2653721E+02  0.1558073E+01  0.0000000E+00
  0.1261563E+03  0.2909595E+02  0.4641673E+01  0.0000000E+00
  0.1596369E+01 -0.3213206E-01 -0.7101362E-01  0.0000000E+00
  0.4929479E+01  0.1199149E+00  0.3444061E+00  0.0000000E+00
 -0.1106642E+02 -0.3836687E+00 -0.4608150E+00  0.0000000E+00
  0.2319495E+02  0.1221074E+00  0.6843204E+00  0.0000000E+00
 -0.2711380E+02  0.1709357E+01 -0.1485924E+01  0.0000000E+00
  0.2260453E+02 -0.6212043E+01  0.5421923E+01  0.0000000E+00
 -0.1115690E+03  0.1686807E+02  0.1388550E+02  0.0000000E+00
 -0.1696277E+02 -0.2703116E+02 -0.2485036E+02  0.0000000E+00
 -0.2214765E+02 -0.4919590E+01 -0.2494932E+02  0.0000000E+00
 -0.2178606E-01  0.2180423E+02 -0.1001761E+02  0.0000000E+00
  0.1287512E+02  0.3769157E+02 -0.1279309E+01  0.0000000E+00
  0.1237418E-01  0.9927416E-01 -0.1631215E+00  0.0000000E+00
 -0.2650723E+01 -0.2172121E+01  0.5277488E+00  0.0000000E+00
  0.8744597E+01  0.3225169E+01 -0.1060256E+01  0.0000000E+00
 -0.1516317E+02 -0.4582381E+01  0.1602611E+01  0.0000000E+00
  0.1201329E+02  0.6093969E+01 -0.3766621E+01  0.0000000E+00
  0.1560148E+01 -0.3646333E+01  0.1124817E+02  0.0000000E+00
 -0.1201435E+02  0.4986494E+02  0.2309136E+01  0.0000000E+00
 -0.6905959E+02 -0.2194539E+01 -0.5782899E+01  0.0000000E+00
 -0.3704144E+02 -0.6575529E+00 -0.1224133E+02  0.0000000E+00
 -0.7066650E+02  0.1006805E+02 -0.1501590E+02  0.0000000E+00
 -0.9000595E+02  0.1636439E+02 -0.1671500E+02  0.0000000E+00
  0.2401691E+01  0.1240420E-01  0.1199281E+00  0.0000000E+00
 -0.2262837E+01  0.1683227E+00 -0.5674353E+00  0.0000000E+00
  0.2253661E+01  0.2990593E+00  0.1279515E+01  0.0000000E+00
 -0.8463912E+01 -0.4671911E+00 -0.2262333E+01  0.0000000E+00
  0.2038774E+02 -0.2927061E+00  0.3982138E+01  0.0000000E+00
 -0.1623481E+02  0.4900332E+01 -0.7181278E+01  0.0000000E+00
 -0.4231789E+01 -0.1823765E+02  0.5816000E+01  0.0000000E+00
 -0.4755979E+02  0.7257684E+01 -0.1358288E+02  0.0000000E+00
 -0.4053133E+02  0.2230685E+02 -0.1089428E+02  0.0000000E+00
 -0.1252871E+02  0.2334922E+02 -0.1911022E+01  0.0000000E+00
  0.3937497E+01  0.2412677E+02  0.3376723E+01  0.0000000E+00
 -0.1693968E+01  0.3547208E-01  0.6083147E-01  0.0000000E+00
  0.1827960E+00 -0.4052272E+00 -0.5161386E+00  0.0000000E+00
 -0.4445332E+01 -0.3727001E-01  0.6199266E+00  0.0000000E+00
  0.5738237E+01 -0.7639278E+00 -0.6713729E+00  0.0000000E+00
  0.4231054E+01  0.2110761E+01  0.1240422E+01  0.0000000E+00
 -0.3542049E+02 -0.1123311E+02 -0.2876492E+01  0.0000000E+00
 -0.7273377E+01  0.1737898E+01 -0.3303815E+01  0.0000000E+00
 -0.4950699E+02 -0.1304160E+02 -0.2482314E+01  0.0000000E+00
 -0.1011235E+02  0.6718447E-01 -0.6865732E+01  0.0000000E+00
 -0.1661204E+02  0.2433801E+01 -0.1334947E+01  0.0000000E+00
 -0.1997082E+02  0.3965015E+01  0.1853452E+01  0.0000000E+00
  0.1338912E+01 -0.1356345E-02 -0.3798163E-01  0.0000000E+00
 -0.2082626E+01  0.3028590E+00  0.2110766E+00  0.0000000E+00
 -0.9277948E+00  0.1837531E+00 -0.1637582E+00  0.0000000E+00
 -0.6859732E+00 -0.1981641E-01 -0.2145951E+00  0.0000000E+00
 -0.8617429E+01  0.5259625E+00  0.3131359E+00  0.0000000E+00
  0.1477284E+02 -0.1820096E+01 -0.2355097E+01  0.0000000E+00
  0.3458790E+02  0.2593457E+02  0.4954527E+01  0.0000000E+00
 -0.2241295E+02 -0.2309798E+01 -0.2849222E+01  0.0000000E+00
  0.2197889E+02 -0.4086942E+01 -0.3007923E+01  0.0000000E+00
  0.1065189E+02 -0.3134154E+01 -0.4745475E+01  0.0000000E+00
  0.4515125E+01 -0.2589904E+01 -0.5764849E+01  0.0000000E+00
 -0.9297500E+02 -0.7100435E+02 -0.1144197E+02  0.0000000E+00
 -0.6290470E+02  0.1280295E+03  0.2752657E+02  0.0000000E+00
  0.3768712E+02 -0.1040550E+03 -0.3099612E+02  0.0000000E+00
  0.9395102E+00  0.1990294E+02  0.3923301E+02  0.0000000E+00
  0.2168047E+02 -0.9844254E+02 -0.9575678E+01  0.0000000E+00
  0.2166835E+03 -0.8184785E+02  0.4849602E+02  0.0000000E+00
 -0.5193511E+02  0.7107774E+02 -0.2793441E+02  0.0000000E+00
  0.2151441E+03 -0.2025300E+02  0.1882678E+01  0.0000000E+00
  0.2877954E+03 -0.7576697E+02  0.8856235E+01  0.0000000E+00
  0.1710575E+03 -0.1968986E+02  0.1622181E+02  0.0000000E+00
  0.1035209E+03  0.1252096E+02  0.2060679E+02  0.0000000E+00
 -0.3276906E+02 -0.8636511E+02 -0.5309678E+00  0.0000000E+00
 -0.3870564E+02  0.1112486E+03  0.2397733E+02  0.0000000E+00
 -0.2206737E+02 -0.5874047E+02 -0.2281442E+02  0.0000000E+00
  0.4970175E+02 -0.2637404E+02  0.2216069E+02  0.0000000E+00
 -0.6500663E+01 -0.1005486E+03  0.1972466E+02  0.0000000E+00
 -0.3135800E+01  0.7215746E+01 -0.9533193E+01  0.0000000E+00
 -0.3813840E+02 -0.1448331E+03 -0.1003453E+02  0.0000000E+00
 -0.2416148E+02 -0.1590160E+02 -0.5855433E+02  0.0000000E+00
 -0.4483567E+01  0.1878360E+02 -0.6116121E+02  0.0000000E+00
 -0.7038710E+02  0.5499198E+02 -0.2328192E+02  0.0000000E+00
 -0.1087651E+03  0.7658479E+02 -0.1146039E+01  0.0000000E+00
 -0.1901242E+02 -0.2316769E+02 -0.1414729E+02  0.0000000E+00
 -0.1811692E+02  0.2648020E+02  0.1161625E+02  0.0000000E+00
  0.2373152E+02 -0.3398769E+02 -0.1501846E+02  0.0000000E+00
 -0.1412279E+02 -0.2360036E+02  0.2602602E+02  0.0000000E+00
  0.6294758E+02  0.3799527E+02  0.2854436E+02  0.0000000E+00
 -0.3016763E+02  0.4655032E+02  0.6312638E+02  0.0000000E+00
 -0.1305121E+03 -0.2242763E+02 -0.4627434E+02  0.0000000E+00
  0.8262362E+02 -0.1549560E+02  0.4229762E+02  0.0000000E+00
  0.5204295E+02  0.5697455E+01  0.4024422E+02  0.0000000E+00
 -0.4503789E+02  0.1885211E+02 -0.1742127E+02  0.0000000E+00
 -0.1022038E+03  0.2677663E+02 -0.5119871E+02  0.0000000E+00
 -0.1102597E+02 -0.1202414E+01 -0.2211499E+00  0.0000000E+00
 -0.1536880E+01  0.4852924E+01  0.9424033E+00  0.0000000E+00
  0.7918455E+01 -0.8414951E+01 -0.1686533E+01  0.0000000E+00
 -0.1097466E+02  0.1395899E+02  0.2769960E+01  0.0000000E+00
  0.2982033E+02 -0.2568062E+02 -0.5110075E+01  0.0000000E+00
 -0.1067065E+03  0.3974519E+02  0.1397614E+02  0.0000000E+00
 -0.1379540E+02 -0.6807129E+02  0.2851264E+01  0.0000000E+00
 -0.2965047E+03  0.6490457E+01  0.1372797E+02  0.0000000E+00
 -0.3421725E+03  0.5445100E+02  0.2952046E+02  0.0000000E+00
 -0.2828847E+03  0.3837028E+02  0.2546390E+02  0.0000000E+00
 -0.2486783E+03  0.2949718E+02  0.2326407E+02  0.0000000E+00
 -0.3256562E+01  0.1962577E-01 -0.9266984E-01  0.0000000E+00
  0.2804506E+01 -0.3213404E+00  0.8810279E+00  0.0000000E+00
 -0.9475357E+01  0.9199314E+00 -0.1567901E+01  0.0000000E+00
  0.1083203E+02 -0.1990550E+00  0.2502147E+01  0.0000000E+00
 -0.2029836E+02 -0.1868362E+00 -0.4122495E+01  0.0000000E+00
  0.2507598E+02 -0.3069334E+00  0.5317246E+01  0.0000000E+00
 -0.1206939E+02 -0.8605899E+01 -0.2849346E+02  0.0000000E+00
  0.1543938E+03  0.7413098E+01  0.2853251E+02  0.0000000E+00
  0.2169018E+03  0.3567018E+02  0.5445164E+02  0.0000000E+00
  0.1322167E+03  0.2291018E+02  0.5968288E+01  0.0000000E+00
  0.8336375E+02  0.1575586E+02 -0.2211954E+02  0.0000000E+00
 -0.8033298E+00  0.5526578E+00  0.1707526E+00  0.0000000E+00
  0.2884658E+01 -0.2076406E+01 -0.1311996E+01  0.0000000E+00
 -0.6190033E+01  0.2641609E+01  0.2255564E+01  0.0000000E+00
  0.7101819E+01 -0.5197433E+01 -0.4007510E+01  0.0000000E+00
 -0.1031149E+02  0.1081180E+02  0.7610770E+01  0.0000000E+00
  0.4643737E+02 -0.1610245E+02 -0.1867023E+02  0.0000000E+00
  0.5749291E+02  0.4087432E+01  0.9235386E+01  0.0000000E+00
 -0.1043153E+02  0.8035071E+01 -0.1144379E+00  0.0000000E+00
 -0.2860130E+02  0.5226819E+00  0.1717209E+02  0.0000000E+00
  0.4003642E+02 -0.6132626E+01  0.2679706E+02  0.0000000E+00
  0.8003958E+02 -0.1011451E+02  0.3262357E+02  0.0000000E+00
 -0.9522143E+00  0.1202987E+00 -0.1488437E+00  0.0000000E+00
  0.1134894E+01 -0.1221693E+00  0.9893958E+00  0.0000000E+00
  0.5467841E+01  0.5673907E+00 -0.1814501E+01  0.0000000E+00
 -0.3730834E+01 -0.1640558E+01  0.3121399E+01  0.0000000E+00
 -0.9561991E+01  0.2863162E+01 -0.5646069E+01  0.0000000E+00
  0.2829718E+02 -0.2933721E+01  0.8216789E+01  0.0000000E+00
  0.1801926E+02  0.1397565E+02 -0.2132002E+02  0.0000000E+00
  0.3258130E+02 -0.9771318E+01  0.2738182E+02  0.0000000E+00
  0.5808301E+02  0.2270654E+02  0.1591152E+02  0.0000000E+00
  0.4874921E+02  0.4373476E+02  0.1442664E+02  0.0000000E+00
  0.4359151E+02  0.5640072E+02  0.1343911E+02  0.0000000E+00
  0.3639588E+01 -0.7583560E-01 -0.4050408E-01  0.0000000E+00
 -0.7293663E+01  0.1255323E+01 -0.1200839E+00  0.0000000E+00
  0.1208432E+02 -0.2064046E+01  0.1962266E+00  0.0000000E+00
 -0.1611806E+02  0.3600102E+01 -0.1914879E+00  0.0000000E+00
  0.7387964E+01 -0.6579736E+01  0.1436295E+00  0.0000000E+00
 -0.9987178E+01  0.1382665E+02  0.2981104E+01  0.0000000E+00
 -0.1169245E+02  0.5719828E+00  0.1303982E+02  0.0000000E+00
 -0.7101087E+01 -0.3285293E+00 -0.9166026E+01  0.0000000E+00
 -0.8614717E+01 -0.1488761E+01  0.5911925E+01  0.0000000E+00
 -0.2514543E+02  0.7160726E+01  0.7989135E+01  0.0000000E+00
 -0.3484603E+02  0.1220728E+02  0.9374092E+01  0.0000000E+00
 -0.8560589E-01  0.8610526E-02 -0.5268553E-01  0.0000000E+00
 -0.4120883E+01  0.2465335E+00  0.4020076E+00  0.0000000E+00
  0.4471227E+01 -0.1063615E+01 -0.8088857E+00  0.0000000E+00
 -0.4109332E+01  0.1983215E+01  0.1233853E+01  0.0000000E+00
  0.1727449E+02 -0.2531048E+01 -0.2800631E+01  0.0000000E+00
 -0.4304364E+02  0.3314722E+01  0.7115795E+01  0.0000000E+00
  0.4378796E+02 -0.1161979E+02 -0.5947845E+01  0.0000000E+00
 -0.1262554E+03  0.1082656E+02  0.9753392E+01  0.0000000E+00
 -0.1031332E+03  0.1629857E+02  0.2522402E+01  0.0000000E+00
 -0.2838060E+02  0.6512801E+01 -0.1581060E+01  0.0000000E+00
  0.1564068E+02  0.8384480E+00 -0.4064223E+01  0.0000000E+00
  0.1073800E+03 -0.3565996E+02 -0.5566960E+01  0.0000000E+00
  0.4417207E+02  0.9900538E+01 -0.4022876E+01  0.0000000E+00
 -0.2296672E+01 -0.1493607E+02  0.8720580E+01  0.0000000E+00
  0.1555125E+02  0.3225410E+02 -0.2698014E+02  0.0000000E+00
  0.1095740E+03 -0.2874038E+02  0.7244461E+01  0.0000000E+00
  0.8196970E+01  0.1421161E+01 -0.6994626E+01  0.0000000E+00
  0.1845542E+03  0.2896243E+02  0.7855662E+01  0.0000000E+00
  0.8740407E+01  0.8445879E+01 -0.8691964E+00  0.0000000E+00
  0.2119504E+02  0.1420035E+01 -0.1338926E+01  0.0000000E+00
  0.2819508E+02 -0.1856872E+02 -0.5292344E+01  0.0000000E+00
  0.3243741E+02 -0.3035410E+02 -0.7609498E+01  0.0000000E+00
  0.8450162E+02 -0.4070658E+02 -0.5629514E+01  0.0000000E+00
 -0.1235633E+02  0.1263413E+02 -0.1216051E+02  0.0000000E+00
 -0.1427229E+02 -0.2344587E+02  0.1835839E+02  0.0000000E+00
 -0.1958012E+02  0.1180163E+02 -0.2662063E+02  0.0000000E+00
  0.3023556E+02  0.1301655E+02 -0.1248498E+01  0.0000000E+00
  0.6807523E+02 -0.8560243E+01  0.1741362E+02  0.0000000E+00
  0.3559523E+02 -0.2218554E+02 -0.4249637E+01  0.0000000E+00
  0.1266355E+03 -0.8956412E+01  0.2468520E+02  0.0000000E+00
  0.9811061E+02  0.5074591E+01  0.2863916E+02  0.0000000E+00
  0.4899929E+02 -0.8145450E+01  0.1893993E+02  0.0000000E+00
  0.1992938E+02 -0.1573523E+02  0.1330703E+02  0.0000000E+00
  0.4809239E+02  0.1632244E+02  0.1810796E+01  0.0000000E+00
  0.4979186E+02 -0.1006644E+02  0.3903319E+01  0.0000000E+00
 -0.5688498E+02  0.1149357E+02  0.2729690E+01  0.0000000E+00
 -0.2431229E+02 -0.2050923E+00 -0.2253730E+02  0.0000000E+00
  0.1890541E+02  0.4249889E+02 -0.9017184E+00  0.0000000E+00
 -0.4948919E+02  0.7735544E+01 -0.1112098E+02  0.0000000E+00
  0.1951358E+03  0.5641743E+02  0.1225640E+02  0.0000000E+00
 -0.7400406E+02 -0.1106943E+02  0.2145932E+01  0.0000000E+00
 -0.1124281E+03  0.2917298E+02  0.2449815E+01  0.0000000E+00
 -0.4412820E+02  0.3602721E+02  0.1888512E+02  0.0000000E+00
 -0.4590538E+01  0.4048835E+02  0.2850727E+02  0.0000000E+00
 -0.3012425E+01  0.1588849E+00  0.6316610E-01  0.0000000E+00
  0.3179794E+01 -0.7189006E+00 -0.2366213E+00  0.0000000E+00
  0.1091262E+01  0.8495110E+00  0.4292649E+00  0.0000000E+00
 -0.1666630E+01 -0.9855560E+00 -0.8059602E+00  0.0000000E+00
 -0.7436862E+01  0.2527306E+01  0.9453131E+00  0.0000000E+00
 -0.4235327E+01 -0.7355620E+01 -0.9770543E+00  0.0000000E+00
 -0.7183073E+01 -0.6391799E+01 -0.1899645E+01  0.0000000E+00
  0.7198187E+02 -0.1845170E+02 -0.1096526E+02  0.0000000E+00
  0.4502769E+02 -0.4024404E+01 -0.1215374E+02  0.0000000E+00
  0.1928038E+02 -0.9004604E+01 -0.3579364E+01  0.0000000E+00
  0.3912345E+01 -0.1176194E+02  0.1427193E+01  0.0000000E+00
 -0.2649351E+01  0.1765774E+00 -0.6499101E-01  0.0000000E+00
 -0.4098334E+01 -0.1418973E+01  0.2416000E+00  0.0000000E+00
  0.7550244E+01  0.2603017E+01 -0.4575564E+00  0.0000000E+00
 -0.1155976E+02 -0.4217278E+01  0.8689226E+00  0.0000000E+00
  0.2135483E+02  0.7639447E+01 -0.1398263E+01  0.0000000E+00
 -0.2102848E+02 -0.1856231E+02  0.1101790E+01  0.0000000E+00
  0.1024525E+03  0.9367184E+01  0.6895428E+01  0.0000000E+00
 -0.2745568E+02 -0.1560354E+02 -0.2289633E+01  0.0000000E+00
 -0.8130864E+02  0.2493138E+01 -0.1491334E+02  0.0000000E+00
  0.2992234E+01  0.5546261E+01 -0.7180552E+01  0.0000000E+00
  0.5174306E+02  0.7537334E+01 -0.2797532E+01  0.0000000E+00
 -0.7460733E+00 -0.2811618E+00  0.2434088E-02  0.0000000E+00
 -0.1658314E+01  0.1649071E+01  0.2870821E+00  0.0000000E+00
 -0.4145081E+00 -0.2646323E+01 -0.5742928E+00  0.0000000E+00
 -0.9022824E+00  0.3065610E+01  0.6756397E+00  0.0000000E+00
  0.6496217E+01 -0.6272850E+01 -0.8858439E+00  0.0000000E+00
 -0.1178114E+02  0.1337269E+02  0.1354784E+01  0.0000000E+00
  0.4019480E+02 -0.1952605E+02 -0.8719646E+00  0.0000000E+00
 -0.6014298E+02  0.1976171E+00 -0.6717000E+00  0.0000000E+00
 -0.3715442E+02  0.9624207E+01 -0.3715043E+01  0.0000000E+00
 -0.3186254E+01 -0.1345678E+01 -0.9952165E+01  0.0000000E+00
  0.1695476E+02 -0.7661036E+01 -0.1363911E+02  0.0000000E+00
 -0.1502293E+01 -0.1923530E+00  0.2169398E+00  0.0000000E+00
  0.7180697E+00  0.1042458E+01 -0.1121893E+01  0.0000000E+00
  0.5974611E+01 -0.1507087E+01  0.1905319E+01  0.0000000E+00
 -0.6512638E+01  0.2240484E+01 -0.3129752E+01  0.0000000E+00
  0.7488166E+01 -0.4386352E+01  0.5540214E+01  0.0000000E+00
  0.1497313E+02  0.1181392E+02 -0.9075494E+01  0.0000000E+00
  0.1842508E+02  0.1720215E+01  0.1811671E+02  0.0000000E+00
  0.3712388E+02  0.1503673E+02 -0.2041540E+02  0.0000000E+00
  0.2243972E+02  0.4916977E+00 -0.1236945E+02  0.0000000E+00
  0.1245191E+02 -0.4310156E+01  0.2863893E+00  0.0000000E+00
  0.6438769E+01 -0.7284246E+01  0.7782060E+01  0.0000000E+00
  0.9062342E+00  0.4267214E+00 -0.1100832E-01  0.0000000E+00
 -0.5000481E+00 -0.5943811E+00  0.8217138E-01  0.0000000E+00
 -0.6650936E-01  0.1306981E+01 -0.3285784E-01  0.0000000E+00
  0.2771909E+01 -0.5042114E+00  0.2947066E+00  0.0000000E+00
 -0.9068236E+01  0.1299688E+01 -0.7204777E+00  0.0000000E+00
  0.1839636E+02 -0.2360283E+01  0.1540613E+01  0.0000000E+00
 -0.3634681E+00 -0.4777642E+01 -0.4674331E+01  0.0000000E+00
  0.2561357E+02 -0.5426747E+01  0.4649264E+00  0.0000000E+00
  0.1326671E+02  0.5133105E+01 -0.1539809E+01  0.0000000E+00
  0.7156029E+01  0.3776509E+01  0.2332397E+01  0.0000000E+00
  0.3438939E+01  0.3097982E+01  0.4575682E+01  0.0000000E+00
 -0.2380757E+01 -0.1476968E+00  0.3464547E-01  0.0000000E+00
  0.1450712E+01 -0.2058450E+00 -0.1865438E+00  0.0000000E+00
 -0.5523285E+01  0.2103276E+00  0.2275327E+00  0.0000000E+00
  0.4054788E+01 -0.4999300E+00 -0.4110433E+00  0.0000000E+00
 -0.7334669E+00  0.7404915E+00  0.1011513E+01  0.0000000E+00
 -0.4020794E+02 -0.3582381E+01 -0.1735018E+01  0.0000000E+00
  0.3757451E+01 -0.3208241E+01  0.5075844E+01  0.0000000E+00
 -0.3411907E+02  0.2813291E+01 -0.8314725E+01  0.0000000E+00
 -0.5445202E+02  0.8677386E+01  0.2805980E+01  0.0000000E+00
 -0.3314545E+02  0.4571671E+01  0.4437667E+01  0.0000000E+00
 -0.2089517E+02  0.2228714E+01  0.5516298E+01  0.0000000E+00
  0.1404007E+03 -0.2375789E+02 -0.3593637E+01  0.0000000E+00
  0.4627446E+02  0.1637551E+02 -0.1856588E+01  0.0000000E+00
 -0.5018847E+02 -0.2442824E+02 -0.7737359E+01  0.0000000E+00
  0.1092166E+03  0.1180430E+02  0.1548970E+02  0.0000000E+00
  0.2995625E+01 -0.5452424E+01 -0.3812474E+01  0.0000000E+00
  0.4733177E+02  0.4172288E+01 -0.6816341E+01  0.0000000E+00
  0.6498107E+02  0.1995033E+02 -0.7132712E+01  0.0000000E+00
  0.5091176E+02 -0.1251210E+02  0.1336939E+02  0.0000000E+00
  0.6825260E+02 -0.1146499E+02  0.7789790E+01  0.0000000E+00
  0.4815556E+02 -0.8112578E+01  0.1173759E+01  0.0000000E+00
  0.3659800E+02 -0.6142480E+01 -0.2760696E+01  0.0000000E+00
  0.1742099E+03 -0.8379872E+01 -0.7465856E+01  0.0000000E+00
  0.4572221E+02  0.1394916E+02  0.2619663E+01  0.0000000E+00
 -0.3380903E+02 -0.7138008E+01 -0.9618155E+01  0.0000000E+00
  0.3464623E+02  0.3679564E+02  0.2240164E+02  0.0000000E+00
 -0.4338214E+02 -0.9891307E+01 -0.1296007E+02  0.0000000E+00
 -0.7368260E+01 -0.6343535E+01  0.8490077E+01  0.0000000E+00
  0.1610323E+00  0.2036297E+02 -0.3686480E+01  0.0000000E+00
  0.6009505E+02  0.7091086E+01  0.2201060E+02  0.0000000E+00
  0.4501106E+02  0.2793310E+02  0.7770883E+01  0.0000000E+00
  0.1742137E+02 -0.2895385E+01  0.9171443E+01  0.0000000E+00
  0.1099203E+01 -0.2070795E+02  0.9836449E+01  0.0000000E+00
  0.3687831E+02  0.1135268E+02 -0.3474719E+01  0.0000000E+00
 -0.6802639E+01  0.3284311E+02  0.4647698E+01  0.0000000E+00
 -0.2447178E+01 -0.3000454E+02 -0.6897590E+01  0.0000000E+00
 -0.2483629E+02  0.3084836E+02  0.2859647E+01  0.0000000E+00
 -0.7316673E+01 -0.4087327E+01  0.1121221E-01  0.0000000E+00
 -0.5187560E+02  0.2300617E+02 -0.1816697E+02  0.0000000E+00
  0.1009928E+03  0.1405304E+01  0.5227656E+01  0.0000000E+00
 -0.5147907E+01  0.2500775E+01 -0.3592885E+00  0.0000000E+00
  0.1667166E+02 -0.1056256E+02 -0.1773011E+01  0.0000000E+00
  0.3661817E+02 -0.1121823E+01  0.1879724E+01  0.0000000E+00
  0.4853455E+02  0.4252587E+01  0.4002744E+01  0.0000000E+00
 -0.1291519E+02 -0.3417445E+00 -0.3280192E-01  0.0000000E+00
 -0.1675938E+01  0.2006139E+01  0.1508385E+00  0.0000000E+00
  0.6989659E+01 -0.3102484E+01 -0.1048682E+00  0.0000000E+00
 -0.9847520E+01  0.5462662E+01  0.2091340E+00  0.0000000E+00
  0.1721606E+02 -0.9191563E+01  0.2514337E+00  0.0000000E+00
 -0.5047269E+02  0.1518996E+02 -0.2293503E+01  0.0000000E+00
  0.5210026E+02 -0.4150889E+01  0.6407289E+01  0.0000000E+00
 -0.5064287E+01  0.1013737E+02  0.5669324E+01  0.0000000E+00
 -0.2095703E+02  0.1194899E+02 -0.3100432E+01  0.0000000E+00
 -0.4501329E+01  0.1617040E+01 -0.4227111E+01  0.0000000E+00
  0.4942046E+01 -0.4409273E+01 -0.4985735E+01  0.0000000E+00
 -0.1107597E+01  0.1917325E+00  0.6524868E-01  0.0000000E+00
 -0.8858754E+00 -0.9670501E+00 -0.3063162E+00  0.0000000E+00
  0.3233983E+01  0.1693653E+01  0.4696048E+00  0.0000000E+00
 -0.1161586E+01 -0.1741809E+01 -0.8067720E+00  0.0000000E+00
  0.3676519E+01  0.3156240E+01  0.1578706E+01  0.0000000E+00
  0.2852467E+02 -0.8031725E+01 -0.3430257E+01  0.0000000E+00
 -0.7406669E+01  0.3072848E+02  0.2225646E+01  0.0000000E+00
  0.4326121E+02 -0.5530706E+01 -0.1809283E+02  0.0000000E+00
  0.3068672E+02  0.1053356E+02 -0.1713901E+02  0.0000000E+00
  0.7767299E+01  0.9866810E+01 -0.1633934E+01  0.0000000E+00
 -0.5790980E+01  0.9656978E+01  0.7452018E+01  0.0000000E+00
 -0.4163598E+00  0.1870574E+00  0.6502151E-01  0.0000000E+00
  0.1484559E+01 -0.5928093E+00 -0.1965529E+00  0.0000000E+00
 -0.3550116E+01  0.6620170E+00  0.3745335E+00  0.0000000E+00
  0.2504282E+01 -0.1787046E+01 -0.7416206E+00  0.0000000E+00
 -0.3865881E+01  0.3966490E+01  0.8160870E+00  0.0000000E+00
  0.1409117E+02 -0.9951142E+01  0.5881081E+00  0.0000000E+00
  0.2022057E+02 -0.1472795E+01 -0.1698264E+01  0.0000000E+00
  0.1153231E+02  0.6800021E+01 -0.3526084E+01  0.0000000E+00
 -0.7995097E+01 -0.2161571E+01 -0.4319289E+01  0.0000000E+00
  0.1197502E+00 -0.7590197E+01 -0.4568580E+01  0.0000000E+00
  0.4647757E+01 -0.1087007E+02 -0.4723584E+01  0.0000000E+00
  0.4984645E+00 -0.9049646E-01  0.1112024E+00  0.0000000E+00
  0.2188970E+01 -0.4254970E+00 -0.3929494E+00  0.0000000E+00
 -0.8017601E+00  0.2734968E+00  0.7956005E+00  0.0000000E+00
 -0.4230231E+00 -0.7662743E+00 -0.1181698E+01  0.0000000E+00
 -0.8549225E+01  0.1419703E+01  0.2139552E+01  0.0000000E+00
  0.2061594E+02 -0.6081744E+00 -0.2056156E+01  0.0000000E+00
 -0.4789261E+01 -0.9755133E+01  0.8813288E+00  0.0000000E+00
 -0.2525099E+02 -0.3202518E+01 -0.5814532E+01  0.0000000E+00
  0.4457217E+01 -0.1072374E+01 -0.1677542E+01  0.0000000E+00
 -0.4121210E+01 -0.3167370E+01 -0.1298991E+01  0.0000000E+00
 -0.8813427E+01 -0.4373303E+01 -0.1033959E+01  0.0000000E+00
  0.2308136E+01  0.6806712E-01 -0.5158425E-02  0.0000000E+00
 -0.3563441E+00 -0.8956018E-01 -0.1575222E+00  0.0000000E+00
  0.2832621E-01  0.2406453E+00  0.2056434E+00  0.0000000E+00
  0.2667754E+01 -0.2070831E+00 -0.2815893E+00  0.0000000E+00
 -0.5932715E+01 -0.6574248E+00  0.4311319E+00  0.0000000E+00
  0.2420149E+02  0.5215483E+01 -0.2052880E+01  0.0000000E+00
 -0.2286805E+02 -0.2026532E+00  0.8143978E+00  0.0000000E+00
  0.2740621E+02 -0.7602063E+01 -0.4826445E+01  0.0000000E+00
  0.1806287E+02 -0.1222471E+02 -0.3949665E+01  0.0000000E+00
 -0.2174243E+02  0.1400161E+01  0.1947620E+01  0.0000000E+00
 -0.4514881E+02  0.9325069E+01  0.5409880E+01  0.0000000E+00
  0.6755665E+00 -0.6774693E-01 -0.4315433E-01  0.0000000E+00
 -0.4275097E+01  0.2131714E+00  0.3496592E+00  0.0000000E+00
  0.6787863E+01 -0.4538664E+00 -0.5362696E+00  0.0000000E+00
 -0.9114262E+01  0.3426406E+00  0.7775031E+00  0.0000000E+00
  0.1518374E+02 -0.8031974E+00 -0.1285492E+01  0.0000000E+00
 -0.4540849E+02  0.2057295E+01  0.9092017E+00  0.0000000E+00
  0.2668374E+02  0.4005861E+01  0.2906531E+01  0.0000000E+00
 -0.3217552E+02 -0.4509786E+01 -0.1568404E+00  0.0000000E+00
 -0.8003760E+01  0.3239283E+00 -0.8030594E+00  0.0000000E+00
 -0.3159006E+01  0.2447061E+01 -0.5072020E+01  0.0000000E+00
 -0.5862454E-01  0.3743678E+01 -0.7580461E+01  0.0000000E+00
 -0.1337380E+02 -0.1509011E+02  0.1627895E+01  0.0000000E+00
 -0.6769006E+01 -0.2854314E+01 -0.1458924E+02  0.0000000E+00
 -0.3956895E+01  0.1706810E+02  0.8515901E+01  0.0000000E+00
 -0.3404512E+01 -0.1367289E+02 -0.4169260E+01  0.0000000E+00
 -0.5340750E+02  0.2438200E+02 -0.3741837E+01  0.0000000E+00
 -0.5781217E+02  0.1764989E+02 -0.1917228E+01  0.0000000E+00
 -0.3365628E+02 -0.1183928E+02 -0.4404382E-02  0.0000000E+00
 -0.2360372E+01  0.1511433E+01 -0.9877819E+00  0.0000000E+00
  0.2240292E+01  0.5550185E+01  0.2368760E+01  0.0000000E+00
 -0.1111058E+02  0.9941056E+01  0.2440810E+01  0.0000000E+00
 -0.1888248E+02  0.1256262E+02  0.2518960E+01  0.0000000E+00
  0.3287032E+02 -0.4725207E+01 -0.9410660E-01  0.0000000E+00
  0.6718582E+01 -0.6398037E+01 -0.1153716E+02  0.0000000E+00
  0.2327921E+02  0.9868183E+01  0.8959004E+01  0.0000000E+00
 -0.3186503E+01 -0.2277399E+02 -0.1230441E+02  0.0000000E+00
  0.2780105E+02  0.1834051E+02  0.1096657E+01  0.0000000E+00
 -0.1979262E+02 -0.2464818E+02 -0.1696841E+02  0.0000000E+00
 -0.3474343E+02  0.2536963E+02  0.3874593E+01  0.0000000E+00
 -0.3805927E+02 -0.8848062E+01 -0.3543449E+01  0.0000000E+00
 -0.4049122E+02 -0.2177025E+01  0.2841844E+01  0.0000000E+00
 -0.3376822E+02 -0.3444671E+00  0.1037507E+02  0.0000000E+00
 -0.2985369E+02  0.8023192E+00  0.1485445E+02  0.0000000E+00
 -0.9267394E+01  0.9288231E+01 -0.2848661E-01  0.0000000E+00
 -0.3395690E+02  0.3082533E+00 -0.5292047E+01  0.0000000E+00
  0.2914500E+02 -0.1329966E+02  0.3333173E+01  0.0000000E+00
  0.3574179E+01  0.1610220E+02  0.3561965E+01  0.0000000E+00
  0.5606236E+01 -0.3238778E+02  0.6797665E+01  0.0000000E+00
  0.7330691E+01 -0.5529947E+01  0.5580629E+00  0.0000000E+00
 -0.1694881E+02 -0.1568194E+02  0.1914387E+01  0.0000000E+00
 -0.1185623E+02 -0.3797375E+01  0.4385744E+01  0.0000000E+00
 -0.2487320E+02  0.1004944E+02  0.1835635E+01  0.0000000E+00
 -0.4157806E+01  0.1478754E+01  0.2729873E+01  0.0000000E+00
  0.7833945E+01 -0.3384136E+01  0.3224816E+01  0.0000000E+00
 -0.1280113E+02  0.9163621E-01  0.6729773E-01  0.0000000E+00
  0.1693017E+01 -0.5661108E+00 -0.3689491E+00  0.0000000E+00
  0.6765225E+00  0.8310472E+00  0.6448423E+00  0.0000000E+00
 -0.1667197E+01 -0.6494995E+00 -0.9676010E+00  0.0000000E+00
  0.9491401E+00  0.1236047E+01  0.1738583E+01  0.0000000E+00
  0.1963237E+02 -0.3287095E+01 -0.4214628E+01  0.0000000E+00
 -0.1951892E+02  0.1993853E+02  0.2574186E+01  0.0000000E+00
 -0.5506753E+01 -0.7710840E+00 -0.6946332E+01  0.0000000E+00
 -0.1026662E+02 -0.6572008E+01  0.2642674E+01  0.0000000E+00
 -0.7665680E+01  0.1466378E+01  0.9773965E+01  0.0000000E+00
 -0.6196016E+01  0.6108015E+01  0.1405587E+02  0.0000000E+00
 -0.1358417E+01  0.8937655E-01 -0.2295957E-02  0.0000000E+00
  0.2220619E+01 -0.4716408E+00  0.1589748E+00  0.0000000E+00
 -0.5577277E+01  0.7586234E+00 -0.3333671E+00  0.0000000E+00
  0.8483389E+01 -0.1022034E+01  0.5366323E+00  0.0000000E+00
 -0.3237945E+01  0.2414856E+01 -0.1446804E+01  0.0000000E+00
 -0.3267040E+00 -0.9695998E+01  0.3372939E+01  0.0000000E+00
 -0.3808426E+02  0.2097329E+02 -0.1711581E+01  0.0000000E+00
  0.1871152E+02 -0.1242155E+02  0.1415511E+02  0.0000000E+00
  0.1755136E+02 -0.3954518E+01  0.7735911E+01  0.0000000E+00
 -0.2943014E+01  0.1266126E+02  0.1403253E+01  0.0000000E+00
 -0.1495232E+02  0.2247762E+02 -0.2374412E+01  0.0000000E+00
 -0.9042171E+00  0.2283204E-01 -0.6043243E-01  0.0000000E+00
  0.4978588E+01 -0.3334865E+00  0.2500904E+00  0.0000000E+00
 -0.8087473E+01  0.4239063E+00 -0.3446878E+00  0.0000000E+00
  0.1304169E+02 -0.1165255E+01  0.6607889E+00  0.0000000E+00
 -0.1556650E+02  0.2094082E+01 -0.1180673E+01  0.0000000E+00
  0.4821914E+01 -0.4968428E+01  0.3131005E+01  0.0000000E+00
 -0.3198918E+02 -0.9733354E+01 -0.1752731E+01  0.0000000E+00
  0.2934918E+02  0.8611053E+01 -0.5294559E+01  0.0000000E+00
  0.1946412E+02  0.7599768E+01 -0.5491057E+00  0.0000000E+00
  0.7866250E+01  0.7574164E+01 -0.4239303E+01  0.0000000E+00
  0.9606768E+00  0.7547699E+01 -0.6348085E+01  0.0000000E+00
  0.9850183E+00  0.7948579E-02 -0.5440903E-01  0.0000000E+00
  0.6101605E+00 -0.6376296E+00  0.3113690E+00  0.0000000E+00
 -0.1113368E+01  0.1024260E+01 -0.4361280E+00  0.0000000E+00
  0.1211977E+01 -0.1872210E+01  0.9115909E+00  0.0000000E+00
 -0.1829734E+02  0.3125066E+01 -0.1779989E+01  0.0000000E+00
  0.3840595E+00 -0.1731408E+01  0.2948197E+01  0.0000000E+00
 -0.4895345E+02 -0.5458001E+01 -0.2500538E+01  0.0000000E+00
  0.2529860E+02 -0.1048402E+01  0.1002276E+02  0.0000000E+00
  0.9579452E+01  0.7763225E+00  0.4885123E+01  0.0000000E+00
 -0.5719897E+00  0.1334321E+01  0.2372352E+01  0.0000000E+00
 -0.6683574E+01  0.1677818E+01  0.8454890E+00  0.0000000E+00
  0.2818060E+01  0.1097300E+00 -0.2492641E-01  0.0000000E+00
 -0.4403585E+01 -0.1652969E+00  0.1263982E+00  0.0000000E+00
  0.5933781E+01  0.4681667E-01 -0.2398904E+00  0.0000000E+00
 -0.9324486E+01  0.8032784E-01  0.1969990E+00  0.0000000E+00
  0.1021741E+02 -0.1868944E+00 -0.1690377E+00  0.0000000E+00
 -0.1230924E+02  0.1088726E+01  0.5989336E+00  0.0000000E+00
 -0.2547012E+01  0.9997570E+01 -0.4911607E-01  0.0000000E+00
 -0.3868957E+02 -0.2850810E+01  0.3623502E+01  0.0000000E+00
 -0.3554532E+02  0.7974147E+01  0.6437978E+01  0.0000000E+00
 -0.2948856E+02  0.7085531E+01  0.3749187E+01  0.0000000E+00
 -0.2590859E+02  0.6685076E+01  0.2207635E+01  0.0000000E+00
 -0.5826254E+00 -0.8731247E-02 -0.1808540E-01  0.0000000E+00
  0.1128166E+01  0.5946737E-01 -0.3451111E-01  0.0000000E+00
 -0.2120635E+01  0.1695701E+00  0.1169040E+00  0.0000000E+00
  0.3735230E+01  0.6704745E+00 -0.2860143E+00  0.0000000E+00
 -0.6549312E+01 -0.1527327E+01  0.3638640E+00  0.0000000E+00
  0.1977257E+02  0.2666535E+01 -0.1828506E+01  0.0000000E+00
  0.2081843E+01  0.1886309E+01 -0.4112066E+00  0.0000000E+00
  0.4352322E+02 -0.1822895E+01 -0.1128994E+01  0.0000000E+00
  0.2572425E+02 -0.7538619E+01 -0.1050899E+01  0.0000000E+00
  0.9287610E+01  0.3538591E+01  0.1829790E+01  0.0000000E+00
 -0.5307960E+00  0.9964070E+01  0.3516454E+01  0.0000000E+00
 -0.7681293E+02  0.2945842E+02  0.7207477E+00  0.0000000E+00
 -0.2557924E+02  0.5469935E+01  0.2497641E+01  0.0000000E+00
  0.3056179E+02 -0.6193974E+01 -0.2866735E+01  0.0000000E+00
 -0.4389220E+02  0.6407674E+01 -0.4042590E+01  0.0000000E+00
 -0.4617412E+02  0.2127980E+02 -0.2444249E+00  0.0000000E+00
 -0.1011511E+01  0.1331125E+02 -0.2093560E+01  0.0000000E+00
 -0.6691134E+02  0.1626932E+02  0.5276164E+01  0.0000000E+00
 -0.6721466E+02  0.2091651E+01  0.2513906E+01  0.0000000E+00
 -0.5478498E+02  0.1080304E+02  0.4245704E+01  0.0000000E+00
 -0.3184997E+02 -0.1821739E+01  0.3550499E+01  0.0000000E+00
 -0.1829086E+02 -0.9118792E+01  0.3164009E+01  0.0000000E+00
 -0.1038539E+03  0.3380719E+02  0.4008014E+01  0.0000000E+00
 -0.3391623E+02 -0.1484609E+02  0.8157881E+01  0.0000000E+00
  0.2358126E+02 -0.3060097E+01 -0.6644049E+01  0.0000000E+00
 -0.2279173E+02 -0.1934954E-01 -0.7535036E+01  0.0000000E+00
 -0.3991513E+02 -0.3472991E+01  0.3544751E+01  0.0000000E+00
 -0.1767334E+01  0.2134838E+02  0.3500532E+01  0.0000000E+00
 -0.4382283E+02 -0.3509010E+02  0.7467722E+00  0.0000000E+00
 -0.3632042E+02  0.4719342E+01  0.1392315E+02  0.0000000E+00
 -0.4064579E+01  0.3195409E+01  0.8225351E+01  0.0000000E+00
  0.2739264E+01 -0.4022024E+01  0.3140066E+01  0.0000000E+00
  0.7087503E+01 -0.8258807E+01  0.9697460E-01  0.0000000E+00
 -0.6185578E+02 -0.1152677E+02  0.3874310E+01  0.0000000E+00
  0.4138249E+00  0.2382964E+02 -0.6721265E+01  0.0000000E+00
  0.2941981E+01 -0.2326923E+02  0.4490050E+01  0.0000000E+00
  0.2608171E+02  0.8867343E+01 -0.3806945E+01  0.0000000E+00
  0.6831047E+01 -0.2860390E+02 -0.6401101E+01  0.0000000E+00
  0.5732300E+02 -0.6084422E+01 -0.6362345E+01  0.0000000E+00
  0.1379847E+01 -0.1899589E+02 -0.2753621E+01  0.0000000E+00
  0.4615534E+01  0.3611706E+01  0.1241795E+02  0.0000000E+00
 -0.6552593E+01 -0.4700234E+01  0.1349762E+02  0.0000000E+00
 -0.1570021E+02 -0.8690087E+01  0.3187646E+01  0.0000000E+00
 -0.2117810E+02 -0.1111774E+02 -0.2838672E+01  0.0000000E+00
 -0.4746105E+01  0.2038070E+00  0.2358895E-01  0.0000000E+00
  0.3207724E+00 -0.1026425E+01 -0.9666179E-01  0.0000000E+00
 -0.1218161E+00  0.1794182E+01  0.5755568E-01  0.0000000E+00
  0.4805356E+01 -0.3564019E+01 -0.1263056E+00  0.0000000E+00
 -0.1054398E+02  0.6038439E+01  0.9570346E-01  0.0000000E+00
  0.2354049E+02 -0.1166469E+02  0.6478971E+00  0.0000000E+00
 -0.5043999E+02  0.9170099E+01  0.6708703E+01  0.0000000E+00
  0.3911532E+02  0.6650359E+01 -0.9776509E+01  0.0000000E+00
  0.7362077E+02 -0.1923654E+02 -0.1434867E+02  0.0000000E+00
  0.3747116E+02 -0.1766283E+02 -0.6671972E+01  0.0000000E+00
  0.1670162E+02 -0.1702842E+02 -0.2231189E+01  0.0000000E+00
 -0.4296829E-01  0.1188534E+00 -0.2982741E-02  0.0000000E+00
  0.1795797E+01 -0.2282386E+00 -0.8015330E-01  0.0000000E+00
 -0.5617028E+01  0.3523598E+00  0.1813960E+00  0.0000000E+00
  0.6378207E+01 -0.5403913E+00 -0.1141097E+00  0.0000000E+00
 -0.1657979E+02  0.6739111E+00  0.2714657E+00  0.0000000E+00
  0.2120598E+02 -0.4016954E+01  0.1371135E+00  0.0000000E+00
 -0.1293402E+02  0.2935195E+01  0.2393078E+01  0.0000000E+00
 -0.3655791E+02 -0.4022903E+01  0.9472289E+01  0.0000000E+00
 -0.6463835E+02 -0.5798748E+01 -0.5696314E+01  0.0000000E+00
 -0.3547621E+02 -0.5654602E+01 -0.2746469E+01  0.0000000E+00
 -0.1872885E+02 -0.5587935E+01 -0.1188645E+01  0.0000000E+00
  0.2706446E+01 -0.8694997E-01  0.8227102E-01  0.0000000E+00
  0.2992267E+01  0.1242030E+00 -0.4763687E+00  0.0000000E+00
 -0.8277195E+01 -0.6147266E-01  0.6369788E+00  0.0000000E+00
  0.8806977E+01  0.5797620E+00 -0.1034192E+01  0.0000000E+00
 -0.1537529E+02 -0.1525540E+01  0.1914584E+01  0.0000000E+00
  0.6351526E+01  0.7970330E+00 -0.4570891E+01  0.0000000E+00
  0.1688444E+02  0.1135209E+02  0.3523445E+01  0.0000000E+00
 -0.2398930E+02 -0.1711460E+01 -0.5174556E+01  0.0000000E+00
 -0.1064699E+02 -0.2073419E+01 -0.7804459E+01  0.0000000E+00
  0.4873365E+01 -0.2512213E+01  0.9464902E+00  0.0000000E+00
  0.1410757E+02 -0.2774033E+01  0.6038608E+01  0.0000000E+00
  0.4694612E+00  0.2177317E-01  0.7520962E-02  0.0000000E+00
  0.2769188E+01 -0.1686166E-01 -0.1668969E+00  0.0000000E+00
 -0.4450294E+01 -0.2307468E-01  0.2476635E+00  0.0000000E+00
  0.8285486E+01 -0.4055128E-02 -0.7322609E+00  0.0000000E+00
 -0.5982275E+01  0.1846998E+00  0.1392783E+01  0.0000000E+00
  0.1527562E+02  0.2930102E+00 -0.2604729E+01  0.0000000E+00
 -0.3239572E+02 -0.9271174E+00  0.1002955E+02  0.0000000E+00
  0.1991126E+02  0.1133849E+01 -0.7065305E+01  0.0000000E+00
  0.9715704E+01 -0.3659769E+01 -0.5499682E+01  0.0000000E+00
 -0.1088248E+01 -0.1543589E+01 -0.3925983E+01  0.0000000E+00
 -0.7530586E+01 -0.3600400E+00 -0.2988051E+01  0.0000000E+00
  0.1346795E+01 -0.1192303E+00 -0.2277078E-01  0.0000000E+00
 -0.7600565E+00  0.4553199E-01  0.1701306E+00  0.0000000E+00
  0.5422046E+01  0.1308964E+00 -0.2940534E+00  0.0000000E+00
 -0.4948415E+01 -0.5298397E+00  0.7158874E+00  0.0000000E+00
  0.2744991E+01  0.1914474E+01 -0.1542215E+01  0.0000000E+00
 -0.1835389E+02 -0.4042336E+01  0.3631249E+01  0.0000000E+00
  0.2329245E+02  0.1473509E+01 -0.3408424E+01  0.0000000E+00
 -0.5154325E+02 -0.3665712E+01  0.2546951E+00  0.0000000E+00
 -0.4877128E+02  0.3132321E+01  0.2917486E+00  0.0000000E+00
 -0.1928487E+02  0.6444357E+01 -0.1460317E+01  0.0000000E+00
 -0.1993952E+01  0.8458057E+01 -0.2487560E+01  0.0000000E+00
 -0.5286513E+00  0.1149181E+00  0.4635294E-01  0.0000000E+00
  0.1394141E+01  0.1736032E-01 -0.2016470E+00  0.0000000E+00
 -0.3885282E+01 -0.1864132E+00  0.3273349E+00  0.0000000E+00
  0.5632833E+01  0.6925363E+00 -0.6578416E+00  0.0000000E+00
 -0.1080454E+02 -0.1364107E+01  0.9885395E+00  0.0000000E+00
  0.2684042E+01  0.4007731E+01 -0.1756930E+01  0.0000000E+00
 -0.2822646E+02 -0.2760608E+01  0.2991745E+00  0.0000000E+00
  0.3140711E+02 -0.7787575E+00 -0.1810720E+01  0.0000000E+00
  0.2484698E+02  0.1153328E+01  0.2577496E+01  0.0000000E+00
  0.8500756E+01 -0.4924736E+01  0.2648383E+01  0.0000000E+00
 -0.1140195E+01 -0.8459135E+01  0.2738737E+01  0.0000000E+00
