  2  2   693 10944  4  4  9 11  7  1    0.00   24.00  100.00  600.00    0.00    6.28   45.00   45.00
  100.0  100.0  100.0  100.0  125.0  150.0  190.0  230.0  275.0  350.0  450.0  600.0  600.0  600.0  600.0
  0.1826073E+03  0.9273300E+00 -0.2870813E+01  0.0000000E+00
  0.2867093E+03 -0.7869780E+02  0.1785021E+02  0.0000000E+00
  0.5205511E+03  0.4367527E+02  0.1784010E+02  0.0000000E+00
  0.7423874E+03  0.7868772E+02  0.5011094E+02  0.0000000E+00
  0.9957675E+03  0.1697933E+03 -0.2121449E+02  0.0000000E+00
  0.1002010E+04  0.1744192E+03  0.1975166E+02  0.0000000E+00
  0.1114599E+04  0.2049279E+03  0.4603937E+02  0.0000000E+00
  0.1175417E+04  0.2583319E+03  0.1983448E+02  0.0000000E+00
  0.1150373E+04  0.1277111E+03 -0.3032832E+01  0.0000000E+00
  0.1137529E+04  0.7422148E+02 -0.1181245E+02  0.0000000E+00
  0.1129733E+04  0.4144488E+02 -0.1721084E+02  0.0000000E+00
 -0.2059130E+02 -0.1016978E+02 -0.2851495E+01  0.0000000E+00
  0.7529341E+02 -0.4360746E+02  0.1968183E+02  0.0000000E+00
 -0.1432983E+02  0.1985557E+02 -0.4616394E+02  0.0000000E+00
  0.2091467E+02  0.8886972E+01  0.2644304E+02  0.0000000E+00
 -0.1479343E+03 -0.1001918E+02  0.3058032E+02  0.0000000E+00
 -0.5194810E+02 -0.1022524E+03 -0.2810890E+02  0.0000000E+00
 -0.7360104E+01  0.5932520E+02  0.2286975E+02  0.0000000E+00
 -0.1973324E+02 -0.9384731E+02 -0.6133386E+01  0.0000000E+00
 -0.1288738E+03 -0.5768905E+02 -0.1489796E+02  0.0000000E+00
 -0.8525320E+02 -0.5376813E+02 -0.2437284E+02  0.0000000E+00
 -0.6092276E+02 -0.5106116E+02 -0.3002084E+02  0.0000000E+00
 -0.1808350E+02  0.1369705E+01  0.6634566E+01  0.0000000E+00
 -0.2681709E+02  0.9702113E+02 -0.1261336E+02  0.0000000E+00
 -0.3856862E+02  0.3380475E+02  0.1516799E+02  0.0000000E+00
  0.5019595E+01  0.2394591E+02  0.2989278E+01  0.0000000E+00
 -0.1104749E+03 -0.2281289E+02  0.1449811E+02  0.0000000E+00
 -0.8908190E+01 -0.1022834E+02 -0.1610512E+02  0.0000000E+00
 -0.3200295E+02  0.5462505E+02  0.7067778E+01  0.0000000E+00
  0.4895782E+02 -0.2248343E+02 -0.1859331E+01  0.0000000E+00
  0.9611217E+02 -0.1163483E+03  0.1389383E+02  0.0000000E+00
  0.7175459E+02 -0.5656455E+02  0.2917598E+02  0.0000000E+00
  0.5801765E+02 -0.2261557E+02  0.3830034E+02  0.0000000E+00
  0.1590528E+02 -0.3536013E+00  0.1045608E+00  0.0000000E+00
 -0.6871113E+01  0.2243720E+01 -0.5125050E+00  0.0000000E+00
  0.6429155E+01 -0.2753966E+01  0.8486453E+00  0.0000000E+00
 -0.1318555E+02  0.5220034E+01 -0.1527844E+01  0.0000000E+00
  0.3097311E+02 -0.8443041E+01  0.3103288E+01  0.0000000E+00
 -0.1523828E+02  0.1362753E+02 -0.5862902E+01  0.0000000E+00
  0.3671277E+02 -0.1794208E+02  0.5183668E+01  0.0000000E+00
 -0.4446074E+02  0.2239439E+02 -0.2223554E+02  0.0000000E+00
  0.9667915E+01  0.3934153E+01 -0.1914441E+02  0.0000000E+00
  0.8034577E+02 -0.7455229E+01 -0.1370886E+02  0.0000000E+00
  0.1223258E+03 -0.1432029E+02 -0.1049683E+02  0.0000000E+00
 -0.4497944E+01  0.1903180E+00 -0.1084736E+00  0.0000000E+00
  0.2137607E+01 -0.1438814E+01  0.5401117E+00  0.0000000E+00
 -0.2431774E+00  0.1566556E+01 -0.9840892E+00  0.0000000E+00
  0.5261539E+01 -0.2904788E+01  0.1737192E+01  0.0000000E+00
 -0.3245612E+01  0.5594476E+01 -0.3734616E+01  0.0000000E+00
  0.6545728E+01 -0.1715395E+02  0.9396486E+01  0.0000000E+00
  0.1605021E+02 -0.5548817E+01  0.7608016E+00  0.0000000E+00
  0.6922238E+02 -0.1683565E+02  0.2011315E+02  0.0000000E+00
  0.8156393E+02 -0.9841586E+01  0.2840339E+02  0.0000000E+00
  0.3060445E+02 -0.7513741E+01  0.8726716E+01  0.0000000E+00
  0.9030061E+00 -0.6075703E+01 -0.2698590E+01  0.0000000E+00
 -0.4076271E+01  0.1818378E+00 -0.1069105E-01  0.0000000E+00
  0.4488220E+01 -0.2107538E+00  0.4988860E-01  0.0000000E+00
 -0.4886163E+01  0.7106436E+00 -0.1041037E+00  0.0000000E+00
  0.9540783E+01 -0.1200591E+01  0.3958520E+00  0.0000000E+00
 -0.1237152E+02  0.1274934E+01 -0.1083721E+01  0.0000000E+00
  0.4552774E+01 -0.1799148E+01  0.3709951E+01  0.0000000E+00
  0.1974194E+02 -0.1471015E+02  0.3496753E+01  0.0000000E+00
 -0.9619109E+01  0.9408866E+01  0.2181908E+01  0.0000000E+00
 -0.4593488E+01  0.2063194E+01 -0.2619822E+01  0.0000000E+00
 -0.1715412E+02  0.3451603E+01 -0.1981107E+02  0.0000000E+00
 -0.2445104E+02  0.4186315E+01 -0.2993182E+02  0.0000000E+00
  0.1789512E+01 -0.1178751E+00 -0.5306584E-01  0.0000000E+00
  0.1848504E+00  0.2801241E+00  0.7027419E-01  0.0000000E+00
 -0.1804288E+01 -0.1426635E+01 -0.1625805E+00  0.0000000E+00
 -0.1887392E+01  0.2223590E+01 -0.3543453E-01  0.0000000E+00
  0.6072467E+01 -0.3614560E+01  0.2908178E-01  0.0000000E+00
 -0.1432028E+02  0.1276863E+02 -0.1954051E+01  0.0000000E+00
 -0.5457136E+01 -0.8643046E+01 -0.5878969E+01  0.0000000E+00
  0.1005564E+02 -0.1564948E+02  0.8290158E+01  0.0000000E+00
  0.5460699E+01  0.8431596E+01  0.1765590E+02  0.0000000E+00
  0.8329340E+01  0.2299134E+01  0.1518650E+02  0.0000000E+00
  0.9963931E+01 -0.1023528E+01  0.1384826E+02  0.0000000E+00
 -0.1338017E+01  0.8977001E-01  0.8021066E-01  0.0000000E+00
 -0.2308824E+01  0.3437218E+00 -0.2257194E+00  0.0000000E+00
  0.2126027E+01  0.5247684E+00  0.3890463E+00  0.0000000E+00
 -0.3689048E+01 -0.6765282E+00 -0.1762371E+00  0.0000000E+00
 -0.3541587E+01  0.1366603E+01  0.6662330E+00  0.0000000E+00
 -0.5888778E+01 -0.3905761E+01 -0.2250510E+01  0.0000000E+00
 -0.5241744E+01  0.1911199E+02 -0.1807284E+01  0.0000000E+00
  0.5768663E+01  0.1423748E+01  0.5130732E+01  0.0000000E+00
  0.2164461E+01 -0.5922686E+01  0.4948763E+01  0.0000000E+00
 -0.3981502E+01 -0.3213632E+01  0.6746366E+01  0.0000000E+00
 -0.7616911E+01 -0.1712026E+01  0.7797998E+01  0.0000000E+00
  0.8349758E+00 -0.7697925E-01  0.7556589E-03  0.0000000E+00
 -0.1924097E+01  0.8082203E-01 -0.8965531E-01  0.0000000E+00
  0.2938428E+01 -0.4667837E+00  0.2460206E-01  0.0000000E+00
 -0.3287367E+01  0.3012896E+00 -0.1745732E+00  0.0000000E+00
 -0.5347205E+01 -0.1426610E+00  0.1333340E+00  0.0000000E+00
  0.1645160E+02  0.2383805E-01 -0.5605968E+00  0.0000000E+00
 -0.1177936E+02 -0.1872741E+01 -0.9958405E-01  0.0000000E+00
  0.3291643E+01  0.1291574E+01 -0.6392992E+00  0.0000000E+00
  0.1539579E+02 -0.2014850E+01  0.1637435E+01  0.0000000E+00
 -0.3541012E+01  0.2307176E+01  0.1006958E+02  0.0000000E+00
 -0.1449060E+02  0.4802366E+01  0.1503271E+02  0.0000000E+00
  0.1446344E+01  0.4114986E+02  0.2498812E+02  0.0000000E+00
 -0.7571569E+02  0.5018066E+02 -0.1899104E+02  0.0000000E+00
  0.3336539E+02 -0.2724788E+01  0.2810458E+01  0.0000000E+00
 -0.2966276E+02 -0.2541753E+02  0.1108433E+02  0.0000000E+00
 -0.8077286E+02  0.1514751E+02  0.6351251E+01  0.0000000E+00
 -0.7199838E+02  0.2443060E+01  0.6739595E+01  0.0000000E+00
 -0.1630372E+03  0.4128815E+02 -0.3155628E+01  0.0000000E+00
 -0.5609620E+02 -0.7355185E+02 -0.4256497E+01  0.0000000E+00
 -0.1584259E+03  0.7908486E+01  0.1100843E+02  0.0000000E+00
 -0.2324440E+03  0.2794094E+02  0.4118318E+02  0.0000000E+00
 -0.2769373E+03  0.4056772E+02  0.5902248E+02  0.0000000E+00
  0.8174000E+02  0.2529321E+02  0.2918815E+02  0.0000000E+00
 -0.4071769E+02  0.2763317E+02 -0.2770073E+02  0.0000000E+00
  0.3762806E+02  0.2392616E+02 -0.9232346E+00  0.0000000E+00
  0.6082529E+02  0.6500560E+01  0.1449489E+02  0.0000000E+00
  0.4236327E+02  0.3532659E+02 -0.1586531E+02  0.0000000E+00
 -0.1333045E+02 -0.5486216E+02 -0.2796026E+00  0.0000000E+00
 -0.6092241E+02  0.8850202E+02  0.6102579E+01  0.0000000E+00
  0.8088140E+01 -0.3940899E+02 -0.1638464E+02  0.0000000E+00
  0.1469385E+02  0.2132588E+02  0.4598394E+01  0.0000000E+00
 -0.1907672E+02  0.7847002E+02  0.4102253E+02  0.0000000E+00
 -0.3879695E+02  0.1126093E+03  0.6258755E+02  0.0000000E+00
 -0.3319041E+02 -0.1233222E+02 -0.2412240E+01  0.0000000E+00
  0.3206446E+02 -0.6646472E+02 -0.9800900E+00  0.0000000E+00
 -0.5105532E+02 -0.4551771E+01 -0.1983837E+01  0.0000000E+00
 -0.3899905E+02 -0.2352364E+02  0.1314139E+02  0.0000000E+00
 -0.2031043E+02 -0.4326893E+02  0.5111336E+01  0.0000000E+00
 -0.2817700E+02 -0.1691575E+02 -0.5922114E+01  0.0000000E+00
 -0.5511767E+02  0.1045907E+02  0.8909955E+01  0.0000000E+00
 -0.1022036E+02 -0.4753273E+02 -0.8939630E+01  0.0000000E+00
  0.2835754E+02 -0.3004359E+02  0.3164703E+02  0.0000000E+00
 -0.3751215E+01 -0.1619849E+02  0.5584962E+02  0.0000000E+00
 -0.2210276E+02 -0.7893256E+01  0.7047512E+02  0.0000000E+00
 -0.2962624E+02 -0.4955852E-01  0.3486123E-03  0.0000000E+00
  0.3675710E+01  0.3579297E+00  0.2147699E-01  0.0000000E+00
  0.1824998E+01 -0.1040119E+01 -0.2329357E+00  0.0000000E+00
 -0.7591158E+01  0.1509476E+01  0.4778548E+00  0.0000000E+00
  0.1276231E+02 -0.3550586E+01 -0.4629807E+00  0.0000000E+00
  0.1109712E+01  0.2443751E+01  0.4891791E+00  0.0000000E+00
 -0.8851702E+01 -0.6577987E+01  0.5089238E+01  0.0000000E+00
  0.2147235E+02  0.3987840E+02  0.6051246E+00  0.0000000E+00
  0.6260140E+02  0.2122611E+02 -0.4229453E+01  0.0000000E+00
 -0.1633001E+02  0.9255670E+01 -0.2769975E+02  0.0000000E+00
 -0.6208743E+02  0.2048426E+01 -0.4149461E+02  0.0000000E+00
  0.8535378E+01  0.1838160E+00 -0.1762618E-01  0.0000000E+00
 -0.2792460E+01 -0.4885290E-01  0.1533276E+00  0.0000000E+00
 -0.1285199E+01  0.8902572E+00 -0.4187734E+00  0.0000000E+00
  0.2312892E+01 -0.1213594E+01  0.6143285E+00  0.0000000E+00
 -0.1133386E+02  0.2072904E+01 -0.1478715E+01  0.0000000E+00
  0.1246702E+02 -0.7200552E+01  0.3983994E+01  0.0000000E+00
 -0.1079634E+02 -0.1573414E+02 -0.1585247E+02  0.0000000E+00
 -0.3453237E+01 -0.3232268E+02 -0.1000765E+02  0.0000000E+00
 -0.5918108E+01 -0.2825286E+02  0.1367812E+01  0.0000000E+00
  0.5882508E+01  0.3930273E+01  0.9441662E+01  0.0000000E+00
  0.1276444E+02  0.2283295E+02  0.1429398E+02  0.0000000E+00
  0.5873969E+01 -0.1452635E+00 -0.1645011E+00  0.0000000E+00
 -0.1969026E+01 -0.8978066E-01  0.1913825E+00  0.0000000E+00
 -0.2078356E+00 -0.1042760E+00 -0.1523058E-01  0.0000000E+00
  0.6187759E+01 -0.4931314E+00 -0.1454754E+00  0.0000000E+00
 -0.6286588E+01  0.1008129E+01  0.3225204E+00  0.0000000E+00
  0.1269483E+02 -0.5639479E+00  0.2334066E+00  0.0000000E+00
 -0.1221050E+02 -0.5239833E+01 -0.5990720E+01  0.0000000E+00
  0.8534738E+01  0.1978532E+02  0.3362529E+01  0.0000000E+00
 -0.1311771E+02  0.1456813E+02 -0.5088858E+01  0.0000000E+00
 -0.3470717E+02  0.1092036E+01 -0.1295108E+02  0.0000000E+00
 -0.4758979E+02 -0.6856123E+01 -0.1764802E+02  0.0000000E+00
 -0.1407076E+01 -0.9759424E-01 -0.2303902E-01  0.0000000E+00
  0.1361357E+01  0.7050324E+00  0.1405857E+00  0.0000000E+00
  0.1729315E+01 -0.9386642E+00  0.8764952E-02  0.0000000E+00
 -0.2025561E+01  0.1478930E+01  0.9844996E-02  0.0000000E+00
  0.1083035E+02 -0.3805715E+01 -0.5221612E-01  0.0000000E+00
 -0.1382387E+01  0.9909202E+01 -0.1225452E+00  0.0000000E+00
  0.1108116E+02 -0.1384011E+02 -0.1045874E+01  0.0000000E+00
 -0.3248054E+01 -0.1323176E+02 -0.1167559E+02  0.0000000E+00
 -0.1438160E+02  0.2024541E+01 -0.2415634E+01  0.0000000E+00
  0.2047025E+02  0.6803055E+01  0.1166970E+02  0.0000000E+00
  0.4075739E+02  0.9775003E+01  0.2002201E+02  0.0000000E+00
  0.3630674E+01 -0.6721058E-01 -0.4350921E-01  0.0000000E+00
  0.2099829E+01 -0.1194447E+01 -0.1057147E-01  0.0000000E+00
 -0.1864486E+01  0.1015897E+01  0.2574678E-02  0.0000000E+00
 -0.2025944E+01 -0.1898353E+01  0.4089075E-01  0.0000000E+00
 -0.1852426E+00  0.1978134E+01  0.2742656E+00  0.0000000E+00
  0.1167720E+02 -0.3591485E+01 -0.3956707E+00  0.0000000E+00
 -0.9487455E+01  0.1399423E+02  0.2093915E+01  0.0000000E+00
  0.4136616E+01  0.3233178E+01  0.5530621E+00  0.0000000E+00
  0.3042171E+02 -0.5305514E+01  0.2793531E+01  0.0000000E+00
  0.4818844E+01  0.3772062E+01 -0.2628567E+01  0.0000000E+00
 -0.9875684E+01  0.8988787E+01 -0.5778532E+01  0.0000000E+00
 -0.2261702E+01  0.3933657E-03  0.1884449E-02  0.0000000E+00
 -0.5918920E+01 -0.3119304E+00 -0.8615084E-01  0.0000000E+00
  0.7729330E+01  0.2438577E+00  0.1138421E+00  0.0000000E+00
 -0.7655530E+01 -0.1517267E+00 -0.2791184E+00  0.0000000E+00
  0.5218394E+01  0.9293869E+00  0.5607073E+00  0.0000000E+00
 -0.2566589E+02 -0.7355796E-01 -0.1263263E+01  0.0000000E+00
 -0.4482127E+01  0.9577032E+00  0.5632201E+01  0.0000000E+00
  0.3759993E+01  0.1719385E+01 -0.1153634E+01  0.0000000E+00
  0.2154286E+02  0.5650823E+01  0.6043697E+01  0.0000000E+00
  0.4484866E+01  0.3538722E+01  0.8510184E+00  0.0000000E+00
 -0.5299557E+01  0.2344537E+01 -0.2107856E+01  0.0000000E+00
 -0.4475793E+01 -0.2178710E+02  0.1413621E+01  0.0000000E+00
 -0.6083572E+02  0.1574935E+03  0.7258419E+01  0.0000000E+00
  0.6324299E+02 -0.7801972E+02  0.5907267E+01  0.0000000E+00
 -0.7591175E+02  0.7974747E+02 -0.1441244E+02  0.0000000E+00
  0.4511227E+01 -0.8970361E+02 -0.3007308E+01  0.0000000E+00
 -0.1112805E+02 -0.5877886E+02 -0.1731940E+02  0.0000000E+00
  0.1799351E+02  0.4745705E+02  0.8043564E+01  0.0000000E+00
 -0.2120493E+02  0.1857272E+01 -0.9245754E+01  0.0000000E+00
 -0.3710328E+02  0.1979584E+02 -0.4172909E+02  0.0000000E+00
 -0.6056284E+01  0.1779588E+02 -0.1965288E+02  0.0000000E+00
  0.1193887E+02  0.1681167E+02 -0.7083863E+01  0.0000000E+00
  0.1102760E+02 -0.4286096E+01 -0.7005773E+00  0.0000000E+00
 -0.5915040E+02  0.4093182E+02  0.7553923E+01  0.0000000E+00
  0.9670874E+02  0.3978584E+02  0.1161932E+02  0.0000000E+00
 -0.8344250E+02 -0.1163014E+02  0.1389554E+02  0.0000000E+00
  0.1096568E+02  0.1558089E+02  0.1524769E+02  0.0000000E+00
 -0.2933015E+02 -0.1321833E+02  0.3463812E-01  0.0000000E+00
  0.3979467E+00 -0.2815865E+02  0.2661673E+01  0.0000000E+00
 -0.2029217E+02  0.4459059E+02 -0.3204066E+02  0.0000000E+00
 -0.5428966E+02  0.7040301E+02 -0.4954055E+02  0.0000000E+00
 -0.1260581E+03  0.7683973E+02 -0.4424415E+01  0.0000000E+00
 -0.1684746E+03  0.8088205E+02  0.2179510E+02  0.0000000E+00
  0.2384887E+02 -0.4052037E+02 -0.1081670E+02  0.0000000E+00
  0.2430015E+02 -0.7985339E+02  0.1279567E+02  0.0000000E+00
 -0.5287683E+02  0.5008329E+02  0.1432036E+01  0.0000000E+00
  0.3243005E+02 -0.7616931E+02  0.1427121E+02  0.0000000E+00
  0.3666788E+02  0.6363293E+02  0.1820261E+02  0.0000000E+00
 -0.2193127E+02 -0.8181309E+02  0.1397060E+02  0.0000000E+00
 -0.1693848E+02  0.1126280E+02 -0.1649475E+02  0.0000000E+00
 -0.1818170E+02 -0.3242887E+02  0.1766716E+02  0.0000000E+00
  0.3350421E+02 -0.1258584E+02  0.3979499E+02  0.0000000E+00
  0.5289146E+02 -0.7173400E+02  0.1074584E+02  0.0000000E+00
  0.6482704E+02 -0.1061680E+03 -0.6011515E+01  0.0000000E+00
  0.5172957E+00  0.1020253E+00  0.7055063E-01  0.0000000E+00
  0.2529238E+01 -0.9335830E+00 -0.4707909E+00  0.0000000E+00
 -0.5306748E+01  0.1175934E+01  0.1088743E+01  0.0000000E+00
  0.7120031E+01 -0.2203678E+01 -0.1750311E+01  0.0000000E+00
 -0.1884149E+02  0.3173576E+01  0.3232698E+01  0.0000000E+00
 -0.1978559E+02 -0.9853539E+01 -0.4272604E+01  0.0000000E+00
 -0.3695831E+02 -0.3112552E+02  0.8483051E+01  0.0000000E+00
 -0.3172460E+02 -0.2284074E+02 -0.2275757E+02  0.0000000E+00
 -0.4601075E+02 -0.1837714E+01 -0.1827933E+02  0.0000000E+00
 -0.6561171E+02  0.1381757E+01  0.7737083E+01  0.0000000E+00
 -0.7725258E+02  0.3499127E+01  0.2301633E+02  0.0000000E+00
 -0.1686193E+01  0.1567029E+00 -0.1922358E+00  0.0000000E+00
  0.4862045E+01  0.1033820E+01  0.1122159E+01  0.0000000E+00
 -0.8081049E+01 -0.1105579E+01 -0.2058128E+01  0.0000000E+00
  0.3059936E+01  0.1580379E+01  0.3572352E+01  0.0000000E+00
 -0.1307670E+02 -0.1541785E+01 -0.6615878E+01  0.0000000E+00
  0.1604897E+02  0.2384442E+01  0.9202360E+01  0.0000000E+00
 -0.2413426E+02  0.9860889E+01 -0.3726829E+02  0.0000000E+00
  0.2988497E+02 -0.2216760E+02  0.1982395E+02  0.0000000E+00
  0.6309674E+01 -0.2237082E+02  0.1991950E+02  0.0000000E+00
  0.1358237E+02  0.1155869E+02 -0.9211324E+01  0.0000000E+00
  0.1758185E+02  0.3140810E+02 -0.2626056E+02  0.0000000E+00
 -0.1073420E+01  0.4143754E-02  0.6638534E-01  0.0000000E+00
 -0.1752424E+01  0.2082485E-02 -0.4249249E+00  0.0000000E+00
  0.2955738E+01 -0.5955442E+00  0.4655069E+00  0.0000000E+00
 -0.5188048E+01  0.8491585E+00 -0.1225266E+01  0.0000000E+00
 -0.2139228E+01 -0.2323408E+01  0.2564812E+01  0.0000000E+00
  0.1028039E+02  0.1132033E+02 -0.7005565E+01  0.0000000E+00
  0.1202745E+02  0.2530869E+02  0.9360025E+01  0.0000000E+00
  0.6425401E+01 -0.4548042E+02 -0.5358231E+01  0.0000000E+00
  0.1268747E+02  0.1582903E+01 -0.4489116E+01  0.0000000E+00
  0.2076145E+02  0.6217354E+01  0.2307491E+02  0.0000000E+00
  0.2555981E+02  0.9451129E+01  0.3922586E+02  0.0000000E+00
  0.1150413E+01  0.1111239E-01 -0.1713295E+00  0.0000000E+00
 -0.6461653E+01  0.1279110E+00  0.1182558E+01  0.0000000E+00
  0.6975555E+01  0.6002730E+00 -0.2301430E+01  0.0000000E+00
  0.7038861E+00 -0.8193265E+00  0.3747457E+01  0.0000000E+00
  0.8749017E+00  0.1737642E+01 -0.7237042E+01  0.0000000E+00
  0.1684498E+02 -0.5319177E+00  0.1300977E+02  0.0000000E+00
 -0.8832577E+01  0.7010633E+01 -0.2178854E+02  0.0000000E+00
  0.1716974E+02  0.1822220E+01  0.2117679E+02  0.0000000E+00
  0.2151743E+02 -0.1660291E+02  0.1700899E+02  0.0000000E+00
  0.3776584E+02 -0.6118163E+01  0.5848382E+01  0.0000000E+00
  0.4732135E+02 -0.1853535E+00 -0.7285109E+00  0.0000000E+00
  0.1947375E+01 -0.3780298E+00 -0.1618169E+00  0.0000000E+00
 -0.1229853E+00 -0.3578694E+00  0.4702652E+00  0.0000000E+00
  0.1680163E+00  0.8038012E-01 -0.4422284E+00  0.0000000E+00
  0.4916570E+01  0.3559630E-02  0.1016364E+01  0.0000000E+00
 -0.4960569E+01  0.1181985E+01 -0.1834751E+01  0.0000000E+00
  0.1504559E+02 -0.5521836E+01  0.4957233E+01  0.0000000E+00
 -0.1551036E+02 -0.5043358E+01  0.4019737E-02  0.0000000E+00
  0.1264819E+02 -0.1061556E+01  0.1040009E+02  0.0000000E+00
  0.1668950E+02  0.5267192E+01  0.1340790E+02  0.0000000E+00
 -0.1476117E+01 -0.3492640E+01  0.1133787E+02  0.0000000E+00
 -0.1206380E+02 -0.8547009E+01  0.1016006E+02  0.0000000E+00
 -0.5465520E+00  0.5221239E-01 -0.3099521E-01  0.0000000E+00
  0.2387898E+01 -0.6085082E+00  0.3741611E+00  0.0000000E+00
 -0.1929783E+01  0.6496788E+00 -0.8538267E+00  0.0000000E+00
 -0.2558638E+01 -0.1015995E+01  0.1068576E+01  0.0000000E+00
 -0.3287303E+01  0.2029881E+01 -0.2552079E+01  0.0000000E+00
 -0.4914876E+00 -0.5430150E+01  0.4458219E+01  0.0000000E+00
 -0.2951792E+02  0.4225938E+01 -0.1254117E+02  0.0000000E+00
 -0.1293244E+02 -0.3034852E+01  0.1025701E+02  0.0000000E+00
  0.1878902E+02  0.6014011E+01  0.8906464E+01  0.0000000E+00
  0.2267859E+02  0.4943925E+01 -0.7848983E+01  0.0000000E+00
  0.2530812E+02  0.4417969E+01 -0.1767477E+02  0.0000000E+00
  0.1921707E+02 -0.7970777E+01 -0.4333916E+01  0.0000000E+00
  0.2891864E+02  0.5907472E+01  0.3535240E+01  0.0000000E+00
  0.1265497E+02  0.1284541E+01 -0.1003347E+02  0.0000000E+00
 -0.1208337E+01 -0.1415962E+02 -0.4887949E+01  0.0000000E+00
  0.3959706E+02  0.1123797E+02  0.6242727E+01  0.0000000E+00
  0.4124112E+02 -0.3143549E+01 -0.1255531E+01  0.0000000E+00
  0.4280716E+02  0.4721299E+01 -0.3362338E+00  0.0000000E+00
  0.1242321E+02  0.2142440E+01  0.3306085E+01  0.0000000E+00
  0.4298524E+01 -0.1835122E+02  0.4479071E+01  0.0000000E+00
  0.3030749E+02 -0.1458157E+02 -0.1080167E+01  0.0000000E+00
  0.4544804E+02 -0.1260702E+02 -0.4319512E+01  0.0000000E+00
 -0.3289511E+02  0.4610091E-01 -0.3398741E+01  0.0000000E+00
  0.3462909E+02 -0.7733913E+01  0.5178221E+01  0.0000000E+00
 -0.7827505E+01  0.1724491E+02 -0.5733779E+01  0.0000000E+00
 -0.1837163E+01 -0.5382998E+02 -0.6828979E+01  0.0000000E+00
  0.4589832E+02  0.4701366E+01 -0.5845800E+01  0.0000000E+00
  0.1157960E+02  0.1203659E+02  0.1145583E+02  0.0000000E+00
  0.1675940E+02  0.9420931E+01 -0.1296083E+02  0.0000000E+00
  0.7752014E+01 -0.7076427E+01  0.1283309E+02  0.0000000E+00
  0.3826013E+02 -0.5693200E+01  0.8446034E+01  0.0000000E+00
  0.3738249E+02  0.1120766E+02  0.2208858E+01  0.0000000E+00
  0.3721162E+02  0.2111613E+02 -0.1486655E+01  0.0000000E+00
 -0.1713381E+01  0.8977967E+01  0.1997276E+01  0.0000000E+00
 -0.7937788E+01 -0.9514147E+01 -0.6406928E+00  0.0000000E+00
  0.3031748E+02  0.1369084E+01 -0.4648139E+01  0.0000000E+00
 -0.2567801E+02 -0.3052709E+01  0.4875422E+01  0.0000000E+00
 -0.6868872E+01  0.2724797E+02 -0.8405817E+01  0.0000000E+00
  0.2649194E+02  0.5467654E+01  0.3201620E+01  0.0000000E+00
  0.1103766E+02  0.5399266E+01 -0.9573320E+00  0.0000000E+00
 -0.1082451E+02  0.1506440E+02 -0.5729334E+01  0.0000000E+00
 -0.1637124E+02 -0.7034200E+01 -0.1820703E+02  0.0000000E+00
 -0.1347912E+02  0.1610804E+02 -0.1176776E+02  0.0000000E+00
 -0.1184695E+02  0.2941947E+02 -0.8136631E+01  0.0000000E+00
  0.2573806E+02 -0.1124793E+00 -0.2051484E-01  0.0000000E+00
 -0.5401490E+01  0.4428754E+00  0.2551573E+00  0.0000000E+00
  0.4036324E+01 -0.1005971E+01 -0.1926079E+00  0.0000000E+00
 -0.3487242E+00  0.1621199E+01  0.4763181E+00  0.0000000E+00
 -0.1462568E+02 -0.1933317E+01 -0.9275067E+00  0.0000000E+00
  0.1953759E+02  0.2131037E+01  0.2159446E+01  0.0000000E+00
 -0.2201932E+02 -0.8392015E+01 -0.7032277E+01  0.0000000E+00
  0.1445765E+02  0.8055213E+01  0.5560954E+01  0.0000000E+00
  0.1938737E+02  0.1803690E+01  0.6267816E+01  0.0000000E+00
  0.1989692E+02  0.5407147E+01  0.6903393E+01  0.0000000E+00
  0.2025305E+02  0.7449792E+01  0.7285535E+01  0.0000000E+00
 -0.6121304E+01 -0.7957810E-01  0.4670376E-01  0.0000000E+00
 -0.1325704E+01 -0.4182472E+00 -0.3403661E+00  0.0000000E+00
 -0.1093894E+01  0.6553975E+00  0.5597536E+00  0.0000000E+00
 -0.8919854E+01 -0.9046155E+00 -0.9216838E+00  0.0000000E+00
  0.1066042E+02  0.1281919E+01  0.1802895E+01  0.0000000E+00
 -0.4264245E+01  0.1097354E+01 -0.3562660E+01  0.0000000E+00
 -0.4961871E+01  0.1494462E+02  0.7119528E+01  0.0000000E+00
 -0.1212897E+02 -0.1185009E+02 -0.5922760E+01  0.0000000E+00
  0.1451653E+02 -0.7256190E+01 -0.5000081E+00  0.0000000E+00
  0.2008752E+02 -0.7981031E+01 -0.6295261E+01  0.0000000E+00
  0.2364618E+02 -0.8355673E+01 -0.9626110E+01  0.0000000E+00
 -0.4905053E+01 -0.1400100E+00  0.4539374E-01  0.0000000E+00
  0.2841762E+01  0.2080769E+00 -0.1472446E+00  0.0000000E+00
 -0.7760790E+01 -0.4469408E+00  0.8800767E-01  0.0000000E+00
  0.7673867E+01  0.9580378E+00 -0.1089442E+00  0.0000000E+00
  0.1052522E+02 -0.2202042E+01  0.5076982E+00  0.0000000E+00
 -0.1437415E+02  0.6837584E+01 -0.9544285E+00  0.0000000E+00
 -0.7372803E+01 -0.7522403E+01  0.3912843E+01  0.0000000E+00
  0.8808330E+01  0.1034621E+02 -0.3325504E+01  0.0000000E+00
  0.1298348E+01  0.7627944E+01  0.1202690E+01  0.0000000E+00
  0.1191128E+02  0.1639255E+01  0.5274846E+01  0.0000000E+00
  0.1804392E+02 -0.1894342E+01  0.7710385E+01  0.0000000E+00
  0.1843659E+01  0.1828868E+00 -0.4435252E-02  0.0000000E+00
  0.1666912E+01 -0.6220624E+00  0.1941070E-02  0.0000000E+00
  0.4078686E+01  0.1154962E+01  0.9273875E-01  0.0000000E+00
  0.8115756E+01 -0.2176787E+01 -0.9906642E-01  0.0000000E+00
  0.3199918E+01  0.3448633E+01  0.2805780E+00  0.0000000E+00
 -0.8788285E+00 -0.6995775E+01 -0.1501944E+00  0.0000000E+00
 -0.1095225E+02  0.7307108E+01  0.3072051E+01  0.0000000E+00
 -0.1666744E+01  0.3195368E+01 -0.7845524E+01  0.0000000E+00
  0.5298436E+00 -0.6240425E+01  0.5930141E+00  0.0000000E+00
  0.8568203E+01 -0.7505344E+01 -0.1357135E+01  0.0000000E+00
  0.1329462E+02 -0.8353215E+01 -0.2403161E+01  0.0000000E+00
 -0.3642637E+01  0.1006088E+00  0.3892079E-01  0.0000000E+00
  0.2026871E+01 -0.2487640E-01 -0.7220082E-01  0.0000000E+00
  0.1916330E+01  0.2022538E-01  0.4532362E-01  0.0000000E+00
 -0.2281967E+01  0.2411802E+00 -0.1085518E+00  0.0000000E+00
 -0.2776742E+01 -0.2905356E-01  0.1780466E+00  0.0000000E+00
 -0.6286073E+01 -0.2555109E-02 -0.6269706E+00  0.0000000E+00
 -0.5872961E+01 -0.4447361E+01  0.1195735E+01  0.0000000E+00
 -0.1961712E+01  0.2014325E+01 -0.3700936E+01  0.0000000E+00
  0.2292700E+02  0.3782555E+01  0.2523820E+01  0.0000000E+00
  0.2527464E+02 -0.2604203E+01 -0.1769168E+01  0.0000000E+00
  0.2693149E+02 -0.6323161E+01 -0.4213831E+01  0.0000000E+00
  0.1852017E+01  0.8116466E-01 -0.2113658E-01  0.0000000E+00
 -0.7253885E+00  0.4697932E+00  0.1604152E+00  0.0000000E+00
 -0.3034821E+01 -0.6169579E+00 -0.2698312E+00  0.0000000E+00
 -0.2506882E+01  0.6918260E+00  0.3544205E+00  0.0000000E+00
 -0.3890541E+01 -0.1537876E+01 -0.3763867E+00  0.0000000E+00
  0.2506595E+02  0.1983334E+01  0.9577809E+00  0.0000000E+00
 -0.1840924E+02 -0.2926039E+01 -0.4279656E+01  0.0000000E+00
  0.6819230E+01  0.3982497E+01  0.1037972E+01  0.0000000E+00
 -0.1946756E+02 -0.1757409E+01  0.3268569E+01  0.0000000E+00
 -0.1784282E+02 -0.1842074E+01 -0.4190481E+01  0.0000000E+00
 -0.1719010E+02 -0.1956607E+01 -0.8531851E+01  0.0000000E+00
  0.3175514E+02 -0.2538312E+02 -0.1058395E+02  0.0000000E+00
  0.9362928E+01 -0.2647974E+02  0.7027683E+01  0.0000000E+00
  0.2397875E+01  0.4022338E+02 -0.1495435E+01  0.0000000E+00
  0.2035110E+02 -0.3214501E+02  0.2045300E+01  0.0000000E+00
  0.3435303E+02  0.2069932E+02  0.7777762E+01  0.0000000E+00
  0.2067540E+02  0.8820220E+01 -0.7483497E+00  0.0000000E+00
  0.3807702E+02 -0.1501714E+02 -0.5160261E+01  0.0000000E+00
  0.1821308E+02 -0.1406955E+01  0.6079554E+01  0.0000000E+00
  0.1095373E+02  0.6658766E+01  0.1119922E+01  0.0000000E+00
  0.6641422E+02 -0.1195156E+02 -0.5073023E+01  0.0000000E+00
  0.9880767E+02 -0.2276031E+02 -0.8755463E+01  0.0000000E+00
  0.2475018E+02 -0.5939793E+01 -0.4925156E+01  0.0000000E+00
  0.4237363E+02 -0.2081077E+02  0.7428676E+01  0.0000000E+00
 -0.4943691E+02  0.2762525E+02 -0.6690583E+01  0.0000000E+00
  0.2921594E+02 -0.3534148E+02  0.6470204E+01  0.0000000E+00
 -0.6161785E+01  0.6975753E+01  0.3270830E+01  0.0000000E+00
  0.5028788E+01  0.8608052E+01 -0.3349714E+01  0.0000000E+00
 -0.1428029E+02  0.5473460E+01 -0.1554932E+00  0.0000000E+00
  0.1589598E+02 -0.8485311E+00  0.4694635E+01  0.0000000E+00
  0.1122151E+02  0.2665307E+02  0.4055635E+00  0.0000000E+00
  0.4263153E+02  0.1603714E+02 -0.2410069E+01  0.0000000E+00
  0.6098011E+02  0.1012291E+02 -0.4107801E+01  0.0000000E+00
 -0.2693167E+02  0.2460126E+02  0.6816504E+01  0.0000000E+00
  0.4233627E+01  0.3752525E+02 -0.4568994E+01  0.0000000E+00
 -0.4691813E+01 -0.4029341E+02  0.2861576E+01  0.0000000E+00
 -0.2017184E+02  0.4607273E+02  0.1731480E+00  0.0000000E+00
 -0.2210187E+02 -0.1220834E+02 -0.1076159E+02  0.0000000E+00
 -0.8911497E+01  0.2791553E+02  0.1508175E+00  0.0000000E+00
  0.5925120E+01 -0.2709143E-01 -0.6644172E+00  0.0000000E+00
 -0.2561828E+02  0.1594117E+02  0.1157237E+01  0.0000000E+00
  0.1957477E+00  0.3502217E+01  0.9272619E+01  0.0000000E+00
  0.8882715E+01 -0.8691964E+00  0.5350199E+01  0.0000000E+00
  0.1424915E+02 -0.3569133E+01  0.3143554E+01  0.0000000E+00
 -0.1193307E+01  0.2072895E-01 -0.2636341E-01  0.0000000E+00
 -0.2051358E+01  0.6470475E-01  0.1338929E+00  0.0000000E+00
  0.4611300E+01 -0.8056813E-01  0.1000967E+00  0.0000000E+00
 -0.5225565E+01  0.5306517E+00 -0.1125310E+00  0.0000000E+00
  0.5838406E+01 -0.9313457E+00 -0.1620284E-01  0.0000000E+00
  0.1090281E+02  0.4536769E+01 -0.2092760E+00  0.0000000E+00
  0.1026492E+02  0.1019731E+02  0.2297256E+01  0.0000000E+00
  0.3021892E+02  0.4322315E+01  0.3297061E+01  0.0000000E+00
  0.2509157E+02  0.1726722E+02 -0.4623776E+01  0.0000000E+00
  0.2957286E+02  0.2706078E+02 -0.2672513E+01  0.0000000E+00
  0.3214488E+02  0.3293590E+02 -0.1618392E+01  0.0000000E+00
  0.3304185E+01 -0.1507363E+00 -0.1782691E-01  0.0000000E+00
 -0.7446443E+01 -0.4290617E-01  0.9475597E-02  0.0000000E+00
  0.9601617E+01 -0.5324858E+00 -0.1593485E+00  0.0000000E+00
 -0.8974005E+01  0.8560408E+00  0.3461867E+00  0.0000000E+00
  0.8732131E+01 -0.1274741E+01 -0.4782884E+00  0.0000000E+00
 -0.2092987E+02  0.4333587E+01  0.1003075E+01  0.0000000E+00
  0.1775122E+02 -0.6264151E+01 -0.3564324E+01  0.0000000E+00
 -0.4954315E+01  0.1061437E+02 -0.1296546E+01  0.0000000E+00
 -0.2653604E+02  0.1809796E+02 -0.2474558E+01  0.0000000E+00
 -0.2342641E+02 -0.2968575E+00 -0.6109355E+00  0.0000000E+00
 -0.2184489E+02 -0.1098465E+02  0.4665699E+00  0.0000000E+00
 -0.8163875E+00  0.8756286E-01  0.7388009E-01  0.0000000E+00
 -0.1989437E+00 -0.2143314E+00 -0.1695846E+00  0.0000000E+00
 -0.3691003E+01 -0.5103994E-01 -0.8196029E-02  0.0000000E+00
  0.8915917E+00  0.1626873E+00 -0.1379048E+00  0.0000000E+00
  0.1095894E+02  0.8714570E+00  0.1595350E+00  0.0000000E+00
 -0.1012401E+02 -0.4482058E+01  0.5798271E-01  0.0000000E+00
  0.8604211E+01  0.1223790E+01  0.9864121E-01  0.0000000E+00
  0.1116974E+02  0.3775094E+01  0.5739615E+00  0.0000000E+00
  0.1626048E+02  0.7765725E+01 -0.4141395E+01  0.0000000E+00
  0.8077777E+01  0.7147541E+01 -0.1861684E+01  0.0000000E+00
  0.3339665E+01  0.6828520E+01 -0.5803281E+00  0.0000000E+00
 -0.3487437E+00  0.1299123E-01 -0.3587098E-01  0.0000000E+00
  0.4343188E+01 -0.1007479E+00  0.7190643E-01  0.0000000E+00
 -0.2904722E+01  0.4459670E+00 -0.1379579E-01  0.0000000E+00
  0.2164437E+00 -0.8040785E+00 -0.5061332E-01  0.0000000E+00
  0.9018030E+01  0.1204600E+01  0.9207824E-01  0.0000000E+00
 -0.6094229E+01 -0.3670821E+01 -0.2994742E-01  0.0000000E+00
  0.4931731E+01  0.3800683E+01 -0.2037499E+01  0.0000000E+00
  0.9381164E+01 -0.6766660E+01 -0.1024233E+01  0.0000000E+00
  0.5007175E+01 -0.6186621E+01 -0.2437664E+01  0.0000000E+00
 -0.1294670E+02  0.4688815E+01 -0.1869615E+01  0.0000000E+00
 -0.2350734E+02  0.1106215E+02 -0.1552883E+01  0.0000000E+00
 -0.1811226E+00  0.2270631E+00  0.6371651E-01  0.0000000E+00
  0.1137935E+01  0.4074026E+00 -0.1875674E+00  0.0000000E+00
  0.1634417E+01 -0.2229843E+00  0.4399383E+00  0.0000000E+00
 -0.2917732E+00 -0.1264613E+00 -0.5346405E+00  0.0000000E+00
 -0.6628019E-01 -0.5705946E+00  0.1106877E+01  0.0000000E+00
 -0.1902710E+01  0.1314108E+01 -0.2351699E+01  0.0000000E+00
 -0.4110269E+01  0.9143217E+00  0.3246662E+01  0.0000000E+00
  0.7215419E+01  0.4780006E+01 -0.3503597E+01  0.0000000E+00
 -0.2801305E+01  0.4914174E+01 -0.2095527E+01  0.0000000E+00
  0.1014835E+01  0.1897105E+01  0.1807861E+01  0.0000000E+00
  0.3142655E+01  0.1349884E+00  0.4107595E+01  0.0000000E+00
 -0.2344998E+00 -0.7516026E-01 -0.3013849E-01  0.0000000E+00
  0.3668508E+00  0.2312145E+00  0.1930771E-01  0.0000000E+00
 -0.3415182E+01  0.4561509E-01 -0.8748812E-02  0.0000000E+00
  0.2025271E+01  0.3454113E-01 -0.6691045E-01  0.0000000E+00
 -0.3407361E+01  0.7582242E+00  0.2866886E+00  0.0000000E+00
  0.2240673E+01  0.1091914E+00 -0.6946988E+00  0.0000000E+00
  0.1496910E+02  0.2997769E+01  0.2814286E+01  0.0000000E+00
 -0.3794090E+01 -0.2749167E+01 -0.2309072E+00  0.0000000E+00
  0.1022559E+02 -0.5902975E+00 -0.3246198E+01  0.0000000E+00
  0.1446866E+02 -0.1780986E+00 -0.2414029E+01  0.0000000E+00
  0.1710883E+02  0.8658147E-01 -0.1960554E+01  0.0000000E+00
  0.1193985E+02  0.1528750E+02  0.1351745E+01  0.0000000E+00
 -0.1060250E+02 -0.2063125E+02 -0.2912070E+01  0.0000000E+00
  0.3946078E+01  0.4936807E+01 -0.1226712E+00  0.0000000E+00
 -0.4459476E+01 -0.4744195E+01 -0.1616496E+01  0.0000000E+00
 -0.3071466E+02  0.1392442E+02  0.5599565E+01  0.0000000E+00
 -0.1671547E+02  0.4045299E+01 -0.3876938E+01  0.0000000E+00
 -0.4853724E+01 -0.1980302E+01  0.8295727E+00  0.0000000E+00
 -0.2257116E+02  0.7586361E+00 -0.5333872E+01  0.0000000E+00
 -0.3536110E+02  0.2895454E+01  0.2490198E+01  0.0000000E+00
 -0.7696268E+01 -0.8641722E+01  0.8881590E+01  0.0000000E+00
  0.8355042E+01 -0.1537236E+02  0.1270996E+02  0.0000000E+00
  0.5690540E+02  0.1234651E+02  0.1901570E+01  0.0000000E+00
 -0.1554960E+02 -0.8618302E+01 -0.6011973E+01  0.0000000E+00
  0.1986952E+02 -0.1200374E+02  0.5118606E+00  0.0000000E+00
  0.1117035E+02  0.2526182E+02 -0.2973609E+00  0.0000000E+00
 -0.1823237E+01  0.4049504E+01 -0.1909631E+01  0.0000000E+00
 -0.7161425E+01 -0.1386766E+02 -0.3067580E+01  0.0000000E+00
  0.1340573E+02  0.1540499E+02  0.4854587E+01  0.0000000E+00
 -0.5036831E+01 -0.6949752E+01 -0.6185760E+01  0.0000000E+00
 -0.2105124E+02 -0.4429969E+01  0.4836741E+01  0.0000000E+00
 -0.1177840E+01 -0.5340025E+01  0.1038090E+02  0.0000000E+00
  0.1028212E+02 -0.5840938E+01  0.1374942E+02  0.0000000E+00
 -0.3101438E+02 -0.3126206E+01 -0.3061738E+01  0.0000000E+00
  0.4892954E+01  0.3199909E+01 -0.2444689E+01  0.0000000E+00
 -0.1864556E+02  0.2641870E+01  0.2095786E+01  0.0000000E+00
  0.8796567E+01 -0.5887904E+01  0.5523152E+01  0.0000000E+00
  0.6591535E+01 -0.2698500E+01 -0.1151808E+02  0.0000000E+00
  0.4881975E+01  0.4618814E+01  0.1007130E+01  0.0000000E+00
  0.1128121E+02  0.7643984E+01  0.8192037E+00  0.0000000E+00
  0.1696757E+02 -0.9663175E+01 -0.8698624E+00  0.0000000E+00
 -0.4334167E+01  0.6972865E+01  0.1912548E+01  0.0000000E+00
 -0.1239117E+02  0.1379504E+02  0.7464439E+00  0.0000000E+00
 -0.1734218E+02  0.1797733E+02  0.9381249E-01  0.0000000E+00
 -0.2354026E+02  0.1975331E-01 -0.1061745E-01  0.0000000E+00
  0.6260761E+01 -0.2044711E+00 -0.6366113E-01  0.0000000E+00
 -0.4959374E+01  0.3677696E+00  0.7326730E-01  0.0000000E+00
  0.2004571E+01 -0.2567309E+00 -0.1265565E+00  0.0000000E+00
 -0.2626253E+01 -0.1175967E+01  0.1452637E+00  0.0000000E+00
 -0.9047766E+01  0.6278413E+01 -0.3812637E+00  0.0000000E+00
  0.2020006E+02  0.2160944E+00  0.2876030E+01  0.0000000E+00
 -0.2817325E+00  0.3450805E+01 -0.1075459E+01  0.0000000E+00
 -0.1230227E+02  0.8090546E+01  0.3820064E+01  0.0000000E+00
 -0.5854974E+01  0.9224295E+01 -0.2788666E+01  0.0000000E+00
 -0.2217513E+01  0.9937720E+01 -0.6603368E+01  0.0000000E+00
  0.5973656E+01 -0.3644522E-01 -0.2575184E-01  0.0000000E+00
 -0.1296431E+01  0.9104780E-01  0.1475303E+00  0.0000000E+00
 -0.1457655E+01 -0.6971951E-01 -0.2317943E+00  0.0000000E+00
  0.3634588E+01 -0.1285282E+00  0.5888369E+00  0.0000000E+00
  0.3879517E+01  0.3515134E+00 -0.1064960E+01  0.0000000E+00
  0.5112852E+01  0.6045722E-01  0.2349660E+01  0.0000000E+00
  0.1444518E+02 -0.3570737E+01 -0.2215758E+01  0.0000000E+00
  0.7118403E+01  0.5014028E+00  0.3624858E+01  0.0000000E+00
 -0.2655632E+01  0.3672848E+01  0.2401281E+01  0.0000000E+00
 -0.3294518E+01 -0.4465466E+01 -0.7269985E+00  0.0000000E+00
 -0.3778431E+01 -0.9193561E+01 -0.2572337E+01  0.0000000E+00
  0.5845126E+01 -0.7248349E-01  0.6965535E-02  0.0000000E+00
 -0.3933914E+01 -0.1242857E+00 -0.1913700E-02  0.0000000E+00
  0.5972953E+01  0.3823528E+00 -0.4277897E-01  0.0000000E+00
 -0.6313170E+01 -0.5605860E+00  0.2359029E+00  0.0000000E+00
  0.3600268E+01  0.1501307E+01 -0.2900058E+00  0.0000000E+00
 -0.5434150E+01 -0.4239591E+01  0.3653511E+00  0.0000000E+00
  0.2240392E+01  0.2748702E+01 -0.1316876E+01  0.0000000E+00
  0.5049496E+01 -0.1203608E+01 -0.1507789E+01  0.0000000E+00
 -0.1311238E+02  0.1571445E+01 -0.2802261E+00  0.0000000E+00
 -0.1062645E+02  0.3553266E+01  0.2154036E+01  0.0000000E+00
 -0.9375905E+01  0.4743007E+01  0.3593672E+01  0.0000000E+00
 -0.1440989E+01  0.2677063E-01  0.1592561E-02  0.0000000E+00
  0.2157503E+01  0.1491248E+00  0.9793374E-01  0.0000000E+00
  0.1302317E+01 -0.5322170E+00 -0.1816087E+00  0.0000000E+00
 -0.4288331E+01  0.1292303E+01  0.8592561E-02  0.0000000E+00
 -0.2430556E+01 -0.1606564E+01  0.3584898E-01  0.0000000E+00
  0.3850834E+01  0.2138540E+01 -0.3679610E+00  0.0000000E+00
  0.8523919E+01 -0.5773003E-02 -0.8451078E+00  0.0000000E+00
  0.3335234E+01 -0.1341939E+01  0.4359311E+01  0.0000000E+00
  0.6228061E+00 -0.7752948E+01  0.4509480E+01  0.0000000E+00
 -0.9163782E+01 -0.1615705E+01  0.1917373E+01  0.0000000E+00
 -0.1492087E+02  0.1908024E+01  0.4016348E+00  0.0000000E+00
  0.2189320E+01  0.7026156E-02 -0.3405141E-01  0.0000000E+00
 -0.4393578E+00  0.1523817E+00  0.5736738E-01  0.0000000E+00
 -0.1752890E+01 -0.1567164E+00 -0.1530713E-01  0.0000000E+00
 -0.2108685E+00  0.1850612E-01  0.3634025E-01  0.0000000E+00
  0.6512179E+01 -0.6007465E+00 -0.1398746E+00  0.0000000E+00
  0.3296185E+01  0.1364538E+01  0.1071135E+00  0.0000000E+00
  0.1213447E+01  0.2576027E+01 -0.7124548E+00  0.0000000E+00
  0.8000420E+01  0.1400706E+01  0.2093920E+00  0.0000000E+00
 -0.1494995E+01  0.3028861E+01  0.7163673E+00  0.0000000E+00
 -0.1284930E+02  0.3327050E+01  0.1435695E+01  0.0000000E+00
 -0.1960156E+02  0.3518063E+01  0.1863383E+01  0.0000000E+00
 -0.1450705E+01  0.1013715E+00 -0.1646319E-01  0.0000000E+00
 -0.6383650E+00 -0.3349159E+00  0.9721040E-01  0.0000000E+00
  0.1650491E+00  0.6088856E+00 -0.5871943E-01  0.0000000E+00
  0.2112478E+01 -0.9447310E+00  0.2741725E+00  0.0000000E+00
 -0.2050176E+01  0.1949754E+01 -0.6934862E+00  0.0000000E+00
 -0.1056707E+02 -0.2384737E+01  0.1558740E+01  0.0000000E+00
  0.7743369E+01  0.4452904E+01 -0.3042048E+01  0.0000000E+00
  0.2652576E+01 -0.1665595E+01  0.3404585E+01  0.0000000E+00
 -0.3843208E+01 -0.4115380E+01  0.4873442E+01  0.0000000E+00
 -0.1155067E+01 -0.5805665E+01  0.1638978E+01  0.0000000E+00
  0.3508813E+00 -0.6822768E+01 -0.2377923E+00  0.0000000E+00
  0.1045057E+02  0.1605367E+01  0.7359333E+01  0.0000000E+00
 -0.1291511E+02  0.6514433E+00 -0.5633615E+01  0.0000000E+00
  0.2758915E+02 -0.4042672E+01 -0.3261765E+01  0.0000000E+00
 -0.9057494E+01  0.1212200E+02  0.4189890E+01  0.0000000E+00
 -0.3182944E+02  0.7460082E+00 -0.4539623E+01  0.0000000E+00
 -0.2346785E+02 -0.4150912E+01 -0.8524160E+00  0.0000000E+00
 -0.2667740E+02  0.1072755E+02  0.5851925E+01  0.0000000E+00
 -0.2782290E+02  0.7305206E+01 -0.2828936E+00  0.0000000E+00
 -0.2638993E+02  0.8149363E+01 -0.7286428E+01  0.0000000E+00
 -0.3144868E+02 -0.6928837E+01 -0.2957358E+01  0.0000000E+00
 -0.3439871E+02 -0.1574753E+02 -0.5008976E+00  0.0000000E+00
  0.1497409E+01 -0.7927747E+01  0.5113654E+01  0.0000000E+00
 -0.3285756E+02 -0.2826097E+02 -0.7319436E+01  0.0000000E+00
  0.6346432E+02  0.1681067E+02 -0.5367982E+01  0.0000000E+00
  0.1169026E+02 -0.9370418E+01  0.7990633E+01  0.0000000E+00
  0.7629209E+01  0.1058497E+02 -0.1584260E+01  0.0000000E+00
 -0.4789348E+01 -0.2805497E+01  0.2163603E+01  0.0000000E+00
 -0.6642463E+01 -0.6435479E+01  0.2688521E+01  0.0000000E+00
  0.4281629E+01  0.6192136E+01  0.2176801E-01  0.0000000E+00
  0.4390307E+01  0.2281971E+02 -0.8061999E+01  0.0000000E+00
 -0.3706328E+02  0.2200301E+02 -0.5764798E+01  0.0000000E+00
 -0.6133331E+02  0.2171378E+02 -0.4512549E+01  0.0000000E+00
  0.3268786E+01 -0.1911727E+01 -0.5726426E+01  0.0000000E+00
 -0.1278082E+02 -0.1196725E+02 -0.5088885E+01  0.0000000E+00
 -0.3815388E+01  0.2966553E+02  0.6058609E+01  0.0000000E+00
 -0.8297894E+01 -0.2707892E+02 -0.5658302E+01  0.0000000E+00
  0.2486488E+02  0.1216939E+02 -0.1497001E+01  0.0000000E+00
 -0.4621041E+01 -0.2248032E+02  0.1410239E+01  0.0000000E+00
  0.4907670E+01 -0.1069900E+02 -0.1266873E+00  0.0000000E+00
 -0.1356822E+02 -0.1708727E+02  0.1048670E+01  0.0000000E+00
 -0.8656303E+00 -0.1136766E+02  0.7924433E+00  0.0000000E+00
  0.1521427E+02 -0.5873582E+01  0.1027385E+01  0.0000000E+00
  0.2476981E+02 -0.2594440E+01  0.1161199E+01  0.0000000E+00
  0.1082018E+01  0.2947476E-02 -0.2383644E-01  0.0000000E+00
 -0.2849660E+00  0.1519337E+00 -0.2344202E+00  0.0000000E+00
 -0.2353454E+01 -0.3746785E+00  0.4426477E+00  0.0000000E+00
  0.5799191E+01  0.5162731E+00 -0.6420921E+00  0.0000000E+00
 -0.6918499E+01  0.9956956E+00  0.9930827E+00  0.0000000E+00
 -0.4276892E+01 -0.5718504E+01 -0.1496017E+01  0.0000000E+00
 -0.9925436E+01 -0.2063554E+01  0.5117397E+01  0.0000000E+00
  0.5024423E+00  0.4866237E+01 -0.3216122E+01  0.0000000E+00
  0.1385182E+02  0.1659843E+02 -0.5805792E+01  0.0000000E+00
  0.5065926E+01  0.1423238E+02 -0.2014247E+01  0.0000000E+00
  0.7281666E-01  0.1298056E+02  0.1748142E+00  0.0000000E+00
 -0.3008400E+01  0.4196681E-01  0.9148265E-01  0.0000000E+00
  0.3377095E+00 -0.9880198E-01 -0.2280941E+00  0.0000000E+00
 -0.2436124E+00  0.3782657E+00  0.2513461E+00  0.0000000E+00
 -0.4415497E+01 -0.1072707E+01 -0.4044770E+00  0.0000000E+00
  0.1280570E+01  0.2073933E+01  0.7157302E+00  0.0000000E+00
  0.8457168E+01 -0.4134353E+01 -0.1653044E+01  0.0000000E+00
 -0.6683733E+01  0.7637184E+01  0.1787626E+01  0.0000000E+00
  0.7748004E+01 -0.1275018E+02  0.2204159E+01  0.0000000E+00
 -0.1152925E+02  0.4465027E+01  0.3113792E+01  0.0000000E+00
 -0.1797763E+02  0.1204552E+02 -0.6275111E+00  0.0000000E+00
 -0.2196826E+02  0.1667533E+02 -0.2807728E+01  0.0000000E+00
  0.1285143E+01  0.4151036E-01 -0.5518266E-01  0.0000000E+00
 -0.2283529E+00  0.3686093E+00 -0.1090149E+00  0.0000000E+00
  0.1130885E+01 -0.1535781E+00  0.2335492E+00  0.0000000E+00
 -0.5145048E+01  0.3134397E+00 -0.5653671E+00  0.0000000E+00
 -0.5296292E+00 -0.1134536E+01  0.1116427E+01  0.0000000E+00
  0.3488153E+01  0.2912357E+01 -0.2425794E+01  0.0000000E+00
  0.3452986E+01  0.5489624E+00  0.3354308E+01  0.0000000E+00
 -0.9201672E+01 -0.3847246E+00 -0.5059696E+01  0.0000000E+00
  0.1220531E+01  0.8737628E+01 -0.5564873E+01  0.0000000E+00
 -0.2698192E+01  0.8055589E+01  0.6858682E+00  0.0000000E+00
 -0.4881317E+01  0.7755567E+01  0.4339572E+01  0.0000000E+00
  0.8439961E+00 -0.8238935E-01 -0.4613178E-01  0.0000000E+00
 -0.6029557E+00  0.1459051E+00  0.1297397E+00  0.0000000E+00
  0.2913476E+01 -0.5000049E+00 -0.7547436E-01  0.0000000E+00
  0.4052684E-01  0.1238030E+01  0.1200566E+00  0.0000000E+00
 -0.1539187E+01 -0.1349535E+01 -0.4158703E+00  0.0000000E+00
  0.1433240E+02  0.1660581E+01  0.6766449E+00  0.0000000E+00
  0.1399812E+01  0.2932397E+00  0.1204497E+01  0.0000000E+00
  0.6441808E+01  0.4544881E+01  0.1281423E+01  0.0000000E+00
  0.5029872E+01 -0.2531841E+01  0.3558306E+01  0.0000000E+00
  0.1202245E+02  0.3122096E+01  0.2118530E+01  0.0000000E+00
  0.1610062E+02  0.6354280E+01  0.1301257E+01  0.0000000E+00
 -0.2274086E+00 -0.6873408E-01  0.1223723E-01  0.0000000E+00
  0.2853552E+00 -0.6323077E-01 -0.3098427E-01  0.0000000E+00
  0.1324010E+00  0.1449092E+00  0.1182091E+00  0.0000000E+00
  0.2604890E+01 -0.1027776E+00 -0.8577249E-01  0.0000000E+00
 -0.1028495E+02  0.2336537E+00  0.1321551E+00  0.0000000E+00
  0.1107677E+02 -0.3856373E+00  0.1788410E+00  0.0000000E+00
 -0.5603925E+01  0.1177826E+01  0.2209989E+01  0.0000000E+00
 -0.6709506E+01 -0.9466471E+00 -0.4947815E+01  0.0000000E+00
 -0.1035230E+01  0.4446069E+01 -0.4802157E+01  0.0000000E+00
 -0.3843243E+01  0.2266321E+01 -0.1226002E+01  0.0000000E+00
 -0.5423889E+01  0.1050827E+01  0.8685603E+00  0.0000000E+00
  0.1299993E+01  0.6789963E-01 -0.3753269E-01  0.0000000E+00
  0.3588897E+00 -0.6840793E+00  0.1206515E+00  0.0000000E+00
 -0.4632917E+00  0.8110101E+00 -0.1445637E+00  0.0000000E+00
 -0.2601992E+01 -0.1174121E+01  0.4166852E+00  0.0000000E+00
  0.2239069E+01  0.2095207E+01 -0.6045696E+00  0.0000000E+00
  0.3061434E+00 -0.1560606E+01  0.1132154E+01  0.0000000E+00
 -0.7551808E+01  0.3425546E+01 -0.3103542E+01  0.0000000E+00
  0.8292126E+01  0.1751999E+01  0.2042633E+01  0.0000000E+00
  0.2021261E+02 -0.2125162E+01  0.3928573E+01  0.0000000E+00
  0.8501696E+01 -0.1815644E+01  0.2226248E+01  0.0000000E+00
  0.1778704E+01 -0.1677000E+01  0.1250765E+01  0.0000000E+00
