  2  2   693 10944  4  4  9 11  7  1    0.00   24.00  100.00  600.00    0.00    6.28   45.00   45.00
  100.0  100.0  100.0  100.0  125.0  150.0  190.0  230.0  275.0  350.0  450.0  600.0  600.0  600.0  600.0
  0.2032629E+03  0.2486582E+01 -0.4262829E+01  0.0000000E+00
  0.2167221E+03 -0.6828117E+02 -0.1581587E+01  0.0000000E+00
  0.3485843E+03 -0.1366177E+03  0.3060663E+01  0.0000000E+00
  0.8363788E+03  0.2258306E+03  0.8207512E+01  0.0000000E+00
  0.6536866E+03  0.6715434E+02 -0.4283591E+01  0.0000000E+00
  0.1017280E+04  0.2630221E+03  0.5642362E+01  0.0000000E+00
  0.9625197E+03  0.2990608E+03  0.1072395E+02  0.0000000E+00
  0.1004025E+04  0.3005819E+03  0.7395313E+01  0.0000000E+00
  0.1122341E+04  0.2134461E+03  0.5005530E+01  0.0000000E+00
  0.1229770E+04  0.1602329E+03  0.2197302E+01  0.0000000E+00
  0.1293988E+04  0.1281021E+03  0.5263475E+00  0.0000000E+00
 -0.6571281E+01  0.2634593E+02  0.1731155E+01  0.0000000E+00
  0.1037215E+03 -0.1554019E+02 -0.3964353E+01  0.0000000E+00
 -0.1434953E+03 -0.1775421E+03 -0.2004559E+01  0.0000000E+00
  0.1850247E+01  0.1089061E+03  0.1533925E+02  0.0000000E+00
 -0.4035265E+03 -0.2204087E+03 -0.5285373E+01  0.0000000E+00
  0.8234206E+02 -0.1414313E+02 -0.8418811E+00  0.0000000E+00
 -0.1831471E+03 -0.9556192E+02  0.2410386E+01  0.0000000E+00
 -0.9036940E+02 -0.5430893E+02  0.3547521E+00  0.0000000E+00
 -0.1974299E+03  0.2977893E+02  0.4067434E+01  0.0000000E+00
 -0.2856485E+03  0.1006489E+03  0.6878373E+01  0.0000000E+00
 -0.3384986E+03  0.1430812E+03  0.8565957E+01  0.0000000E+00
  0.3352927E+02  0.7766252E+02 -0.1716684E+00  0.0000000E+00
 -0.3868229E+02 -0.1072389E+03 -0.1133399E+01  0.0000000E+00
  0.1228985E+02  0.6487459E+02  0.1158814E+02  0.0000000E+00
 -0.4266061E+02 -0.8241681E+02 -0.8953493E+01  0.0000000E+00
 -0.8483825E+02 -0.2281985E+02  0.8893527E+01  0.0000000E+00
 -0.7237770E+02 -0.3315177E+02 -0.2475094E+01  0.0000000E+00
 -0.1037173E+03 -0.4378936E+02  0.9100096E+00  0.0000000E+00
 -0.8111841E+02 -0.6234277E+02 -0.1561046E-01  0.0000000E+00
 -0.7587522E+02 -0.4872938E+02  0.2798046E+01  0.0000000E+00
 -0.8163732E+02 -0.2844401E+02  0.3808182E+01  0.0000000E+00
 -0.8495238E+02 -0.1641684E+02  0.4430915E+01  0.0000000E+00
  0.9233824E+01 -0.4397684E-01  0.3234809E-02  0.0000000E+00
 -0.5796637E+01 -0.3951720E+00  0.3790101E-01  0.0000000E+00
  0.2322516E+02  0.1257523E+01 -0.6357826E-01  0.0000000E+00
 -0.6892187E+01 -0.1525371E+01  0.1137925E+00  0.0000000E+00
  0.1229261E+02  0.2358256E+01 -0.1642975E+00  0.0000000E+00
 -0.1881693E+01 -0.5141885E+01  0.3883195E+00  0.0000000E+00
  0.2301004E+02  0.4012114E+01 -0.3085565E+00  0.0000000E+00
  0.4183301E+00 -0.1480641E+01  0.9269661E+00  0.0000000E+00
 -0.2403657E+02  0.9006595E+01 -0.4411279E+00  0.0000000E+00
 -0.5108682E+02  0.2299371E+02  0.4307778E+00  0.0000000E+00
 -0.6719728E+02  0.3129959E+02  0.9261672E+00  0.0000000E+00
 -0.7163628E+01  0.2225906E-01  0.1584818E-01  0.0000000E+00
  0.8599817E+00 -0.2089199E+00 -0.2841602E-01  0.0000000E+00
  0.5164757E+01  0.5462939E+00  0.5703945E-01  0.0000000E+00
 -0.2269770E+01 -0.1207958E+01 -0.1246768E+00  0.0000000E+00
  0.3404213E+01  0.2912609E+01  0.3268104E+00  0.0000000E+00
  0.1237335E+02 -0.2795756E+01 -0.1676465E+01  0.0000000E+00
  0.2746689E+02  0.1869564E+02  0.1093847E+01  0.0000000E+00
  0.1698980E+02  0.1081126E+02  0.1416549E+01  0.0000000E+00
  0.5550896E-01  0.1981291E+02  0.1319667E+01  0.0000000E+00
 -0.1604852E+02  0.2716822E+02  0.2498096E+01  0.0000000E+00
 -0.2566644E+02  0.3157399E+02  0.3187134E+01  0.0000000E+00
  0.2732494E-01 -0.1953033E+00 -0.1717475E-01  0.0000000E+00
  0.3669907E+01  0.6559061E+00  0.1880606E-02  0.0000000E+00
 -0.5661374E+01 -0.3694603E+00 -0.3155965E-01  0.0000000E+00
  0.6725369E+01  0.7891832E+00  0.4445279E-01  0.0000000E+00
 -0.2382014E+01 -0.1831401E+01 -0.3302717E-01  0.0000000E+00
  0.5363233E+01  0.3683267E+01 -0.1767589E+00  0.0000000E+00
  0.1649075E+02  0.4230190E+01 -0.7244331E+00  0.0000000E+00
  0.1541104E+02  0.7466251E+01 -0.7349325E+00  0.0000000E+00
  0.3091265E+02 -0.4086488E+01 -0.6888271E-01  0.0000000E+00
  0.4863981E+02 -0.2125743E+02 -0.4893589E+00  0.0000000E+00
  0.5919178E+02 -0.3143884E+02 -0.7282210E+00  0.0000000E+00
 -0.9409498E+00  0.1499937E+00 -0.9885720E-02  0.0000000E+00
 -0.3790975E+00 -0.3072544E+00  0.1911075E-01  0.0000000E+00
 -0.1097809E+01  0.4265907E+00 -0.3156525E-01  0.0000000E+00
 -0.5374698E-01 -0.1732760E+00  0.8020579E-01  0.0000000E+00
 -0.6893101E+01 -0.1040916E+00 -0.1962224E+00  0.0000000E+00
  0.2451315E+01 -0.1864339E+01  0.1124824E+01  0.0000000E+00
  0.5701079E+01 -0.2086559E+00 -0.5626762E+00  0.0000000E+00
  0.6418423E+01  0.1746056E+01  0.6514442E+00  0.0000000E+00
  0.1426012E+02 -0.3562820E+01 -0.2973190E+00  0.0000000E+00
  0.1821599E+02 -0.8527601E+01 -0.3511091E+00  0.0000000E+00
  0.2061889E+02 -0.1149275E+02 -0.3931240E+00  0.0000000E+00
  0.2065481E+00  0.1014396E-01  0.1486049E-01  0.0000000E+00
 -0.5343304E+01  0.2153162E+00  0.1044105E-02  0.0000000E+00
  0.8808552E+01  0.3388432E+00  0.2254717E-01  0.0000000E+00
 -0.4992733E+01 -0.7032574E-01 -0.4136057E-01  0.0000000E+00
  0.5507465E+00  0.1711053E+01  0.1312973E-01  0.0000000E+00
 -0.2323041E+01 -0.4124156E+01  0.8888807E-01  0.0000000E+00
 -0.3754096E+00  0.7658565E+00  0.1091403E+00  0.0000000E+00
  0.1997883E+01 -0.1109894E+01 -0.2172798E+00  0.0000000E+00
  0.1190014E+02 -0.2570919E+01  0.5233108E-01  0.0000000E+00
  0.1666616E+02  0.2569518E+00 -0.6703698E-01  0.0000000E+00
  0.1956692E+02  0.1895903E+01 -0.1339652E+00  0.0000000E+00
  0.1134019E+01 -0.1886094E+00 -0.7225757E-03  0.0000000E+00
 -0.9628790E+00  0.2789740E+00  0.2291191E-01  0.0000000E+00
  0.3252455E+01  0.2595307E+00 -0.5369356E-01  0.0000000E+00
 -0.2653628E+01  0.3203397E+00  0.5081808E-01  0.0000000E+00
  0.7028318E+01 -0.1431386E+00 -0.8349313E-02  0.0000000E+00
 -0.6232120E+01  0.1844402E+01 -0.2073864E+00  0.0000000E+00
  0.7883948E+00 -0.3855083E+01 -0.1305477E+00  0.0000000E+00
 -0.3817573E+01  0.3122581E+01  0.2145974E-01  0.0000000E+00
  0.5254820E+01 -0.1146795E+01  0.7746567E-01  0.0000000E+00
  0.1553232E+02 -0.8514165E+01 -0.2724384E+00  0.0000000E+00
  0.2164973E+02 -0.1287466E+02 -0.4767666E+00  0.0000000E+00
  0.7396844E+01 -0.3207062E+02  0.1196752E+01  0.0000000E+00
  0.9163535E-01 -0.4790052E+02 -0.9725184E+00  0.0000000E+00
  0.1179969E+02  0.5645740E+02  0.9202971E+01  0.0000000E+00
  0.2788354E+01 -0.9489163E+01 -0.1058022E+02  0.0000000E+00
 -0.1850739E+02  0.5383416E+02  0.5943392E+01  0.0000000E+00
 -0.2743415E+02 -0.3951729E+02  0.9409645E+00  0.0000000E+00
 -0.2918130E+02  0.1496208E+01  0.1400775E+01  0.0000000E+00
 -0.2632454E+02 -0.2090735E+02  0.1819596E+01  0.0000000E+00
 -0.2101291E+02  0.8463827E+00 -0.4623003E+00  0.0000000E+00
 -0.2301531E+02  0.1292781E+02 -0.2121977E+01  0.0000000E+00
 -0.2412740E+02  0.2024528E+02 -0.3119357E+01  0.0000000E+00
  0.3062879E+02  0.6867398E+01  0.2640676E+01  0.0000000E+00
 -0.2016328E+02 -0.5494797E+02 -0.2937857E+01  0.0000000E+00
 -0.7730555E+02 -0.6066704E+02  0.2487026E+01  0.0000000E+00
  0.1203805E+03  0.4706857E+02 -0.2736480E+01  0.0000000E+00
 -0.3414057E+02  0.3979289E+02  0.8210044E+00  0.0000000E+00
 -0.4483157E+02 -0.4494338E+01  0.1693402E+01  0.0000000E+00
  0.1684135E+02  0.1254202E+01 -0.2201414E+01  0.0000000E+00
  0.9296601E+00 -0.1701957E+00 -0.5288281E+00  0.0000000E+00
  0.2271728E+02 -0.2987299E+02  0.5987798E-01  0.0000000E+00
  0.3474554E+02 -0.4601524E+02  0.1129477E+01  0.0000000E+00
  0.4203235E+02 -0.5579911E+02  0.1761744E+01  0.0000000E+00
 -0.2950160E+02 -0.5433525E+01  0.5279754E+00  0.0000000E+00
 -0.4663155E+02 -0.1338327E+03 -0.3177964E+01  0.0000000E+00
  0.2436543E+02  0.9334002E+02 -0.8773355E+00  0.0000000E+00
  0.1248713E+02  0.4825893E+02  0.3820192E+01  0.0000000E+00
 -0.2931321E+02  0.4396180E+02 -0.3309305E+01  0.0000000E+00
  0.8738610E+01 -0.3888873E+01  0.6539585E+00  0.0000000E+00
 -0.6082943E+01  0.6234186E+01 -0.2714491E+01  0.0000000E+00
 -0.4359022E+00 -0.2902525E+01 -0.2994737E+01  0.0000000E+00
 -0.2719469E+01 -0.7211113E+01 -0.4652956E+01  0.0000000E+00
 -0.1019743E+02 -0.3015097E+01 -0.5182542E+01  0.0000000E+00
 -0.1460085E+02 -0.6065274E+00 -0.5511438E+01  0.0000000E+00
  0.3824011E+01 -0.3752078E+00  0.1488900E-01  0.0000000E+00
 -0.6390990E+01  0.3722626E+00 -0.2241004E-01  0.0000000E+00
  0.2887289E+02  0.2967023E+00  0.7989595E-01  0.0000000E+00
 -0.1585230E+02 -0.8833498E+00 -0.1181662E+00  0.0000000E+00
  0.1251285E+02  0.2529277E+01  0.1295512E+00  0.0000000E+00
 -0.6023256E+01 -0.9955489E-01  0.1518184E+00  0.0000000E+00
  0.2402145E+02  0.1677856E+01  0.7224426E+00  0.0000000E+00
  0.6933292E+01  0.6039475E+01 -0.2028476E+00  0.0000000E+00
  0.6942481E+00  0.1283360E+02  0.9382735E+00  0.0000000E+00
 -0.5143650E+01  0.1789819E+02  0.3532648E+01  0.0000000E+00
 -0.8630068E+01  0.2094096E+02  0.5064631E+01  0.0000000E+00
  0.3147018E+01 -0.3970356E+00  0.6429308E-02  0.0000000E+00
 -0.1007227E+01  0.1381114E+01 -0.2378994E-01  0.0000000E+00
  0.6900787E+01 -0.1285230E+01  0.1236740E-01  0.0000000E+00
 -0.1704759E+01  0.1781557E+01 -0.6122598E-01  0.0000000E+00
  0.1728994E+02 -0.4573359E+01  0.2433308E+00  0.0000000E+00
  0.3472188E+01  0.2447394E+01 -0.9632745E+00  0.0000000E+00
  0.2310481E+01 -0.3640594E+01  0.5706711E-01  0.0000000E+00
 -0.1275503E+00  0.9021293E+00 -0.1115935E+01  0.0000000E+00
  0.6852824E+01 -0.1921119E+01 -0.6183055E-01  0.0000000E+00
  0.1546030E+02 -0.7535317E+01 -0.1377545E+00  0.0000000E+00
  0.2057903E+02 -0.1085298E+02 -0.1704689E+00  0.0000000E+00
 -0.4588988E+00 -0.1786990E+00 -0.2270046E-01  0.0000000E+00
 -0.3773826E+01  0.1091807E+01  0.3828918E-01  0.0000000E+00
  0.1017470E+02 -0.7265937E+00 -0.8725147E-01  0.0000000E+00
 -0.3059221E+01  0.1507633E+01  0.1356186E+00  0.0000000E+00
 -0.8556478E+01 -0.3829024E+01 -0.2126605E+00  0.0000000E+00
  0.4936538E+01  0.1580878E+01  0.2342922E-01  0.0000000E+00
 -0.1047083E+02  0.1076943E+01 -0.6136686E+00  0.0000000E+00
 -0.5836511E+01 -0.4660949E+01  0.1019461E+01  0.0000000E+00
 -0.1424167E+02  0.3310893E+01  0.2808776E+00  0.0000000E+00
 -0.2073745E+02  0.1066420E+02 -0.1281850E+01  0.0000000E+00
 -0.2463526E+02  0.1505858E+02 -0.2204958E+01  0.0000000E+00
  0.9885452E+00  0.2464352E+00 -0.7542274E-02  0.0000000E+00
  0.2499862E-01 -0.1060144E+01 -0.2952569E-02  0.0000000E+00
 -0.4554271E+00  0.1390955E+01  0.2249581E-01  0.0000000E+00
  0.2045049E+01 -0.7894201E+00 -0.2256076E-01  0.0000000E+00
 -0.1417192E+02  0.1801880E+01  0.1223742E-01  0.0000000E+00
  0.6203183E+01  0.1781056E+01  0.6855508E-01  0.0000000E+00
 -0.5459202E+01  0.2600905E+01  0.1232661E+01  0.0000000E+00
  0.6085111E+00  0.1377315E+01 -0.7862948E+00  0.0000000E+00
  0.3332205E+00  0.1923544E+01 -0.6551546E+00  0.0000000E+00
 -0.1612130E+01  0.9118343E+01  0.2632007E+00  0.0000000E+00
 -0.2754468E+01  0.1333676E+02  0.8024555E+00  0.0000000E+00
 -0.1516294E+01  0.3079635E+00  0.1847809E-01  0.0000000E+00
  0.3525811E+01  0.1148875E+00  0.1806893E-01  0.0000000E+00
 -0.6597346E+01  0.1361312E+01 -0.8245702E-02  0.0000000E+00
 -0.6086307E+01 -0.1274325E+01  0.1859932E-01  0.0000000E+00
  0.5602776E+01  0.2848955E+01 -0.1351955E-01  0.0000000E+00
  0.1074894E+01  0.2085206E+00 -0.7137667E-01  0.0000000E+00
 -0.5223782E+01  0.1304628E+01 -0.4654293E+00  0.0000000E+00
 -0.7698331E+01  0.3843886E+01  0.5490785E+00  0.0000000E+00
 -0.3408610E+01  0.1551904E+01  0.3824357E+00  0.0000000E+00
  0.4183123E+01 -0.5413627E+01 -0.4117523E+00  0.0000000E+00
  0.8675854E+01 -0.9517699E+01 -0.8786196E+00  0.0000000E+00
 -0.1020085E+01  0.1133902E+00  0.1201144E-01  0.0000000E+00
  0.5544667E+00  0.4840054E+00 -0.1335245E-01  0.0000000E+00
 -0.2804863E+01 -0.5695956E+00  0.3571214E-02  0.0000000E+00
  0.7084446E+01  0.4024266E-01  0.1178819E-01  0.0000000E+00
 -0.1635621E+01 -0.3648941E+00 -0.5691251E-01  0.0000000E+00
  0.4666989E+01  0.5291169E+00  0.2079184E+00  0.0000000E+00
 -0.1292791E+01 -0.2152610E+01 -0.9649463E+00  0.0000000E+00
  0.6980728E+00 -0.1046756E-01  0.3038575E+00  0.0000000E+00
 -0.3056963E+01  0.4127999E+01  0.4281770E-01  0.0000000E+00
 -0.8522186E+01  0.5401197E+01 -0.7600572E+00  0.0000000E+00
 -0.1176443E+02  0.6192481E+01 -0.1233046E+01  0.0000000E+00
  0.4243009E+02  0.3015676E+02  0.1387575E+00  0.0000000E+00
 -0.1371112E+03 -0.1187004E+03  0.5402807E+01  0.0000000E+00
  0.1122114E+03  0.7013879E+02 -0.1097426E+02  0.0000000E+00
 -0.6713347E+02 -0.3752324E+02  0.1191639E+02  0.0000000E+00
  0.2127510E+02  0.4845815E+02 -0.6590903E+01  0.0000000E+00
 -0.2851089E+02 -0.1518818E+02 -0.9012419E+00  0.0000000E+00
  0.9564761E+01  0.1462390E+02 -0.2741013E+01  0.0000000E+00
  0.1184622E+01  0.8400832E+01 -0.1080784E+01  0.0000000E+00
  0.6950708E+01  0.4390603E+01  0.4745497E+00  0.0000000E+00
  0.1764972E+02 -0.8813959E+01  0.1843380E+01  0.0000000E+00
  0.2397886E+02 -0.1658896E+02  0.2662398E+01  0.0000000E+00
  0.1393150E+02  0.2035523E+02  0.1118501E+01  0.0000000E+00
 -0.1585084E+03 -0.7608770E+02  0.3311059E+01  0.0000000E+00
  0.1856851E+03  0.3014318E+02 -0.9695002E+01  0.0000000E+00
 -0.1914865E+03  0.3491589E+02  0.2379048E+02  0.0000000E+00
 -0.1140169E+02 -0.1000694E+02 -0.1325204E+02  0.0000000E+00
 -0.1648803E+02  0.1258863E+02 -0.2786803E+01  0.0000000E+00
  0.1135593E+02  0.1515881E+01  0.2654102E+01  0.0000000E+00
  0.5102927E+01  0.3249517E+01 -0.2762150E+01  0.0000000E+00
 -0.7521392E+00  0.2722743E+01 -0.3752942E+01  0.0000000E+00
 -0.4607279E+01  0.8408251E+01 -0.5277057E+01  0.0000000E+00
 -0.6929722E+01  0.1173002E+02 -0.6180481E+01  0.0000000E+00
 -0.4597596E+01  0.1790461E+02 -0.1645400E+00  0.0000000E+00
 -0.3869171E+01 -0.9332777E+01 -0.5769575E+01  0.0000000E+00
 -0.2504537E+00  0.2922032E+02  0.9920895E+01  0.0000000E+00
  0.3456961E+02  0.1087459E+02 -0.8534209E+01  0.0000000E+00
 -0.2436709E+00  0.7461638E+01  0.4435771E+01  0.0000000E+00
 -0.6419228E+01 -0.1374149E+02 -0.9456045E+00  0.0000000E+00
  0.7519054E+00  0.4175588E+01 -0.1852798E+00  0.0000000E+00
 -0.7996550E+01 -0.1033758E+01 -0.1064508E+01  0.0000000E+00
  0.3965580E+00 -0.5941671E+01 -0.1962041E+01  0.0000000E+00
  0.1113945E+02 -0.1092736E+02 -0.1429206E+01  0.0000000E+00
  0.1752123E+02 -0.1389747E+02 -0.1127056E+01  0.0000000E+00
 -0.6239622E+01  0.3662762E-01  0.8856890E-02  0.0000000E+00
  0.1124783E+02  0.1312100E+00  0.8465673E-01  0.0000000E+00
 -0.9248847E+01  0.9219424E+00 -0.1328298E+00  0.0000000E+00
  0.5444894E+01 -0.2508717E+01  0.2397131E+00  0.0000000E+00
  0.4396661E+01  0.3169656E+01 -0.3695416E+00  0.0000000E+00
 -0.1934627E+02 -0.9511714E+01  0.6047638E+00  0.0000000E+00
 -0.1486218E+01  0.2339284E+01  0.3860078E+00  0.0000000E+00
 -0.2662914E+01 -0.4960269E+01  0.1682831E+01  0.0000000E+00
 -0.3318093E+01 -0.2027746E+01  0.2022268E+01  0.0000000E+00
 -0.9558138E+01  0.6853484E+01  0.9867479E-01  0.0000000E+00
 -0.1321853E+02  0.1208587E+02 -0.1023913E+01  0.0000000E+00
  0.2918237E+01  0.7721903E-01  0.1022545E-02  0.0000000E+00
  0.3358518E+01  0.2890912E+00  0.1436954E-01  0.0000000E+00
 -0.1776882E+01 -0.4949185E-01  0.1546595E-01  0.0000000E+00
 -0.8492232E+00  0.2562136E+00 -0.4841679E-01  0.0000000E+00
  0.3001834E+01 -0.1998011E+01  0.8318809E-01  0.0000000E+00
  0.7629086E+01  0.4633215E+01 -0.1194248E+00  0.0000000E+00
 -0.2203759E+01 -0.4836313E+01 -0.3113641E+00  0.0000000E+00
  0.3121567E+01 -0.6134384E-01 -0.9753046E+00  0.0000000E+00
 -0.1255371E+01  0.8765724E+00 -0.5116849E+00  0.0000000E+00
 -0.6613733E+01  0.3342833E+01 -0.8133669E+00  0.0000000E+00
 -0.9800284E+01  0.4798610E+01 -0.9849372E+00  0.0000000E+00
  0.1081681E+01 -0.1410433E+00 -0.1436624E-01  0.0000000E+00
 -0.2054376E+01  0.3130698E+00 -0.4803584E-01  0.0000000E+00
  0.2826302E+01  0.1933594E-01  0.2911942E-01  0.0000000E+00
  0.3904287E+01  0.1818641E+01 -0.6490174E-01  0.0000000E+00
 -0.3451545E+01 -0.2452956E+01  0.1838312E+00  0.0000000E+00
 -0.1394194E+01  0.9261804E+01 -0.2933282E+00  0.0000000E+00
 -0.2198801E+01 -0.4623248E+01 -0.8118291E+00  0.0000000E+00
 -0.1527931E+01  0.7459802E+00  0.9247272E+00  0.0000000E+00
  0.2400301E+01 -0.1813584E+01  0.1843191E+00  0.0000000E+00
  0.7403751E+01 -0.2778956E+01  0.2976523E+00  0.0000000E+00
  0.1037741E+02 -0.3374017E+01  0.3558188E+00  0.0000000E+00
 -0.2287460E+01 -0.1497145E+00 -0.2637087E-02  0.0000000E+00
  0.1631939E+01 -0.2277989E+00 -0.4225563E-02  0.0000000E+00
 -0.4437114E+01  0.1945749E+00  0.2220676E-01  0.0000000E+00
 -0.3218930E+00 -0.3029964E+00  0.8361185E-02  0.0000000E+00
 -0.7339445E+01  0.2133708E+01  0.2564073E-01  0.0000000E+00
 -0.9901057E+00 -0.1738131E+01 -0.2375576E+00  0.0000000E+00
 -0.2074947E+01  0.1770905E+01  0.2848893E+00  0.0000000E+00
  0.3353886E+01 -0.3988546E+01 -0.1973029E+00  0.0000000E+00
 -0.2818379E+01  0.2170036E+01  0.9664118E+00  0.0000000E+00
 -0.8692513E+01  0.9820980E+01  0.5022064E+00  0.0000000E+00
 -0.1219991E+02  0.1436838E+02  0.2432979E+00  0.0000000E+00
 -0.8229913E+00 -0.3609367E+00 -0.5127361E-04  0.0000000E+00
  0.1264261E+01  0.6840166E+00  0.5437033E-01  0.0000000E+00
 -0.1180259E+01 -0.1208956E-01 -0.2418678E-01  0.0000000E+00
 -0.7527594E+00 -0.1220117E+01  0.6386796E-01  0.0000000E+00
  0.7492327E+01  0.1876847E+01 -0.1416856E+00  0.0000000E+00
 -0.2953801E+01 -0.4690879E+01  0.2402162E+00  0.0000000E+00
  0.4086671E+01 -0.1971040E+01 -0.1499090E+00  0.0000000E+00
 -0.2341514E+01  0.2167735E+00  0.9495563E-01  0.0000000E+00
  0.1624626E+01 -0.1003163E+01 -0.1385959E-01  0.0000000E+00
  0.8006605E+01 -0.7703165E+01  0.3606678E+00  0.0000000E+00
  0.1178732E+02 -0.1163970E+02  0.5788517E+00  0.0000000E+00
  0.9196496E-01 -0.3059432E+00  0.8030311E-02  0.0000000E+00
 -0.3182880E+01  0.6554566E+00  0.2620254E-01  0.0000000E+00
  0.6434151E+01 -0.3926943E+00 -0.9879197E-01  0.0000000E+00
 -0.2337564E+01 -0.4722563E+00  0.1056281E+00  0.0000000E+00
 -0.3111222E+00 -0.7245716E-01 -0.1430671E+00  0.0000000E+00
 -0.9785243E+00 -0.2732017E+01  0.1970053E+00  0.0000000E+00
 -0.1697440E+01 -0.1030182E+01  0.1286757E+00  0.0000000E+00
 -0.4367662E-01 -0.6589986E-01 -0.7212900E-01  0.0000000E+00
  0.2262766E+01 -0.5778120E+00 -0.2896222E+00  0.0000000E+00
  0.7196377E+01 -0.6723757E+01  0.2162317E+00  0.0000000E+00
  0.1011166E+02 -0.1032903E+02  0.5100210E+00  0.0000000E+00
  0.8975669E+01  0.7858998E+01  0.9219816E-02  0.0000000E+00
 -0.3890964E+01 -0.4140713E+02 -0.1305560E+01  0.0000000E+00
 -0.1464240E+02  0.3423987E+02 -0.3082987E+00  0.0000000E+00
  0.6223651E+01 -0.2110330E+02 -0.7058718E+00  0.0000000E+00
 -0.8196829E+01  0.1434596E+01  0.3919952E+01  0.0000000E+00
  0.9703500E+00 -0.5359740E+01 -0.4394786E+00  0.0000000E+00
 -0.5499112E+01 -0.2297289E+01  0.9898232E+00  0.0000000E+00
 -0.2008157E+01 -0.3210439E+01  0.4882975E+00  0.0000000E+00
  0.3947338E+01 -0.4328772E+01  0.1584397E+00  0.0000000E+00
  0.8108653E+01 -0.7519180E+01 -0.2558802E+00  0.0000000E+00
  0.1061163E+02 -0.9399377E+01 -0.5021469E+00  0.0000000E+00
  0.1400639E+02  0.2884489E+02  0.9053085E+00  0.0000000E+00
 -0.4396608E+02 -0.6447315E+02 -0.2882747E+01  0.0000000E+00
 -0.1419322E+02  0.5397486E+02  0.2965875E+01  0.0000000E+00
  0.6120709E+02 -0.3672466E+02 -0.2108048E+01  0.0000000E+00
 -0.2920912E+02  0.3066988E+01  0.6399465E+01  0.0000000E+00
  0.2480767E+02  0.5287598E+01 -0.3165952E+01  0.0000000E+00
 -0.1980634E+01  0.3806831E+01 -0.5813138E+00  0.0000000E+00
 -0.2189692E+01  0.2038258E+00 -0.6008131E+00  0.0000000E+00
 -0.5347883E+01  0.3724667E+01  0.1617467E+00  0.0000000E+00
 -0.6597471E+01  0.7069426E+01  0.1114561E+00  0.0000000E+00
 -0.7364508E+01  0.9066803E+01  0.9065157E-01  0.0000000E+00
 -0.1797485E+02  0.5169011E+01  0.7468461E+00  0.0000000E+00
  0.1887298E+02 -0.3729277E+02  0.6830669E+00  0.0000000E+00
 -0.9436842E+01  0.2436029E+02  0.4579189E+01  0.0000000E+00
 -0.3577964E+02 -0.2408511E+02 -0.2940805E+01  0.0000000E+00
  0.1306561E+02  0.8709483E+01  0.1508855E+01  0.0000000E+00
  0.5141693E+00  0.3930662E+01  0.4541162E+00  0.0000000E+00
  0.3560018E+01 -0.2423190E+01 -0.4678291E+00  0.0000000E+00
  0.3523581E+01  0.2051264E+01 -0.2485990E+00  0.0000000E+00
  0.7587587E+01 -0.6685943E+00 -0.3186121E-01  0.0000000E+00
  0.5345320E+01 -0.4338215E+00 -0.2891938E+00  0.0000000E+00
  0.4078050E+01 -0.3257797E+00 -0.4375422E+00  0.0000000E+00
  0.5662958E+01 -0.2477890E+00  0.2133039E-01  0.0000000E+00
 -0.3995074E+01  0.5838243E+00 -0.4534228E-01  0.0000000E+00
  0.1184989E+02 -0.1303069E+01  0.6132409E-01  0.0000000E+00
 -0.6555777E+01  0.7819546E+00 -0.7106013E-01  0.0000000E+00
  0.1351055E+01 -0.8434118E+00  0.4907293E-01  0.0000000E+00
  0.6188840E+01 -0.1677120E+01  0.1874290E+00  0.0000000E+00
 -0.6433769E+01 -0.1391219E+01  0.1713413E+00  0.0000000E+00
 -0.5300493E+01 -0.2773536E+00 -0.1953755E+00  0.0000000E+00
 -0.8840454E+01  0.7737705E+00 -0.1123720E-01  0.0000000E+00
 -0.8757050E+01  0.1350022E+01  0.4650883E+00  0.0000000E+00
 -0.8748282E+01  0.1698822E+01  0.7461326E+00  0.0000000E+00
 -0.3493138E-01 -0.1396496E+00  0.4056264E-02  0.0000000E+00
 -0.5112298E+00  0.4025182E+00 -0.1522601E-01  0.0000000E+00
  0.1438494E+01 -0.7565011E+00 -0.3026593E-02  0.0000000E+00
  0.1858594E+01 -0.5766805E+00  0.1411293E-01  0.0000000E+00
 -0.6223950E+01  0.1144106E+01  0.5698456E-01  0.0000000E+00
 -0.5548598E+01 -0.2839430E+00 -0.3157749E+00  0.0000000E+00
 -0.2723063E+01 -0.6162310E+00 -0.3677969E+00  0.0000000E+00
 -0.7784320E+01  0.1016350E+01  0.1422960E+00  0.0000000E+00
 -0.4436091E+01 -0.5108254E-01 -0.1100938E+00  0.0000000E+00
 -0.2032614E+01 -0.1454183E+01 -0.1109907E+00  0.0000000E+00
 -0.5880375E+00 -0.2288246E+01 -0.1142893E+00  0.0000000E+00
  0.4048564E-01 -0.2329417E-01 -0.1379136E-01  0.0000000E+00
 -0.4273591E+01 -0.2632353E+00 -0.2063949E-01  0.0000000E+00
  0.6294538E+01  0.8913141E+00  0.4563416E-01  0.0000000E+00
 -0.3819245E+01 -0.1697617E+00 -0.7931642E-01  0.0000000E+00
 -0.8770705E+00  0.3573868E+00  0.9783409E-01  0.0000000E+00
 -0.1972546E+01  0.2116093E+01 -0.2310756E+00  0.0000000E+00
  0.1663554E+01 -0.1203183E+01  0.2773907E+00  0.0000000E+00
 -0.2655731E+01  0.6565082E+00 -0.6597126E-01  0.0000000E+00
 -0.1428105E+01 -0.6864786E+00 -0.6845018E-01  0.0000000E+00
  0.1930101E+00  0.6445909E+00 -0.1394309E+00  0.0000000E+00
  0.1155986E+01  0.1409260E+01 -0.1810454E+00  0.0000000E+00
 -0.1071463E-02  0.1780793E+00  0.2389979E-03  0.0000000E+00
  0.4819362E+00 -0.4864520E+00 -0.5190468E-02  0.0000000E+00
 -0.2259041E+01  0.6289105E+00  0.4169046E-02  0.0000000E+00
  0.8591812E+00 -0.2382537E+00 -0.1897486E-01  0.0000000E+00
 -0.3587379E+01  0.1960578E+00  0.5738953E-02  0.0000000E+00
  0.4256479E+01 -0.8546193E+00  0.1427481E+00  0.0000000E+00
  0.3964778E+01 -0.6625423E+00  0.2593732E+00  0.0000000E+00
  0.7592304E+00  0.8249676E+00 -0.2195936E+00  0.0000000E+00
 -0.4584986E+01  0.2030541E+01  0.6389614E-01  0.0000000E+00
 -0.4960404E+01  0.2689915E+01  0.4204721E+00  0.0000000E+00
 -0.5240355E+01  0.3089262E+01  0.6324452E+00  0.0000000E+00
 -0.2252102E+01  0.7230056E-01  0.5321578E-02  0.0000000E+00
  0.2959137E+01  0.2141535E+00 -0.2409586E-02  0.0000000E+00
 -0.7773465E+01 -0.1513363E-01 -0.1853458E-01  0.0000000E+00
  0.7749279E+01 -0.2618595E+00  0.1234244E-01  0.0000000E+00
 -0.2168159E+00  0.1290837E+00  0.4201225E-02  0.0000000E+00
  0.1285809E+01 -0.1594152E+01 -0.5980640E-01  0.0000000E+00
  0.1720592E+01 -0.1376547E+00 -0.1221514E+00  0.0000000E+00
  0.4696076E+01  0.1558187E+01 -0.3266200E-01  0.0000000E+00
  0.3798025E+01  0.7403227E+00 -0.1671376E+00  0.0000000E+00
  0.2628269E+01 -0.1164411E+01 -0.4961438E+00  0.0000000E+00
  0.1933281E+01 -0.2288647E+01 -0.6902585E+00  0.0000000E+00
  0.1942222E+01  0.2633744E-01  0.9190397E-02  0.0000000E+00
 -0.1035476E+01  0.6217909E-01 -0.8465651E-02  0.0000000E+00
 -0.7566311E+00  0.3548684E+00  0.3513974E-01  0.0000000E+00
 -0.1900494E+01  0.3098293E+00 -0.5667745E-01  0.0000000E+00
  0.4075393E+01 -0.6392968E-01  0.6584854E-01  0.0000000E+00
  0.3115464E+01 -0.8295168E+00 -0.1196479E+00  0.0000000E+00
  0.9936869E+00  0.1239051E+01  0.2046354E+00  0.0000000E+00
 -0.2625072E+00 -0.1361993E+00 -0.1528922E+00  0.0000000E+00
  0.6621976E+00 -0.1549098E+01 -0.6672571E-01  0.0000000E+00
  0.1365614E+01 -0.1124683E+01 -0.8468044E-01  0.0000000E+00
  0.1787858E+01 -0.8923705E+00 -0.9424524E-01  0.0000000E+00
  0.2406056E+02  0.7566286E+01 -0.8315864E+00  0.0000000E+00
 -0.1396401E+03 -0.6645706E+02  0.7715146E+00  0.0000000E+00
  0.6843974E+02  0.1764238E+02  0.2371988E+00  0.0000000E+00
 -0.1753072E+02 -0.1184977E+00  0.1079700E+01  0.0000000E+00
  0.2033895E+02  0.2407897E+01 -0.1563566E+01  0.0000000E+00
  0.5198848E+00  0.1997465E+01  0.4182642E+00  0.0000000E+00
 -0.3331624E+01  0.7839515E+00 -0.2498189E-01  0.0000000E+00
 -0.2315768E+01  0.4718241E+00  0.5687191E+00  0.0000000E+00
 -0.6042845E+00  0.6119089E+00  0.8641231E+00  0.0000000E+00
  0.3075629E+00  0.2471925E+00  0.1140537E+01  0.0000000E+00
  0.8602954E+00  0.3510636E-01  0.1305622E+01  0.0000000E+00
  0.1096386E+03  0.5616753E+02 -0.1738308E+01  0.0000000E+00
 -0.1541385E+03 -0.5643573E+02  0.3501369E+01  0.0000000E+00
  0.3376176E+02  0.3371411E+02 -0.2370313E+01  0.0000000E+00
  0.7678338E+02 -0.2617605E+02  0.9271546E+00  0.0000000E+00
  0.1639472E+02  0.1430665E+01 -0.3470814E+01  0.0000000E+00
 -0.4399036E+01 -0.1134504E+02  0.1879510E+01  0.0000000E+00
  0.1814550E+01  0.3893803E+01 -0.1651081E+01  0.0000000E+00
 -0.1409942E+01 -0.3313584E+01  0.1399283E+01  0.0000000E+00
 -0.2537436E+01  0.8967231E+00  0.1192412E+01  0.0000000E+00
 -0.3370172E+01  0.2846106E+01  0.1366622E+01  0.0000000E+00
 -0.3870585E+01  0.4035369E+01  0.1466407E+01  0.0000000E+00
 -0.3099379E+01 -0.6363465E+01  0.1875869E+00  0.0000000E+00
 -0.8214535E+02 -0.4482460E+02 -0.2629828E+00  0.0000000E+00
  0.1117271E+03  0.5694668E+02 -0.2376849E+01  0.0000000E+00
 -0.8438073E+02 -0.3674030E+02  0.1798653E+01  0.0000000E+00
  0.1046974E+02 -0.3876610E+01 -0.6454474E+00  0.0000000E+00
 -0.7473413E+01  0.1520449E+01  0.8964058E+00  0.0000000E+00
  0.6254637E+01 -0.1020854E+01  0.6292529E+00  0.0000000E+00
 -0.3723837E+01  0.3386194E+00  0.1254154E+01  0.0000000E+00
 -0.3327071E+01  0.1360392E+01  0.1797094E+01  0.0000000E+00
 -0.3755210E+01  0.4071824E+01  0.1927382E+01  0.0000000E+00
 -0.4001345E+01  0.5670494E+01  0.2009757E+01  0.0000000E+00
 -0.1459054E+02  0.6709107E-01  0.1416785E-01  0.0000000E+00
  0.1724149E+02 -0.1759807E+00 -0.3124767E-01  0.0000000E+00
 -0.1439998E+02  0.1578648E+01  0.5591584E-01  0.0000000E+00
 -0.1968070E+01 -0.7288769E+00 -0.5746253E-01  0.0000000E+00
 -0.3129029E+01 -0.3028787E+00 -0.2406342E-01  0.0000000E+00
  0.6791426E+01  0.2559488E+01  0.2769278E+00  0.0000000E+00
 -0.1814234E+01 -0.3104307E+01  0.2853113E+00  0.0000000E+00
 -0.2536533E+01  0.8404089E+00 -0.2420324E+00  0.0000000E+00
 -0.3096952E+01 -0.8576289E+00 -0.8579342E+00  0.0000000E+00
  0.3202165E+00 -0.4752687E+01 -0.1286103E+01  0.0000000E+00
  0.2314388E+01 -0.7052081E+01 -0.1543702E+01  0.0000000E+00
  0.6906698E+01 -0.9838768E-01  0.1209978E-01  0.0000000E+00
  0.8464236E+01 -0.2290782E+00 -0.1660193E-01  0.0000000E+00
 -0.1068220E+02  0.2524556E+00  0.1336861E-02  0.0000000E+00
  0.6224740E+01  0.6946317E+00 -0.1501848E-01  0.0000000E+00
  0.1488967E+01 -0.9861170E-01 -0.5301357E-03  0.0000000E+00
 -0.9308354E+01 -0.1087831E+01 -0.1055618E+00  0.0000000E+00
  0.2705783E+01 -0.7075896E+00 -0.5166642E-01  0.0000000E+00
 -0.2649735E+01  0.4896155E+00  0.6467473E+00  0.0000000E+00
 -0.3342580E+01  0.8291872E+00  0.1812406E+00  0.0000000E+00
 -0.4105084E+01 -0.3928472E+00  0.2637464E+00  0.0000000E+00
 -0.4559643E+01 -0.1104072E+01  0.3069837E+00  0.0000000E+00
 -0.2528108E+01  0.4031770E-01 -0.3454698E-02  0.0000000E+00
  0.1429318E+01  0.5925423E+00 -0.4229830E-01  0.0000000E+00
 -0.4096395E+01  0.5970781E+00  0.7189040E-01  0.0000000E+00
 -0.9359038E+01 -0.8393905E+00 -0.1529578E+00  0.0000000E+00
  0.2116197E+01  0.1024780E+01  0.2075712E+00  0.0000000E+00
 -0.7827625E+00 -0.2315894E+01 -0.4557257E+00  0.0000000E+00
  0.2580671E+01  0.1339704E+01  0.5830910E+00  0.0000000E+00
 -0.6075270E+00 -0.1046330E+01 -0.6856054E+00  0.0000000E+00
  0.2263839E+01 -0.3360694E+00 -0.1275108E+00  0.0000000E+00
  0.1984222E+01  0.2503469E+01 -0.9285291E-01  0.0000000E+00
  0.1852726E+01  0.4173868E+01 -0.6647361E-01  0.0000000E+00
  0.1391594E+01 -0.3373464E+00 -0.1934235E-01  0.0000000E+00
 -0.1184721E+01  0.1916859E+00  0.1152227E-01  0.0000000E+00
 -0.6450603E+00  0.2743604E+00 -0.2885863E-01  0.0000000E+00
  0.5914495E+01 -0.3891038E+00  0.4660920E-01  0.0000000E+00
 -0.3012917E+01 -0.5610743E+00 -0.6164415E-01  0.0000000E+00
  0.1936760E+00  0.1683955E+01  0.4728457E-01  0.0000000E+00
 -0.5590656E+00 -0.1938591E+01 -0.2029234E+00  0.0000000E+00
 -0.8370833E+00  0.3781898E+01  0.2600011E+00  0.0000000E+00
 -0.1695266E+00  0.1420654E+01  0.1912919E-01  0.0000000E+00
  0.2363192E+01 -0.3014653E+01 -0.3514918E+00  0.0000000E+00
  0.3853311E+01 -0.5637432E+01 -0.5711826E+00  0.0000000E+00
  0.1801638E+01 -0.2278963E+00  0.3813023E-02  0.0000000E+00
 -0.3610346E+01  0.6359896E+00 -0.1712322E-01  0.0000000E+00
  0.6427036E+01 -0.4184821E-01 -0.4712724E-02  0.0000000E+00
 -0.2896804E+01 -0.1515515E+00  0.1568733E-01  0.0000000E+00
  0.6611791E+00 -0.1902570E+00 -0.8309519E-02  0.0000000E+00
  0.2820485E+01  0.3238427E+00 -0.8917016E-01  0.0000000E+00
 -0.3054681E+01  0.1483939E+01  0.1225092E+00  0.0000000E+00
  0.7880143E+00 -0.1475583E+01 -0.4767051E+00  0.0000000E+00
 -0.2878003E+00 -0.1010089E+01 -0.4446935E+00  0.0000000E+00
 -0.1863757E+01  0.1413579E+01 -0.1548074E-01  0.0000000E+00
 -0.2798457E+01  0.2837302E+01  0.2362427E+00  0.0000000E+00
 -0.8953095E+00  0.1233632E+00  0.1806364E-01  0.0000000E+00
 -0.6003849E+00  0.4490103E+00 -0.9233861E-02  0.0000000E+00
  0.2568623E+00  0.3728733E+00  0.1934066E-01  0.0000000E+00
 -0.1074376E+01 -0.3297190E+00 -0.1915659E-01  0.0000000E+00
  0.3028347E+01  0.1077757E+01  0.8516461E-03  0.0000000E+00
  0.6583573E+00 -0.4731429E+00  0.9365123E-01  0.0000000E+00
 -0.9473077E+00  0.1066803E+01  0.6321512E-01  0.0000000E+00
  0.3806161E+00 -0.1859515E+00 -0.5037780E-01  0.0000000E+00
  0.1351639E+01  0.7126872E+00  0.2456321E+00  0.0000000E+00
  0.1046440E+01  0.3913689E+01  0.1735893E+00  0.0000000E+00
  0.8785040E+00  0.5797845E+01  0.1346258E+00  0.0000000E+00
  0.1215199E+02 -0.3080210E+01  0.2015230E+00  0.0000000E+00
  0.1480416E+01  0.4929370E+01 -0.8937798E+00  0.0000000E+00
  0.1219594E+01  0.6806741E+01  0.3528947E+01  0.0000000E+00
 -0.1764069E+02 -0.1475621E+02 -0.4224159E+01  0.0000000E+00
  0.2366303E+02  0.7624233E+01  0.2845068E+01  0.0000000E+00
 -0.1137975E+02  0.2622918E+01  0.1192490E+00  0.0000000E+00
  0.1840156E+01 -0.5705707E+00  0.3459458E+00  0.0000000E+00
 -0.2377571E+00  0.7184465E+00  0.1128501E+00  0.0000000E+00
 -0.3116211E-01  0.2837365E+00  0.3579447E+00  0.0000000E+00
 -0.2064846E+01  0.1112879E+01  0.1541195E+00  0.0000000E+00
 -0.3253013E+01  0.1593377E+01  0.3750873E-01  0.0000000E+00
 -0.5123910E+01 -0.8197921E+00  0.6193896E+00  0.0000000E+00
  0.5368196E+00  0.7473188E+01 -0.1953045E+01  0.0000000E+00
 -0.4182131E+01 -0.1453135E+02  0.3593401E+01  0.0000000E+00
 -0.4440608E+02 -0.2295074E+01 -0.7306977E+01  0.0000000E+00
  0.1853174E+02 -0.5205419E+01  0.3178323E+01  0.0000000E+00
 -0.1215447E+02  0.3178040E+01  0.6163179E+00  0.0000000E+00
  0.3911043E+01 -0.1257741E+01 -0.6368294E+00  0.0000000E+00
 -0.4454285E+01  0.3872555E+00  0.7777422E-01  0.0000000E+00
 -0.6145804E+00  0.7251135E+00 -0.3473349E-01  0.0000000E+00
  0.2739264E+01 -0.2068375E+01 -0.4638370E-01  0.0000000E+00
  0.4745873E+01 -0.3700065E+01 -0.5450186E-01  0.0000000E+00
 -0.8808951E+01 -0.2892187E+01  0.4072823E+00  0.0000000E+00
  0.1404842E+02 -0.3400232E+01  0.1637426E+01  0.0000000E+00
 -0.1917634E+02  0.4419783E+01 -0.3613262E+00  0.0000000E+00
  0.2924151E+02 -0.1590722E+02 -0.8689043E+00  0.0000000E+00
 -0.1369740E+02  0.1321161E+01  0.1440374E+01  0.0000000E+00
  0.5125400E+01 -0.7014935E+01 -0.5456411E+00  0.0000000E+00
 -0.8675117E+00  0.2774503E+01  0.3069439E+00  0.0000000E+00
  0.5896356E+00 -0.1429643E+01  0.1594398E+00  0.0000000E+00
 -0.1176972E+01 -0.2247919E-01  0.4659744E+00  0.0000000E+00
 -0.1040431E+00 -0.1915614E+01  0.2760573E+00  0.0000000E+00
  0.5043659E+00 -0.3008251E+01  0.1683200E+00  0.0000000E+00
 -0.1711878E+01  0.4055752E+00  0.9031601E-03  0.0000000E+00
 -0.2547790E+01 -0.1011250E+01  0.2113016E-01  0.0000000E+00
 -0.2383833E+01  0.4161221E-01  0.5902737E-02  0.0000000E+00
  0.8213841E+01 -0.6418082E+00 -0.2076337E-01  0.0000000E+00
 -0.1033887E+01  0.1187933E+01  0.4665814E-01  0.0000000E+00
  0.4821534E-01 -0.4514569E+00  0.5779242E-01  0.0000000E+00
 -0.2604453E+00  0.9215281E+00  0.1637149E+00  0.0000000E+00
  0.5931219E+00 -0.2159876E+00 -0.1027518E+00  0.0000000E+00
 -0.6981429E-01 -0.1396685E+01 -0.3186234E+00  0.0000000E+00
  0.3388953E+00 -0.2740618E+00  0.1692955E+00  0.0000000E+00
  0.5705334E+00  0.3702361E+00  0.4525829E+00  0.0000000E+00
  0.6047709E+01 -0.1066177E+00  0.1326189E-01  0.0000000E+00
 -0.3443887E+01 -0.2895148E+00  0.9200614E-02  0.0000000E+00
  0.5042198E+00  0.2156158E+00  0.2517758E-01  0.0000000E+00
 -0.6965618E+00  0.8181587E+00 -0.3436151E-01  0.0000000E+00
 -0.5396751E+01 -0.6218048E-01 -0.1362925E-01  0.0000000E+00
  0.3169241E+01 -0.2038484E+01  0.9729591E-01  0.0000000E+00
 -0.1301510E+01  0.1188358E+01 -0.1400242E+00  0.0000000E+00
  0.3148882E+00  0.4690441E+00  0.2013729E+00  0.0000000E+00
  0.4198847E+00  0.2919278E+00  0.1178158E+00  0.0000000E+00
 -0.8408984E+00  0.7482337E+00 -0.1621294E+00  0.0000000E+00
 -0.1577730E+01  0.1013173E+01 -0.3269608E+00  0.0000000E+00
 -0.1936364E+00 -0.1678967E+00 -0.1208908E-02  0.0000000E+00
 -0.6088140E+00  0.6576589E+00 -0.8070436E-03  0.0000000E+00
  0.2016913E+01 -0.1742571E+01  0.9455073E-02  0.0000000E+00
  0.3848304E+00  0.1465520E+01 -0.1471958E-02  0.0000000E+00
  0.2755723E+01 -0.1662252E+01  0.8035738E-01  0.0000000E+00
  0.2150419E+01  0.1730885E+00 -0.7708097E-01  0.0000000E+00
 -0.1418152E+00 -0.1149923E+01  0.1367448E+00  0.0000000E+00
  0.1789700E+01  0.1358125E+01  0.1640813E+00  0.0000000E+00
  0.1240814E+01  0.1389734E+01  0.1861038E+00  0.0000000E+00
 -0.8082862E+00  0.3039272E-03 -0.1181299E+00  0.0000000E+00
 -0.2013864E+01 -0.8126774E+00 -0.2960454E+00  0.0000000E+00
  0.6222892E+00  0.1495670E+00 -0.1977630E-01  0.0000000E+00
 -0.5411545E+00 -0.9465754E-01 -0.8290627E-02  0.0000000E+00
  0.4986892E+00 -0.2124322E+00  0.1937275E-01  0.0000000E+00
 -0.5709301E+01  0.1214940E+00 -0.2564457E-01  0.0000000E+00
  0.5521071E+01 -0.4315517E+00  0.6633840E-01  0.0000000E+00
 -0.2832954E+01  0.1752551E+01 -0.6757798E-01  0.0000000E+00
  0.1492836E+01 -0.1448437E+01  0.1969408E-01  0.0000000E+00
  0.1218522E+00  0.2749735E-01  0.1887947E+00  0.0000000E+00
  0.3955881E+00 -0.1136509E+01 -0.1042792E+00  0.0000000E+00
  0.5986560E+00 -0.1535713E+01  0.3783201E-01  0.0000000E+00
  0.7202297E+00 -0.1782233E+01  0.1177653E+00  0.0000000E+00
 -0.1586583E+01  0.1034648E+00  0.5291534E-02  0.0000000E+00
  0.3552186E+01 -0.5694210E+00  0.2368955E-01  0.0000000E+00
 -0.5787066E+01  0.5110315E+00 -0.2219656E-01  0.0000000E+00
  0.8399975E+01 -0.6211687E+00  0.1429399E-01  0.0000000E+00
 -0.6792080E+01  0.6799187E+00 -0.2685961E-01  0.0000000E+00
  0.1612665E+01 -0.3635860E+00 -0.8178434E-01  0.0000000E+00
  0.4786980E+00  0.9293024E+00 -0.1069610E+00  0.0000000E+00
 -0.8597482E+00 -0.6094497E-02 -0.6104182E-02  0.0000000E+00
 -0.1080818E+01 -0.4352467E-01 -0.8194497E-01  0.0000000E+00
 -0.9869620E+00  0.1726495E+01 -0.7171829E-01  0.0000000E+00
 -0.9343433E+00  0.2762288E+01 -0.6662467E-01  0.0000000E+00
 -0.1525605E+01  0.1203461E+00  0.1202126E-01  0.0000000E+00
 -0.4120205E+00 -0.7562993E-01  0.1551004E-01  0.0000000E+00
  0.2919010E+00 -0.6023645E+00 -0.5544971E-01  0.0000000E+00
 -0.1554886E-01 -0.7032442E+00  0.6746155E-01  0.0000000E+00
  0.5468851E+00  0.1119565E+01 -0.2244100E-01  0.0000000E+00
 -0.1696854E+01  0.6096607E-01  0.2974348E-01  0.0000000E+00
 -0.1529799E+01  0.1136911E+01 -0.9966156E-02  0.0000000E+00
 -0.2866247E+00 -0.6537272E+00  0.5247392E-01  0.0000000E+00
  0.3328085E+00  0.7319621E+00  0.3303942E+00  0.0000000E+00
  0.6424916E+00  0.1359390E+01  0.2691129E+00  0.0000000E+00
  0.8304369E+00  0.1742200E+01  0.2363144E+00  0.0000000E+00
  0.1990427E+02  0.2283861E+01  0.4945531E+00  0.0000000E+00
 -0.5961219E+02 -0.2894560E+02 -0.2772045E+00  0.0000000E+00
  0.3299836E+02 -0.1118686E+02  0.5597193E+00  0.0000000E+00
 -0.1190834E+02 -0.7280938E+01 -0.1895129E+01  0.0000000E+00
 -0.5985231E+01  0.9184130E+01  0.1437886E+01  0.0000000E+00
  0.4110660E+01  0.1038386E+01 -0.6909875E+00  0.0000000E+00
  0.1754587E+01 -0.7081861E+00  0.7945696E+00  0.0000000E+00
 -0.1302004E+01  0.6531923E+00 -0.2643032E+00  0.0000000E+00
 -0.1769562E-01  0.2081744E+00  0.3785854E-01  0.0000000E+00
  0.7743102E+00  0.6508972E+00  0.2836442E+00  0.0000000E+00
  0.1252317E+01  0.9049324E+00  0.4309634E+00  0.0000000E+00
  0.2800116E+02  0.1973332E+02  0.1099693E+01  0.0000000E+00
 -0.6524516E+02 -0.6308699E+02  0.4012316E+00  0.0000000E+00
 -0.1251932E+01  0.2476382E+02  0.6794107E+00  0.0000000E+00
  0.4390495E+01 -0.4081579E+02 -0.2000624E+01  0.0000000E+00
 -0.4110217E+02  0.9555494E+01 -0.1529848E+00  0.0000000E+00
  0.1492207E+02 -0.2295312E+01 -0.7286322E+00  0.0000000E+00
 -0.3397546E+01  0.1542695E+00  0.4938027E+00  0.0000000E+00
 -0.8740660E+00 -0.5095963E+00 -0.7152406E-01  0.0000000E+00
 -0.8699711E+00  0.4353314E+00 -0.2619103E+00  0.0000000E+00
  0.1426817E+01 -0.1215745E+01 -0.2874579E+00  0.0000000E+00
  0.2771283E+01 -0.2171339E+01 -0.3045479E+00  0.0000000E+00
 -0.5620334E+01 -0.3073137E+01  0.6810918E+00  0.0000000E+00
 -0.1778432E+02 -0.1649137E+02 -0.1204794E+01  0.0000000E+00
  0.3133958E+02  0.8819471E+01  0.3706901E+00  0.0000000E+00
 -0.1647191E+01 -0.1685980E+02  0.1797733E+01  0.0000000E+00
  0.9322476E+01  0.8694358E+00  0.8958960E+00  0.0000000E+00
 -0.1225135E+02  0.2579089E+01  0.7608230E-01  0.0000000E+00
  0.5279559E+01 -0.1255664E+01  0.2084161E+00  0.0000000E+00
 -0.1054793E+01  0.7902580E+00 -0.1878638E+00  0.0000000E+00
  0.1490916E+01  0.9504732E+00 -0.1882145E+00  0.0000000E+00
  0.1448784E+01 -0.1189569E+00 -0.1026381E+00  0.0000000E+00
  0.1452489E+01 -0.7434437E+00 -0.5247724E-01  0.0000000E+00
 -0.6441809E+01  0.2824349E+00  0.5530757E-02  0.0000000E+00
  0.1576954E+02 -0.7956440E-01 -0.1926115E-01  0.0000000E+00
 -0.1838207E+02  0.9999673E+00  0.2576286E-01  0.0000000E+00
  0.1046456E+02 -0.7758072E+00 -0.1753565E-01  0.0000000E+00
 -0.5480224E+01  0.7538758E-01  0.6645574E-01  0.0000000E+00
  0.2643477E+00  0.1266295E+01 -0.1028093E+00  0.0000000E+00
  0.1233114E+01 -0.1615311E+01 -0.2014689E-02  0.0000000E+00
  0.2035580E+01  0.3396511E+00 -0.7071413E-01  0.0000000E+00
  0.5063341E+00  0.3663459E+00 -0.4491104E-01  0.0000000E+00
 -0.1693458E+01  0.1620883E+01 -0.1464892E+00  0.0000000E+00
 -0.2998274E+01  0.2355431E+01 -0.2056912E+00  0.0000000E+00
 -0.5125844E+01 -0.6180703E-01  0.1987536E-01  0.0000000E+00
  0.4749149E+01  0.4768470E+00 -0.1290683E-01  0.0000000E+00
 -0.4323921E+01 -0.5729743E+00  0.4686821E-01  0.0000000E+00
  0.2379967E-03  0.5131113E+00 -0.6914860E-01  0.0000000E+00
 -0.1573731E+01 -0.1077694E+01  0.1031807E+00  0.0000000E+00
  0.2969057E+01 -0.1493601E+01  0.2000706E+00  0.0000000E+00
 -0.1217503E+01  0.6450910E-01  0.1257486E+00  0.0000000E+00
 -0.1441585E+01 -0.8755862E+00 -0.3026727E+00  0.0000000E+00
 -0.1524382E+01 -0.7773008E-01 -0.1903016E+00  0.0000000E+00
  0.1973106E+00  0.5750023E+00 -0.1967775E+00  0.0000000E+00
  0.1204264E+01  0.9666480E+00 -0.1993572E+00  0.0000000E+00
 -0.2046562E+00 -0.4441401E+00  0.1026877E-01  0.0000000E+00
 -0.8680720E+00  0.8307534E+00  0.7264283E-02  0.0000000E+00
  0.8108962E+00  0.7432282E-01  0.7063638E-03  0.0000000E+00
  0.4812364E+01  0.8575381E+00  0.1243542E-01  0.0000000E+00
  0.2473304E+01 -0.6100206E+00 -0.2681896E-01  0.0000000E+00
 -0.4182126E+01  0.1036912E+01  0.1502996E+00  0.0000000E+00
  0.8185416E+00 -0.9817834E+00 -0.9877487E-01  0.0000000E+00
 -0.1343253E+01  0.6421995E+00  0.2004686E+00  0.0000000E+00
 -0.5566891E+00  0.7333094E+00 -0.3451103E-02  0.0000000E+00
 -0.1592032E+01 -0.4860468E+00 -0.8864968E-01  0.0000000E+00
 -0.2189437E+01 -0.1199241E+01 -0.1408185E+00  0.0000000E+00
  0.9057545E+00 -0.1493657E+00 -0.1675396E-01  0.0000000E+00
 -0.9386440E+00 -0.1342706E+00  0.3536930E-01  0.0000000E+00
 -0.1941195E+01  0.3418690E+00 -0.3475307E-01  0.0000000E+00
  0.6411267E+00 -0.7632765E-01  0.2320287E-01  0.0000000E+00
 -0.9539909E+00  0.1069931E+01 -0.1755947E-01  0.0000000E+00
  0.2967748E+01 -0.8627836E-01 -0.2537396E-01  0.0000000E+00
  0.1453055E+01  0.3536180E+00 -0.9488631E-02  0.0000000E+00
 -0.6235206E+00  0.1455964E+01  0.3238036E-01  0.0000000E+00
 -0.7197661E+00  0.7588604E+00 -0.2650479E-01  0.0000000E+00
 -0.1801064E+01 -0.3861457E+00 -0.1387728E+00  0.0000000E+00
 -0.2434942E+01 -0.1064563E+01 -0.2051707E+00  0.0000000E+00
  0.9562145E+00 -0.3379786E+00 -0.9941142E-02  0.0000000E+00
 -0.2185634E+01  0.8932183E+00  0.2314952E-01  0.0000000E+00
  0.2034455E+01 -0.5317691E+00 -0.4436042E-01  0.0000000E+00
  0.6866193E+00 -0.5359019E-02  0.4318202E-01  0.0000000E+00
 -0.1951742E+01  0.2497395E+00 -0.9575090E-01  0.0000000E+00
  0.4447678E+00 -0.4882398E+00  0.1113639E+00  0.0000000E+00
 -0.1102597E+01  0.9061610E-01  0.2496223E-01  0.0000000E+00
 -0.5322832E+00  0.4934779E+00  0.2229967E+00  0.0000000E+00
  0.1608282E+00 -0.4971702E+00  0.2581729E+00  0.0000000E+00
  0.2328309E+01 -0.5652552E-01 -0.1162188E-01  0.0000000E+00
  0.3604962E+01  0.1907833E+00 -0.1692371E+00  0.0000000E+00
  0.1541466E+01 -0.1924723E+00  0.9513358E-03  0.0000000E+00
 -0.2200643E+01  0.5442370E+00 -0.3830035E-01  0.0000000E+00
  0.4388946E+01 -0.7734664E-01  0.4452368E-01  0.0000000E+00
 -0.4167730E+01 -0.3060458E+00 -0.6538302E-01  0.0000000E+00
  0.2254423E+01 -0.1788171E+00  0.8363044E-01  0.0000000E+00
  0.2268166E+01 -0.8969555E-02 -0.1310458E+00  0.0000000E+00
 -0.4045288E+00  0.8973000E+00 -0.1453058E+00  0.0000000E+00
  0.3471180E+00 -0.3165410E+00  0.8998172E-01  0.0000000E+00
  0.7946610E+00  0.2876886E+00  0.4259991E-02  0.0000000E+00
 -0.1884841E+00  0.4745831E+00  0.4686564E-01  0.0000000E+00
 -0.7592107E+00  0.5907667E+00  0.7085761E-01  0.0000000E+00
