  1  2   693 10944  4  4  9 11  7  1    0.00   24.00  100.00  600.00    0.00    6.28   45.00   45.00
  100.0  100.0  100.0  100.0  125.0  150.0  190.0  230.0  275.0  350.0  450.0  600.0  600.0  600.0  600.0
  0.1015819E+02 -0.1187716E+00  0.1411376E-01  0.0000000E+00
  0.1021557E+02 -0.3952880E-01 -0.1539534E-01  0.0000000E+00
  0.1016418E+02  0.2318839E-01 -0.2060962E-01  0.0000000E+00
  0.1029311E+02 -0.8249996E-01 -0.6009829E-02  0.0000000E+00
  0.1040025E+02  0.5115942E-01 -0.2207713E-01  0.0000000E+00
  0.1122637E+02  0.4309786E-01 -0.1481893E-01  0.0000000E+00
  0.1175851E+02  0.3077914E+00 -0.1258171E-01  0.0000000E+00
  0.1169369E+02  0.5753069E+00  0.1428842E-01  0.0000000E+00
  0.1137709E+02  0.6710544E+00  0.1812276E-01  0.0000000E+00
  0.1115210E+02  0.6802388E+00  0.1869159E-01  0.0000000E+00
  0.1101683E+02  0.6866915E+00  0.1906791E-01  0.0000000E+00
 -0.5404820E+00 -0.6619952E-01  0.2428054E-01  0.0000000E+00
 -0.9084427E+00  0.6777679E-01 -0.2554426E-01  0.0000000E+00
 -0.6996499E+00 -0.1774632E-01 -0.9620607E-02  0.0000000E+00
 -0.1272905E+01 -0.1230454E+00 -0.7639108E-02  0.0000000E+00
 -0.1174396E+01 -0.1160268E+00 -0.1273408E-01  0.0000000E+00
 -0.8736727E+00 -0.5651759E-01 -0.2550682E-01  0.0000000E+00
 -0.2352534E+00  0.6977413E-01 -0.2749943E-01  0.0000000E+00
 -0.1971048E+00 -0.5764297E-02 -0.1236332E-01  0.0000000E+00
 -0.1642613E+00  0.5714785E-01 -0.6738747E-02  0.0000000E+00
 -0.1706814E+00  0.6743096E-01 -0.5230744E-02  0.0000000E+00
 -0.1740673E+00  0.7416095E-01 -0.4285048E-02  0.0000000E+00
  0.4325138E-01  0.3527601E-01  0.5413812E-02  0.0000000E+00
 -0.2572163E-01  0.1884755E-01 -0.2771981E-02  0.0000000E+00
 -0.9045879E-01  0.5610176E-01 -0.5769139E-03  0.0000000E+00
  0.1985099E-01 -0.2844176E-01 -0.1365271E-02  0.0000000E+00
  0.5946122E-01  0.4492156E-01  0.4724342E-02  0.0000000E+00
  0.2333581E-01  0.1606000E+00 -0.1256719E-01  0.0000000E+00
 -0.1131469E+00  0.1179608E+00 -0.2020683E-01  0.0000000E+00
 -0.2362663E+00  0.1021001E-01 -0.5770349E-03  0.0000000E+00
 -0.2450672E+00 -0.3968293E-01  0.6737099E-02  0.0000000E+00
 -0.2334325E+00 -0.6427412E-01  0.1098507E-01  0.0000000E+00
 -0.2267205E+00 -0.7923089E-01  0.1355463E-01  0.0000000E+00
  0.1551132E+00 -0.7264168E-03  0.8135774E-04  0.0000000E+00
 -0.7695418E-01 -0.5525606E-03 -0.7043420E-04  0.0000000E+00
  0.1637491E+00 -0.9472878E-03  0.1634393E-03  0.0000000E+00
  0.1002309E-01  0.1924981E-02 -0.1326035E-03  0.0000000E+00
 -0.4231273E-01 -0.4539891E-02  0.5844461E-04  0.0000000E+00
 -0.1829610E+00  0.1372165E-01  0.1508681E-02  0.0000000E+00
  0.1067679E+00  0.9509610E-02  0.7788536E-02  0.0000000E+00
  0.1003475E+00 -0.2671089E-01  0.1713406E-02  0.0000000E+00
  0.7818400E-01 -0.1563263E-01  0.1362157E-02  0.0000000E+00
  0.5510426E-01 -0.1363719E-01  0.3997734E-03  0.0000000E+00
  0.4134676E-01 -0.1234448E-01 -0.1678816E-03  0.0000000E+00
  0.2381048E-01  0.3822297E-03 -0.8350120E-04  0.0000000E+00
 -0.3248551E-01  0.1969565E-02 -0.8532062E-04  0.0000000E+00
  0.2777903E-01 -0.3270240E-02  0.4076862E-03  0.0000000E+00
 -0.5015218E-01  0.4096670E-02 -0.6907680E-03  0.0000000E+00
  0.6398271E-01 -0.6594706E-02  0.1386057E-02  0.0000000E+00
  0.6346252E-01  0.8284999E-02 -0.4028578E-02  0.0000000E+00
  0.1456363E-01 -0.6614544E-01 -0.5494887E-02  0.0000000E+00
 -0.2767576E-01 -0.1440671E-01  0.2667298E-02  0.0000000E+00
 -0.2923774E-01 -0.7079884E-02  0.4353559E-02  0.0000000E+00
 -0.2633245E-01 -0.9758510E-02  0.5258310E-02  0.0000000E+00
 -0.2464962E-01 -0.1124503E-01  0.5806965E-02  0.0000000E+00
  0.5978154E-01  0.7685923E-03  0.8593776E-04  0.0000000E+00
  0.2867745E-01 -0.1762091E-02 -0.4239503E-03  0.0000000E+00
  0.1419802E+00  0.3912154E-02  0.7116093E-03  0.0000000E+00
  0.1495239E+00 -0.6053469E-02 -0.1093449E-02  0.0000000E+00
  0.2143659E+00  0.1198734E-01  0.2168030E-02  0.0000000E+00
  0.7483024E-01 -0.2560866E-01 -0.6038158E-02  0.0000000E+00
  0.9737645E-01  0.4050168E-01  0.9398389E-02  0.0000000E+00
  0.2131883E-01  0.1385144E-01  0.1554905E-02  0.0000000E+00
  0.1585669E-01 -0.1313891E-01  0.3658867E-03  0.0000000E+00
  0.1355704E-01 -0.1603283E-01 -0.6072434E-03  0.0000000E+00
  0.1215018E-01 -0.1803067E-01 -0.1190227E-02  0.0000000E+00
 -0.9124826E-01  0.8759992E-04  0.5228463E-04  0.0000000E+00
 -0.3845934E-01  0.5942088E-03  0.9989886E-04  0.0000000E+00
  0.6989830E-01  0.7970797E-04 -0.2727232E-03  0.0000000E+00
 -0.4689894E-01  0.8596952E-03  0.5018604E-03  0.0000000E+00
  0.6126547E-01 -0.1259925E-02 -0.9888646E-03  0.0000000E+00
  0.1610028E+00 -0.5721085E-03  0.2157296E-02  0.0000000E+00
  0.6722546E-01  0.4807488E-02  0.2878179E-02  0.0000000E+00
  0.1553682E-01  0.5242288E-02 -0.1105066E-03  0.0000000E+00
  0.9767515E-02  0.7261292E-02 -0.4383341E-03  0.0000000E+00
  0.8065316E-02  0.3411218E-02 -0.9297026E-03  0.0000000E+00
  0.7004198E-02  0.1179614E-02 -0.1221009E-02  0.0000000E+00
  0.7189654E-01  0.2265514E-03  0.1657888E-04  0.0000000E+00
 -0.5513743E-01 -0.1486782E-03 -0.9620790E-04  0.0000000E+00
  0.3140213E-01  0.2345796E-03  0.3303150E-03  0.0000000E+00
 -0.8281307E-01 -0.6992968E-03 -0.2508181E-03  0.0000000E+00
  0.1735276E-01  0.2052344E-02  0.3703586E-03  0.0000000E+00
 -0.3369993E-01 -0.6288865E-02  0.4756941E-04  0.0000000E+00
  0.1826991E-01  0.9894036E-02 -0.1048534E-03  0.0000000E+00
 -0.8136128E-02  0.5875499E-03 -0.1267220E-02  0.0000000E+00
 -0.5703425E-02 -0.5925142E-02 -0.1291758E-02  0.0000000E+00
 -0.3320613E-02 -0.7407506E-02 -0.9460771E-03  0.0000000E+00
 -0.1898498E-02 -0.8348631E-02 -0.7440644E-03  0.0000000E+00
  0.4888630E-01  0.3549517E-03  0.4327605E-04  0.0000000E+00
 -0.5674661E-01 -0.4063908E-03 -0.1115212E-03  0.0000000E+00
  0.3249548E-01  0.3888102E-03  0.1430697E-03  0.0000000E+00
 -0.5522990E-02 -0.7260663E-03 -0.2226474E-03  0.0000000E+00
  0.4051330E-01  0.6960615E-03  0.3208894E-03  0.0000000E+00
  0.9597142E-01  0.3166523E-02 -0.7417478E-03  0.0000000E+00
  0.3052868E-01  0.1869452E-02  0.2321486E-03  0.0000000E+00
 -0.1246255E-02  0.9021208E-03  0.7602966E-03  0.0000000E+00
  0.1115969E-02 -0.1503583E-03  0.7907464E-03  0.0000000E+00
  0.2391884E-02  0.2558641E-02  0.9441768E-04  0.0000000E+00
  0.3165498E-02  0.4132335E-02 -0.3129039E-03  0.0000000E+00
  0.1124040E+00  0.1345190E-01 -0.4681738E-01  0.0000000E+00
 -0.2121596E+00  0.8373666E-01  0.4011245E-01  0.0000000E+00
 -0.1131770E+00 -0.8995061E-01 -0.9120642E-02  0.0000000E+00
 -0.6926917E-01 -0.8976478E-02 -0.1875409E-01  0.0000000E+00
 -0.2303227E-02 -0.2111613E-01  0.1448411E-01  0.0000000E+00
  0.1425398E+00  0.3692920E-01  0.5552752E-02  0.0000000E+00
 -0.9439607E-01  0.5688886E-01  0.1916712E-01  0.0000000E+00
 -0.1852562E+00 -0.7779933E-02  0.2044422E-01  0.0000000E+00
 -0.1955736E+00 -0.5485027E-01  0.1770801E-01  0.0000000E+00
 -0.1690255E+00 -0.7080016E-01  0.1435447E-01  0.0000000E+00
 -0.1536022E+00 -0.8066619E-01  0.1236015E-01  0.0000000E+00
  0.1374798E+00 -0.3933965E-01 -0.3550427E-01  0.0000000E+00
 -0.3476464E+00  0.3703016E-01  0.5899170E-01  0.0000000E+00
  0.3967548E+00 -0.2398593E-01 -0.4558245E-02  0.0000000E+00
 -0.8092780E-01  0.1178018E-01 -0.3796605E-01  0.0000000E+00
  0.9439537E-01  0.3709865E-01  0.1396039E-01  0.0000000E+00
  0.9398968E-01  0.7010491E-01  0.9474599E-02  0.0000000E+00
 -0.8413092E-01 -0.7947715E-01 -0.1158545E-01  0.0000000E+00
 -0.2866406E-01 -0.5943676E-01 -0.9320365E-02  0.0000000E+00
 -0.4233441E-01 -0.6343943E-01 -0.1479679E-01  0.0000000E+00
 -0.2905651E-01 -0.7690337E-01 -0.1684574E-01  0.0000000E+00
 -0.2143901E-01 -0.8483058E-01 -0.1810635E-01  0.0000000E+00
 -0.2754279E+00 -0.7745555E-01 -0.8097901E-02  0.0000000E+00
  0.1282717E+00  0.2527784E-02  0.3874374E-01  0.0000000E+00
 -0.4301367E+00 -0.3935971E-01  0.2486068E-02  0.0000000E+00
  0.7301805E-01 -0.7413966E-01  0.2886728E-01  0.0000000E+00
 -0.1344323E+00 -0.4849725E-01 -0.1034792E-02  0.0000000E+00
 -0.9139306E-02 -0.1810675E-02  0.1708140E-01  0.0000000E+00
 -0.3535886E-01 -0.1329899E+00  0.5898344E-03  0.0000000E+00
  0.3064305E-01 -0.1137827E+00 -0.5971668E-02  0.0000000E+00
  0.2745908E-01 -0.9105513E-01 -0.1251887E-01  0.0000000E+00
  0.2553782E-01 -0.8381978E-01 -0.1592674E-01  0.0000000E+00
  0.2437643E-01 -0.7932724E-01 -0.1799531E-01  0.0000000E+00
  0.1252375E-01 -0.1951384E-04 -0.1622306E-03  0.0000000E+00
 -0.1189006E+00  0.5259040E-03 -0.1342759E-03  0.0000000E+00
  0.1679309E+00 -0.1855506E-02  0.2274274E-03  0.0000000E+00
  0.4961899E-01  0.1862244E-02 -0.2677826E-03  0.0000000E+00
  0.9889193E-01 -0.2999052E-02  0.3003489E-03  0.0000000E+00
  0.1690733E+00  0.4901107E-02 -0.1497707E-02  0.0000000E+00
  0.2337515E-01 -0.3645005E-02 -0.5805035E-02  0.0000000E+00
 -0.1236945E-01  0.1125050E-01  0.8518727E-02  0.0000000E+00
 -0.1555296E-01  0.1216214E-01  0.9391820E-02  0.0000000E+00
 -0.9714211E-02  0.9964154E-02  0.8615218E-02  0.0000000E+00
 -0.6332432E-02  0.8686740E-02  0.8170664E-02  0.0000000E+00
 -0.1694684E-01  0.2672848E-03 -0.3788283E-04  0.0000000E+00
  0.5512919E-01  0.9189372E-04 -0.1325817E-03  0.0000000E+00
  0.9044058E-01  0.1102013E-04  0.1387379E-03  0.0000000E+00
 -0.3078071E-01 -0.2111067E-03 -0.1449025E-03  0.0000000E+00
  0.5766941E-01  0.2929426E-03  0.6321114E-03  0.0000000E+00
 -0.7535993E-01 -0.2715843E-02 -0.6252221E-02  0.0000000E+00
 -0.8772724E-01 -0.2125446E-01  0.3681742E-04  0.0000000E+00
 -0.1583210E-01  0.4266870E-02  0.6664001E-02  0.0000000E+00
  0.8412819E-02  0.7974913E-02  0.3040964E-02  0.0000000E+00
  0.1493602E-01  0.1017519E-01  0.7996289E-03  0.0000000E+00
  0.1902775E-01  0.1150678E-01 -0.5531754E-03  0.0000000E+00
 -0.5928373E-01 -0.3298187E-03 -0.7054513E-04  0.0000000E+00
 -0.1824353E+00  0.1082364E-02 -0.2324948E-03  0.0000000E+00
  0.2595918E-01 -0.4194884E-03  0.2332849E-03  0.0000000E+00
 -0.2902058E-01  0.7778218E-03  0.6787986E-04  0.0000000E+00
 -0.6033783E-01 -0.1525006E-02 -0.1042594E-03  0.0000000E+00
  0.5628931E-01  0.3546470E-02  0.8650578E-03  0.0000000E+00
  0.2318100E-01 -0.1397551E-01  0.4828591E-02  0.0000000E+00
  0.1051389E-01  0.7071702E-02 -0.3277682E-02  0.0000000E+00
  0.8946286E-02  0.9368807E-02 -0.2750596E-02  0.0000000E+00
  0.4611115E-02  0.7906716E-02 -0.1504339E-02  0.0000000E+00
  0.2055949E-02  0.7076826E-02 -0.7687185E-03  0.0000000E+00
 -0.1085715E-01  0.3546419E-04 -0.1258946E-03  0.0000000E+00
  0.1114017E+00 -0.1992178E-03  0.7424658E-04  0.0000000E+00
  0.1494201E+00  0.3845128E-03 -0.8726783E-04  0.0000000E+00
 -0.5772257E-01 -0.4481599E-03  0.2460452E-03  0.0000000E+00
  0.5434898E-01  0.1505248E-02 -0.1343861E-02  0.0000000E+00
 -0.1146431E-01 -0.2705513E-02  0.6685778E-02  0.0000000E+00
  0.1696523E-01  0.2219999E-01 -0.3697254E-02  0.0000000E+00
  0.3331439E-03 -0.5873539E-03 -0.4713969E-02  0.0000000E+00
 -0.2873538E-02 -0.3871916E-02 -0.2113982E-02  0.0000000E+00
 -0.3210378E-02 -0.1260127E-02 -0.1243740E-02  0.0000000E+00
 -0.3443231E-02  0.2324164E-03 -0.7051776E-03  0.0000000E+00
  0.3969388E-02 -0.5784430E-04  0.1184718E-03  0.0000000E+00
 -0.6275122E-01 -0.5674884E-03 -0.4818876E-03  0.0000000E+00
 -0.1300355E-01 -0.6303162E-03  0.4441463E-03  0.0000000E+00
 -0.1228022E-01  0.8970302E-03 -0.1649702E-03  0.0000000E+00
 -0.9894405E-01 -0.1294551E-02  0.2678931E-03  0.0000000E+00
 -0.5455093E-02  0.1941132E-04 -0.8200093E-03  0.0000000E+00
 -0.8632668E-02 -0.7951353E-02  0.1829422E-02  0.0000000E+00
 -0.1966270E-02  0.1560164E-02  0.2979846E-02  0.0000000E+00
  0.6765119E-03 -0.7373601E-04  0.1571907E-02  0.0000000E+00
  0.5004938E-03 -0.3789997E-03  0.1574719E-02  0.0000000E+00
  0.4274632E-03 -0.5756158E-03  0.1560447E-02  0.0000000E+00
 -0.1872161E-01  0.4591431E-03 -0.1537261E-03  0.0000000E+00
 -0.1466151E-01 -0.4636985E-03 -0.3346981E-03  0.0000000E+00
  0.1596886E-01 -0.3555160E-04  0.3074961E-03  0.0000000E+00
 -0.6149088E-01 -0.5304881E-03 -0.3839309E-03  0.0000000E+00
 -0.3909432E-02  0.4199962E-03  0.7408384E-03  0.0000000E+00
 -0.3676569E-01  0.1452948E-02 -0.3045539E-02  0.0000000E+00
  0.1069852E-01 -0.3011939E-03  0.4471421E-02  0.0000000E+00
 -0.2497068E-02 -0.1003114E-02  0.1151378E-02  0.0000000E+00
 -0.1401825E-02 -0.9414476E-03 -0.4266477E-03  0.0000000E+00
  0.1128227E-02 -0.7302462E-03 -0.1167234E-02  0.0000000E+00
  0.2621240E-02 -0.6061789E-03 -0.1618433E-02  0.0000000E+00
  0.1545340E+00 -0.1074071E+00  0.1710666E-01  0.0000000E+00
 -0.9852941E-01 -0.2553820E+00 -0.2542980E-01  0.0000000E+00
  0.2337699E+00 -0.3762338E-01 -0.3265194E-01  0.0000000E+00
 -0.9419811E-02  0.3681427E-01 -0.1169237E-01  0.0000000E+00
  0.6684946E-01 -0.8954118E-02 -0.6536024E-02  0.0000000E+00
 -0.6927108E-01 -0.4253021E-01 -0.9875113E-02  0.0000000E+00
  0.2162928E-01 -0.4751617E-01 -0.2236122E-01  0.0000000E+00
  0.4327354E-01 -0.4063270E-01 -0.2116867E-01  0.0000000E+00
  0.4965422E-01 -0.1295357E-01 -0.1498124E-01  0.0000000E+00
  0.4375306E-01  0.7395148E-02 -0.1320570E-01  0.0000000E+00
  0.4037109E-01  0.1961906E-01 -0.1209700E-01  0.0000000E+00
  0.4000943E+00  0.1358416E+00  0.4340734E-01  0.0000000E+00
  0.1300994E+00 -0.2506764E-01 -0.2955766E-01  0.0000000E+00
  0.3143197E+00  0.8602698E-01 -0.1346257E-01  0.0000000E+00
  0.4050846E-01  0.8776274E-01 -0.1138700E-01  0.0000000E+00
  0.7520178E-01 -0.5297074E-01  0.2548632E-03  0.0000000E+00
 -0.7669901E-01 -0.5840336E-01 -0.2841397E-02  0.0000000E+00
  0.5052771E-01 -0.1194947E-01 -0.3121024E-02  0.0000000E+00
  0.4269094E-01 -0.1756021E-01 -0.3647624E-02  0.0000000E+00
  0.3635140E-01 -0.3829515E-02  0.1202419E-03  0.0000000E+00
  0.2867745E-01  0.1014995E-01 -0.7629123E-03  0.0000000E+00
  0.2411536E-01  0.1848698E-01 -0.1237641E-02  0.0000000E+00
  0.6548522E-01  0.1390726E+00  0.8994857E-02  0.0000000E+00
  0.2799444E+00  0.1638175E+00 -0.1306299E-01  0.0000000E+00
 -0.2663120E-01  0.1357992E+00 -0.1519839E-01  0.0000000E+00
 -0.1049750E-02 -0.6943061E-01 -0.6106248E-02  0.0000000E+00
 -0.1003947E-01  0.2227589E-01 -0.4560874E-02  0.0000000E+00
 -0.2113808E-02 -0.2257347E-01  0.1961378E-01  0.0000000E+00
  0.4072162E-02  0.2713836E-01 -0.3355320E-02  0.0000000E+00
 -0.8699689E-02  0.3734311E-01  0.1316117E-02  0.0000000E+00
 -0.1471641E-01  0.2518617E-01  0.7185597E-02  0.0000000E+00
 -0.1507129E-01  0.1739202E-01  0.6681435E-02  0.0000000E+00
 -0.1534576E-01  0.1269306E-01  0.6452220E-02  0.0000000E+00
 -0.7630409E-01 -0.4810117E-03  0.1365292E-03  0.0000000E+00
  0.3430319E-02 -0.9850323E-03 -0.5133497E-03  0.0000000E+00
  0.4196954E-01  0.3100301E-03  0.7879124E-03  0.0000000E+00
  0.5529054E-01 -0.1413548E-02 -0.1292901E-02  0.0000000E+00
  0.1682468E-01  0.3471375E-02  0.2232714E-02  0.0000000E+00
 -0.5482253E-01 -0.1229815E-01 -0.3853850E-02  0.0000000E+00
  0.1217798E-01  0.3677072E-01  0.7110808E-02  0.0000000E+00
  0.1429178E-01  0.1435787E-01 -0.2242530E-03  0.0000000E+00
  0.1157988E-01  0.7037101E-02 -0.3271623E-02  0.0000000E+00
  0.7802511E-02  0.6218274E-02 -0.7617887E-03  0.0000000E+00
  0.5560737E-02  0.5657117E-02  0.6735353E-03  0.0000000E+00
 -0.1199950E+00  0.5595459E-03 -0.7147835E-04  0.0000000E+00
  0.1437537E+00  0.4503771E-03  0.5362016E-05  0.0000000E+00
 -0.2008557E+00 -0.6930989E-03 -0.1810230E-03  0.0000000E+00
  0.4660686E-01 -0.1052398E-02  0.3422120E-03  0.0000000E+00
 -0.3155319E-01  0.1615877E-02 -0.9517776E-03  0.0000000E+00
  0.1024626E-01 -0.3288442E-02  0.3632319E-02  0.0000000E+00
  0.1070991E-01  0.6683652E-02  0.9442381E-03  0.0000000E+00
 -0.4012636E-02  0.8288267E-02 -0.2794620E-02  0.0000000E+00
 -0.3911142E-02  0.1632867E-02  0.2257871E-02  0.0000000E+00
 -0.2884821E-02 -0.5009720E-02  0.3667970E-02  0.0000000E+00
 -0.2282960E-02 -0.8972981E-02  0.4550367E-02  0.0000000E+00
 -0.9719548E-01  0.2384207E-03 -0.3066811E-04  0.0000000E+00
 -0.3988023E-02  0.8820345E-03 -0.1287109E-03  0.0000000E+00
  0.6672775E-02  0.7025526E-03  0.1754433E-04  0.0000000E+00
  0.4626537E-01 -0.1471470E-02  0.4513527E-04  0.0000000E+00
  0.2408954E-01  0.1364144E-02 -0.8880550E-04  0.0000000E+00
 -0.3860902E-01  0.3348614E-02 -0.5722716E-03  0.0000000E+00
  0.9073861E-02 -0.1099058E-01  0.9574711E-03  0.0000000E+00
 -0.6317324E-02 -0.4246560E-02  0.8441046E-03  0.0000000E+00
 -0.7012012E-02 -0.1682857E-03  0.8571967E-03  0.0000000E+00
 -0.7010664E-02 -0.5368227E-03  0.7323899E-03  0.0000000E+00
 -0.7017761E-02 -0.7067802E-03  0.6592533E-03  0.0000000E+00
 -0.1500178E+00  0.4408682E-03  0.4595547E-04  0.0000000E+00
  0.1467505E-01 -0.8585035E-03 -0.3265534E-03  0.0000000E+00
  0.1782590E-01  0.7871225E-03  0.3302717E-03  0.0000000E+00
 -0.1898242E-01 -0.4841877E-03 -0.3631359E-03  0.0000000E+00
  0.3223852E-02  0.7114112E-03  0.6373320E-03  0.0000000E+00
 -0.1507680E-01  0.2491458E-02 -0.2845443E-02  0.0000000E+00
  0.2896727E-01 -0.4987153E-02  0.1229889E-02  0.0000000E+00
 -0.8024487E-02 -0.3085791E-03  0.1921396E-03  0.0000000E+00
  0.2707755E-02  0.1233819E-02  0.5476568E-03  0.0000000E+00
 -0.2283397E-04  0.1069803E-02  0.9929140E-03  0.0000000E+00
 -0.1499632E-02  0.9914316E-03  0.1257754E-02  0.0000000E+00
  0.3177847E-01  0.2098581E-03 -0.4949830E-04  0.0000000E+00
 -0.7921121E-01 -0.1135710E-03  0.8190875E-04  0.0000000E+00
 -0.3369559E-01 -0.5336784E-03 -0.2304193E-03  0.0000000E+00
 -0.1168275E-01  0.4145135E-03  0.4132580E-03  0.0000000E+00
  0.3288348E-01 -0.5538857E-03 -0.9523660E-03  0.0000000E+00
 -0.3576304E-01  0.1460671E-03  0.2444351E-02  0.0000000E+00
  0.4611983E-02  0.2655803E-02 -0.2450931E-02  0.0000000E+00
  0.2613968E-03 -0.8441148E-03 -0.8351323E-03  0.0000000E+00
 -0.2221336E-03 -0.5026654E-03 -0.6458484E-03  0.0000000E+00
 -0.1528069E-02 -0.2229522E-02 -0.1367894E-02  0.0000000E+00
 -0.2297567E-02 -0.3236514E-02 -0.1788547E-02  0.0000000E+00
 -0.1217212E-01 -0.2406629E-03 -0.4023360E-04  0.0000000E+00
 -0.3579774E-01 -0.7300106E-03 -0.2068010E-03  0.0000000E+00
  0.7154130E-01 -0.6925069E-03  0.1825433E-03  0.0000000E+00
 -0.4879646E-01  0.8183622E-03 -0.1955046E-04  0.0000000E+00
 -0.2230715E-02 -0.1694997E-02 -0.1738769E-03  0.0000000E+00
 -0.3223058E-01 -0.2973143E-04  0.4722211E-03  0.0000000E+00
  0.3211424E-01  0.3908424E-02  0.9894263E-03  0.0000000E+00
 -0.5899653E-02 -0.9497856E-02  0.1960371E-02  0.0000000E+00
  0.2625164E-02 -0.7416564E-02  0.1006567E-02  0.0000000E+00
  0.1897469E-03 -0.6039817E-02  0.3517805E-03  0.0000000E+00
 -0.1138744E-02 -0.5210333E-02 -0.4230765E-04  0.0000000E+00
 -0.2059441E+00 -0.8459674E-02  0.4668196E-03  0.0000000E+00
 -0.3587066E-01  0.1811635E-03  0.4657563E-02  0.0000000E+00
 -0.1293553E+00  0.1611455E-01  0.2952159E-02  0.0000000E+00
  0.3237108E-01  0.1356331E-01  0.1252982E-01  0.0000000E+00
 -0.4662912E-01 -0.1348755E-01 -0.7546680E-02  0.0000000E+00
  0.7584655E-02  0.1935736E-01 -0.8109096E-02  0.0000000E+00
 -0.2481242E-01  0.3551707E-02  0.4904958E-02  0.0000000E+00
 -0.1207499E-01 -0.3274355E-02  0.6902575E-03  0.0000000E+00
 -0.5018590E-02 -0.5247611E-02  0.9078845E-03  0.0000000E+00
  0.4443245E-03 -0.8506083E-02 -0.1016209E-03  0.0000000E+00
  0.3721746E-02 -0.1043660E-01 -0.6903035E-03  0.0000000E+00
 -0.2273767E+00 -0.2835088E-01  0.1639057E-02  0.0000000E+00
 -0.1468078E+00 -0.7809512E-01  0.1917845E-01  0.0000000E+00
  0.1449238E+00  0.6749967E-01  0.2408813E-02  0.0000000E+00
 -0.9154834E-01 -0.1984355E-01  0.6375567E-02  0.0000000E+00
 -0.4908004E-01 -0.1696777E-01  0.8085295E-03  0.0000000E+00
  0.3247917E-01  0.1066170E-01 -0.1527716E-01  0.0000000E+00
  0.4485586E-01 -0.2744450E-01 -0.6848962E-03  0.0000000E+00
  0.3044869E-01 -0.9423764E-02  0.2492881E-02  0.0000000E+00
  0.2116591E-01  0.2898024E-02  0.3749534E-02  0.0000000E+00
  0.1340000E-01  0.2914717E-02  0.4729015E-02  0.0000000E+00
  0.8750623E-02  0.3062483E-02  0.5316775E-02  0.0000000E+00
 -0.1039726E-01  0.7383119E-02 -0.6693453E-02  0.0000000E+00
 -0.5002458E-01 -0.3991414E-01 -0.1928358E-02  0.0000000E+00
 -0.5726231E-01 -0.5546718E-02  0.3646982E-02  0.0000000E+00
  0.3109980E-01  0.2224040E-01  0.8338914E-02  0.0000000E+00
 -0.2932985E-01  0.8398036E-02  0.3498221E-02  0.0000000E+00
  0.1593568E-01 -0.1680047E-01 -0.5448727E-02  0.0000000E+00
  0.1756725E-01 -0.1153114E-01  0.1921088E-02  0.0000000E+00
  0.3479332E-01 -0.7746569E-02  0.9733358E-03  0.0000000E+00
  0.2721210E-01 -0.3607089E-02 -0.3766441E-03  0.0000000E+00
  0.1676581E-01 -0.2869874E-02 -0.4630320E-03  0.0000000E+00
  0.1056619E-01 -0.2391992E-02 -0.5290496E-03  0.0000000E+00
 -0.1091224E+00 -0.2579302E-03  0.1050824E-04  0.0000000E+00
 -0.7078028E-01  0.1092944E-02  0.1505205E-03  0.0000000E+00
 -0.8407669E-02  0.4010551E-03 -0.4557194E-05  0.0000000E+00
 -0.2074517E-01 -0.3803693E-03  0.1147269E-03  0.0000000E+00
 -0.5409134E-01  0.6315855E-03 -0.2209846E-03  0.0000000E+00
  0.1603547E-01 -0.1913127E-02  0.4041115E-03  0.0000000E+00
 -0.3932637E-01  0.3903739E-02  0.6742784E-04  0.0000000E+00
 -0.3341746E-01  0.9133341E-02  0.2729728E-04  0.0000000E+00
 -0.2537204E-01  0.1013528E-01 -0.3610601E-03  0.0000000E+00
 -0.1259235E-01  0.9716401E-02 -0.4630900E-03  0.0000000E+00
 -0.5021494E-02  0.9482562E-02 -0.5271791E-03  0.0000000E+00
  0.1962242E-01 -0.1077095E-03  0.1248636E-03  0.0000000E+00
 -0.8701417E-01 -0.8956771E-03 -0.4159435E-04  0.0000000E+00
  0.3684677E-01  0.6565486E-03  0.2121650E-03  0.0000000E+00
 -0.3046972E-02 -0.2523463E-03 -0.1924708E-03  0.0000000E+00
 -0.1102961E-01 -0.5345595E-03  0.2860515E-03  0.0000000E+00
 -0.7861073E-02  0.2024256E-02 -0.4348010E-03  0.0000000E+00
  0.4014069E-02  0.1652786E-01  0.3238149E-02  0.0000000E+00
  0.1956932E-01  0.8818560E-02  0.2427336E-02  0.0000000E+00
  0.1130367E-01  0.7880686E-02 -0.9501414E-03  0.0000000E+00
  0.5065283E-02  0.4657829E-02 -0.1792445E-02  0.0000000E+00
  0.1320659E-02  0.2760243E-02 -0.2323399E-02  0.0000000E+00
 -0.1094584E+00 -0.1662973E-03  0.2524774E-04  0.0000000E+00
 -0.1848975E-01  0.1419204E-03  0.5449128E-04  0.0000000E+00
 -0.9386986E-01 -0.5995192E-03  0.3975974E-04  0.0000000E+00
  0.3872488E-01  0.7542970E-03 -0.3049693E-04  0.0000000E+00
 -0.4812666E-01 -0.1123460E-02  0.2111244E-03  0.0000000E+00
  0.1717130E-01  0.2298737E-02 -0.7140564E-03  0.0000000E+00
 -0.1757849E-01 -0.5159955E-03 -0.1872301E-02  0.0000000E+00
  0.5385524E-02 -0.1427111E-02  0.1085495E-02  0.0000000E+00
  0.2130900E-02 -0.6888234E-02  0.1472838E-02  0.0000000E+00
  0.1499421E-02 -0.7951030E-02  0.1526125E-02  0.0000000E+00
  0.1093067E-02 -0.8633913E-02  0.1561997E-02  0.0000000E+00
  0.4052361E-01  0.3216833E-03  0.1554064E-03  0.0000000E+00
 -0.3550044E-01  0.3464029E-03 -0.6641659E-04  0.0000000E+00
  0.5751519E-01 -0.1207528E-02  0.1345801E-03  0.0000000E+00
 -0.1451505E-01  0.9209383E-03 -0.2307955E-03  0.0000000E+00
  0.1830510E-01 -0.2675331E-03  0.5341138E-03  0.0000000E+00
  0.8954307E-02 -0.1643856E-02 -0.1515034E-02  0.0000000E+00
 -0.6319180E-02 -0.8560090E-02 -0.1698928E-02  0.0000000E+00
  0.2190870E-03 -0.2207982E-02  0.2436658E-03  0.0000000E+00
  0.2589298E-02  0.2352205E-02 -0.4788911E-03  0.0000000E+00
  0.3175624E-02  0.8171087E-03 -0.2197594E-03  0.0000000E+00
  0.3544963E-02 -0.2997821E-04 -0.7608119E-04  0.0000000E+00
 -0.2382638E-01  0.3698877E-03  0.8881139E-04  0.0000000E+00
  0.8246005E-01 -0.5546003E-03 -0.1567116E-03  0.0000000E+00
 -0.5580185E-01  0.5855350E-03  0.2538169E-03  0.0000000E+00
  0.3882038E-01 -0.9211573E-03 -0.3118086E-03  0.0000000E+00
  0.1738806E-01  0.1652096E-02  0.3372102E-03  0.0000000E+00
  0.2417299E-01 -0.3433784E-02 -0.1515312E-04  0.0000000E+00
 -0.1850659E-02  0.7633541E-02  0.2098123E-02  0.0000000E+00
 -0.7818593E-03 -0.1096657E-02 -0.5040539E-03  0.0000000E+00
 -0.3524051E-02 -0.2907908E-02 -0.7078343E-03  0.0000000E+00
 -0.3729020E-02 -0.1914114E-02 -0.1883389E-03  0.0000000E+00
 -0.3879931E-02 -0.1353070E-02  0.1135770E-03  0.0000000E+00
  0.4124445E-01  0.1087509E-03  0.8288880E-04  0.0000000E+00
  0.2650885E-01 -0.1576486E-02  0.1232710E-03  0.0000000E+00
 -0.9122288E-02  0.1705644E-02 -0.1072159E-03  0.0000000E+00
  0.1245287E-01 -0.1337445E-02  0.8236263E-04  0.0000000E+00
 -0.1673608E-03  0.5951856E-03 -0.3339963E-03  0.0000000E+00
  0.5638639E-02 -0.4815791E-04  0.1807252E-02  0.0000000E+00
 -0.2111049E-01  0.1574645E-02 -0.8733133E-03  0.0000000E+00
 -0.2901398E-02 -0.2374076E-03 -0.1689728E-02  0.0000000E+00
 -0.4927312E-02 -0.2113171E-02 -0.6191933E-04  0.0000000E+00
 -0.3492153E-02 -0.7645172E-03  0.2113563E-03  0.0000000E+00
 -0.2675317E-02  0.3459449E-05  0.3895663E-03  0.0000000E+00
  0.3711607E-01 -0.4476961E-02 -0.7726040E-02  0.0000000E+00
  0.5751147E-03 -0.3344784E-01  0.1523820E-01  0.0000000E+00
 -0.8674534E-02  0.3549244E-01 -0.1062682E-01  0.0000000E+00
 -0.6774762E-02  0.3200115E-02  0.8614457E-02  0.0000000E+00
  0.3613693E-02  0.6910985E-02 -0.6435913E-02  0.0000000E+00
  0.2775369E-01 -0.2314860E-01 -0.2265712E-02  0.0000000E+00
 -0.6755032E-02  0.2111206E-01 -0.9944022E-03  0.0000000E+00
 -0.1094436E-01  0.6343879E-02  0.8636889E-02  0.0000000E+00
 -0.1082703E-01  0.6498662E-02  0.6570384E-02  0.0000000E+00
 -0.6963938E-02  0.6874690E-02  0.4987527E-02  0.0000000E+00
 -0.4701320E-02  0.7096767E-02  0.4037568E-02  0.0000000E+00
 -0.1537878E+00 -0.5286961E-01 -0.8624778E-02  0.0000000E+00
  0.9695430E-02  0.5075221E-01  0.1324041E-01  0.0000000E+00
 -0.1570791E+00  0.1764769E-01 -0.1298511E-01  0.0000000E+00
 -0.2268048E-02  0.1098048E-01  0.1218474E-01  0.0000000E+00
 -0.2853189E-01  0.2836368E-03 -0.1603277E-01  0.0000000E+00
  0.6559838E-01 -0.2699051E-01 -0.4142077E-02  0.0000000E+00
 -0.1105289E-01  0.8544200E-02 -0.1432568E-01  0.0000000E+00
  0.9177536E-02 -0.8392709E-02 -0.5833255E-02  0.0000000E+00
  0.2749473E-02  0.1850636E-02 -0.3735715E-02  0.0000000E+00
  0.9287572E-03  0.5726745E-02 -0.6391167E-03  0.0000000E+00
 -0.2089140E-03  0.8111239E-02  0.1197396E-02  0.0000000E+00
 -0.4866555E-01  0.6595067E-02 -0.5236898E-02  0.0000000E+00
  0.6355321E-01  0.6351584E-01  0.1466530E-01  0.0000000E+00
  0.1591631E+00  0.2624358E-01 -0.1529867E-01  0.0000000E+00
 -0.6019015E-01 -0.1616034E-01  0.6182864E-02  0.0000000E+00
  0.3517932E-01  0.1026141E-01 -0.1077530E-01  0.0000000E+00
 -0.3197175E-01 -0.1112869E-01 -0.6355190E-03  0.0000000E+00
  0.4509718E-02 -0.6249175E-02 -0.4128802E-02  0.0000000E+00
 -0.7703500E-02 -0.1956418E-01  0.8723542E-03  0.0000000E+00
 -0.2178530E-02 -0.2138059E-01 -0.2653999E-02  0.0000000E+00
 -0.1677202E-02 -0.1540994E-01 -0.1667688E-02  0.0000000E+00
 -0.1321638E-02 -0.1193512E-01 -0.1130408E-02  0.0000000E+00
 -0.3181715E-01  0.4742150E-03 -0.5001978E-04  0.0000000E+00
  0.1859234E-01  0.5669054E-04 -0.3442586E-04  0.0000000E+00
 -0.3053701E-01 -0.1428511E-03 -0.5653017E-04  0.0000000E+00
 -0.2435446E-01 -0.7848679E-03  0.3380279E-03  0.0000000E+00
 -0.2408867E-01  0.1182360E-02 -0.2592543E-03  0.0000000E+00
  0.2379552E-01 -0.1786263E-02 -0.5329990E-03  0.0000000E+00
 -0.2740752E-01 -0.2214697E-02  0.5726306E-03  0.0000000E+00
 -0.2555336E-02  0.5702157E-02  0.6625020E-03  0.0000000E+00
 -0.3842455E-02  0.6286704E-02  0.9276510E-03  0.0000000E+00
 -0.5453065E-02  0.5675079E-02  0.4785149E-03  0.0000000E+00
 -0.6410452E-02  0.5323819E-02  0.2186231E-03  0.0000000E+00
 -0.8044014E-01 -0.5415359E-03  0.7544933E-04  0.0000000E+00
  0.9987147E-02  0.9925041E-03 -0.4194618E-04  0.0000000E+00
  0.5355484E-02 -0.6590401E-03  0.4181837E-03  0.0000000E+00
 -0.2642161E-02  0.3314880E-03 -0.7352058E-03  0.0000000E+00
  0.2831264E-01 -0.7338909E-03  0.1302477E-02  0.0000000E+00
 -0.2061160E-01  0.5583604E-03 -0.2735439E-02  0.0000000E+00
 -0.2357779E-02  0.2297748E-03  0.9197518E-03  0.0000000E+00
  0.7811299E-02 -0.1562739E-02  0.2710628E-02  0.0000000E+00
  0.2170647E-02 -0.1070028E-02  0.9139690E-03  0.0000000E+00
 -0.8831889E-03  0.2096261E-02  0.9423172E-03  0.0000000E+00
 -0.2734373E-02  0.3955111E-02  0.9389259E-03  0.0000000E+00
 -0.4231753E-02 -0.6742209E-03 -0.1861775E-05  0.0000000E+00
  0.9975498E-02  0.1274321E-02 -0.2276912E-03  0.0000000E+00
  0.6707635E-01 -0.8341524E-03  0.3058278E-03  0.0000000E+00
 -0.2376758E-01  0.1558901E-02 -0.3467958E-03  0.0000000E+00
 -0.1032735E-01 -0.3195836E-02  0.4696309E-03  0.0000000E+00
  0.1382251E-01  0.6037272E-02 -0.4632600E-03  0.0000000E+00
 -0.1526891E-01 -0.9687184E-02  0.1002188E-02  0.0000000E+00
 -0.2522274E-02  0.4027427E-02 -0.1003308E-02  0.0000000E+00
 -0.9763546E-03  0.1438982E-02 -0.3988190E-03  0.0000000E+00
  0.1757952E-03  0.5758917E-03  0.9293572E-03  0.0000000E+00
  0.8673489E-03  0.4165948E-04  0.1713692E-02  0.0000000E+00
  0.3705675E-01  0.3152673E-03  0.1056394E-03  0.0000000E+00
 -0.2914528E-01 -0.6841816E-03  0.1074926E-03  0.0000000E+00
  0.4762603E-02  0.4453324E-03 -0.5572844E-04  0.0000000E+00
  0.1777277E-01  0.1921026E-03  0.2590632E-03  0.0000000E+00
  0.6414123E-01 -0.8896124E-03 -0.6192532E-03  0.0000000E+00
 -0.1288100E-01  0.3287374E-02  0.1141039E-02  0.0000000E+00
 -0.2444551E-02 -0.9311354E-02  0.9673051E-03  0.0000000E+00
  0.3949030E-02  0.6551873E-03 -0.2120809E-02  0.0000000E+00
  0.9982904E-03 -0.1520162E-02 -0.3720277E-04  0.0000000E+00
  0.1514382E-02 -0.8833406E-03 -0.4717052E-03  0.0000000E+00
  0.1782408E-02 -0.5347848E-03 -0.7026886E-03  0.0000000E+00
 -0.7378838E-01  0.2809195E-03  0.7072030E-04  0.0000000E+00
 -0.2234261E-01 -0.1323062E-02 -0.8973369E-04  0.0000000E+00
 -0.3102000E-01  0.5040699E-04  0.1076665E-03  0.0000000E+00
  0.5666343E-02 -0.1796201E-03 -0.1125202E-04  0.0000000E+00
 -0.3129899E-01  0.5977432E-03 -0.2391175E-03  0.0000000E+00
  0.2219269E-01 -0.1459317E-02  0.4343921E-03  0.0000000E+00
 -0.4660480E-02 -0.1728686E-03 -0.8224575E-03  0.0000000E+00
  0.1944702E-03  0.4806152E-02  0.6200920E-03  0.0000000E+00
 -0.3217672E-02 -0.1029095E-02  0.3619705E-03  0.0000000E+00
  0.4034252E-04 -0.1290456E-02  0.5161155E-03  0.0000000E+00
  0.1908768E-02 -0.1509218E-02  0.6033593E-03  0.0000000E+00
  0.9885800E-02  0.3399717E-03  0.6601675E-05  0.0000000E+00
 -0.2817274E-01 -0.1164425E-02 -0.7834072E-04  0.0000000E+00
  0.2929697E-02 -0.1599662E-03 -0.1955239E-04  0.0000000E+00
  0.2040678E-01 -0.3575081E-03  0.9400209E-05  0.0000000E+00
  0.4993914E-01  0.9555434E-03 -0.3762025E-04  0.0000000E+00
  0.2821337E-02 -0.3144514E-02  0.2904880E-03  0.0000000E+00
 -0.1176581E-01  0.7807197E-02 -0.9117083E-03  0.0000000E+00
  0.2345221E-02  0.1247810E-02  0.5533270E-03  0.0000000E+00
 -0.1421453E-02  0.2605516E-03 -0.7116190E-03  0.0000000E+00
  0.1009225E-02  0.5455798E-03 -0.9201166E-03  0.0000000E+00
  0.2388989E-02  0.7010345E-03 -0.1056339E-02  0.0000000E+00
  0.8529377E-01 -0.3860299E-02 -0.2418764E-03  0.0000000E+00
 -0.6855495E-01 -0.2094349E-01  0.6102293E-02  0.0000000E+00
  0.5586062E-01 -0.2514289E-01  0.2529691E-02  0.0000000E+00
 -0.1625464E-01  0.1537750E-01 -0.4400107E-03  0.0000000E+00
  0.3650255E-02 -0.7817558E-02 -0.3137122E-02  0.0000000E+00
 -0.1863082E-01  0.1379855E-02  0.3958956E-03  0.0000000E+00
  0.5968382E-03  0.3777309E-02 -0.1793306E-02  0.0000000E+00
 -0.1171691E-01 -0.2405283E-02  0.4102718E-03  0.0000000E+00
 -0.4797009E-02 -0.1297406E-02 -0.2092891E-02  0.0000000E+00
  0.3775628E-02  0.1464069E-02 -0.1609465E-02  0.0000000E+00
  0.8871252E-02  0.3092846E-02 -0.1354582E-02  0.0000000E+00
  0.1361626E+00  0.3918510E-03 -0.7016605E-02  0.0000000E+00
 -0.6738559E-01 -0.1730506E-01  0.5513942E-02  0.0000000E+00
  0.1965770E+00 -0.2638193E-02  0.6028853E-03  0.0000000E+00
 -0.3755404E-01  0.7288792E-02 -0.3235081E-02  0.0000000E+00
  0.3905320E-03  0.9255749E-02 -0.1074821E-03  0.0000000E+00
 -0.3006251E-01  0.4115059E-02  0.2963205E-02  0.0000000E+00
  0.1439772E-01  0.6186458E-02  0.1189806E-02  0.0000000E+00
  0.1040167E-02 -0.7026135E-03  0.6232522E-02  0.0000000E+00
  0.4261732E-02  0.1484718E-02  0.2668371E-02  0.0000000E+00
  0.9358282E-03  0.3695666E-02  0.1389691E-02  0.0000000E+00
 -0.9742332E-03  0.5014825E-02  0.6008865E-03  0.0000000E+00
  0.6071712E-02  0.7982522E-02  0.1064866E-01  0.0000000E+00
  0.3332223E-01 -0.1216824E-01  0.3319878E-02  0.0000000E+00
 -0.1602678E-01 -0.6447154E-02  0.2121115E-02  0.0000000E+00
  0.2560917E-01 -0.8747906E-02 -0.5726848E-02  0.0000000E+00
 -0.1419712E-01  0.1295944E-02  0.8486554E-02  0.0000000E+00
 -0.1472451E-02  0.5957492E-02 -0.3187352E-02  0.0000000E+00
  0.1887681E-02 -0.1496964E-02 -0.2241073E-02  0.0000000E+00
  0.8979022E-02 -0.7541605E-02 -0.1343910E-02  0.0000000E+00
  0.7631276E-02 -0.7885662E-02 -0.6487933E-03  0.0000000E+00
  0.3986901E-02 -0.4745497E-02 -0.1107894E-02  0.0000000E+00
  0.1838598E-02 -0.2911199E-02 -0.1369021E-02  0.0000000E+00
  0.2101547E-01  0.5929963E-04 -0.1515499E-04  0.0000000E+00
 -0.4099148E-01  0.2108818E-04  0.1169522E-03  0.0000000E+00
  0.2866434E-01  0.9361818E-03 -0.2001360E-03  0.0000000E+00
  0.5672045E-02  0.1520583E-03  0.2611298E-03  0.0000000E+00
 -0.1256692E-01 -0.1160346E-02 -0.3242924E-03  0.0000000E+00
 -0.2278394E-01  0.9125561E-03  0.3069719E-03  0.0000000E+00
  0.1867851E-03 -0.8451327E-02 -0.3538197E-02  0.0000000E+00
 -0.5133112E-02  0.2743393E-02  0.2053226E-02  0.0000000E+00
  0.1276761E-02  0.4671050E-02 -0.8063460E-03  0.0000000E+00
  0.1768094E-02  0.2754654E-02 -0.1936719E-02  0.0000000E+00
  0.2128248E-02  0.1654741E-02 -0.2630291E-02  0.0000000E+00
  0.3162286E-01  0.4333211E-03 -0.1101065E-03  0.0000000E+00
 -0.3105493E-01 -0.2199203E-02 -0.2940872E-03  0.0000000E+00
  0.6252599E-02  0.7147304E-03  0.3203785E-03  0.0000000E+00
  0.7596268E-02 -0.1134225E-02 -0.6142427E-03  0.0000000E+00
 -0.1589954E-01  0.1203466E-02  0.9487048E-03  0.0000000E+00
 -0.1427210E-01  0.3236512E-03  0.2923948E-03  0.0000000E+00
  0.5503441E-02  0.3574935E-02 -0.2687245E-03  0.0000000E+00
 -0.3516606E-02 -0.8734419E-02 -0.1254209E-02  0.0000000E+00
 -0.2355932E-02 -0.4247007E-02 -0.8510133E-03  0.0000000E+00
 -0.1762602E-02 -0.5582714E-03 -0.5673118E-03  0.0000000E+00
 -0.1402424E-02  0.1651490E-02 -0.3970339E-03  0.0000000E+00
  0.3590163E-01  0.2714390E-03  0.3708474E-04  0.0000000E+00
  0.1993927E-02  0.3148019E-03  0.3576900E-03  0.0000000E+00
  0.5998062E-02 -0.1010584E-02 -0.5263916E-03  0.0000000E+00
  0.6851742E-02  0.6578047E-03  0.5867289E-03  0.0000000E+00
  0.2596148E-02 -0.1551314E-02 -0.8884861E-03  0.0000000E+00
 -0.2526118E-01  0.3786866E-02  0.1784153E-02  0.0000000E+00
  0.1233865E-01 -0.5983689E-02 -0.1415086E-02  0.0000000E+00
  0.2734946E-02 -0.3599174E-03  0.1403316E-03  0.0000000E+00
  0.2910823E-02 -0.1648427E-02 -0.4489914E-03  0.0000000E+00
  0.1430440E-02 -0.1964265E-02 -0.1280037E-02  0.0000000E+00
  0.5663249E-03 -0.2163362E-02 -0.1773180E-02  0.0000000E+00
  0.1199444E-01 -0.2120462E-03 -0.1315803E-03  0.0000000E+00
  0.1325026E-01  0.1239488E-02  0.2031406E-03  0.0000000E+00
 -0.4814520E-02 -0.3223321E-03 -0.3437239E-03  0.0000000E+00
  0.3003158E-02  0.5894599E-03  0.3303789E-03  0.0000000E+00
 -0.1821018E-01 -0.7015374E-03 -0.3496665E-03  0.0000000E+00
 -0.2464892E-02  0.7238187E-03  0.3419093E-04  0.0000000E+00
  0.9239577E-02 -0.2548997E-02  0.2571979E-02  0.0000000E+00
  0.4845227E-02 -0.1650330E-02  0.3972676E-03  0.0000000E+00
  0.4383034E-02  0.2742929E-02 -0.3482288E-03  0.0000000E+00
  0.3631819E-02  0.4415163E-02  0.4440924E-03  0.0000000E+00
  0.3186723E-02  0.5443640E-02  0.8996645E-03  0.0000000E+00
  0.1401229E-01  0.6983583E-04  0.6467327E-04  0.0000000E+00
  0.6397004E-01  0.3751089E-03 -0.1978308E-03  0.0000000E+00
 -0.8098663E-01  0.6933147E-03  0.3081282E-03  0.0000000E+00
  0.2587425E-01 -0.8202188E-04 -0.3660097E-03  0.0000000E+00
 -0.9971565E-02  0.1194679E-03  0.4807672E-03  0.0000000E+00
 -0.1665851E-01 -0.1311211E-03 -0.1929763E-03  0.0000000E+00
 -0.1322076E-02  0.2144540E-03  0.3888659E-03  0.0000000E+00
 -0.4083427E-02  0.4176734E-02  0.5651444E-03  0.0000000E+00
 -0.1338789E-02  0.1029662E-02  0.1855500E-04  0.0000000E+00
 -0.5974902E-03  0.1128041E-02 -0.3140522E-03  0.0000000E+00
 -0.1326111E-03  0.1150047E-02 -0.5149782E-03  0.0000000E+00
  0.3129752E-01 -0.2371754E-03 -0.7547065E-04  0.0000000E+00
  0.1453074E-01 -0.3988902E-03 -0.1321961E-03  0.0000000E+00
 -0.1601630E-01  0.9917371E-03  0.6995497E-04  0.0000000E+00
  0.1091847E-01 -0.4858566E-03 -0.1412204E-03  0.0000000E+00
 -0.4219406E-02  0.7491472E-03  0.3382469E-03  0.0000000E+00
 -0.3219943E-02 -0.2484999E-02 -0.5989037E-03  0.0000000E+00
  0.4007720E-02  0.5443928E-02 -0.3694556E-03  0.0000000E+00
 -0.3209823E-04  0.1204577E-02 -0.7182472E-03  0.0000000E+00
  0.4186505E-03 -0.8931863E-03  0.2574565E-03  0.0000000E+00
  0.2182335E-03 -0.9906161E-03  0.4926618E-03  0.0000000E+00
  0.1062047E-03 -0.1071101E-02  0.6413102E-03  0.0000000E+00
 -0.5757320E-01 -0.3388483E-01 -0.1017662E-02  0.0000000E+00
 -0.3225264E-02 -0.3722798E-01 -0.1431410E-02  0.0000000E+00
 -0.2969111E-01  0.5184010E-01 -0.5663296E-02  0.0000000E+00
  0.8045934E-02 -0.1615155E-01  0.6158566E-02  0.0000000E+00
 -0.6826131E-02  0.6689800E-02 -0.3511309E-02  0.0000000E+00
 -0.3703795E-02 -0.9200412E-02  0.1066812E-02  0.0000000E+00
 -0.1250343E-02  0.1527293E-01  0.1914110E-04  0.0000000E+00
 -0.1126323E-01 -0.1434202E-02 -0.1181250E-03  0.0000000E+00
 -0.1046593E-01 -0.5070703E-02  0.6242528E-03  0.0000000E+00
 -0.8899860E-02 -0.7719870E-02  0.1307983E-02  0.0000000E+00
 -0.7973999E-02 -0.9311703E-02  0.1716383E-02  0.0000000E+00
 -0.8270977E-01 -0.7949933E-02 -0.2715308E-02  0.0000000E+00
  0.1142886E-01 -0.3173659E-01  0.2815858E-02  0.0000000E+00
 -0.1127880E+00  0.8060811E-01 -0.1212049E-02  0.0000000E+00
  0.2891859E-01 -0.1978047E-01  0.1929753E-02  0.0000000E+00
 -0.1637036E-01  0.1689664E-01 -0.3061602E-02  0.0000000E+00
 -0.5263844E-02 -0.6661470E-02 -0.3885158E-02  0.0000000E+00
  0.2196647E-02  0.1973872E-02 -0.4123517E-02  0.0000000E+00
 -0.7828471E-02 -0.6800028E-02  0.2877562E-03  0.0000000E+00
 -0.7801247E-02 -0.4785400E-02 -0.1537035E-02  0.0000000E+00
 -0.6343727E-02 -0.7447815E-02 -0.1629332E-02  0.0000000E+00
 -0.5490471E-02 -0.8983093E-02 -0.1703514E-02  0.0000000E+00
  0.9422330E-01 -0.1967434E-02  0.4979814E-02  0.0000000E+00
 -0.6987532E-01  0.1118097E-01 -0.1046820E-01  0.0000000E+00
  0.1372218E+00  0.2990351E-01  0.9482997E-02  0.0000000E+00
 -0.4893289E-01 -0.1232447E-01  0.2434204E-02  0.0000000E+00
  0.2808857E-01 -0.5570867E-03 -0.2234063E-02  0.0000000E+00
 -0.1599372E-01  0.8701145E-02 -0.4267580E-02  0.0000000E+00
  0.6702149E-02 -0.6264500E-02  0.4105585E-02  0.0000000E+00
  0.7065717E-02 -0.5141928E-02 -0.1778714E-02  0.0000000E+00
  0.8148227E-02 -0.5044357E-02 -0.1115548E-02  0.0000000E+00
  0.7663575E-02 -0.7252752E-02 -0.2744561E-03  0.0000000E+00
  0.7392089E-02 -0.8544450E-02  0.2258872E-03  0.0000000E+00
 -0.6293812E-01 -0.9408121E-03 -0.6496977E-04  0.0000000E+00
 -0.1080678E-01 -0.1542912E-03  0.4390968E-04  0.0000000E+00
 -0.2712202E-02 -0.4516228E-03  0.7553518E-04  0.0000000E+00
 -0.1492764E-01  0.1238109E-02  0.2789870E-03  0.0000000E+00
  0.2273217E-02 -0.1248304E-02 -0.5339255E-03  0.0000000E+00
 -0.7883902E-03  0.1580064E-02  0.1627589E-02  0.0000000E+00
  0.4412919E-02 -0.1326149E-01 -0.3116815E-02  0.0000000E+00
 -0.9171520E-02 -0.1645984E-02  0.2730284E-03  0.0000000E+00
 -0.4417955E-02  0.2934158E-02  0.1098299E-02  0.0000000E+00
 -0.1525617E-02  0.4120885E-02  0.2466842E-03  0.0000000E+00
  0.2212898E-03  0.4867294E-02 -0.2427576E-03  0.0000000E+00
  0.3626890E-01  0.4005287E-03 -0.3313708E-05  0.0000000E+00
 -0.3551107E-01 -0.1531008E-03 -0.1358830E-03  0.0000000E+00
  0.2891753E-01  0.7512018E-03  0.1643418E-03  0.0000000E+00
 -0.2215776E-01 -0.8274949E-03 -0.1359893E-03  0.0000000E+00
 -0.4537899E-02  0.5064808E-03 -0.7206066E-04  0.0000000E+00
 -0.8516022E-02  0.6579990E-03 -0.6924901E-03  0.0000000E+00
 -0.7440448E-03  0.6717589E-02 -0.5936818E-03  0.0000000E+00
  0.1075415E-03  0.2511836E-03  0.3188893E-03  0.0000000E+00
  0.2228996E-02 -0.8456648E-03  0.5324512E-03  0.0000000E+00
  0.2632372E-02 -0.1808126E-02  0.1072254E-02  0.0000000E+00
  0.2892346E-02 -0.2383835E-02  0.1390514E-02  0.0000000E+00
 -0.5327948E-02 -0.2768706E-04  0.1459391E-03  0.0000000E+00
 -0.3530102E-01  0.1239347E-03  0.9268484E-05  0.0000000E+00
  0.8510580E-01 -0.3179670E-03  0.3105760E-03  0.0000000E+00
 -0.3406596E-01  0.3988607E-03 -0.1199150E-03  0.0000000E+00
  0.2025524E-01 -0.1411058E-02  0.1270627E-03  0.0000000E+00
  0.1334648E-02  0.3232370E-02 -0.8276912E-03  0.0000000E+00
  0.7492054E-02  0.2584109E-02  0.1588546E-02  0.0000000E+00
  0.3514455E-02  0.5860590E-02 -0.1121320E-02  0.0000000E+00
  0.4403506E-02 -0.2624211E-03 -0.9201203E-03  0.0000000E+00
  0.3721678E-02 -0.1640492E-02 -0.7693177E-03  0.0000000E+00
  0.3332810E-02 -0.2515691E-02 -0.6786451E-03  0.0000000E+00
  0.2810809E-01  0.3304323E-03 -0.2266948E-04  0.0000000E+00
 -0.4342402E-01  0.1004575E-02 -0.2481480E-03  0.0000000E+00
  0.5232881E-01 -0.1483742E-03  0.2481070E-03  0.0000000E+00
 -0.4223457E-01  0.3864905E-03 -0.1633639E-03  0.0000000E+00
 -0.2267909E-02 -0.5754456E-03  0.5671009E-04  0.0000000E+00
 -0.1579938E-01  0.7177898E-03 -0.5284921E-03  0.0000000E+00
  0.3316669E-02  0.6782274E-03 -0.8338147E-03  0.0000000E+00
 -0.8185528E-03  0.2115234E-02 -0.9905781E-03  0.0000000E+00
  0.2215564E-02  0.2079046E-03 -0.1260328E-02  0.0000000E+00
  0.4647294E-02 -0.3747499E-03 -0.3536421E-03  0.0000000E+00
  0.6105370E-02 -0.7373263E-03  0.1742004E-03  0.0000000E+00
 -0.4446082E-01  0.3772623E-03  0.6506040E-04  0.0000000E+00
 -0.1943888E-01 -0.2147255E-03 -0.8779779E-04  0.0000000E+00
 -0.9568520E-02 -0.3070258E-03  0.2225451E-03  0.0000000E+00
  0.1139853E-01 -0.2514872E-03 -0.3362675E-03  0.0000000E+00
 -0.2524383E-02  0.9350907E-03  0.5029175E-03  0.0000000E+00
  0.9303753E-02 -0.9475179E-03 -0.7704125E-03  0.0000000E+00
  0.2826099E-02  0.1099641E-02  0.1004916E-02  0.0000000E+00
 -0.5862305E-03 -0.5775652E-03  0.1485082E-02  0.0000000E+00
  0.1495096E-02  0.2774224E-03  0.5902459E-03  0.0000000E+00
  0.1630496E-02  0.1245525E-02  0.1069877E-03  0.0000000E+00
  0.1733032E-02  0.1821910E-02 -0.1862157E-03  0.0000000E+00
  0.5088666E-02  0.6830145E-03 -0.5782971E-04  0.0000000E+00
 -0.2028375E-01 -0.3673696E-03  0.1141240E-03  0.0000000E+00
 -0.1470668E-02  0.4371515E-03  0.3853003E-05  0.0000000E+00
 -0.7518563E-02 -0.1037891E-02 -0.1663026E-03  0.0000000E+00
  0.7713449E-02  0.1787088E-02 -0.6790013E-04  0.0000000E+00
 -0.1130959E-01 -0.3283951E-02  0.1227529E-02  0.0000000E+00
  0.4586037E-02  0.1570950E-02  0.4718226E-03  0.0000000E+00
  0.4344129E-03 -0.1255698E-02  0.1360894E-02  0.0000000E+00
  0.6440382E-03 -0.2582238E-03  0.1249009E-02  0.0000000E+00
  0.3511232E-03 -0.1806914E-03  0.5357266E-03  0.0000000E+00
  0.1822902E-03 -0.1244186E-03  0.1167867E-03  0.0000000E+00
