  2  2   693 10944  4  4  9 11  7  1    0.00   24.00  100.00  600.00    0.00    6.28   45.00   45.00
  100.0  100.0  100.0  100.0  125.0  150.0  190.0  230.0  275.0  350.0  450.0  600.0  600.0  600.0  600.0
  0.2647202E+03 -0.5081132E+02 -0.3408679E+01  0.0000000E+00
  0.4228970E+03 -0.7084577E+02 -0.7794431E+01  0.0000000E+00
  0.4874084E+03  0.6003894E+02  0.1265088E+02  0.0000000E+00
  0.7572444E+03  0.9419435E+01  0.1711236E+02  0.0000000E+00
  0.8547569E+03  0.1736711E+03 -0.1378997E+02  0.0000000E+00
  0.1066170E+04  0.1894187E+03  0.1344179E+02  0.0000000E+00
  0.1110152E+04  0.2308791E+03  0.2713727E+02  0.0000000E+00
  0.1299318E+04  0.2123591E+03  0.4553795E+02  0.0000000E+00
  0.1301129E+04  0.2202979E+03  0.3177807E+02  0.0000000E+00
  0.1172187E+04  0.2458932E+03  0.9904163E+01  0.0000000E+00
  0.1096704E+04  0.2609680E+03 -0.3056615E+01  0.0000000E+00
  0.2096495E+02  0.2610672E+01 -0.2637346E+01  0.0000000E+00
  0.4337769E+02 -0.3484864E+02 -0.1849620E+02  0.0000000E+00
 -0.8101294E+02  0.1801546E+02 -0.4664188E+01  0.0000000E+00
  0.4395515E+00 -0.5698604E+02 -0.1989633E+01  0.0000000E+00
 -0.8697408E+02 -0.2947002E+02  0.9768029E+01  0.0000000E+00
 -0.1952653E+02 -0.8579078E+01 -0.9613504E+01  0.0000000E+00
 -0.3990422E+02 -0.2638520E+02 -0.1026669E+02  0.0000000E+00
 -0.1605643E+02 -0.5231881E+01 -0.1449813E+02  0.0000000E+00
 -0.7766718E+02 -0.8650592E-01 -0.1846379E+02  0.0000000E+00
 -0.1354825E+03 -0.2085445E+02 -0.1932979E+02  0.0000000E+00
 -0.1700153E+03 -0.3295605E+02 -0.1987980E+02  0.0000000E+00
 -0.3878044E+02  0.1788793E+02  0.1350788E+01  0.0000000E+00
 -0.5363087E+02  0.1091096E+02 -0.5271435E+01  0.0000000E+00
  0.3691836E+02  0.4994897E+01  0.1432804E+02  0.0000000E+00
  0.2705340E+02 -0.3035388E+01  0.1058437E+02  0.0000000E+00
 -0.3060002E+02  0.1145934E+02 -0.1918437E+01  0.0000000E+00
 -0.1544069E+02 -0.1483375E+02  0.2283544E+00  0.0000000E+00
 -0.2853306E+01 -0.1332964E+02  0.8768146E+01  0.0000000E+00
  0.2875872E+02 -0.1064646E+02  0.2276472E+02  0.0000000E+00
 -0.4839493E+02 -0.1034145E+02  0.9497604E+01  0.0000000E+00
 -0.1162016E+03 -0.2198760E+02 -0.6758550E+01  0.0000000E+00
 -0.1567604E+03 -0.2880487E+02 -0.1642390E+02  0.0000000E+00
 -0.2707788E+00 -0.1651830E+00 -0.2535743E-01  0.0000000E+00
  0.4988202E+00 -0.4214077E-01  0.1095803E+00  0.0000000E+00
  0.1611152E+01  0.1798970E-01 -0.2020787E+00  0.0000000E+00
  0.3420839E+01  0.5518431E-01  0.3397002E+00  0.0000000E+00
 -0.2562247E-01  0.1246652E+01 -0.6997854E+00  0.0000000E+00
 -0.7744373E+01  0.5466301E+01  0.2347032E+01  0.0000000E+00
 -0.4218176E+01  0.1015354E+02  0.2098146E+00  0.0000000E+00
 -0.1587264E+02  0.1519500E+02  0.1649376E-01  0.0000000E+00
  0.2851790E+02 -0.1242293E+02  0.6254623E+01  0.0000000E+00
  0.6189892E+02 -0.1986974E+02  0.8367515E+01  0.0000000E+00
  0.8193851E+02 -0.2453366E+02  0.9674062E+01  0.0000000E+00
  0.2352469E+00 -0.3947211E-01 -0.4834526E-03  0.0000000E+00
  0.7859901E+01 -0.6010465E+00  0.1102617E+00  0.0000000E+00
  0.9167195E+00  0.4128808E-01 -0.5166232E-01  0.0000000E+00
  0.1473899E+02 -0.5772619E-01 -0.2291046E-01  0.0000000E+00
 -0.8039694E+01 -0.7085414E+00  0.2035175E+00  0.0000000E+00
  0.5980094E+01 -0.6327146E+01 -0.1901154E+01  0.0000000E+00
  0.6958050E+01 -0.1911138E+01 -0.5848925E+01  0.0000000E+00
  0.1900940E+02  0.1334582E+01 -0.6705564E+01  0.0000000E+00
  0.3068349E+01  0.9769490E+01 -0.1003381E+02  0.0000000E+00
 -0.2174441E+02  0.1166841E+02 -0.1489958E+02  0.0000000E+00
 -0.3645031E+02  0.1287312E+02 -0.1778583E+02  0.0000000E+00
  0.5415219E+00  0.1646035E+00  0.1308294E-01  0.0000000E+00
  0.1236061E+01 -0.1055378E+00 -0.1022596E+00  0.0000000E+00
 -0.4799555E+01  0.8840278E-01  0.8986173E-01  0.0000000E+00
 -0.6613624E+01 -0.3753992E+00 -0.1429999E+00  0.0000000E+00
  0.8719440E+00  0.4971285E+00  0.4510750E+00  0.0000000E+00
  0.1817358E+01 -0.4257690E+01 -0.2127214E+01  0.0000000E+00
 -0.4812292E+01 -0.6398679E+00 -0.1672987E+01  0.0000000E+00
  0.2089773E+01  0.3185444E+01 -0.1156681E+01  0.0000000E+00
 -0.6146044E+01  0.6815331E+01  0.1556779E+00  0.0000000E+00
 -0.1786630E+02  0.1899183E+01  0.2207521E-01  0.0000000E+00
 -0.2481890E+02 -0.9386063E+00 -0.4121400E-01  0.0000000E+00
 -0.1024968E+01  0.1178470E+00 -0.4528549E-02  0.0000000E+00
 -0.6590928E+01  0.2269747E+00  0.1581765E+00  0.0000000E+00
 -0.6626340E+01  0.1072349E+00 -0.2359173E+00  0.0000000E+00
 -0.1100076E+02  0.8032756E-01  0.4780227E+00  0.0000000E+00
 -0.1962864E+02  0.4590975E+00 -0.8226422E+00  0.0000000E+00
 -0.8016980E+01  0.3630145E+01  0.2107383E+01  0.0000000E+00
 -0.1245248E+02  0.8709544E+01 -0.1162030E+01  0.0000000E+00
  0.1040249E+00  0.8242317E+01 -0.1458307E+01  0.0000000E+00
  0.2076768E+02  0.1324677E+01  0.7586423E+00  0.0000000E+00
  0.2307620E+02 -0.7823541E+01  0.6927412E+00  0.0000000E+00
  0.2465929E+02 -0.1325741E+02  0.6783585E+00  0.0000000E+00
  0.2613367E-01 -0.1713630E-02  0.4518355E-02  0.0000000E+00
 -0.1897013E+01  0.7873238E-02  0.6110025E-02  0.0000000E+00
  0.3820528E+01 -0.1765432E+00  0.5981567E-01  0.0000000E+00
  0.5465004E+01  0.5186868E+00 -0.7543889E-01  0.0000000E+00
  0.5970265E+01 -0.5938827E+00 -0.3681173E-01  0.0000000E+00
  0.1835144E+01  0.1854188E+01  0.6469762E+00  0.0000000E+00
  0.2299577E+01 -0.1099066E+01  0.1452934E+01  0.0000000E+00
 -0.4556090E+01 -0.1390043E+01  0.1279373E+01  0.0000000E+00
 -0.8996839E+01  0.9023416E+00  0.1767111E+01  0.0000000E+00
 -0.5280554E+01 -0.1382004E+00  0.9783667E+00  0.0000000E+00
 -0.3154480E+01 -0.7220219E+00  0.5218968E+00  0.0000000E+00
  0.5644659E+00  0.2578717E-01 -0.8840034E-02  0.0000000E+00
  0.1221399E+01  0.9782499E+00 -0.5781066E-01  0.0000000E+00
  0.3883052E+01 -0.6068758E+00 -0.5500420E-02  0.0000000E+00
  0.4809624E+01  0.4702722E+00 -0.2320956E-01  0.0000000E+00
  0.3413126E+01 -0.1092018E+01 -0.2291939E-01  0.0000000E+00
 -0.2173876E+01  0.1091496E+00  0.1527880E+00  0.0000000E+00
 -0.5345523E+01 -0.1627652E+01 -0.8444370E+00  0.0000000E+00
 -0.3121792E+01  0.8267201E+00 -0.7883567E+00  0.0000000E+00
 -0.7642492E+01  0.6522822E+01 -0.3984008E+00  0.0000000E+00
 -0.1514329E+02  0.3638999E+01 -0.3255193E+00  0.0000000E+00
 -0.1958414E+02  0.2014324E+01 -0.2783898E+00  0.0000000E+00
 -0.9623839E+01  0.3397303E+02 -0.4106442E+01  0.0000000E+00
  0.4010804E+02  0.2354697E+02  0.1038450E+02  0.0000000E+00
 -0.2954105E+02  0.2137353E+01 -0.6579931E+01  0.0000000E+00
 -0.6308482E+02 -0.2044058E+02  0.3874236E+01  0.0000000E+00
  0.1192620E+00  0.3457132E+02  0.3311584E+01  0.0000000E+00
 -0.5795763E+02 -0.2104387E+02  0.1045358E+02  0.0000000E+00
 -0.6934047E+02 -0.6746430E+02  0.9332057E+01  0.0000000E+00
 -0.7802677E+02 -0.7280378E+02  0.7558807E+01  0.0000000E+00
 -0.9445704E+02 -0.3232996E+02  0.1016506E+02  0.0000000E+00
 -0.9341467E+02  0.1555559E+02  0.2120207E+02  0.0000000E+00
 -0.9298706E+02  0.4404494E+02  0.2769417E+02  0.0000000E+00
  0.1826423E+02 -0.3067623E+02 -0.1351610E+01  0.0000000E+00
  0.3129611E+02  0.2080093E+01 -0.7789832E+01  0.0000000E+00
 -0.3693941E+02  0.1569218E+02 -0.8378574E+00  0.0000000E+00
 -0.4908954E+01  0.3271522E+02 -0.7539989E+01  0.0000000E+00
 -0.3026379E+02  0.3327441E+02  0.6863797E+01  0.0000000E+00
 -0.3032466E+02  0.1931508E+02 -0.9770242E+01  0.0000000E+00
 -0.3548758E+02  0.8189981E+01 -0.2483009E+01  0.0000000E+00
 -0.6571498E+02 -0.9153932E+01 -0.8775707E+01  0.0000000E+00
 -0.7589115E+02  0.2213778E+02 -0.5553368E+00  0.0000000E+00
 -0.8919184E+02  0.3263722E+02  0.1177060E+02  0.0000000E+00
 -0.9709617E+02  0.3912677E+02  0.1907851E+02  0.0000000E+00
 -0.2122299E+02  0.1364956E+02  0.8667761E+01  0.0000000E+00
 -0.3446515E+02  0.3035818E+02  0.1463636E+01  0.0000000E+00
 -0.1956711E+02 -0.1183000E+02 -0.3806350E+01  0.0000000E+00
 -0.1795741E+02  0.1537996E+02  0.5540764E+00  0.0000000E+00
 -0.1704328E+02  0.5067246E+01  0.1810759E+01  0.0000000E+00
 -0.8265545E+01  0.1443742E+02 -0.1899590E+01  0.0000000E+00
 -0.3517918E+02  0.1841339E+02 -0.3963894E+01  0.0000000E+00
 -0.4951804E+01 -0.2056011E+02 -0.9479060E+00  0.0000000E+00
 -0.2662190E+02  0.2489742E+02  0.3042737E+01  0.0000000E+00
 -0.6740888E+02  0.4371159E+02  0.3941661E+01  0.0000000E+00
 -0.9152691E+02  0.5523538E+02  0.4512614E+01  0.0000000E+00
 -0.4237657E+00  0.3279257E+00 -0.4161938E-01  0.0000000E+00
  0.1879470E+01 -0.1086591E+01  0.1351123E+00  0.0000000E+00
 -0.3313506E+01  0.1016538E+01 -0.1802185E+00  0.0000000E+00
  0.9037387E+01 -0.1626513E+01  0.4623581E+00  0.0000000E+00
  0.1847456E+02  0.3730162E+01 -0.7368048E+00  0.0000000E+00
 -0.4328353E+01 -0.2587782E+01  0.2195969E+01  0.0000000E+00
  0.1829496E+02  0.7851590E+01  0.1984192E+01  0.0000000E+00
  0.1813665E+01  0.2083841E+02  0.4071940E+01  0.0000000E+00
  0.1498019E+02 -0.6121441E+01  0.3424673E+01  0.0000000E+00
  0.2308373E+02 -0.2021058E+02  0.4680454E+01  0.0000000E+00
  0.2797147E+02 -0.2875838E+02  0.5408424E+01  0.0000000E+00
 -0.8878607E+00 -0.6748830E-01  0.5640365E-02  0.0000000E+00
  0.1306375E+01  0.1121576E+01 -0.7090584E-01  0.0000000E+00
 -0.1869189E+01 -0.4541648E+00  0.1728822E+00  0.0000000E+00
  0.6501015E+01  0.8999935E+00 -0.1845453E+00  0.0000000E+00
 -0.2333385E+02 -0.1300363E+01  0.6209239E+00  0.0000000E+00
  0.5442555E+01  0.6475798E+01 -0.3317291E+01  0.0000000E+00
 -0.8816529E+01 -0.3181455E+01 -0.2437243E+01  0.0000000E+00
 -0.6814977E+01  0.1139221E+01  0.1704974E+00  0.0000000E+00
 -0.1912729E+02  0.3978023E+02  0.2732110E+01  0.0000000E+00
 -0.4628758E+02  0.4650304E+02 -0.2502884E+01  0.0000000E+00
 -0.6232815E+02  0.5086727E+02 -0.5540566E+01  0.0000000E+00
  0.1598416E+01 -0.3637937E+00  0.5121089E-01  0.0000000E+00
  0.2113455E+01 -0.3089438E+00 -0.1242705E+00  0.0000000E+00
  0.1042483E+00 -0.1536510E+00  0.2055750E+00  0.0000000E+00
 -0.8147023E+01  0.5468585E+00 -0.5056714E+00  0.0000000E+00
 -0.7700629E+01 -0.2056158E+00  0.9627025E+00  0.0000000E+00
  0.4321923E+00  0.6853343E+00 -0.3090901E+01  0.0000000E+00
 -0.7247915E+00  0.8322405E+00 -0.2227661E+01  0.0000000E+00
 -0.3166673E+01  0.1551624E+02 -0.4513044E+01  0.0000000E+00
 -0.6976683E+01  0.7242210E+01 -0.5314157E+01  0.0000000E+00
 -0.1381303E+02  0.6472550E+00  0.8780549E+00  0.0000000E+00
 -0.1785920E+02 -0.3304693E+01  0.4495427E+01  0.0000000E+00
  0.8473462E+00  0.1356748E+00 -0.2615673E-02  0.0000000E+00
  0.1631237E+01  0.6479734E-01  0.9756152E-02  0.0000000E+00
 -0.2055910E+01 -0.5887970E+00 -0.1510082E+00  0.0000000E+00
  0.1860150E+01  0.7332242E+00  0.4270283E+00  0.0000000E+00
 -0.7060498E+01 -0.2166540E+01 -0.6454654E+00  0.0000000E+00
 -0.4242681E+01 -0.1673950E+01  0.2062924E+01  0.0000000E+00
 -0.1608498E+01 -0.5187767E+01  0.2799339E+00  0.0000000E+00
 -0.2086374E+01 -0.1418805E+01  0.2188076E+01  0.0000000E+00
  0.1351298E+02 -0.1336381E+02  0.5595199E+00  0.0000000E+00
  0.2307339E+02 -0.1437167E+02  0.7335129E+00  0.0000000E+00
  0.2884505E+02 -0.1509326E+02  0.8170534E+00  0.0000000E+00
 -0.1100184E+01 -0.5813630E-02 -0.3109367E-01  0.0000000E+00
 -0.3872728E+01  0.1078257E+01  0.2310045E+00  0.0000000E+00
  0.1943296E+01 -0.1123491E+01 -0.1634887E+00  0.0000000E+00
  0.2590200E+01  0.1411288E+01  0.1933097E+00  0.0000000E+00
  0.6464379E+01 -0.3008620E+01 -0.6133122E+00  0.0000000E+00
 -0.9642183E+00  0.2771568E+01  0.2025610E+01  0.0000000E+00
  0.5020825E+00 -0.2490618E+01  0.5844775E+00  0.0000000E+00
 -0.8002075E+01  0.5363609E+01 -0.3367806E+00  0.0000000E+00
 -0.1242136E+02  0.1251691E+02  0.8675403E+00  0.0000000E+00
 -0.1170255E+02  0.8453957E+01  0.1448128E+01  0.0000000E+00
 -0.1133284E+02  0.6155583E+01  0.1801974E+01  0.0000000E+00
 -0.8543674E+00 -0.1616778E+00 -0.1755504E-01  0.0000000E+00
  0.1014838E+01 -0.6516204E+00  0.9638840E-01  0.0000000E+00
 -0.1355693E+00  0.6418363E-01 -0.4443756E-01  0.0000000E+00
  0.1281170E+00  0.4316152E+00 -0.9039894E-01  0.0000000E+00
  0.2996933E+01 -0.8832034E+00 -0.4412240E-01  0.0000000E+00
 -0.3503235E+01  0.1319066E+01  0.1991587E+00  0.0000000E+00
 -0.4794115E+01  0.1268793E+01 -0.1711647E+01  0.0000000E+00
 -0.7639085E+01  0.5162826E+01 -0.6809363E+00  0.0000000E+00
 -0.1877401E+02  0.8284843E-01 -0.1688690E+01  0.0000000E+00
 -0.2028233E+02 -0.5232176E+01 -0.5371278E+00  0.0000000E+00
 -0.2128932E+02 -0.8400257E+01  0.1261783E+00  0.0000000E+00
  0.8210765E+01  0.4109071E+01 -0.1546019E+01  0.0000000E+00
  0.2711151E+02 -0.3003388E+00  0.2798978E+01  0.0000000E+00
 -0.9802875E+01 -0.1828524E+02  0.1314682E+01  0.0000000E+00
  0.2088758E+02  0.1640285E+02  0.2879142E+01  0.0000000E+00
 -0.2708408E+01  0.9703550E+01  0.2442941E+01  0.0000000E+00
  0.1651287E+02 -0.5158472E+00  0.9595956E+00  0.0000000E+00
  0.1204801E+02  0.1154731E+02 -0.1570204E+01  0.0000000E+00
  0.1523988E+02  0.3589309E+02 -0.2443127E+01  0.0000000E+00
  0.1686479E+02  0.4148234E+02 -0.8291574E+00  0.0000000E+00
  0.7203800E+01  0.5354752E+02 -0.2151718E+00  0.0000000E+00
  0.1566134E+01  0.6067862E+02  0.1625403E+00  0.0000000E+00
  0.4207639E+01 -0.8788398E+01  0.1370163E+01  0.0000000E+00
  0.4880979E+02 -0.3479063E+01  0.8981355E+01  0.0000000E+00
 -0.2959205E+02 -0.2568359E+01  0.3131722E+01  0.0000000E+00
  0.8946528E+01  0.1278593E+02  0.1609434E+01  0.0000000E+00
 -0.1488319E+02 -0.9875226E+01 -0.4911263E+00  0.0000000E+00
 -0.5177223E+01  0.1001649E+02 -0.1392301E+01  0.0000000E+00
 -0.1262907E+02  0.1466116E+02  0.7182589E+00  0.0000000E+00
 -0.1515300E+02  0.1912194E+02 -0.6920072E+01  0.0000000E+00
 -0.2015390E+02  0.2621439E+02 -0.5664575E+01  0.0000000E+00
 -0.2954972E+02  0.4124632E+02  0.5963686E+01  0.0000000E+00
 -0.3510586E+02  0.5012369E+02  0.1278677E+02  0.0000000E+00
  0.8342320E+01 -0.1482626E+02  0.5642954E+01  0.0000000E+00
  0.3263712E+01 -0.1042626E+02 -0.2117490E+01  0.0000000E+00
 -0.8120341E+01 -0.1208041E+02 -0.5033234E+00  0.0000000E+00
  0.6124243E+01  0.5175302E+01 -0.1745219E+01  0.0000000E+00
  0.5498511E+01 -0.1744990E+01  0.4805705E+00  0.0000000E+00
 -0.2622289E+01  0.2572764E+01 -0.4410243E+00  0.0000000E+00
  0.1510407E+02 -0.1144334E+02 -0.6819121E+00  0.0000000E+00
  0.8256634E+01  0.3065388E+02 -0.8959388E+00  0.0000000E+00
  0.1734747E+02  0.2398835E+02  0.2782849E+00  0.0000000E+00
  0.4182466E+02  0.1600977E+02  0.2349441E+01  0.0000000E+00
  0.5626261E+02  0.1127323E+02  0.3576908E+01  0.0000000E+00
  0.1312380E+01  0.1243731E+00  0.1385017E-02  0.0000000E+00
 -0.1526054E+01  0.2607502E+00 -0.4686639E-02  0.0000000E+00
  0.4050896E+01  0.4206975E+00 -0.1095720E+00  0.0000000E+00
 -0.3932367E+01 -0.9002013E+00  0.1093110E+00  0.0000000E+00
  0.2075814E+00  0.3097254E+01 -0.2210819E+00  0.0000000E+00
 -0.1221467E+02 -0.2011876E+01  0.9024041E+00  0.0000000E+00
 -0.7465159E+01 -0.2490096E+01 -0.1957196E+01  0.0000000E+00
 -0.2429614E+02 -0.4474399E+01 -0.3831937E+01  0.0000000E+00
 -0.1422842E+02  0.6190262E+01 -0.1823247E+01  0.0000000E+00
 -0.1132687E+02  0.3318768E+01 -0.5434464E+01  0.0000000E+00
 -0.9519403E+01  0.1753270E+01 -0.7527240E+01  0.0000000E+00
  0.2087123E+01  0.4128653E-01  0.7481691E-02  0.0000000E+00
 -0.2005625E+00 -0.2052702E+00 -0.1007145E+00  0.0000000E+00
  0.2600851E+00  0.4890364E+00  0.1572451E+00  0.0000000E+00
  0.1574839E+01 -0.1333236E+01 -0.2308036E+00  0.0000000E+00
  0.5421161E+01  0.2404964E+01  0.4370682E+00  0.0000000E+00
 -0.2744100E+01 -0.4976799E+00 -0.9181705E+00  0.0000000E+00
  0.2648942E+01  0.6155984E+01 -0.2084673E+01  0.0000000E+00
  0.1090595E+02 -0.1039597E+02 -0.9028190E+01  0.0000000E+00
  0.2135075E+02 -0.2195612E+02 -0.5855867E+01  0.0000000E+00
  0.2640555E+02 -0.6532082E+01 -0.7544886E+00  0.0000000E+00
  0.2948518E+02  0.2370722E+01  0.2267707E+01  0.0000000E+00
 -0.1504165E+01 -0.2374360E+00 -0.1187934E-02  0.0000000E+00
 -0.5115263E+00  0.8495304E+00  0.1350831E-01  0.0000000E+00
 -0.1992255E+01 -0.3118355E+00 -0.2431490E-01  0.0000000E+00
  0.1081537E+01  0.3394148E+00  0.9769117E-01  0.0000000E+00
  0.1484301E+01 -0.5002186E+00 -0.1196549E+00  0.0000000E+00
 -0.2895116E+01  0.1893281E+01  0.4028448E-01  0.0000000E+00
 -0.4997230E+01 -0.5341056E+01  0.1739860E+01  0.0000000E+00
 -0.1092688E+02  0.6053382E+00  0.3878861E+01  0.0000000E+00
 -0.8997923E+01  0.2897988E+01  0.1322645E+01  0.0000000E+00
 -0.1152393E+02 -0.1851317E+01 -0.3788911E+01  0.0000000E+00
 -0.1298481E+02 -0.4605947E+01 -0.6810398E+01  0.0000000E+00
 -0.3533736E+01  0.8726288E-02  0.2275582E-01  0.0000000E+00
 -0.4727314E+00 -0.1923556E+00 -0.4737436E-01  0.0000000E+00
  0.5725921E-01  0.5375712E+00 -0.1904887E+00  0.0000000E+00
 -0.3521873E+01 -0.4990502E+00  0.2115375E+00  0.0000000E+00
  0.4794933E+01  0.6622509E+00 -0.4288058E+00  0.0000000E+00
 -0.1432604E+01  0.6176597E+00  0.9865853E+00  0.0000000E+00
  0.3473181E+00  0.8739921E+00  0.1539039E+01  0.0000000E+00
 -0.7505205E+00 -0.1067793E+02 -0.2494795E+01  0.0000000E+00
 -0.3382031E+01  0.1088494E+00 -0.1866124E+01  0.0000000E+00
 -0.6126536E+01  0.7239793E+01 -0.9477029E+00  0.0000000E+00
 -0.7762906E+01  0.1153215E+02 -0.4030050E+00  0.0000000E+00
  0.8051797E+00  0.2668511E-01  0.1387242E-01  0.0000000E+00
  0.2090720E+01 -0.3399895E+00 -0.3041975E-01  0.0000000E+00
  0.2136372E+00  0.3370289E-01  0.1277723E+00  0.0000000E+00
 -0.4785399E+00 -0.4470219E-01 -0.1358132E+00  0.0000000E+00
  0.6351188E+01  0.5205763E+00  0.2430036E+00  0.0000000E+00
  0.1356314E+01  0.7371831E+00 -0.4828018E+00  0.0000000E+00
 -0.3820583E+00 -0.2217114E+01  0.7131511E-01  0.0000000E+00
 -0.1535214E+00  0.1280731E+01  0.1300384E+01  0.0000000E+00
 -0.3915108E+01  0.9770520E-01  0.7915151E+00  0.0000000E+00
 -0.1960862E+01 -0.1508371E+01 -0.8975126E+00  0.0000000E+00
 -0.8583653E+00 -0.2462697E+01 -0.1892168E+01  0.0000000E+00
  0.3120223E+01  0.6651792E-01  0.4214915E-03  0.0000000E+00
 -0.7904424E+00 -0.1102143E+00 -0.1113005E-01  0.0000000E+00
  0.1581155E+01  0.7841961E-01  0.1772471E+00  0.0000000E+00
  0.1288637E+01  0.2702147E+00 -0.2184953E+00  0.0000000E+00
  0.3334730E+01 -0.9893840E+00  0.5318116E+00  0.0000000E+00
  0.5564021E+00  0.3180903E+00 -0.1126762E+01  0.0000000E+00
  0.2118290E+01  0.1537997E+00  0.7832054E+00  0.0000000E+00
 -0.6998904E+00 -0.1001180E+01  0.4825911E+00  0.0000000E+00
  0.1755078E+01  0.1629681E+01 -0.4328433E+00  0.0000000E+00
  0.5375149E+01  0.1929556E+01 -0.2037241E+01  0.0000000E+00
  0.7521845E+01  0.2133877E+01 -0.2987156E+01  0.0000000E+00
 -0.1710454E+01 -0.2693131E+01 -0.1560962E+01  0.0000000E+00
  0.1216216E+02 -0.1471529E+00  0.1157206E+01  0.0000000E+00
  0.1302002E+01  0.3455927E+01 -0.1502505E+01  0.0000000E+00
  0.6880938E+01  0.3912176E+00 -0.1251623E+01  0.0000000E+00
  0.5094373E+01 -0.6095068E+01  0.1615656E+01  0.0000000E+00
 -0.2099429E+01  0.4687201E+01  0.2615673E+01  0.0000000E+00
 -0.5527084E+01  0.8627605E+01  0.1617222E+01  0.0000000E+00
 -0.1453371E+02  0.2148066E+02  0.1803221E+01  0.0000000E+00
 -0.2885208E+02  0.1183393E+02  0.4873808E+00  0.0000000E+00
 -0.3506139E+02 -0.9380851E+01 -0.2021474E+01  0.0000000E+00
 -0.3885761E+02 -0.2190976E+02 -0.3505191E+01  0.0000000E+00
  0.2868458E+01  0.5260637E+00 -0.2796770E+01  0.0000000E+00
 -0.1529760E+01  0.4077412E+01  0.2174992E+01  0.0000000E+00
  0.1200719E+02 -0.5921764E+01 -0.1883363E+01  0.0000000E+00
  0.1672155E+02 -0.3063317E+01 -0.4867453E+00  0.0000000E+00
  0.2298429E+01  0.2311119E+01 -0.1445530E+01  0.0000000E+00
  0.7581636E+01 -0.1157144E+01 -0.1078502E+01  0.0000000E+00
  0.3461118E+01  0.4165520E-01 -0.1040486E+01  0.0000000E+00
 -0.9386686E+00  0.8444928E+01  0.4817081E+00  0.0000000E+00
 -0.2724062E+02  0.4746931E+01 -0.6398416E+00  0.0000000E+00
 -0.3427906E+02  0.6396777E+01 -0.1968437E+01  0.0000000E+00
 -0.3869402E+02  0.7324634E+01 -0.2758665E+01  0.0000000E+00
  0.3051142E+01 -0.3692480E+01  0.2293140E+01  0.0000000E+00
 -0.1364071E+02  0.1699028E+02 -0.1695877E+01  0.0000000E+00
  0.1026002E+02 -0.7326313E+01  0.7007259E+00  0.0000000E+00
 -0.1449944E+02  0.6672843E+01 -0.2171587E+01  0.0000000E+00
  0.1532258E+02 -0.7876446E+01 -0.4380048E+00  0.0000000E+00
  0.3048740E+01  0.8927846E+01 -0.2463638E+01  0.0000000E+00
  0.5716491E+01 -0.3374073E+00 -0.1677577E+00  0.0000000E+00
  0.9327153E+01  0.2230024E+02  0.1185596E+01  0.0000000E+00
  0.5965783E+01  0.1086407E+01  0.7168701E+00  0.0000000E+00
  0.5859704E+01 -0.2463143E+02 -0.1955977E+00  0.0000000E+00
  0.5762873E+01 -0.3992729E+02 -0.7350741E+00  0.0000000E+00
  0.1447141E+00 -0.1650528E+00  0.1862617E-01  0.0000000E+00
 -0.6379032E+00 -0.4179055E-02  0.2477928E-02  0.0000000E+00
  0.1730396E+00  0.2314271E-01 -0.1990521E+00  0.0000000E+00
 -0.1828216E+01  0.2494186E-01  0.2758561E+00  0.0000000E+00
  0.2271144E+01 -0.1014015E+01 -0.3509915E+00  0.0000000E+00
  0.7881724E+01  0.4976717E+00  0.7734265E+00  0.0000000E+00
  0.3717767E+01  0.3772644E+01  0.3408027E+00  0.0000000E+00
  0.4403255E+01 -0.8115530E+00 -0.1790120E+00  0.0000000E+00
 -0.5485252E+01  0.3767667E+01 -0.1942128E+00  0.0000000E+00
 -0.6149461E+01  0.5321396E+01 -0.5930383E+00  0.0000000E+00
 -0.6649438E+01  0.6283064E+01 -0.8272125E+00  0.0000000E+00
  0.1395857E+01  0.4802407E-01  0.1357157E-02  0.0000000E+00
  0.1550024E+01 -0.2482502E+00  0.4151659E-01  0.0000000E+00
 -0.1350013E+00  0.4499887E+00  0.4267451E-01  0.0000000E+00
 -0.2018252E+00 -0.7606452E+00 -0.5239769E-01  0.0000000E+00
  0.1242742E+02  0.1096796E+01  0.2308696E+00  0.0000000E+00
  0.9816549E+00 -0.2610316E+01 -0.8965807E+00  0.0000000E+00
  0.4248208E+01  0.2348067E+01 -0.7365229E+00  0.0000000E+00
  0.1075966E+01  0.3888042E+01 -0.7341311E+00  0.0000000E+00
  0.2304238E+01 -0.1421281E+02 -0.7202022E+00  0.0000000E+00
  0.3331526E+01 -0.9837270E+01  0.1959106E+01  0.0000000E+00
  0.3947836E+01 -0.7476280E+01  0.3528420E+01  0.0000000E+00
  0.6592049E-01  0.4591587E-01  0.7931804E-02  0.0000000E+00
  0.1210795E+01  0.3983821E+00 -0.1144243E+00  0.0000000E+00
  0.3303148E+00 -0.8524439E+00  0.1139665E+00  0.0000000E+00
  0.4380825E+00  0.1468083E+01 -0.1740903E+00  0.0000000E+00
 -0.7751796E+01 -0.1397663E+01  0.3170700E+00  0.0000000E+00
  0.2698382E+00  0.2410210E+00 -0.1049302E+01  0.0000000E+00
 -0.3375080E+01 -0.1775769E+01 -0.6943472E+00  0.0000000E+00
 -0.1042125E+02  0.2886459E+01  0.4726578E-01  0.0000000E+00
 -0.1827277E+02  0.4212379E+01  0.8668593E+00  0.0000000E+00
 -0.1536482E+02  0.3002083E+00 -0.1555776E+00  0.0000000E+00
 -0.1375139E+02 -0.1974316E+01 -0.7455364E+00  0.0000000E+00
 -0.1389541E+01 -0.1773071E+00  0.1311113E-01  0.0000000E+00
 -0.1143079E+01 -0.1074905E-01 -0.5950702E-01  0.0000000E+00
 -0.9011471E+00  0.1898816E+00 -0.6157406E-01  0.0000000E+00
  0.2294983E+00 -0.3331405E+00  0.2146030E-01  0.0000000E+00
  0.3691364E+01  0.1114085E+01 -0.6323396E-01  0.0000000E+00
  0.2200344E+01 -0.2526612E+01  0.1253195E+00  0.0000000E+00
  0.2192825E+01 -0.3656673E+01  0.7309075E+00  0.0000000E+00
  0.4898194E+01 -0.1510063E+01 -0.1461791E+00  0.0000000E+00
 -0.3164756E-01  0.1131736E+01 -0.4149737E+00  0.0000000E+00
 -0.2055007E+01 -0.1739710E+01  0.1593660E+01  0.0000000E+00
 -0.3292698E+01 -0.3391458E+01  0.2766828E+01  0.0000000E+00
 -0.1068501E+00  0.1851052E+00 -0.2501788E-01  0.0000000E+00
 -0.1216168E+01 -0.2946444E-02 -0.1743090E-01  0.0000000E+00
 -0.6624424E+00 -0.8607278E-02 -0.2106891E-01  0.0000000E+00
  0.2489329E+01 -0.1270419E+00  0.7875718E-01  0.0000000E+00
 -0.7619890E+00 -0.1764268E+00 -0.2027573E+00  0.0000000E+00
 -0.1430070E+01 -0.7348323E+00  0.7145986E+00  0.0000000E+00
  0.3764857E+00  0.1330521E+01  0.2916093E+00  0.0000000E+00
 -0.5713609E+01 -0.9522235E+00 -0.6586830E+00  0.0000000E+00
 -0.6664809E+01 -0.3928989E+01  0.1753406E+00  0.0000000E+00
 -0.4160735E+01 -0.3019349E+01  0.7201013E+00  0.0000000E+00
 -0.2706296E+01 -0.2519508E+01  0.1048182E+01  0.0000000E+00
  0.5747842E+00  0.2107430E+00 -0.1913068E-01  0.0000000E+00
  0.1508591E+01  0.5713100E+00  0.2521376E-01  0.0000000E+00
 -0.1677146E+00 -0.6306543E+00 -0.1594459E-01  0.0000000E+00
 -0.3259280E+01  0.9047186E+00  0.9332839E-01  0.0000000E+00
  0.1481181E+01 -0.1189623E+01 -0.1090443E+00  0.0000000E+00
  0.6096514E+00  0.1993282E+01  0.4475808E+00  0.0000000E+00
 -0.1981242E+01 -0.3183282E+01 -0.1007906E+01  0.0000000E+00
 -0.2672640E+01  0.6338295E+00 -0.7331728E+00  0.0000000E+00
 -0.4725205E+01  0.2435480E+01  0.2626216E+00  0.0000000E+00
 -0.8214450E+01  0.3170478E+00  0.1144125E+01  0.0000000E+00
 -0.1028053E+02 -0.9016130E+00  0.1671371E+01  0.0000000E+00
  0.1104026E+02 -0.1050487E+02 -0.2680284E+01  0.0000000E+00
 -0.2334094E+02  0.4907024E+01 -0.5331963E-01  0.0000000E+00
  0.4028473E+01 -0.1891020E+01 -0.1027232E+01  0.0000000E+00
  0.1984178E+02  0.2657746E+01  0.3102899E+01  0.0000000E+00
 -0.7496116E+01  0.1906590E+00 -0.1100422E+01  0.0000000E+00
  0.6046795E+01 -0.2950057E+01  0.2109248E+01  0.0000000E+00
  0.1213125E+02 -0.1264326E+01 -0.2343790E+00  0.0000000E+00
 -0.3117800E+01  0.5336780E+01  0.3391652E+01  0.0000000E+00
 -0.8364118E+01 -0.3956134E-01 -0.2055966E+00  0.0000000E+00
 -0.1811430E+01 -0.1678898E+02 -0.1942682E+01  0.0000000E+00
  0.1966710E+01 -0.2665667E+02 -0.2999472E+01  0.0000000E+00
  0.3792315E+01  0.1446988E+02 -0.6421041E+00  0.0000000E+00
  0.1420681E+02 -0.4693386E+01 -0.2413962E+01  0.0000000E+00
 -0.2276200E+01  0.6705447E+01 -0.2103415E+01  0.0000000E+00
  0.1356785E+02 -0.7908976E+01  0.2440979E+01  0.0000000E+00
 -0.3152461E+01  0.3775752E+01 -0.1331441E-01  0.0000000E+00
  0.7062704E+00 -0.5792290E+01 -0.6766748E+00  0.0000000E+00
 -0.5652606E+01 -0.1852672E+01 -0.4759164E+00  0.0000000E+00
 -0.1104421E+02 -0.5458293E+01  0.8241110E+00  0.0000000E+00
 -0.1080304E+02 -0.5108770E+01  0.7313711E+00  0.0000000E+00
 -0.4510195E+01  0.2186646E+01 -0.3816822E-01  0.0000000E+00
 -0.8218236E+00  0.6461206E+01 -0.4900070E+00  0.0000000E+00
 -0.4025033E+01 -0.9180472E+01  0.3856763E+01  0.0000000E+00
  0.1620684E+01 -0.1244479E+01 -0.2310106E+01  0.0000000E+00
  0.2475667E+00  0.2390477E+01  0.5500358E+00  0.0000000E+00
  0.9038416E+01 -0.2228963E+00  0.1878660E+01  0.0000000E+00
  0.1505304E+00  0.1427975E+01 -0.1932336E+01  0.0000000E+00
  0.2175631E+01  0.8564991E-03  0.1759896E+01  0.0000000E+00
  0.9590274E+01  0.8550965E+01  0.9239280E+00  0.0000000E+00
  0.5328101E+01 -0.8455325E+00  0.3512307E+01  0.0000000E+00
 -0.1818602E+01 -0.7296737E+01  0.1910888E+00  0.0000000E+00
 -0.1197538E+00 -0.1524921E+02 -0.1260287E+01  0.0000000E+00
  0.7964287E+00 -0.1998119E+02 -0.2146879E+01  0.0000000E+00
  0.4471188E+00 -0.3317669E+00 -0.1483980E-01  0.0000000E+00
 -0.1765344E+00  0.2871189E+00  0.9933865E-01  0.0000000E+00
  0.1989716E+01  0.7259612E-01 -0.3403128E-01  0.0000000E+00
 -0.3542889E+01 -0.4284592E-01 -0.7493252E-01  0.0000000E+00
 -0.5045547E+01  0.2956093E+00 -0.8455892E-01  0.0000000E+00
  0.1447099E+01  0.2035195E+01  0.9695694E+00  0.0000000E+00
 -0.8451295E+01 -0.4614406E+01 -0.1157064E+01  0.0000000E+00
 -0.1446609E+01 -0.2279690E+01 -0.2469580E+01  0.0000000E+00
 -0.1476704E+01  0.6681913E+01  0.5919558E+00  0.0000000E+00
 -0.2763508E+01  0.1085598E+02  0.2227017E+01  0.0000000E+00
 -0.3516952E+01  0.1340034E+02  0.3218212E+01  0.0000000E+00
 -0.8178950E+00  0.1227684E-01  0.8115107E-02  0.0000000E+00
  0.5951753E-01  0.2591820E+00  0.1745707E-01  0.0000000E+00
 -0.1358846E+01  0.1656256E+00 -0.5069896E-01  0.0000000E+00
  0.3951028E+01 -0.3954035E+00 -0.5495319E-01  0.0000000E+00
 -0.6208283E+00  0.1161970E+00  0.1903221E+00  0.0000000E+00
  0.3627840E+01  0.6773416E+00 -0.9163216E+00  0.0000000E+00
 -0.2566666E+01 -0.1247313E+01  0.4799671E+00  0.0000000E+00
  0.6186544E+00 -0.6802494E+01  0.4696717E-01  0.0000000E+00
  0.4222907E+01 -0.7521935E+01  0.8784908E+00  0.0000000E+00
  0.8012696E+01 -0.3440600E+01  0.1662513E+00  0.0000000E+00
  0.1027317E+02 -0.1060161E+01 -0.2417747E+00  0.0000000E+00
 -0.8383538E-01  0.4354792E+00 -0.2444641E-02  0.0000000E+00
 -0.9386632E+00 -0.1378820E+00 -0.5897441E-01  0.0000000E+00
 -0.1222521E+01  0.5686226E-01  0.9270662E-01  0.0000000E+00
  0.2730817E+01  0.2741329E+00  0.1462311E-01  0.0000000E+00
  0.1498551E+01 -0.4624290E+00 -0.4532226E-01  0.0000000E+00
 -0.6038692E+00  0.6291672E+00 -0.3402593E+00  0.0000000E+00
  0.1191104E+01 -0.4725068E+00 -0.4879155E+00  0.0000000E+00
  0.4966015E+01  0.4055722E+01 -0.3859027E+00  0.0000000E+00
  0.3013855E+01  0.9003470E+00 -0.2106710E+00  0.0000000E+00
  0.1755369E+01 -0.2413215E+01 -0.7197727E+00  0.0000000E+00
  0.9977339E+00 -0.4388179E+01 -0.1016073E+01  0.0000000E+00
  0.2651548E+00  0.4791764E-02  0.1686052E-02  0.0000000E+00
  0.1247332E+01 -0.1329575E+00  0.3144220E-01  0.0000000E+00
  0.5754255E+00 -0.3286252E+00  0.7136894E-01  0.0000000E+00
 -0.3533786E+01  0.7184062E+00 -0.1213890E+00  0.0000000E+00
 -0.4336415E+01 -0.9295699E+00 -0.3650198E-01  0.0000000E+00
  0.2623645E+01  0.1403932E+01  0.3235093E+00  0.0000000E+00
 -0.5733034E+01 -0.2634318E+01  0.2583378E-01  0.0000000E+00
 -0.2077149E+01  0.3770383E+01 -0.1992962E+01  0.0000000E+00
 -0.6632654E+01  0.4291008E+01 -0.1448266E+01  0.0000000E+00
 -0.3606119E+01  0.2064925E+01  0.7630399E+00  0.0000000E+00
 -0.1883451E+01  0.7673642E+00  0.2063745E+01  0.0000000E+00
 -0.8972286E+00 -0.1467739E+00  0.6995210E-02  0.0000000E+00
  0.2131045E+01 -0.2177348E+00 -0.3387282E-01  0.0000000E+00
 -0.5633720E+00 -0.2157035E-01 -0.1522830E+00  0.0000000E+00
  0.2822695E+00 -0.1652171E+00  0.2040254E+00  0.0000000E+00
  0.4625817E+01  0.5005001E+00 -0.1063454E+00  0.0000000E+00
 -0.4082632E+00 -0.1632464E+01  0.1245772E+00  0.0000000E+00
  0.2043060E+01  0.2917835E+01  0.3313804E-01  0.0000000E+00
 -0.5641493E-01 -0.3392857E+01  0.2884109E+00  0.0000000E+00
 -0.1233950E+01 -0.7686716E+00 -0.7611132E-01  0.0000000E+00
 -0.1600113E+01  0.1649732E+01 -0.3802990E+00  0.0000000E+00
 -0.1827711E+01  0.3094240E+01 -0.5626025E+00  0.0000000E+00
  0.8593930E-01  0.6630764E-01 -0.8776020E-03  0.0000000E+00
  0.9858273E-01 -0.3986772E+00 -0.3263783E-01  0.0000000E+00
  0.4937903E-01  0.3727230E+00  0.6292464E-01  0.0000000E+00
  0.1764325E+01 -0.3501792E+00 -0.5432200E-01  0.0000000E+00
  0.1352878E+01  0.6999582E+00  0.1351106E+00  0.0000000E+00
 -0.5826837E-02  0.7821991E+00 -0.1923356E+00  0.0000000E+00
  0.6304091E+00  0.1026783E+00 -0.4339873E+00  0.0000000E+00
  0.3784070E+01  0.6936790E+00 -0.2364436E+00  0.0000000E+00
  0.3288731E+01  0.1174869E+01 -0.1000432E+00  0.0000000E+00
  0.1983964E+01  0.2703820E+01 -0.1178418E+01  0.0000000E+00
  0.1215711E+01  0.3603995E+01 -0.1808345E+01  0.0000000E+00
 -0.9218141E+00 -0.7321253E+01  0.4518036E+00  0.0000000E+00
 -0.2137434E+01 -0.1623865E+01 -0.1936667E+01  0.0000000E+00
  0.2346989E+01 -0.3162920E+01  0.8488245E+00  0.0000000E+00
  0.1420828E+02 -0.4508877E+00 -0.1584071E+01  0.0000000E+00
 -0.4433980E+01  0.2342457E+01  0.4673647E-01  0.0000000E+00
  0.6175135E+01 -0.2850794E+01  0.9767573E-01  0.0000000E+00
  0.8702843E+01  0.5998693E+01 -0.5140284E+00  0.0000000E+00
 -0.2419990E+01 -0.1119630E+02 -0.1474211E+01  0.0000000E+00
 -0.3947820E+01 -0.7825018E+01  0.3521760E+00  0.0000000E+00
  0.1774434E+01  0.7716785E+01  0.1334443E+01  0.0000000E+00
  0.5106777E+01  0.1685400E+02  0.1929703E+01  0.0000000E+00
 -0.1791011E+01 -0.7931691E+00 -0.1329179E+01  0.0000000E+00
 -0.8974665E+01 -0.1741394E+01 -0.2511292E+01  0.0000000E+00
  0.5611240E+01  0.5322750E+00  0.1302559E+01  0.0000000E+00
  0.1303309E+02 -0.2620145E+01 -0.9524389E+00  0.0000000E+00
  0.3831058E+00  0.8177566E-01  0.4511605E+00  0.0000000E+00
  0.8888992E+01  0.6536065E-01 -0.1109788E+01  0.0000000E+00
  0.7198565E+01 -0.1547119E+01  0.8198413E+00  0.0000000E+00
  0.6792206E+01 -0.4657854E+01  0.5638560E+00  0.0000000E+00
  0.3301393E+01 -0.4445438E+01  0.3589461E+00  0.0000000E+00
  0.3368355E-01 -0.2141429E+01 -0.4913776E+00  0.0000000E+00
 -0.1917763E+01 -0.7904679E+00 -0.9914120E+00  0.0000000E+00
 -0.2457187E+00 -0.2506293E+01  0.3425554E+00  0.0000000E+00
  0.6091682E+01  0.2232519E+00 -0.1793787E+01  0.0000000E+00
  0.5121390E+01 -0.7094405E+01  0.4435881E+00  0.0000000E+00
 -0.2137121E+00  0.1637711E+01 -0.1397401E+01  0.0000000E+00
  0.2565478E+01 -0.1155086E+00  0.2894916E+00  0.0000000E+00
  0.3245993E+01 -0.5667684E+01 -0.4232270E-01  0.0000000E+00
  0.4744745E+01  0.7041342E+01 -0.6219729E+00  0.0000000E+00
 -0.3298692E+01 -0.1293322E+02 -0.1647186E+01  0.0000000E+00
 -0.5482366E+01 -0.2424030E+01  0.1075662E+01  0.0000000E+00
  0.1346290E+01  0.2010015E+02  0.2330019E+01  0.0000000E+00
  0.5318314E+01  0.3340545E+02  0.3094582E+01  0.0000000E+00
 -0.2036687E+00 -0.6144580E-01 -0.1121025E-01  0.0000000E+00
  0.3698724E-01 -0.1690805E-01  0.3631092E-01  0.0000000E+00
 -0.1853469E+00 -0.2739368E+00  0.2123632E-01  0.0000000E+00
  0.1814329E+01  0.2105856E+00  0.4721070E-01  0.0000000E+00
 -0.1431605E+01 -0.1386963E+00 -0.1316959E+00  0.0000000E+00
  0.2489173E+01  0.2605039E+01  0.7856844E-01  0.0000000E+00
  0.2099178E+01 -0.9957276E+00  0.7001039E+00  0.0000000E+00
  0.3686210E+01  0.3946583E+01  0.1434272E+01  0.0000000E+00
  0.1224833E+01 -0.6272900E+01 -0.9415777E+00  0.0000000E+00
  0.7145195E+00 -0.6991198E+01 -0.1583282E+01  0.0000000E+00
  0.3893129E+00 -0.7524594E+01 -0.1985531E+01  0.0000000E+00
 -0.4559612E+00  0.5374659E-01  0.2200960E-01  0.0000000E+00
  0.1474025E+01 -0.6113511E-01 -0.3300400E-01  0.0000000E+00
 -0.6509927E+00  0.2678850E-01  0.4017051E-01  0.0000000E+00
 -0.7798400E-01  0.1816276E+00 -0.6597454E-01  0.0000000E+00
  0.2336978E+01 -0.2240241E+00  0.1056564E+00  0.0000000E+00
  0.1964358E+01 -0.2132311E+01 -0.4778311E+00  0.0000000E+00
 -0.1836790E+01  0.3104368E+01 -0.6849519E+00  0.0000000E+00
 -0.1603918E+01 -0.1320699E+01  0.9748886E+00  0.0000000E+00
 -0.2224596E+01  0.6588781E+01  0.1117359E+01  0.0000000E+00
  0.2386920E+00  0.8273202E+01  0.2770510E+00  0.0000000E+00
  0.1674462E+01  0.9346069E+01 -0.2133075E+00  0.0000000E+00
  0.1226095E+01  0.1999760E+00  0.6396318E-02  0.0000000E+00
  0.8068814E+00  0.5391037E-01 -0.3286565E-01  0.0000000E+00
  0.8477559E+00  0.3609177E-01  0.8605212E-02  0.0000000E+00
  0.1555622E+00 -0.8997846E-01 -0.4395017E-01  0.0000000E+00
  0.3258904E+00 -0.8558465E+00  0.1562037E+00  0.0000000E+00
 -0.3388355E+01 -0.1075731E+00 -0.4424032E+00  0.0000000E+00
 -0.2719171E+01  0.7174464E-01  0.3156717E+00  0.0000000E+00
 -0.6588816E+01  0.6122862E+00  0.2449246E+00  0.0000000E+00
 -0.5738780E+01 -0.3633557E+01  0.1002364E+00  0.0000000E+00
 -0.9104531E+00 -0.2672641E+01 -0.6530612E+00  0.0000000E+00
  0.1925422E+01 -0.2156568E+01 -0.1095872E+01  0.0000000E+00
  0.9860075E+00 -0.1713516E-01 -0.1939578E-01  0.0000000E+00
 -0.1044905E+01  0.4564144E-01  0.6089005E-01  0.0000000E+00
  0.2140452E+01  0.3931783E-01 -0.1718007E-01  0.0000000E+00
 -0.1279154E+01 -0.4674651E+00  0.3252720E-01  0.0000000E+00
  0.8693442E+00  0.8567872E+00 -0.8944036E-01  0.0000000E+00
  0.2035635E+01 -0.2299210E+00  0.2251204E+00  0.0000000E+00
  0.2696819E+01  0.3700765E+01  0.5076429E+00  0.0000000E+00
  0.4695036E+01  0.1698191E+01  0.1539510E+01  0.0000000E+00
  0.2022264E+00 -0.4039170E+01 -0.9209741E-01  0.0000000E+00
  0.1660114E+01  0.2247948E+01 -0.7616209E+00  0.0000000E+00
  0.2465032E+01  0.5865007E+01 -0.1171806E+01  0.0000000E+00
 -0.1178673E+01 -0.2411902E+00 -0.1669790E-01  0.0000000E+00
 -0.2151726E+01  0.5186577E-01 -0.1427453E-01  0.0000000E+00
  0.8513523E-01 -0.1146200E+00 -0.1099045E-01  0.0000000E+00
 -0.1920315E+01  0.2596396E+00  0.4220103E-01  0.0000000E+00
  0.1514259E+01  0.4498475E-01 -0.7844618E-01  0.0000000E+00
 -0.2015948E+01  0.3995210E+00  0.3501631E+00  0.0000000E+00
 -0.2807334E+01  0.4502731E+00 -0.8635281E+00  0.0000000E+00
 -0.1109780E+01 -0.1133913E+01 -0.1019237E+01  0.0000000E+00
  0.4030843E-02  0.4077599E+01  0.3041937E+00  0.0000000E+00
  0.6301080E+00  0.3517141E+01 -0.7046305E-01  0.0000000E+00
  0.1009341E+01  0.3246389E+01 -0.2752057E+00  0.0000000E+00
 -0.6666852E+00 -0.1590825E+00  0.3084988E-02  0.0000000E+00
 -0.5313576E+00 -0.5524655E+00 -0.3788629E-01  0.0000000E+00
  0.1048323E+01  0.1800688E+00  0.2475580E-01  0.0000000E+00
  0.2460969E+00  0.1288737E-01 -0.2250322E-01  0.0000000E+00
 -0.4365962E+00 -0.4337777E+00  0.6643049E-01  0.0000000E+00
  0.1402389E+01 -0.7758377E+00  0.3240783E-01  0.0000000E+00
  0.1906889E+00 -0.1064653E+01 -0.7331861E-01  0.0000000E+00
  0.7801550E+00  0.8111359E+00  0.3364400E+00  0.0000000E+00
  0.9365721E+00  0.4934685E+00 -0.7965044E-01  0.0000000E+00
  0.2496915E+00 -0.9795845E-01 -0.1577687E+00  0.0000000E+00
 -0.1503775E+00 -0.4476941E+00 -0.2083341E+00  0.0000000E+00
  0.3056090E+01  0.1831662E+01 -0.1859428E+01  0.0000000E+00
 -0.1513013E+02 -0.4924433E+01  0.1439408E+01  0.0000000E+00
  0.1185346E+02  0.3143491E+01 -0.1166953E+01  0.0000000E+00
 -0.1330166E+02 -0.3676786E+01  0.1977428E+01  0.0000000E+00
  0.4229842E+01 -0.3076958E+00 -0.1067818E+01  0.0000000E+00
 -0.3826200E+01  0.8747301E-01  0.7683087E+00  0.0000000E+00
 -0.1499359E+01 -0.8865699E+01  0.4108028E+00  0.0000000E+00
 -0.9176518E+01 -0.1006117E+02 -0.7000074E+00  0.0000000E+00
 -0.1203394E+02 -0.3067464E+01 -0.3273304E+00  0.0000000E+00
 -0.5582170E+01  0.1415993E+02  0.9647404E+00  0.0000000E+00
 -0.1837760E+01  0.2432544E+02  0.1725417E+01  0.0000000E+00
  0.5161864E+01 -0.6078445E-01 -0.7187412E+00  0.0000000E+00
 -0.1720877E+02 -0.3811103E+01 -0.2236959E+01  0.0000000E+00
  0.1236344E+02  0.7216399E+00  0.1540321E+01  0.0000000E+00
 -0.1143522E+02  0.1717414E+01 -0.2307784E+00  0.0000000E+00
  0.1098563E+01  0.7868087E-01  0.5956679E+00  0.0000000E+00
 -0.3056830E+01  0.1762732E+01 -0.4357616E+00  0.0000000E+00
  0.2311185E+00 -0.2443226E+01 -0.2566191E+00  0.0000000E+00
 -0.7775364E+01 -0.1993033E+01  0.5986973E+00  0.0000000E+00
 -0.9134010E+01  0.2970413E+00  0.1314317E+00  0.0000000E+00
 -0.5171390E+00  0.3952223E+01 -0.4602120E+00  0.0000000E+00
  0.4512177E+01  0.6115944E+01 -0.8119283E+00  0.0000000E+00
 -0.2170595E+01  0.3092553E+01  0.4160139E+01  0.0000000E+00
  0.2468005E+00  0.9402179E+00 -0.1560179E+01  0.0000000E+00
  0.5431971E+00  0.1933183E+01  0.1317485E+01  0.0000000E+00
 -0.9699431E+00 -0.3859288E+01 -0.4571671E+00  0.0000000E+00
  0.1582685E+01  0.2784017E+01 -0.1115742E-01  0.0000000E+00
 -0.8103321E+00 -0.2132008E+00 -0.8621169E+00  0.0000000E+00
 -0.4378278E+01 -0.4854679E+01 -0.3686367E+00  0.0000000E+00
 -0.9031477E+01 -0.6869611E+01 -0.1324226E+01  0.0000000E+00
 -0.1144961E+02  0.6815416E+00 -0.2134077E+00  0.0000000E+00
 -0.1327619E+02  0.1574357E+02  0.4639476E+00  0.0000000E+00
 -0.1437396E+02  0.2464792E+02  0.8727985E+00  0.0000000E+00
  0.4302212E-01  0.2756635E+00 -0.2258389E-01  0.0000000E+00
 -0.1353334E+01  0.1769411E-01  0.1554723E+00  0.0000000E+00
  0.1225677E+01  0.1314944E+00 -0.3526407E-01  0.0000000E+00
 -0.5280354E+00 -0.2485190E+00  0.2346016E-01  0.0000000E+00
 -0.7128315E+00 -0.5846242E-01 -0.4573132E-01  0.0000000E+00
  0.3742118E+01 -0.4319959E+00  0.1760090E+00  0.0000000E+00
  0.5853581E+01  0.3380299E+01 -0.7855387E+00  0.0000000E+00
  0.5216954E+01  0.1218656E+01 -0.4377767E+00  0.0000000E+00
  0.2409591E+01 -0.8031626E+01 -0.8531533E+00  0.0000000E+00
  0.6322872E+01 -0.6810991E+01 -0.1916703E+01  0.0000000E+00
  0.8583597E+01 -0.6199370E+01 -0.2544210E+01  0.0000000E+00
  0.1050551E+01  0.1210439E-01 -0.1559632E-01  0.0000000E+00
 -0.6007532E+00 -0.8367467E-01  0.3758005E-01  0.0000000E+00
  0.1291062E+01 -0.8959622E-01 -0.1207295E-01  0.0000000E+00
 -0.2012834E+01  0.1345671E+00  0.2573317E-01  0.0000000E+00
 -0.1245388E+01  0.3183094E+00 -0.1152837E+00  0.0000000E+00
 -0.2113205E+01 -0.1346596E+01 -0.1688758E+00  0.0000000E+00
 -0.3462984E+01 -0.1460081E+01 -0.2503262E+00  0.0000000E+00
 -0.7389785E+01  0.1248527E+01  0.4969016E+00  0.0000000E+00
 -0.5696101E+01  0.3501389E+01  0.1188947E+01  0.0000000E+00
 -0.8440528E+01  0.3261197E+00 -0.3999929E+00  0.0000000E+00
 -0.1002876E+02 -0.1508437E+01 -0.1322882E+01  0.0000000E+00
 -0.2458026E+00 -0.2542283E+00  0.2896861E-01  0.0000000E+00
 -0.7930449E+00  0.3175860E+00 -0.5191322E-01  0.0000000E+00
 -0.1171840E+01  0.2067760E+00 -0.3024701E-01  0.0000000E+00
  0.1094922E+01 -0.3186300E+00  0.4059761E-01  0.0000000E+00
 -0.5818701E+00  0.1110622E+01  0.5627812E-02  0.0000000E+00
  0.3612530E+01 -0.8033305E+00 -0.5780032E-01  0.0000000E+00
  0.4792320E+01  0.1594315E+01 -0.4689958E-01  0.0000000E+00
  0.2632715E+01  0.2773180E+01  0.5176743E-01  0.0000000E+00
 -0.1934196E+01 -0.6957195E+00 -0.4218797E+00  0.0000000E+00
  0.3107429E+01  0.3715804E+01 -0.8476024E+00  0.0000000E+00
  0.6008714E+01  0.6260174E+01 -0.1102069E+01  0.0000000E+00
 -0.4071729E+00  0.8880318E-02 -0.1605644E-01  0.0000000E+00
 -0.4124085E+00 -0.3214657E+00  0.4422037E-01  0.0000000E+00
  0.3375710E+00  0.6315850E+00  0.3163168E-02  0.0000000E+00
  0.2028980E+01 -0.1135041E+01  0.1737534E-01  0.0000000E+00
 -0.3175993E+01  0.1435349E+01 -0.1444349E-01  0.0000000E+00
  0.9572630E-01  0.1763289E+00  0.9288353E-01  0.0000000E+00
  0.1315499E+01  0.3845568E+00 -0.6352986E+00  0.0000000E+00
  0.3662054E+01 -0.2384123E+01 -0.5150585E+00  0.0000000E+00
  0.3731259E+01 -0.5150977E+01 -0.5207555E-01  0.0000000E+00
  0.3468509E+01 -0.4572565E+01  0.2947355E+00  0.0000000E+00
  0.3316319E+01 -0.4263789E+01  0.5028974E+00  0.0000000E+00
  0.3571669E+00 -0.8677373E-01 -0.7450942E-02  0.0000000E+00
  0.3157083E+01  0.2427001E+00  0.1177926E+00  0.0000000E+00
  0.2382981E+00 -0.4247865E+00 -0.2379775E-01  0.0000000E+00
 -0.8232836E+00  0.6771365E+00  0.1789927E-01  0.0000000E+00
 -0.7335986E+00 -0.1157160E+01  0.6119755E-01  0.0000000E+00
  0.1282112E+01  0.3483957E+00 -0.1835144E+00  0.0000000E+00
 -0.5404605E+00 -0.1631107E+01  0.2014626E+00  0.0000000E+00
  0.3767643E+00  0.1735039E+01 -0.1740348E+00  0.0000000E+00
  0.1010261E+01  0.2010901E+01 -0.1691404E+00  0.0000000E+00
  0.9862538E+00  0.3655635E+01 -0.4181660E+00  0.0000000E+00
  0.9797538E+00  0.4620992E+01 -0.5640053E+00  0.0000000E+00
 -0.4504077E+00 -0.3874757E-01  0.2109678E-01  0.0000000E+00
  0.1567839E+01 -0.2759814E+00 -0.7781348E-01  0.0000000E+00
 -0.2054995E+01  0.3629848E-01 -0.4901890E-01  0.0000000E+00
  0.5846911E+00  0.3471686E+00  0.8734879E-01  0.0000000E+00
  0.1412464E+01  0.1889593E-02 -0.1718676E+00  0.0000000E+00
 -0.8582352E+00 -0.7539948E-01  0.3442579E+00  0.0000000E+00
  0.1138649E+01 -0.3122449E+00 -0.3111337E+00  0.0000000E+00
  0.4124021E+01 -0.3830386E+01  0.3697015E+00  0.0000000E+00
  0.1073515E+01  0.2303941E+00  0.1713921E+00  0.0000000E+00
  0.1245489E+01  0.2949565E+00 -0.4961484E+00  0.0000000E+00
  0.1312547E+01  0.3777015E+00 -0.8891842E+00  0.0000000E+00
