  1  2   693  9216  4  4  9 11  7  1    0.00   24.00  100.00  550.00    0.00    6.28   45.00   45.00
  100.0  100.0  100.0  100.0  125.0  150.0  190.0  230.0  275.0  350.0  450.0  600.0  600.0  600.0  600.0
  0.1039768E+02  0.7413249E-01 -0.3447942E-01  0.0000000E+00
  0.1065312E+02  0.1789313E+00 -0.1357832E-01  0.0000000E+00
  0.1061481E+02 -0.1129280E-01 -0.2833930E-01  0.0000000E+00
  0.1078492E+02  0.3203861E+00 -0.3189286E-01  0.0000000E+00
  0.1098818E+02 -0.5591250E-01 -0.2142070E-01  0.0000000E+00
  0.1130640E+02  0.1744576E+00 -0.2746908E-01  0.0000000E+00
  0.1156682E+02  0.3123898E+00 -0.1502476E-01  0.0000000E+00
  0.1148995E+02  0.5749183E+00 -0.7480602E-02  0.0000000E+00
  0.1124841E+02  0.5398876E+00  0.1645810E-01  0.0000000E+00
  0.1106283E+02  0.5121199E+00  0.3477174E-01  0.0000000E+00
  0.1095142E+02  0.4956740E+00  0.4578633E-01  0.0000000E+00
 -0.5227257E+00 -0.1088137E-01 -0.4025728E-01  0.0000000E+00
 -0.5628724E+00  0.4449977E-02  0.1281385E-01  0.0000000E+00
 -0.4605362E+00 -0.4238236E-01 -0.2446621E-01  0.0000000E+00
 -0.5463053E+00  0.1302050E+00 -0.1958979E-01  0.0000000E+00
 -0.5798443E+00 -0.2609549E+00  0.4061171E-02  0.0000000E+00
 -0.6340848E+00  0.1334716E-01 -0.2798643E-01  0.0000000E+00
 -0.2823196E+00 -0.3025393E+00 -0.2064993E-01  0.0000000E+00
 -0.1125072E+00 -0.1044538E+00 -0.2504452E-01  0.0000000E+00
 -0.6478723E-01 -0.7497061E-01 -0.7972982E-02  0.0000000E+00
 -0.2808043E-01 -0.5324353E-01  0.5068125E-02  0.0000000E+00
 -0.6055749E-02 -0.3995813E-01  0.1291661E-01  0.0000000E+00
  0.8863960E-02  0.2606668E-02 -0.1668275E-01  0.0000000E+00
 -0.2162345E-01 -0.4581979E-01 -0.3456035E-01  0.0000000E+00
  0.1719983E-01  0.3602559E-01  0.1391490E-01  0.0000000E+00
  0.3282042E-01 -0.3551098E-02  0.3365143E-02  0.0000000E+00
  0.5218877E-01  0.1140489E+00 -0.1085910E-01  0.0000000E+00
 -0.1390899E+00 -0.6087963E-02 -0.1019237E-02  0.0000000E+00
 -0.1755822E+00 -0.2505359E-01 -0.2118076E-01  0.0000000E+00
 -0.1345311E+00 -0.2407045E-01 -0.1767416E-01  0.0000000E+00
 -0.1037391E+00 -0.3294904E-01 -0.1703739E-01  0.0000000E+00
 -0.7996886E-01 -0.3990601E-01 -0.1663318E-01  0.0000000E+00
 -0.6572868E-01 -0.4404675E-01 -0.1636825E-01  0.0000000E+00
  0.1385827E-01  0.2823483E-03 -0.3895821E-04  0.0000000E+00
 -0.4162849E-01  0.3108680E-03  0.1373019E-03  0.0000000E+00
 -0.1081232E-01 -0.2223707E-02 -0.4916332E-03  0.0000000E+00
 -0.8966829E-02  0.2102806E-02  0.8322707E-03  0.0000000E+00
  0.1187580E-01  0.2245834E-02 -0.1243431E-02  0.0000000E+00
 -0.8702615E-01 -0.1723575E-01  0.1026504E-02  0.0000000E+00
  0.1273236E-01 -0.1955484E-01 -0.2981453E-02  0.0000000E+00
  0.4570088E-01  0.3869372E-01 -0.7976763E-05  0.0000000E+00
  0.3886603E-01  0.1677417E-01  0.1284582E-02  0.0000000E+00
  0.3386505E-01 -0.2619487E-03  0.2227273E-02  0.0000000E+00
  0.3079745E-01 -0.1043783E-01  0.2806382E-02  0.0000000E+00
 -0.6512689E-02 -0.1549518E-03  0.1712455E-03  0.0000000E+00
  0.4691359E-03  0.1035900E-02  0.5225733E-04  0.0000000E+00
 -0.3111263E-01 -0.4819226E-03 -0.1576745E-03  0.0000000E+00
  0.2817856E-01  0.2186929E-02  0.2956669E-03  0.0000000E+00
  0.1204797E-01 -0.3459689E-02 -0.7233909E-03  0.0000000E+00
 -0.8375261E-01  0.7099990E-02  0.1629188E-02  0.0000000E+00
 -0.2186816E-01 -0.2174289E-01 -0.3927650E-02  0.0000000E+00
 -0.1149679E-01  0.3148875E-01 -0.6657563E-02  0.0000000E+00
 -0.1514835E-01  0.5144139E-02 -0.6578874E-02  0.0000000E+00
 -0.1796989E-01 -0.1518134E-01 -0.6561248E-02  0.0000000E+00
 -0.1965941E-01 -0.2736078E-01 -0.6539455E-02  0.0000000E+00
 -0.2055597E-01 -0.4333775E-03  0.7764771E-04  0.0000000E+00
  0.2323002E-01  0.3714660E-04  0.1199447E-03  0.0000000E+00
 -0.2457391E-03  0.3231530E-03 -0.8727808E-04  0.0000000E+00
 -0.4725627E-02 -0.6237928E-03  0.4586787E-04  0.0000000E+00
  0.5780589E-01 -0.3719644E-02 -0.2936113E-03  0.0000000E+00
  0.4452199E-01  0.1892404E-01  0.1052507E-02  0.0000000E+00
 -0.1520766E-01  0.3917625E-02 -0.2033837E-02  0.0000000E+00
  0.7946471E-02  0.8964575E-03  0.2193010E-03  0.0000000E+00
  0.1068669E-01  0.1137816E-01 -0.1524258E-02  0.0000000E+00
  0.1280986E-01  0.1961632E-01 -0.2895000E-02  0.0000000E+00
  0.1407976E-01  0.2451339E-01 -0.3709728E-02  0.0000000E+00
  0.4390260E-02  0.1262418E-04 -0.5323430E-04  0.0000000E+00
 -0.5627351E-02  0.9234448E-04  0.1215067E-04  0.0000000E+00
 -0.4505587E-01 -0.2759824E-03  0.9832123E-05  0.0000000E+00
  0.2095242E-01 -0.4590601E-03 -0.7811635E-04  0.0000000E+00
 -0.2688960E-01 -0.1111119E-02  0.3206228E-04  0.0000000E+00
 -0.2387246E-01  0.6762992E-02  0.3540793E-03  0.0000000E+00
  0.4932815E-01  0.1123337E-01  0.2803600E-03  0.0000000E+00
  0.1615375E-01  0.1764226E-02  0.1991442E-02  0.0000000E+00
  0.1457693E-01  0.9833341E-02  0.7595453E-03  0.0000000E+00
  0.1325327E-01  0.1601570E-01 -0.1727859E-03  0.0000000E+00
  0.1248814E-01  0.1973153E-01 -0.7361840E-03  0.0000000E+00
 -0.9330251E-02  0.3040731E-03  0.1294154E-03  0.0000000E+00
  0.2043743E-01 -0.2132095E-03 -0.1296214E-03  0.0000000E+00
  0.1250792E-01  0.6416711E-03 -0.6342294E-05  0.0000000E+00
  0.4977397E-03 -0.6498289E-03  0.1645521E-03  0.0000000E+00
 -0.9041685E-02  0.4388678E-03 -0.2861066E-03  0.0000000E+00
  0.8940886E-02 -0.1508295E-02  0.1388460E-02  0.0000000E+00
 -0.2623803E-01 -0.9891912E-02 -0.2043847E-02  0.0000000E+00
 -0.3187264E-02 -0.2620229E-02 -0.9289291E-03  0.0000000E+00
 -0.1668129E-02 -0.4322851E-02 -0.9191972E-03  0.0000000E+00
 -0.5367077E-03 -0.5673068E-02 -0.9301354E-03  0.0000000E+00
  0.1518692E-03 -0.6472594E-02 -0.9318864E-03  0.0000000E+00
  0.4326643E-02 -0.4029245E-03 -0.4058441E-04  0.0000000E+00
 -0.2947004E-01  0.1245604E-03  0.2644313E-03  0.0000000E+00
 -0.6667852E-02 -0.4787278E-04 -0.1503489E-03  0.0000000E+00
 -0.9795936E-02 -0.4872686E-04  0.3515654E-05  0.0000000E+00
 -0.1360434E-01  0.1990607E-02  0.1617740E-03  0.0000000E+00
 -0.2787550E-01 -0.8389251E-02 -0.8830675E-03  0.0000000E+00
  0.2579760E-01  0.3334042E-02 -0.7152803E-03  0.0000000E+00
 -0.8558842E-03  0.1096803E-02  0.1411551E-02  0.0000000E+00
  0.7540434E-03 -0.3913082E-03  0.1114043E-02  0.0000000E+00
  0.1902634E-02 -0.1553319E-02  0.9047340E-03  0.0000000E+00
  0.2615395E-02 -0.2246010E-02  0.7740453E-03  0.0000000E+00
 -0.1674972E+00 -0.1293292E+00 -0.1053737E-01  0.0000000E+00
 -0.2194667E+00 -0.1178749E+00  0.3485677E-01  0.0000000E+00
 -0.2626528E-01  0.2886694E-01 -0.2923204E-02  0.0000000E+00
 -0.2183320E+00 -0.5845905E-01 -0.1052229E-01  0.0000000E+00
 -0.1001526E+00 -0.4684440E-01 -0.6148198E-02  0.0000000E+00
 -0.1926100E-01 -0.4530099E-01  0.1719347E-01  0.0000000E+00
 -0.1182337E+00  0.4193800E-01  0.6447579E-02  0.0000000E+00
 -0.1894455E+00 -0.1141312E+00  0.1423296E-01  0.0000000E+00
 -0.1830051E+00 -0.3763929E-01  0.1189150E-01  0.0000000E+00
 -0.1784537E+00  0.2122786E-01  0.1005520E-01  0.0000000E+00
 -0.1756176E+00  0.5654096E-01  0.8962570E-02  0.0000000E+00
  0.6714292E-01 -0.1358964E+00 -0.2681830E-01  0.0000000E+00
 -0.1222327E+00 -0.6681177E-01  0.3753252E-01  0.0000000E+00
  0.1613147E+00  0.2362547E-01 -0.1388857E-01  0.0000000E+00
 -0.1144755E+00  0.9795794E-02 -0.1231163E-01  0.0000000E+00
 -0.1276758E+00 -0.7566838E-01 -0.2989897E-02  0.0000000E+00
 -0.9382102E-01 -0.9448017E-01  0.5808915E-02  0.0000000E+00
 -0.8469257E-01  0.1878107E-01 -0.3863398E-01  0.0000000E+00
 -0.6712870E-01 -0.1616096E-01 -0.7413316E-02  0.0000000E+00
 -0.6348840E-01 -0.5117585E-01  0.4930311E-02  0.0000000E+00
 -0.6096544E-01 -0.7864017E-01  0.1439291E-01  0.0000000E+00
 -0.5937892E-01 -0.9497972E-01  0.2007891E-01  0.0000000E+00
  0.7111925E-04 -0.2840359E-01 -0.4548409E-02  0.0000000E+00
  0.9109177E-02 -0.4390899E-01 -0.6431725E-01  0.0000000E+00
  0.2074306E-01  0.2355973E-01  0.1206886E-01  0.0000000E+00
  0.6752746E-01  0.1259974E-01 -0.9645198E-03  0.0000000E+00
 -0.5101353E-01  0.1804932E-01 -0.4051249E-03  0.0000000E+00
 -0.4593766E-01 -0.1561909E-01  0.2305974E-02  0.0000000E+00
  0.3472028E-01 -0.5576757E-01 -0.3258628E-02  0.0000000E+00
 -0.1235275E-02 -0.6568189E-01 -0.5347963E-02  0.0000000E+00
 -0.1693837E-01 -0.1122239E+00 -0.2017511E-02  0.0000000E+00
 -0.2925186E-01 -0.1480053E+00  0.5156780E-03  0.0000000E+00
 -0.3657855E-01 -0.1694795E+00  0.2043106E-02  0.0000000E+00
 -0.1164264E-01  0.2616229E-03 -0.1397490E-04  0.0000000E+00
  0.4107069E-01 -0.6734136E-03 -0.2616179E-03  0.0000000E+00
  0.3310966E-01  0.2191317E-02  0.6910657E-04  0.0000000E+00
 -0.2004450E-01 -0.2828751E-02 -0.4196336E-05  0.0000000E+00
  0.1810908E-01  0.4429042E-02  0.7503949E-04  0.0000000E+00
  0.1147957E+00 -0.1283729E-01  0.4334634E-03  0.0000000E+00
  0.8365745E-01  0.2148288E-01  0.1803461E-02  0.0000000E+00
  0.4802006E-01  0.3562054E-02  0.1035046E-01  0.0000000E+00
  0.2534667E-01  0.1471696E-01  0.4088329E-02  0.0000000E+00
  0.8078898E-02  0.2342378E-01 -0.6870243E-03  0.0000000E+00
 -0.2327070E-02  0.2861491E-01 -0.3563126E-02  0.0000000E+00
 -0.2357415E-02  0.5365058E-03  0.1311834E-03  0.0000000E+00
  0.6974903E-01 -0.2853990E-02 -0.3123062E-03  0.0000000E+00
  0.1471211E-02  0.2964332E-02  0.1589067E-03  0.0000000E+00
  0.6105146E-01 -0.6589464E-02 -0.2810322E-03  0.0000000E+00
 -0.5968741E-01  0.7223312E-02  0.3753527E-03  0.0000000E+00
 -0.8992113E-02 -0.1936564E-01 -0.1242965E-02  0.0000000E+00
  0.8867184E-01  0.5233713E-02 -0.2777598E-02  0.0000000E+00
  0.2326348E-01  0.4383002E-02 -0.3198631E-02  0.0000000E+00
  0.1230596E-01 -0.6500042E-02 -0.8488935E-02  0.0000000E+00
  0.3678283E-02 -0.1478202E-01 -0.1252403E-01  0.0000000E+00
 -0.1446178E-02 -0.1977462E-01 -0.1495406E-01  0.0000000E+00
 -0.1775737E-01  0.2784696E-03  0.9303621E-05  0.0000000E+00
 -0.1053143E-01  0.1894574E-03  0.4175083E-04  0.0000000E+00
 -0.1817493E-01 -0.7152529E-03  0.4020034E-04  0.0000000E+00
  0.3555094E-02  0.2281381E-02  0.4066362E-04  0.0000000E+00
 -0.2223752E-01 -0.1424521E-02 -0.1685405E-03  0.0000000E+00
  0.5505705E-01  0.6417607E-02 -0.3969147E-03  0.0000000E+00
 -0.4861694E-02 -0.4697420E-02 -0.1659638E-02  0.0000000E+00
  0.6064976E-02 -0.1112037E-01  0.3198822E-02  0.0000000E+00
  0.3004805E-02  0.3639121E-02  0.1522046E-02  0.0000000E+00
  0.7112442E-03  0.1502711E-01  0.2083481E-03  0.0000000E+00
 -0.6807649E-03  0.2185086E-01 -0.5736224E-03  0.0000000E+00
 -0.2461441E-02 -0.7024685E-04  0.2218033E-04  0.0000000E+00
  0.4418957E-01  0.1217738E-02  0.4140262E-04  0.0000000E+00
  0.8617756E-02 -0.2221212E-02  0.2014025E-03  0.0000000E+00
  0.1369154E-01  0.5403413E-02 -0.2243062E-03  0.0000000E+00
 -0.3465539E-01 -0.4088209E-02  0.4000297E-03  0.0000000E+00
 -0.1914819E-02  0.1194952E-01 -0.9721596E-03  0.0000000E+00
  0.3828148E-01  0.2048388E-02  0.5620508E-02  0.0000000E+00
 -0.1699812E-02  0.3105660E-02  0.3034812E-02  0.0000000E+00
  0.6465651E-02  0.2531063E-02  0.1139146E-02  0.0000000E+00
  0.1263442E-01  0.2079649E-02 -0.3310511E-03  0.0000000E+00
  0.1636515E-01  0.1811243E-02 -0.1210042E-02  0.0000000E+00
  0.3686316E-01 -0.2520415E-03  0.1772165E-03  0.0000000E+00
  0.1746631E-01  0.8382342E-03  0.1601846E-04  0.0000000E+00
 -0.2136029E-01 -0.1535556E-02 -0.2592765E-04  0.0000000E+00
  0.6571810E-01  0.5525394E-03  0.2071037E-03  0.0000000E+00
 -0.2741393E-01 -0.4255832E-03 -0.2218175E-03  0.0000000E+00
 -0.2104268E-01 -0.2636531E-02  0.7589263E-03  0.0000000E+00
 -0.1161526E-01 -0.7891730E-02 -0.2044518E-02  0.0000000E+00
  0.4237509E-03 -0.5246940E-02  0.4485513E-03  0.0000000E+00
  0.2050180E-02 -0.6547647E-02 -0.7573430E-03  0.0000000E+00
  0.3313598E-02 -0.7656555E-02 -0.1700582E-02  0.0000000E+00
  0.4068403E-02 -0.8293566E-02 -0.2262441E-02  0.0000000E+00
 -0.6150001E-02  0.7336443E-03 -0.4874790E-04  0.0000000E+00
  0.1577237E-02 -0.4488259E-03  0.6789770E-03  0.0000000E+00
  0.3600997E-01  0.1376766E-02 -0.1839106E-03  0.0000000E+00
 -0.3568633E-01 -0.2251342E-02  0.5267823E-04  0.0000000E+00
  0.3243990E-03  0.9563285E-03  0.2401224E-03  0.0000000E+00
 -0.2134386E-01 -0.4057017E-02 -0.1419987E-03  0.0000000E+00
 -0.9539159E-02  0.1360394E-02  0.5343877E-03  0.0000000E+00
 -0.7944571E-02 -0.9172147E-03  0.8911974E-03  0.0000000E+00
 -0.2916964E-02 -0.2350515E-02  0.1253454E-02  0.0000000E+00
  0.8503419E-03 -0.3485817E-02  0.1543379E-02  0.0000000E+00
  0.3136953E-02 -0.4158428E-02  0.1714384E-02  0.0000000E+00
  0.4560631E-02  0.2690760E-02  0.1836491E-01  0.0000000E+00
  0.4111838E-01 -0.4190649E-01 -0.3939395E-02  0.0000000E+00
 -0.4795045E-01 -0.7721629E-02 -0.6055623E-02  0.0000000E+00
  0.7174071E-01  0.6120878E-01  0.2505132E-01  0.0000000E+00
 -0.5741057E-01 -0.3552938E-01 -0.2151899E-01  0.0000000E+00
  0.5594104E-01  0.2240647E-01  0.2341383E-02  0.0000000E+00
  0.7126015E-02 -0.2915819E-01 -0.1928433E-01  0.0000000E+00
  0.3799501E-01  0.2060471E-01 -0.1849791E-01  0.0000000E+00
  0.6317216E-01  0.1858865E-01 -0.9994677E-02  0.0000000E+00
  0.8248799E-01  0.1685989E-01 -0.3407726E-02  0.0000000E+00
  0.9409094E-01  0.1586916E-01  0.5324371E-03  0.0000000E+00
 -0.2254526E-01 -0.1470506E-01  0.2927820E-01  0.0000000E+00
  0.9919997E-02  0.4741921E-02  0.1444613E-03  0.0000000E+00
 -0.9286426E-01 -0.5787882E-02 -0.5501340E-02  0.0000000E+00
  0.7710418E-01  0.7534520E-01  0.2381405E-01  0.0000000E+00
 -0.1473780E+00 -0.1663816E+00 -0.3231239E-01  0.0000000E+00
  0.7978529E-01  0.9628058E-01  0.9502171E-02  0.0000000E+00
 -0.1896579E-01 -0.4981598E-01  0.5084579E-02  0.0000000E+00
  0.4154592E-02  0.2642502E-01  0.7770990E-03  0.0000000E+00
  0.1825372E-01  0.3290175E-01  0.6611150E-02  0.0000000E+00
  0.2905833E-01  0.3768082E-01  0.1115275E-01  0.0000000E+00
  0.3555176E-01  0.4060146E-01  0.1386362E-01  0.0000000E+00
  0.1219931E-01 -0.2469150E-01  0.1306484E-01  0.0000000E+00
 -0.6777203E-01 -0.7133992E-01  0.1341270E-01  0.0000000E+00
  0.1721336E-01 -0.2372337E-01 -0.1000317E-01  0.0000000E+00
 -0.1137026E-01  0.3055135E-01 -0.6743706E-02  0.0000000E+00
 -0.3713539E-01 -0.4017841E-01 -0.1982620E-02  0.0000000E+00
  0.1549060E-01  0.3881591E-01 -0.1972336E-02  0.0000000E+00
 -0.1745271E-01  0.2918973E-01 -0.4189668E-02  0.0000000E+00
  0.1940410E-02  0.5218748E-02  0.2824882E-02  0.0000000E+00
 -0.1121954E-02  0.5590436E-01 -0.3402965E-02  0.0000000E+00
 -0.3301841E-02  0.9496841E-01 -0.8210190E-02  0.0000000E+00
 -0.4655811E-02  0.1183872E+00 -0.1109020E-01  0.0000000E+00
 -0.1725145E-02 -0.4678305E-03  0.5116079E-04  0.0000000E+00
  0.8382516E-02  0.9904618E-03 -0.1457365E-03  0.0000000E+00
 -0.3441086E-01 -0.7517982E-03 -0.8442769E-04  0.0000000E+00
  0.4520953E-01  0.3639026E-02  0.1814931E-03  0.0000000E+00
 -0.8810304E-01 -0.7329110E-02 -0.4854340E-03  0.0000000E+00
  0.1634792E-01  0.1395949E-01  0.4967490E-04  0.0000000E+00
 -0.2464951E-01 -0.2851342E-01 -0.2111542E-02  0.0000000E+00
 -0.2626901E-02  0.9175353E-02 -0.1885902E-02  0.0000000E+00
 -0.3645887E-02  0.7693052E-02  0.3712538E-02  0.0000000E+00
 -0.4370620E-02  0.6770362E-02  0.8001919E-02  0.0000000E+00
 -0.4820821E-02  0.6160008E-02  0.1058003E-01  0.0000000E+00
  0.1454351E-01  0.1633379E-05 -0.1858341E-03  0.0000000E+00
 -0.3091759E-01  0.1081005E-02 -0.3152360E-03  0.0000000E+00
  0.2126103E-01 -0.2448647E-02  0.3262270E-03  0.0000000E+00
 -0.9566802E-02  0.2150009E-02 -0.4117814E-03  0.0000000E+00
 -0.2486958E-02 -0.4383877E-03  0.6324573E-03  0.0000000E+00
  0.3061736E-01 -0.2437144E-03 -0.1219943E-02  0.0000000E+00
 -0.1374279E-01 -0.7586151E-02  0.1312875E-02  0.0000000E+00
  0.2222934E-03  0.1161891E-02  0.6784621E-02  0.0000000E+00
 -0.3326329E-02  0.8544287E-02  0.6573487E-02  0.0000000E+00
 -0.5976527E-02  0.1440893E-01  0.6427565E-02  0.0000000E+00
 -0.7587511E-02  0.1787918E-01  0.6335701E-02  0.0000000E+00
  0.7397952E-02 -0.7985149E-03 -0.1132861E-03  0.0000000E+00
  0.2083078E-01  0.2270357E-03  0.2680764E-03  0.0000000E+00
  0.1560714E-01 -0.6783967E-03 -0.9825615E-04  0.0000000E+00
 -0.2420970E-02 -0.1107900E-02 -0.6103254E-04  0.0000000E+00
  0.2525528E-01  0.3998366E-02  0.5709206E-03  0.0000000E+00
 -0.1898393E-01 -0.8008134E-02 -0.1649390E-03  0.0000000E+00
  0.7116850E-02  0.1870317E-01  0.7288827E-03  0.0000000E+00
  0.1608709E-02 -0.3499496E-02  0.2426638E-02  0.0000000E+00
 -0.2361221E-02  0.8056484E-03 -0.1923306E-02  0.0000000E+00
 -0.5465967E-02  0.4148443E-02 -0.5269084E-02  0.0000000E+00
 -0.7315398E-02  0.6145925E-02 -0.7276645E-02  0.0000000E+00
 -0.9047183E-02  0.1592061E-03  0.8464625E-04  0.0000000E+00
  0.6983693E-02  0.4636482E-04  0.1479377E-03  0.0000000E+00
 -0.7460268E-02  0.1325138E-02 -0.2905151E-03  0.0000000E+00
 -0.1821450E-01 -0.2785401E-02  0.5900473E-03  0.0000000E+00
  0.2032745E-01  0.5110597E-03 -0.8897064E-03  0.0000000E+00
  0.2468935E-01  0.2349759E-02  0.2577275E-02  0.0000000E+00
 -0.1225729E-01 -0.1100013E-01 -0.2965639E-02  0.0000000E+00
 -0.5372008E-03  0.3197924E-02 -0.9982195E-03  0.0000000E+00
 -0.4633866E-02 -0.4855696E-02  0.1168624E-02  0.0000000E+00
 -0.7733167E-02 -0.1112177E-01  0.2851356E-02  0.0000000E+00
 -0.9606435E-02 -0.1486288E-01  0.3856841E-02  0.0000000E+00
  0.1614518E-02  0.2323613E-03 -0.1186187E-03  0.0000000E+00
 -0.4943196E-02 -0.8878379E-03  0.2250188E-03  0.0000000E+00
  0.2742082E-01  0.1167260E-02 -0.2020708E-03  0.0000000E+00
 -0.3632319E-01 -0.1155488E-02  0.3993675E-04  0.0000000E+00
  0.4637138E-01  0.1482808E-02  0.9755936E-04  0.0000000E+00
 -0.1083717E-01 -0.1834653E-02 -0.8777848E-03  0.0000000E+00
  0.3654961E-02 -0.2124998E-02  0.3301946E-02  0.0000000E+00
 -0.1144953E-02  0.2236757E-02  0.1433738E-03  0.0000000E+00
 -0.4363235E-03  0.5226971E-02 -0.2574190E-02  0.0000000E+00
  0.5549666E-04  0.7463632E-02 -0.4641041E-02  0.0000000E+00
  0.3645573E-03  0.8822217E-02 -0.5887312E-02  0.0000000E+00
 -0.8325937E-02 -0.5607299E-03  0.5693066E-05  0.0000000E+00
  0.1869931E-01 -0.3593150E-03  0.7360465E-04  0.0000000E+00
 -0.4101707E-02  0.6624012E-04 -0.1536525E-03  0.0000000E+00
  0.1127295E-01  0.1759954E-02 -0.1688876E-04  0.0000000E+00
  0.1217008E-01 -0.4812324E-03  0.2932936E-03  0.0000000E+00
  0.1951333E-02 -0.2342954E-02 -0.1086463E-02  0.0000000E+00
  0.1005342E-01  0.1191628E-01 -0.3314003E-03  0.0000000E+00
  0.2163722E-02  0.3661373E-02  0.1593699E-02  0.0000000E+00
 -0.2583926E-03  0.2952661E-02 -0.6199533E-03  0.0000000E+00
 -0.2099776E-02  0.2357853E-02 -0.2317498E-02  0.0000000E+00
 -0.3210341E-02  0.2013942E-02 -0.3337399E-02  0.0000000E+00
  0.1495818E-01 -0.4241818E-01  0.4282722E-02  0.0000000E+00
 -0.8570083E-01 -0.7034285E-01  0.1762003E-02  0.0000000E+00
 -0.1101967E-01  0.5347768E-02  0.4973554E-02  0.0000000E+00
 -0.1052138E-01  0.1055406E-03 -0.4796994E-02  0.0000000E+00
  0.3097246E-01  0.7699518E-02  0.1198184E-01  0.0000000E+00
 -0.5694894E-01 -0.2155623E-01 -0.3883762E-02  0.0000000E+00
 -0.1404777E-02 -0.4332326E-02  0.4626738E-02  0.0000000E+00
 -0.2134067E-01 -0.1699663E-02 -0.1488323E-03  0.0000000E+00
 -0.9871514E-02  0.2113064E-01  0.4336398E-02  0.0000000E+00
 -0.1120376E-02  0.3875981E-01  0.7797712E-02  0.0000000E+00
  0.4148939E-02  0.4931954E-01  0.9871571E-02  0.0000000E+00
  0.3612630E-01 -0.4617021E-01 -0.6175022E-04  0.0000000E+00
 -0.6666303E-01 -0.7287397E-01  0.5289826E-02  0.0000000E+00
 -0.1275092E-01  0.4003197E-01  0.1506028E-02  0.0000000E+00
 -0.2886532E-01 -0.1799775E-01 -0.4702431E-02  0.0000000E+00
  0.6219855E-01  0.5919748E-02  0.5991860E-02  0.0000000E+00
 -0.7885328E-01 -0.2485568E-01 -0.1757833E-03  0.0000000E+00
  0.7413357E-01 -0.3448128E-01  0.1049155E-02  0.0000000E+00
  0.1694298E-01  0.3769784E-02  0.4439243E-02  0.0000000E+00
  0.8008469E-02 -0.1844932E-01  0.1365273E-02  0.0000000E+00
  0.1294730E-02 -0.3543134E-01 -0.1013251E-02  0.0000000E+00
 -0.2775017E-02 -0.4564939E-01 -0.2436740E-02  0.0000000E+00
 -0.7080055E-02 -0.4058102E-01  0.1363080E-02  0.0000000E+00
 -0.6230254E-02 -0.1774406E-01  0.1541065E-02  0.0000000E+00
 -0.1237077E-01 -0.5310484E-02 -0.7230382E-02  0.0000000E+00
 -0.7208369E-02  0.1303845E-01  0.1956371E-02  0.0000000E+00
 -0.5652642E-02 -0.2671465E-02 -0.1768416E-02  0.0000000E+00
 -0.3543246E-02 -0.1352536E-01  0.3276148E-02  0.0000000E+00
  0.3033721E-01 -0.1964077E-01  0.2820164E-02  0.0000000E+00
  0.2108962E-01  0.1138545E-01 -0.4690227E-03  0.0000000E+00
  0.6106608E-02  0.1863485E-02 -0.4333211E-03  0.0000000E+00
 -0.5370313E-02 -0.5500372E-02 -0.4222846E-03  0.0000000E+00
 -0.1226906E-01 -0.9908487E-02 -0.4113730E-03  0.0000000E+00
  0.7651516E-03 -0.2368138E-03 -0.6636877E-04  0.0000000E+00
 -0.4320490E-01 -0.6365658E-03 -0.1619559E-03  0.0000000E+00
 -0.1299899E-01  0.1032059E-02  0.3223067E-04  0.0000000E+00
 -0.5532989E-02 -0.2585557E-02  0.2615301E-03  0.0000000E+00
  0.1769772E-01  0.3120093E-02 -0.2452386E-03  0.0000000E+00
 -0.5080157E-01 -0.6373577E-02 -0.7818668E-04  0.0000000E+00
  0.2751157E-01  0.6122338E-02 -0.2079481E-02  0.0000000E+00
 -0.7251533E-02 -0.9654649E-02 -0.4323211E-04  0.0000000E+00
 -0.2842687E-02 -0.5318190E-02 -0.1832458E-02  0.0000000E+00
  0.4930787E-03 -0.1997710E-02 -0.3217878E-02  0.0000000E+00
  0.2509153E-02 -0.1472653E-05 -0.4046748E-02  0.0000000E+00
  0.5197259E-02  0.3219407E-03 -0.1937286E-05  0.0000000E+00
  0.8877885E-02  0.3855277E-03 -0.6026555E-04  0.0000000E+00
 -0.2162590E-01  0.6583498E-03  0.5566303E-04  0.0000000E+00
  0.5203661E-02 -0.1243125E-02  0.1019973E-03  0.0000000E+00
 -0.1868717E-02  0.2085702E-02 -0.2983966E-03  0.0000000E+00
 -0.9464137E-02 -0.3335866E-02  0.1255471E-02  0.0000000E+00
  0.8309457E-02 -0.5030142E-02 -0.1061842E-02  0.0000000E+00
 -0.3989154E-02 -0.4761736E-02 -0.1215669E-02  0.0000000E+00
  0.8534586E-03  0.1427706E-01 -0.2137155E-02  0.0000000E+00
  0.4526593E-02  0.2890930E-01 -0.2869200E-02  0.0000000E+00
  0.6744103E-02  0.3769202E-01 -0.3302363E-02  0.0000000E+00
  0.1103136E-01  0.3829032E-04  0.5637099E-04  0.0000000E+00
 -0.8972517E-02  0.1491108E-02  0.1353302E-03  0.0000000E+00
 -0.2638247E-01 -0.1811742E-02 -0.1183370E-03  0.0000000E+00
  0.3379768E-01  0.1493520E-02  0.1335873E-03  0.0000000E+00
 -0.2146939E-01 -0.1601092E-03 -0.2284051E-03  0.0000000E+00
 -0.3827082E-01  0.1044179E-03  0.9034313E-03  0.0000000E+00
  0.1328902E-01  0.3799700E-02  0.3535831E-03  0.0000000E+00
 -0.1172362E-01 -0.4680097E-02 -0.1031322E-02  0.0000000E+00
 -0.3005868E-02 -0.1409140E-02  0.8270335E-03  0.0000000E+00
  0.3630895E-02  0.1120484E-02  0.2242690E-02  0.0000000E+00
  0.7631145E-02  0.2634731E-02  0.3095701E-02  0.0000000E+00
 -0.1490394E-02 -0.3726010E-03 -0.1144814E-04  0.0000000E+00
 -0.8177337E-02 -0.2006799E-03  0.1134859E-03  0.0000000E+00
 -0.1472197E-01  0.7313945E-03 -0.6006003E-04  0.0000000E+00
  0.9926262E-02 -0.1885573E-02 -0.1252619E-03  0.0000000E+00
  0.1321684E-01 -0.9234459E-03  0.2217491E-03  0.0000000E+00
 -0.1707105E-01  0.2606644E-02 -0.3265093E-03  0.0000000E+00
 -0.4191509E-03  0.6922372E-02  0.4169779E-03  0.0000000E+00
 -0.7853304E-02  0.1459747E-02  0.2469261E-02  0.0000000E+00
 -0.3719121E-02 -0.4109705E-02  0.8152225E-03  0.0000000E+00
 -0.5954187E-03 -0.8466800E-02 -0.4624567E-03  0.0000000E+00
  0.1293607E-02 -0.1106199E-01 -0.1227669E-02  0.0000000E+00
  0.4267410E-03  0.7696863E-03  0.3665366E-04  0.0000000E+00
  0.2020803E-01 -0.3697178E-03 -0.3450213E-04  0.0000000E+00
 -0.2187172E-01  0.9726649E-03  0.1559787E-03  0.0000000E+00
  0.2430449E-01 -0.3590104E-04 -0.2602092E-03  0.0000000E+00
 -0.1769346E-01 -0.1750375E-03  0.4163062E-03  0.0000000E+00
 -0.2378409E-01  0.1321399E-02 -0.5054442E-03  0.0000000E+00
  0.1010937E-01 -0.3533288E-02 -0.1742085E-03  0.0000000E+00
 -0.2469485E-02  0.5690280E-02 -0.1203049E-02  0.0000000E+00
  0.4228416E-03  0.1064746E-02 -0.4006443E-03  0.0000000E+00
  0.2628935E-02 -0.2443340E-02  0.2313385E-03  0.0000000E+00
  0.3957554E-02 -0.4561255E-02  0.6066702E-03  0.0000000E+00
  0.1849792E-03 -0.2917649E-03  0.6684828E-04  0.0000000E+00
 -0.3238925E-01  0.4516690E-03  0.1987895E-03  0.0000000E+00
  0.1518493E-03 -0.1751546E-02  0.4408547E-04  0.0000000E+00
 -0.4103970E-02  0.2002337E-02  0.1109755E-03  0.0000000E+00
  0.2024218E-01  0.1075446E-02 -0.2701123E-03  0.0000000E+00
 -0.4186118E-01 -0.1949922E-02  0.3078608E-03  0.0000000E+00
  0.1079332E-01 -0.8584962E-03 -0.5518721E-03  0.0000000E+00
 -0.5047268E-02  0.3580955E-03  0.7392266E-03  0.0000000E+00
 -0.3541306E-02 -0.2471888E-02  0.1188135E-02  0.0000000E+00
 -0.2509527E-02 -0.4638828E-02  0.1516965E-02  0.0000000E+00
 -0.1857228E-02 -0.5941613E-02  0.1718575E-02  0.0000000E+00
 -0.8144788E-01 -0.1518704E-01  0.5292588E-03  0.0000000E+00
 -0.4702902E-01 -0.5551051E-01  0.1051130E-01  0.0000000E+00
 -0.5438957E-01 -0.2334135E-01 -0.1042789E-01  0.0000000E+00
  0.3109629E-01 -0.3462358E-02  0.9323729E-02  0.0000000E+00
 -0.1434949E-01  0.2015766E-01 -0.1498296E-01  0.0000000E+00
  0.1000741E-02 -0.1198654E-01  0.6279226E-02  0.0000000E+00
 -0.5148438E-02  0.1532882E-01 -0.6028124E-02  0.0000000E+00
 -0.1814847E-01 -0.2512235E-01  0.3398508E-02  0.0000000E+00
 -0.1528819E-01 -0.4561804E-02 -0.1499475E-02  0.0000000E+00
 -0.1323853E-01  0.1106603E-01 -0.5298454E-02  0.0000000E+00
 -0.1196932E-01  0.2049206E-01 -0.7569653E-02  0.0000000E+00
 -0.9977608E-01 -0.2231820E-01 -0.6495342E-03  0.0000000E+00
 -0.8868553E-01 -0.7304946E-01  0.4277861E-02  0.0000000E+00
 -0.4406239E-01  0.7285470E-02 -0.6815731E-02  0.0000000E+00
  0.2931871E-01 -0.2450188E-01  0.9898043E-02  0.0000000E+00
  0.7351038E-02  0.1666156E-01 -0.1932319E-01  0.0000000E+00
 -0.1715537E-01 -0.4385342E-01  0.6186732E-02  0.0000000E+00
  0.2407843E-02  0.4379620E-01 -0.7318935E-02  0.0000000E+00
 -0.1606197E-01 -0.2748505E-01  0.7749973E-04  0.0000000E+00
 -0.8792847E-02 -0.2214167E-01  0.1081748E-02  0.0000000E+00
 -0.3320294E-02 -0.1810046E-01  0.1877343E-02  0.0000000E+00
 -0.5547489E-05 -0.1565749E-01  0.2348658E-02  0.0000000E+00
  0.4948565E-02 -0.1097740E-01  0.1194888E-02  0.0000000E+00
 -0.5516473E-01  0.2122368E-01 -0.1874088E-01  0.0000000E+00
  0.1631174E-01 -0.1104626E-01  0.6943966E-02  0.0000000E+00
 -0.3788267E-01  0.2854594E-01  0.4124554E-02  0.0000000E+00
 -0.1625476E-01 -0.2175305E-01 -0.1899425E-02  0.0000000E+00
 -0.6771627E-02 -0.1138746E-01 -0.2195051E-03  0.0000000E+00
 -0.1877368E-01  0.1567270E-01 -0.5480159E-02  0.0000000E+00
 -0.7221776E-02 -0.2505512E-01 -0.8449513E-02  0.0000000E+00
 -0.9016298E-02 -0.1402792E-02 -0.6293124E-02  0.0000000E+00
 -0.1037608E-01  0.1681124E-01 -0.4634816E-02  0.0000000E+00
 -0.1119738E-01  0.2773455E-01 -0.3639726E-02  0.0000000E+00
 -0.7919932E-02  0.4575786E-03  0.1633567E-04  0.0000000E+00
  0.3017363E-02  0.1142321E-02 -0.2789053E-03  0.0000000E+00
 -0.1327512E-02 -0.5288176E-03  0.6655025E-04  0.0000000E+00
  0.6398202E-03 -0.3022518E-03 -0.1476614E-03  0.0000000E+00
  0.2469923E-01 -0.1365340E-02  0.4853616E-04  0.0000000E+00
 -0.1349986E-01  0.1953704E-02 -0.1729702E-03  0.0000000E+00
  0.1556090E-02  0.2666464E-02  0.4241900E-03  0.0000000E+00
  0.1502043E-02  0.6118446E-02 -0.1233381E-03  0.0000000E+00
 -0.2945922E-02  0.2659265E-02  0.2026973E-02  0.0000000E+00
 -0.6343660E-02  0.8364293E-04  0.3663206E-02  0.0000000E+00
 -0.8388456E-02 -0.1483993E-02  0.4649612E-02  0.0000000E+00
  0.6092930E-02 -0.4136948E-03 -0.7925282E-04  0.0000000E+00
 -0.3316379E-01  0.2016831E-02 -0.3224629E-03  0.0000000E+00
  0.1961501E-01 -0.2511781E-02  0.2883116E-03  0.0000000E+00
 -0.3006764E-01  0.3809025E-02 -0.3081549E-03  0.0000000E+00
 -0.1370375E-01 -0.1671976E-02  0.6228776E-03  0.0000000E+00
  0.7205399E-02 -0.3735420E-03 -0.7078757E-03  0.0000000E+00
 -0.1147092E-01  0.4058412E-02  0.4327313E-02  0.0000000E+00
 -0.5750562E-03 -0.5970299E-02  0.1322575E-02  0.0000000E+00
 -0.4958153E-02 -0.9434321E-02 -0.1609416E-02  0.0000000E+00
 -0.8295279E-02 -0.1206635E-01 -0.3836521E-02  0.0000000E+00
 -0.1030659E-01 -0.1365408E-01 -0.5180180E-02  0.0000000E+00
  0.2027991E-02  0.4309636E-03 -0.9333442E-04  0.0000000E+00
 -0.6179088E-02 -0.1211710E-02 -0.6049058E-04  0.0000000E+00
  0.2887486E-01  0.8741564E-03  0.1142080E-03  0.0000000E+00
 -0.4565276E-01 -0.2673240E-03 -0.1585527E-03  0.0000000E+00
  0.2137391E-01  0.1243627E-02  0.2203832E-03  0.0000000E+00
 -0.7402259E-02 -0.1268045E-02  0.5708583E-03  0.0000000E+00
 -0.3325431E-02 -0.1352383E-02 -0.4472217E-03  0.0000000E+00
  0.1705212E-02 -0.1758023E-02 -0.1102562E-02  0.0000000E+00
  0.3486701E-02  0.1249775E-02  0.4539066E-03  0.0000000E+00
  0.4843746E-02  0.3607495E-02  0.1660479E-02  0.0000000E+00
  0.5661493E-02  0.5010608E-02  0.2381989E-02  0.0000000E+00
 -0.8753037E-02 -0.9242951E-04 -0.1635753E-04  0.0000000E+00
  0.1311864E-02 -0.1266336E-02  0.1989397E-03  0.0000000E+00
 -0.1298321E-01  0.1461482E-02 -0.1834807E-03  0.0000000E+00
 -0.1385192E-01 -0.2380781E-02  0.1870457E-03  0.0000000E+00
 -0.1357943E-01  0.2400125E-02 -0.3172834E-03  0.0000000E+00
 -0.2209969E-03 -0.2766247E-02  0.6873555E-03  0.0000000E+00
  0.6945387E-02  0.3327300E-02 -0.5532724E-03  0.0000000E+00
  0.2818586E-02  0.5681042E-02  0.2419575E-02  0.0000000E+00
  0.3387407E-02 -0.7385365E-02 -0.2018603E-03  0.0000000E+00
  0.3842240E-02 -0.1741926E-01 -0.2245430E-02  0.0000000E+00
  0.4110617E-02 -0.2344410E-01 -0.3464493E-02  0.0000000E+00
  0.3997357E-02 -0.6428233E-04 -0.8040982E-04  0.0000000E+00
 -0.4019479E-01 -0.1637942E-03 -0.5677900E-04  0.0000000E+00
  0.1963523E-01 -0.3417408E-03  0.1652135E-03  0.0000000E+00
 -0.4445068E-01  0.6202702E-03 -0.1265152E-03  0.0000000E+00
  0.1060771E-01 -0.2415199E-03  0.3834863E-04  0.0000000E+00
  0.6360855E-03  0.3541999E-03 -0.9363809E-03  0.0000000E+00
  0.2968060E-02 -0.2067522E-02  0.1987153E-02  0.0000000E+00
 -0.3256042E-02 -0.6146986E-02 -0.2546220E-03  0.0000000E+00
 -0.1095790E-02 -0.2185266E-03 -0.2272945E-04  0.0000000E+00
  0.5779372E-03  0.4328292E-02  0.1657582E-03  0.0000000E+00
  0.1579047E-02  0.7059928E-02  0.2762144E-03  0.0000000E+00
  0.5477943E-03  0.4528510E-03 -0.3632979E-05  0.0000000E+00
  0.2238365E-01  0.5723177E-03  0.3796015E-03  0.0000000E+00
 -0.2046483E-01  0.1196947E-03 -0.1319846E-03  0.0000000E+00
  0.2510529E-01 -0.1279875E-02  0.2685523E-03  0.0000000E+00
  0.1797306E-04  0.1017163E-02 -0.2484296E-03  0.0000000E+00
 -0.4958625E-02 -0.1730721E-03  0.2036485E-03  0.0000000E+00
 -0.1178793E-02  0.2562231E-02 -0.2502781E-02  0.0000000E+00
 -0.1187766E-02 -0.2274073E-02 -0.9534356E-03  0.0000000E+00
  0.2812693E-02  0.2834021E-02 -0.9208496E-03  0.0000000E+00
  0.5852195E-02  0.6802800E-02 -0.8821051E-03  0.0000000E+00
  0.7685792E-02  0.9173742E-02 -0.8624291E-03  0.0000000E+00
  0.8449813E-06 -0.2024601E-01 -0.9516567E-03  0.0000000E+00
 -0.7996035E-02 -0.4378953E-01 -0.5631759E-02  0.0000000E+00
 -0.1170160E-01  0.1457499E-01  0.5154922E-02  0.0000000E+00
  0.2224201E-01 -0.2638487E-01 -0.4754559E-02  0.0000000E+00
 -0.2067661E-02  0.3249166E-01  0.2664098E-02  0.0000000E+00
 -0.1955347E-02 -0.1883887E-01 -0.3100160E-03  0.0000000E+00
 -0.8333017E-02  0.1734484E-01  0.1379878E-02  0.0000000E+00
  0.1035504E-01  0.2506678E-02  0.9404821E-04  0.0000000E+00
  0.8053008E-02  0.6306320E-02 -0.4276422E-03  0.0000000E+00
  0.6281937E-02  0.9178987E-02 -0.8347186E-03  0.0000000E+00
  0.5219302E-02  0.1091578E-01 -0.1077466E-02  0.0000000E+00
 -0.7378371E-02 -0.2048677E-01 -0.2191755E-02  0.0000000E+00
  0.3757309E-02 -0.5021689E-01 -0.6286422E-02  0.0000000E+00
 -0.2697352E-01  0.2313646E-01  0.8089191E-02  0.0000000E+00
  0.2647550E-01 -0.1790620E-01 -0.3258580E-02  0.0000000E+00
  0.3210253E-02  0.2385545E-01  0.4838324E-02  0.0000000E+00
  0.2083672E-02 -0.8630755E-02  0.1932058E-02  0.0000000E+00
 -0.2304013E-02  0.6177613E-02 -0.1408398E-02  0.0000000E+00
  0.1607695E-02  0.2915259E-02  0.2376318E-02  0.0000000E+00
  0.4239736E-02 -0.6881722E-02 -0.3086547E-03  0.0000000E+00
  0.6180435E-02 -0.1451579E-01 -0.2389315E-02  0.0000000E+00
  0.7366771E-02 -0.1907051E-01 -0.3633703E-02  0.0000000E+00
 -0.4728933E-02 -0.1656263E-01  0.2221372E-03  0.0000000E+00
  0.1790710E-01  0.2545379E-02  0.8257820E-02  0.0000000E+00
  0.2617543E-02 -0.2977569E-02 -0.8224344E-02  0.0000000E+00
 -0.2442444E-01  0.1831531E-02  0.4600852E-02  0.0000000E+00
  0.1389246E-01 -0.1042697E-01 -0.5033089E-02  0.0000000E+00
  0.8380636E-02 -0.5198657E-02  0.2461895E-02  0.0000000E+00
 -0.6992734E-02 -0.2517958E-02 -0.1718147E-03  0.0000000E+00
 -0.4667327E-02 -0.2595002E-03  0.2955776E-02  0.0000000E+00
  0.2239201E-02 -0.4287045E-02  0.8351093E-03  0.0000000E+00
  0.7513722E-02 -0.7378327E-02 -0.7749619E-03  0.0000000E+00
  0.1068841E-01 -0.9234892E-02 -0.1746539E-02  0.0000000E+00
  0.9191548E-03 -0.3244452E-03  0.1386124E-04  0.0000000E+00
  0.5381809E-03  0.6758370E-03  0.7737748E-04  0.0000000E+00
 -0.3702705E-02 -0.1406015E-02 -0.5932439E-04  0.0000000E+00
  0.1000659E-01  0.2420663E-02 -0.1342793E-03  0.0000000E+00
 -0.6291658E-02 -0.2313600E-02 -0.3214875E-04  0.0000000E+00
 -0.1197339E-01  0.1422799E-02  0.2946183E-03  0.0000000E+00
 -0.4058867E-02 -0.5699212E-02 -0.3083301E-03  0.0000000E+00
 -0.1039973E-01  0.2595341E-02  0.9471026E-03  0.0000000E+00
 -0.4798535E-02 -0.2730401E-02  0.7518705E-03  0.0000000E+00
 -0.6205241E-03 -0.6831884E-02  0.6086973E-03  0.0000000E+00
  0.1920434E-02 -0.9291492E-02  0.5209620E-03  0.0000000E+00
  0.1553862E-02  0.8908882E-03  0.5828209E-05  0.0000000E+00
  0.1146199E-01 -0.3620833E-03 -0.1045753E-03  0.0000000E+00
  0.5886794E-02  0.6341440E-03  0.1646705E-03  0.0000000E+00
 -0.2565931E-01 -0.2812248E-02 -0.3386916E-04  0.0000000E+00
  0.1577634E-01  0.2206220E-02  0.8526348E-04  0.0000000E+00
  0.6096396E-02 -0.1301701E-02 -0.3299269E-03  0.0000000E+00
 -0.8304248E-02 -0.6019223E-02  0.9654830E-03  0.0000000E+00
 -0.2976356E-02  0.4494489E-02  0.4437598E-04  0.0000000E+00
 -0.4437864E-03 -0.5445669E-02 -0.1838168E-02  0.0000000E+00
  0.1562566E-02 -0.1311702E-01 -0.3281049E-02  0.0000000E+00
  0.2751144E-02 -0.1771329E-01 -0.4148143E-02  0.0000000E+00
 -0.7607179E-02 -0.8156650E-04 -0.3984743E-04  0.0000000E+00
  0.1772669E-01 -0.6988809E-03  0.8815198E-04  0.0000000E+00
 -0.1574249E-02  0.8885275E-03 -0.5335357E-04  0.0000000E+00
 -0.6615813E-02 -0.1939892E-02  0.1085833E-03  0.0000000E+00
 -0.1361133E-01  0.7356229E-03 -0.3336936E-04  0.0000000E+00
 -0.9675533E-02 -0.6052779E-03  0.5120052E-03  0.0000000E+00
  0.5769985E-02 -0.2900417E-02  0.1589018E-03  0.0000000E+00
 -0.3042118E-02  0.4519616E-02 -0.4848058E-03  0.0000000E+00
 -0.2197296E-03  0.3595624E-02  0.1464302E-02  0.0000000E+00
  0.1948947E-02  0.2922274E-02  0.2961578E-02  0.0000000E+00
  0.3250833E-02  0.2508484E-02  0.3860473E-02  0.0000000E+00
 -0.1659977E-02 -0.3049495E-04  0.6410288E-04  0.0000000E+00
  0.5981130E-02  0.1250181E-02 -0.7518995E-04  0.0000000E+00
  0.1666505E-02 -0.2062444E-02  0.4041426E-04  0.0000000E+00
 -0.5883226E-02  0.2792904E-02 -0.2763385E-03  0.0000000E+00
  0.1094311E-01 -0.9050740E-03  0.5808621E-03  0.0000000E+00
  0.2086006E-02  0.7934994E-03 -0.8934892E-03  0.0000000E+00
 -0.7653860E-02 -0.4579576E-04  0.1023106E-02  0.0000000E+00
  0.6282222E-02 -0.8535560E-03 -0.6846675E-03  0.0000000E+00
  0.1238618E-02 -0.6467596E-02 -0.7634909E-03  0.0000000E+00
 -0.2610795E-02 -0.1082421E-01 -0.8194794E-03  0.0000000E+00
 -0.4928378E-02 -0.1342822E-01 -0.8542930E-03  0.0000000E+00
 -0.4402223E-02 -0.5048022E-03 -0.1195837E-04  0.0000000E+00
  0.1561575E-01  0.8706375E-03 -0.3009453E-03  0.0000000E+00
  0.1828281E-01 -0.6377849E-03  0.1817549E-03  0.0000000E+00
 -0.1972902E-01  0.1241569E-02 -0.1293980E-03  0.0000000E+00
 -0.3623228E-02 -0.2099938E-03  0.3169691E-03  0.0000000E+00
 -0.5398602E-02  0.1662810E-02 -0.1017955E-02  0.0000000E+00
 -0.8498226E-03 -0.1338867E-02  0.8191594E-03  0.0000000E+00
  0.6238031E-03  0.1662429E-02 -0.1304460E-02  0.0000000E+00
  0.8783983E-03  0.3038450E-02 -0.3789849E-03  0.0000000E+00
  0.1098288E-02  0.4089110E-02  0.3296543E-03  0.0000000E+00
  0.1223964E-02  0.4721544E-02  0.7556886E-03  0.0000000E+00
  0.1596471E-03 -0.2568376E-03 -0.2056741E-06  0.0000000E+00
  0.1159060E-02 -0.1044494E-02  0.4113941E-04  0.0000000E+00
  0.3782664E-02  0.1647428E-02 -0.1394591E-03  0.0000000E+00
  0.5469850E-02 -0.2049677E-03  0.1817504E-03  0.0000000E+00
 -0.1526498E-02 -0.6662090E-03 -0.4808250E-03  0.0000000E+00
  0.1913494E-02  0.2140702E-02  0.8503340E-03  0.0000000E+00
 -0.1091853E-02 -0.8989117E-03 -0.9242272E-03  0.0000000E+00
  0.2648294E-02  0.6923954E-03 -0.4945868E-03  0.0000000E+00
  0.5807184E-04  0.1486345E-02 -0.6046017E-03  0.0000000E+00
 -0.1932375E-02  0.2068885E-02 -0.7020457E-03  0.0000000E+00
 -0.3127192E-02  0.2425786E-02 -0.7571589E-03  0.0000000E+00
 -0.2293067E-01 -0.1657017E-01 -0.5387619E-02  0.0000000E+00
 -0.1870960E-01 -0.7429744E-01 -0.2824510E-02  0.0000000E+00
 -0.6938570E-03  0.9770614E-02  0.3770801E-03  0.0000000E+00
 -0.4896593E-02 -0.1457532E-01  0.2656556E-02  0.0000000E+00
 -0.1749485E-01  0.1687750E-01  0.7269769E-03  0.0000000E+00
 -0.6423981E-02 -0.8985830E-02 -0.1075245E-02  0.0000000E+00
  0.1182177E-01 -0.4726536E-02  0.2867629E-02  0.0000000E+00
 -0.5631688E-02 -0.1494457E-02  0.1608871E-03  0.0000000E+00
 -0.1682640E-01  0.1708685E-02 -0.9790241E-03  0.0000000E+00
 -0.2544412E-01  0.4176260E-02 -0.1849261E-02  0.0000000E+00
 -0.3061311E-01  0.5655898E-02 -0.2373131E-02  0.0000000E+00
 -0.3892212E-01 -0.2547205E-01 -0.9349729E-02  0.0000000E+00
 -0.3026760E-01 -0.7778411E-01  0.2454830E-02  0.0000000E+00
  0.1992896E-02 -0.1641945E-02  0.1999610E-03  0.0000000E+00
 -0.1707687E-01 -0.1391925E-01  0.5730584E-02  0.0000000E+00
 -0.2524889E-01  0.1401643E-01 -0.1443443E-02  0.0000000E+00
 -0.1024070E-01 -0.1108473E-01  0.4012859E-03  0.0000000E+00
  0.1521650E-01  0.4370763E-02 -0.9592929E-02  0.0000000E+00
  0.1157509E-02  0.6345907E-02 -0.5295352E-03  0.0000000E+00
 -0.5942471E-02 -0.4887393E-02 -0.8228359E-03  0.0000000E+00
 -0.1132327E-01 -0.1361208E-01 -0.1069225E-02  0.0000000E+00
 -0.1457287E-01 -0.1882495E-01 -0.1211633E-02  0.0000000E+00
  0.7156580E-02 -0.1803157E-02 -0.3743821E-02  0.0000000E+00
 -0.1999679E-01  0.4418517E-02  0.3288553E-02  0.0000000E+00
  0.2109680E-01 -0.5603509E-02 -0.1748952E-02  0.0000000E+00
 -0.2767430E-01  0.1661802E-01  0.2559281E-02  0.0000000E+00
  0.2042918E-01 -0.5168885E-02 -0.5745918E-02  0.0000000E+00
 -0.9581330E-02 -0.2034503E-02 -0.4925090E-03  0.0000000E+00
  0.8820875E-02  0.1332849E-02  0.5476435E-03  0.0000000E+00
 -0.6028119E-04  0.1209018E-02  0.8445391E-04  0.0000000E+00
  0.4871294E-02 -0.6426796E-02  0.4280041E-03  0.0000000E+00
  0.8593377E-02 -0.1230760E-01  0.7016251E-03  0.0000000E+00
  0.1084532E-01 -0.1583422E-01  0.8633605E-03  0.0000000E+00
 -0.5027616E-03  0.1699425E-03 -0.7212194E-05  0.0000000E+00
  0.9854672E-03 -0.1016029E-02 -0.1797614E-03  0.0000000E+00
 -0.2205828E-02  0.8297178E-03  0.1252394E-03  0.0000000E+00
 -0.5956027E-02 -0.5893906E-03 -0.1251686E-03  0.0000000E+00
 -0.1880915E-01  0.2937118E-03  0.3237130E-03  0.0000000E+00
 -0.8912145E-02 -0.4506996E-04 -0.5873465E-04  0.0000000E+00
  0.4604740E-02 -0.1461187E-02  0.2607180E-02  0.0000000E+00
  0.1340721E-02 -0.1526777E-02  0.2680838E-02  0.0000000E+00
 -0.1448879E-02  0.3919353E-02  0.2224536E-02  0.0000000E+00
 -0.3571219E-02  0.8095465E-02  0.1892068E-02  0.0000000E+00
 -0.4850817E-02  0.1060458E-01  0.1687741E-02  0.0000000E+00
  0.1134567E-02  0.2820541E-03  0.1032214E-03  0.0000000E+00
 -0.1780857E-01  0.6496822E-03 -0.2804404E-03  0.0000000E+00
  0.2516088E-01 -0.8509084E-03  0.2970476E-03  0.0000000E+00
 -0.2976595E-01  0.2552765E-02 -0.4001941E-03  0.0000000E+00
  0.1084572E-01 -0.1486715E-02  0.7227272E-03  0.0000000E+00
 -0.7660442E-02  0.1474137E-02 -0.2277752E-02  0.0000000E+00
  0.1153800E-01 -0.2327636E-03  0.2881578E-02  0.0000000E+00
  0.1262735E-02  0.6734727E-02 -0.1630755E-02  0.0000000E+00
  0.1438643E-02  0.1656139E-02 -0.1442623E-03  0.0000000E+00
  0.1506113E-02 -0.2264964E-02  0.1016438E-02  0.0000000E+00
  0.1564366E-02 -0.4613820E-02  0.1708350E-02  0.0000000E+00
  0.4440511E-02  0.3793798E-03 -0.8865691E-04  0.0000000E+00
 -0.8706370E-02  0.1279784E-02  0.1879052E-03  0.0000000E+00
  0.7465323E-02  0.3815883E-03  0.4052799E-04  0.0000000E+00
 -0.5237807E-02 -0.7823464E-03  0.1832392E-03  0.0000000E+00
 -0.4149023E-03  0.3025268E-04 -0.3726225E-03  0.0000000E+00
 -0.6290418E-02 -0.4741727E-03  0.7143533E-03  0.0000000E+00
  0.4412180E-02 -0.6738454E-03 -0.3178059E-02  0.0000000E+00
 -0.5079190E-03 -0.1658258E-02 -0.1595588E-02  0.0000000E+00
  0.1643663E-02  0.9158180E-03  0.5921162E-03  0.0000000E+00
  0.3277689E-02  0.2873054E-02  0.2255027E-02  0.0000000E+00
  0.4263596E-02  0.4053363E-02  0.3257985E-02  0.0000000E+00
 -0.6006388E-02  0.1130655E-03  0.5857218E-04  0.0000000E+00
  0.1085248E-01 -0.1304240E-03 -0.7152393E-04  0.0000000E+00
  0.7680604E-02  0.6948895E-03  0.3627334E-03  0.0000000E+00
 -0.7803956E-02 -0.9429926E-03 -0.4796370E-03  0.0000000E+00
  0.1633212E-02  0.9132346E-03  0.9110304E-03  0.0000000E+00
 -0.2812322E-02 -0.1214900E-02 -0.1103250E-02  0.0000000E+00
  0.7943728E-02 -0.2338017E-02  0.3235543E-02  0.0000000E+00
 -0.3308046E-02 -0.1715827E-02 -0.3356403E-03  0.0000000E+00
  0.2104628E-02 -0.8255424E-03 -0.7482666E-04  0.0000000E+00
  0.6250870E-02 -0.1158147E-03  0.1441837E-03  0.0000000E+00
  0.8743186E-02  0.3035160E-03  0.2707753E-03  0.0000000E+00
  0.6511783E-02 -0.3924322E-03 -0.2095678E-04  0.0000000E+00
 -0.1733951E-01  0.3364500E-03  0.4836836E-04  0.0000000E+00
  0.8228704E-02  0.8695259E-03 -0.8302644E-04  0.0000000E+00
 -0.2035697E-02 -0.3035232E-03  0.2103049E-04  0.0000000E+00
  0.4311023E-02  0.1084738E-03  0.6320610E-04  0.0000000E+00
 -0.8280230E-02  0.4684877E-04 -0.5131974E-03  0.0000000E+00
  0.7584731E-02 -0.3435503E-03  0.4080812E-03  0.0000000E+00
 -0.2222040E-02  0.2145311E-02  0.1237507E-02  0.0000000E+00
 -0.1957081E-02 -0.3463334E-03  0.1926524E-03  0.0000000E+00
 -0.1748904E-02 -0.2261073E-02 -0.6041549E-03  0.0000000E+00
 -0.1625100E-02 -0.3410415E-02 -0.1084045E-02  0.0000000E+00
 -0.5018833E-03 -0.4648168E-04  0.1890815E-04  0.0000000E+00
  0.2488228E-01 -0.6365120E-03  0.1901594E-03  0.0000000E+00
 -0.5846383E-02  0.6926354E-03 -0.1392816E-03  0.0000000E+00
  0.1614047E-01 -0.1015006E-02  0.3621319E-03  0.0000000E+00
  0.1661605E-02 -0.4900009E-03 -0.5468213E-03  0.0000000E+00
  0.6290238E-02  0.1001564E-02  0.9788529E-03  0.0000000E+00
 -0.5685167E-02  0.5844883E-03 -0.1630082E-02  0.0000000E+00
 -0.9157242E-04 -0.3948185E-02 -0.5753987E-03  0.0000000E+00
  0.3936745E-02  0.1586779E-02 -0.1691514E-03  0.0000000E+00
  0.7075658E-02  0.5800286E-02  0.1534981E-03  0.0000000E+00
  0.8948498E-02  0.8339925E-02  0.3444411E-03  0.0000000E+00
