  1  2   693 10944  4  4  9 11  7  1    0.00   24.00  100.00  600.00    0.00    6.28   45.00   45.00
  100.0  100.0  100.0  100.0  125.0  150.0  190.0  230.0  275.0  350.0  450.0  600.0  600.0  600.0  600.0
  0.1055053E+02 -0.2318559E+00  0.1134898E+00  0.0000000E+00
  0.1080151E+02 -0.3532001E+00  0.1042113E+00  0.0000000E+00
  0.1092339E+02 -0.3939061E-02  0.7034880E-01  0.0000000E+00
  0.1078966E+02 -0.3357490E-01  0.4452421E-01  0.0000000E+00
  0.1092916E+02  0.5337339E-01  0.3107224E-01  0.0000000E+00
  0.1112099E+02  0.9993434E-01 -0.4679231E-01  0.0000000E+00
  0.1126808E+02  0.4076201E+00 -0.7602249E-01  0.0000000E+00
  0.1126306E+02  0.6036237E+00 -0.2063173E-01  0.0000000E+00
  0.1106037E+02  0.6701706E+00  0.1826276E-01  0.0000000E+00
  0.1090988E+02  0.6075205E+00  0.3955683E-02  0.0000000E+00
  0.1081951E+02  0.5715663E+00 -0.3981848E-02  0.0000000E+00
 -0.7501710E-01 -0.6611427E-01  0.9001061E-01  0.0000000E+00
  0.5860591E-01 -0.9015743E-01  0.3028640E-01  0.0000000E+00
  0.1941878E+00 -0.1657289E+00 -0.3591124E-02  0.0000000E+00
 -0.3772961E-01 -0.1064172E+00  0.1546836E-01  0.0000000E+00
 -0.1298190E+00 -0.2241063E+00  0.4304857E-01  0.0000000E+00
 -0.4298006E+00 -0.1258211E+00  0.4170393E-01  0.0000000E+00
 -0.2786803E+00 -0.1872675E+00 -0.2519064E-01  0.0000000E+00
 -0.1087148E+00 -0.1191700E+00  0.1404381E-01  0.0000000E+00
 -0.5933640E-01 -0.7502123E-01  0.3828106E-01  0.0000000E+00
 -0.8939077E-01 -0.7807291E-01 -0.3538257E-03  0.0000000E+00
 -0.1064265E+00 -0.7937338E-01 -0.2269702E-01  0.0000000E+00
  0.1569516E+00  0.1353128E-01  0.5813475E-01  0.0000000E+00
  0.1323639E-01  0.5034542E-01  0.4605499E-01  0.0000000E+00
  0.3353067E-01  0.3913137E-01 -0.3237067E-01  0.0000000E+00
 -0.3190395E-01  0.4295353E-01 -0.4041709E-01  0.0000000E+00
 -0.1548720E-01 -0.1485611E-01 -0.1580410E-01  0.0000000E+00
 -0.9596050E-01 -0.1072729E+00  0.1858844E-02  0.0000000E+00
 -0.7368489E-01 -0.5899298E-01 -0.2453592E-01  0.0000000E+00
  0.3698463E-01 -0.2888374E-01  0.1695727E-01  0.0000000E+00
  0.7344713E-01  0.2316008E-02  0.2923981E-01  0.0000000E+00
  0.5506604E-01  0.2936669E-01  0.2396200E-01  0.0000000E+00
  0.4471771E-01  0.4555192E-01  0.2101360E-01  0.0000000E+00
  0.5022504E-01 -0.2150539E-02  0.5541023E-03  0.0000000E+00
  0.4407858E-01 -0.1760448E-02 -0.5630935E-03  0.0000000E+00
 -0.1893220E-01 -0.4422206E-03  0.6138220E-03  0.0000000E+00
  0.5941186E-01  0.2685996E-02 -0.1320145E-02  0.0000000E+00
  0.6574518E-01 -0.7277027E-02  0.1305421E-02  0.0000000E+00
  0.1099638E+00  0.2007831E-01  0.1083797E-02  0.0000000E+00
  0.8891350E-01 -0.3226537E-01  0.1535700E-01  0.0000000E+00
  0.1167162E+00 -0.2443866E-01 -0.2199438E-01  0.0000000E+00
  0.1059637E+00  0.3464526E-02 -0.1150232E-01  0.0000000E+00
  0.7735782E-01  0.3120157E-01 -0.6612385E-02  0.0000000E+00
  0.6048833E-01  0.4776394E-01 -0.3630414E-02  0.0000000E+00
  0.3334986E-01 -0.2314671E-02  0.1940480E-03  0.0000000E+00
  0.4300925E-01  0.7242427E-03  0.5774328E-03  0.0000000E+00
  0.6830363E-02 -0.1429950E-02 -0.9902541E-03  0.0000000E+00
  0.9165526E-02  0.1751786E-02  0.1870492E-02  0.0000000E+00
  0.1443489E-01 -0.3747717E-02 -0.2940856E-02  0.0000000E+00
 -0.8508271E-01  0.2375603E-02  0.5363144E-02  0.0000000E+00
 -0.7540223E-01 -0.5524358E-01 -0.1609889E-01  0.0000000E+00
 -0.2176560E-01 -0.3158907E-01 -0.6216370E-02  0.0000000E+00
  0.1366490E-01 -0.2174950E-01  0.9290409E-02  0.0000000E+00
  0.1521063E-01  0.1385698E-01  0.4703553E-02  0.0000000E+00
  0.1651079E-01  0.3481182E-01  0.2192210E-02  0.0000000E+00
 -0.2732435E-01 -0.1709035E-02 -0.2447179E-03  0.0000000E+00
 -0.1105725E-01 -0.9497703E-03 -0.6728391E-03  0.0000000E+00
 -0.1694936E-01  0.1806056E-02  0.9684392E-03  0.0000000E+00
 -0.2257010E-01 -0.2025719E-02 -0.1586057E-02  0.0000000E+00
  0.5294533E-03  0.5856959E-02  0.2856492E-02  0.0000000E+00
 -0.2917103E-01 -0.1579528E-01 -0.9463532E-02  0.0000000E+00
 -0.1894914E-01  0.2289780E-01  0.5714040E-02  0.0000000E+00
 -0.3416754E-01 -0.1928983E-01 -0.7241885E-02  0.0000000E+00
 -0.3112283E-01 -0.1380748E-01 -0.7359557E-02  0.0000000E+00
 -0.2314947E-01 -0.2025463E-01 -0.1595917E-01  0.0000000E+00
 -0.1845142E-01 -0.2396617E-01 -0.2099611E-01  0.0000000E+00
 -0.4849626E-01  0.1159829E-02  0.8219596E-03  0.0000000E+00
 -0.6339736E-02 -0.2297982E-03 -0.4321062E-03  0.0000000E+00
 -0.3226221E-01 -0.1275866E-02  0.1992349E-03  0.0000000E+00
 -0.8622607E-02  0.1574212E-02 -0.3452139E-03  0.0000000E+00
  0.2560021E-02 -0.4691500E-02  0.1265079E-02  0.0000000E+00
 -0.1872540E-01  0.1051682E-01 -0.3197411E-02  0.0000000E+00
 -0.2246529E-01 -0.1493344E-01  0.4803721E-02  0.0000000E+00
 -0.2133659E-01 -0.6328982E-02 -0.1356697E-01  0.0000000E+00
 -0.1009825E-01 -0.8825663E-02 -0.4878437E-02  0.0000000E+00
  0.7572616E-02  0.6925498E-03  0.2924389E-02  0.0000000E+00
  0.1804309E-01  0.6237368E-02  0.7589388E-02  0.0000000E+00
  0.3303698E-01 -0.2320414E-02  0.2697142E-04  0.0000000E+00
  0.8187437E-02 -0.9863360E-03 -0.1592516E-03  0.0000000E+00
  0.2280993E-01  0.1416974E-02 -0.4367837E-03  0.0000000E+00
 -0.3123106E-02 -0.8632179E-03  0.4791540E-03  0.0000000E+00
 -0.1288861E-02  0.2190141E-02 -0.1592794E-02  0.0000000E+00
  0.7775754E-02 -0.2092076E-02  0.4005112E-02  0.0000000E+00
 -0.4208805E-02  0.4591568E-02  0.9946305E-03  0.0000000E+00
  0.8497569E-02 -0.3112562E-02  0.4846257E-02  0.0000000E+00
  0.3136299E-02 -0.2419947E-02  0.4960537E-02  0.0000000E+00
 -0.2676740E-02 -0.4424692E-02 -0.5353041E-03  0.0000000E+00
 -0.6139085E-02 -0.5590778E-02 -0.3752115E-02  0.0000000E+00
 -0.2017130E-01  0.7997596E-05  0.2579920E-03  0.0000000E+00
  0.2592755E-02  0.1780505E-02 -0.1874836E-03  0.0000000E+00
 -0.3760740E-01 -0.6194642E-04  0.1784089E-03  0.0000000E+00
  0.7148768E-02 -0.2421711E-03  0.1231818E-04  0.0000000E+00
 -0.2199537E-01 -0.1470542E-02 -0.1691837E-03  0.0000000E+00
  0.1316217E-01  0.2462825E-02  0.9042083E-03  0.0000000E+00
 -0.8644893E-02 -0.9941421E-02  0.4855958E-04  0.0000000E+00
  0.2552937E-02 -0.3922489E-02 -0.2539145E-02  0.0000000E+00
  0.4198643E-02 -0.8170343E-02 -0.1775956E-03  0.0000000E+00
  0.6546935E-02 -0.5200204E-02  0.2642476E-03  0.0000000E+00
  0.7940397E-02 -0.3508176E-02  0.5494246E-03  0.0000000E+00
 -0.1767961E-01 -0.6996335E-01  0.1127475E+00  0.0000000E+00
  0.5099351E-01  0.3534129E-02  0.1418391E+00  0.0000000E+00
 -0.2189140E-01  0.1086684E+00 -0.1630926E-01  0.0000000E+00
 -0.1270478E+00  0.1944473E+00  0.6613326E-01  0.0000000E+00
 -0.2080124E+00  0.1146613E+00  0.8355755E-02  0.0000000E+00
 -0.2432339E-01  0.1258439E+00  0.1808107E-02  0.0000000E+00
 -0.1099197E+00  0.1323842E+00 -0.5269434E-02  0.0000000E+00
 -0.1320680E+00  0.1317251E+00  0.1041746E-01  0.0000000E+00
 -0.1374799E+00  0.9728253E-01  0.2086365E-01  0.0000000E+00
 -0.1012578E+00  0.1764676E-01  0.2369159E-01  0.0000000E+00
 -0.8011110E-01 -0.2938294E-01  0.2546464E-01  0.0000000E+00
  0.1778982E+00  0.1190493E-01  0.7952177E-01  0.0000000E+00
  0.2606135E+00  0.8393009E-01 -0.1032338E-01  0.0000000E+00
  0.1464541E+00 -0.7433794E-01 -0.2140926E-01  0.0000000E+00
  0.3185644E+00  0.1005829E+00 -0.2842847E-01  0.0000000E+00
  0.1565338E+00 -0.7591457E-01  0.3248958E-02  0.0000000E+00
 -0.6615017E-01 -0.8745428E-01  0.1351717E-01  0.0000000E+00
 -0.4493044E-01 -0.3060563E-01  0.1135166E-01  0.0000000E+00
 -0.3242719E-01 -0.2590224E-01 -0.2380530E-02  0.0000000E+00
  0.4037164E-03  0.5429202E-02  0.1596928E-01  0.0000000E+00
  0.1269281E-01 -0.2550173E-01  0.2054219E-01  0.0000000E+00
  0.2025200E-01 -0.4326171E-01  0.2342278E-01  0.0000000E+00
  0.1079385E+00 -0.4418391E-01  0.6030671E-01  0.0000000E+00
  0.4511880E-01  0.9098563E-01  0.2469415E-01  0.0000000E+00
 -0.7100559E-01 -0.7364441E-01  0.6724456E-04  0.0000000E+00
  0.4037196E-01  0.7706266E-01 -0.3833286E-01  0.0000000E+00
 -0.9501258E-03 -0.6693023E-01 -0.4068080E-02  0.0000000E+00
 -0.3175631E-01 -0.5659537E-01 -0.1750623E-01  0.0000000E+00
 -0.1701851E-01 -0.5182823E-01  0.7292121E-02  0.0000000E+00
  0.8095378E-03  0.1876405E-01 -0.3030874E-02  0.0000000E+00
 -0.1209145E-01 -0.1712334E-01 -0.1366643E-02  0.0000000E+00
 -0.2310950E-01 -0.1762008E-01 -0.6604655E-03  0.0000000E+00
 -0.2970087E-01 -0.1831466E-01 -0.2274909E-03  0.0000000E+00
  0.2441817E-01 -0.2801741E-04  0.6684433E-03  0.0000000E+00
  0.2331828E-01 -0.1877780E-03 -0.4182895E-03  0.0000000E+00
  0.7677314E-02 -0.3982360E-03  0.5064847E-03  0.0000000E+00
  0.3651430E-01  0.1888677E-02 -0.1031944E-02  0.0000000E+00
  0.1767073E+00 -0.4948860E-02  0.1138556E-02  0.0000000E+00
  0.1366094E+00  0.1929886E-01 -0.2965348E-02  0.0000000E+00
  0.1212638E+00  0.1733684E-01  0.4285705E-02  0.0000000E+00
  0.9396996E-01 -0.7205574E-01 -0.1359687E-01  0.0000000E+00
  0.8068369E-01 -0.6210806E-01 -0.2005250E-02  0.0000000E+00
  0.4346560E-01 -0.2265833E-01 -0.9519029E-02  0.0000000E+00
  0.2152076E-01  0.5453212E-03 -0.1379250E-01  0.0000000E+00
 -0.1712863E-01  0.2489859E-03  0.4855114E-03  0.0000000E+00
  0.2574650E-01 -0.1656035E-02 -0.1220858E-03  0.0000000E+00
  0.1339842E-01  0.8063556E-03  0.3980666E-03  0.0000000E+00
  0.2990068E-01  0.5468526E-03 -0.4612200E-03  0.0000000E+00
 -0.1121677E-01  0.2864164E-03  0.1191166E-02  0.0000000E+00
  0.1820196E-01  0.3040138E-02 -0.2607691E-02  0.0000000E+00
  0.1707994E-01 -0.2545323E-01 -0.1283392E-02  0.0000000E+00
  0.2447133E-01 -0.6768671E-02 -0.1205571E-01  0.0000000E+00
  0.2339823E-01 -0.2799555E-01 -0.2136856E-01  0.0000000E+00
  0.6611527E-03 -0.1681969E-01 -0.1557135E-01  0.0000000E+00
 -0.1266066E-01 -0.1050651E-01 -0.1227911E-01  0.0000000E+00
 -0.5088110E-01 -0.3171219E-03 -0.5265266E-03  0.0000000E+00
 -0.8324229E-01 -0.3554842E-02  0.6058056E-04  0.0000000E+00
  0.1413849E-02  0.4654196E-02  0.1650885E-04  0.0000000E+00
 -0.1624372E-01 -0.7270799E-02  0.7932603E-03  0.0000000E+00
 -0.8957371E-01  0.1264885E-01 -0.1348966E-02  0.0000000E+00
 -0.2258615E-01 -0.3390624E-01  0.2380780E-02  0.0000000E+00
 -0.4799487E-01  0.5842361E-02 -0.6324434E-02  0.0000000E+00
 -0.2309488E-01 -0.1328070E-01  0.1900072E-02  0.0000000E+00
 -0.2466979E-01 -0.1194614E-01  0.9507585E-02  0.0000000E+00
 -0.1595038E-01 -0.2684550E-01  0.1605998E-02  0.0000000E+00
 -0.1086549E-01 -0.3555531E-01 -0.2936050E-02  0.0000000E+00
 -0.6086206E-01  0.1446575E-02  0.9089079E-03  0.0000000E+00
 -0.5964573E-01  0.5989302E-03 -0.2135793E-03  0.0000000E+00
  0.1003713E-01 -0.2482110E-02 -0.3268087E-03  0.0000000E+00
 -0.4875982E-01  0.2142683E-02  0.4684927E-03  0.0000000E+00
 -0.4252451E-01  0.8364412E-03 -0.3877180E-04  0.0000000E+00
 -0.2854600E-01 -0.7292621E-02  0.4867937E-03  0.0000000E+00
 -0.2078483E-02  0.9781881E-03  0.2522766E-02  0.0000000E+00
 -0.1415985E-01  0.2284088E-01 -0.4527405E-02  0.0000000E+00
  0.1519060E-02 -0.6949279E-02 -0.4100298E-02  0.0000000E+00
 -0.1571969E-03 -0.1388842E-01 -0.5024386E-02  0.0000000E+00
 -0.9638435E-03 -0.1828346E-01 -0.5560193E-02  0.0000000E+00
  0.2858750E-01 -0.2566092E-02  0.1705251E-03  0.0000000E+00
  0.3781139E-01 -0.1652405E-03 -0.2946257E-03  0.0000000E+00
 -0.1708888E-01 -0.1994002E-02 -0.4351242E-03  0.0000000E+00
  0.4985212E-02  0.3122971E-02  0.9477754E-03  0.0000000E+00
 -0.1337870E-01 -0.7506316E-02 -0.1663794E-02  0.0000000E+00
  0.1490882E-01  0.1851276E-01  0.2267575E-02  0.0000000E+00
 -0.1222474E-01 -0.6314990E-02 -0.2205664E-02  0.0000000E+00
  0.5985668E-02 -0.1890535E-01  0.2843391E-02  0.0000000E+00
  0.7116245E-02 -0.6611201E-02  0.5833446E-02  0.0000000E+00
  0.8621597E-02 -0.8264076E-05  0.6650957E-02  0.0000000E+00
  0.9515373E-02  0.3996095E-02  0.7164058E-02  0.0000000E+00
 -0.2512238E-01 -0.7875107E-03 -0.5760916E-04  0.0000000E+00
 -0.4884269E-02  0.2837055E-02  0.1410120E-03  0.0000000E+00
 -0.2530579E-01 -0.2460534E-02  0.2315472E-04  0.0000000E+00
  0.3143997E-02  0.6490624E-03  0.1257149E-03  0.0000000E+00
 -0.8472902E-02  0.4284636E-03 -0.2968597E-03  0.0000000E+00
 -0.5880654E-02  0.8403885E-03  0.1140523E-02  0.0000000E+00
 -0.1439897E-02  0.1136065E-01 -0.2755236E-02  0.0000000E+00
 -0.1451728E-01 -0.7641242E-02  0.2152553E-02  0.0000000E+00
 -0.3346318E-02 -0.8110222E-02  0.2348809E-02  0.0000000E+00
 -0.2026624E-02 -0.6204827E-02 -0.7356520E-03  0.0000000E+00
 -0.1130414E-02 -0.5096460E-02 -0.2538953E-02  0.0000000E+00
  0.4547125E-01 -0.1142217E+00  0.2553033E-01  0.0000000E+00
  0.7492369E-01 -0.9808468E-01  0.2079125E-01  0.0000000E+00
  0.6331614E-02 -0.1387309E+00 -0.1860867E-01  0.0000000E+00
  0.4030034E-01 -0.3105753E-01  0.2784864E-01  0.0000000E+00
  0.4805729E-01 -0.1613666E+00  0.6878294E-02  0.0000000E+00
  0.4464652E-01 -0.1268755E+00  0.5684946E-01  0.0000000E+00
  0.4353609E-01 -0.1650406E+00 -0.4508341E-01  0.0000000E+00
  0.1030553E+00 -0.1353360E+00  0.2571666E-01  0.0000000E+00
  0.1086880E+00 -0.7345434E-01  0.5180020E-01  0.0000000E+00
  0.5668839E-01 -0.1151127E-01  0.3236571E-01  0.0000000E+00
  0.2630868E-01  0.2545594E-01  0.2128371E-01  0.0000000E+00
  0.1568622E-01 -0.4065550E-01  0.5584696E-01  0.0000000E+00
 -0.6247029E-01 -0.1018078E+00  0.2906659E-01  0.0000000E+00
  0.1312555E+00 -0.4159415E-01  0.6391770E-01  0.0000000E+00
 -0.6279765E-01 -0.6486044E-01  0.1710049E-01  0.0000000E+00
 -0.2973465E-01 -0.2447961E+00  0.2169021E-01  0.0000000E+00
 -0.7632784E-01  0.1154598E+00  0.3846529E-01  0.0000000E+00
  0.7767615E-01  0.9141109E-02 -0.2464889E-01  0.0000000E+00
  0.9560028E-01  0.2998076E-01  0.2786763E-01  0.0000000E+00
  0.9116862E-01  0.5604074E-01  0.6029405E-01  0.0000000E+00
  0.3655211E-01  0.8233633E-01  0.4283372E-01  0.0000000E+00
  0.4529917E-02  0.9803243E-01  0.3298138E-01  0.0000000E+00
  0.6738789E-03 -0.3621359E-01  0.1550782E-02  0.0000000E+00
  0.4247118E-01 -0.7722990E-01  0.2009027E-01  0.0000000E+00
  0.4336574E-01 -0.3221827E-01 -0.7023760E-03  0.0000000E+00
 -0.4875264E-01  0.1523914E-01  0.2937239E-01  0.0000000E+00
 -0.4196474E-03  0.1903093E-01 -0.7042476E-02  0.0000000E+00
 -0.1390749E-01  0.3970329E-01  0.3308639E-01  0.0000000E+00
 -0.3218136E-01  0.4658829E-01 -0.3295088E-01  0.0000000E+00
  0.4120647E-02  0.2378799E-01  0.4357797E-01  0.0000000E+00
  0.1140801E-01  0.2015764E-01  0.6765406E-01  0.0000000E+00
 -0.1829366E-01  0.7990767E-02  0.3493713E-01  0.0000000E+00
 -0.3559559E-01  0.8269778E-03  0.1605211E-01  0.0000000E+00
 -0.1215718E-01 -0.3442708E-02  0.7184264E-04  0.0000000E+00
 -0.4024349E-01 -0.4881892E-02 -0.9836659E-03  0.0000000E+00
 -0.1766662E-01  0.4183704E-02  0.1701286E-02  0.0000000E+00
 -0.4269523E-02 -0.5051840E-02 -0.2842655E-02  0.0000000E+00
 -0.5829158E-01  0.9147322E-02  0.5013676E-02  0.0000000E+00
 -0.3887768E-01 -0.2663637E-01 -0.1042066E-01  0.0000000E+00
  0.1835093E-01 -0.2495905E-01  0.1097226E-01  0.0000000E+00
 -0.7602117E-02 -0.2182993E-01 -0.1997261E-01  0.0000000E+00
 -0.3954426E-01  0.3567889E-01  0.1210344E-02  0.0000000E+00
 -0.2365551E-01  0.3054199E-01  0.1591089E-01  0.0000000E+00
 -0.1471269E-01  0.2817610E-01  0.2475441E-01  0.0000000E+00
  0.3920301E-01 -0.2033382E-02 -0.5714893E-03  0.0000000E+00
 -0.2734497E-01  0.5985289E-03  0.1391884E-02  0.0000000E+00
  0.4351581E-01 -0.2261336E-03 -0.2596823E-02  0.0000000E+00
  0.2304034E-01 -0.7814756E-03  0.3976871E-02  0.0000000E+00
  0.3981695E-01  0.2930278E-02 -0.7993022E-02  0.0000000E+00
 -0.3542079E-01 -0.2002886E-01  0.1836586E-01  0.0000000E+00
  0.3751111E-02 -0.1540433E-02 -0.1327788E-01  0.0000000E+00
  0.3119179E-01 -0.6365308E-03  0.1283283E-01  0.0000000E+00
  0.4971967E-01 -0.1768042E-01  0.2504026E-01  0.0000000E+00
  0.2245652E-01 -0.2253401E-01  0.2166919E-01  0.0000000E+00
  0.6709533E-02 -0.2556533E-01  0.1983446E-01  0.0000000E+00
 -0.1799148E-01 -0.3109201E-02 -0.6105417E-03  0.0000000E+00
 -0.1716894E-01  0.3014550E-02 -0.4823409E-04  0.0000000E+00
  0.7646692E-03 -0.2422880E-02 -0.7035812E-03  0.0000000E+00
  0.4653232E-01  0.5604224E-02  0.6324428E-03  0.0000000E+00
  0.7743373E-01 -0.9792063E-02 -0.1869513E-02  0.0000000E+00
  0.1488665E-01  0.3105985E-01  0.3533055E-02  0.0000000E+00
  0.3370966E-01 -0.5358190E-02 -0.2579538E-02  0.0000000E+00
  0.3306236E-01 -0.1389376E-01 -0.9057131E-02  0.0000000E+00
  0.3280983E-01 -0.3104366E-02 -0.8292865E-02  0.0000000E+00
  0.2541762E-01  0.1015449E-01  0.1593965E-02  0.0000000E+00
  0.2108805E-01  0.1804012E-01  0.7392439E-02  0.0000000E+00
 -0.6344903E-01  0.7732981E-03  0.2316761E-03  0.0000000E+00
 -0.2830785E-01  0.1408963E-02 -0.9417525E-03  0.0000000E+00
 -0.1346041E-01 -0.2185381E-02  0.1504565E-02  0.0000000E+00
 -0.1028692E-01  0.2389780E-02 -0.2741918E-02  0.0000000E+00
 -0.1273807E-01 -0.7300197E-02  0.5210569E-02  0.0000000E+00
 -0.1926746E-01  0.2512912E-01 -0.1290113E-01  0.0000000E+00
  0.9804489E-02  0.5644672E-02  0.7410778E-02  0.0000000E+00
 -0.2540641E-01  0.2658776E-01 -0.1484274E-01  0.0000000E+00
 -0.1418212E-01  0.1778577E-01 -0.5973894E-02  0.0000000E+00
 -0.7085844E-02  0.1385199E-01 -0.5366750E-03  0.0000000E+00
 -0.2808287E-02  0.1144935E-01  0.2744724E-02  0.0000000E+00
  0.2836572E-01 -0.3615130E-02 -0.4026186E-03  0.0000000E+00
  0.1054720E-01  0.4872982E-03  0.1491183E-03  0.0000000E+00
 -0.8285899E-02 -0.1366917E-02 -0.4235078E-03  0.0000000E+00
  0.5117889E-02  0.1930810E-02  0.9634356E-03  0.0000000E+00
 -0.1057157E-01 -0.9886763E-03 -0.2447659E-02  0.0000000E+00
  0.2722843E-01 -0.3573588E-02  0.3890499E-02  0.0000000E+00
  0.6590373E-02 -0.6205166E-02 -0.7951320E-02  0.0000000E+00
  0.4448178E-01  0.4962006E-02  0.2403179E-02  0.0000000E+00
  0.4160436E-01  0.2233263E-02  0.3396128E-02  0.0000000E+00
  0.2028184E-01  0.2839373E-02  0.1441434E-03  0.0000000E+00
  0.7767259E-02  0.3165252E-02 -0.1748742E-02  0.0000000E+00
 -0.5005033E-01 -0.9792703E-03 -0.1251422E-03  0.0000000E+00
 -0.3444118E-01  0.1813654E-02 -0.1742940E-03  0.0000000E+00
 -0.2008207E-01  0.4937747E-03 -0.3014096E-03  0.0000000E+00
 -0.3976373E-01 -0.1305423E-02  0.2579503E-03  0.0000000E+00
 -0.4236568E-02  0.3150787E-02 -0.7219683E-03  0.0000000E+00
 -0.2230061E-02 -0.1175824E-01  0.2684195E-02  0.0000000E+00
  0.1704714E-01  0.6397577E-02  0.1656910E-02  0.0000000E+00
 -0.1590417E-02  0.1013932E-01 -0.7315043E-02  0.0000000E+00
 -0.8003322E-02  0.1160366E-01  0.1124652E-02  0.0000000E+00
 -0.7982844E-02  0.7558841E-02  0.2690870E-02  0.0000000E+00
 -0.8043311E-02  0.5206658E-02  0.3702377E-02  0.0000000E+00
 -0.7382579E-01  0.1423278E-01  0.1391332E-01  0.0000000E+00
 -0.9611513E-01 -0.1928736E-02  0.1219865E-01  0.0000000E+00
 -0.4368101E-01  0.2883697E-01 -0.2717311E-02  0.0000000E+00
 -0.6284850E-01 -0.9416552E-03 -0.6715759E-03  0.0000000E+00
 -0.1037391E-01 -0.2441168E-02 -0.3997701E-02  0.0000000E+00
 -0.9535773E-02  0.9560066E-02 -0.1197658E-01  0.0000000E+00
  0.3483174E-01 -0.3359186E-02 -0.2307206E-02  0.0000000E+00
  0.3747312E-02  0.2637712E-01 -0.9528103E-02  0.0000000E+00
  0.6660075E-02  0.6340259E-02 -0.7932378E-02  0.0000000E+00
  0.1624827E-01 -0.3591346E-02 -0.1581756E-02  0.0000000E+00
  0.2188935E-01 -0.9632946E-02  0.2152712E-02  0.0000000E+00
 -0.7672448E-02 -0.1377234E-01  0.9389300E-02  0.0000000E+00
  0.4796599E-01 -0.2243255E-01 -0.7157066E-01  0.0000000E+00
 -0.9205875E-02  0.1469740E-01  0.5483306E-01  0.0000000E+00
  0.3863154E-01 -0.3957924E-01 -0.3181064E-01  0.0000000E+00
 -0.5501863E-02  0.2372138E-01 -0.1264798E-02  0.0000000E+00
  0.1310468E+00 -0.1904520E-01 -0.2199214E-01  0.0000000E+00
  0.8238584E-01  0.9900841E-02 -0.2068683E-02  0.0000000E+00
  0.7960084E-01 -0.5198188E-02 -0.1010671E-01  0.0000000E+00
  0.5661523E-01 -0.8341326E-02 -0.1469570E-01  0.0000000E+00
  0.3157343E-01  0.2704052E-02 -0.5122973E-02  0.0000000E+00
  0.1665497E-01  0.9138891E-02  0.4300834E-03  0.0000000E+00
  0.7657917E-02 -0.1844779E-01  0.1858535E-02  0.0000000E+00
  0.1898481E-01 -0.1557502E-01 -0.2700484E-01  0.0000000E+00
  0.1688084E-01  0.2087004E-01  0.2373700E-01  0.0000000E+00
 -0.5118311E-01 -0.5475131E-02 -0.4069908E-01  0.0000000E+00
 -0.5180718E-01 -0.1300774E-01  0.4593859E-02  0.0000000E+00
  0.3240856E-01 -0.9565987E-02 -0.1369354E-01  0.0000000E+00
  0.5388804E-01  0.1615028E-01  0.4217479E-02  0.0000000E+00
  0.1950727E-01  0.6907695E-02 -0.1485764E-01  0.0000000E+00
 -0.7410167E-02  0.1720854E-01 -0.8130364E-02  0.0000000E+00
 -0.1580270E-03  0.1929061E-01 -0.6962913E-02  0.0000000E+00
  0.3783081E-02  0.2062229E-01 -0.6206759E-02  0.0000000E+00
 -0.1657254E-01  0.2544900E-02  0.2719207E-03  0.0000000E+00
 -0.2874585E-01  0.1308423E-02 -0.2986463E-03  0.0000000E+00
  0.1850090E-01  0.2543084E-03 -0.6216170E-04  0.0000000E+00
 -0.3357502E-01 -0.1465707E-02  0.2005130E-03  0.0000000E+00
 -0.3276032E-01  0.2837719E-02 -0.6566847E-03  0.0000000E+00
 -0.4164908E-02  0.3872920E-03  0.8972260E-03  0.0000000E+00
 -0.4025129E-02  0.1296136E-01 -0.3241991E-02  0.0000000E+00
  0.8968154E-02  0.1731400E-02  0.7240932E-02  0.0000000E+00
  0.9547541E-02 -0.3983128E-02  0.7537508E-03  0.0000000E+00
  0.2229004E-02 -0.1330553E-02  0.5481733E-02  0.0000000E+00
 -0.2043106E-02  0.1572933E-03  0.8179363E-02  0.0000000E+00
  0.2273857E-01  0.1357256E-02  0.3564240E-03  0.0000000E+00
  0.3719833E-01 -0.1833677E-02 -0.1693813E-03  0.0000000E+00
 -0.5314106E-01  0.3258795E-02  0.5131552E-03  0.0000000E+00
  0.4796786E-01 -0.3327519E-02 -0.8484785E-03  0.0000000E+00
 -0.1669475E-01  0.3527869E-02  0.1515270E-02  0.0000000E+00
  0.3481064E-01 -0.5717886E-02 -0.3432480E-02  0.0000000E+00
  0.1246973E-01  0.1794440E-01 -0.2010104E-03  0.0000000E+00
  0.2354803E-01 -0.5155928E-03 -0.9221009E-02  0.0000000E+00
  0.6265306E-02  0.8589416E-02 -0.3286192E-02  0.0000000E+00
  0.9844122E-02  0.6968457E-02  0.3408702E-02  0.0000000E+00
  0.1174488E-01  0.6122892E-02  0.7394307E-02  0.0000000E+00
 -0.2132716E-01  0.1604981E-02 -0.3962049E-03  0.0000000E+00
 -0.4105907E-01 -0.2873419E-02  0.3997615E-03  0.0000000E+00
 -0.2547621E-01  0.5638027E-03 -0.8317779E-03  0.0000000E+00
  0.9906626E-03 -0.1662518E-02  0.9515373E-03  0.0000000E+00
 -0.2408023E-01  0.3987891E-02 -0.8803562E-03  0.0000000E+00
 -0.4286107E-01 -0.1087915E-01  0.1822079E-02  0.0000000E+00
 -0.2399817E-01  0.6502832E-02 -0.3331434E-02  0.0000000E+00
 -0.3492901E-01 -0.1614310E-01  0.4994715E-02  0.0000000E+00
 -0.2796365E-01 -0.7541464E-02  0.1570071E-02  0.0000000E+00
 -0.1119528E-01  0.1005341E-02  0.3968103E-02  0.0000000E+00
 -0.1299648E-02  0.6104785E-02  0.5335062E-02  0.0000000E+00
  0.1157793E-01 -0.3056681E-04  0.9629310E-04  0.0000000E+00
  0.1753731E-01 -0.1124664E-02  0.1836675E-03  0.0000000E+00
  0.7377822E-02  0.1089423E-03 -0.1674699E-03  0.0000000E+00
 -0.2480846E-01  0.1997864E-03  0.8143072E-03  0.0000000E+00
  0.4010409E-01 -0.6382660E-03 -0.1176125E-02  0.0000000E+00
 -0.3137807E-01 -0.2069899E-02  0.2921039E-02  0.0000000E+00
 -0.1783464E-01 -0.8623095E-02 -0.9088615E-03  0.0000000E+00
 -0.2637399E-02  0.5778976E-02  0.5323017E-02  0.0000000E+00
 -0.1979904E-02 -0.5480351E-02  0.2385490E-02  0.0000000E+00
 -0.2715378E-02 -0.2911477E-02  0.2248106E-02  0.0000000E+00
 -0.3136357E-02 -0.1533708E-02  0.2135786E-02  0.0000000E+00
  0.1195688E-01  0.1723468E-02  0.1596076E-03  0.0000000E+00
 -0.1903293E-01 -0.9859093E-03 -0.9755271E-04  0.0000000E+00
  0.7734598E-01  0.2391138E-03 -0.4317989E-03  0.0000000E+00
  0.2406389E-02  0.1485172E-02  0.5378762E-03  0.0000000E+00
  0.4029409E-01 -0.3465687E-02 -0.7042978E-03  0.0000000E+00
  0.1443563E-01  0.6926005E-02  0.2077280E-02  0.0000000E+00
  0.8152609E-02 -0.3782782E-02 -0.4038565E-02  0.0000000E+00
 -0.9240943E-02 -0.6178190E-02  0.6960497E-03  0.0000000E+00
 -0.3285683E-02 -0.4626723E-02  0.1041379E-02  0.0000000E+00
  0.4322269E-02 -0.1760902E-02 -0.5015116E-03  0.0000000E+00
  0.8841970E-02 -0.6486563E-04 -0.1401513E-02  0.0000000E+00
  0.1090883E-01  0.1263188E-02 -0.4275258E-03  0.0000000E+00
  0.1646100E-01 -0.1573526E-02  0.2472252E-03  0.0000000E+00
  0.8457724E-02  0.1440922E-02  0.3093090E-03  0.0000000E+00
  0.1186064E-01 -0.1161344E-02 -0.2988085E-03  0.0000000E+00
  0.8146665E-02 -0.1333601E-02  0.5866980E-03  0.0000000E+00
 -0.6080601E-02  0.9049239E-02 -0.1193203E-02  0.0000000E+00
 -0.1236961E-01 -0.4216173E-02  0.2769989E-02  0.0000000E+00
  0.2889368E-02  0.9045974E-02 -0.1626844E-03  0.0000000E+00
  0.4054883E-02 -0.3092092E-02 -0.2501761E-02  0.0000000E+00
  0.3496852E-02  0.1846743E-02  0.1739745E-02  0.0000000E+00
  0.3184740E-02  0.4600961E-02  0.4197150E-02  0.0000000E+00
  0.1403334E-01 -0.4804292E-01  0.4313705E-01  0.0000000E+00
  0.7129727E-01 -0.4474625E-01  0.4990163E-02  0.0000000E+00
 -0.6221440E-01 -0.1802334E-01 -0.2034875E-01  0.0000000E+00
  0.8710531E-02  0.1510858E-01 -0.6617021E-02  0.0000000E+00
 -0.5781843E-01  0.4177414E-01 -0.5260071E-02  0.0000000E+00
  0.2130884E-01 -0.4132479E-01  0.6359884E-02  0.0000000E+00
 -0.1207181E-01  0.1893168E-01 -0.9098431E-02  0.0000000E+00
  0.1243650E-01 -0.8468372E-02  0.2231688E-02  0.0000000E+00
  0.1948303E-01 -0.7015728E-02  0.7648314E-02  0.0000000E+00
  0.1265374E-01  0.7368929E-02  0.3192827E-02  0.0000000E+00
  0.8734706E-02  0.1580680E-01  0.6446070E-03  0.0000000E+00
 -0.6709912E-02 -0.2125768E-02  0.4506225E-01  0.0000000E+00
 -0.1591010E-01 -0.4105518E-01  0.1846177E-01  0.0000000E+00
 -0.4139478E-01  0.2073805E-01  0.6980274E-02  0.0000000E+00
 -0.5596802E-01 -0.6456454E-02  0.1135682E-02  0.0000000E+00
 -0.1205435E-01 -0.1665281E-01  0.8745250E-02  0.0000000E+00
 -0.1232335E-01  0.1166587E+00  0.3612076E-02  0.0000000E+00
  0.3471653E-02  0.1493298E-01  0.5397988E-03  0.0000000E+00
 -0.9118612E-02 -0.4167029E-02 -0.6341896E-02  0.0000000E+00
 -0.1516036E-01  0.7958583E-02 -0.1040946E-02  0.0000000E+00
 -0.1158751E-01  0.7099816E-02 -0.2672763E-02  0.0000000E+00
 -0.9562489E-02  0.6734408E-02 -0.3568884E-02  0.0000000E+00
  0.2122771E-01 -0.1004501E-01  0.1593011E-01  0.0000000E+00
  0.4415272E-01 -0.8768550E-01  0.1244382E-01  0.0000000E+00
  0.2606718E-01  0.6695824E-01 -0.1521551E-01  0.0000000E+00
  0.2355443E-01 -0.4062694E-02  0.3506000E-01  0.0000000E+00
  0.1334809E-01 -0.2125803E-01 -0.2501917E-01  0.0000000E+00
  0.3443427E-02  0.3017452E-01  0.8452696E-02  0.0000000E+00
  0.1419122E-01 -0.1601836E-02 -0.9142953E-02  0.0000000E+00
  0.1076835E-01  0.8648218E-03  0.4770210E-02  0.0000000E+00
  0.2308382E-01 -0.4702589E-02  0.3001272E-02  0.0000000E+00
  0.1342552E-01  0.1511428E-02  0.2007843E-02  0.0000000E+00
  0.7909505E-02  0.5082594E-02  0.1406991E-02  0.0000000E+00
  0.3739923E-02 -0.1524576E-02  0.7302218E-03  0.0000000E+00
  0.1179904E-01 -0.2424260E-02 -0.3710640E-03  0.0000000E+00
  0.1494044E-01  0.6066379E-04  0.6587599E-03  0.0000000E+00
 -0.3126331E-01  0.3751968E-03 -0.8802447E-03  0.0000000E+00
  0.6951620E-01 -0.2694705E-02  0.1311993E-02  0.0000000E+00
 -0.2546359E-01  0.2055789E-02 -0.1899274E-02  0.0000000E+00
  0.3275345E-01 -0.2028895E-01  0.9932886E-02  0.0000000E+00
 -0.3766783E-02 -0.5522802E-02 -0.4504884E-02  0.0000000E+00
 -0.1293697E-01  0.5073421E-02 -0.4088098E-02  0.0000000E+00
 -0.3059830E-02  0.6355420E-02  0.3406553E-03  0.0000000E+00
  0.2621241E-02  0.7223790E-02  0.2939151E-02  0.0000000E+00
  0.7507084E-02 -0.1980933E-03 -0.2081024E-03  0.0000000E+00
 -0.1191143E-01  0.3262039E-04 -0.1155496E-03  0.0000000E+00
 -0.3111917E-01 -0.5534430E-03  0.7148154E-03  0.0000000E+00
 -0.2887340E-01  0.4640135E-03 -0.1208344E-02  0.0000000E+00
 -0.4283317E-01  0.1563667E-03  0.2073740E-02  0.0000000E+00
 -0.1479770E-01 -0.2492709E-02 -0.3809496E-02  0.0000000E+00
 -0.6773306E-02 -0.1343813E-01  0.4182297E-02  0.0000000E+00
 -0.6526802E-02 -0.2035540E-01 -0.9891463E-02  0.0000000E+00
 -0.7650376E-02 -0.1357018E-02 -0.5393874E-02  0.0000000E+00
  0.3293546E-02  0.1085928E-01 -0.4239173E-02  0.0000000E+00
  0.9686977E-02  0.1822283E-01 -0.3513169E-02  0.0000000E+00
  0.3136579E-02 -0.1642960E-02 -0.3651699E-03  0.0000000E+00
  0.1113466E-01 -0.1986396E-02  0.2679433E-05  0.0000000E+00
 -0.4227071E-01  0.1194783E-02 -0.1574761E-03  0.0000000E+00
 -0.2042564E-01 -0.7626986E-03  0.2076443E-03  0.0000000E+00
 -0.2881413E-01 -0.7971968E-03 -0.4142022E-03  0.0000000E+00
  0.2589004E-01  0.2448922E-02 -0.1269017E-03  0.0000000E+00
  0.4710297E-02  0.1292936E-01  0.2901608E-03  0.0000000E+00
  0.3660634E-02 -0.3671010E-02  0.5840178E-02  0.0000000E+00
 -0.5603773E-02  0.1404871E-02  0.3609389E-02  0.0000000E+00
 -0.2293754E-02  0.9784392E-02  0.2808062E-02  0.0000000E+00
 -0.4585966E-03  0.1474704E-01  0.2314222E-02  0.0000000E+00
 -0.2541840E-01  0.2478259E-02  0.4225266E-03  0.0000000E+00
 -0.1248295E-01 -0.3388250E-03 -0.2638440E-03  0.0000000E+00
  0.8020836E-02 -0.6122650E-04  0.1246622E-03  0.0000000E+00
  0.2133543E-01 -0.5917719E-03 -0.2788388E-03  0.0000000E+00
  0.1308002E-01  0.1381512E-02  0.8271894E-03  0.0000000E+00
 -0.5251218E-02  0.5436121E-02 -0.1791402E-02  0.0000000E+00
  0.1080342E-01  0.7741241E-02  0.8228286E-02  0.0000000E+00
 -0.6760544E-02 -0.4025880E-02 -0.2863682E-02  0.0000000E+00
 -0.1590974E-01  0.1802500E-02  0.6051663E-03  0.0000000E+00
 -0.8790025E-02  0.4368598E-02 -0.2694436E-02  0.0000000E+00
 -0.4724221E-02  0.5936933E-02 -0.4587564E-02  0.0000000E+00
  0.3240762E-02 -0.2623878E-02 -0.4468939E-03  0.0000000E+00
  0.1861619E-01 -0.1704382E-02  0.2836489E-03  0.0000000E+00
 -0.3184549E-02  0.1465125E-02 -0.1892833E-03  0.0000000E+00
  0.1506687E-01 -0.1957826E-02  0.5087707E-03  0.0000000E+00
 -0.2530324E-01  0.2325015E-02 -0.5568497E-03  0.0000000E+00
 -0.9296978E-02 -0.3065813E-03  0.5998689E-03  0.0000000E+00
 -0.1791021E-01 -0.7283517E-02 -0.3262032E-02  0.0000000E+00
  0.1494006E-01 -0.1244235E-02  0.3090830E-02  0.0000000E+00
  0.6496468E-02 -0.3690810E-02 -0.1252070E-03  0.0000000E+00
 -0.3614580E-02 -0.3494067E-02 -0.9172779E-03  0.0000000E+00
 -0.9625671E-02 -0.3407736E-02 -0.1417365E-02  0.0000000E+00
 -0.6251186E-02  0.8707572E-03 -0.2407851E-03  0.0000000E+00
  0.7266686E-02  0.2955086E-02  0.1874696E-04  0.0000000E+00
 -0.9363758E-02 -0.1729961E-02  0.3221187E-04  0.0000000E+00
  0.1550598E-01  0.1225871E-02 -0.1513611E-03  0.0000000E+00
  0.3482486E-02 -0.2753937E-03  0.2041901E-04  0.0000000E+00
  0.1512516E-01 -0.3439206E-02  0.1039519E-02  0.0000000E+00
  0.8620280E-02 -0.1495683E-02 -0.1199453E-02  0.0000000E+00
  0.7698123E-02  0.2448448E-02  0.4230121E-02  0.0000000E+00
  0.3499274E-02  0.2537245E-02  0.5339007E-02  0.0000000E+00
  0.4510590E-02  0.5930860E-03  0.2173019E-02  0.0000000E+00
  0.5057470E-02 -0.5427532E-03  0.3321570E-03  0.0000000E+00
 -0.7671494E-02 -0.2068429E-01 -0.1081632E-01  0.0000000E+00
 -0.2638946E-01 -0.2187963E-01 -0.6570623E-02  0.0000000E+00
  0.3597459E-01  0.8105671E-02 -0.2520708E-02  0.0000000E+00
 -0.1067490E-01  0.2023141E-01  0.5873762E-02  0.0000000E+00
  0.3139657E-01  0.4612581E-01  0.8191923E-02  0.0000000E+00
 -0.2480563E-01 -0.2402688E-01  0.2018777E-02  0.0000000E+00
  0.7868177E-02  0.2902917E-01  0.4055475E-03  0.0000000E+00
 -0.1231941E-01  0.2008118E-01  0.8168295E-03  0.0000000E+00
 -0.8965483E-02  0.2006304E-01  0.1470180E-02  0.0000000E+00
 -0.8163396E-02  0.1213001E-01  0.1536198E-02  0.0000000E+00
 -0.7656970E-02  0.7484874E-02  0.1582309E-02  0.0000000E+00
 -0.2103491E-01 -0.1604944E-01 -0.1639250E-01  0.0000000E+00
 -0.4019738E-03 -0.2966855E-02 -0.5319050E-02  0.0000000E+00
 -0.7241403E-02 -0.3383232E-01 -0.6133096E-02  0.0000000E+00
  0.3214689E-01  0.3467996E-02  0.2827076E-03  0.0000000E+00
  0.1023891E-01 -0.1615906E-02  0.2610260E-02  0.0000000E+00
  0.7058134E-02 -0.9896394E-02  0.8292517E-02  0.0000000E+00
 -0.1947281E-01 -0.2377816E-01  0.1056378E-02  0.0000000E+00
 -0.1432186E-02  0.5016848E-02  0.5299368E-02  0.0000000E+00
 -0.3295847E-02 -0.2335694E-02  0.6031856E-02  0.0000000E+00
 -0.8313418E-02 -0.7359892E-03  0.1126576E-02  0.0000000E+00
 -0.1127042E-01  0.1177382E-03 -0.1737093E-02  0.0000000E+00
 -0.8076486E-02 -0.1717343E-01 -0.1127108E-01  0.0000000E+00
  0.2868267E-01 -0.1787290E-01 -0.1410680E-01  0.0000000E+00
 -0.3101305E-01 -0.3500258E-01 -0.2833658E-02  0.0000000E+00
 -0.2187185E-01  0.1151256E-01 -0.9023520E-02  0.0000000E+00
  0.1370645E-01 -0.5366939E-01 -0.6983321E-03  0.0000000E+00
 -0.1914126E-01 -0.1920433E-01  0.1456097E-04  0.0000000E+00
  0.1695351E-01 -0.1422933E-01  0.2679055E-02  0.0000000E+00
 -0.1710501E-01 -0.8234283E-02 -0.1871699E-02  0.0000000E+00
 -0.2241144E-01 -0.4076032E-02 -0.2866171E-02  0.0000000E+00
 -0.3564071E-02 -0.4275240E-03  0.2643272E-02  0.0000000E+00
  0.7407550E-02  0.1753607E-02  0.5857987E-02  0.0000000E+00
 -0.2428370E-01  0.1893691E-02  0.4960763E-03  0.0000000E+00
  0.9072702E-02  0.2476096E-02 -0.4927799E-03  0.0000000E+00
 -0.3653195E-01 -0.1465500E-02  0.7542153E-04  0.0000000E+00
  0.6353748E-02  0.3553788E-03 -0.1277745E-03  0.0000000E+00
 -0.1752040E-02  0.8518737E-03  0.2298679E-03  0.0000000E+00
  0.1108907E-01  0.5759304E-03 -0.1569123E-02  0.0000000E+00
 -0.3152196E-01  0.4467197E-02 -0.1299444E-03  0.0000000E+00
 -0.2614596E-02 -0.4684900E-02  0.4864161E-03  0.0000000E+00
  0.4613950E-02 -0.8568894E-02  0.2335738E-03  0.0000000E+00
 -0.1737765E-03 -0.6012142E-02 -0.1792694E-02  0.0000000E+00
 -0.2894583E-02 -0.4558237E-02 -0.2981220E-02  0.0000000E+00
  0.6749966E-02  0.1933652E-03  0.2378308E-03  0.0000000E+00
 -0.5890186E-02  0.6121732E-03  0.4499855E-04  0.0000000E+00
  0.2497856E-01 -0.4926653E-03  0.5293204E-04  0.0000000E+00
  0.2101181E-01  0.9918450E-03 -0.1069707E-03  0.0000000E+00
  0.5074954E-02 -0.2426757E-02  0.2552700E-04  0.0000000E+00
 -0.2594338E-02  0.5695038E-02  0.6184088E-03  0.0000000E+00
  0.7241979E-02  0.8023223E-02  0.1522300E-02  0.0000000E+00
 -0.4742749E-02 -0.2055985E-02  0.3176339E-02  0.0000000E+00
  0.2852774E-02  0.2612887E-02  0.3381893E-03  0.0000000E+00
  0.2910923E-02  0.1336905E-01  0.5881441E-03  0.0000000E+00
  0.3030690E-02  0.1971809E-01  0.7026393E-03  0.0000000E+00
 -0.4897869E-02  0.1524095E-02  0.1252124E-03  0.0000000E+00
 -0.2569321E-01  0.6528107E-03 -0.3639116E-03  0.0000000E+00
  0.3165178E-01  0.1785041E-03  0.9656715E-04  0.0000000E+00
 -0.3484952E-02 -0.9595445E-03 -0.2144070E-03  0.0000000E+00
  0.2141560E-01  0.2204920E-02 -0.2465599E-04  0.0000000E+00
  0.2417121E-02 -0.3672218E-02  0.8746647E-03  0.0000000E+00
 -0.4259937E-02  0.6146789E-02 -0.2849371E-03  0.0000000E+00
  0.7105388E-02 -0.3096352E-02  0.3076016E-03  0.0000000E+00
  0.1228786E-01 -0.6225443E-02  0.4878102E-02  0.0000000E+00
  0.5640296E-02 -0.1737977E-03  0.2452496E-02  0.0000000E+00
  0.1805072E-02  0.3334585E-02  0.1083402E-02  0.0000000E+00
 -0.6035169E-02 -0.2880178E-02 -0.6924035E-04  0.0000000E+00
  0.4280954E-02  0.1240352E-02 -0.1260376E-04  0.0000000E+00
 -0.2527461E-01 -0.2444190E-03  0.1811385E-04  0.0000000E+00
  0.1870934E-03  0.5977251E-03 -0.4545113E-05  0.0000000E+00
 -0.1460014E-01  0.2385183E-03  0.1942419E-03  0.0000000E+00
  0.2617680E-02 -0.1671708E-02 -0.7130132E-03  0.0000000E+00
 -0.4886869E-02 -0.6125918E-02 -0.1601376E-04  0.0000000E+00
  0.1377794E-01 -0.1380531E-01 -0.7899320E-03  0.0000000E+00
  0.1424835E-01 -0.6270256E-02 -0.1430386E-02  0.0000000E+00
  0.5909926E-02 -0.1070092E-02 -0.2872883E-03  0.0000000E+00
  0.1035701E-02  0.2059562E-02  0.3739444E-03  0.0000000E+00
  0.2062619E-02  0.1852084E-02  0.8516831E-04  0.0000000E+00
  0.2719388E-01 -0.2184048E-03 -0.5873200E-04  0.0000000E+00
 -0.3147957E-01  0.8246265E-03  0.1978213E-03  0.0000000E+00
  0.1842966E-01 -0.3689202E-03  0.2448353E-03  0.0000000E+00
 -0.1283587E-01 -0.1732861E-02 -0.4903548E-03  0.0000000E+00
  0.3537002E-01  0.5318864E-02  0.9728759E-03  0.0000000E+00
 -0.7019018E-02  0.2613948E-03 -0.1179392E-02  0.0000000E+00
  0.4484192E-02 -0.3344987E-02  0.2074058E-02  0.0000000E+00
  0.1067412E-02 -0.4357940E-02  0.4268541E-02  0.0000000E+00
 -0.1486647E-02 -0.1716166E-02  0.2069704E-02  0.0000000E+00
 -0.3020034E-02 -0.1821539E-03  0.8068598E-03  0.0000000E+00
 -0.3554052E-02 -0.1035355E-02 -0.3061933E-03  0.0000000E+00
  0.5918750E-02 -0.2472219E-03  0.1845848E-03  0.0000000E+00
 -0.1815994E-01 -0.1742745E-03 -0.4156653E-03  0.0000000E+00
  0.9362155E-02  0.1536801E-03  0.2273529E-03  0.0000000E+00
 -0.1303071E-01 -0.4435111E-03 -0.7290450E-03  0.0000000E+00
 -0.1531083E-02  0.1731796E-02  0.9385061E-03  0.0000000E+00
  0.2508156E-02 -0.6383448E-05 -0.2143908E-02  0.0000000E+00
 -0.2594753E-02  0.1930868E-02  0.1413423E-02  0.0000000E+00
 -0.3315690E-02 -0.7568076E-02 -0.2341400E-02  0.0000000E+00
  0.2733785E-02 -0.2620333E-02 -0.1757017E-02  0.0000000E+00
  0.6266262E-02  0.1692870E-03 -0.1456816E-02  0.0000000E+00
 -0.4302310E-02  0.2936933E-02  0.9000562E-02  0.0000000E+00
 -0.4008830E-01 -0.6540709E-02 -0.1618578E-01  0.0000000E+00
  0.6409175E-01 -0.1734444E-01  0.2666584E-02  0.0000000E+00
  0.1299004E-01  0.3332189E-01 -0.1135581E-01  0.0000000E+00
  0.2015633E-01 -0.3637413E-01 -0.1631722E-02  0.0000000E+00
  0.7839859E-02 -0.2571124E-02 -0.2537126E-02  0.0000000E+00
 -0.4024765E-02 -0.3539215E-02 -0.8061022E-02  0.0000000E+00
  0.7965035E-02  0.1674759E-03 -0.2518010E-02  0.0000000E+00
  0.4625138E-02  0.2335717E-02  0.3105396E-02  0.0000000E+00
 -0.1732355E-02 -0.5261447E-04  0.5205874E-02  0.0000000E+00
 -0.5490344E-02 -0.1427880E-02  0.6499057E-02  0.0000000E+00
 -0.1729310E-01 -0.9645658E-03  0.1641956E-01  0.0000000E+00
 -0.2281205E-01 -0.4259326E-01 -0.7766168E-02  0.0000000E+00
 -0.4428965E-01  0.3569001E-01 -0.8232874E-03  0.0000000E+00
  0.1791504E-01 -0.6468094E-02  0.4892881E-02  0.0000000E+00
 -0.1257179E-01  0.1850465E-02  0.3659881E-02  0.0000000E+00
 -0.3138240E-01 -0.8692494E-02 -0.4336056E-02  0.0000000E+00
 -0.2113495E-01 -0.7282849E-03 -0.3200862E-02  0.0000000E+00
 -0.1646035E-02  0.1818387E-02 -0.3021541E-02  0.0000000E+00
  0.6702183E-02  0.1384197E-01  0.5205713E-02  0.0000000E+00
  0.3864533E-02  0.6975737E-02  0.7319769E-02  0.0000000E+00
  0.2296179E-02  0.3092810E-02  0.8650027E-02  0.0000000E+00
  0.1955090E-01 -0.1059902E-02  0.5909318E-02  0.0000000E+00
  0.3700406E-01 -0.2048216E-01 -0.1614252E-02  0.0000000E+00
 -0.3234770E-01  0.1567701E-01 -0.2670182E-02  0.0000000E+00
 -0.8242925E-02 -0.8314389E-02  0.1672458E-01  0.0000000E+00
 -0.3677138E-01  0.1032243E-01 -0.8783875E-02  0.0000000E+00
  0.1394003E-01 -0.3053272E-01  0.1531506E-02  0.0000000E+00
 -0.2831160E-01  0.1611067E-01 -0.6029999E-02  0.0000000E+00
 -0.2589646E-01  0.8211450E-02 -0.7505097E-03  0.0000000E+00
 -0.2883077E-01  0.4201165E-02  0.6688716E-02  0.0000000E+00
 -0.1579345E-01  0.2576942E-02  0.8049184E-02  0.0000000E+00
 -0.8195856E-02  0.1580074E-02  0.8928219E-02  0.0000000E+00
 -0.9669287E-02  0.1641330E-02  0.6578706E-03  0.0000000E+00
 -0.1907424E-01 -0.1712524E-02 -0.5124698E-04  0.0000000E+00
  0.4557947E-01  0.6032739E-03 -0.7579706E-04  0.0000000E+00
  0.1813981E-01  0.1655781E-03  0.4232368E-03  0.0000000E+00
  0.1673305E-01  0.4894054E-03 -0.5432540E-03  0.0000000E+00
  0.8318881E-02  0.3269096E-02  0.1315572E-02  0.0000000E+00
  0.3044804E-02  0.1095002E-02  0.4598520E-03  0.0000000E+00
  0.8436721E-02 -0.7711371E-02  0.2478052E-02  0.0000000E+00
  0.1464019E-01 -0.6048753E-02  0.1324136E-02  0.0000000E+00
  0.1969752E-02 -0.1074158E-02 -0.1060348E-02  0.0000000E+00
 -0.5378980E-02  0.1857986E-02 -0.2468635E-02  0.0000000E+00
 -0.5509544E-02  0.4399770E-03 -0.7766127E-04  0.0000000E+00
 -0.2311991E-01 -0.1148067E-02  0.1532316E-03  0.0000000E+00
 -0.5593315E-02  0.1171581E-02 -0.1465667E-04  0.0000000E+00
 -0.5883410E-02 -0.2022596E-02  0.2112636E-03  0.0000000E+00
 -0.8283674E-03  0.2857259E-02 -0.7961772E-03  0.0000000E+00
  0.6986174E-02 -0.8397278E-02  0.3157062E-04  0.0000000E+00
  0.7828776E-03 -0.7061323E-02 -0.6041615E-02  0.0000000E+00
 -0.8192550E-02 -0.4964255E-02 -0.2664709E-02  0.0000000E+00
 -0.5759394E-02 -0.1154846E-01  0.3270182E-02  0.0000000E+00
 -0.5167117E-02 -0.5530552E-02  0.2576939E-02  0.0000000E+00
 -0.4793953E-02 -0.2081983E-02  0.2237319E-02  0.0000000E+00
 -0.1163050E-02  0.1169161E-02 -0.1160037E-03  0.0000000E+00
 -0.2137963E-01 -0.2152046E-02  0.4220906E-05  0.0000000E+00
  0.2300065E-01  0.5864542E-03 -0.3707321E-04  0.0000000E+00
 -0.1652189E-01  0.9031237E-03  0.1418542E-05  0.0000000E+00
  0.1387775E-02  0.8622864E-03  0.4619010E-03  0.0000000E+00
 -0.4391261E-02 -0.5438464E-02 -0.1169183E-02  0.0000000E+00
  0.1506416E-01  0.7288008E-02  0.1421132E-02  0.0000000E+00
  0.1738235E-02  0.9877682E-03  0.1744239E-02  0.0000000E+00
  0.7730486E-02 -0.1159720E-03 -0.3154867E-02  0.0000000E+00
  0.2667314E-02 -0.6518286E-03 -0.3005940E-02  0.0000000E+00
 -0.2297560E-03 -0.9781437E-03 -0.2972320E-02  0.0000000E+00
  0.2397240E-01 -0.3213005E-03  0.2999948E-03  0.0000000E+00
  0.7208598E-02  0.3333976E-03  0.2520384E-03  0.0000000E+00
  0.6868802E-02 -0.1222448E-02 -0.3598078E-03  0.0000000E+00
  0.1068847E-01  0.1434008E-02  0.5465301E-03  0.0000000E+00
  0.2499857E-01 -0.2900190E-02 -0.1427491E-02  0.0000000E+00
  0.2810319E-03  0.9757141E-02  0.3948145E-02  0.0000000E+00
  0.8019380E-02  0.3551309E-02 -0.4731951E-02  0.0000000E+00
  0.7340859E-02 -0.4052440E-02  0.2620030E-02  0.0000000E+00
  0.1874376E-01 -0.2611061E-02  0.3805291E-02  0.0000000E+00
  0.8789927E-02  0.3511690E-02  0.2015305E-02  0.0000000E+00
  0.3090577E-02  0.7110739E-02  0.9814881E-03  0.0000000E+00
 -0.8308705E-02  0.7754189E-03 -0.3930812E-03  0.0000000E+00
 -0.1860020E-02  0.6763203E-03  0.1134842E-03  0.0000000E+00
  0.6477888E-02 -0.7411276E-03 -0.3126764E-03  0.0000000E+00
 -0.9683152E-02  0.1560160E-02  0.1273280E-03  0.0000000E+00
  0.1327452E-01 -0.2246510E-02 -0.3072565E-04  0.0000000E+00
 -0.8015735E-02  0.8603276E-02  0.3125027E-03  0.0000000E+00
  0.5032824E-02 -0.5143216E-02  0.7317709E-03  0.0000000E+00
  0.3542393E-02 -0.1641687E-02  0.5575838E-04  0.0000000E+00
  0.4837342E-02  0.3282279E-02  0.5974622E-03  0.0000000E+00
  0.3151177E-02  0.3069801E-02  0.1517948E-02  0.0000000E+00
  0.2178349E-02  0.3000007E-02  0.2062758E-02  0.0000000E+00
  0.1794755E-01  0.7249723E-03 -0.2010554E-03  0.0000000E+00
  0.1055108E-02 -0.2561496E-03  0.1350946E-03  0.0000000E+00
  0.3728125E-01  0.5988779E-03  0.3861420E-04  0.0000000E+00
 -0.6808714E-02 -0.8362451E-03 -0.1146067E-03  0.0000000E+00
  0.1020462E-01  0.2992326E-02 -0.1691519E-03  0.0000000E+00
 -0.6085308E-02 -0.1021520E-01 -0.3171685E-03  0.0000000E+00
  0.8045398E-02  0.1174336E-01 -0.2016435E-02  0.0000000E+00
  0.3607896E-02 -0.5802667E-02  0.2241482E-03  0.0000000E+00
  0.7231339E-02 -0.2068844E-02  0.1262718E-02  0.0000000E+00
  0.1804678E-02 -0.3080142E-02  0.1361652E-02  0.0000000E+00
 -0.1331115E-02 -0.3632416E-02  0.1431333E-02  0.0000000E+00
