  3  2   693 10944  4  4  9 11  7  1    0.00   24.00  100.00  600.00    0.00    6.28   45.00   45.00
  100.0  100.0  100.0  100.0  125.0  150.0  190.0  230.0  275.0  350.0  450.0  600.0  600.0  600.0  600.0
  0.1930752E+03 -0.4593069E+01 -0.3974534E+01  0.0000000E+00
  0.2649729E+03 -0.3945836E+02 -0.3703095E+01  0.0000000E+00
  0.3016040E+03 -0.1613685E+03  0.7871355E+01  0.0000000E+00
  0.7405944E+03  0.1887861E+03 -0.3803341E+01  0.0000000E+00
  0.8583760E+03  0.3243300E+02 -0.1961713E+02  0.0000000E+00
  0.1499514E+04  0.3148848E+03 -0.5767807E+01  0.0000000E+00
  0.1231977E+04  0.2092684E+03  0.4769619E+01  0.0000000E+00
  0.1275440E+04  0.2022284E+03 -0.1683729E+01  0.0000000E+00
  0.1457576E+04  0.8010261E+02 -0.1004617E+02  0.0000000E+00
  0.1628876E+04  0.3413835E+02 -0.1598429E+02  0.0000000E+00
  0.1731200E+04  0.5863545E+01 -0.1955511E+02  0.0000000E+00
 -0.1245226E+02  0.2920316E+02  0.2459531E+01  0.0000000E+00
  0.1279902E+03 -0.2329672E+02 -0.6775840E+01  0.0000000E+00
 -0.1326662E+03 -0.1562162E+03  0.4876947E+01  0.0000000E+00
 -0.1904060E+03  0.8981153E+02  0.1135492E+01  0.0000000E+00
 -0.7006891E+03 -0.2457240E+03  0.1029066E+02  0.0000000E+00
 -0.6167058E+03 -0.6020174E+02  0.1319292E+02  0.0000000E+00
 -0.4062384E+03  0.3819250E+02  0.1136506E+02  0.0000000E+00
 -0.3705919E+03  0.7317496E+02  0.1555866E+02  0.0000000E+00
 -0.5317841E+03  0.1977232E+03  0.2538927E+02  0.0000000E+00
 -0.6685168E+03  0.2351179E+03  0.2973209E+02  0.0000000E+00
 -0.7503686E+03  0.2584042E+03  0.3238530E+02  0.0000000E+00
  0.3801104E+02  0.7927292E+02 -0.5290669E-01  0.0000000E+00
 -0.5818093E+02 -0.1190022E+03 -0.7810629E-01  0.0000000E+00
  0.5385964E+02  0.7904625E+02  0.9475174E+01  0.0000000E+00
 -0.1130426E+03 -0.8110491E+02 -0.7549215E+01  0.0000000E+00
 -0.1465991E+02 -0.4327382E+01  0.7439552E+01  0.0000000E+00
 -0.1292288E+03 -0.7402216E+02 -0.6583869E+01  0.0000000E+00
 -0.6768990E+01 -0.1077326E+03  0.7175491E+00  0.0000000E+00
  0.9276776E+02 -0.8579183E+02  0.4486052E+01  0.0000000E+00
  0.1010996E+03 -0.2767957E+01  0.4114207E+01  0.0000000E+00
  0.8851386E+02  0.4298664E+02  0.1374880E+01  0.0000000E+00
  0.8123953E+02  0.7070838E+02 -0.2335637E+00  0.0000000E+00
  0.8768126E+01 -0.6653466E-01 -0.4577746E-02  0.0000000E+00
 -0.1496431E+01 -0.1249460E+00  0.1956102E-01  0.0000000E+00
  0.7996585E+01  0.9884157E+00 -0.5550329E-01  0.0000000E+00
  0.5012171E+01 -0.8362214E+00  0.6992044E-01  0.0000000E+00
 -0.9304370E+01  0.6609485E+00 -0.2841577E-02  0.0000000E+00
 -0.9596867E+01  0.7525049E+01 -0.7468028E+00  0.0000000E+00
 -0.5934972E+02  0.4799568E+02  0.2639938E+01  0.0000000E+00
 -0.1572509E+03  0.4465688E+02  0.9003270E+00  0.0000000E+00
 -0.1757654E+03  0.3513585E+02 -0.1596410E+01  0.0000000E+00
 -0.1925419E+03  0.2993488E+02 -0.9020605E+00  0.0000000E+00
 -0.2025724E+03  0.2678053E+02 -0.5230492E+00  0.0000000E+00
 -0.7990625E+01 -0.1215436E+00  0.5405554E-02  0.0000000E+00
  0.6214722E+01 -0.2857458E+00 -0.9549735E-04  0.0000000E+00
 -0.3532636E+01  0.9082415E+00 -0.4524384E-01  0.0000000E+00
  0.8982032E+01 -0.2269990E+01  0.5631897E-01  0.0000000E+00
 -0.6257001E+01  0.6673004E+01 -0.1761594E+00  0.0000000E+00
  0.2582089E+02 -0.2007485E+02  0.6132114E+00  0.0000000E+00
  0.4191593E+00  0.3178440E+02  0.5657063E+01  0.0000000E+00
 -0.6649798E+02  0.5294701E+02 -0.5579133E+00  0.0000000E+00
 -0.8985650E+02  0.5808514E+01  0.1287630E+01  0.0000000E+00
 -0.9727959E+02 -0.1006908E+02  0.4734341E+01  0.0000000E+00
 -0.1018866E+03 -0.1989642E+02  0.6772965E+01  0.0000000E+00
  0.7921922E+00 -0.1065629E+00 -0.1029159E-01  0.0000000E+00
 -0.1469450E+01 -0.1906434E-01  0.3339754E-01  0.0000000E+00
  0.2263811E+01  0.6032914E+00 -0.3536814E-01  0.0000000E+00
 -0.5264212E+01 -0.9030540E+00  0.8799654E-01  0.0000000E+00
  0.1412888E+02  0.1736207E+01 -0.2076410E+00  0.0000000E+00
  0.3061774E+02 -0.8614563E+01  0.6965048E+00  0.0000000E+00
  0.1272885E+03 -0.3197404E+02 -0.7636697E+01  0.0000000E+00
  0.1762919E+03 -0.6275353E+02 -0.6850864E+01  0.0000000E+00
  0.1969937E+03 -0.6167216E+02 -0.6633499E+01  0.0000000E+00
  0.2010396E+03 -0.4983309E+02 -0.6766245E+01  0.0000000E+00
  0.2036399E+03 -0.4288918E+02 -0.6841588E+01  0.0000000E+00
 -0.6734299E+00  0.5792681E+00  0.2767034E-01  0.0000000E+00
 -0.2375632E+01 -0.1701002E+01 -0.1373799E+00  0.0000000E+00
  0.2967299E+01  0.2671090E+01  0.2556241E+00  0.0000000E+00
 -0.4754951E+01 -0.3884506E+01 -0.4142735E+00  0.0000000E+00
 -0.9179143E+01  0.5311410E+01  0.7299622E+00  0.0000000E+00
  0.6403033E+01 -0.6991963E+01 -0.7586287E+00  0.0000000E+00
 -0.4970136E+02  0.2862418E+02 -0.4246826E+01  0.0000000E+00
 -0.8087753E+02 -0.1299237E+02 -0.7423990E+00  0.0000000E+00
 -0.6206699E+02 -0.1433888E+02  0.3335850E+00  0.0000000E+00
 -0.4917210E+02 -0.1824209E+02  0.1641797E+01  0.0000000E+00
 -0.4141285E+02 -0.2054230E+02  0.2419943E+01  0.0000000E+00
  0.2173054E+00 -0.5551825E-01  0.4108521E-02  0.0000000E+00
 -0.5231941E+01  0.8060925E+00  0.4891933E-01  0.0000000E+00
  0.9749323E+01 -0.5097991E+00 -0.6931101E-01  0.0000000E+00
 -0.8986180E+01  0.1145824E+01  0.1081191E+00  0.0000000E+00
  0.1236933E+01 -0.1716036E+01 -0.2916346E+00  0.0000000E+00
 -0.3658529E+02  0.2562993E+01  0.1261659E+01  0.0000000E+00
  0.2799482E+02  0.4320921E+01  0.3660245E+01  0.0000000E+00
  0.4869914E+02  0.1302028E+02  0.3484032E+01  0.0000000E+00
  0.5791094E+02  0.2940992E+01  0.2552194E+01  0.0000000E+00
  0.6738533E+02 -0.4729934E+01  0.1860931E+01  0.0000000E+00
  0.7303592E+02 -0.9331722E+01  0.1445613E+01  0.0000000E+00
  0.8519470E+00 -0.1352569E+00 -0.3422151E-01  0.0000000E+00
  0.8486990E+00  0.3436024E+00  0.1636392E+00  0.0000000E+00
 -0.2179120E+00 -0.8726614E-01 -0.2713011E+00  0.0000000E+00
  0.5639630E+01  0.2585649E+00  0.4381537E+00  0.0000000E+00
  0.7763543E+01  0.3902104E-02 -0.7234195E+00  0.0000000E+00
 -0.1253416E+02  0.5449383E+00  0.8369167E+00  0.0000000E+00
  0.4050369E+02 -0.1372746E+02  0.1570624E+01  0.0000000E+00
  0.7614856E+02 -0.6426550E+01  0.5905140E+00  0.0000000E+00
  0.6525954E+02 -0.3076439E+01 -0.8951792E+00  0.0000000E+00
  0.5289435E+02 -0.2236340E+01 -0.2038662E+01  0.0000000E+00
  0.4553388E+02 -0.1707958E+01 -0.2724758E+01  0.0000000E+00
  0.1084364E+02 -0.3742433E+02  0.2642194E+00  0.0000000E+00
 -0.1826638E+02 -0.3489279E+02  0.4956161E+01  0.0000000E+00
  0.4643838E+02  0.2633803E+02 -0.1902249E+01  0.0000000E+00
 -0.8424223E+02  0.2430027E+02  0.8976645E+01  0.0000000E+00
  0.5323493E+01  0.4215754E+02 -0.1667289E+01  0.0000000E+00
 -0.8643075E+02 -0.5123171E+02 -0.9499846E+01  0.0000000E+00
 -0.6104136E+02 -0.5908195E+02 -0.6062221E+00  0.0000000E+00
  0.6938680E+02 -0.3731842E+02 -0.1591696E+02  0.0000000E+00
  0.6933856E+02 -0.1617658E+02 -0.1914208E+02  0.0000000E+00
  0.6691768E+02 -0.6556472E+01 -0.1805311E+02  0.0000000E+00
  0.6550096E+02 -0.6897174E+00 -0.1745178E+02  0.0000000E+00
  0.4322745E+02  0.8514539E+01  0.9528930E+00  0.0000000E+00
 -0.8567785E+02 -0.8377067E+02  0.6508314E+01  0.0000000E+00
  0.3421748E+02 -0.1552928E+02 -0.1498947E+02  0.0000000E+00
 -0.7181343E+02 -0.8748959E+01  0.2511340E+02  0.0000000E+00
  0.2605904E+02  0.5555633E+02 -0.2070933E+02  0.0000000E+00
  0.1053532E+03  0.1210361E+02 -0.4811262E+00  0.0000000E+00
  0.2862860E+02  0.5319845E+02  0.2114817E+01  0.0000000E+00
 -0.9813842E+02  0.2307035E+02  0.1808742E+02  0.0000000E+00
 -0.6832692E+02 -0.2450629E+02  0.2363555E+02  0.0000000E+00
 -0.2726625E+02 -0.3507569E+02  0.1975771E+02  0.0000000E+00
 -0.2896049E+01 -0.4179747E+02  0.1754942E+02  0.0000000E+00
 -0.2814424E+02 -0.1030354E+02  0.1279537E+01  0.0000000E+00
 -0.5055099E+02 -0.1335262E+03 -0.7575164E+01  0.0000000E+00
  0.4429960E+02  0.1092084E+03  0.6242312E+01  0.0000000E+00
 -0.1789968E+02 -0.3075456E+01 -0.6150557E+01  0.0000000E+00
  0.2359449E+02  0.2958451E+02 -0.8725655E+00  0.0000000E+00
 -0.2738212E+02 -0.1662474E+01  0.1115481E+02  0.0000000E+00
 -0.5697435E+02  0.1690085E+02  0.1285719E+01  0.0000000E+00
 -0.5482642E+02  0.1253805E+03  0.7426943E+01  0.0000000E+00
 -0.4260619E+02  0.1144872E+03  0.3100442E+01  0.0000000E+00
 -0.2285331E+02  0.1111976E+03  0.2577834E+01  0.0000000E+00
 -0.1115211E+02  0.1091489E+03  0.2222618E+01  0.0000000E+00
  0.3062685E+01 -0.7739827E+00 -0.4220377E-01  0.0000000E+00
  0.3328090E+00  0.1752516E+01  0.2158243E+00  0.0000000E+00
  0.6793311E+01 -0.1867397E+01 -0.3444957E+00  0.0000000E+00
 -0.6333408E+01  0.3511944E+01  0.5705155E+00  0.0000000E+00
  0.7869789E+01 -0.7091483E+01 -0.1063122E+01  0.0000000E+00
  0.2797912E+02  0.2146744E+02  0.1720654E+01  0.0000000E+00
 -0.3673500E+01 -0.2563566E+02  0.2955566E+01  0.0000000E+00
  0.2131939E+02  0.4951613E+01 -0.1055690E+01  0.0000000E+00
 -0.7605643E+01  0.1701851E+02 -0.3039542E+01  0.0000000E+00
 -0.3480571E+02  0.1034916E+02 -0.2138269E+01  0.0000000E+00
 -0.5105462E+02  0.6583972E+01 -0.1632179E+01  0.0000000E+00
  0.3603120E+01 -0.3055379E+00 -0.4759370E-01  0.0000000E+00
  0.1392930E+00  0.7662875E+00  0.1660233E+00  0.0000000E+00
  0.4591588E+01 -0.1135542E+01 -0.2953083E+00  0.0000000E+00
 -0.5645436E+01  0.2057675E+01  0.4668969E+00  0.0000000E+00
  0.1400434E+02 -0.4257183E+01 -0.5724731E+00  0.0000000E+00
  0.1283118E+02 -0.2972765E+01 -0.5349363E+00  0.0000000E+00
  0.7854423E+02 -0.3894811E+01 -0.1100787E+02  0.0000000E+00
  0.7738725E+02 -0.1105417E+03 -0.9222837E+01  0.0000000E+00
  0.5621265E+02 -0.8685867E+02 -0.6224971E+01  0.0000000E+00
  0.4174925E+02 -0.6824220E+02 -0.7462801E+01  0.0000000E+00
  0.3304639E+02 -0.5708038E+02 -0.8153885E+01  0.0000000E+00
 -0.6670955E+00 -0.7265908E-01  0.4001087E-01  0.0000000E+00
 -0.2837239E+01  0.4337893E+00 -0.1802692E+00  0.0000000E+00
  0.4753199E+01  0.5503105E+00  0.2998574E+00  0.0000000E+00
 -0.6129634E+00 -0.5359892E+00 -0.4928940E+00  0.0000000E+00
 -0.1083706E+02  0.7929319E+00  0.7892170E+00  0.0000000E+00
 -0.5165580E+00 -0.7371274E+01 -0.5637097E+00  0.0000000E+00
 -0.2633011E+02  0.1375933E+02 -0.7622440E+00  0.0000000E+00
 -0.1121078E+02  0.1669702E+02 -0.1666541E+01  0.0000000E+00
 -0.1557846E+02  0.2952530E+02 -0.2455140E+01  0.0000000E+00
 -0.2603500E+02  0.3788710E+02 -0.8777541E+00  0.0000000E+00
 -0.3220682E+02  0.4292707E+02  0.3685026E-01  0.0000000E+00
  0.4762752E+00  0.8616761E-01  0.1506672E-01  0.0000000E+00
  0.3511482E+01 -0.5892488E-02 -0.7900248E-01  0.0000000E+00
 -0.2062464E+01  0.2225090E+00  0.1655790E+00  0.0000000E+00
  0.1584714E+00 -0.5601089E+00 -0.2588607E+00  0.0000000E+00
 -0.1000205E+02  0.1759001E+01  0.2688778E+00  0.0000000E+00
 -0.2463923E+02  0.5877226E+01  0.1014865E+01  0.0000000E+00
 -0.5810069E+02 -0.1099615E+02  0.4987834E+01  0.0000000E+00
 -0.2706641E+02  0.2102343E+02  0.2429284E+01  0.0000000E+00
 -0.6255037E+01  0.1096958E+02  0.7065683E+00  0.0000000E+00
 -0.2509937E+01  0.3440724E+01  0.1409393E+01  0.0000000E+00
 -0.8469220E-01 -0.1076391E+01  0.1801684E+01  0.0000000E+00
 -0.9369967E+00  0.1219947E+00 -0.1443943E-01  0.0000000E+00
 -0.1409291E+01  0.6514355E+00  0.1107638E+00  0.0000000E+00
 -0.2019939E+00  0.4225609E+00 -0.1862257E+00  0.0000000E+00
  0.1263520E+01 -0.2748793E+00  0.2742449E+00  0.0000000E+00
  0.1908430E+01  0.3503048E+00 -0.4396995E+00  0.0000000E+00
  0.7318526E+01  0.3149058E+01 -0.2930303E+00  0.0000000E+00
  0.4279388E+01  0.2016618E+01 -0.3276454E+01  0.0000000E+00
  0.2882232E+01 -0.1559826E+02 -0.3431702E+00  0.0000000E+00
  0.1569677E+02 -0.1830894E+02  0.1052224E+01  0.0000000E+00
  0.2155927E+02 -0.1838371E+02  0.3029811E+00  0.0000000E+00
  0.2513671E+02 -0.1846163E+02 -0.1200635E+00  0.0000000E+00
 -0.8305365E+00 -0.5063382E-01  0.7350803E-02  0.0000000E+00
 -0.1286429E+01  0.5488605E+00 -0.3796601E-01  0.0000000E+00
  0.1595873E+00 -0.3994809E+00  0.2528527E-01  0.0000000E+00
  0.3837376E+01  0.5558036E+00 -0.5748358E-01  0.0000000E+00
  0.4454226E+01 -0.1260785E+01  0.1880674E+00  0.0000000E+00
  0.2576810E+02 -0.4483025E+01 -0.1201820E+01  0.0000000E+00
  0.1191147E+02  0.1492198E+02  0.9094518E+00  0.0000000E+00
 -0.1932233E+02  0.1798607E+02  0.1367815E+01  0.0000000E+00
 -0.3144357E+02  0.1384428E+02  0.1432979E+01  0.0000000E+00
 -0.3792532E+02  0.1506063E+02  0.2511960E+01  0.0000000E+00
 -0.4185676E+02  0.1572564E+02  0.3144539E+01  0.0000000E+00
  0.4017117E+02  0.3045314E+02  0.1022077E+00  0.0000000E+00
 -0.1168227E+03 -0.1175176E+03  0.6420397E+01  0.0000000E+00
  0.6833697E+02  0.6399852E+02 -0.1448066E+02  0.0000000E+00
 -0.5450254E+02 -0.1550099E+02  0.1886019E+02  0.0000000E+00
  0.5964110E+02  0.5288156E+02 -0.8746522E+01  0.0000000E+00
 -0.2052705E+02 -0.8272572E+01 -0.1869965E+01  0.0000000E+00
  0.1016248E+02  0.2131650E+02  0.1381498E+02  0.0000000E+00
 -0.1857746E+02  0.9024059E+01  0.1186903E+02  0.0000000E+00
 -0.3311509E+02  0.3757570E+01  0.1465160E+02  0.0000000E+00
 -0.4359006E+02  0.3233296E+01  0.1570944E+02  0.0000000E+00
 -0.4988568E+02  0.2867510E+01  0.1636019E+02  0.0000000E+00
  0.8187271E+01  0.2371249E+02  0.7190717E+00  0.0000000E+00
 -0.1171261E+03 -0.8385730E+02  0.8513873E+01  0.0000000E+00
  0.9982987E+02  0.3430347E+02 -0.1697760E+02  0.0000000E+00
 -0.1402557E+03 -0.3890129E+02  0.2407331E+02  0.0000000E+00
  0.7611725E+01  0.4810186E+02 -0.2366837E+02  0.0000000E+00
 -0.2489555E+02 -0.4407988E+02  0.5053962E+01  0.0000000E+00
  0.4910774E+01  0.6788426E+01 -0.1572136E+02  0.0000000E+00
  0.2781484E+02 -0.7552072E+01 -0.1560610E+02  0.0000000E+00
  0.3638598E+02  0.1148467E+02 -0.1805964E+02  0.0000000E+00
  0.3774863E+02  0.2093910E+02 -0.1915720E+02  0.0000000E+00
  0.3864365E+02  0.2668708E+02 -0.1982731E+02  0.0000000E+00
 -0.3184524E+01  0.1678154E+02  0.1135293E+01  0.0000000E+00
 -0.5135534E+01 -0.2473782E+01 -0.1088786E+02  0.0000000E+00
  0.1047433E+02  0.9729108E+01  0.1825164E+02  0.0000000E+00
 -0.1648494E+02  0.1432161E+02 -0.2316518E+02  0.0000000E+00
 -0.3400045E+02 -0.2752476E+02  0.3083369E+02  0.0000000E+00
 -0.4481711E+02  0.1616667E+02 -0.1151660E+01  0.0000000E+00
 -0.1990398E+02  0.2291107E+02  0.5907040E+01  0.0000000E+00
 -0.2124832E+02 -0.2827377E+02  0.3167987E+01  0.0000000E+00
 -0.2056722E+02 -0.1930365E+02  0.4285471E+01  0.0000000E+00
 -0.1967052E+02 -0.1433094E+02  0.3357638E+01  0.0000000E+00
 -0.1913950E+02 -0.1131695E+02  0.2826942E+01  0.0000000E+00
 -0.5210213E+01 -0.1326087E-01  0.3339941E-01  0.0000000E+00
  0.4540787E+01  0.5631935E+00 -0.7910785E-01  0.0000000E+00
  0.1217683E+01  0.2919369E+00  0.1357086E+00  0.0000000E+00
  0.9559234E+00 -0.4259471E+00 -0.2295614E+00  0.0000000E+00
  0.4723394E+01  0.1343828E+01  0.4943030E+00  0.0000000E+00
 -0.1326031E+02 -0.2187740E+01 -0.1353146E+01  0.0000000E+00
 -0.7102055E+01 -0.5540814E+00 -0.6056209E+00  0.0000000E+00
 -0.6478987E+01 -0.8858691E+01 -0.1288908E+01  0.0000000E+00
  0.6105888E+01 -0.5561124E+01 -0.1883690E+01  0.0000000E+00
  0.1638719E+02 -0.8262078E+01 -0.9527144E+00  0.0000000E+00
  0.2254768E+02 -0.9806034E+01 -0.4142737E+00  0.0000000E+00
  0.3604883E+01 -0.5526515E-02  0.1810175E-02  0.0000000E+00
  0.4142639E+00  0.8604448E+00  0.1553074E-01  0.0000000E+00
  0.2733944E+01 -0.1090344E+01 -0.2604196E-01  0.0000000E+00
 -0.4272908E+01  0.2032123E+01 -0.2121852E-01  0.0000000E+00
  0.5280633E+01 -0.4234291E+01  0.3267052E+00  0.0000000E+00
  0.4838156E+01  0.1273203E+02 -0.2394379E+01  0.0000000E+00
  0.2445765E+01 -0.8426798E+01 -0.5948831E+01  0.0000000E+00
  0.3404978E+01  0.1412229E+01 -0.4967718E+01  0.0000000E+00
  0.8396183E+01  0.1123916E+02 -0.4503983E+01  0.0000000E+00
  0.2615661E+01  0.1876228E+02 -0.4919443E+01  0.0000000E+00
 -0.7106753E+00  0.2327541E+02 -0.5157169E+01  0.0000000E+00
  0.9641699E+00  0.3910844E-01 -0.9548205E-02  0.0000000E+00
 -0.1562147E+01  0.2132331E+00 -0.4641166E-01  0.0000000E+00
  0.2615434E+01  0.6926664E+00  0.1369435E+00  0.0000000E+00
  0.2179446E+01 -0.1748368E+00 -0.2016820E+00  0.0000000E+00
 -0.6379075E+01 -0.1366624E+01  0.2633999E+00  0.0000000E+00
  0.1031313E+02  0.4572583E+01  0.6311373E+00  0.0000000E+00
  0.9388050E+01 -0.1187220E+02  0.5711592E+01  0.0000000E+00
  0.1597059E+01  0.1380893E+02  0.6659886E+01  0.0000000E+00
  0.1531156E+01 -0.8283207E+01  0.6861320E+01  0.0000000E+00
  0.3033204E+00 -0.1123128E+02  0.6003371E+01  0.0000000E+00
 -0.4168513E+00 -0.1320511E+02  0.5503031E+01  0.0000000E+00
 -0.2724363E+01 -0.1803668E+00 -0.2371820E-01  0.0000000E+00
  0.3093438E+01 -0.9120936E-01  0.1177385E+00  0.0000000E+00
 -0.5499473E+01  0.2508849E+00 -0.1940544E+00  0.0000000E+00
  0.4797524E+01 -0.1104247E+01  0.3433986E+00  0.0000000E+00
 -0.1028552E+02  0.1468315E+01 -0.8257386E+00  0.0000000E+00
  0.1574341E+02 -0.4923258E+01  0.2905277E+01  0.0000000E+00
  0.1714343E+02 -0.4268492E+01  0.2179634E+01  0.0000000E+00
  0.4666602E+01  0.1997361E+02 -0.3885544E+00  0.0000000E+00
 -0.1634418E+01  0.3040607E+01 -0.1624752E+01  0.0000000E+00
  0.8821202E+01 -0.1130287E+02 -0.1324793E+01  0.0000000E+00
  0.1487105E+02 -0.1988895E+02 -0.1163160E+01  0.0000000E+00
 -0.5682960E+00 -0.4362188E+00  0.2225901E-02  0.0000000E+00
  0.1784042E+00  0.8574026E+00 -0.5916308E-02  0.0000000E+00
 -0.3898074E+00 -0.3980914E+00  0.2684750E-01  0.0000000E+00
 -0.1411158E+01  0.1028223E+01 -0.4438362E-01  0.0000000E+00
  0.9246827E+01 -0.1642186E+01  0.1360115E+00  0.0000000E+00
 -0.4718355E+01  0.3429759E+01 -0.1321422E+01  0.0000000E+00
  0.2771613E+00 -0.2730896E+01 -0.3398382E+01  0.0000000E+00
 -0.2013380E+01 -0.1115126E+02 -0.2315694E+01  0.0000000E+00
 -0.5808688E+01  0.2391296E+01 -0.9675050E+00  0.0000000E+00
 -0.1098235E+02  0.4743892E+01 -0.5734452E+00  0.0000000E+00
 -0.1405325E+02  0.6273166E+01 -0.3275105E+00  0.0000000E+00
 -0.1082907E+00 -0.2442889E+00  0.2662264E-01  0.0000000E+00
 -0.7134230E+00  0.3737499E+00 -0.1446787E+00  0.0000000E+00
  0.1698479E+01 -0.6163978E+00  0.2257300E+00  0.0000000E+00
 -0.7575029E+00  0.8310180E+00 -0.3935133E+00  0.0000000E+00
  0.7205265E+01 -0.8092245E+00  0.7910725E+00  0.0000000E+00
 -0.7893808E+01  0.2153815E+01 -0.1894228E+01  0.0000000E+00
 -0.2438083E+01  0.3416397E+01 -0.2584232E+00  0.0000000E+00
  0.2253707E+01 -0.1013320E+02  0.1372203E+01  0.0000000E+00
  0.9001022E+01 -0.8299908E+01  0.2073135E+01  0.0000000E+00
  0.6125488E+01 -0.7533502E+01  0.1861295E+01  0.0000000E+00
  0.4517130E+01 -0.7064253E+01  0.1744957E+01  0.0000000E+00
  0.9842261E+01  0.4578299E+01 -0.2174592E-01  0.0000000E+00
 -0.1237789E+02 -0.3172628E+02 -0.2161259E+01  0.0000000E+00
  0.1872002E+02  0.2757106E+02  0.8891320E+00  0.0000000E+00
 -0.2651110E+02 -0.2256703E+02 -0.3846984E+01  0.0000000E+00
 -0.7612019E+01 -0.2347531E+02  0.5856440E+01  0.0000000E+00
  0.2162984E+02  0.1044943E+02 -0.2988750E+01  0.0000000E+00
  0.4829214E+02  0.1764707E+02  0.1558594E+01  0.0000000E+00
  0.4171481E+02 -0.2329648E+02 -0.4497111E+00  0.0000000E+00
  0.3717609E+02 -0.1047152E+02 -0.1975965E+01  0.0000000E+00
  0.2715372E+02 -0.3499257E+01 -0.2058039E+01  0.0000000E+00
  0.2123781E+02  0.7262848E+00 -0.2123293E+01  0.0000000E+00
  0.1580584E+02  0.2595686E+02  0.8595971E+00  0.0000000E+00
 -0.5867690E+02 -0.4044310E+02 -0.5355867E+01  0.0000000E+00
  0.5052209E+02  0.3050138E+02  0.5940314E+01  0.0000000E+00
 -0.1750924E+02  0.1165537E+02 -0.7589654E+01  0.0000000E+00
  0.1371343E+02 -0.4267973E+01  0.1733015E+02  0.0000000E+00
 -0.5594937E+02 -0.6903607E+01 -0.2267187E+01  0.0000000E+00
 -0.4158899E+02 -0.2162442E+02 -0.1031322E+01  0.0000000E+00
 -0.8287013E+02  0.2336811E+02  0.8086336E+00  0.0000000E+00
 -0.5363225E+02  0.9357987E+01  0.3651907E+01  0.0000000E+00
 -0.2734741E+02  0.3492570E+00  0.3392659E+01  0.0000000E+00
 -0.1163263E+02 -0.5080956E+01  0.3272959E+01  0.0000000E+00
 -0.1746329E+02  0.3818434E+01  0.2204596E+00  0.0000000E+00
  0.1442860E+02 -0.3866014E+02  0.3075874E+01  0.0000000E+00
  0.3603475E+01  0.3285173E+02 -0.4967470E+00  0.0000000E+00
 -0.4869620E+02 -0.4496300E+02  0.4188460E+01  0.0000000E+00
 -0.5517143E+01  0.9006825E+01 -0.7434299E+01  0.0000000E+00
 -0.8656437E+01 -0.4931170E+01  0.1011215E+01  0.0000000E+00
 -0.3854678E+00 -0.2014913E+01 -0.3152677E+00  0.0000000E+00
 -0.1216536E+02  0.1311107E+02  0.5153818E+01  0.0000000E+00
 -0.5691128E+01  0.6103894E+01  0.4372783E+01  0.0000000E+00
  0.4534507E+01 -0.1273209E+01  0.3177884E+01  0.0000000E+00
  0.1059369E+02 -0.5670909E+01  0.2469435E+01  0.0000000E+00
  0.6036704E+01  0.9487462E-01  0.1947266E-01  0.0000000E+00
 -0.3631560E+01 -0.3836212E+00 -0.1550711E-01  0.0000000E+00
  0.8805872E+00  0.9208672E+00  0.3901528E-01  0.0000000E+00
 -0.2575206E+01 -0.1019734E+01 -0.6877818E-01  0.0000000E+00
  0.1488618E+02  0.9305785E+00  0.1719917E+00  0.0000000E+00
 -0.1248689E+02 -0.1651746E+01 -0.1072012E+01  0.0000000E+00
  0.1897934E+02  0.5994665E+01  0.9713479E+00  0.0000000E+00
  0.3955538E+02 -0.5579743E+01 -0.1596028E+01  0.0000000E+00
  0.2841256E+02 -0.7565389E+01 -0.2316449E+01  0.0000000E+00
  0.1055626E+02 -0.4373035E+01 -0.2059183E+01  0.0000000E+00
 -0.2116332E-01 -0.2526444E+01 -0.1916536E+01  0.0000000E+00
 -0.9895746E+00 -0.1634945E+00 -0.5707166E-04  0.0000000E+00
  0.5267340E+01  0.4957746E-01 -0.3827289E-01  0.0000000E+00
 -0.5494998E+01  0.4990834E-01  0.2888671E-01  0.0000000E+00
  0.8726890E+01  0.1392168E+00 -0.5232227E-01  0.0000000E+00
  0.4441471E+01  0.8714379E+00 -0.3794917E-02  0.0000000E+00
 -0.1114653E+02 -0.4329286E+01  0.5898529E+00  0.0000000E+00
 -0.9392212E+01  0.7761630E+01 -0.1211437E+01  0.0000000E+00
  0.7920544E+01 -0.6231231E+01 -0.4444149E+01  0.0000000E+00
 -0.6361940E+00  0.1949869E+01 -0.2962834E+01  0.0000000E+00
  0.5062224E+00  0.4291658E+01 -0.1650917E+01  0.0000000E+00
  0.1079024E+01  0.5754744E+01 -0.8660004E+00  0.0000000E+00
  0.5673606E+00 -0.1198158E+00 -0.9675302E-04  0.0000000E+00
 -0.6982805E+01 -0.3664509E-01 -0.6617809E-01  0.0000000E+00
  0.6871591E+01  0.1305564E+00  0.1200135E+00  0.0000000E+00
 -0.1602973E+01 -0.5088750E+00 -0.1600947E+00  0.0000000E+00
 -0.8558189E+01  0.1357660E+01  0.2467873E+00  0.0000000E+00
 -0.2715358E+00 -0.2237956E+00  0.1180268E+00  0.0000000E+00
 -0.9456657E+00  0.5395578E+01 -0.1422385E+00  0.0000000E+00
 -0.1877852E+02 -0.1304660E+00  0.1146727E+01  0.0000000E+00
 -0.1768265E+02  0.6165523E+01  0.3496566E+00  0.0000000E+00
 -0.1895399E+02  0.9387242E+01  0.4276828E+00  0.0000000E+00
 -0.1968783E+02  0.1134371E+02  0.4642268E+00  0.0000000E+00
  0.1015658E+01  0.4996091E+00 -0.5477697E-02  0.0000000E+00
 -0.4705302E+01 -0.8101796E+00  0.1491873E-01  0.0000000E+00
  0.6883240E+01  0.1132882E+01 -0.2795702E-01  0.0000000E+00
 -0.1110681E+02 -0.1602468E+01  0.5426513E-01  0.0000000E+00
 -0.4191385E+01  0.1855510E+01 -0.5525388E-01  0.0000000E+00
  0.4321362E+01 -0.2564393E+01  0.1270483E+00  0.0000000E+00
 -0.6863167E+01 -0.4117001E+00  0.4860011E+00  0.0000000E+00
  0.4508148E+01  0.1241125E+01  0.2799639E+00  0.0000000E+00
  0.5451669E+01 -0.3382209E+01 -0.3710822E+00  0.0000000E+00
 -0.7091255E+00  0.5237514E+00 -0.1148946E+01  0.0000000E+00
 -0.4305022E+01  0.2758137E+01 -0.1611740E+01  0.0000000E+00
 -0.2167903E+01  0.9368729E-01 -0.1581946E-01  0.0000000E+00
  0.3365890E+01 -0.4713923E-01  0.6008775E-01  0.0000000E+00
 -0.6560874E+01 -0.8793781E-01 -0.1009000E+00  0.0000000E+00
  0.3559621E+01 -0.3108019E+00  0.1748038E+00  0.0000000E+00
  0.2771593E+01 -0.5897344E-01 -0.3003395E+00  0.0000000E+00
  0.8760636E+00 -0.3136537E+01  0.6458680E+00  0.0000000E+00
 -0.1138819E+02 -0.4893552E+01 -0.6718211E-01  0.0000000E+00
 -0.2092091E+01  0.3167200E+01 -0.7513217E+00  0.0000000E+00
  0.2541831E+01  0.2772407E+01  0.2394451E+00  0.0000000E+00
  0.2307675E+01 -0.1719838E+01  0.7004410E+00  0.0000000E+00
  0.2223336E+01 -0.4353786E+01  0.9815443E+00  0.0000000E+00
  0.1974994E+01 -0.3021556E+00  0.1465037E-01  0.0000000E+00
 -0.1016185E+01  0.9444751E+00 -0.3012563E-01  0.0000000E+00
 -0.1080853E+01 -0.1555111E+01  0.8415395E-01  0.0000000E+00
  0.4184802E+01  0.2143360E+01 -0.1537935E+00  0.0000000E+00
  0.2760035E+01 -0.2636131E+01  0.2672755E+00  0.0000000E+00
  0.1886589E+01  0.6309783E+01 -0.8243694E+00  0.0000000E+00
  0.1046434E+02 -0.4493709E+01  0.1079047E+01  0.0000000E+00
 -0.2051870E+01 -0.5598076E+01  0.3151964E+00  0.0000000E+00
 -0.1988025E+01 -0.1818708E+01  0.4300639E+00  0.0000000E+00
 -0.6076349E+01 -0.2448707E+01  0.1186914E+01  0.0000000E+00
 -0.8469598E+01 -0.2775663E+01  0.1631173E+01  0.0000000E+00
  0.2544962E+02  0.6357530E+01 -0.3823488E+00  0.0000000E+00
 -0.1522163E+03 -0.6378228E+02 -0.3213385E+00  0.0000000E+00
  0.9577661E+02  0.1480147E+02  0.2698363E+01  0.0000000E+00
 -0.3570889E+02  0.1615450E+02 -0.6125426E+01  0.0000000E+00
  0.6978625E+02  0.6084241E+01  0.4707146E+01  0.0000000E+00
  0.1780180E+02  0.8157103E+01 -0.1465174E+01  0.0000000E+00
  0.2341345E+02 -0.8939869E+01  0.8499025E+00  0.0000000E+00
  0.8381133E+01  0.4570865E+01  0.1895599E+01  0.0000000E+00
  0.2959516E+01  0.5881479E+01  0.2501088E+01  0.0000000E+00
 -0.2538130E+01  0.9233452E+01  0.9218704E+00  0.0000000E+00
 -0.5816908E+01  0.1120931E+02  0.4067779E-02  0.0000000E+00
  0.1140557E+03  0.5880116E+02 -0.9893794E+00  0.0000000E+00
 -0.1834036E+03 -0.6078208E+02  0.2232274E+01  0.0000000E+00
  0.9333262E+02  0.2582023E+02  0.1188852E+01  0.0000000E+00
 -0.2018221E+02 -0.1931449E+01 -0.5126879E+01  0.0000000E+00
  0.6752074E+02 -0.1910347E+02  0.5945762E+01  0.0000000E+00
 -0.1938266E+02  0.1575801E+02 -0.4536013E+01  0.0000000E+00
 -0.2534657E+02  0.4360233E+01  0.8334672E+00  0.0000000E+00
 -0.1650527E+02 -0.3740137E+01 -0.2208285E+01  0.0000000E+00
 -0.1474832E+02 -0.5208394E+01 -0.1289139E+01  0.0000000E+00
 -0.1173778E+02 -0.7294549E+01  0.1262583E+01  0.0000000E+00
 -0.9956102E+01 -0.8531382E+01  0.2767094E+01  0.0000000E+00
 -0.4638953E+01 -0.8999688E+01  0.1013532E+00  0.0000000E+00
 -0.6899111E+02 -0.3606690E+02  0.7385248E+00  0.0000000E+00
  0.9559492E+02  0.4562851E+02 -0.3987286E+01  0.0000000E+00
 -0.4747901E+02 -0.1521995E+02  0.6623007E+01  0.0000000E+00
 -0.2208127E+02  0.1910788E+01 -0.8870716E+01  0.0000000E+00
 -0.4286690E+01 -0.1316786E+02  0.3040542E+01  0.0000000E+00
  0.1722083E+02  0.7464709E+01 -0.1177851E+01  0.0000000E+00
  0.4454602E+01  0.7102127E+01 -0.1849261E+01  0.0000000E+00
 -0.5175018E+01  0.1649296E+02 -0.8604070E+00  0.0000000E+00
 -0.7832958E+01  0.1780566E+02 -0.1429968E+01  0.0000000E+00
 -0.9497291E+01  0.1867927E+02 -0.1752598E+01  0.0000000E+00
 -0.1379928E+02 -0.1474798E+00  0.1125943E-01  0.0000000E+00
  0.1297387E+02  0.1165822E+01 -0.1124784E+00  0.0000000E+00
 -0.8554490E+01 -0.2768735E+00  0.2144065E+00  0.0000000E+00
  0.3906676E+01  0.1100232E+01 -0.3256517E+00  0.0000000E+00
 -0.2992085E+01 -0.1367058E+01  0.5748009E+00  0.0000000E+00
  0.3142989E+01  0.4462794E+01 -0.8399659E+00  0.0000000E+00
 -0.5011078E+01  0.4473420E+01 -0.1294033E+00  0.0000000E+00
 -0.6665251E+01 -0.6894814E+01  0.8716861E+00  0.0000000E+00
  0.1728797E+01 -0.3855511E+01 -0.2562356E+00  0.0000000E+00
  0.7494597E+01 -0.6094992E+01 -0.2562313E+00  0.0000000E+00
  0.1096438E+02 -0.7371568E+01 -0.2690397E+00  0.0000000E+00
  0.7433979E+01 -0.1089945E+00  0.2474993E-01  0.0000000E+00
  0.7634730E+01 -0.4993377E+00 -0.4777027E-01  0.0000000E+00
 -0.7485748E+01  0.1038386E+01  0.9732072E-02  0.0000000E+00
  0.5438849E+01 -0.1885460E+01  0.2112201E-01  0.0000000E+00
  0.2281919E+01  0.2677655E+01 -0.9792724E-01  0.0000000E+00
 -0.3309467E+00 -0.5076039E+01  0.7082337E+00  0.0000000E+00
 -0.1663640E+02  0.4791461E+01  0.1989640E+01  0.0000000E+00
 -0.1900658E+02 -0.5995965E+01  0.3740649E+01  0.0000000E+00
 -0.1721664E+02 -0.1226577E+02  0.1358572E+01  0.0000000E+00
 -0.1502126E+02 -0.1197001E+02  0.1320111E+01  0.0000000E+00
 -0.1371607E+02 -0.1186703E+02  0.1271235E+01  0.0000000E+00
 -0.2094954E+01 -0.1041840E+00 -0.1876087E-02  0.0000000E+00
 -0.1149962E+01  0.3141024E+00  0.4276008E-01  0.0000000E+00
 -0.3044845E+01  0.9429522E+00 -0.1188279E+00  0.0000000E+00
 -0.6948519E+01 -0.8976317E+00  0.2182230E+00  0.0000000E+00
  0.5254685E+01  0.4331698E+00 -0.3502775E+00  0.0000000E+00
 -0.1097574E+01 -0.2711203E+01  0.1434464E-02  0.0000000E+00
  0.1455071E+02  0.2418189E+01 -0.1402943E+01  0.0000000E+00
  0.1931640E+02  0.3098511E+01 -0.3015402E+01  0.0000000E+00
  0.1754978E+02  0.1896439E+01 -0.8307130E+00  0.0000000E+00
  0.1082528E+02  0.7330372E+01 -0.9335933E-01  0.0000000E+00
  0.6869410E+01  0.1049706E+02  0.3627977E+00  0.0000000E+00
  0.1811927E+01 -0.2823897E+00 -0.1992129E-01  0.0000000E+00
 -0.3002690E+01  0.6104544E+00  0.5482085E-01  0.0000000E+00
  0.3291511E+01 -0.9140035E+00 -0.4606488E-01  0.0000000E+00
 -0.7149840E+01  0.2097733E+01  0.8019448E-01  0.0000000E+00
  0.8959896E+00 -0.3030595E+01  0.4220296E-02  0.0000000E+00
  0.2037314E+01  0.2704231E+01 -0.6912989E+00  0.0000000E+00
 -0.5850814E+00 -0.5445541E+01 -0.9734559E+00  0.0000000E+00
  0.2800169E+01  0.1035448E+01 -0.1345641E+00  0.0000000E+00
  0.8636043E+01  0.2950685E+01  0.7113707E+00  0.0000000E+00
  0.1056289E+02  0.1911594E+00  0.7939065E+00  0.0000000E+00
  0.1175687E+02 -0.1402346E+01  0.8515873E+00  0.0000000E+00
  0.1111560E+01 -0.1832887E+00  0.1386588E-02  0.0000000E+00
  0.4380614E+00  0.4391502E+00 -0.7821583E-01  0.0000000E+00
 -0.1804370E+00  0.5642071E+00  0.7019893E-01  0.0000000E+00
  0.1631298E+01 -0.1039929E+01 -0.1262657E+00  0.0000000E+00
 -0.2275501E+01  0.2259131E+01  0.1964238E+00  0.0000000E+00
  0.4166853E+01 -0.3516665E+01  0.1935727E+00  0.0000000E+00
 -0.1553897E+01  0.8219208E+00  0.2451833E+01  0.0000000E+00
 -0.2246576E+01  0.1718934E+01  0.1809651E+01  0.0000000E+00
 -0.5539500E+01 -0.3417899E+01  0.2000761E+00  0.0000000E+00
 -0.3270425E+01 -0.2838768E+01 -0.9304069E+00  0.0000000E+00
 -0.1979975E+01 -0.2557196E+01 -0.1610379E+01  0.0000000E+00
 -0.1170568E+01  0.4291357E-01 -0.3779307E-02  0.0000000E+00
  0.1319192E+01  0.5263342E+00  0.2315620E-01  0.0000000E+00
 -0.3507170E+01  0.1835372E+00 -0.1862857E-01  0.0000000E+00
  0.2821743E+01 -0.3607407E+00  0.9299068E-02  0.0000000E+00
  0.4751006E+01  0.5587360E+00 -0.1194274E+00  0.0000000E+00
 -0.1122172E+02  0.1249322E+01  0.7896131E+00  0.0000000E+00
  0.6012430E+01 -0.2588357E+01 -0.1162481E+01  0.0000000E+00
  0.1464711E+02  0.7188128E+01 -0.1779162E+01  0.0000000E+00
  0.1367180E+02  0.2597311E+01 -0.6743772E+00  0.0000000E+00
  0.1201605E+02  0.3815134E+01 -0.4199279E+00  0.0000000E+00
  0.1103507E+02  0.4476715E+01 -0.2586890E+00  0.0000000E+00
  0.1234247E+02 -0.5635701E+01 -0.1417925E+00  0.0000000E+00
 -0.2281935E+01  0.2031390E+01  0.5730747E+00  0.0000000E+00
  0.1173236E+02  0.6698744E+01  0.1466245E+00  0.0000000E+00
 -0.1327987E+02 -0.1490918E+02  0.3086530E+01  0.0000000E+00
  0.2369203E+02  0.1680815E+01 -0.8959676E+01  0.0000000E+00
 -0.1617535E+02  0.7489255E+01  0.1713058E+01  0.0000000E+00
  0.2009431E+01  0.4529497E+01 -0.8024308E+00  0.0000000E+00
  0.2274467E+02  0.3387515E+00 -0.2518619E+01  0.0000000E+00
  0.1304879E+02 -0.5462052E-01 -0.1777288E+01  0.0000000E+00
  0.4234744E+01 -0.5158799E+00 -0.1026146E+01  0.0000000E+00
 -0.1032510E+01 -0.7902919E+00 -0.5780525E+00  0.0000000E+00
 -0.1923317E+01 -0.3813991E+01 -0.2144617E+00  0.0000000E+00
 -0.1769104E+02 -0.1004238E+01  0.7349869E-01  0.0000000E+00
  0.1890686E+02 -0.9735621E+01 -0.1174621E+01  0.0000000E+00
 -0.2320108E+02 -0.3186093E+01  0.3542116E+01  0.0000000E+00
 -0.2972294E+01 -0.5252732E+01 -0.1130741E+02  0.0000000E+00
  0.6245345E+01 -0.5904616E+00 -0.2300823E+01  0.0000000E+00
 -0.1133633E+02 -0.1568835E+02  0.1790143E+01  0.0000000E+00
 -0.3374826E+02  0.3534721E+00  0.2950967E+01  0.0000000E+00
 -0.1991933E+02  0.4674124E+00  0.2636075E+01  0.0000000E+00
 -0.2962775E+01 -0.7342595E+00  0.2495652E+01  0.0000000E+00
  0.7117412E+01 -0.1436602E+01  0.2409948E+01  0.0000000E+00
 -0.8933113E+01 -0.4830475E+01  0.5793237E+00  0.0000000E+00
  0.1137113E+02 -0.6894231E+01 -0.9816752E+00  0.0000000E+00
 -0.5984222E+01  0.6949852E+01  0.3785514E+01  0.0000000E+00
  0.7321064E+01 -0.1162132E+02 -0.5829881E+01  0.0000000E+00
 -0.1025964E+02  0.4013340E+01  0.5714175E+01  0.0000000E+00
  0.1440521E+02 -0.6140134E+01  0.5231384E+00  0.0000000E+00
 -0.1515345E+02 -0.1146675E+01 -0.5029575E+00  0.0000000E+00
 -0.2628009E+01 -0.5499786E+01 -0.7661118E+00  0.0000000E+00
 -0.7873413E+00 -0.3816192E+01 -0.2272562E+00  0.0000000E+00
  0.9538823E+00 -0.7419665E+01  0.9117128E+00  0.0000000E+00
  0.1994774E+01 -0.9509307E+01  0.1584551E+01  0.0000000E+00
 -0.1582881E+01  0.2939121E+00  0.8528762E-02  0.0000000E+00
 -0.3556037E+01 -0.9340211E+00  0.1784304E-01  0.0000000E+00
 -0.4891907E+01  0.1616018E+00 -0.5898595E-02  0.0000000E+00
  0.6737899E+01 -0.5408350E+00  0.3667212E-01  0.0000000E+00
 -0.2375976E+01  0.8876181E+00 -0.9598900E-01  0.0000000E+00
  0.2178780E+01 -0.1552393E+00  0.4897517E+00  0.0000000E+00
  0.8639411E+01  0.1033370E+02  0.1934233E+00  0.0000000E+00
  0.1734524E+02  0.3868669E+01  0.6500776E+00  0.0000000E+00
  0.9920616E+01  0.6016398E-01  0.2455160E+00  0.0000000E+00
 -0.1949168E+01  0.2322302E+01 -0.1116716E+01  0.0000000E+00
 -0.8981269E+01  0.3603989E+01 -0.1918819E+01  0.0000000E+00
  0.5952471E+01 -0.4796950E-01  0.1794207E-01  0.0000000E+00
 -0.1700996E+01 -0.8539388E+00  0.3670446E-01  0.0000000E+00
 -0.9274459E-01  0.8291857E+00 -0.4044960E-01  0.0000000E+00
  0.3187657E+01 -0.1931834E+01  0.9400595E-01  0.0000000E+00
 -0.3539133E+01  0.3874960E+01 -0.1281408E+00  0.0000000E+00
  0.5753957E+01 -0.4243357E+01  0.3789197E+00  0.0000000E+00
  0.2345671E+02  0.1991207E+01 -0.8871118E-01  0.0000000E+00
  0.4710271E+01  0.5084994E+01  0.6187282E+00  0.0000000E+00
 -0.1140481E+01 -0.1438593E+01 -0.1586114E+00  0.0000000E+00
  0.1789869E+01 -0.1087771E+01 -0.3479542E+00  0.0000000E+00
  0.3439193E+01 -0.9560783E+00 -0.4674386E+00  0.0000000E+00
  0.1112915E+00 -0.3424502E-01  0.8554638E-02  0.0000000E+00
 -0.1260439E+01 -0.2973451E+00 -0.1819485E-01  0.0000000E+00
  0.4449408E+00 -0.6406854E+00  0.1361393E-01  0.0000000E+00
  0.3321143E+01  0.2800522E+00 -0.4042325E-01  0.0000000E+00
 -0.6948057E+01 -0.1235144E+00  0.1196010E+00  0.0000000E+00
  0.6722933E+00  0.1597342E+01 -0.4259041E+00  0.0000000E+00
  0.3886164E+00 -0.7440643E+01 -0.1379353E+01  0.0000000E+00
 -0.1068880E+02 -0.2080172E+01 -0.1556527E+01  0.0000000E+00
 -0.6948402E+01  0.6572289E+00 -0.7627582E+00  0.0000000E+00
 -0.3163608E+01 -0.1475318E+01 -0.4887188E-01  0.0000000E+00
 -0.9062516E+00 -0.2692996E+01  0.3779437E+00  0.0000000E+00
  0.4329219E+00  0.4053378E-01 -0.5890545E-02  0.0000000E+00
  0.2388329E+00  0.6476552E+00 -0.4958146E-01  0.0000000E+00
  0.1634918E-01 -0.7771443E+00  0.6541752E-01  0.0000000E+00
 -0.1279829E+01  0.1569217E+01 -0.1342507E+00  0.0000000E+00
  0.4196487E+01 -0.2591966E+01  0.2648261E+00  0.0000000E+00
  0.3014631E+01  0.2782195E+01 -0.6342683E+00  0.0000000E+00
 -0.2031196E+02  0.1256990E+01  0.7096531E+00  0.0000000E+00
 -0.7742965E+01 -0.3754246E+01  0.9109949E+00  0.0000000E+00
 -0.3499066E+01  0.2626747E+01  0.8890250E+00  0.0000000E+00
 -0.3286875E+01  0.7207419E+01  0.3144977E+00  0.0000000E+00
 -0.3114725E+01  0.9960265E+01 -0.2214797E-01  0.0000000E+00
 -0.8594269E+00  0.1447504E+00  0.3317676E-02  0.0000000E+00
 -0.6221872E+00 -0.3607072E+00  0.3030553E-01  0.0000000E+00
  0.1488038E+01 -0.1986634E+00 -0.1863838E-01  0.0000000E+00
 -0.3378844E+01  0.5902879E+00  0.2152696E-01  0.0000000E+00
  0.1316051E+02 -0.4327401E+00 -0.7252184E-01  0.0000000E+00
 -0.5374971E+01 -0.2571508E+01  0.3973201E+00  0.0000000E+00
 -0.3789763E+01  0.4793630E+01  0.1370704E+01  0.0000000E+00
  0.6642963E+01  0.2630399E+00 -0.5317325E+00  0.0000000E+00
  0.8523302E+01  0.1319024E+01 -0.3520303E+00  0.0000000E+00
  0.4430358E+01 -0.1414998E+01  0.1275958E+00  0.0000000E+00
  0.2055500E+01 -0.3003831E+01  0.4104290E+00  0.0000000E+00
 -0.1780282E+01 -0.4529619E-02  0.5636532E-02  0.0000000E+00
  0.7712094E+00 -0.2030596E+00  0.2921038E-01  0.0000000E+00
 -0.9250024E+00  0.6695101E+00 -0.1017586E+00  0.0000000E+00
  0.1181282E+01 -0.1882200E+01  0.1835004E+00  0.0000000E+00
 -0.6223846E+01  0.2415067E+01 -0.3839628E+00  0.0000000E+00
  0.3889620E+01 -0.4361957E+01  0.7976719E+00  0.0000000E+00
  0.8518043E+01 -0.1711775E+01 -0.1105992E+01  0.0000000E+00
  0.7472104E+01 -0.9875857E+00 -0.1483606E+01  0.0000000E+00
  0.8350007E+01  0.6680065E+00 -0.5507604E+00  0.0000000E+00
  0.4623442E+01 -0.1674520E+01 -0.3085644E+00  0.0000000E+00
  0.2451033E+01 -0.3027106E+01 -0.1564776E+00  0.0000000E+00
  0.2299900E+02 -0.1201940E+01 -0.1125379E-01  0.0000000E+00
 -0.6815901E+02 -0.2388857E+02  0.5246164E+00  0.0000000E+00
  0.6088976E+02 -0.1424038E+02 -0.2493406E+01  0.0000000E+00
 -0.3455358E+02  0.1155832E+02  0.5164536E+01  0.0000000E+00
  0.6357690E+01 -0.7781460E+01 -0.4749860E+01  0.0000000E+00
 -0.1493706E+02 -0.4116914E+01  0.1043995E+01  0.0000000E+00
 -0.5127873E+01  0.7189254E+00  0.5106006E+00  0.0000000E+00
 -0.3044312E+01 -0.4060546E+01 -0.2743575E+00  0.0000000E+00
 -0.1790195E+01 -0.4312767E+01 -0.1389762E+01  0.0000000E+00
 -0.1109685E+01 -0.2949752E+01 -0.1153230E+01  0.0000000E+00
 -0.6973515E+00 -0.2153559E+01 -0.1027208E+01  0.0000000E+00
  0.2989119E+02  0.1551143E+02  0.2677699E+00  0.0000000E+00
 -0.6954610E+02 -0.5329634E+02  0.5274711E-01  0.0000000E+00
  0.2424218E+02  0.1054278E+02 -0.2566621E+01  0.0000000E+00
 -0.9860145E+01  0.3093467E+02  0.5026827E+01  0.0000000E+00
 -0.2065004E+02 -0.2392899E+02 -0.3421529E+01  0.0000000E+00
  0.7706840E+01  0.1179905E+02  0.1061747E+01  0.0000000E+00
  0.1029497E+02 -0.4798687E+01 -0.1154826E+01  0.0000000E+00
  0.4757319E+01  0.3900174E+01  0.1190162E+01  0.0000000E+00
  0.3509545E+01  0.3703876E+01  0.2084209E+01  0.0000000E+00
 -0.6516975E+00  0.3804732E+01  0.2150800E+01  0.0000000E+00
 -0.3101489E+01  0.3860724E+01  0.2199654E+01  0.0000000E+00
 -0.3219803E+01 -0.6420258E+01  0.9571164E+00  0.0000000E+00
 -0.2672884E+02 -0.8530456E+01 -0.2209141E+01  0.0000000E+00
  0.5419229E+02  0.5279496E+01  0.1710181E+01  0.0000000E+00
 -0.3843036E+02 -0.1049302E+02 -0.2008844E+01  0.0000000E+00
  0.1503133E+02 -0.1188965E+01  0.3493445E+01  0.0000000E+00
  0.4953654E+01  0.9708344E+01 -0.1639004E+01  0.0000000E+00
 -0.1416140E+02 -0.5505251E+01  0.3006712E+01  0.0000000E+00
 -0.1090592E+01 -0.1644108E+01  0.1227860E+00  0.0000000E+00
 -0.2033278E+01 -0.6927302E+00 -0.3010131E+00  0.0000000E+00
 -0.3517950E+01  0.1588287E+01  0.4047932E+00  0.0000000E+00
 -0.4397758E+01  0.2936065E+01  0.8132534E+00  0.0000000E+00
 -0.4070239E+01  0.4758444E-01  0.4896618E-02  0.0000000E+00
  0.2286351E+01  0.5941633E+00 -0.5826139E-03  0.0000000E+00
  0.1465170E+01  0.3030373E+00  0.1244277E-01  0.0000000E+00
  0.6060692E+00 -0.5566182E+00 -0.6734896E-02  0.0000000E+00
  0.2512006E+01  0.5956189E+00 -0.8784120E-01  0.0000000E+00
  0.6829108E+00 -0.2579105E+01  0.1139975E+01  0.0000000E+00
  0.5262265E+00  0.3828487E+00 -0.6098733E+00  0.0000000E+00
 -0.7200900E+01  0.6688892E+01 -0.3637989E+00  0.0000000E+00
 -0.5253896E+01  0.2118187E+01 -0.6856012E+00  0.0000000E+00
  0.2398160E+01 -0.5250606E+00 -0.1097273E+01  0.0000000E+00
  0.6899727E+01 -0.2124729E+01 -0.1341879E+01  0.0000000E+00
 -0.4805106E+01  0.8759335E-04  0.1706481E-01  0.0000000E+00
  0.3235442E+01  0.6933867E-02  0.2532287E-01  0.0000000E+00
 -0.1301278E+01  0.3226287E+00 -0.3690391E-01  0.0000000E+00
  0.6841049E+00 -0.2225103E-01  0.4013424E-02  0.0000000E+00
 -0.1350919E+01  0.4704933E+00 -0.5299166E-01  0.0000000E+00
  0.3825914E+01 -0.3830666E+00  0.5196044E-01  0.0000000E+00
  0.1013107E+02  0.8454799E+01 -0.2401124E+01  0.0000000E+00
 -0.3146151E+01 -0.7736336E+00 -0.6929276E+00  0.0000000E+00
 -0.5447907E+01  0.1526148E+01 -0.6850777E+00  0.0000000E+00
 -0.3246331E+01  0.1751299E+01 -0.9615916E+00  0.0000000E+00
 -0.1982933E+01  0.1907925E+01 -0.1123423E+01  0.0000000E+00
  0.1314144E+00 -0.3393677E+00  0.7253030E-02  0.0000000E+00
 -0.2916076E+01  0.6232828E+00  0.9105133E-01  0.0000000E+00
  0.2816355E+01  0.3296502E+00 -0.7723651E-01  0.0000000E+00
 -0.4747500E+01 -0.1667235E+00  0.1044460E+00  0.0000000E+00
  0.7857752E+01 -0.2012357E+00 -0.1241950E+00  0.0000000E+00
 -0.6770375E+00  0.2036054E+01 -0.2272649E+00  0.0000000E+00
 -0.3571389E+01  0.2042970E+01  0.1606417E+00  0.0000000E+00
  0.2448554E+01 -0.9306304E+01 -0.6485310E+00  0.0000000E+00
  0.4268861E+01  0.1515494E+00 -0.4042162E+00  0.0000000E+00
 -0.7016515E-01  0.4164823E+00 -0.6001489E-01  0.0000000E+00
 -0.2590013E+01  0.6783207E+00  0.1442394E+00  0.0000000E+00
  0.3878160E+00 -0.1444295E+00 -0.1519030E-01  0.0000000E+00
  0.1398442E+01  0.2074043E-01  0.2625994E-01  0.0000000E+00
 -0.3769777E+01  0.3786507E+00 -0.2276886E-01  0.0000000E+00
  0.4506382E+00 -0.8154831E+00  0.5683904E-01  0.0000000E+00
 -0.5210984E+01  0.1278424E+01 -0.8313898E-02  0.0000000E+00
 -0.6627106E+01 -0.1325419E+01 -0.3276727E+00  0.0000000E+00
  0.1667277E+01  0.1701277E+00  0.1159809E+01  0.0000000E+00
  0.1253013E+01  0.3564749E+01  0.6695804E+00  0.0000000E+00
  0.2646291E+01  0.9728388E+00  0.7168745E+00  0.0000000E+00
  0.4069301E+01 -0.6454194E+00  0.4942805E+00  0.0000000E+00
  0.4917655E+01 -0.1622123E+01  0.3644083E+00  0.0000000E+00
  0.6011865E+00 -0.1845420E+00 -0.6503498E-02  0.0000000E+00
  0.2158677E+01  0.4209219E+00 -0.5823548E-01  0.0000000E+00
 -0.6690008E+01  0.6318570E-01  0.8396131E-01  0.0000000E+00
  0.1085885E+02  0.2565842E+00 -0.1353191E+00  0.0000000E+00
 -0.1009956E+02 -0.2908722E+00  0.2548546E+00  0.0000000E+00
  0.1961667E+01 -0.7651760E+00 -0.6741220E+00  0.0000000E+00
  0.1599585E+00 -0.9749805E+00 -0.3058556E-01  0.0000000E+00
  0.5600346E+01  0.3296639E+01  0.1179434E+01  0.0000000E+00
  0.4772084E+01 -0.3634950E+01  0.5084645E+00  0.0000000E+00
  0.2805006E+01 -0.2292442E+01  0.1920841E+00  0.0000000E+00
  0.1644536E+01 -0.1584452E+01 -0.6021022E-03  0.0000000E+00
  0.1464867E+01 -0.1731953E+00 -0.2726461E-02  0.0000000E+00
 -0.7179088E+00  0.3386963E+00 -0.8132972E-02  0.0000000E+00
  0.2175194E+01 -0.3710864E+00  0.1731731E-01  0.0000000E+00
 -0.4804596E+00  0.5293609E+00  0.1880760E-01  0.0000000E+00
  0.3917059E+01 -0.1237165E+01 -0.1362128E+00  0.0000000E+00
  0.1242181E+01  0.9216287E+00  0.4433112E+00  0.0000000E+00
 -0.6934264E+01 -0.3360146E+01 -0.7150729E+00  0.0000000E+00
 -0.2171082E+00 -0.2833637E+01  0.6300369E+00  0.0000000E+00
  0.1636755E+01 -0.8388285E+00  0.5229806E+00  0.0000000E+00
 -0.8093555E+00 -0.2065017E+00  0.4876344E+00  0.0000000E+00
 -0.2220819E+01  0.1865768E+00  0.4659127E+00  0.0000000E+00
