  4  2   693 10944  4  4  9 11  7  1    0.00   24.00  100.00  600.00    0.00    6.28   45.00   45.00
  100.0  100.0  100.0  100.0  125.0  150.0  190.0  230.0  275.0  350.0  450.0  600.0  600.0  600.0  600.0
 -0.1376734E+02 -0.1523321E+01 -0.1371399E+01  0.0000000E+00
 -0.1680188E+02 -0.3799864E+02 -0.4251031E+00  0.0000000E+00
 -0.4134311E+02 -0.2023962E+02 -0.2824995E+01  0.0000000E+00
  0.2761414E+02  0.1198912E+02  0.1350102E+01  0.0000000E+00
 -0.2788200E+02  0.3225746E+01  0.8445410E+00  0.0000000E+00
 -0.4951279E+01  0.8729243E+01  0.8285794E+00  0.0000000E+00
 -0.1607831E+02  0.1087317E+01  0.3376752E+00  0.0000000E+00
 -0.9941448E+01  0.3314677E+01  0.4046527E+00  0.0000000E+00
 -0.9232584E+01  0.3875014E+01  0.1043304E+00  0.0000000E+00
 -0.6506722E+01  0.1296064E+01 -0.3131806E+00  0.0000000E+00
 -0.4903245E+01 -0.2072810E+00 -0.5609298E+00  0.0000000E+00
  0.4560451E+01  0.6260455E+01  0.1756661E+01  0.0000000E+00
  0.7144565E+02  0.1811344E+01 -0.4583884E+01  0.0000000E+00
 -0.4961620E+02 -0.1942382E+02  0.2607735E+01  0.0000000E+00
  0.7402974E+02  0.5647273E+01 -0.4696178E+01  0.0000000E+00
 -0.1509976E+02 -0.6669264E+01  0.3698676E+01  0.0000000E+00
  0.1986619E+02 -0.1239972E+01 -0.8724964E+00  0.0000000E+00
  0.4157681E+01  0.1254842E+01 -0.7277182E+00  0.0000000E+00
  0.5916652E+01  0.7825356E+01 -0.6595445E+00  0.0000000E+00
 -0.4681576E+01  0.1019522E+02 -0.4355906E+00  0.0000000E+00
 -0.9094351E+01  0.9397416E+01 -0.2456707E+00  0.0000000E+00
 -0.1179693E+02  0.8957119E+01 -0.1319083E+00  0.0000000E+00
  0.3547100E+02  0.2143262E+02  0.2981094E+00  0.0000000E+00
 -0.3023495E+02  0.1259227E+01  0.3514556E+01  0.0000000E+00
  0.5753288E+02  0.5372638E+01 -0.8280792E+00  0.0000000E+00
 -0.5850640E+02  0.2062081E+01 -0.6512460E-01  0.0000000E+00
 -0.1141174E+01  0.3741043E+01  0.3984304E+00  0.0000000E+00
 -0.2135956E+02 -0.8584692E+00  0.4168799E+00  0.0000000E+00
 -0.4757519E+01  0.1558896E+01 -0.1250562E-01  0.0000000E+00
 -0.8093144E+01  0.5343698E-01 -0.2552818E+00  0.0000000E+00
 -0.1452990E+01 -0.3632377E+01 -0.4512338E+00  0.0000000E+00
  0.3938306E+01 -0.7162233E+01 -0.7140049E+00  0.0000000E+00
  0.7169097E+01 -0.9269833E+01 -0.8700589E+00  0.0000000E+00
 -0.1243579E+01  0.9566301E+00  0.5040553E-02  0.0000000E+00
 -0.3084949E+01  0.7861251E+00 -0.2335897E-01  0.0000000E+00
  0.9968003E+00  0.2904780E+01  0.2840313E-01  0.0000000E+00
 -0.5471543E+00 -0.1402217E+01 -0.4310518E-01  0.0000000E+00
  0.1622230E+00  0.6868873E+00  0.4872416E-01  0.0000000E+00
  0.1420210E+01  0.2012601E-02 -0.7783962E-01  0.0000000E+00
  0.1460404E+01  0.1837192E+01 -0.4437977E+00  0.0000000E+00
 -0.7602705E+00  0.3418251E+01  0.9868607E-01  0.0000000E+00
 -0.2136252E+01  0.2501675E+01  0.2934711E+00  0.0000000E+00
 -0.2879208E+01  0.2232257E+01  0.4616116E+00  0.0000000E+00
 -0.3329558E+01  0.2064297E+01  0.5622317E+00  0.0000000E+00
 -0.1502570E+01 -0.2755582E+01 -0.7105181E-02  0.0000000E+00
  0.3660123E+01  0.6392298E+00  0.5271684E-02  0.0000000E+00
 -0.2726799E+01 -0.3773645E+01 -0.1943370E-01  0.0000000E+00
  0.1310858E+01  0.1670819E+01  0.2703496E-01  0.0000000E+00
 -0.9333237E+00 -0.1096159E+01 -0.3301846E-01  0.0000000E+00
  0.2112562E+01  0.2339749E+01 -0.1806380E-01  0.0000000E+00
 -0.3040191E+00 -0.5184505E+00  0.9112108E-01  0.0000000E+00
 -0.2198770E+01  0.3566752E+01 -0.3577168E+00  0.0000000E+00
 -0.4235613E+01  0.3553793E+01 -0.1954629E+00  0.0000000E+00
 -0.4273752E+01  0.4371381E+01  0.2202447E-01  0.0000000E+00
 -0.4318965E+01  0.4849864E+01  0.1511786E+00  0.0000000E+00
 -0.9777271E+00  0.6587737E+00 -0.2959905E-02  0.0000000E+00
 -0.1820323E+00 -0.5153059E+00  0.2718578E-01  0.0000000E+00
  0.1527691E+00 -0.4622948E+00 -0.2595277E-01  0.0000000E+00
 -0.2620957E+00  0.2394368E+00  0.3930351E-01  0.0000000E+00
  0.2197391E+00  0.2694717E-01 -0.4994205E-01  0.0000000E+00
 -0.1141342E+01 -0.3503681E+00  0.1084003E+00  0.0000000E+00
 -0.6010228E+00 -0.4724525E+00  0.4548036E+00  0.0000000E+00
  0.1781600E+01 -0.3848678E+01  0.2767061E+00  0.0000000E+00
  0.5373096E+01 -0.3724029E+01  0.1593804E+00  0.0000000E+00
  0.6942800E+01 -0.3900625E+01 -0.1372389E-01  0.0000000E+00
  0.7902163E+01 -0.4002742E+01 -0.1163794E+00  0.0000000E+00
 -0.1063476E+01 -0.2648646E+00  0.6958577E-02  0.0000000E+00
  0.2414151E+01  0.2846924E+00 -0.9325028E-02  0.0000000E+00
 -0.1766326E+01 -0.3802930E+00  0.9699529E-02  0.0000000E+00
  0.5527600E+00  0.3234365E-01 -0.1984050E-02  0.0000000E+00
  0.4101061E+00  0.3054355E+00  0.3462178E-03  0.0000000E+00
 -0.2665329E+01 -0.1824615E+01  0.6538801E-01  0.0000000E+00
  0.7585309E+00  0.8746835E-01 -0.1307599E+00  0.0000000E+00
  0.2762279E-01  0.5008707E+00  0.1709042E+00  0.0000000E+00
 -0.3570209E+01  0.2132132E+01  0.3711123E+00  0.0000000E+00
 -0.7345173E+01  0.3932903E+01  0.5240428E+00  0.0000000E+00
 -0.9595553E+01  0.5005444E+01  0.6158201E+00  0.0000000E+00
 -0.6368952E+00 -0.2658300E+00  0.3197348E-02  0.0000000E+00
  0.5653404E+00  0.1588517E+00 -0.1308650E-01  0.0000000E+00
 -0.2516989E+00  0.2738839E+00  0.1470109E-01  0.0000000E+00
  0.1113078E+00 -0.1225280E+00 -0.2615484E-01  0.0000000E+00
 -0.2697229E+00  0.3099130E-01  0.5838663E-01  0.0000000E+00
  0.6838691E+00  0.2125843E-01 -0.1400492E+00  0.0000000E+00
 -0.2575988E+01  0.6605933E-01  0.6489287E-02  0.0000000E+00
 -0.1077086E+01 -0.9978157E+00  0.2244971E-02  0.0000000E+00
  0.3348030E+00 -0.9961657E+00 -0.4229693E-01  0.0000000E+00
  0.1658399E+01 -0.1012391E+01 -0.3581174E-01  0.0000000E+00
  0.2449089E+01 -0.1021844E+01 -0.3251439E-01  0.0000000E+00
 -0.3650451E+00 -0.1540332E+00 -0.3749473E-02  0.0000000E+00
  0.6922044E+00  0.1738779E+00  0.3774025E-02  0.0000000E+00
 -0.7758951E+00  0.5270494E+00  0.2577582E-02  0.0000000E+00
  0.4726700E+00 -0.1983419E+00  0.5821161E-02  0.0000000E+00
 -0.6029433E+00 -0.7768033E-01  0.7943262E-02  0.0000000E+00
  0.1388798E+01  0.8013065E+00 -0.5709457E-01  0.0000000E+00
  0.5725758E+00 -0.2808265E+00  0.1329763E+00  0.0000000E+00
  0.2467751E+01 -0.1372986E+01  0.1083303E+00  0.0000000E+00
  0.2351065E+01 -0.2723521E+00  0.4641335E-01  0.0000000E+00
  0.8983344E+00  0.4130054E+00 -0.4014097E-02  0.0000000E+00
  0.4658588E-01  0.8265777E+00 -0.3422783E-01  0.0000000E+00
 -0.4632151E+02  0.4809524E+01  0.1286346E+01  0.0000000E+00
  0.6445015E+02  0.1137636E+02 -0.4724316E+01  0.0000000E+00
 -0.2200481E+02 -0.1783826E+02  0.5020727E+01  0.0000000E+00
  0.1191900E+02  0.8040475E+01 -0.1047868E+01  0.0000000E+00
 -0.8266966E+00 -0.2384746E+01  0.1048885E+01  0.0000000E+00
 -0.3646992E+01  0.2210403E+01  0.2443590E+00  0.0000000E+00
  0.1112753E+01 -0.6117284E+00  0.1350358E+00  0.0000000E+00
 -0.2640226E+01  0.4950192E+01  0.1042482E+01  0.0000000E+00
 -0.7254589E+01  0.6008478E+01  0.1427303E+01  0.0000000E+00
 -0.8888453E+01  0.4738670E+01  0.1215033E+01  0.0000000E+00
 -0.9896664E+01  0.4007201E+01  0.1095091E+01  0.0000000E+00
 -0.9097531E+02 -0.6617992E+01 -0.1143651E+01  0.0000000E+00
  0.7234437E+02  0.7791210E+01 -0.4137121E+01  0.0000000E+00
 -0.5553961E+02 -0.9443694E+01  0.2747077E+01  0.0000000E+00
  0.1581676E+02 -0.2731439E+01 -0.1863376E+01  0.0000000E+00
 -0.3628705E+01  0.3649863E+01 -0.1496007E+01  0.0000000E+00
  0.6041353E+01 -0.6328911E+00 -0.1534154E+01  0.0000000E+00
  0.2995720E+01 -0.1593668E+01 -0.6188784E+00  0.0000000E+00
  0.1121059E+00  0.7121512E+00 -0.6463671E+00  0.0000000E+00
 -0.3774352E+01  0.1466590E+01 -0.3393538E+00  0.0000000E+00
 -0.5347235E+01  0.1179964E+01 -0.3237101E+00  0.0000000E+00
 -0.6311551E+01  0.1020771E+01 -0.3111530E+00  0.0000000E+00
  0.1720226E+02 -0.1433964E+02  0.1744512E+01  0.0000000E+00
 -0.3415767E+02  0.1565184E+01 -0.3437029E+01  0.0000000E+00
  0.3263058E+02  0.1570485E+01 -0.3774522E+01  0.0000000E+00
  0.4404267E+01  0.7280209E+01  0.4050735E+01  0.0000000E+00
  0.1120813E+02 -0.2171455E+01 -0.9030825E+00  0.0000000E+00
  0.4626006E+01  0.1098145E+01 -0.5385434E-01  0.0000000E+00
  0.4756591E+01 -0.2195834E+01  0.2399229E+00  0.0000000E+00
  0.1326566E+01 -0.3910696E+00  0.3371966E+00  0.0000000E+00
  0.3458244E+00 -0.2571197E+01  0.6659754E+00  0.0000000E+00
 -0.4250537E+00 -0.3588598E+01  0.8374723E+00  0.0000000E+00
 -0.8872223E+00 -0.4208570E+01  0.9416089E+00  0.0000000E+00
  0.4478324E+01 -0.1836280E+00 -0.9246312E-02  0.0000000E+00
 -0.8666956E+01  0.1567212E+00  0.1962133E-01  0.0000000E+00
  0.5348411E+01  0.4718719E+01 -0.1777331E-01  0.0000000E+00
 -0.2390399E+01 -0.2033107E+01  0.1290034E-01  0.0000000E+00
  0.1250765E+01  0.9985404E+00 -0.2147493E-01  0.0000000E+00
 -0.2112539E+01 -0.5661907E-01  0.1566811E-01  0.0000000E+00
 -0.2535869E+01  0.1459716E+01 -0.2821368E+00  0.0000000E+00
 -0.1862686E+00 -0.4335230E+00 -0.6678254E+00  0.0000000E+00
  0.1399544E+01  0.6473071E+00 -0.5857645E+00  0.0000000E+00
  0.1708227E+01  0.1887522E+01 -0.4440195E+00  0.0000000E+00
  0.1906780E+01  0.2625590E+01 -0.3601343E+00  0.0000000E+00
 -0.1617167E+01  0.1012678E+01  0.1551957E-02  0.0000000E+00
  0.6473818E+01  0.1613778E+01 -0.8646074E-02  0.0000000E+00
 -0.3624773E+01 -0.4216896E+01  0.2473841E-01  0.0000000E+00
  0.1992875E+01  0.1360470E+01 -0.3684137E-01  0.0000000E+00
 -0.1213892E+01 -0.3955623E+00  0.7224020E-02  0.0000000E+00
 -0.1025037E+00 -0.1031674E+01  0.2639103E+00  0.0000000E+00
 -0.9860763E+00  0.3054491E+00 -0.3212221E+00  0.0000000E+00
 -0.1058200E+01  0.4168368E+00 -0.2631966E+00  0.0000000E+00
 -0.1953134E+01  0.8231352E+00 -0.3217234E+00  0.0000000E+00
 -0.2350885E+01  0.3847408E+00 -0.2801950E+00  0.0000000E+00
 -0.2593689E+01  0.1325988E+00 -0.2565840E+00  0.0000000E+00
  0.1350212E+01 -0.1613482E+00  0.3735149E-02  0.0000000E+00
 -0.2212749E+01 -0.8679234E+00 -0.1453079E-02  0.0000000E+00
  0.2369296E+01 -0.3511376E+00 -0.4943256E-02  0.0000000E+00
 -0.1031581E+01  0.2644769E+00  0.2373084E-01  0.0000000E+00
  0.2029041E+00  0.5840157E-01 -0.3515985E-01  0.0000000E+00
  0.2426820E+01 -0.9715270E+00  0.1032531E+00  0.0000000E+00
  0.1605231E+01 -0.3354145E+00 -0.4531460E-01  0.0000000E+00
  0.2503467E+01 -0.2566118E+01  0.2218839E-01  0.0000000E+00
  0.3266876E+01 -0.2243571E+01  0.1244137E+00  0.0000000E+00
  0.3664781E+01 -0.1929576E+01  0.1356428E+00  0.0000000E+00
  0.3906256E+01 -0.1742301E+01  0.1433832E+00  0.0000000E+00
 -0.1152333E+01  0.3398600E+00 -0.1285312E-01  0.0000000E+00
  0.4206397E+01 -0.4527266E-01  0.1711917E-01  0.0000000E+00
 -0.2498858E+01 -0.4160599E+00 -0.1926133E-01  0.0000000E+00
  0.1604538E+01  0.1272277E+00  0.2651447E-01  0.0000000E+00
 -0.1328753E+01 -0.5808044E-01 -0.4022232E-01  0.0000000E+00
  0.2095878E+01  0.7757180E+00 -0.1713063E+00  0.0000000E+00
 -0.4469013E+01  0.1466587E+01  0.2088076E-01  0.0000000E+00
 -0.4210994E+01  0.1154486E+01  0.9644729E-02  0.0000000E+00
 -0.3520838E+01  0.1047055E+01  0.5262053E-01  0.0000000E+00
 -0.3368953E+01  0.1400202E+01  0.3028105E-01  0.0000000E+00
 -0.3272505E+01  0.1605769E+01  0.1770811E-01  0.0000000E+00
  0.2006373E+00  0.1823851E+00  0.3860077E-02  0.0000000E+00
  0.1963661E+00  0.7482189E-02 -0.5910071E-02  0.0000000E+00
  0.7232985E+00  0.6192021E+00  0.1448138E-01  0.0000000E+00
 -0.6571559E+00 -0.2403447E+00 -0.2048229E-01  0.0000000E+00
  0.1057464E+01 -0.1376541E-01  0.4012020E-01  0.0000000E+00
 -0.3605447E+01  0.6598058E+00 -0.1321913E+00  0.0000000E+00
  0.2950012E+01  0.3552924E+00  0.9231331E-01  0.0000000E+00
  0.2257673E+01 -0.1133531E+01 -0.8889498E-01  0.0000000E+00
  0.1531336E+01 -0.1316177E+01 -0.5213096E-01  0.0000000E+00
  0.7511380E+00 -0.1197611E+01 -0.5581559E-01  0.0000000E+00
  0.2863312E+00 -0.1130304E+01 -0.5756352E-01  0.0000000E+00
 -0.4352972E+00 -0.3181400E-01  0.7077183E-02  0.0000000E+00
  0.8251891E+00  0.1018397E+00  0.6039955E-02  0.0000000E+00
 -0.5952711E+00  0.1139939E+01 -0.5616732E-02  0.0000000E+00
  0.2679038E+00 -0.5258136E+00 -0.4802170E-02  0.0000000E+00
 -0.3187180E+00  0.4169649E+00  0.1051569E-01  0.0000000E+00
  0.9464362E+00 -0.9225752E+00  0.9147766E-01  0.0000000E+00
 -0.1376101E+00  0.2362075E+00 -0.7301190E-01  0.0000000E+00
 -0.5163755E+00 -0.7340314E+00  0.1327490E+00  0.0000000E+00
 -0.8123488E+00  0.3750911E+00  0.1298701E+00  0.0000000E+00
 -0.1303206E+01  0.5406340E+00  0.2022323E+00  0.0000000E+00
 -0.1594013E+01  0.6499463E+00  0.2445538E+00  0.0000000E+00
  0.9931399E+01 -0.4485383E+01 -0.1422509E+01  0.0000000E+00
 -0.3623080E+02  0.1725767E+01 -0.2036437E+01  0.0000000E+00
 -0.2306792E+02 -0.8975581E+01  0.3240168E+00  0.0000000E+00
  0.2895123E+01  0.1030858E+02 -0.9365434E+00  0.0000000E+00
  0.1370065E+01 -0.6028035E+01 -0.5675693E+00  0.0000000E+00
  0.1847215E+01  0.2594627E+01 -0.7790460E+00  0.0000000E+00
  0.6762446E+00 -0.2021942E+01 -0.1521365E+00  0.0000000E+00
  0.1441819E+01 -0.8813396E+00 -0.3866700E+00  0.0000000E+00
  0.2304278E+01 -0.1441405E+01 -0.1324268E+00  0.0000000E+00
  0.2411116E+01  0.3727692E+00  0.2773488E+00  0.0000000E+00
  0.2483396E+01  0.1428404E+01  0.5201118E+00  0.0000000E+00
  0.6066533E+01 -0.3751825E+01  0.2160225E+01  0.0000000E+00
 -0.1386915E+02  0.3579001E+01 -0.6078499E+01  0.0000000E+00
 -0.7496429E+02 -0.2227125E+02  0.3631430E+01  0.0000000E+00
  0.2807801E+02  0.5792219E+01  0.6229542E+00  0.0000000E+00
 -0.1234646E+02 -0.7026834E+01  0.2892236E+00  0.0000000E+00
  0.5005376E+01 -0.2208279E+01 -0.1264430E+01  0.0000000E+00
 -0.2786972E+01 -0.8536199E+00 -0.3795981E-01  0.0000000E+00
  0.1496627E+01 -0.2522379E+01 -0.7897848E+00  0.0000000E+00
  0.1965842E+01 -0.3687964E+01 -0.6947443E+00  0.0000000E+00
  0.2189852E+01 -0.2668691E+01 -0.6850687E+00  0.0000000E+00
  0.2326199E+01 -0.2085285E+01 -0.6783665E+00  0.0000000E+00
  0.1367255E+02 -0.6703373E+01 -0.5272872E+01  0.0000000E+00
 -0.2857180E+01  0.2171534E+02 -0.1486544E+01  0.0000000E+00
 -0.1626552E+02 -0.8433867E+01  0.3970625E+01  0.0000000E+00
  0.2215685E+02  0.1176988E+02 -0.2171752E+01  0.0000000E+00
 -0.1127762E+02 -0.3149922E+01  0.8098687E+00  0.0000000E+00
  0.2213101E+01  0.2528102E+01 -0.9356222E+00  0.0000000E+00
 -0.2111259E+01 -0.1003996E+00 -0.2659240E+00  0.0000000E+00
 -0.2141172E+00  0.1820750E+01 -0.4724499E+00  0.0000000E+00
 -0.1492578E+01  0.2005877E+01 -0.4412037E+00  0.0000000E+00
 -0.1339562E+01  0.1699773E+01 -0.1515344E+00  0.0000000E+00
 -0.1264390E+01  0.1522568E+01  0.1844742E-01  0.0000000E+00
  0.8855670E+00 -0.1861182E+01  0.1344199E-01  0.0000000E+00
 -0.8831095E+00 -0.4031222E+00 -0.3133098E-02  0.0000000E+00
  0.2473149E+01  0.1080699E+01  0.1589189E-01  0.0000000E+00
 -0.9765215E+00 -0.2968161E+00 -0.1968132E-01  0.0000000E+00
  0.4121840E+00 -0.1100081E+00  0.4912462E-01  0.0000000E+00
  0.5130319E+00  0.1204248E+01 -0.2010722E+00  0.0000000E+00
 -0.1166360E+01  0.7946531E+00  0.2132157E+00  0.0000000E+00
  0.8157560E-01  0.1235864E+01  0.5420077E-01  0.0000000E+00
  0.1426089E+00  0.8147337E+00  0.2856464E+00  0.0000000E+00
 -0.1277824E+00  0.3737719E+00  0.2627541E+00  0.0000000E+00
 -0.2854252E+00  0.1108815E+00  0.2519265E+00  0.0000000E+00
 -0.4719746E+00  0.3074948E+01 -0.5334080E-02  0.0000000E+00
  0.4090792E+00 -0.1768116E+01 -0.7854986E-02  0.0000000E+00
  0.1206031E+00 -0.1468414E+01  0.1397889E-01  0.0000000E+00
 -0.7693659E-01  0.8327326E+00 -0.3132591E-01  0.0000000E+00
 -0.1279722E+00 -0.5228679E+00  0.3746602E-01  0.0000000E+00
  0.9385142E+00  0.9475111E+00 -0.2622742E-01  0.0000000E+00
  0.7831951E+00 -0.1664234E+01 -0.7278691E-01  0.0000000E+00
  0.4024485E+00  0.4586114E+00  0.1753123E-01  0.0000000E+00
  0.7357254E+00  0.5312151E+00 -0.2419829E+00  0.0000000E+00
  0.1528362E+01 -0.2335502E-01 -0.3961826E+00  0.0000000E+00
  0.1996229E+01 -0.3473354E+00 -0.4893697E+00  0.0000000E+00
  0.2971164E+00 -0.8605855E+00 -0.4301656E-02  0.0000000E+00
  0.1038695E+00  0.1161407E+00 -0.3699752E-02  0.0000000E+00
  0.8833710E+00  0.8571469E+00  0.1122997E-01  0.0000000E+00
 -0.3572959E+00 -0.4045125E+00 -0.3313159E-01  0.0000000E+00
  0.2678449E+00  0.4806736E+00  0.2149621E-01  0.0000000E+00
 -0.1194968E+01 -0.1642331E+01  0.1378003E-01  0.0000000E+00
  0.1572725E+01 -0.5902660E+00  0.2537492E+00  0.0000000E+00
  0.4966251E+00 -0.3312289E+00  0.4672748E+00  0.0000000E+00
  0.4789447E+00 -0.1846814E+00  0.3029883E+00  0.0000000E+00
  0.3999024E-01 -0.1375790E+00  0.3274312E+00  0.0000000E+00
 -0.2173009E+00 -0.1082061E+00  0.3398970E+00  0.0000000E+00
 -0.2413414E+00 -0.7450178E-01  0.5299682E-02  0.0000000E+00
 -0.3745700E+00  0.6756142E+00  0.2371996E-01  0.0000000E+00
  0.1726929E+00  0.1817290E+00 -0.2539792E-01  0.0000000E+00
 -0.3035982E-01 -0.1389278E+00  0.4526630E-01  0.0000000E+00
  0.1888811E+00  0.1741631E+00 -0.4988007E-01  0.0000000E+00
 -0.7473472E+00 -0.1006589E+01  0.9057008E-01  0.0000000E+00
  0.6783423E-01  0.1982797E+00  0.1195489E+00  0.0000000E+00
  0.3216403E+00 -0.7761341E+00  0.1894312E+00  0.0000000E+00
  0.9641161E+00  0.2938943E+00  0.1512990E+00  0.0000000E+00
  0.1828841E+01  0.2235205E+00  0.9090779E-01  0.0000000E+00
  0.2342357E+01  0.1942611E+00  0.5514837E-01  0.0000000E+00
  0.4807836E-01 -0.7507668E-01 -0.1015758E-01  0.0000000E+00
 -0.9940677E-01 -0.2576345E+00 -0.8665755E-03  0.0000000E+00
  0.5538814E+00 -0.3676681E-01  0.2906463E-02  0.0000000E+00
 -0.2713587E+00  0.8133784E-01 -0.3179576E-02  0.0000000E+00
 -0.6249302E-02 -0.2091061E+00  0.1674660E-01  0.0000000E+00
  0.1347833E+01  0.1027433E+01 -0.1079285E-01  0.0000000E+00
 -0.1420713E+01  0.9053334E-01 -0.5082824E-01  0.0000000E+00
  0.7204863E+00  0.3826335E+00 -0.4501217E-01  0.0000000E+00
  0.6021265E+00 -0.3779802E+00 -0.1438896E+00  0.0000000E+00
 -0.4074292E-01 -0.3664596E+00 -0.2063384E+00  0.0000000E+00
 -0.4184720E+00 -0.3682169E+00 -0.2440261E+00  0.0000000E+00
 -0.7085058E-01  0.9459858E-01  0.3593199E-02  0.0000000E+00
 -0.2979309E+00 -0.1352328E+00 -0.1992005E-01  0.0000000E+00
  0.2790183E+00 -0.5533589E-01  0.1268772E-01  0.0000000E+00
 -0.1587550E+00  0.9411423E-01 -0.2253562E-01  0.0000000E+00
  0.8207120E-01 -0.2605334E+00  0.5245434E-01  0.0000000E+00
  0.5542654E-01  0.9461776E+00 -0.1302262E+00  0.0000000E+00
  0.3930203E+00 -0.3796394E+00  0.3223823E-01  0.0000000E+00
  0.3559217E+00 -0.2024945E+00  0.9972894E-01  0.0000000E+00
  0.7675173E+00 -0.3279525E+00  0.1035945E+00  0.0000000E+00
  0.9837631E+00 -0.5214874E+00  0.1401727E+00  0.0000000E+00
  0.1114906E+01 -0.6362156E+00  0.1616210E+00  0.0000000E+00
  0.5956317E+01  0.1267426E+02  0.1286255E+01  0.0000000E+00
  0.3684208E+02  0.1758548E+02 -0.1973879E+01  0.0000000E+00
  0.4771505E+01 -0.1654587E+02  0.1120741E+01  0.0000000E+00
 -0.1344193E+02  0.5900675E+01 -0.7431327E+00  0.0000000E+00
  0.3371404E+01 -0.2419104E+01 -0.1871951E-01  0.0000000E+00
 -0.2264198E+01  0.1701682E+01 -0.2602221E-01  0.0000000E+00
  0.1059716E+01 -0.6339191E+00  0.7774034E-01  0.0000000E+00
 -0.1303300E+01  0.9961525E+00 -0.6932968E-01  0.0000000E+00
 -0.1159813E+01  0.1078289E+01  0.1208255E+00  0.0000000E+00
 -0.1311109E+01  0.1254696E+01  0.9954409E-01  0.0000000E+00
 -0.1398039E+01  0.1358907E+01  0.8922139E-01  0.0000000E+00
  0.7490452E+01  0.1026952E+02  0.1392140E+01  0.0000000E+00
  0.4187172E+02  0.8702498E+01 -0.2729133E+01  0.0000000E+00
  0.4727847E+00 -0.1209712E+02  0.1214191E+01  0.0000000E+00
 -0.1586953E+02  0.4662575E+01 -0.1120669E+01  0.0000000E+00
  0.3047639E+01 -0.1564625E+01  0.8337429E-01  0.0000000E+00
 -0.2705560E+01  0.1373175E+01  0.2498347E+00  0.0000000E+00
 -0.5693628E+00  0.1095305E+00 -0.1374293E+00  0.0000000E+00
 -0.7709393E+00  0.6897556E+00 -0.3673130E-01  0.0000000E+00
 -0.3420765E+00  0.2401125E+00 -0.2363212E-01  0.0000000E+00
 -0.5622943E+00  0.4536365E+00 -0.6638633E-02  0.0000000E+00
 -0.6863807E+00  0.5736100E+00  0.3429213E-02  0.0000000E+00
  0.4328560E+01 -0.4729378E+01  0.1712688E+01  0.0000000E+00
 -0.4499075E+01 -0.6849632E+01  0.1262259E+01  0.0000000E+00
  0.5651134E+01  0.2926043E+01 -0.1814830E+01  0.0000000E+00
  0.5951027E+00 -0.5271292E+01  0.1798828E+01  0.0000000E+00
 -0.8670500E+00  0.7026453E+00 -0.8933037E+00  0.0000000E+00
 -0.2402692E+01 -0.5840837E-01  0.1450311E+00  0.0000000E+00
  0.1026745E+01  0.8218737E+00 -0.1642046E+00  0.0000000E+00
 -0.1613724E+00 -0.3085891E+00  0.1656378E+00  0.0000000E+00
  0.9307144E+00 -0.9204565E+00  0.1744556E-01  0.0000000E+00
  0.9102473E+00 -0.5137504E+00 -0.9353527E-01  0.0000000E+00
  0.9105879E+00 -0.2825189E+00 -0.1601816E+00  0.0000000E+00
 -0.1763813E+01 -0.2087104E+00 -0.6644204E-03  0.0000000E+00
 -0.6566015E+01 -0.4631439E+00  0.9708938E-02  0.0000000E+00
  0.2132303E+01  0.2950570E+01 -0.1203835E-01  0.0000000E+00
 -0.1052225E+01 -0.1234764E+01  0.8698198E-02  0.0000000E+00
  0.7197031E+00  0.6853032E+00  0.3779388E-02  0.0000000E+00
 -0.1022546E+01 -0.4147579E+00 -0.5175418E-01  0.0000000E+00
 -0.9000789E+00  0.9892495E+00  0.5928512E-01  0.0000000E+00
  0.1425855E+00 -0.5244408E+00 -0.6661032E-01  0.0000000E+00
 -0.1217562E+00  0.1594369E+00  0.3670638E-01  0.0000000E+00
 -0.4249476E+00  0.5710801E+00  0.1186337E+00  0.0000000E+00
 -0.6053916E+00  0.8196237E+00  0.1677413E+00  0.0000000E+00
 -0.2719534E+01 -0.7475833E+00  0.9662156E-03  0.0000000E+00
  0.6348164E+01  0.1920332E+01 -0.9086021E-02  0.0000000E+00
 -0.3699040E+01 -0.2483653E+01  0.4790316E-02  0.0000000E+00
  0.1887483E+01  0.6958190E+00 -0.1776067E-01  0.0000000E+00
 -0.1145815E+01 -0.3453552E+00  0.1985916E-01  0.0000000E+00
  0.9138508E+00  0.2937699E+00 -0.4419536E-01  0.0000000E+00
  0.5963018E+00 -0.2559203E+00  0.6110175E-01  0.0000000E+00
  0.8994347E+00 -0.4238405E+00  0.1487404E+00  0.0000000E+00
  0.1621362E+01 -0.6191059E+00  0.7996025E-01  0.0000000E+00
  0.1931288E+01 -0.6613317E+00  0.5655523E-01  0.0000000E+00
  0.2120827E+01 -0.6883126E+00  0.4207037E-01  0.0000000E+00
 -0.1635045E+01  0.8152413E+00 -0.3518352E-02  0.0000000E+00
 -0.1662151E+01 -0.4578169E+00  0.2374778E-02  0.0000000E+00
  0.7002648E+00  0.6649491E-01 -0.9216107E-02  0.0000000E+00
 -0.2751791E+00 -0.8167250E-01  0.1387031E-01  0.0000000E+00
 -0.2092613E-01  0.1143642E+00 -0.3087645E-01  0.0000000E+00
  0.6872360E+00 -0.4535258E+00  0.1271891E+00  0.0000000E+00
  0.5155489E+00  0.2924566E+00 -0.6507022E-01  0.0000000E+00
  0.1296840E+00 -0.5453735E+00  0.5873922E-01  0.0000000E+00
 -0.2976366E+00 -0.4074755E+00  0.3453844E-03  0.0000000E+00
 -0.5343684E+00 -0.2234098E+00 -0.6998555E-01  0.0000000E+00
 -0.6777133E+00 -0.1141821E+00 -0.1118082E+00  0.0000000E+00
 -0.1870148E+01  0.1006124E+00 -0.1341374E-01  0.0000000E+00
  0.4313775E+01 -0.3947108E+00 -0.6437396E-03  0.0000000E+00
 -0.2373758E+01 -0.6139271E-03  0.1119593E-01  0.0000000E+00
  0.1064646E+01  0.2451763E-01 -0.8520220E-02  0.0000000E+00
 -0.5036339E+00  0.4474876E-01 -0.4685985E-02  0.0000000E+00
  0.2084164E+00 -0.2134653E+00  0.1015317E+00  0.0000000E+00
 -0.1796107E+00  0.2179110E+00 -0.8573103E-01  0.0000000E+00
 -0.2411482E+00  0.4684981E+00  0.3110552E-01  0.0000000E+00
  0.9405379E-01 -0.5647699E-01  0.6875724E-02  0.0000000E+00
  0.2982990E+00 -0.2075736E+00  0.6716522E-02  0.0000000E+00
  0.4215546E+00 -0.3018742E+00  0.6370180E-02  0.0000000E+00
 -0.8803344E+00 -0.2235162E+00  0.6285564E-02  0.0000000E+00
  0.3711284E+00 -0.2447979E+00 -0.1771395E-01  0.0000000E+00
 -0.2723485E+00  0.4722616E+00  0.2698225E-01  0.0000000E+00
  0.5494341E-01 -0.1212154E+00 -0.2508740E-01  0.0000000E+00
 -0.3524846E-01  0.1148806E-01  0.3194872E-01  0.0000000E+00
 -0.3367353E-01  0.3061971E+00 -0.8112996E-01  0.0000000E+00
  0.3029353E+00 -0.1261840E-02  0.5621514E-01  0.0000000E+00
  0.5942065E+00 -0.3227459E+00  0.4457366E-01  0.0000000E+00
 -0.5007451E-01 -0.2514719E+00 -0.2708976E-02  0.0000000E+00
 -0.3044120E+00  0.8949305E-01 -0.4309741E-01  0.0000000E+00
 -0.4604905E+00  0.2898635E+00 -0.6726292E-01  0.0000000E+00
 -0.6914367E+00 -0.4580181E+00  0.5220251E-02  0.0000000E+00
  0.6908745E+00  0.1110455E+00  0.1077296E-01  0.0000000E+00
 -0.6853408E+00  0.9655141E+00 -0.7643639E-02  0.0000000E+00
  0.2177099E+00 -0.3526514E+00  0.2283493E-01  0.0000000E+00
  0.7583873E-03  0.1475091E+00 -0.1967204E-01  0.0000000E+00
 -0.2170126E+00  0.1643345E+00 -0.7275082E-01  0.0000000E+00
  0.1367649E+00 -0.6675544E-01 -0.9808456E-02  0.0000000E+00
 -0.2171658E+00  0.6779493E-01 -0.7800022E-01  0.0000000E+00
 -0.2464804E+00  0.3164676E+00 -0.6384300E-01  0.0000000E+00
  0.4174114E-01  0.2780768E+00 -0.7770535E-01  0.0000000E+00
  0.2100968E+00  0.2583857E+00 -0.8565723E-01  0.0000000E+00
 -0.8330669E+01 -0.5895715E+01  0.9579981E+00  0.0000000E+00
 -0.2166886E+02 -0.2897689E+01  0.3756264E+00  0.0000000E+00
  0.1212489E+02  0.4400229E+01  0.1058277E+01  0.0000000E+00
 -0.5181792E+01 -0.4046711E+01 -0.7631678E+00  0.0000000E+00
  0.1054643E+01  0.1856569E+01  0.4444994E+00  0.0000000E+00
  0.5606616E+00 -0.8341541E-01  0.7819358E-01  0.0000000E+00
 -0.7378291E+00  0.9227605E+00 -0.1106190E+00  0.0000000E+00
 -0.4416746E+00  0.4818396E+00 -0.1358898E+00  0.0000000E+00
  0.1491894E+00  0.7255188E+00 -0.1662532E+00  0.0000000E+00
  0.5797166E+00  0.8850509E+00 -0.1599161E+00  0.0000000E+00
  0.8384461E+00  0.9811720E+00 -0.1565510E+00  0.0000000E+00
 -0.4309414E+02 -0.8674712E+01  0.1328138E+01  0.0000000E+00
 -0.2029354E+02 -0.3111232E+01  0.6094045E+00  0.0000000E+00
  0.1577954E+02  0.2757728E+01  0.2963483E+00  0.0000000E+00
 -0.1087479E+02  0.8195346E+00  0.1157989E+00  0.0000000E+00
  0.2972096E+00 -0.1088133E+01  0.6142081E+00  0.0000000E+00
  0.1989619E+01  0.1484833E+01  0.4146667E+00  0.0000000E+00
  0.2621938E+00 -0.9729768E+00  0.3958802E-01  0.0000000E+00
 -0.2222615E+00 -0.4340235E+00  0.1082393E+00  0.0000000E+00
  0.3996462E-01 -0.1234911E+00  0.1650385E-02  0.0000000E+00
  0.2772025E+00  0.3486310E+00 -0.3904652E-01  0.0000000E+00
  0.4190990E+00  0.6283875E+00 -0.6408466E-01  0.0000000E+00
 -0.2558474E+01 -0.9773309E+01  0.9215128E+00  0.0000000E+00
 -0.4073974E+01 -0.2039886E+01  0.2058301E+00  0.0000000E+00
  0.1478398E+02  0.6642510E+01 -0.5997193E+00  0.0000000E+00
 -0.1491065E+02 -0.7103566E+01  0.4310732E+00  0.0000000E+00
  0.1298944E+01  0.2604684E+01 -0.5011685E+00  0.0000000E+00
 -0.2260018E+00 -0.1293303E+01  0.6842289E-02  0.0000000E+00
 -0.2014174E+00  0.7342393E+00 -0.4278468E-01  0.0000000E+00
 -0.5449058E+00 -0.5175749E+00 -0.7007964E-01  0.0000000E+00
  0.3391201E+00  0.8096658E-01  0.6888066E-01  0.0000000E+00
  0.8066231E+00  0.4795302E+00  0.4779891E-01  0.0000000E+00
  0.1090270E+01  0.7196113E+00  0.3699702E-01  0.0000000E+00
 -0.1005916E+01 -0.5747697E+00  0.3071010E-02  0.0000000E+00
  0.3708953E+00 -0.4497079E-02  0.1315538E-03  0.0000000E+00
 -0.7753461E+00  0.3631631E-01 -0.1049243E-01  0.0000000E+00
 -0.6613630E-01  0.3395095E-01  0.9348667E-02  0.0000000E+00
  0.4802933E+00  0.4757536E-01 -0.5513882E-02  0.0000000E+00
 -0.1810083E+01 -0.8505661E+00  0.2547570E-01  0.0000000E+00
  0.8684198E+00  0.5386790E+00 -0.8290550E-01  0.0000000E+00
  0.4305682E+00 -0.1250838E+00  0.1099802E+00  0.0000000E+00
  0.3860294E-01  0.2822079E+00  0.1487191E+00  0.0000000E+00
 -0.2614305E+00  0.1379162E+00  0.1783386E+00  0.0000000E+00
 -0.4414600E+00  0.5802316E-01  0.1961172E+00  0.0000000E+00
 -0.1438345E+01  0.1130164E+00  0.1068825E-02  0.0000000E+00
  0.1800105E+01 -0.6519173E+00  0.1084451E-01  0.0000000E+00
 -0.1501843E+01 -0.2497207E+01 -0.1346314E-01  0.0000000E+00
  0.5731066E+00  0.1239714E+01  0.3545815E-01  0.0000000E+00
 -0.2856873E+00 -0.6641511E+00 -0.5136356E-01  0.0000000E+00
 -0.4960439E-01  0.2060204E+00  0.1417419E+00  0.0000000E+00
  0.6350198E+00  0.1204793E+00 -0.4479519E-02  0.0000000E+00
  0.1863426E+00 -0.2931105E+00 -0.1163135E-01  0.0000000E+00
  0.4905249E+00  0.1157615E+00  0.4606909E-01  0.0000000E+00
  0.1242343E+01  0.4960835E-01  0.5933374E-01  0.0000000E+00
  0.1685949E+01  0.1545290E-01  0.6774088E-01  0.0000000E+00
 -0.1029724E+01 -0.5363245E+00  0.4781024E-02  0.0000000E+00
  0.1115320E+01  0.3546777E+00 -0.4026826E-02  0.0000000E+00
 -0.1010742E+01  0.3566500E+00  0.3904922E-02  0.0000000E+00
  0.3111418E+00 -0.1789632E+00  0.3509377E-02  0.0000000E+00
 -0.4738833E+00 -0.3779616E-01 -0.1035913E-01  0.0000000E+00
  0.2015695E+01  0.8822147E+00  0.5135690E-01  0.0000000E+00
 -0.6470465E+00 -0.5413633E+00  0.1612622E-01  0.0000000E+00
  0.3414069E+00  0.1164423E+00 -0.3449949E-01  0.0000000E+00
  0.2809252E-01 -0.6220804E-01 -0.3572988E-01  0.0000000E+00
 -0.4950404E+00 -0.3176522E+00 -0.4326089E-01  0.0000000E+00
 -0.8049024E+00 -0.4692293E+00 -0.4768092E-01  0.0000000E+00
 -0.1159911E+01 -0.5769187E+00  0.8739876E-03  0.0000000E+00
  0.4964626E+00  0.1128393E+01 -0.1832291E-01  0.0000000E+00
 -0.1164527E+01 -0.8665068E-01  0.1531634E-01  0.0000000E+00
  0.3893153E+00 -0.1669089E+00 -0.2466658E-01  0.0000000E+00
 -0.4627864E-01  0.4658000E-01  0.2893566E-01  0.0000000E+00
  0.1539882E+00  0.6208406E+00 -0.6919780E-01  0.0000000E+00
  0.7208984E+00 -0.3078587E+00 -0.1014270E+00  0.0000000E+00
  0.4925701E+00 -0.3085835E+00 -0.6501695E-01  0.0000000E+00
  0.6397569E+00 -0.3049369E+00 -0.7954639E-01  0.0000000E+00
  0.4822789E+00 -0.2389326E+00 -0.5127388E-01  0.0000000E+00
  0.3916859E+00 -0.2003050E+00 -0.3488870E-01  0.0000000E+00
 -0.3472359E+00  0.4204812E-01 -0.3832844E-02  0.0000000E+00
  0.3536109E+00 -0.1181303E+00  0.4939676E-02  0.0000000E+00
 -0.5521521E+00 -0.1641831E+00  0.8137064E-02  0.0000000E+00
  0.2542544E+00  0.1055760E+00 -0.1893774E-02  0.0000000E+00
 -0.2550582E-01  0.2612869E-01 -0.4489562E-02  0.0000000E+00
 -0.1437167E+01 -0.4065735E+00 -0.3322182E-01  0.0000000E+00
  0.1691933E+00  0.3559753E+00 -0.7889185E-02  0.0000000E+00
 -0.3234076E+00  0.3747531E-01 -0.1919491E-01  0.0000000E+00
 -0.9552243E-01 -0.2189780E+00 -0.1800537E-02  0.0000000E+00
 -0.4263985E-01 -0.1316786E+00  0.1340146E-01  0.0000000E+00
 -0.9124164E-02 -0.8347562E-01  0.2249954E-01  0.0000000E+00
 -0.1080799E+00  0.3294499E+00 -0.2685460E-02  0.0000000E+00
 -0.3893245E+00  0.6104783E-01  0.2194770E-01  0.0000000E+00
 -0.7323261E+00 -0.2124766E+00 -0.1465904E-01  0.0000000E+00
  0.1354420E+00  0.2612557E-01  0.8032968E-03  0.0000000E+00
 -0.9306842E-02  0.7875112E-01 -0.1879004E-01  0.0000000E+00
 -0.3790615E+00 -0.6502957E+00  0.3154087E-01  0.0000000E+00
  0.1471173E+00  0.6320101E-02  0.5295046E-01  0.0000000E+00
  0.6692185E+00 -0.3000747E+00 -0.5790052E-02  0.0000000E+00
  0.6284558E+00 -0.2266750E+00 -0.3888700E-01  0.0000000E+00
  0.2795841E+00 -0.3722500E+00 -0.5175477E-01  0.0000000E+00
  0.7486005E-01 -0.4566274E+00 -0.5964885E-01  0.0000000E+00
 -0.9344555E+01 -0.1193002E+02 -0.8623400E+00  0.0000000E+00
  0.5084317E+02  0.8522423E+01  0.3600174E+00  0.0000000E+00
 -0.3393478E+01 -0.7974494E+01 -0.1232076E+01  0.0000000E+00
  0.3929721E+01  0.7297381E+00  0.1085642E+01  0.0000000E+00
  0.4274047E+00 -0.1328631E+01  0.1912018E-01  0.0000000E+00
  0.4850927E+00  0.9073785E+00  0.7444436E-01  0.0000000E+00
 -0.2295348E-01 -0.6590705E+00 -0.1008884E+00  0.0000000E+00
 -0.1503116E+00  0.4917485E-02  0.7878672E-01  0.0000000E+00
 -0.2754567E-01 -0.1857800E+00  0.1624512E-01  0.0000000E+00
 -0.2273424E-01 -0.1721774E+00 -0.1458876E-01  0.0000000E+00
 -0.1859643E-01 -0.1663219E+00 -0.3334109E-01  0.0000000E+00
 -0.1643076E+02 -0.1217089E+02 -0.2138438E+01  0.0000000E+00
  0.6367810E+02  0.2429878E+00  0.1471427E+01  0.0000000E+00
 -0.6978664E+01 -0.1530953E+01 -0.1298406E+01  0.0000000E+00
  0.9392237E+01 -0.1794214E+01 -0.3080015E-01  0.0000000E+00
 -0.1924954E+01 -0.5856443E+00  0.8079060E-01  0.0000000E+00
  0.1217567E+01 -0.6687240E+00  0.1183896E+00  0.0000000E+00
 -0.1010199E+00  0.2737881E+00 -0.9056467E-01  0.0000000E+00
 -0.2421079E+00  0.1007711E+00  0.8270261E-01  0.0000000E+00
 -0.1544147E+00  0.1019013E+00 -0.5041604E-01  0.0000000E+00
  0.2907520E-01  0.2635862E-01 -0.7395679E-01  0.0000000E+00
  0.1374028E+00 -0.1782813E-01 -0.8923796E-01  0.0000000E+00
  0.1025994E+02 -0.8295627E+01 -0.8842282E-01  0.0000000E+00
 -0.6133266E+01 -0.6024689E+01 -0.3698860E-01  0.0000000E+00
  0.8127359E+01  0.6637809E+01 -0.8853290E-01  0.0000000E+00
 -0.4605511E+01 -0.6018315E+01 -0.4590271E+00  0.0000000E+00
  0.1321534E+01  0.2154419E+01 -0.4214120E-01  0.0000000E+00
 -0.5884773E+00 -0.3338803E+00  0.3898345E-01  0.0000000E+00
  0.8366047E-01  0.2787215E+00 -0.9905211E-01  0.0000000E+00
 -0.4256311E+00 -0.4206046E+00  0.2597880E-01  0.0000000E+00
  0.1876091E-01 -0.4321614E+00 -0.1777177E-03  0.0000000E+00
  0.4426296E-01 -0.1849028E+00  0.2151416E-01  0.0000000E+00
  0.6418775E-01 -0.4028589E-01  0.3391140E-01  0.0000000E+00
  0.3661372E+01 -0.9172161E+00  0.2336426E-02  0.0000000E+00
 -0.5968699E+01  0.5969397E+00 -0.8176260E-02  0.0000000E+00
  0.6350293E+00 -0.4485526E-01  0.7865404E-02  0.0000000E+00
 -0.4231079E+00 -0.3202620E-01 -0.9676100E-02  0.0000000E+00
  0.2000126E+00 -0.5058536E-01 -0.8391940E-03  0.0000000E+00
  0.9871130E-01  0.4203612E+00  0.5148342E-02  0.0000000E+00
  0.3731366E-01 -0.2577930E+00 -0.4659328E-01  0.0000000E+00
  0.7508373E-01  0.1626126E+00  0.6685750E-01  0.0000000E+00
 -0.4141755E-01  0.2837826E+00  0.1065736E+00  0.0000000E+00
 -0.2160504E-02  0.2415781E+00  0.7713711E-01  0.0000000E+00
  0.1948312E-01  0.2181063E+00  0.6035071E-01  0.0000000E+00
 -0.1390057E+01  0.2556880E+01 -0.2044632E-02  0.0000000E+00
  0.5477643E+01  0.1331968E+00  0.1884582E-01  0.0000000E+00
 -0.3098841E+01 -0.2435688E+01 -0.5416382E-02  0.0000000E+00
  0.1447817E+01  0.9640165E+00  0.3247732E-02  0.0000000E+00
 -0.7358295E+00 -0.4899449E+00  0.1711885E-01  0.0000000E+00
  0.5231972E+00  0.3424922E+00 -0.1043995E+00  0.0000000E+00
 -0.1505051E+00  0.2059430E+00 -0.9973376E-02  0.0000000E+00
 -0.3928875E+00 -0.4307884E+00 -0.5303753E-01  0.0000000E+00
  0.6176941E-01 -0.5131180E+00 -0.2062842E-01  0.0000000E+00
  0.3070073E+00 -0.1392121E+00  0.1050939E-01  0.0000000E+00
  0.4556049E+00  0.7873951E-01  0.2910761E-01  0.0000000E+00
  0.1342617E+01 -0.8501408E+00  0.6818554E-02  0.0000000E+00
 -0.1865153E+01  0.4270179E+00 -0.1623768E-01  0.0000000E+00
 -0.2347302E+00 -0.4533855E+00  0.1919546E-02  0.0000000E+00
 -0.5123340E-02  0.1300803E+00  0.1378036E-02  0.0000000E+00
  0.7003699E-01 -0.5131114E-01  0.4673539E-02  0.0000000E+00
 -0.3253580E+00 -0.2973349E-01 -0.4956503E-01  0.0000000E+00
  0.2544572E+00  0.7544993E-01  0.3514716E-01  0.0000000E+00
  0.4514751E+00 -0.1147515E+00 -0.8499677E-01  0.0000000E+00
  0.1120967E+00  0.1670746E+00 -0.1221317E-01  0.0000000E+00
 -0.2177968E+00  0.1829489E+00  0.3753366E-02  0.0000000E+00
 -0.4147030E+00  0.1953657E+00  0.1391446E-01  0.0000000E+00
 -0.9971860E+00  0.7079799E-01  0.7972838E-03  0.0000000E+00
  0.3704496E+01 -0.7507549E-01 -0.1356327E-01  0.0000000E+00
 -0.2042368E+01  0.1893064E+00  0.3695964E-02  0.0000000E+00
  0.8167181E+00 -0.1301473E+00  0.7382616E-02  0.0000000E+00
 -0.3661082E+00  0.1226624E+00 -0.2057886E-01  0.0000000E+00
 -0.2050232E+00 -0.3130715E+00  0.6749392E-01  0.0000000E+00
 -0.2510678E-01  0.1754139E+00 -0.3891471E-01  0.0000000E+00
 -0.2425856E+00  0.2892155E+00 -0.1230205E-01  0.0000000E+00
  0.1185369E+00  0.3615968E-01 -0.2888944E-01  0.0000000E+00
  0.3692071E+00 -0.1529880E-01 -0.5538571E-01  0.0000000E+00
  0.5199537E+00 -0.4824674E-01 -0.7107745E-01  0.0000000E+00
  0.7437491E-02  0.5893922E+00 -0.7749003E-02  0.0000000E+00
  0.1990542E+00 -0.1599709E+00  0.1693780E-01  0.0000000E+00
 -0.4831772E+00  0.1269535E+00  0.2337782E-02  0.0000000E+00
  0.1533739E+00 -0.1552141E-01 -0.1177130E-01  0.0000000E+00
 -0.4733452E-01  0.3316301E-01  0.9121525E-02  0.0000000E+00
  0.3876646E+00 -0.2115776E+00  0.8007201E-02  0.0000000E+00
 -0.8755440E-01  0.8004111E-02  0.1943877E-01  0.0000000E+00
  0.1838420E+00 -0.3124422E+00  0.3601817E-01  0.0000000E+00
 -0.1685796E-01 -0.5555950E-02 -0.2920624E-01  0.0000000E+00
 -0.2335516E+00  0.1490592E+00  0.2000235E-01  0.0000000E+00
 -0.3627100E+00  0.2430169E+00  0.4808035E-01  0.0000000E+00
 -0.4562820E+00  0.4403123E+00 -0.2218743E-03  0.0000000E+00
  0.8236661E+00 -0.4074071E-01 -0.9042191E-02  0.0000000E+00
 -0.5536485E+00  0.4969549E+00  0.7203137E-02  0.0000000E+00
  0.2434045E+00 -0.2482426E+00 -0.5626043E-03  0.0000000E+00
 -0.1215007E+00  0.8709304E-01  0.1167071E-02  0.0000000E+00
  0.4671301E+00 -0.5266370E-02 -0.2619677E-02  0.0000000E+00
  0.2084388E+00 -0.1719627E+00  0.1107074E-01  0.0000000E+00
 -0.9553892E-01  0.4181326E+00 -0.8519161E-02  0.0000000E+00
  0.9323462E-01  0.4955093E+00 -0.3933509E-01  0.0000000E+00
  0.1473550E+00  0.1136178E+00 -0.3045731E-01  0.0000000E+00
  0.1811363E+00 -0.1090631E+00 -0.2559649E-01  0.0000000E+00
 -0.9523112E+01  0.2425571E+00  0.8626939E+00  0.0000000E+00
  0.1213641E+02  0.2660350E+01  0.4134797E+00  0.0000000E+00
 -0.1200385E+01  0.4024029E+00 -0.3931410E+00  0.0000000E+00
 -0.3565342E+01  0.3077321E+01  0.9270315E-01  0.0000000E+00
  0.7629904E+00 -0.1128342E+01 -0.1651058E+00  0.0000000E+00
 -0.1065944E+01  0.4165766E+00  0.6373046E-02  0.0000000E+00
  0.2377960E+00 -0.5649140E-01 -0.3949430E-01  0.0000000E+00
 -0.4942753E+00  0.7990588E-01 -0.5091915E-01  0.0000000E+00
 -0.4815931E+00  0.1724570E+00 -0.7403588E-01  0.0000000E+00
 -0.2687590E+00 -0.3240291E-01 -0.8451524E-01  0.0000000E+00
 -0.1439882E+00 -0.1512582E+00 -0.9091204E-01  0.0000000E+00
 -0.3653099E+01  0.4223925E+01  0.2648436E+01  0.0000000E+00
  0.2243229E+02 -0.3755941E+01  0.4863571E+00  0.0000000E+00
 -0.1206365E+02  0.1326430E+01  0.6383574E-01  0.0000000E+00
  0.7044772E+01  0.2443866E+01  0.3564765E+00  0.0000000E+00
 -0.2940635E+01  0.1263223E+01 -0.1422902E-01  0.0000000E+00
 -0.2990887E+00 -0.4873543E+00  0.8200924E-01  0.0000000E+00
  0.9909950E-01 -0.2170713E+00 -0.4905920E-01  0.0000000E+00
 -0.8875709E-01  0.1033855E+00  0.8948371E-01  0.0000000E+00
 -0.4586521E+00  0.2205217E+00  0.4251530E-01  0.0000000E+00
 -0.3394467E+00  0.1542174E+00 -0.4210918E-02  0.0000000E+00
 -0.2737946E+00  0.1167877E+00 -0.3209040E-01  0.0000000E+00
 -0.1317489E+02 -0.4040180E+01 -0.6564288E-01  0.0000000E+00
  0.8163152E+01  0.1950745E+00 -0.7911181E-01  0.0000000E+00
 -0.1026262E+02  0.2643238E+01 -0.6644273E-01  0.0000000E+00
  0.7773048E+01 -0.1366453E+01  0.2064384E-01  0.0000000E+00
  0.7635497E+00 -0.7657252E+00 -0.1774171E+00  0.0000000E+00
  0.2248312E+00  0.7531514E+00  0.5312935E-01  0.0000000E+00
 -0.1161197E+00  0.3181884E+00  0.1126579E-01  0.0000000E+00
  0.1093786E+00  0.2079981E+00  0.1818513E-01  0.0000000E+00
  0.4501242E+00 -0.7094984E-01  0.3874485E-01  0.0000000E+00
  0.2218988E+00  0.1802568E+00  0.1652545E-01  0.0000000E+00
  0.9213454E-01  0.3242710E+00  0.3751793E-02  0.0000000E+00
  0.2726857E+01 -0.3952921E+00 -0.8815720E-03  0.0000000E+00
 -0.2457304E+01 -0.9924572E-01  0.2090348E-02  0.0000000E+00
  0.2798029E+01 -0.9571036E+00 -0.3700036E-02  0.0000000E+00
 -0.1104090E+01  0.4694743E+00  0.1263008E-01  0.0000000E+00
  0.4045948E+00 -0.3356096E+00 -0.2943266E-02  0.0000000E+00
  0.3074898E+00  0.4147961E+00 -0.6857769E-01  0.0000000E+00
  0.4366112E-01 -0.2739913E-02  0.9905290E-01  0.0000000E+00
  0.4717599E+00 -0.1000475E+00 -0.1218133E-01  0.0000000E+00
 -0.1068862E+00  0.1222332E+00  0.2562786E-01  0.0000000E+00
 -0.1910886E+00 -0.1185301E-01  0.6317099E-01  0.0000000E+00
 -0.2468363E+00 -0.8793255E-01  0.8558225E-01  0.0000000E+00
 -0.1280543E+01  0.1871059E+01  0.4290359E-02  0.0000000E+00
  0.1638396E+01 -0.1746725E+00  0.5593908E-02  0.0000000E+00
  0.7825805E-01 -0.1157094E+01 -0.1227617E-02  0.0000000E+00
 -0.8279866E-01  0.4217466E+00  0.4901448E-02  0.0000000E+00
 -0.3830606E-01 -0.2455010E+00  0.6737191E-02  0.0000000E+00
  0.2951675E+00  0.2238372E+00 -0.3139029E-01  0.0000000E+00
 -0.4196792E+00 -0.9180610E-01 -0.3444143E-01  0.0000000E+00
 -0.1115636E+00 -0.2835501E+00 -0.5558868E-01  0.0000000E+00
 -0.2447400E+00 -0.1611542E+00 -0.1545144E-01  0.0000000E+00
 -0.5252394E+00  0.9949864E-01  0.4383907E-02  0.0000000E+00
 -0.6909393E+00  0.2534789E+00  0.1644631E-01  0.0000000E+00
  0.1188360E+01 -0.6116189E+00  0.4549592E-02  0.0000000E+00
 -0.1122663E+01  0.5915702E+00 -0.1538661E-01  0.0000000E+00
  0.9729492E+00  0.2757316E+00  0.6540560E-03  0.0000000E+00
 -0.2491716E+00 -0.2078595E+00 -0.1728862E-02  0.0000000E+00
  0.2543507E+00  0.1192603E+00  0.6943192E-02  0.0000000E+00
 -0.8334588E+00 -0.4312928E-01  0.1095892E-01  0.0000000E+00
  0.2706612E+00 -0.1043349E+00  0.1925442E-01  0.0000000E+00
  0.2729537E+00 -0.5913006E-01 -0.5166484E-01  0.0000000E+00
  0.3468194E+00  0.5062390E-01 -0.3436352E-01  0.0000000E+00
  0.1426194E+00 -0.4561961E-02 -0.4694292E-01  0.0000000E+00
  0.2393937E-01 -0.3566796E-01 -0.5411167E-01  0.0000000E+00
 -0.8312860E+00 -0.1213616E+00  0.2092141E-02  0.0000000E+00
  0.2329323E+00  0.6846267E+00 -0.2957782E-02  0.0000000E+00
  0.2247753E-01 -0.2087669E+00  0.3436145E-02  0.0000000E+00
  0.4235319E-01 -0.4227153E-01 -0.9089798E-03  0.0000000E+00
  0.3832225E-01  0.3123306E-01 -0.4744950E-02  0.0000000E+00
 -0.1975814E+00  0.7808095E-03  0.4513896E-01  0.0000000E+00
 -0.3693123E-02 -0.5847908E-01  0.4005028E-01  0.0000000E+00
 -0.1525521E+00 -0.8502996E-01 -0.1336647E-03  0.0000000E+00
 -0.4227897E+00 -0.1314493E+00 -0.2503015E-01  0.0000000E+00
 -0.6502397E+00 -0.2136877E+00 -0.9805121E-02  0.0000000E+00
 -0.7864741E+00 -0.2623474E+00 -0.1181489E-02  0.0000000E+00
  0.9915027E-02  0.4207312E+00  0.2238420E-02  0.0000000E+00
 -0.2655473E+00 -0.4340066E+00  0.4963080E-02  0.0000000E+00
  0.3672879E-01  0.4206374E-01  0.5320573E-02  0.0000000E+00
 -0.1087389E-01  0.3689363E-01 -0.1383526E-01  0.0000000E+00
 -0.1455602E+00 -0.1902346E-01  0.6059093E-02  0.0000000E+00
  0.8710734E+00  0.3073071E-01  0.1523250E-01  0.0000000E+00
 -0.3596734E+00  0.8356540E-01 -0.3275472E-01  0.0000000E+00
  0.3028161E+00  0.1185234E+00 -0.1916066E-01  0.0000000E+00
  0.3998538E+00 -0.1929411E+00  0.3359114E-01  0.0000000E+00
  0.3087549E+00 -0.7457372E-01  0.1184211E-01  0.0000000E+00
  0.2565078E+00 -0.8755962E-02 -0.3002703E-03  0.0000000E+00
 -0.2115868E+00  0.4000098E+00  0.4003156E-02  0.0000000E+00
 -0.9124991E+00 -0.3026405E+00 -0.2798286E-01  0.0000000E+00
  0.9834100E-01 -0.5098663E+00  0.2197139E-01  0.0000000E+00
  0.1951820E-02  0.2807897E+00 -0.1813534E-01  0.0000000E+00
 -0.2163411E-01 -0.1221006E+00  0.1526672E-01  0.0000000E+00
  0.3008574E-01  0.1009089E+00 -0.5660260E-01  0.0000000E+00
  0.3205969E+00 -0.1515740E+00  0.2033412E-01  0.0000000E+00
 -0.1167627E+00  0.1082690E+00 -0.9967594E-02  0.0000000E+00
 -0.1429676E+00  0.9970833E-01 -0.1448849E-01  0.0000000E+00
 -0.1342041E+00 -0.2111868E+00 -0.4248024E-01  0.0000000E+00
 -0.1293954E+00 -0.3933489E+00 -0.5891164E-01  0.0000000E+00
