  1  2   693 10944  4  4  9 11  7  1    0.00   24.00  100.00  600.00    0.00    6.28   45.00   45.00
  100.0  100.0  100.0  100.0  125.0  150.0  190.0  230.0  275.0  350.0  450.0  600.0  600.0  600.0  600.0
  0.1025880E+02 -0.5109088E-01  0.7364203E-02  0.0000000E+00
  0.1053120E+02 -0.2297865E-01  0.2433118E-01  0.0000000E+00
  0.1058278E+02 -0.2541105E-01  0.7001125E-03  0.0000000E+00
  0.1067718E+02 -0.8802379E-02 -0.4013174E-02  0.0000000E+00
  0.1086052E+02 -0.5816886E-01 -0.1661142E-01  0.0000000E+00
  0.1113247E+02  0.2516959E-01 -0.6919766E-01  0.0000000E+00
  0.1132487E+02  0.1780414E+00 -0.7748786E-01  0.0000000E+00
  0.1128142E+02  0.3764318E+00 -0.5903073E-01  0.0000000E+00
  0.1111616E+02  0.4149898E+00 -0.3921822E-01  0.0000000E+00
  0.1100574E+02  0.4030481E+00 -0.2767978E-01  0.0000000E+00
  0.1093924E+02  0.3964873E+00 -0.2070297E-01  0.0000000E+00
 -0.2237531E+00  0.1487611E-01  0.1998706E-01  0.0000000E+00
 -0.2200143E+00 -0.8648410E-01  0.3276313E-01  0.0000000E+00
 -0.2449485E+00 -0.6317982E-01  0.4769731E-01  0.0000000E+00
 -0.2318650E+00 -0.4332426E-01  0.2160681E-01  0.0000000E+00
 -0.2521371E+00 -0.6740843E-01  0.3914656E-02  0.0000000E+00
 -0.1903300E+00 -0.1096522E+00 -0.1552087E-01  0.0000000E+00
 -0.1323229E+00 -0.5179523E-01 -0.1572751E-01  0.0000000E+00
 -0.3500276E-01 -0.2890081E-01 -0.2873751E-01  0.0000000E+00
 -0.1923609E-01  0.6263250E-02 -0.3413472E-01  0.0000000E+00
 -0.1997059E-01  0.2135505E-01 -0.3712518E-01  0.0000000E+00
 -0.2022289E-01  0.3058375E-01 -0.3893630E-01  0.0000000E+00
  0.1961797E-02 -0.2893603E-01 -0.1711154E-01  0.0000000E+00
  0.2054521E-01  0.1454343E-01 -0.2784314E-01  0.0000000E+00
  0.1626557E-01  0.2283289E-01 -0.1368932E-01  0.0000000E+00
  0.2873787E-01  0.1271175E-01 -0.1708645E-01  0.0000000E+00
  0.1435174E-01  0.8296743E-02 -0.3940667E-02  0.0000000E+00
 -0.1653424E+00  0.6594643E-02  0.7291270E-02  0.0000000E+00
 -0.1785293E+00 -0.4569165E-01 -0.1102484E-01  0.0000000E+00
 -0.1230254E+00 -0.1930388E-01 -0.1595631E-01  0.0000000E+00
 -0.8495476E-01 -0.1340813E-01 -0.2045633E-01  0.0000000E+00
 -0.6165528E-01 -0.7841115E-02 -0.2282723E-01  0.0000000E+00
 -0.4758912E-01 -0.4516612E-02 -0.2426554E-01  0.0000000E+00
 -0.2277780E-01  0.2893103E-04 -0.1491737E-04  0.0000000E+00
 -0.3404813E-01  0.5638438E-03  0.1193711E-03  0.0000000E+00
 -0.1738529E-01 -0.1195040E-02 -0.3371835E-03  0.0000000E+00
 -0.5924280E-01  0.2004095E-02  0.4300018E-03  0.0000000E+00
 -0.2838814E-01 -0.3307182E-02 -0.8315948E-03  0.0000000E+00
 -0.1492572E-01  0.5997155E-02  0.3375653E-02  0.0000000E+00
  0.2805912E-01 -0.1337360E-01  0.2826388E-02  0.0000000E+00
 -0.1636626E-02  0.1062801E-01  0.8431339E-02  0.0000000E+00
 -0.9396992E-02  0.2307123E-01  0.9230492E-02  0.0000000E+00
 -0.4563874E-02  0.2124366E-01  0.7395863E-02  0.0000000E+00
 -0.1821828E-02  0.2031320E-01  0.6331025E-02  0.0000000E+00
 -0.3612553E-01  0.4517692E-04  0.8194060E-04  0.0000000E+00
 -0.1321734E-01 -0.2179437E-03  0.2478858E-03  0.0000000E+00
  0.4702849E-01 -0.4162426E-03 -0.6082162E-04  0.0000000E+00
  0.3765015E-01  0.3232156E-03  0.2600961E-03  0.0000000E+00
  0.3555452E-01 -0.2214962E-03 -0.3471965E-03  0.0000000E+00
 -0.2633614E-01 -0.2809820E-02 -0.9286295E-03  0.0000000E+00
 -0.6580869E-01 -0.2637409E-01 -0.1412092E-02  0.0000000E+00
 -0.6563315E-01 -0.3677532E-01 -0.5762868E-02  0.0000000E+00
 -0.4615788E-01 -0.4284436E-01 -0.8088872E-02  0.0000000E+00
 -0.3826114E-01 -0.3565314E-01 -0.1088381E-01  0.0000000E+00
 -0.3342056E-01 -0.3151042E-01 -0.1254599E-01  0.0000000E+00
 -0.5152435E-02 -0.7272008E-04  0.7827134E-04  0.0000000E+00
 -0.6576955E-04 -0.1497863E-03 -0.5572151E-04  0.0000000E+00
  0.4722415E-02  0.8259544E-04  0.2772899E-03  0.0000000E+00
 -0.5445189E-02 -0.4623459E-03 -0.4604000E-03  0.0000000E+00
 -0.5135176E-02  0.1903170E-03  0.8933946E-03  0.0000000E+00
 -0.7755862E-03 -0.4631677E-05 -0.2715777E-02  0.0000000E+00
  0.8953774E-02 -0.1023150E-01 -0.2887084E-02  0.0000000E+00
  0.1532411E-02 -0.1528119E-01 -0.1556369E-02  0.0000000E+00
 -0.1148371E-02 -0.9784972E-02  0.2094823E-03  0.0000000E+00
 -0.5725759E-02 -0.6590141E-02  0.6981277E-03  0.0000000E+00
 -0.8435873E-02 -0.4658071E-02  0.1003809E-02  0.0000000E+00
 -0.8315466E-02 -0.2250253E-03 -0.4384374E-04  0.0000000E+00
 -0.1602283E-01  0.1022732E-02 -0.1497270E-04  0.0000000E+00
 -0.1026843E-01 -0.1491583E-02  0.2442197E-03  0.0000000E+00
 -0.2303600E-01  0.2489482E-02 -0.3373183E-03  0.0000000E+00
 -0.3521432E-01 -0.4626724E-02  0.5769565E-03  0.0000000E+00
 -0.2238841E-01  0.1055813E-01 -0.1215336E-02  0.0000000E+00
  0.1558527E-01 -0.1909140E-01 -0.5575645E-03  0.0000000E+00
  0.2607325E-01 -0.2157960E-01 -0.5368438E-02  0.0000000E+00
  0.2208895E-01 -0.1368748E-01 -0.8116068E-02  0.0000000E+00
  0.1633506E-01 -0.1008056E-01 -0.9468708E-02  0.0000000E+00
  0.1292322E-01 -0.7880582E-02 -0.1029130E-01  0.0000000E+00
  0.3249137E-02  0.1592348E-03 -0.1580482E-05  0.0000000E+00
 -0.2251397E-02 -0.5616233E-04  0.2430503E-03  0.0000000E+00
 -0.3985698E-03  0.1689376E-03 -0.1126544E-03  0.0000000E+00
 -0.2597777E-02 -0.4386697E-03  0.3702558E-03  0.0000000E+00
  0.4856906E-04  0.3813189E-03 -0.7210756E-03  0.0000000E+00
 -0.7911653E-02 -0.6492040E-03  0.9832448E-03  0.0000000E+00
 -0.3946919E-02  0.6992198E-02 -0.1890536E-02  0.0000000E+00
 -0.1498913E-01  0.5927537E-02 -0.1043033E-02  0.0000000E+00
 -0.1195092E-01 -0.1055291E-03 -0.6588360E-03  0.0000000E+00
 -0.6245784E-02 -0.1794831E-03 -0.1423841E-02  0.0000000E+00
 -0.2872765E-02 -0.2905797E-03 -0.1867475E-02  0.0000000E+00
 -0.6822258E-02 -0.6202111E-05 -0.8844221E-04  0.0000000E+00
 -0.9481160E-02 -0.4237496E-03  0.6628045E-04  0.0000000E+00
 -0.3601700E-02 -0.1158718E-03 -0.4882864E-04  0.0000000E+00
  0.5802239E-02  0.4799728E-03  0.1320177E-03  0.0000000E+00
  0.2078056E-02 -0.1099663E-02 -0.4389128E-03  0.0000000E+00
 -0.6567769E-02  0.2318143E-02  0.1454803E-02  0.0000000E+00
 -0.3904849E-02  0.1932815E-02 -0.7233616E-03  0.0000000E+00
 -0.4023360E-02  0.6009485E-02  0.1395755E-02  0.0000000E+00
 -0.3325040E-02  0.3743611E-02  0.6337093E-03  0.0000000E+00
 -0.4061967E-02  0.5103714E-02  0.9011358E-03  0.0000000E+00
 -0.4485788E-02  0.5874829E-02  0.1048973E-02  0.0000000E+00
 -0.3793544E+00  0.1630661E-01  0.2453192E-01  0.0000000E+00
 -0.3478947E+00 -0.3248126E-01  0.1130237E-01  0.0000000E+00
 -0.2591978E+00 -0.5434117E-01 -0.2400907E-02  0.0000000E+00
 -0.3326349E+00  0.1252787E-01  0.5597209E-02  0.0000000E+00
 -0.3496488E+00 -0.7209468E-02  0.3487748E-02  0.0000000E+00
 -0.2030684E+00  0.1316864E-01 -0.5064213E-02  0.0000000E+00
 -0.1244174E+00  0.3168350E-01  0.1111872E-01  0.0000000E+00
 -0.1235574E+00  0.5023498E-01  0.1230823E-01  0.0000000E+00
 -0.1182604E+00  0.5304167E-01  0.2472936E-01  0.0000000E+00
 -0.1006147E+00  0.5100510E-01  0.3452042E-01  0.0000000E+00
 -0.9022697E-01  0.4984497E-01  0.4039126E-01  0.0000000E+00
  0.1202375E+00  0.4139258E-01  0.2248775E-01  0.0000000E+00
  0.5875496E-01  0.2962942E-01  0.1170494E-01  0.0000000E+00
 -0.3118717E-01  0.3685373E-01  0.3081047E-01  0.0000000E+00
  0.6983264E-01 -0.1741469E-01  0.9471314E-02  0.0000000E+00
  0.6305847E-03  0.3635221E-01  0.9242977E-02  0.0000000E+00
  0.7006205E-02  0.7902154E-02  0.6066376E-02  0.0000000E+00
  0.5287769E-02  0.3840068E-01  0.1669554E-01  0.0000000E+00
  0.6507059E-01 -0.1982018E-02 -0.3270920E-02  0.0000000E+00
  0.6269023E-01  0.1095815E-01 -0.1050919E-01  0.0000000E+00
  0.4725234E-01  0.1666807E-01 -0.1079619E-01  0.0000000E+00
  0.3819007E-01  0.2015587E-01 -0.1104530E-01  0.0000000E+00
  0.2443941E-01  0.3180218E-01 -0.4602104E-02  0.0000000E+00
  0.2232019E-01  0.3400263E-01 -0.1335496E-01  0.0000000E+00
  0.3290177E-01  0.5286867E-01 -0.2001886E-02  0.0000000E+00
  0.5378539E-01  0.2888010E-01  0.6404461E-05  0.0000000E+00
  0.4131506E-01  0.1597094E-01  0.1126897E-02  0.0000000E+00
 -0.6607769E-01  0.4524395E-01  0.4490585E-02  0.0000000E+00
 -0.8173686E-01  0.5498737E-01  0.9207017E-02  0.0000000E+00
 -0.8290651E-01  0.6371840E-01  0.5389652E-02  0.0000000E+00
 -0.7443789E-01  0.6514016E-01 -0.8054097E-03  0.0000000E+00
 -0.7057366E-01  0.5379311E-01 -0.2716653E-02  0.0000000E+00
 -0.6821524E-01  0.4716547E-01 -0.3904298E-02  0.0000000E+00
 -0.9864179E-02 -0.1470897E-03 -0.1654527E-03  0.0000000E+00
  0.5299917E-02  0.2369101E-03  0.4172540E-03  0.0000000E+00
  0.2647148E-01 -0.3642851E-03 -0.7867752E-03  0.0000000E+00
 -0.3093907E-01  0.8384636E-04  0.9569357E-03  0.0000000E+00
  0.1706190E-01  0.1700212E-03 -0.1877627E-02  0.0000000E+00
  0.3374704E-02 -0.1998569E-02  0.5568471E-02  0.0000000E+00
 -0.1267366E-01  0.2130733E-01  0.4843790E-02  0.0000000E+00
 -0.5682765E-01  0.5322182E-01  0.9422529E-02  0.0000000E+00
 -0.5353103E-01  0.4944110E-01  0.9506976E-02  0.0000000E+00
 -0.3570894E-01  0.3992880E-01  0.7470652E-02  0.0000000E+00
 -0.2523985E-01  0.3431465E-01  0.6279916E-02  0.0000000E+00
  0.2973935E-01  0.1172545E-03 -0.4796561E-04  0.0000000E+00
  0.3250826E-01 -0.2896741E-04  0.1978169E-03  0.0000000E+00
  0.2856097E-01 -0.3245819E-03  0.1121054E-04  0.0000000E+00
  0.4767841E-01  0.6167234E-04  0.2079016E-03  0.0000000E+00
  0.4854635E-01  0.3662073E-03 -0.8760396E-04  0.0000000E+00
  0.1138942E-01 -0.4677239E-02  0.2382473E-03  0.0000000E+00
 -0.5169561E-02 -0.1574608E-01  0.6030562E-02  0.0000000E+00
  0.1042788E-01 -0.3286598E-01  0.9061884E-02  0.0000000E+00
  0.2278677E-01 -0.3465742E-01  0.8660546E-02  0.0000000E+00
  0.2440787E-01 -0.3511869E-01  0.6223136E-02  0.0000000E+00
  0.2549571E-01 -0.3540765E-01  0.4791982E-02  0.0000000E+00
 -0.3231125E-01  0.7031785E-04  0.1206369E-03  0.0000000E+00
 -0.1694236E-01 -0.3032153E-03 -0.3490186E-03  0.0000000E+00
 -0.2993397E-01  0.4944326E-03  0.6693759E-03  0.0000000E+00
 -0.1618494E-01 -0.1706926E-02 -0.1210283E-02  0.0000000E+00
 -0.1554690E-01  0.2451526E-02  0.2674943E-02  0.0000000E+00
  0.2877837E-02 -0.3642912E-02 -0.7366487E-02  0.0000000E+00
  0.2458122E-03 -0.1560748E-01  0.4055643E-02  0.0000000E+00
  0.4584261E-02  0.2559137E-02  0.2880954E-04  0.0000000E+00
  0.4433227E-02 -0.8886771E-03 -0.1427609E-02  0.0000000E+00
 -0.1131475E-02  0.7981641E-03  0.1039935E-02  0.0000000E+00
 -0.4390709E-02  0.1747504E-02  0.2468187E-02  0.0000000E+00
 -0.9141568E-02  0.1138154E-03  0.2941024E-04  0.0000000E+00
 -0.2602632E-01 -0.4596423E-03 -0.2635204E-03  0.0000000E+00
 -0.2774985E-01  0.7904594E-03  0.7409987E-03  0.0000000E+00
 -0.3062383E-01  0.1807036E-04 -0.1186928E-02  0.0000000E+00
 -0.4056377E-01 -0.7000574E-03  0.2089302E-02  0.0000000E+00
 -0.5299868E-01  0.3500297E-02 -0.4718025E-02  0.0000000E+00
 -0.1629431E-01 -0.7580863E-02  0.1207842E-02  0.0000000E+00
 -0.7725021E-02 -0.1034368E-01 -0.4804524E-02  0.0000000E+00
 -0.4269213E-02 -0.1744390E-01 -0.4250517E-02  0.0000000E+00
 -0.1398568E-02 -0.1580464E-01 -0.2860973E-02  0.0000000E+00
  0.3220536E-03 -0.1492487E-01 -0.2041220E-02  0.0000000E+00
  0.5190876E-02 -0.1367629E-03  0.1420857E-03  0.0000000E+00
 -0.2254080E-01 -0.2214045E-03  0.6770815E-04  0.0000000E+00
 -0.7260750E-02 -0.6213667E-04 -0.2786577E-04  0.0000000E+00
 -0.1882021E-01  0.8642313E-03  0.9292548E-05  0.0000000E+00
 -0.1156519E-01 -0.1430142E-02 -0.1631387E-03  0.0000000E+00
 -0.2010651E-01  0.1232938E-02  0.5800442E-03  0.0000000E+00
 -0.7618810E-02  0.1055123E-01  0.1475878E-02  0.0000000E+00
 -0.1123612E-01  0.8985199E-02  0.1848444E-02  0.0000000E+00
 -0.8811991E-02  0.6908965E-02  0.1467395E-03  0.0000000E+00
 -0.5765327E-02  0.3400633E-02 -0.3771180E-03  0.0000000E+00
 -0.3954752E-02  0.1323851E-02 -0.7028794E-03  0.0000000E+00
  0.1864895E-02 -0.1086496E-03 -0.1532076E-03  0.0000000E+00
  0.1204664E-01  0.5864663E-03  0.1498308E-03  0.0000000E+00
 -0.3366561E-02 -0.9192137E-03 -0.9539702E-05  0.0000000E+00
  0.2120377E-01  0.9420729E-03  0.3837669E-03  0.0000000E+00
  0.1271336E-01 -0.1595953E-02 -0.9925510E-03  0.0000000E+00
  0.3189225E-02  0.3928513E-02  0.2799052E-02  0.0000000E+00
 -0.1046888E-01  0.3995137E-02  0.9700332E-03  0.0000000E+00
  0.5927502E-02 -0.5605304E-02  0.4496064E-02  0.0000000E+00
  0.1064281E-01 -0.1208219E-02  0.3810811E-02  0.0000000E+00
  0.7290781E-02 -0.1840996E-02  0.4171570E-02  0.0000000E+00
  0.5381802E-02 -0.2162823E-02  0.4374849E-02  0.0000000E+00
 -0.6282879E-01  0.1676947E-01 -0.1120318E-01  0.0000000E+00
 -0.3888103E-01  0.5666106E-01  0.1016203E-02  0.0000000E+00
 -0.3992284E-01  0.5594119E-01  0.2489677E-02  0.0000000E+00
 -0.3561285E-01  0.6994995E-01 -0.1467375E-02  0.0000000E+00
 -0.3925216E-01  0.7145567E-01  0.3325826E-02  0.0000000E+00
 -0.6423902E-02  0.9111505E-02 -0.1497558E-01  0.0000000E+00
 -0.1821443E-01  0.5052546E-01 -0.2588473E-01  0.0000000E+00
 -0.1802691E-01  0.8000423E-01 -0.2729851E-01  0.0000000E+00
 -0.2378148E-01  0.1070366E+00 -0.2476491E-01  0.0000000E+00
 -0.2232607E-01  0.9850198E-01 -0.2365290E-01  0.0000000E+00
 -0.2153673E-01  0.9380562E-01 -0.2297366E-01  0.0000000E+00
 -0.7344434E-01  0.1398960E-01 -0.2139768E-01  0.0000000E+00
 -0.7672838E-01  0.2910228E-01 -0.2803841E-02  0.0000000E+00
 -0.4968685E-01  0.8346672E-01  0.2223672E-03  0.0000000E+00
 -0.2886252E-01  0.8453165E-02 -0.5703758E-02  0.0000000E+00
 -0.3799617E-01  0.9601749E-02 -0.6887523E-02  0.0000000E+00
 -0.4028061E-01 -0.2556411E-02  0.6873833E-03  0.0000000E+00
 -0.6963525E-02 -0.1241822E-01 -0.1271001E-01  0.0000000E+00
 -0.4129019E-01  0.2124247E-01 -0.1614132E-01  0.0000000E+00
 -0.5522583E-01  0.2985827E-01 -0.1581673E-01  0.0000000E+00
 -0.5185454E-01  0.4147718E-01 -0.1688202E-01  0.0000000E+00
 -0.5003766E-01  0.4837550E-01 -0.1750216E-01  0.0000000E+00
  0.3369222E-01 -0.4347002E-01 -0.1703769E-01  0.0000000E+00
  0.2684780E-01 -0.2644494E-01 -0.1038602E-01  0.0000000E+00
  0.2377969E-01 -0.4086072E-01 -0.1253004E-01  0.0000000E+00
 -0.9669357E-03 -0.2562652E-01 -0.1970054E-01  0.0000000E+00
 -0.2314874E-01 -0.4726963E-03 -0.7931569E-02  0.0000000E+00
  0.1094310E-01 -0.4972549E-02 -0.2052978E-01  0.0000000E+00
  0.2632669E-01 -0.9659945E-02 -0.2325902E-01  0.0000000E+00
  0.8078947E-02  0.1693079E-01 -0.2188622E-01  0.0000000E+00
  0.3237086E-02  0.3093705E-01 -0.1903004E-01  0.0000000E+00
 -0.5233555E-03  0.3589766E-01 -0.1510392E-01  0.0000000E+00
 -0.2779116E-02  0.3895897E-01 -0.1277348E-01  0.0000000E+00
 -0.1787508E-01 -0.2429591E-04 -0.1404575E-04  0.0000000E+00
 -0.3489486E-01 -0.2843617E-03  0.6736137E-05  0.0000000E+00
 -0.3628955E-01  0.6805108E-03 -0.8242734E-04  0.0000000E+00
 -0.1644198E-01 -0.1362296E-02 -0.1002154E-03  0.0000000E+00
 -0.1973150E-01  0.2986241E-02  0.5200748E-03  0.0000000E+00
 -0.1722994E-01 -0.5497435E-02 -0.2930169E-02  0.0000000E+00
 -0.2012217E-01  0.3203347E-01 -0.9805601E-03  0.0000000E+00
 -0.2126717E-01  0.4055503E-01 -0.4068513E-03  0.0000000E+00
 -0.1551980E-01  0.2996831E-01 -0.5867973E-03  0.0000000E+00
 -0.1385956E-01  0.2917798E-01 -0.3371351E-02  0.0000000E+00
 -0.1282343E-01  0.2859663E-01 -0.5003570E-02  0.0000000E+00
 -0.2599851E-01  0.3285537E-04  0.5380239E-05  0.0000000E+00
 -0.2257658E-01  0.2674562E-03  0.1107602E-03  0.0000000E+00
 -0.6266250E-02  0.4469008E-03 -0.3368113E-03  0.0000000E+00
 -0.1994637E-01 -0.9958139E-04  0.5197004E-03  0.0000000E+00
 -0.2073051E-01  0.4265483E-03 -0.8569466E-03  0.0000000E+00
 -0.2679315E-01  0.5102725E-03  0.9342950E-03  0.0000000E+00
 -0.6885096E-02  0.1431318E-01 -0.7237887E-02  0.0000000E+00
 -0.8743107E-02  0.1672173E-01 -0.1110085E-01  0.0000000E+00
 -0.1036836E-01  0.1271546E-01 -0.1047450E-01  0.0000000E+00
 -0.1053522E-01  0.1631567E-01 -0.1093079E-01  0.0000000E+00
 -0.1065187E-01  0.1837991E-01 -0.1119062E-01  0.0000000E+00
  0.9848405E-02  0.1380315E-03  0.1954690E-04  0.0000000E+00
  0.8274119E-02 -0.2789284E-03  0.1737652E-03  0.0000000E+00
  0.2593481E-02  0.9381040E-03 -0.3449386E-03  0.0000000E+00
  0.4203927E-02 -0.1176067E-02  0.2511212E-03  0.0000000E+00
  0.6397525E-02  0.2916660E-02 -0.8029429E-03  0.0000000E+00
  0.1894963E-02 -0.7520793E-02  0.2792617E-02  0.0000000E+00
 -0.1681969E-01 -0.7028189E-03 -0.2602454E-02  0.0000000E+00
 -0.1762584E-01 -0.2018397E-02 -0.5471324E-03  0.0000000E+00
 -0.1526505E-01  0.6836579E-02  0.1613707E-02  0.0000000E+00
 -0.1155883E-01  0.8347907E-02  0.1184672E-02  0.0000000E+00
 -0.9363379E-02  0.9331725E-02  0.9574563E-03  0.0000000E+00
 -0.1485101E-01  0.1893303E-03  0.3461472E-04  0.0000000E+00
 -0.9162839E-02  0.4163010E-03  0.2589898E-03  0.0000000E+00
 -0.1684949E-01  0.1705123E-03 -0.2529808E-03  0.0000000E+00
  0.8578691E-03 -0.2079958E-03  0.4976636E-03  0.0000000E+00
  0.4818301E-03  0.1135734E-02 -0.7725719E-03  0.0000000E+00
  0.9279380E-02 -0.1507055E-02  0.2011469E-02  0.0000000E+00
  0.1109709E-01 -0.1071811E-01 -0.1882471E-02  0.0000000E+00
  0.1120655E-01 -0.7234591E-02  0.5895057E-03  0.0000000E+00
  0.5485663E-02 -0.1402706E-02 -0.7449303E-03  0.0000000E+00
  0.1318203E-03 -0.1976153E-02 -0.1867985E-02  0.0000000E+00
 -0.3066368E-02 -0.2247793E-02 -0.2540313E-02  0.0000000E+00
 -0.2155874E-01 -0.2804699E-03 -0.1253355E-03  0.0000000E+00
  0.1937415E-02  0.8575250E-03  0.3993244E-03  0.0000000E+00
 -0.9754068E-02 -0.2815150E-03 -0.2807306E-03  0.0000000E+00
 -0.7172643E-02  0.1145278E-02  0.3218959E-03  0.0000000E+00
 -0.4877792E-02 -0.2039470E-02 -0.7110402E-03  0.0000000E+00
  0.9716311E-03  0.6638956E-02  0.6409765E-03  0.0000000E+00
 -0.8777910E-02  0.7106384E-03 -0.1620785E-02  0.0000000E+00
 -0.6457764E-02  0.6216399E-03 -0.3674786E-02  0.0000000E+00
 -0.2787122E-02  0.2354746E-02 -0.8516341E-03  0.0000000E+00
 -0.4415151E-03  0.4256488E-03 -0.3885885E-03  0.0000000E+00
  0.9726278E-03 -0.6840198E-03 -0.8592973E-04  0.0000000E+00
 -0.3922421E-02 -0.2393111E-04 -0.6530299E-04  0.0000000E+00
 -0.3328819E-02 -0.3495527E-03 -0.2405161E-04  0.0000000E+00
 -0.1064913E-01  0.6272814E-03  0.3260787E-03  0.0000000E+00
 -0.9942712E-02 -0.2256321E-03 -0.4371244E-03  0.0000000E+00
 -0.8625654E-02 -0.3288179E-03  0.6302411E-03  0.0000000E+00
 -0.1921194E-02  0.4162699E-03 -0.1248244E-02  0.0000000E+00
 -0.2690273E-02  0.6104674E-02 -0.4319466E-03  0.0000000E+00
 -0.5585886E-02  0.1936797E-02 -0.1679342E-02  0.0000000E+00
 -0.5202825E-02 -0.1374489E-02 -0.1439861E-02  0.0000000E+00
 -0.1135772E-02 -0.2050983E-02 -0.1573577E-02  0.0000000E+00
  0.1249361E-02 -0.2483597E-02 -0.1649002E-02  0.0000000E+00
  0.1041963E+00  0.1302553E-01 -0.5168263E-02  0.0000000E+00
  0.1088428E+00 -0.8132599E-02 -0.2833516E-02  0.0000000E+00
  0.9297962E-01 -0.1748146E-01 -0.3830173E-02  0.0000000E+00
  0.1075464E+00 -0.7455993E-02 -0.2657967E-02  0.0000000E+00
  0.1066972E+00 -0.5793478E-02  0.5145880E-03  0.0000000E+00
  0.4531866E-01 -0.1898617E-01 -0.4766693E-02  0.0000000E+00
  0.3310070E-01 -0.3676395E-01 -0.3869930E-02  0.0000000E+00
  0.1389452E-01 -0.3391516E-01  0.1290784E-02  0.0000000E+00
  0.1005571E-01 -0.4673197E-01  0.6490216E-02  0.0000000E+00
  0.7183705E-02 -0.4585774E-01  0.9106175E-02  0.0000000E+00
  0.5458899E-02 -0.4548779E-01  0.1069567E-01  0.0000000E+00
  0.5897086E-01  0.9809676E-03 -0.1937210E-02  0.0000000E+00
  0.8127039E-01  0.1977811E-01  0.9860128E-03  0.0000000E+00
  0.6316827E-01  0.4961897E-02 -0.7673133E-03  0.0000000E+00
  0.5932300E-01 -0.5069552E-02 -0.3285021E-03  0.0000000E+00
  0.7797587E-01  0.2969571E-01 -0.3558660E-02  0.0000000E+00
  0.9497187E-01 -0.1395548E-02  0.3722767E-04  0.0000000E+00
  0.5407447E-01 -0.7389126E-02 -0.4890576E-02  0.0000000E+00
  0.3277264E-01 -0.7314045E-02 -0.9506230E-02  0.0000000E+00
  0.2092251E-01 -0.6643437E-02 -0.1392118E-01  0.0000000E+00
  0.1219974E-01 -0.5248368E-02 -0.1305396E-01  0.0000000E+00
  0.6959858E-02 -0.4424407E-02 -0.1259570E-01  0.0000000E+00
 -0.3010679E-01  0.3302340E-02  0.8464032E-02  0.0000000E+00
 -0.3288090E-01 -0.4720850E-03 -0.1757528E-02  0.0000000E+00
 -0.3195560E-01 -0.1102844E-01  0.2026312E-02  0.0000000E+00
 -0.2018148E-01  0.1109848E-01  0.8572864E-03  0.0000000E+00
 -0.8039425E-02 -0.7850049E-02  0.1017227E-02  0.0000000E+00
  0.1902666E-01  0.1842435E-01 -0.1836152E-03  0.0000000E+00
  0.1725390E-01 -0.4683497E-02 -0.5491693E-02  0.0000000E+00
  0.5023430E-02  0.4481057E-02 -0.3933121E-02  0.0000000E+00
  0.7890616E-03 -0.1021858E-02 -0.7272723E-02  0.0000000E+00
  0.4820823E-02 -0.4235468E-02 -0.7835588E-02  0.0000000E+00
  0.7133848E-02 -0.6178653E-02 -0.8202249E-02  0.0000000E+00
 -0.2051686E-01  0.3836104E-04 -0.6601900E-04  0.0000000E+00
 -0.2051560E-01  0.2842648E-03  0.3025638E-03  0.0000000E+00
  0.7816389E-02 -0.3667918E-03 -0.5247273E-03  0.0000000E+00
 -0.1480149E-01  0.5821853E-03  0.7748893E-03  0.0000000E+00
 -0.5703538E-02 -0.1122506E-02 -0.1410520E-02  0.0000000E+00
 -0.7712053E-02  0.3975244E-02  0.3400735E-02  0.0000000E+00
 -0.1839594E-01 -0.6624083E-03 -0.6241631E-03  0.0000000E+00
 -0.5017805E-01 -0.4728795E-04  0.4401490E-02  0.0000000E+00
 -0.4778689E-01  0.9288654E-02  0.4788537E-02  0.0000000E+00
 -0.3091076E-01  0.7673198E-02  0.2318423E-02  0.0000000E+00
 -0.2100536E-01  0.6831512E-02  0.8767291E-03  0.0000000E+00
  0.1285362E-01 -0.1498135E-03  0.3742747E-04  0.0000000E+00
  0.1782268E-01  0.1172322E-02 -0.1642703E-03  0.0000000E+00
 -0.1328093E-01 -0.4170134E-03  0.1229448E-03  0.0000000E+00
  0.1240946E-01  0.1140824E-02 -0.6898208E-04  0.0000000E+00
  0.8358473E-02 -0.1555510E-02  0.1551394E-03  0.0000000E+00
  0.2735976E-01  0.3584343E-02 -0.8707222E-03  0.0000000E+00
  0.2804240E-01 -0.1999619E-01 -0.5146840E-03  0.0000000E+00
  0.3038908E-01 -0.1501282E-01  0.1314101E-04  0.0000000E+00
  0.2779328E-01 -0.1582060E-01 -0.6718122E-03  0.0000000E+00
  0.1777659E-01 -0.1730947E-01 -0.2885216E-02  0.0000000E+00
  0.1188422E-01 -0.1818976E-01 -0.4188485E-02  0.0000000E+00
  0.1283125E-01  0.1560810E-04  0.4863339E-04  0.0000000E+00
  0.2184957E-02  0.5976252E-03 -0.3383448E-04  0.0000000E+00
 -0.6047019E-02  0.2776973E-03 -0.7192997E-04  0.0000000E+00
  0.8298548E-02  0.6335995E-04 -0.1758070E-04  0.0000000E+00
 -0.3480865E-02  0.9266545E-03  0.2574237E-03  0.0000000E+00
  0.4371705E-02 -0.3838560E-02 -0.1592577E-02  0.0000000E+00
 -0.1637897E-02 -0.4704737E-02 -0.8545899E-03  0.0000000E+00
 -0.4259415E-02 -0.6468653E-02  0.1682866E-03  0.0000000E+00
 -0.3417029E-02 -0.5046479E-02 -0.4815068E-03  0.0000000E+00
 -0.3059158E-02 -0.2191157E-02  0.2511444E-03  0.0000000E+00
 -0.2839960E-02 -0.5034365E-03  0.6730305E-03  0.0000000E+00
 -0.2299945E-01 -0.9700382E-04  0.4422692E-04  0.0000000E+00
 -0.1809168E-01  0.4838636E-03 -0.2420661E-03  0.0000000E+00
 -0.6778622E-02 -0.3448214E-03  0.2894381E-03  0.0000000E+00
 -0.1361659E-01  0.9559451E-03 -0.2598789E-03  0.0000000E+00
 -0.4814624E-02 -0.7672081E-03  0.4722630E-03  0.0000000E+00
 -0.1319573E-01 -0.1695417E-03 -0.1289007E-02  0.0000000E+00
 -0.7273245E-02  0.1848404E-02  0.1214809E-02  0.0000000E+00
 -0.1166297E-01 -0.4987542E-03 -0.3557747E-02  0.0000000E+00
 -0.1215161E-01 -0.5657342E-03 -0.3275594E-02  0.0000000E+00
 -0.1157614E-01  0.7323151E-03 -0.1979015E-02  0.0000000E+00
 -0.1124511E-01  0.1492603E-02 -0.1216369E-02  0.0000000E+00
  0.9576660E-02  0.7840158E-04 -0.6535685E-04  0.0000000E+00
 -0.1159656E-01  0.3002905E-03 -0.3927330E-04  0.0000000E+00
  0.1376911E-02  0.8516567E-04 -0.1497613E-03  0.0000000E+00
 -0.1013449E-01  0.5155720E-03  0.5307163E-04  0.0000000E+00
 -0.7210924E-03 -0.5785046E-03  0.1536031E-03  0.0000000E+00
 -0.1352214E-01  0.2256351E-02 -0.8647935E-03  0.0000000E+00
  0.2128477E-02  0.4308926E-02 -0.3118105E-03  0.0000000E+00
  0.2946688E-03  0.2509255E-02  0.1119347E-02  0.0000000E+00
 -0.5712445E-03  0.1224910E-02 -0.7203600E-04  0.0000000E+00
  0.1997558E-02  0.1440762E-02  0.2328813E-03  0.0000000E+00
  0.3492150E-02  0.1552227E-02  0.3979944E-03  0.0000000E+00
 -0.1545521E-05  0.6847620E-04  0.5158836E-04  0.0000000E+00
  0.1200878E-01  0.3471141E-05  0.7516108E-04  0.0000000E+00
  0.6033565E-02 -0.1651977E-03 -0.8232413E-04  0.0000000E+00
  0.8130292E-02  0.7055789E-03  0.2158470E-03  0.0000000E+00
  0.1812812E-01 -0.8160068E-03 -0.2515584E-03  0.0000000E+00
  0.1357730E-01  0.2638626E-02  0.9955294E-03  0.0000000E+00
  0.4387564E-02 -0.5008773E-02  0.1616578E-02  0.0000000E+00
  0.1071118E-01 -0.2309712E-02  0.2244820E-02  0.0000000E+00
  0.6706075E-02  0.1558761E-02  0.1280949E-02  0.0000000E+00
  0.6009471E-02  0.5769160E-03  0.1088075E-02  0.0000000E+00
  0.5557058E-02  0.4525567E-04  0.9640059E-03  0.0000000E+00
  0.1786074E-01 -0.1493580E-01  0.5558801E-04  0.0000000E+00
  0.4433365E-01 -0.8506301E-02 -0.3202891E-02  0.0000000E+00
  0.1818610E-01 -0.9237811E-02  0.2676257E-02  0.0000000E+00
  0.5246552E-01 -0.1572355E-01  0.1288329E-03  0.0000000E+00
  0.4090891E-01 -0.6177880E-02 -0.2252038E-02  0.0000000E+00
  0.5929485E-01 -0.7010546E-02  0.1310679E-02  0.0000000E+00
  0.5516405E-01 -0.1742275E-01  0.2142353E-02  0.0000000E+00
  0.4972197E-01 -0.1030431E-01  0.1339983E-02  0.0000000E+00
  0.4105624E-01 -0.9152410E-02  0.4085757E-03  0.0000000E+00
  0.2268772E-01 -0.4900287E-02  0.3452591E-03  0.0000000E+00
  0.1183799E-01 -0.2397695E-02  0.2978075E-03  0.0000000E+00
 -0.3534695E-01  0.7023638E-02  0.4434581E-02  0.0000000E+00
 -0.3000386E-01  0.2495296E-01 -0.9850153E-03  0.0000000E+00
 -0.5005196E-03  0.4233854E-02 -0.2432425E-02  0.0000000E+00
 -0.1330806E-01  0.1551535E-01 -0.7041518E-03  0.0000000E+00
  0.7402456E-02  0.3121759E-02 -0.6565236E-02  0.0000000E+00
 -0.1158894E-01 -0.1557468E-02  0.6047512E-03  0.0000000E+00
  0.3589511E-02 -0.1547433E-01 -0.2449847E-02  0.0000000E+00
 -0.1354326E-01 -0.9639338E-03  0.1844824E-02  0.0000000E+00
 -0.2130689E-01  0.6143601E-02  0.5989790E-02  0.0000000E+00
 -0.1548070E-01  0.8048414E-02  0.8393270E-02  0.0000000E+00
 -0.1215687E-01  0.9242796E-02  0.9846847E-02  0.0000000E+00
  0.5235945E-01 -0.3578599E-02  0.4756543E-03  0.0000000E+00
  0.3311367E-01  0.9859042E-02 -0.4018966E-02  0.0000000E+00
  0.1830440E-01  0.1073635E-01  0.1270050E-02  0.0000000E+00
  0.2301543E-01  0.9654325E-02  0.3677560E-02  0.0000000E+00
  0.2372634E-01 -0.4875498E-02 -0.2187541E-03  0.0000000E+00
  0.3291832E-01 -0.1490190E-01 -0.6313720E-03  0.0000000E+00
  0.3731860E-01 -0.1278851E-01  0.3249898E-02  0.0000000E+00
  0.4070599E-01 -0.1499485E-01  0.3086665E-02  0.0000000E+00
  0.3692368E-01 -0.1266848E-01  0.6404825E-02  0.0000000E+00
  0.2560719E-01 -0.7843498E-02  0.9371713E-02  0.0000000E+00
  0.1894063E-01 -0.4992157E-02  0.1114545E-01  0.0000000E+00
  0.1281556E-01  0.3306340E-04  0.1798546E-04  0.0000000E+00
  0.6779717E-02  0.1799761E-03 -0.3428086E-03  0.0000000E+00
  0.8687738E-02  0.1445060E-03  0.2956529E-03  0.0000000E+00
  0.3240010E-02 -0.8751921E-04 -0.4214418E-03  0.0000000E+00
  0.1060418E-01  0.8466321E-03  0.9379822E-03  0.0000000E+00
  0.2004134E-01 -0.2758657E-02 -0.3008221E-02  0.0000000E+00
  0.1287795E-01  0.8352579E-03 -0.8283029E-03  0.0000000E+00
  0.9909251E-02  0.2851807E-02 -0.1716963E-02  0.0000000E+00
  0.5815420E-02  0.3746394E-02 -0.1084503E-02  0.0000000E+00
 -0.1557120E-02  0.6652390E-02 -0.1732906E-03  0.0000000E+00
 -0.5919254E-02  0.8363381E-02  0.3674740E-03  0.0000000E+00
 -0.2470100E-02 -0.1294894E-03  0.3990124E-04  0.0000000E+00
  0.1707334E-01  0.6708854E-03  0.8577492E-04  0.0000000E+00
  0.5010765E-02 -0.3170569E-03 -0.2151464E-03  0.0000000E+00
 -0.6348904E-02  0.7299955E-03  0.4533205E-03  0.0000000E+00
 -0.1285907E-02 -0.4718338E-03 -0.7730436E-03  0.0000000E+00
  0.1116079E-01 -0.2687725E-03  0.2481378E-02  0.0000000E+00
  0.1235570E-01 -0.1989912E-02  0.2950511E-04  0.0000000E+00
 -0.8316975E-03  0.6584061E-02 -0.3225690E-03  0.0000000E+00
 -0.4469935E-02  0.1085367E-01  0.2113646E-02  0.0000000E+00
  0.4724681E-03  0.8435420E-02  0.2949925E-02  0.0000000E+00
  0.3325095E-02  0.7067089E-02  0.3466947E-02  0.0000000E+00
  0.1078956E-01 -0.3166015E-03 -0.1886241E-04  0.0000000E+00
  0.1501249E-03  0.5871105E-03 -0.2764004E-04  0.0000000E+00
  0.1050434E-01 -0.1777763E-03  0.5262233E-04  0.0000000E+00
  0.2947533E-02  0.6713697E-03  0.3839849E-04  0.0000000E+00
  0.7267847E-02 -0.1121297E-02 -0.2633197E-03  0.0000000E+00
 -0.1532732E-01  0.2564033E-02  0.1091919E-02  0.0000000E+00
 -0.1474740E-01 -0.1741677E-02  0.2218661E-02  0.0000000E+00
 -0.2256978E-01 -0.2423285E-02  0.1830279E-02  0.0000000E+00
 -0.1784065E-01  0.8662140E-03  0.1909098E-02  0.0000000E+00
 -0.8656857E-02  0.3489475E-02  0.2612481E-02  0.0000000E+00
 -0.3228561E-02  0.5062710E-02  0.3025105E-02  0.0000000E+00
  0.1324264E-01 -0.1928634E-03 -0.8878809E-05  0.0000000E+00
  0.6015461E-02 -0.9729494E-03  0.2864286E-03  0.0000000E+00
  0.9191008E-03  0.6788485E-03 -0.1795833E-03  0.0000000E+00
  0.8698225E-03 -0.4602180E-03  0.2228661E-03  0.0000000E+00
  0.8864934E-02  0.3528306E-03 -0.1772495E-03  0.0000000E+00
  0.1968299E-01  0.8817512E-03 -0.2674018E-04  0.0000000E+00
  0.1579555E-01  0.3301915E-02 -0.1959588E-03  0.0000000E+00
  0.2127684E-01  0.9164798E-03  0.1400539E-02  0.0000000E+00
  0.1699163E-01  0.3013730E-02  0.3833189E-02  0.0000000E+00
  0.1023923E-01  0.6901813E-02  0.4220365E-02  0.0000000E+00
  0.6238181E-02  0.9200845E-02  0.4473876E-02  0.0000000E+00
  0.4965776E-02  0.1704772E-03  0.8232109E-04  0.0000000E+00
  0.2779325E-02 -0.4953704E-03  0.4835903E-04  0.0000000E+00
  0.3187039E-02  0.5931081E-03  0.9379570E-04  0.0000000E+00
  0.3247102E-02 -0.4678703E-03 -0.1727189E-03  0.0000000E+00
  0.4190565E-02  0.8981482E-03  0.3961865E-03  0.0000000E+00
 -0.2214241E-02 -0.9814650E-03 -0.9474509E-03  0.0000000E+00
  0.4212646E-02  0.6543414E-03  0.1452048E-03  0.0000000E+00
  0.1859387E-02 -0.1159834E-02 -0.6006985E-03  0.0000000E+00
  0.1551010E-02  0.2293698E-03 -0.4206038E-03  0.0000000E+00
  0.1805072E-02  0.5005650E-03  0.6858794E-03  0.0000000E+00
  0.1950353E-02  0.6749223E-03  0.1335703E-02  0.0000000E+00
 -0.7162470E-02 -0.1596363E-03 -0.1196433E-04  0.0000000E+00
 -0.8681535E-02  0.8621843E-03  0.2056798E-03  0.0000000E+00
 -0.7332586E-03 -0.7942067E-03 -0.6513585E-04  0.0000000E+00
 -0.8078436E-02  0.4457670E-03 -0.2802781E-04  0.0000000E+00
 -0.2820657E-02 -0.4797451E-03  0.4944051E-04  0.0000000E+00
 -0.5893294E-02 -0.1443586E-02  0.1975783E-04  0.0000000E+00
 -0.2622587E-02 -0.2807629E-02 -0.6627411E-03  0.0000000E+00
 -0.6868757E-02  0.2129692E-03  0.3029932E-03  0.0000000E+00
 -0.9076440E-02  0.2922558E-02  0.9304250E-03  0.0000000E+00
 -0.4697565E-02  0.2220435E-02  0.5948606E-03  0.0000000E+00
 -0.2159106E-02  0.1839917E-02  0.4055690E-03  0.0000000E+00
 -0.3739979E-01  0.2080636E-01  0.6378666E-02  0.0000000E+00
 -0.3458360E-01 -0.4127544E-02 -0.4418711E-03  0.0000000E+00
 -0.2367445E-01  0.2710315E-02  0.4477313E-02  0.0000000E+00
 -0.4701811E-01  0.9628073E-02  0.3136578E-03  0.0000000E+00
 -0.3643399E-01  0.2272902E-02  0.2695870E-02  0.0000000E+00
 -0.2241124E-01 -0.2070753E-02 -0.2350459E-02  0.0000000E+00
 -0.1446029E-01 -0.3474681E-02  0.2223347E-02  0.0000000E+00
 -0.3023718E-01  0.7044653E-02  0.3522837E-02  0.0000000E+00
 -0.2662224E-01  0.8233401E-02  0.3749443E-02  0.0000000E+00
 -0.8140268E-02  0.3697368E-02  0.3002785E-02  0.0000000E+00
  0.2718654E-02  0.1054658E-02  0.2568172E-02  0.0000000E+00
 -0.2232912E-01  0.2601648E-01  0.4150160E-02  0.0000000E+00
 -0.4546782E-01  0.5710244E-02  0.1950457E-02  0.0000000E+00
 -0.2009418E-01  0.6792953E-02 -0.2122322E-02  0.0000000E+00
 -0.2786572E-01  0.4131541E-02  0.1764514E-02  0.0000000E+00
 -0.4585118E-01  0.1360029E-01 -0.4862244E-02  0.0000000E+00
 -0.1215957E-01 -0.3349306E-03  0.5614677E-03  0.0000000E+00
 -0.7566930E-02 -0.3667844E-03  0.2802271E-02  0.0000000E+00
 -0.1855499E-01  0.2554244E-02  0.4105559E-03  0.0000000E+00
 -0.1822776E-01 -0.2632400E-03 -0.1318891E-02  0.0000000E+00
 -0.1035437E-01  0.1064884E-02  0.6672365E-03  0.0000000E+00
 -0.5742365E-02  0.1810003E-02  0.1810432E-02  0.0000000E+00
  0.1760458E-01  0.7872657E-02 -0.2746005E-02  0.0000000E+00
  0.2155323E-01 -0.5404127E-02  0.1361128E-04  0.0000000E+00
  0.2920432E-01 -0.6253527E-02 -0.4167026E-02  0.0000000E+00
  0.2276885E-01  0.7457683E-02 -0.6490644E-02  0.0000000E+00
  0.1687137E-01  0.2607321E-02 -0.3603213E-02  0.0000000E+00
  0.2387772E-01  0.1299866E-01 -0.7179250E-03  0.0000000E+00
  0.1125484E-01  0.1115649E-01  0.3459878E-02  0.0000000E+00
  0.1051966E-01  0.1681443E-01  0.2081572E-02  0.0000000E+00
  0.6337385E-02  0.2107517E-01  0.6743911E-03  0.0000000E+00
 -0.4902765E-03  0.2063161E-01  0.5358790E-03  0.0000000E+00
 -0.4533182E-02  0.2042011E-01  0.4389594E-03  0.0000000E+00
 -0.8259486E-02 -0.2219372E-03 -0.6386205E-04  0.0000000E+00
 -0.9341791E-03  0.1467245E-03  0.6235186E-03  0.0000000E+00
 -0.4552324E-02  0.1868071E-04 -0.4827810E-03  0.0000000E+00
  0.4369048E-02 -0.5141899E-03  0.3492022E-03  0.0000000E+00
 -0.5286727E-02  0.5089581E-03 -0.7617697E-03  0.0000000E+00
 -0.9261245E-02 -0.1281617E-02  0.1540348E-02  0.0000000E+00
 -0.2641364E-02  0.7582516E-02 -0.2708760E-02  0.0000000E+00
 -0.6306161E-02  0.1068236E-01  0.1913878E-02  0.0000000E+00
 -0.6124718E-02  0.1163743E-01  0.4912547E-03  0.0000000E+00
 -0.5802252E-02  0.1015266E-01 -0.4606334E-03  0.0000000E+00
 -0.5611461E-02  0.9293364E-02 -0.1033655E-02  0.0000000E+00
  0.7766783E-02  0.1988488E-03 -0.4561635E-05  0.0000000E+00
  0.6657430E-02 -0.2734727E-03 -0.2096516E-03  0.0000000E+00
  0.6847169E-02 -0.4597294E-03  0.1118277E-03  0.0000000E+00
 -0.5434272E-02  0.6808060E-03 -0.2397455E-03  0.0000000E+00
 -0.8896912E-02 -0.7410634E-03  0.4680684E-03  0.0000000E+00
 -0.5813708E-02  0.5802963E-03 -0.9977532E-03  0.0000000E+00
 -0.1459998E-01 -0.3344287E-02  0.3681797E-02  0.0000000E+00
 -0.1083293E-01  0.5418310E-03  0.5555153E-02  0.0000000E+00
 -0.7658083E-02 -0.1808055E-02  0.3524447E-02  0.0000000E+00
 -0.7139128E-02 -0.6636355E-03  0.2231144E-02  0.0000000E+00
 -0.6800679E-02 -0.1887463E-04  0.1451203E-02  0.0000000E+00
  0.2105970E-03 -0.2872584E-03 -0.9556174E-04  0.0000000E+00
  0.7925713E-02  0.5488981E-03  0.2184257E-03  0.0000000E+00
 -0.4381913E-03 -0.6752988E-03 -0.1585362E-04  0.0000000E+00
  0.5932785E-03  0.1982606E-03 -0.1108336E-03  0.0000000E+00
 -0.4349299E-02  0.5946274E-04  0.2606315E-03  0.0000000E+00
 -0.2201769E-02  0.5027334E-04 -0.2714369E-03  0.0000000E+00
  0.1812900E-02 -0.6156771E-02 -0.1137920E-02  0.0000000E+00
  0.3229234E-02  0.1218133E-02 -0.1107558E-02  0.0000000E+00
  0.2212689E-02  0.5208882E-02 -0.7904391E-04  0.0000000E+00
  0.3429180E-02  0.5489710E-02 -0.5898097E-03  0.0000000E+00
  0.4129763E-02  0.5698805E-02 -0.8773063E-03  0.0000000E+00
  0.2851751E-02 -0.9834586E-04  0.2645742E-04  0.0000000E+00
 -0.6826037E-02  0.4119797E-03 -0.3535988E-03  0.0000000E+00
  0.8500961E-02 -0.7571423E-04  0.1784138E-03  0.0000000E+00
  0.5575187E-02  0.3406557E-03  0.1335401E-04  0.0000000E+00
 -0.1876780E-02 -0.3755628E-03  0.2803655E-03  0.0000000E+00
 -0.6893776E-02  0.1382538E-02 -0.1331591E-02  0.0000000E+00
 -0.2898619E-02 -0.1928215E-02  0.2138991E-03  0.0000000E+00
  0.2007785E-02 -0.4298376E-02  0.1229116E-03  0.0000000E+00
  0.3683991E-02 -0.4691673E-02  0.4285577E-03  0.0000000E+00
  0.3165338E-02 -0.3263732E-02  0.1335506E-02  0.0000000E+00
  0.2880173E-02 -0.2432650E-02  0.1870267E-02  0.0000000E+00
 -0.5886372E-02 -0.1013843E-03 -0.8764115E-04  0.0000000E+00
 -0.3729223E-02  0.4368769E-03 -0.8472410E-04  0.0000000E+00
  0.2163696E-02  0.8226343E-04  0.5043577E-04  0.0000000E+00
  0.1132051E-02  0.4367208E-03 -0.1479438E-03  0.0000000E+00
 -0.5360757E-02 -0.7994058E-03  0.1800088E-03  0.0000000E+00
 -0.3397716E-02  0.1578126E-02 -0.6687455E-03  0.0000000E+00
  0.1901485E-02  0.2723034E-02  0.8770926E-03  0.0000000E+00
  0.1704029E-02  0.8846475E-03 -0.6737976E-03  0.0000000E+00
  0.7963426E-03  0.4357179E-02 -0.7131188E-03  0.0000000E+00
 -0.2090872E-03  0.4944311E-02  0.2080404E-03  0.0000000E+00
 -0.8073772E-03  0.5327157E-02  0.7465692E-03  0.0000000E+00
  0.1800787E-02 -0.1687231E-04 -0.7653092E-04  0.0000000E+00
 -0.2102323E-02 -0.6006166E-03 -0.1833205E-03  0.0000000E+00
 -0.6860942E-05  0.3705140E-03  0.1764073E-04  0.0000000E+00
  0.4177978E-02 -0.3192449E-03  0.1524983E-03  0.0000000E+00
 -0.2280815E-02  0.5751159E-03 -0.1975583E-03  0.0000000E+00
  0.1928612E-02 -0.1076204E-02  0.4377973E-03  0.0000000E+00
 -0.3048930E-02  0.1179083E-02  0.2305897E-02  0.0000000E+00
 -0.2368173E-02 -0.4090140E-02  0.6696550E-04  0.0000000E+00
  0.5596468E-03 -0.2839517E-02  0.2530619E-03  0.0000000E+00
  0.2866685E-02 -0.1920024E-02  0.8007952E-03  0.0000000E+00
  0.4249621E-02 -0.1368060E-02  0.1123283E-02  0.0000000E+00
 -0.2040924E-02 -0.1211559E-01  0.9840317E-03  0.0000000E+00
 -0.1101604E-01 -0.3457787E-02  0.4350020E-02  0.0000000E+00
 -0.1422623E-01 -0.1440506E-01  0.1517341E-02  0.0000000E+00
 -0.3904873E-02 -0.7222723E-02  0.2877403E-02  0.0000000E+00
 -0.7059608E-02 -0.9426627E-02  0.5618814E-03  0.0000000E+00
 -0.2314803E-02  0.7075979E-02  0.1287477E-02  0.0000000E+00
  0.6147732E-02  0.4237530E-02  0.9865027E-03  0.0000000E+00
  0.1343973E-01 -0.2203978E-03 -0.2353598E-02  0.0000000E+00
  0.1184271E-01 -0.3870018E-03 -0.3210950E-02  0.0000000E+00
  0.5064171E-02 -0.9907158E-03 -0.3466432E-02  0.0000000E+00
  0.1078467E-02 -0.1345828E-02 -0.3625440E-02  0.0000000E+00
 -0.3204794E-01 -0.9718434E-02 -0.1678273E-02  0.0000000E+00
 -0.3591495E-01 -0.1459804E-01  0.1428151E-02  0.0000000E+00
 -0.1852846E-01 -0.2605757E-01 -0.9777027E-03  0.0000000E+00
 -0.2076204E-01 -0.2325745E-02 -0.2223136E-03  0.0000000E+00
 -0.1683809E-01 -0.8995530E-02  0.2365380E-02  0.0000000E+00
 -0.2353332E-01  0.5129687E-02  0.3435790E-02  0.0000000E+00
 -0.1737061E-01  0.2142825E-02  0.2284098E-02  0.0000000E+00
 -0.1496759E-01 -0.1152435E-02 -0.3600645E-03  0.0000000E+00
 -0.1405132E-01  0.1154990E-03  0.9047746E-03  0.0000000E+00
 -0.3989574E-02 -0.3815673E-03  0.1658800E-02  0.0000000E+00
  0.1910506E-02 -0.6582943E-03  0.2114527E-02  0.0000000E+00
 -0.1126210E-01 -0.4024527E-02 -0.3474977E-02  0.0000000E+00
 -0.5695199E-02 -0.6570930E-02 -0.3148462E-02  0.0000000E+00
 -0.3731283E-02 -0.8161830E-02  0.4547273E-02  0.0000000E+00
 -0.4207517E-02  0.1851263E-02 -0.4084133E-02  0.0000000E+00
 -0.7806983E-02 -0.6404954E-02 -0.2756034E-03  0.0000000E+00
 -0.1004049E-01  0.1110646E-02 -0.2682518E-03  0.0000000E+00
 -0.6094634E-02  0.5087631E-02 -0.1433118E-02  0.0000000E+00
 -0.6855785E-03 -0.1938561E-02 -0.1491825E-02  0.0000000E+00
  0.2370729E-02 -0.2570404E-02 -0.4150847E-05  0.0000000E+00
  0.9704429E-03  0.5524087E-03  0.1167491E-02  0.0000000E+00
  0.1851188E-03  0.2374198E-02  0.1869986E-02  0.0000000E+00
  0.6555719E-02  0.2289933E-03  0.7994562E-04  0.0000000E+00
 -0.1847286E-02 -0.2064537E-03 -0.3115602E-03  0.0000000E+00
 -0.7404276E-02 -0.7596413E-03  0.2147498E-03  0.0000000E+00
  0.5577272E-02  0.1620758E-03 -0.1940052E-03  0.0000000E+00
 -0.5569869E-02 -0.5185938E-03  0.9436553E-04  0.0000000E+00
  0.1336438E-01  0.8983869E-04 -0.7453314E-03  0.0000000E+00
  0.1656962E-01  0.2607338E-02  0.1105180E-02  0.0000000E+00
  0.1887200E-01  0.2007353E-02 -0.9405868E-03  0.0000000E+00
  0.1380024E-01  0.2157966E-02 -0.5354342E-03  0.0000000E+00
  0.7822027E-02  0.2064655E-02 -0.4317441E-03  0.0000000E+00
  0.4264941E-02  0.2011322E-02 -0.3664147E-03  0.0000000E+00
 -0.1988442E-01  0.2186213E-03  0.4011041E-04  0.0000000E+00
 -0.1736568E-01 -0.3080794E-03 -0.4370671E-05  0.0000000E+00
 -0.9295050E-02  0.4624665E-03 -0.1533539E-03  0.0000000E+00
 -0.1287172E-01  0.1893620E-03  0.9824984E-04  0.0000000E+00
 -0.1236206E-01 -0.5148619E-03 -0.1514849E-03  0.0000000E+00
 -0.6808380E-02  0.3162057E-03  0.3130332E-03  0.0000000E+00
 -0.4849550E-02  0.6976001E-03 -0.8285608E-03  0.0000000E+00
 -0.4124882E-02 -0.1503232E-02 -0.8794869E-03  0.0000000E+00
 -0.5079493E-02 -0.4862481E-03 -0.8414925E-04  0.0000000E+00
 -0.1733303E-02 -0.3062666E-02 -0.1505363E-03  0.0000000E+00
  0.2146615E-03 -0.4559614E-02 -0.1802721E-03  0.0000000E+00
 -0.1362130E-01 -0.3607159E-05  0.7086644E-04  0.0000000E+00
 -0.1408283E-01 -0.2299239E-03 -0.7474834E-04  0.0000000E+00
 -0.7910186E-02  0.2630265E-03 -0.7106524E-04  0.0000000E+00
 -0.6863461E-02 -0.4435441E-03  0.2062651E-03  0.0000000E+00
 -0.4430908E-02  0.4207715E-03 -0.4197262E-03  0.0000000E+00
 -0.1218100E-01 -0.1776582E-03  0.4346665E-03  0.0000000E+00
 -0.7347031E-02 -0.4940197E-02  0.1016340E-02  0.0000000E+00
 -0.8034057E-02 -0.2161322E-02  0.8495286E-03  0.0000000E+00
 -0.6324467E-02  0.7504233E-03  0.9153799E-03  0.0000000E+00
 -0.7569034E-03  0.1299206E-02  0.1094598E-02  0.0000000E+00
  0.2521387E-02  0.1652937E-02  0.1200170E-02  0.0000000E+00
  0.1388422E-01  0.5150501E-03  0.3900111E-04  0.0000000E+00
  0.3716593E-02 -0.1564347E-03  0.2673438E-04  0.0000000E+00
  0.2019106E-02  0.7939991E-03 -0.4899801E-04  0.0000000E+00
  0.2390603E-02 -0.9328831E-03  0.7869399E-04  0.0000000E+00
  0.2453000E-02  0.1094187E-02 -0.2664384E-03  0.0000000E+00
  0.2344166E-02 -0.8194396E-03 -0.1194822E-03  0.0000000E+00
  0.4277907E-02  0.2218912E-02 -0.1651809E-03  0.0000000E+00
  0.1365209E-01 -0.2000909E-02  0.6917321E-03  0.0000000E+00
  0.1083024E-01 -0.2155624E-02  0.1337309E-02  0.0000000E+00
  0.6800752E-02  0.2447977E-02  0.1252982E-02  0.0000000E+00
  0.4410604E-02  0.5141334E-02  0.1210635E-02  0.0000000E+00
  0.4423595E-02 -0.3068614E-03  0.9287722E-04  0.0000000E+00
  0.3444233E-02 -0.6387266E-04 -0.1490653E-03  0.0000000E+00
  0.2696875E-02 -0.2480801E-03  0.8187601E-04  0.0000000E+00
  0.3605159E-02  0.2121020E-04 -0.1573991E-03  0.0000000E+00
 -0.4765297E-03 -0.5497920E-03  0.2609021E-03  0.0000000E+00
  0.8503549E-02  0.1196922E-02 -0.7020405E-03  0.0000000E+00
  0.6450496E-02  0.1533287E-02  0.7814311E-03  0.0000000E+00
  0.4808972E-02  0.5754128E-04 -0.8558167E-03  0.0000000E+00
  0.1301652E-02  0.6048069E-03 -0.7206340E-03  0.0000000E+00
 -0.1020488E-02  0.2014309E-02 -0.8005838E-03  0.0000000E+00
 -0.2419073E-02  0.2845748E-02 -0.8459474E-03  0.0000000E+00
 -0.3065131E-02  0.1093676E-03 -0.4664928E-04  0.0000000E+00
 -0.1004699E-01 -0.4762541E-03  0.1594216E-03  0.0000000E+00
 -0.7702855E-04  0.3407235E-03 -0.1943773E-03  0.0000000E+00
 -0.5443778E-02 -0.9885171E-04  0.4137929E-04  0.0000000E+00
 -0.4549958E-02 -0.1662268E-03  0.1811717E-03  0.0000000E+00
 -0.7616261E-02 -0.1019485E-02 -0.8244660E-03  0.0000000E+00
  0.5349903E-03  0.1404278E-02  0.1615180E-02  0.0000000E+00
 -0.3154406E-02  0.1743122E-02 -0.7696440E-03  0.0000000E+00
 -0.3031780E-02  0.4736422E-02 -0.1073399E-02  0.0000000E+00
  0.6464234E-03  0.9888318E-03 -0.9757665E-03  0.0000000E+00
  0.2800664E-02 -0.1171556E-02 -0.9216833E-03  0.0000000E+00
