  3  2   1485 119808  4  4  9 11  5  3    0.00   24.00  100.00  550.00    0.00    6.28   45.00   45.00
  100.0  100.0  100.0  100.0  125.0  150.0  190.0  230.0  275.0  350.0  450.0  600.0  600.0  600.0  600.0
 -0.4114432E+03 -0.7508119E+03  0.2573366E+02  0.0000000E+00
  0.5252513E+03  0.1355716E+04 -0.9613859E+02  0.0000000E+00
 -0.1472088E+03 -0.9661613E+03  0.2167017E+03  0.0000000E+00
  0.2770573E+04 -0.4332754E+03 -0.2447533E+03  0.0000000E+00
  0.2127076E+04 -0.1582289E+04  0.1398141E+03  0.0000000E+00
  0.1902134E+04  0.7807088E+03 -0.1307606E+03  0.0000000E+00
  0.2839548E+04  0.1134069E+02  0.5244722E+03  0.0000000E+00
  0.1435053E+04  0.1126854E+04  0.3612973E+03  0.0000000E+00
  0.3899832E+04  0.3774551E+03  0.2088350E+03  0.0000000E+00
  0.5795816E+04 -0.1990053E+03  0.9155637E+02  0.0000000E+00
  0.6933407E+04 -0.5448816E+03  0.2118918E+02  0.0000000E+00
 -0.4293941E+03 -0.7176938E+03  0.1574294E+02  0.0000000E+00
 -0.2934236E+03  0.7887672E+03  0.1103089E+03  0.0000000E+00
  0.1309207E+03  0.1000704E+03  0.1715639E+03  0.0000000E+00
  0.7077185E+02 -0.5995751E+03  0.8377166E+02  0.0000000E+00
 -0.9923455E+03  0.1304477E+03 -0.3843177E+03  0.0000000E+00
 -0.2311747E+03  0.3447090E+03 -0.4299905E+02  0.0000000E+00
 -0.1163430E+04  0.9544084E+03  0.3551066E+03  0.0000000E+00
 -0.1603893E+04  0.1071655E+04  0.1377235E+03  0.0000000E+00
 -0.2661133E+04  0.7796492E+03 -0.3503468E+02  0.0000000E+00
 -0.3474395E+04  0.5550297E+03 -0.1679256E+03  0.0000000E+00
 -0.3962351E+04  0.4202581E+03 -0.2476602E+03  0.0000000E+00
 -0.2197922E+03  0.1945337E+03  0.2112674E+02  0.0000000E+00
  0.9736709E+02 -0.3654897E+03  0.9403421E+02  0.0000000E+00
  0.6435928E+03  0.3179701E+02  0.1668844E+03  0.0000000E+00
 -0.1691699E+03 -0.2789352E+03 -0.1570004E+02  0.0000000E+00
  0.4132490E+03  0.2040624E+03  0.5742997E+02  0.0000000E+00
  0.2341470E+03  0.2183042E+03  0.2544729E+03  0.0000000E+00
 -0.4765251E+03 -0.7137080E+03  0.1811977E+03  0.0000000E+00
  0.5312228E+03 -0.6433653E+03 -0.1551104E+02  0.0000000E+00
 -0.1057546E+03 -0.6348145E+03 -0.1518509E+03  0.0000000E+00
 -0.5957373E+03 -0.6282370E+03 -0.2567276E+03  0.0000000E+00
 -0.8897269E+03 -0.6242906E+03 -0.3196537E+03  0.0000000E+00
 -0.6635051E+02  0.6766654E+01  0.2197564E+01  0.0000000E+00
  0.7668534E+02 -0.3127706E+02 -0.1006854E+02  0.0000000E+00
 -0.7572028E+02  0.4804996E+02  0.1832629E+02  0.0000000E+00
  0.1446155E+03 -0.7473397E+02 -0.3143433E+02  0.0000000E+00
 -0.2902185E+03  0.1230386E+03  0.5888924E+02  0.0000000E+00
 -0.2201184E+02 -0.1001561E+03 -0.1241905E+03  0.0000000E+00
 -0.7766287E+03  0.2323592E+03  0.1135783E+03  0.0000000E+00
 -0.2849962E+03  0.5091807E+03  0.1979751E+02  0.0000000E+00
 -0.7124804E+03  0.8217133E+02  0.4581140E+02  0.0000000E+00
 -0.1041314E+04 -0.2462974E+03  0.6582209E+02  0.0000000E+00
 -0.1238615E+04 -0.4433787E+03  0.7782851E+02  0.0000000E+00
 -0.3643939E+01  0.8722066E+00 -0.1287331E+00  0.0000000E+00
  0.7168173E+01  0.2426914E+01 -0.7086402E+00  0.0000000E+00
 -0.1696857E+02 -0.5589468E+01 -0.1544077E+01  0.0000000E+00
 -0.1483206E+02  0.1357064E+02 -0.8310366E+00  0.0000000E+00
 -0.1218079E+02 -0.3153960E+02  0.4083343E+01  0.0000000E+00
  0.3927609E+03  0.9480681E+02 -0.1631240E+02  0.0000000E+00
  0.2584838E+03 -0.9835736E+02 -0.9593032E+02  0.0000000E+00
 -0.2339965E+03  0.3966543E+03 -0.4425315E+03  0.0000000E+00
  0.7365469E+01  0.4225163E+03 -0.5160292E+03  0.0000000E+00
  0.1930287E+03  0.4424100E+03 -0.5725658E+03  0.0000000E+00
  0.3044266E+03  0.4543463E+03 -0.6064878E+03  0.0000000E+00
 -0.4433703E+01  0.1472152E+00 -0.9438318E+00  0.0000000E+00
 -0.5749780E+02  0.4786598E+01  0.5161976E+01  0.0000000E+00
  0.4847729E+02 -0.1287998E+02 -0.9802194E+01  0.0000000E+00
 -0.9249818E+02  0.1991500E+02  0.1737925E+02  0.0000000E+00
  0.6443943E+02  0.3163062E+01 -0.3142399E+02  0.0000000E+00
  0.1451541E+03 -0.1629319E+03  0.5948207E+02  0.0000000E+00
  0.1705791E+03  0.4798544E+03 -0.1599787E+02  0.0000000E+00
 -0.2651070E+03 -0.1443648E+03  0.1748474E+02  0.0000000E+00
 -0.1649066E+02  0.1045135E+03 -0.4219473E+02  0.0000000E+00
  0.1747527E+03  0.2959583E+03 -0.8810205E+02  0.0000000E+00
  0.2894987E+03  0.4108253E+03 -0.1156464E+03  0.0000000E+00
 -0.3040782E+01 -0.3324331E+00  0.2829378E+00  0.0000000E+00
 -0.1288884E+02 -0.4441810E+01  0.2177399E+00  0.0000000E+00
  0.5399825E+01  0.1063394E+02  0.9286923E+00  0.0000000E+00
 -0.1696920E+02 -0.2433681E+02  0.8991035E-01  0.0000000E+00
  0.1581537E+03  0.5474037E+02 -0.7266367E+01  0.0000000E+00
 -0.5552446E+03 -0.1894657E+03  0.3416089E+02  0.0000000E+00
  0.3551927E+03  0.3472291E+03  0.1230625E+03  0.0000000E+00
 -0.1142476E+04 -0.9248493E+02 -0.4637606E+02  0.0000000E+00
 -0.5037340E+03 -0.1760098E+03 -0.3740102E+02  0.0000000E+00
 -0.1239385E+02 -0.2402596E+03 -0.3049711E+02  0.0000000E+00
  0.2824102E+03 -0.2788096E+03 -0.2635477E+02  0.0000000E+00
  0.6521462E+01  0.2666651E+01 -0.8651522E+00  0.0000000E+00
  0.8349078E+02 -0.7348045E+01  0.2612902E+01  0.0000000E+00
 -0.1203058E+03  0.7455181E+01 -0.5481645E+01  0.0000000E+00
  0.1927752E+03 -0.1180709E+02  0.9033819E+01  0.0000000E+00
 -0.1184822E+03  0.1303582E+02 -0.1643922E+02  0.0000000E+00
  0.5376233E+02  0.2927483E+02  0.3832123E+02  0.0000000E+00
 -0.1411114E+03 -0.6332315E+02 -0.4601486E+02  0.0000000E+00
  0.5692381E+03  0.1615648E+03  0.1589428E+03  0.0000000E+00
  0.5979998E+03  0.5318734E+02  0.7168929E+02  0.0000000E+00
  0.6201241E+03 -0.3017994E+02  0.4571214E+01  0.0000000E+00
  0.6333987E+03 -0.8020031E+02 -0.3569963E+02  0.0000000E+00
  0.7428088E+01 -0.1717151E+01  0.5012046E+00  0.0000000E+00
 -0.5813426E+01  0.8711106E+00 -0.2734895E+01  0.0000000E+00
  0.1397802E+02  0.3014465E+01  0.4709695E+01  0.0000000E+00
  0.1428144E+02 -0.1596917E+02 -0.6790036E+01  0.0000000E+00
 -0.9886750E+02  0.1155238E+02  0.1530169E+02  0.0000000E+00
  0.1864927E+03  0.6163035E+02 -0.4755193E+02  0.0000000E+00
  0.1200233E+03 -0.3798418E+02 -0.3890843E+02  0.0000000E+00
  0.5776117E+03 -0.6669076E+02  0.4339119E+02  0.0000000E+00
  0.2509717E+03 -0.4997784E+02 -0.7726049E+01  0.0000000E+00
 -0.2900215E+00 -0.3712175E+02 -0.4704701E+02  0.0000000E+00
 -0.1510470E+03 -0.2940809E+02 -0.7063959E+02  0.0000000E+00
  0.1234609E+04 -0.3342295E+03 -0.9927876E+02  0.0000000E+00
  0.2077126E+03 -0.7491874E+02  0.1609452E+03  0.0000000E+00
 -0.4732669E+02 -0.9312236E+03 -0.1114390E+03  0.0000000E+00
 -0.4844481E+03 -0.4461139E+02 -0.2584950E+03  0.0000000E+00
 -0.6523849E+03 -0.7429079E+03  0.1550756E+03  0.0000000E+00
 -0.6723441E+03 -0.5252272E+03 -0.3005585E+02  0.0000000E+00
  0.2457213E+03  0.3618318E+03  0.2142455E+03  0.0000000E+00
 -0.2588787E+03 -0.2839611E+03 -0.1326815E+03  0.0000000E+00
 -0.4752446E+03 -0.2624076E+03 -0.1641586E+03  0.0000000E+00
 -0.6416799E+03 -0.2458279E+03 -0.1883717E+03  0.0000000E+00
 -0.7415411E+03 -0.2358801E+03 -0.2028996E+03  0.0000000E+00
  0.1076308E+04 -0.5354646E+03 -0.1350343E+03  0.0000000E+00
 -0.5274913E+03  0.4689420E+02 -0.5850653E+01  0.0000000E+00
  0.4092619E+03 -0.8112991E+03  0.1232130E+03  0.0000000E+00
 -0.1361005E+04  0.4124381E+03 -0.3967294E+03  0.0000000E+00
 -0.5244471E+03 -0.4839530E+03  0.7134078E+02  0.0000000E+00
 -0.1201811E+04 -0.4506916E+03 -0.2144539E+02  0.0000000E+00
  0.5413337E+03 -0.5074435E+03 -0.3741475E+03  0.0000000E+00
 -0.7544304E+03 -0.6241087E+03 -0.7630636E+02  0.0000000E+00
 -0.5579163E+03 -0.4536461E+03 -0.5197070E+02  0.0000000E+00
 -0.4067514E+03 -0.3225209E+03 -0.3325098E+02  0.0000000E+00
 -0.3160525E+03 -0.2438458E+03 -0.2201914E+02  0.0000000E+00
  0.8454503E+03 -0.3128550E+02 -0.6322404E+02  0.0000000E+00
  0.4119559E+03  0.4496746E+03  0.4410873E+03  0.0000000E+00
 -0.4947508E+03 -0.3284301E+03 -0.3761680E+03  0.0000000E+00
 -0.1937216E+03  0.5046139E+03  0.1570389E+03  0.0000000E+00
  0.1434493E+04  0.2513050E+03 -0.2167904E+03  0.0000000E+00
 -0.4025818E+02  0.7648217E+03  0.2799896E+03  0.0000000E+00
  0.1753798E+04  0.7371434E+03  0.2832478E+03  0.0000000E+00
  0.9819747E+03  0.4423980E+03  0.3528423E+03  0.0000000E+00
  0.3466410E+03 -0.1591378E+03  0.2053917E+03  0.0000000E+00
 -0.1420773E+03 -0.6218577E+03  0.9196820E+02  0.0000000E+00
 -0.4353082E+03 -0.8994897E+03  0.2391408E+02  0.0000000E+00
 -0.5932846E+02 -0.1943811E+01 -0.2588065E+01  0.0000000E+00
  0.2250633E+02  0.8113386E+01  0.1566250E+02  0.0000000E+00
  0.5546254E+02 -0.8968137E+01 -0.2822807E+02  0.0000000E+00
 -0.1120365E+03  0.2385619E+02  0.4448569E+02  0.0000000E+00
  0.2426944E+03 -0.7954981E+02 -0.8481307E+02  0.0000000E+00
 -0.2275148E+03  0.2336416E+03  0.1866470E+03  0.0000000E+00
 -0.6872350E+03  0.5004206E+02 -0.2348255E+03  0.0000000E+00
 -0.1028862E+04  0.4098448E+03 -0.7436912E+02  0.0000000E+00
 -0.1388977E+04  0.2562777E+03 -0.1358296E+03  0.0000000E+00
 -0.1665988E+04  0.1381492E+03 -0.1831069E+03  0.0000000E+00
 -0.1832194E+04  0.6727204E+02 -0.2114733E+03  0.0000000E+00
 -0.1933520E+02  0.1230041E+01  0.2258164E+01  0.0000000E+00
 -0.6653258E+02  0.3355375E+01 -0.9544439E+01  0.0000000E+00
  0.1534226E+03 -0.2846527E+01  0.1487852E+02  0.0000000E+00
 -0.2762286E+03  0.1992089E+02 -0.2373238E+02  0.0000000E+00
  0.1974358E+03 -0.4212982E+02  0.5113563E+02  0.0000000E+00
 -0.2577845E+03  0.7003985E+02 -0.1537622E+03  0.0000000E+00
  0.1598634E+04 -0.4358469E+03 -0.1526737E+03  0.0000000E+00
  0.4876750E+03 -0.2233473E+03  0.1213713E+03  0.0000000E+00
  0.9517590E+03 -0.2231532E+03  0.1436473E+03  0.0000000E+00
  0.1308747E+04 -0.2230039E+03  0.1607826E+03  0.0000000E+00
  0.1522939E+04 -0.2229143E+03  0.1710638E+03  0.0000000E+00
  0.1196277E+02  0.2493174E+01  0.1562708E+01  0.0000000E+00
  0.2713643E+02 -0.3299056E+01 -0.8723146E+01  0.0000000E+00
 -0.1134998E+03  0.1215204E+02  0.1634643E+02  0.0000000E+00
  0.1488648E+03 -0.3080313E+02 -0.2515678E+02  0.0000000E+00
 -0.1575689E+02  0.6628654E+02  0.5207833E+02  0.0000000E+00
 -0.3756223E+02 -0.2072851E+03 -0.1276285E+03  0.0000000E+00
  0.2540062E+03 -0.3013941E+03  0.2760126E+02  0.0000000E+00
  0.7805952E+03 -0.2981243E+02  0.6743958E+02  0.0000000E+00
  0.6621330E+03 -0.1111674E+03  0.1017970E+03  0.0000000E+00
  0.5710083E+03 -0.1737482E+03  0.1282258E+03  0.0000000E+00
  0.5163335E+03 -0.2112967E+03  0.1440831E+03  0.0000000E+00
 -0.5750709E+01 -0.9688394E+00 -0.1459928E+01  0.0000000E+00
  0.2269772E+02  0.1725238E+01  0.6707488E+01  0.0000000E+00
 -0.7462413E+02 -0.8625042E+01 -0.1195298E+02  0.0000000E+00
  0.1347386E+03  0.2205554E+02  0.2013672E+02  0.0000000E+00
 -0.1976922E+03 -0.1987177E+02 -0.4413124E+02  0.0000000E+00
 -0.1016396E+03  0.3317598E+01  0.1209398E+03  0.0000000E+00
  0.1425011E+03  0.6107445E+02  0.8224338E+02  0.0000000E+00
 -0.5271517E+02  0.2704326E+03  0.1454376E+03  0.0000000E+00
  0.1091735E+03 -0.8191158E+02  0.6692181E+02  0.0000000E+00
  0.2337032E+03 -0.3529456E+03  0.6525015E+01  0.0000000E+00
  0.3084210E+03 -0.5155660E+03 -0.2971306E+02  0.0000000E+00
  0.4082703E+01  0.8360592E+00 -0.2848709E+00  0.0000000E+00
 -0.3189542E+02  0.3795883E+01  0.3321938E+01  0.0000000E+00
  0.7762381E+02 -0.2474312E+01 -0.5733422E+01  0.0000000E+00
 -0.6446155E+02  0.2413038E+02  0.9887267E+01  0.0000000E+00
 -0.1159207E+03 -0.6051814E+02 -0.1768671E+02  0.0000000E+00
  0.3518773E+03  0.1746265E+03  0.5433750E+02  0.0000000E+00
 -0.4418307E+03  0.7698560E+02  0.3931387E+02  0.0000000E+00
  0.3319789E+03 -0.6283607E+01  0.4049648E+02  0.0000000E+00
  0.1456319E+02  0.4907617E+02 -0.7537149E+01  0.0000000E+00
 -0.2296027E+03  0.9166062E+02 -0.4448610E+02  0.0000000E+00
 -0.3761022E+03  0.1172113E+03 -0.6665547E+02  0.0000000E+00
 -0.7667829E+01 -0.7906316E+00 -0.5579628E-01  0.0000000E+00
  0.1488973E+02 -0.3800016E+01 -0.1424373E+01  0.0000000E+00
  0.2731196E+02  0.6264453E+00  0.2110228E+01  0.0000000E+00
 -0.2131311E+02 -0.3810319E+01 -0.2575320E+01  0.0000000E+00
  0.4889856E+02  0.4559071E+01  0.7344385E+01  0.0000000E+00
 -0.2194373E+03  0.1533307E+00 -0.2781693E+02  0.0000000E+00
 -0.7499214E+02 -0.6714408E+02 -0.6191599E+02  0.0000000E+00
  0.3455910E+03 -0.6951121E+02  0.1038148E+01  0.0000000E+00
  0.1841577E+03  0.7380191E+00  0.2240668E+02  0.0000000E+00
  0.5997819E+02  0.5477592E+02  0.3884402E+02  0.0000000E+00
 -0.1452950E+02  0.8719865E+02  0.4870642E+02  0.0000000E+00
  0.7085925E+03  0.6168656E+03  0.1079278E+03  0.0000000E+00
  0.2471992E+03 -0.1109506E+04 -0.1880445E+03  0.0000000E+00
 -0.2130749E+02  0.1031997E+04  0.1844375E+03  0.0000000E+00
 -0.5395039E+03 -0.8774516E+02 -0.2559625E+03  0.0000000E+00
  0.3106938E+03  0.5477897E+03  0.1494789E+03  0.0000000E+00
 -0.8466321E+03  0.4399212E+03 -0.3120577E+03  0.0000000E+00
  0.7461505E+03 -0.3744521E+03  0.3358667E+03  0.0000000E+00
 -0.6358101E+03 -0.2238169E+03  0.2421665E+03  0.0000000E+00
 -0.9030388E+03  0.5209852E+02  0.1505948E+03  0.0000000E+00
 -0.1108599E+04  0.2643410E+03  0.8015504E+02  0.0000000E+00
 -0.1231936E+04  0.3916866E+03  0.3789119E+02  0.0000000E+00
  0.3331613E+03  0.6459374E+03  0.4429799E+01  0.0000000E+00
  0.2216463E+03 -0.9023791E+03 -0.1323341E+03  0.0000000E+00
  0.1498955E+03  0.6819576E+03  0.8178541E+02  0.0000000E+00
 -0.4649727E+03  0.1377040E+03 -0.1342178E+03  0.0000000E+00
 -0.3699363E+03  0.7827712E+03 -0.2450982E+02  0.0000000E+00
 -0.4527847E+03  0.2290104E+03 -0.7787283E+02  0.0000000E+00
  0.1895624E+02  0.1126586E+04  0.4402178E+02  0.0000000E+00
 -0.2435042E+03  0.5837049E+03  0.4263632E+03  0.0000000E+00
  0.3417007E+03  0.2329895E+03  0.2441380E+03  0.0000000E+00
  0.7918584E+03 -0.3679154E+02  0.1039647E+03  0.0000000E+00
  0.1061953E+04 -0.1986602E+03  0.1986078E+02  0.0000000E+00
  0.8879258E+02  0.1865319E+03  0.1058317E+03  0.0000000E+00
  0.1251351E+03 -0.9454229E+02 -0.2445595E+02  0.0000000E+00
 -0.3475175E+02  0.1961564E+03  0.7576855E+02  0.0000000E+00
 -0.7329706E+02  0.1676034E+03 -0.8386723E+02  0.0000000E+00
 -0.2810230E+03 -0.2965179E+03 -0.2281114E+03  0.0000000E+00
  0.7401167E+03 -0.7407809E+03 -0.5148234E+03  0.0000000E+00
  0.5325956E+03  0.1577153E+03  0.4352901E+03  0.0000000E+00
 -0.4364456E+03  0.5151374E+03 -0.9475948E+02  0.0000000E+00
 -0.6399362E+03 -0.1037115E+03 -0.9057311E+02  0.0000000E+00
 -0.7964674E+03 -0.5797493E+03 -0.8735274E+02  0.0000000E+00
 -0.8903861E+03 -0.8653719E+03 -0.8542054E+02  0.0000000E+00
  0.9139669E+02  0.4457527E+01  0.1099804E+01  0.0000000E+00
 -0.1710591E+02 -0.2146265E+02 -0.5052435E+01  0.0000000E+00
 -0.1287839E+02  0.4300189E+02  0.9609795E+01  0.0000000E+00
  0.2049123E+02 -0.9158461E+02 -0.1600119E+02  0.0000000E+00
  0.1725635E+02  0.1644633E+03  0.3481298E+02  0.0000000E+00
  0.4388905E+03 -0.2498582E+03 -0.1196134E+03  0.0000000E+00
  0.3789251E+03  0.6035449E+03 -0.9716293E+02  0.0000000E+00
  0.1381766E+04  0.1571847E+03 -0.8301531E+02  0.0000000E+00
  0.1993536E+04 -0.9738269E+02 -0.2125286E+03  0.0000000E+00
  0.2464128E+04 -0.2932037E+03 -0.3121541E+03  0.0000000E+00
  0.2746484E+04 -0.4106963E+03 -0.3719295E+03  0.0000000E+00
  0.2074872E+02 -0.9092931E+00 -0.5941426E+00  0.0000000E+00
 -0.2411839E+02 -0.1356123E+01  0.9330215E-01  0.0000000E+00
  0.5215984E+02  0.1358403E+01 -0.7525256E-01  0.0000000E+00
 -0.3210660E+02 -0.8317853E+01  0.5014489E+00  0.0000000E+00
  0.8384219E+02  0.2423573E+02 -0.2600908E+01  0.0000000E+00
 -0.7910330E+02 -0.2816090E+02  0.1565670E+02  0.0000000E+00
 -0.1352637E+03  0.4479782E+03  0.4756523E+02  0.0000000E+00
 -0.1476601E+04  0.1465513E+03 -0.2368335E+03  0.0000000E+00
 -0.1269977E+04  0.1138433E+03 -0.2953459E+03  0.0000000E+00
 -0.1111035E+04  0.8868348E+02 -0.3403553E+03  0.0000000E+00
 -0.1015670E+04  0.7358755E+02 -0.3673610E+03  0.0000000E+00
  0.2516354E+01 -0.1042451E+01 -0.1443441E+01  0.0000000E+00
 -0.8437713E+01  0.1092932E+02  0.9397832E+01  0.0000000E+00
  0.2239920E+02 -0.1522025E+02 -0.1677313E+02  0.0000000E+00
 -0.5075245E+02  0.3382665E+02  0.3074084E+02  0.0000000E+00
  0.3196380E+02 -0.7116038E+02 -0.5777074E+02  0.0000000E+00
 -0.2961524E+03  0.1248360E+03  0.1477605E+03  0.0000000E+00
 -0.8471946E+02 -0.2465406E+03 -0.4805529E+02  0.0000000E+00
  0.4521992E+03 -0.2087380E+03 -0.4070378E+02  0.0000000E+00
  0.1957168E+03 -0.6562372E+02 -0.1142499E+03  0.0000000E+00
 -0.1577320E+01  0.4446420E+02 -0.1708239E+03  0.0000000E+00
 -0.1199538E+03  0.1105170E+03 -0.2047682E+03  0.0000000E+00
  0.1685216E+02  0.3470922E+01  0.1829668E+01  0.0000000E+00
 -0.1182830E+02 -0.1434080E+02 -0.9735790E+01  0.0000000E+00
 -0.8673411E+01  0.1956437E+02  0.1754197E+02  0.0000000E+00
 -0.1095149E+02 -0.1521572E+02 -0.2968943E+02  0.0000000E+00
  0.1588241E+02  0.2791275E+02  0.4949150E+02  0.0000000E+00
 -0.1195765E+03 -0.6767744E+02 -0.6138896E+02  0.0000000E+00
 -0.1780957E+03 -0.9286932E+02  0.2061473E+03  0.0000000E+00
 -0.3778908E+03 -0.5675144E+02 -0.2776109E+03  0.0000000E+00
 -0.1925395E+03 -0.2816203E+03 -0.7119426E+02  0.0000000E+00
 -0.4996134E+02 -0.4545964E+03  0.8758785E+02  0.0000000E+00
  0.3558549E+02 -0.5583820E+03  0.1828571E+03  0.0000000E+00
 -0.2445668E+02 -0.7562944E+00 -0.2150254E+00  0.0000000E+00
  0.3490099E+02 -0.3528592E+01  0.1230995E+01  0.0000000E+00
 -0.4852548E+02  0.6959399E+01 -0.1927955E+01  0.0000000E+00
  0.8471972E+02 -0.1682846E+02  0.2762406E+01  0.0000000E+00
  0.4102734E+01  0.2509092E+02 -0.2972742E+01  0.0000000E+00
  0.3688026E+02 -0.4987751E+02 -0.2712853E+01  0.0000000E+00
  0.1589355E+03 -0.2917124E+02 -0.1060399E+03  0.0000000E+00
  0.1368575E+03  0.8564468E-01  0.1254205E+03  0.0000000E+00
  0.3921696E+02 -0.2861205E+02  0.2625429E+02  0.0000000E+00
 -0.3589113E+02 -0.5068723E+02 -0.5002742E+02  0.0000000E+00
 -0.8095598E+02 -0.6393233E+02 -0.9579645E+02  0.0000000E+00
 -0.5040945E+01 -0.2090235E+01  0.4050997E+00  0.0000000E+00
  0.6858329E+02  0.8492754E+01 -0.2008726E+01  0.0000000E+00
 -0.8929427E+02 -0.1339842E+02  0.3673629E+01  0.0000000E+00
  0.1000044E+03  0.2650996E+02 -0.4947566E+01  0.0000000E+00
 -0.1965722E+03 -0.3840248E+02  0.1142077E+02  0.0000000E+00
  0.3282420E+03  0.5505346E+02 -0.5148682E+02  0.0000000E+00
 -0.4563363E+03 -0.6679829E+02 -0.8611773E+01  0.0000000E+00
  0.1254207E+04 -0.1488102E+03 -0.9423153E+02  0.0000000E+00
  0.6709595E+03 -0.1603831E+03 -0.4429224E+02  0.0000000E+00
  0.2223071E+03 -0.1692853E+03 -0.5877411E+01  0.0000000E+00
 -0.4688434E+02 -0.1746266E+03  0.1717149E+02  0.0000000E+00
 -0.8185796E+03  0.2888228E+03  0.3499672E+02  0.0000000E+00
 -0.3758797E+03 -0.8327839E+02  0.3536266E+02  0.0000000E+00
 -0.2002880E+02  0.1359675E+03 -0.8543134E+02  0.0000000E+00
 -0.8565596E+02 -0.1043063E+03  0.2399143E+03  0.0000000E+00
 -0.2936165E+03  0.2096912E+03 -0.3346715E+02  0.0000000E+00
  0.1004536E+03  0.1675570E+03  0.2235809E+01  0.0000000E+00
 -0.8845248E+03 -0.2122537E+03  0.1429896E+02  0.0000000E+00
  0.8046634E+03  0.8786753E+02  0.8526786E+01  0.0000000E+00
  0.6100271E+03  0.8799695E+02  0.5328004E+01  0.0000000E+00
  0.4603069E+03  0.8809648E+02  0.2867413E+01  0.0000000E+00
  0.3704747E+03  0.8815621E+02  0.1391056E+01  0.0000000E+00
 -0.6023808E+03  0.3240036E+03  0.3576863E+02  0.0000000E+00
 -0.5052352E+02 -0.2115802E+03  0.4178852E+02  0.0000000E+00
  0.2343947E+03  0.3774363E+03 -0.9644845E+02  0.0000000E+00
  0.6609849E+02 -0.1698000E+03  0.1635134E+03  0.0000000E+00
 -0.4369205E+03  0.2320963E+02 -0.2649370E+02  0.0000000E+00
 -0.1863250E+03  0.1947900E+03 -0.1906633E+03  0.0000000E+00
 -0.3679109E+02  0.1766931E+03 -0.3657994E+02  0.0000000E+00
 -0.4064478E+02  0.5815026E+02 -0.2217200E+03  0.0000000E+00
 -0.6448122E+02 -0.1793753E+03 -0.1762317E+03  0.0000000E+00
 -0.8281700E+02 -0.3620872E+03 -0.1412407E+03  0.0000000E+00
 -0.9381846E+02 -0.4717144E+03 -0.1202461E+03  0.0000000E+00
 -0.3696908E+03 -0.1167637E+03 -0.7375204E+01  0.0000000E+00
 -0.4486834E+03  0.7580409E+02 -0.3203960E+02  0.0000000E+00
  0.5166983E+03 -0.9719200E+02 -0.4002942E+01  0.0000000E+00
  0.2399278E+03  0.9215274E+02  0.1837740E+03  0.0000000E+00
 -0.4024971E+03 -0.4587826E+03 -0.2898093E+02  0.0000000E+00
  0.5809403E+03 -0.1549761E+03  0.7729199E+02  0.0000000E+00
 -0.1736088E+04 -0.4407790E+03 -0.2138117E+02  0.0000000E+00
  0.4198547E+03  0.1199414E+03 -0.5640037E+02  0.0000000E+00
  0.2015967E+03 -0.2544767E+03 -0.5718434E+02  0.0000000E+00
  0.3370576E+02 -0.5424905E+03 -0.5778743E+02  0.0000000E+00
 -0.6702876E+02 -0.7152988E+03 -0.5814927E+02  0.0000000E+00
  0.2722449E+02 -0.2464056E+01 -0.3579579E+00  0.0000000E+00
 -0.4130520E+02  0.8604959E+01  0.8933807E+00  0.0000000E+00
  0.1673646E+02 -0.1586340E+02 -0.1518375E+01  0.0000000E+00
  0.1285468E+02  0.9146344E+01  0.3702255E+01  0.0000000E+00
  0.3360522E+02 -0.2532010E+02 -0.5782268E+01  0.0000000E+00
 -0.7508729E+02  0.1330152E+03  0.1331502E+02  0.0000000E+00
  0.2863572E+03  0.2531742E+02  0.1673409E+02  0.0000000E+00
 -0.2313926E+03  0.1592337E+03  0.8118489E+02  0.0000000E+00
 -0.7210198E+02  0.9160834E+02  0.7971172E+02  0.0000000E+00
  0.5042932E+02  0.3958887E+02  0.7857850E+02  0.0000000E+00
  0.1239481E+03  0.8377192E+01  0.7789857E+02  0.0000000E+00
  0.1787796E+02 -0.3275990E+01  0.6744791E+00  0.0000000E+00
  0.4023510E+02  0.1426006E+02 -0.3381613E+01  0.0000000E+00
 -0.6818105E+02 -0.2591306E+02  0.5929577E+01  0.0000000E+00
  0.1182839E+03  0.3948217E+02 -0.1142707E+02  0.0000000E+00
 -0.2602647E+03 -0.6749950E+02  0.1778769E+02  0.0000000E+00
  0.2833390E+03  0.1322520E+03 -0.2552583E+02  0.0000000E+00
 -0.7994181E+03 -0.6009237E+02 -0.1039318E+03  0.0000000E+00
  0.1482456E+03 -0.7254132E+02  0.6463019E+02  0.0000000E+00
  0.2733433E+03  0.2763909E+02  0.2729054E+02  0.0000000E+00
  0.3695721E+03  0.1047010E+03 -0.1432301E+01  0.0000000E+00
  0.4273095E+03  0.1509381E+03 -0.1866600E+02  0.0000000E+00
  0.7115469E+01  0.2661084E+01  0.2599077E+00  0.0000000E+00
 -0.1246402E+00 -0.6318328E+01 -0.2562537E+01  0.0000000E+00
  0.1817044E+02  0.8682060E+01  0.5552011E+01  0.0000000E+00
 -0.3385018E+02 -0.9353130E+01 -0.7605161E+01  0.0000000E+00
  0.6591850E+02  0.3512597E+02  0.1417483E+02  0.0000000E+00
 -0.8812593E+02 -0.1583150E+03 -0.3752256E+02  0.0000000E+00
 -0.9953511E+02  0.1287058E+03  0.2899068E+02  0.0000000E+00
  0.5005220E+03 -0.3841899E+01  0.3486962E+02  0.0000000E+00
  0.1272679E+03 -0.2850680E+02  0.2542963E+02  0.0000000E+00
 -0.1598506E+03 -0.4747978E+02  0.1816811E+02  0.0000000E+00
 -0.3321218E+03 -0.5886357E+02  0.1381119E+02  0.0000000E+00
  0.1805992E+02  0.3292334E+01 -0.2034113E+01  0.0000000E+00
 -0.2213477E+02 -0.1554459E+02  0.1007736E+02  0.0000000E+00
 -0.3009184E+02  0.2606032E+02 -0.1722567E+02  0.0000000E+00
  0.3614650E+02 -0.4052115E+02  0.2914849E+02  0.0000000E+00
  0.6563262E+02  0.6850613E+02 -0.5164462E+02  0.0000000E+00
 -0.2975839E+03 -0.1711864E+03  0.9211863E+02  0.0000000E+00
  0.3593885E+02  0.8030603E+02 -0.1328765E+03  0.0000000E+00
 -0.1216762E+03 -0.1424200E+03  0.1901623E+03  0.0000000E+00
 -0.1457402E+03  0.5783557E+01  0.5414414E+02  0.0000000E+00
 -0.1642510E+03  0.1197863E+03 -0.5048526E+02  0.0000000E+00
 -0.1753574E+03  0.1881879E+03 -0.1132629E+03  0.0000000E+00
 -0.9540467E+01 -0.2416282E+01  0.1730671E+00  0.0000000E+00
  0.2240535E+02  0.5731409E+01 -0.1412456E+00  0.0000000E+00
 -0.1819509E+02 -0.1405851E+02 -0.3868598E+00  0.0000000E+00
 -0.9698580E+01 -0.1026810E+01 -0.2391582E+01  0.0000000E+00
  0.1125498E+02 -0.2148916E+01  0.1998445E+01  0.0000000E+00
 -0.4555153E+02  0.3672675E+02  0.6903478E+01  0.0000000E+00
 -0.5007231E+01 -0.4065092E+01  0.3819296E+02  0.0000000E+00
  0.1424699E+02 -0.1677232E+02  0.3054857E+01  0.0000000E+00
  0.1560634E+02 -0.3522757E+02 -0.7229372E+01  0.0000000E+00
  0.1665194E+02 -0.4942391E+02 -0.1514033E+02  0.0000000E+00
  0.1727931E+02 -0.5794171E+02 -0.1988690E+02  0.0000000E+00
  0.1826155E+02  0.8171512E+00 -0.3323636E+00  0.0000000E+00
 -0.1835102E+02  0.2448396E+01  0.1480133E+01  0.0000000E+00
  0.5874823E+02 -0.3086791E+01 -0.2232844E+01  0.0000000E+00
 -0.7908966E+02  0.7982812E+01  0.4513684E+01  0.0000000E+00
  0.9091530E+02 -0.1833224E+02 -0.6734532E+01  0.0000000E+00
  0.2610654E+03  0.7868468E+02  0.5814153E+01  0.0000000E+00
  0.7371067E+02 -0.3422768E+02 -0.4858265E+02  0.0000000E+00
  0.6319090E+03 -0.5674589E+01  0.8165765E+02  0.0000000E+00
  0.2880277E+03 -0.8506430E+02  0.4339599E+01  0.0000000E+00
  0.2350361E+02 -0.1461333E+03 -0.5513582E+02  0.0000000E+00
 -0.1352108E+03 -0.1827747E+03 -0.9082108E+02  0.0000000E+00
 -0.9755424E+03  0.1881246E+03  0.2809836E+02  0.0000000E+00
 -0.2835998E+03 -0.1368897E+03  0.3353618E+02  0.0000000E+00
  0.1781865E+03  0.2305051E+03  0.4241229E+02  0.0000000E+00
 -0.7259932E+03 -0.7287774E+02 -0.1288500E+03  0.0000000E+00
  0.1355288E+03  0.1974089E+03  0.8482643E+02  0.0000000E+00
 -0.1972549E+02 -0.1625071E+03  0.1219716E+03  0.0000000E+00
 -0.2894411E+03 -0.1863350E+03  0.1040255E+03  0.0000000E+00
  0.6821306E+02 -0.1951995E+01 -0.9086132E+02  0.0000000E+00
 -0.8988980E+02  0.4176880E+02 -0.7666784E+02  0.0000000E+00
 -0.2115073E+03  0.7540017E+02 -0.6574976E+02  0.0000000E+00
 -0.2844778E+03  0.9557900E+02 -0.5919892E+02  0.0000000E+00
 -0.1336182E+04  0.7713702E+02  0.6450514E+02  0.0000000E+00
 -0.2717942E+03 -0.1355784E+03  0.4325874E+01  0.0000000E+00
  0.4219438E+02  0.8886679E+02  0.7065131E+02  0.0000000E+00
 -0.1525409E+03 -0.1857593E+03 -0.2238879E+03  0.0000000E+00
 -0.1638369E+03  0.1605813E+02  0.8192807E+02  0.0000000E+00
 -0.1765809E+03  0.7043442E+02 -0.1541739E+03  0.0000000E+00
 -0.3116208E+03 -0.2447031E+03  0.1251482E+02  0.0000000E+00
 -0.8799540E+03  0.5071769E+02 -0.1679911E+03  0.0000000E+00
 -0.7268549E+03 -0.1176146E+03 -0.7460062E+02  0.0000000E+00
 -0.6090863E+03 -0.2471009E+03 -0.2761768E+01  0.0000000E+00
 -0.5384252E+03 -0.3247928E+03  0.4034154E+02  0.0000000E+00
 -0.3233538E+03 -0.6164818E+02  0.2348667E+02  0.0000000E+00
  0.4225843E+02 -0.2249071E+03 -0.1020333E+02  0.0000000E+00
  0.1933263E+02  0.1310254E+03  0.1964329E+02  0.0000000E+00
  0.1953624E+03 -0.2286017E+03 -0.3567094E+01  0.0000000E+00
 -0.2205326E+03  0.1206632E+03  0.7192469E+02  0.0000000E+00
  0.5452850E+03 -0.1374700E+03  0.1937642E+03  0.0000000E+00
 -0.6179450E+03 -0.5787529E+02  0.4990421E+02  0.0000000E+00
 -0.1267143E+03 -0.4959066E+01  0.8410142E+01  0.0000000E+00
 -0.7399634E+02 -0.3162349E+02 -0.1352099E+02  0.0000000E+00
 -0.3344411E+02 -0.5213464E+02 -0.3039109E+02  0.0000000E+00
 -0.9112757E+01 -0.6444131E+02 -0.4051315E+02  0.0000000E+00
  0.9994600E+02  0.4151313E+01 -0.5264605E-01  0.0000000E+00
  0.1777364E+02 -0.2279399E+02 -0.8015813E+00  0.0000000E+00
 -0.5551933E+02  0.3465453E+02  0.2005126E+00  0.0000000E+00
  0.5678917E+02 -0.3981595E+02 -0.7986650E-01  0.0000000E+00
 -0.1282058E+03  0.7599134E+02 -0.4765819E+01  0.0000000E+00
  0.2885567E+03 -0.8965342E+02  0.2075168E+02  0.0000000E+00
 -0.9458428E+02  0.1003101E+03 -0.1137151E+03  0.0000000E+00
  0.5208717E+03 -0.1140798E+03 -0.4833067E+02  0.0000000E+00
  0.1949961E+03  0.5030513E+02 -0.2927912E+02  0.0000000E+00
 -0.5567750E+02  0.1767551E+03 -0.1462410E+02  0.0000000E+00
 -0.2060817E+03  0.2526250E+03 -0.5831078E+01  0.0000000E+00
  0.1345784E+02 -0.1625808E+01 -0.6910377E+00  0.0000000E+00
 -0.1062887E+02  0.1345179E+02  0.1995854E+01  0.0000000E+00
 -0.4035558E+01 -0.1992059E+02 -0.3544180E+01  0.0000000E+00
 -0.4246846E+02  0.1846011E+02  0.6213762E+01  0.0000000E+00
 -0.3017790E+02 -0.4001927E+02 -0.1218708E+02  0.0000000E+00
 -0.2257395E+03  0.8261780E+02  0.1832922E+02  0.0000000E+00
  0.2132006E+02 -0.2609558E+03 -0.2169967E+02  0.0000000E+00
 -0.4596919E+03  0.9771744E+02  0.1208110E+03  0.0000000E+00
 -0.1842054E+03 -0.1469730E+03  0.7483046E+02  0.0000000E+00
  0.2770740E+02 -0.3351965E+03  0.3946082E+02  0.0000000E+00
  0.1548550E+03 -0.4481305E+03  0.1823904E+02  0.0000000E+00
  0.1882334E+01 -0.1090707E+00 -0.6378430E+00  0.0000000E+00
 -0.4402319E+02  0.5912449E+01  0.3283609E+01  0.0000000E+00
  0.7641767E+02 -0.1082162E+02 -0.5648588E+01  0.0000000E+00
 -0.4585617E+02  0.1857439E+02  0.1052720E+02  0.0000000E+00
  0.9211991E+02 -0.2347026E+02 -0.1439465E+02  0.0000000E+00
 -0.1653026E+03  0.2519954E+02  0.1839246E+01  0.0000000E+00
  0.4656319E+02  0.3095171E+02 -0.9391968E+01  0.0000000E+00
  0.4427786E+02  0.3937886E+01  0.3616214E+02  0.0000000E+00
  0.6814926E+02  0.1498078E+02  0.1220472E+02  0.0000000E+00
  0.8651187E+02  0.2347530E+02 -0.6224070E+01  0.0000000E+00
  0.9752944E+02  0.2857201E+02 -0.1728134E+02  0.0000000E+00
 -0.9668911E+01 -0.7728188E-01 -0.7926249E+00  0.0000000E+00
 -0.4663429E+01  0.4280336E+01  0.3330493E+01  0.0000000E+00
  0.9773329E+00 -0.3033129E+01 -0.6132999E+01  0.0000000E+00
  0.3455999E+02 -0.4031203E+01  0.9206088E+01  0.0000000E+00
  0.7578270E+02 -0.1938860E+01 -0.1766920E+02  0.0000000E+00
 -0.2071441E+03 -0.3685614E+02  0.2577259E+02  0.0000000E+00
  0.1785494E+03  0.1103560E+03  0.1454362E+02  0.0000000E+00
  0.4091755E+03  0.5880775E+02  0.5252552E+02  0.0000000E+00
  0.1427676E+03 -0.8765813E+01  0.3674431E+01  0.0000000E+00
 -0.6216163E+02 -0.6074548E+02 -0.3390335E+02  0.0000000E+00
 -0.1851191E+03 -0.9193328E+02 -0.5645001E+02  0.0000000E+00
 -0.1052682E+02 -0.1667090E+01  0.1370324E+00  0.0000000E+00
  0.5807146E+01  0.6358439E+01  0.1776804E+00  0.0000000E+00
 -0.9168151E+01 -0.1199161E+02 -0.4874985E+00  0.0000000E+00
 -0.4983452E+02  0.1702232E+02  0.4315539E+00  0.0000000E+00
  0.7743590E+02 -0.1976019E+02 -0.1106617E+01  0.0000000E+00
 -0.2644525E+03  0.6969257E+01  0.2229488E+02  0.0000000E+00
  0.3373531E+03 -0.2689676E+02  0.1936603E+02  0.0000000E+00
 -0.2607666E+03  0.6772292E+02  0.3368686E+02  0.0000000E+00
 -0.1162421E+01  0.1211888E+02  0.1371208E+02  0.0000000E+00
  0.1985332E+03 -0.3065348E+02 -0.1653144E+01  0.0000000E+00
  0.3183505E+03 -0.5631689E+02 -0.1087228E+02  0.0000000E+00
 -0.5737595E+01  0.2115477E+00  0.6252040E+00  0.0000000E+00
  0.2444274E+02 -0.6271822E+01 -0.3528557E+01  0.0000000E+00
 -0.5047452E+02  0.1129523E+02  0.5848282E+01  0.0000000E+00
  0.6525550E+02 -0.1504933E+02 -0.8519786E+01  0.0000000E+00
 -0.5340198E+02  0.2176090E+02  0.1378085E+02  0.0000000E+00
  0.2604521E+03 -0.1622406E+02 -0.1877203E+02  0.0000000E+00
 -0.6301836E+02  0.3463836E+02 -0.1644343E+02  0.0000000E+00
  0.3117569E+03  0.4423762E+01 -0.4467728E+01  0.0000000E+00
  0.5608766E+02 -0.3028378E+02  0.2210533E+01  0.0000000E+00
 -0.1405810E+03 -0.5698190E+02  0.7347647E+01  0.0000000E+00
 -0.2585822E+03 -0.7300077E+02  0.1042992E+02  0.0000000E+00
  0.2154339E+02  0.2760163E+02 -0.9637934E+00  0.0000000E+00
 -0.8156641E+01 -0.4842577E+02  0.3243291E+01  0.0000000E+00
  0.2244942E+02  0.3643952E+02 -0.7736537E+01  0.0000000E+00
 -0.7318575E+02  0.1930999E+02  0.8018238E+01  0.0000000E+00
 -0.3728705E+02  0.5054308E+02 -0.6141091E+01  0.0000000E+00
 -0.2644611E+02 -0.1776134E+02  0.6419607E+01  0.0000000E+00
 -0.5881308E+02  0.5315089E+01 -0.2031159E+02  0.0000000E+00
 -0.1306691E+02 -0.4142289E+02 -0.1542473E+02  0.0000000E+00
 -0.8846735E+02 -0.1029016E+02 -0.8840487E+01  0.0000000E+00
 -0.1464677E+03  0.1365809E+02 -0.3775688E+01  0.0000000E+00
 -0.1812679E+03  0.2802704E+02 -0.7368091E+00  0.0000000E+00
  0.1501502E+02  0.2644703E+02 -0.6142256E+00  0.0000000E+00
  0.1397917E+02 -0.2926577E+02 -0.4091359E+01  0.0000000E+00
 -0.2124506E+01 -0.1981157E+01 -0.6582132E+01  0.0000000E+00
 -0.1326508E+02  0.1678766E+02 -0.2804892E+01  0.0000000E+00
  0.1506130E+02 -0.2437263E+01  0.1268308E+02  0.0000000E+00
 -0.1122117E+02 -0.1079791E+02  0.3329638E+01  0.0000000E+00
  0.1666970E+02 -0.2309481E+02 -0.1276567E+02  0.0000000E+00
  0.3849178E+02 -0.2765800E+02 -0.2477886E+01  0.0000000E+00
  0.6381419E+02 -0.2062937E+02  0.2180239E+01  0.0000000E+00
  0.8329296E+02 -0.1522273E+02  0.5763413E+01  0.0000000E+00
  0.9498023E+02 -0.1197875E+02  0.7913317E+01  0.0000000E+00
  0.8445761E+01 -0.7198519E+01 -0.7917606E+00  0.0000000E+00
 -0.2388843E+01  0.1311057E+02 -0.3275099E+01  0.0000000E+00
 -0.2581591E+02 -0.6107067E+00 -0.6401968E+01  0.0000000E+00
  0.4957606E+01  0.9041119E+01  0.9587392E+00  0.0000000E+00
 -0.1773497E+02 -0.9260872E+01 -0.2681757E+01  0.0000000E+00
 -0.5228877E+01 -0.1110330E+02 -0.9060478E+01  0.0000000E+00
  0.2080424E+02  0.2578570E+02 -0.5823248E+01  0.0000000E+00
 -0.1742184E+02  0.2273249E+02  0.6860899E+00  0.0000000E+00
  0.9875100E+01  0.2559688E+02  0.6897851E+01  0.0000000E+00
  0.3087275E+02  0.2780025E+02  0.1167613E+02  0.0000000E+00
  0.4347134E+02  0.2912228E+02  0.1454309E+02  0.0000000E+00
  0.2469313E+01 -0.2707281E+00 -0.8361216E-01  0.0000000E+00
 -0.2736349E+01  0.1267139E+01  0.3848508E+00  0.0000000E+00
  0.2524070E+01 -0.2031768E+01 -0.7015916E+00  0.0000000E+00
 -0.4813608E+01  0.3184891E+01  0.1194962E+01  0.0000000E+00
  0.9393784E+01 -0.5109827E+01 -0.2202763E+01  0.0000000E+00
  0.2631801E+00  0.4345777E+01  0.4534458E+01  0.0000000E+00
  0.2761507E+02 -0.1135388E+02 -0.4299403E+01  0.0000000E+00
  0.7594080E+01 -0.2025708E+02 -0.1643982E+01  0.0000000E+00
  0.1961662E+02 -0.3691553E+01 -0.1778250E+01  0.0000000E+00
  0.2886472E+02  0.9051160E+01 -0.1881533E+01  0.0000000E+00
  0.3441359E+02  0.1669679E+02 -0.1943503E+01  0.0000000E+00
  0.1329237E+00 -0.4689425E-01  0.6204036E-02  0.0000000E+00
 -0.5126112E+00 -0.2133172E-01  0.1968231E-01  0.0000000E+00
  0.8277340E+00  0.1032084E+00  0.6752105E-01  0.0000000E+00
  0.8801319E+00 -0.4202142E+00  0.1674540E-01  0.0000000E+00
  0.2075103E+00  0.9515428E+00 -0.1041452E+00  0.0000000E+00
 -0.1300497E+02 -0.2663364E+01  0.5474607E+00  0.0000000E+00
 -0.1151838E+02  0.4642223E+01  0.4006991E+01  0.0000000E+00
  0.3842438E+01 -0.1406207E+02  0.1703776E+02  0.0000000E+00
 -0.3659347E+01 -0.1529726E+02  0.1998277E+02  0.0000000E+00
 -0.9429960E+01 -0.1624740E+02  0.2224815E+02  0.0000000E+00
 -0.1289233E+02 -0.1681749E+02  0.2360738E+02  0.0000000E+00
  0.1265857E+00 -0.8833343E-02  0.3390151E-01  0.0000000E+00
  0.2169721E+01 -0.1626493E+00 -0.1868101E+00  0.0000000E+00
 -0.1389873E+01  0.3967185E+00  0.3545966E+00  0.0000000E+00
  0.2597625E+01 -0.4860929E+00 -0.6284046E+00  0.0000000E+00
 -0.1341234E+01 -0.3757517E+00  0.1108298E+01  0.0000000E+00
 -0.4089224E+01  0.6638101E+01 -0.1984005E+01  0.0000000E+00
 -0.1186258E+01 -0.2008000E+02  0.3190188E+00  0.0000000E+00
  0.1799974E+02  0.2512926E+01 -0.4644217E+00  0.0000000E+00
  0.6747650E+01 -0.4501397E+01  0.1494169E+01  0.0000000E+00
 -0.1907806E+01 -0.9897030E+01  0.3000778E+01  0.0000000E+00
 -0.7101080E+01 -0.1313441E+02  0.3904744E+01  0.0000000E+00
  0.1102869E+00  0.1010583E-01 -0.7989020E-02  0.0000000E+00
  0.1000106E+01  0.1888125E+00 -0.2254910E-01  0.0000000E+00
 -0.7212652E+00 -0.4088595E+00 -0.7589364E-02  0.0000000E+00
  0.4576616E+00  0.8251651E+00 -0.4226200E-01  0.0000000E+00
 -0.5895462E+01 -0.1930600E+01  0.3105323E+00  0.0000000E+00
  0.2032862E+02  0.6748514E+01 -0.1301564E+01  0.0000000E+00
 -0.1659633E+02 -0.1357737E+02 -0.4693356E+01  0.0000000E+00
  0.4046713E+02  0.4158182E+01  0.1280333E+01  0.0000000E+00
  0.1608074E+02  0.6236829E+01  0.1108164E+01  0.0000000E+00
 -0.2678024E+01  0.7835787E+01  0.9757252E+00  0.0000000E+00
 -0.1393328E+02  0.8795162E+01  0.8962622E+00  0.0000000E+00
 -0.1938291E+00 -0.1036231E+00  0.3250545E-01  0.0000000E+00
 -0.3356016E+01  0.3183258E+00 -0.9819778E-01  0.0000000E+00
  0.4468381E+01 -0.3780885E+00  0.2074654E+00  0.0000000E+00
 -0.6976075E+01  0.4880064E+00 -0.3368305E+00  0.0000000E+00
  0.4890139E+01 -0.6001503E+00  0.6152210E+00  0.0000000E+00
 -0.2894443E+01 -0.8541491E+00 -0.1474043E+01  0.0000000E+00
  0.5615003E+01  0.3417942E+01  0.1600804E+01  0.0000000E+00
 -0.2058018E+02 -0.5468223E+01 -0.5790761E+01  0.0000000E+00
 -0.2024645E+02 -0.1781533E+01 -0.2725351E+01  0.0000000E+00
 -0.1998974E+02  0.1054382E+01 -0.3673429E+00  0.0000000E+00
 -0.1983571E+02  0.2755931E+01  0.1047462E+01  0.0000000E+00
 -0.2604596E+00  0.6343883E-01 -0.2023482E-01  0.0000000E+00
 -0.9587451E-02 -0.2829038E-01  0.1087368E+00  0.0000000E+00
 -0.2283941E+00 -0.1049728E+00 -0.1876100E+00  0.0000000E+00
 -0.7043019E+00  0.5703254E+00  0.2709011E+00  0.0000000E+00
  0.3911294E+01 -0.4703172E+00 -0.5910387E+00  0.0000000E+00
 -0.7264179E+01 -0.2177128E+01  0.1777762E+01  0.0000000E+00
 -0.3639821E+01  0.1503929E+01  0.1538559E+01  0.0000000E+00
 -0.1959581E+02  0.1919792E+01 -0.1522323E+01  0.0000000E+00
 -0.9747279E+01  0.1554329E+01  0.3202072E+00  0.0000000E+00
 -0.2171479E+01  0.1273203E+01  0.1737538E+01  0.0000000E+00
  0.2374000E+01  0.1104528E+01  0.2587937E+01  0.0000000E+00
 -0.4596320E+02  0.1199654E+02  0.3631062E+01  0.0000000E+00
 -0.1010549E+02  0.4293750E+01 -0.6385505E+01  0.0000000E+00
  0.2992781E+01  0.2860363E+02  0.4441213E+01  0.0000000E+00
  0.1125719E+02  0.8380243E+01  0.9406747E+01  0.0000000E+00
  0.2217257E+02  0.2647620E+02 -0.7399742E+01  0.0000000E+00
  0.1715956E+02  0.1666176E+02  0.9728226E+00  0.0000000E+00
 -0.9453705E+01 -0.1558678E+02 -0.9327028E+01  0.0000000E+00
  0.1372679E+02  0.1243450E+02  0.3742827E+01  0.0000000E+00
  0.2327587E+02  0.1037558E+02  0.5896685E+01  0.0000000E+00
  0.3062132E+02  0.8791796E+01  0.7553496E+01  0.0000000E+00
  0.3502859E+02  0.7841526E+01  0.8547584E+01  0.0000000E+00
 -0.3970066E+02  0.1944871E+02  0.4878989E+01  0.0000000E+00
  0.1754333E+02  0.6575632E+00  0.3519106E+00  0.0000000E+00
 -0.1420156E+02  0.2368994E+02 -0.4796511E+01  0.0000000E+00
  0.5130729E+02 -0.8382394E+01  0.1506138E+02  0.0000000E+00
  0.1771904E+02  0.1340529E+02 -0.2670279E+01  0.0000000E+00
  0.4833240E+02  0.1847700E+02  0.1300089E+01  0.0000000E+00
 -0.1421683E+02  0.2183408E+02  0.1499513E+02  0.0000000E+00
  0.3214151E+02  0.1877418E+02  0.4733507E+01  0.0000000E+00
  0.2257273E+02  0.1282974E+02  0.2739227E+01  0.0000000E+00
  0.1521212E+02  0.8257093E+01  0.1205165E+01  0.0000000E+00
  0.1079576E+02  0.5513505E+01  0.2847286E+00  0.0000000E+00
 -0.3144938E+02  0.1554670E+01  0.2444107E+01  0.0000000E+00
 -0.1643731E+02 -0.1723121E+02 -0.1685885E+02  0.0000000E+00
  0.1930928E+02  0.1414314E+02  0.1474454E+02  0.0000000E+00
  0.7785889E+01 -0.2259820E+02 -0.6443501E+01  0.0000000E+00
 -0.5610936E+02 -0.5925965E+01  0.7983209E+01  0.0000000E+00
  0.1585519E+00 -0.2802510E+02 -0.1077670E+02  0.0000000E+00
 -0.6651942E+02 -0.2476238E+02 -0.1161078E+02  0.0000000E+00
 -0.3850067E+02 -0.1186940E+02 -0.1339429E+02  0.0000000E+00
 -0.1448854E+02  0.8071326E+01 -0.7794249E+01  0.0000000E+00
  0.3982329E+01  0.2341035E+02 -0.3486525E+01  0.0000000E+00
  0.1506485E+02  0.3261376E+02 -0.9018911E+00  0.0000000E+00
  0.2211041E+01  0.7821686E-01  0.9870571E-01  0.0000000E+00
 -0.8770343E+00 -0.3779939E+00 -0.5952626E+00  0.0000000E+00
 -0.2084134E+01  0.5818420E+00  0.1071746E+01  0.0000000E+00
  0.4255687E+01 -0.1253904E+01 -0.1701711E+01  0.0000000E+00
 -0.9003568E+01  0.3194812E+01  0.3235495E+01  0.0000000E+00
  0.1041823E+02 -0.8867999E+01 -0.7075922E+01  0.0000000E+00
  0.2721058E+02 -0.2932396E+01  0.8778455E+01  0.0000000E+00
  0.3609787E+02 -0.1495641E+02  0.2530340E+01  0.0000000E+00
  0.5246206E+02 -0.8655941E+01  0.5119565E+01  0.0000000E+00
  0.6504989E+02 -0.3809429E+01  0.7111277E+01  0.0000000E+00
  0.7260259E+02 -0.9015219E+00  0.8306304E+01  0.0000000E+00
  0.7704982E+00 -0.4181340E-01 -0.8754162E-01  0.0000000E+00
  0.2534264E+01 -0.1567952E+00  0.3771908E+00  0.0000000E+00
 -0.5779834E+01  0.1400461E+00 -0.5938234E+00  0.0000000E+00
  0.9864455E+01 -0.6189116E+00  0.9579785E+00  0.0000000E+00
 -0.6001894E+01  0.1418152E+01 -0.2012633E+01  0.0000000E+00
  0.8730301E+01 -0.2170951E+01  0.5963619E+01  0.0000000E+00
 -0.6061904E+02  0.1723949E+02  0.5808946E+01  0.0000000E+00
 -0.1913549E+02  0.5824517E+01 -0.4310593E+01  0.0000000E+00
 -0.3598222E+02  0.6539868E+01 -0.4929354E+01  0.0000000E+00
 -0.4894125E+02  0.7090140E+01 -0.5405324E+01  0.0000000E+00
 -0.5671666E+02  0.7420303E+01 -0.5690906E+01  0.0000000E+00
 -0.4597976E+00 -0.1025126E+00 -0.6132784E-01  0.0000000E+00
 -0.8768823E+00  0.1492922E+00  0.3396943E+00  0.0000000E+00
  0.4007671E+01 -0.4423341E+00 -0.6368790E+00  0.0000000E+00
 -0.5210401E+01  0.1060751E+01  0.9857579E+00  0.0000000E+00
  0.3797285E-01 -0.2465274E+01 -0.2029902E+01  0.0000000E+00
  0.6230483E+00  0.7801165E+01  0.4912698E+01  0.0000000E+00
 -0.1052325E+02  0.1142098E+02 -0.1045957E+01  0.0000000E+00
 -0.2870642E+02  0.1955412E+01 -0.2720614E+01  0.0000000E+00
 -0.2566551E+02  0.5489178E+01 -0.3673077E+01  0.0000000E+00
 -0.2332635E+02  0.8207459E+01 -0.4405740E+01  0.0000000E+00
 -0.2192285E+02  0.9838427E+01 -0.4845338E+01  0.0000000E+00
  0.1470074E+00  0.5230582E-01  0.5494501E-01  0.0000000E+00
 -0.1007966E+01 -0.1217130E+00 -0.2518385E+00  0.0000000E+00
  0.3082264E+01  0.3742524E+00  0.4514706E+00  0.0000000E+00
 -0.4702001E+01 -0.8006048E+00 -0.7548956E+00  0.0000000E+00
  0.6554517E+01  0.8523589E+00  0.1651021E+01  0.0000000E+00
  0.2866868E+01 -0.5853252E+00 -0.4553572E+01  0.0000000E+00
 -0.5737897E+01 -0.2771101E+01 -0.3319497E+01  0.0000000E+00
  0.2705652E+01 -0.1129717E+02 -0.5354093E+01  0.0000000E+00
 -0.3288320E+01  0.3295874E+01 -0.2786133E+01  0.0000000E+00
 -0.7899068E+01  0.1452129E+02 -0.8107781E+00  0.0000000E+00
 -0.1066552E+02  0.2125655E+02  0.3744345E+00  0.0000000E+00
 -0.1880441E+00 -0.1606990E-01  0.1238612E-01  0.0000000E+00
  0.1250537E+01 -0.2256321E+00 -0.1336128E+00  0.0000000E+00
 -0.2959805E+01  0.2786040E+00  0.2298952E+00  0.0000000E+00
  0.2595304E+01 -0.9747325E+00 -0.3806409E+00  0.0000000E+00
  0.3827032E+01  0.2321152E+01  0.6911713E+00  0.0000000E+00
 -0.1328777E+02 -0.6526421E+01 -0.2104245E+01  0.0000000E+00
  0.1572021E+02 -0.2633091E+01 -0.1466385E+01  0.0000000E+00
 -0.1244548E+02  0.7876739E-01 -0.1418867E+01  0.0000000E+00
 -0.1615429E+01 -0.2105754E+01  0.2500024E+00  0.0000000E+00
  0.6715376E+01 -0.3786156E+01  0.1533748E+01  0.0000000E+00
  0.1171386E+02 -0.4794397E+01  0.2303996E+01  0.0000000E+00
  0.2640097E+00  0.3563555E-01  0.1853549E-02  0.0000000E+00
 -0.3670167E+00  0.1195610E+00  0.5323876E-01  0.0000000E+00
 -0.1389135E+01 -0.1983224E-01 -0.7777645E-01  0.0000000E+00
  0.1099377E+01  0.1485859E+00  0.8290852E-01  0.0000000E+00
 -0.1951025E+01 -0.1683578E+00 -0.2572499E+00  0.0000000E+00
  0.9118846E+01 -0.4808782E-01  0.1048800E+01  0.0000000E+00
  0.2835452E+01  0.3058241E+01  0.2411089E+01  0.0000000E+00
 -0.1438076E+02  0.4190593E+01 -0.1160221E+00  0.0000000E+00
 -0.8114624E+01  0.1163722E+01 -0.8752805E+00  0.0000000E+00
 -0.3294518E+01 -0.1164642E+01 -0.1459326E+01  0.0000000E+00
 -0.4024548E+00 -0.2561660E+01 -0.1809753E+01  0.0000000E+00
 -0.2562035E+02 -0.2265690E+02 -0.4039438E+01  0.0000000E+00
 -0.1136284E+02  0.3932595E+02  0.7265691E+01  0.0000000E+00
  0.5031576E+01 -0.3629124E+02 -0.7040997E+01  0.0000000E+00
  0.1400121E+02  0.2064875E+01  0.9869361E+01  0.0000000E+00
 -0.1242820E+02 -0.1826094E+02 -0.6512250E+01  0.0000000E+00
  0.3361859E+02 -0.1626865E+02  0.1203045E+02  0.0000000E+00
 -0.2699963E+02  0.1707690E+02 -0.1232152E+02  0.0000000E+00
  0.2134102E+02  0.9707448E+01 -0.8675209E+01  0.0000000E+00
  0.3128244E+02 -0.1165512E+01 -0.5387836E+01  0.0000000E+00
  0.3892968E+02 -0.9529323E+01 -0.2859085E+01  0.0000000E+00
  0.4351803E+02 -0.1454761E+02 -0.1341835E+01  0.0000000E+00
 -0.1233466E+02 -0.2341963E+02 -0.1215504E+00  0.0000000E+00
 -0.9301075E+01  0.3159645E+02  0.5069849E+01  0.0000000E+00
 -0.3030990E+01 -0.2410324E+02 -0.3133839E+01  0.0000000E+00
  0.1338007E+02 -0.3390160E+01  0.4794651E+01  0.0000000E+00
  0.1134760E+02 -0.3339724E+02 -0.6963146E+00  0.0000000E+00
  0.1826184E+02 -0.6362801E+01  0.4169939E+01  0.0000000E+00
 -0.1533512E+01 -0.4495283E+02 -0.2385795E+01  0.0000000E+00
  0.1385874E+02 -0.2177440E+02 -0.1601356E+02  0.0000000E+00
 -0.1051059E+02 -0.6902441E+01 -0.9586298E+01  0.0000000E+00
 -0.2925622E+02  0.4537526E+01 -0.4642251E+01  0.0000000E+00
 -0.4050360E+02  0.1140151E+02 -0.1675823E+01  0.0000000E+00
 -0.3007656E+01 -0.6907678E+01 -0.3949502E+01  0.0000000E+00
 -0.4507148E+01  0.3248943E+01  0.8238821E+00  0.0000000E+00
  0.1493142E+01 -0.6347952E+01 -0.2422417E+01  0.0000000E+00
  0.2398021E+01 -0.9434350E+01  0.2397442E+01  0.0000000E+00
  0.9518914E+01  0.9313721E+01  0.9752456E+01  0.0000000E+00
 -0.2964637E+02  0.2917543E+02  0.1874657E+02  0.0000000E+00
 -0.1952795E+02 -0.7864969E+01 -0.1559742E+02  0.0000000E+00
  0.1462420E+02 -0.2144176E+02  0.3065958E+01  0.0000000E+00
  0.2465517E+02 -0.4986150E+00  0.3145167E+01  0.0000000E+00
  0.3237131E+02  0.1561150E+02  0.3206093E+01  0.0000000E+00
  0.3700098E+02  0.2527757E+02  0.3242650E+01  0.0000000E+00
 -0.3438807E+01 -0.1870835E+00 -0.4270082E-01  0.0000000E+00
  0.8208048E+00  0.9097760E+00  0.1981824E+00  0.0000000E+00
  0.1460313E+00 -0.1751104E+01 -0.3781962E+00  0.0000000E+00
 -0.1623295E+00  0.3414329E+01  0.6292159E+00  0.0000000E+00
 -0.1943083E+01 -0.6247743E+01 -0.1369566E+01  0.0000000E+00
 -0.1612555E+02  0.9905048E+01  0.4678950E+01  0.0000000E+00
 -0.1632836E+02 -0.2327753E+02  0.3207294E+01  0.0000000E+00
 -0.5107554E+02 -0.2894951E+01  0.3203234E+01  0.0000000E+00
 -0.7547082E+02  0.4702890E+01  0.8345215E+01  0.0000000E+00
 -0.9423642E+02  0.1054738E+02  0.1230059E+02  0.0000000E+00
 -0.1054958E+03  0.1405407E+02  0.1467381E+02  0.0000000E+00
 -0.8070914E+00  0.2989315E-01  0.2028515E-01  0.0000000E+00
  0.9619706E+00  0.7330380E-01  0.8033815E-02  0.0000000E+00
 -0.2046071E+01 -0.1110206E+00 -0.1844623E-01  0.0000000E+00
  0.1250049E+01  0.5376128E+00  0.2204233E-01  0.0000000E+00
 -0.3246027E+01 -0.9937920E+00  0.2876725E-01  0.0000000E+00
  0.3179273E+01  0.8443871E+00 -0.4727806E+00  0.0000000E+00
  0.6186644E+01 -0.1625718E+02 -0.1805827E+01  0.0000000E+00
  0.5657209E+02 -0.4146359E+01  0.9246014E+01  0.0000000E+00
  0.4680797E+02 -0.3488979E+01  0.1086535E+02  0.0000000E+00
  0.3929711E+02 -0.2983306E+01  0.1211099E+02  0.0000000E+00
  0.3479059E+02 -0.2679902E+01  0.1285838E+02  0.0000000E+00
 -0.6391897E-01  0.4369758E-01  0.5360960E-01  0.0000000E+00
  0.2558954E+00 -0.4464634E+00 -0.3519513E+00  0.0000000E+00
 -0.7878136E+00  0.6611391E+00  0.6248441E+00  0.0000000E+00
  0.1868592E+01 -0.1439130E+01 -0.1149184E+01  0.0000000E+00
 -0.7005167E+00  0.2939311E+01  0.2183558E+01  0.0000000E+00
  0.1111143E+02 -0.5351643E+01 -0.5610560E+01  0.0000000E+00
  0.3403345E+01  0.9856326E+01  0.1959061E+01  0.0000000E+00
 -0.1892614E+02  0.7365874E+01  0.1509878E+01  0.0000000E+00
 -0.7993519E+01  0.2396524E+01  0.4675766E+01  0.0000000E+00
  0.4161869E+00 -0.1426052E+01  0.7111065E+01  0.0000000E+00
  0.5462011E+01 -0.3719598E+01  0.8572244E+01  0.0000000E+00
 -0.5994117E+00 -0.1229074E+00 -0.6733745E-01  0.0000000E+00
  0.3993580E+00  0.4935922E+00  0.3580456E+00  0.0000000E+00
  0.4633360E+00 -0.6869026E+00 -0.6460045E+00  0.0000000E+00
  0.1349554E+00  0.6541966E+00  0.1096813E+01  0.0000000E+00
 -0.9297745E-01 -0.1213921E+01 -0.1807465E+01  0.0000000E+00
  0.4523054E+01  0.2872982E+01  0.2185930E+01  0.0000000E+00
  0.6272911E+01  0.2593977E+01 -0.7796832E+01  0.0000000E+00
  0.1469236E+02  0.2959656E+01  0.1014795E+02  0.0000000E+00
  0.7804760E+01  0.1043805E+02  0.2875476E+01  0.0000000E+00
  0.2506596E+01  0.1619066E+02 -0.2718735E+01  0.0000000E+00
 -0.6723010E+00  0.1964222E+02 -0.6075262E+01  0.0000000E+00
  0.8827425E+00  0.1860901E-01  0.7626886E-02  0.0000000E+00
 -0.1196861E+01  0.1660554E+00 -0.4566728E-01  0.0000000E+00
  0.1675616E+01 -0.2867347E+00  0.7354352E-01  0.0000000E+00
 -0.3156662E+01  0.6536513E+00 -0.1034572E+00  0.0000000E+00
 -0.7199806E+00 -0.1077082E+01  0.1143522E+00  0.0000000E+00
 -0.1120448E+01  0.2194413E+01  0.6950417E-01  0.0000000E+00
 -0.5809382E+01  0.1210992E+01  0.3976417E+01  0.0000000E+00
 -0.4318191E+01 -0.1196493E+01 -0.4683258E+01  0.0000000E+00
 -0.3141786E+00  0.4592603E+00 -0.1104084E+01  0.0000000E+00
  0.2765831E+01  0.1732918E+01  0.1649127E+01  0.0000000E+00
  0.4613836E+01  0.2497112E+01  0.3301054E+01  0.0000000E+00
  0.2241855E+00  0.8108309E-01 -0.1387989E-01  0.0000000E+00
 -0.2758654E+01 -0.3049025E+00  0.6622346E-01  0.0000000E+00
  0.3540560E+01  0.4451438E+00 -0.1221160E+00  0.0000000E+00
 -0.3978858E+01 -0.8508061E+00  0.1612926E+00  0.0000000E+00
  0.7464966E+01  0.1383403E+01 -0.4051955E+00  0.0000000E+00
 -0.1251011E+02 -0.1917577E+01  0.1917891E+01  0.0000000E+00
  0.1731227E+02  0.2401903E+01  0.4832642E+00  0.0000000E+00
 -0.4832202E+02  0.5343799E+01  0.3435584E+01  0.0000000E+00
 -0.2474283E+02  0.5932738E+01  0.1780745E+01  0.0000000E+00
 -0.6604991E+01  0.6385769E+01  0.5077925E+00  0.0000000E+00
  0.4277712E+01  0.6657588E+01 -0.2559792E+00  0.0000000E+00
  0.3043026E+02 -0.1071616E+02 -0.1313928E+01  0.0000000E+00
  0.1437610E+02  0.3106304E+01 -0.1327202E+01  0.0000000E+00
 -0.6211726E+00 -0.5080226E+01  0.3072236E+01  0.0000000E+00
  0.3628306E+01  0.7841750E+01 -0.8914296E+01  0.0000000E+00
  0.8062698E+01 -0.9951857E+01  0.1086509E+01  0.0000000E+00
 -0.2364300E+01 -0.4701713E+01  0.8007064E-01  0.0000000E+00
  0.3546107E+02  0.6352266E+01 -0.8717966E+00  0.0000000E+00
 -0.3058704E+02 -0.3205684E+01 -0.1597328E+00  0.0000000E+00
 -0.2275906E+02 -0.3207184E+01 -0.3789221E+00  0.0000000E+00
 -0.1673754E+02 -0.3208338E+01 -0.5475297E+00  0.0000000E+00
 -0.1312463E+02 -0.3209031E+01 -0.6486941E+00  0.0000000E+00
  0.2227643E+02 -0.1181268E+02 -0.1366216E+01  0.0000000E+00
  0.1771916E+01  0.6716315E+01 -0.1367365E+01  0.0000000E+00
 -0.8798788E+01 -0.1186302E+02  0.3350520E+01  0.0000000E+00
 -0.4560531E+01  0.7764355E+01 -0.5828379E+01  0.0000000E+00
  0.1560324E+02 -0.8038441E+00  0.9794596E+00  0.0000000E+00
  0.5228753E+01 -0.6607241E+01  0.7219095E+01  0.0000000E+00
 -0.4000887E+01 -0.6075893E+01  0.1649602E+01  0.0000000E+00
 -0.3301623E+01 -0.2103715E+01  0.8180351E+01  0.0000000E+00
 -0.1062428E+01  0.7447500E+01  0.6782224E+01  0.0000000E+00
  0.6600328E+00  0.1479459E+02  0.5706740E+01  0.0000000E+00
  0.1693508E+01  0.1920284E+02  0.5061451E+01  0.0000000E+00
  0.1382088E+02  0.4438130E+01  0.2880137E+00  0.0000000E+00
  0.1677874E+02 -0.2968795E+01  0.1134958E+01  0.0000000E+00
 -0.1951484E+02  0.3360175E+01  0.2757404E+00  0.0000000E+00
 -0.8974406E+01 -0.1190126E+01 -0.6861517E+01  0.0000000E+00
  0.1639055E+02  0.1736948E+02  0.1617931E+01  0.0000000E+00
 -0.2354181E+02  0.6692915E+01 -0.2999835E+01  0.0000000E+00
  0.6544201E+02  0.1637936E+02  0.7009575E+00  0.0000000E+00
 -0.1660864E+02 -0.3520225E+01  0.2195680E+01  0.0000000E+00
 -0.7865931E+01  0.9284542E+01  0.2147856E+01  0.0000000E+00
 -0.1140760E+01  0.1913436E+02  0.2111069E+01  0.0000000E+00
  0.2894341E+01  0.2504425E+02  0.2088996E+01  0.0000000E+00
 -0.1037370E+01  0.7612345E-01  0.1224209E-01  0.0000000E+00
  0.1421120E+01 -0.2200691E+00 -0.2653121E-01  0.0000000E+00
 -0.4632096E+00  0.3672918E+00  0.4320339E-01  0.0000000E+00
 -0.6747671E+00 -0.1944863E+00 -0.1118963E+00  0.0000000E+00
 -0.1107655E+01  0.7707623E+00  0.1952998E+00  0.0000000E+00
  0.2316946E+01 -0.4838671E+01 -0.5194582E+00  0.0000000E+00
 -0.1007196E+02 -0.1644619E+01 -0.5590113E+00  0.0000000E+00
  0.9182837E+01 -0.6521005E+01 -0.2979675E+01  0.0000000E+00
  0.3061042E+01 -0.3231831E+01 -0.3070508E+01  0.0000000E+00
 -0.1648034E+01 -0.7016974E+00 -0.3140378E+01  0.0000000E+00
 -0.4473478E+01  0.8163828E+00 -0.3182301E+01  0.0000000E+00
 -0.6891300E+00  0.1173679E+00 -0.2606820E-01  0.0000000E+00
 -0.1445259E+01 -0.5034912E+00  0.1288365E+00  0.0000000E+00
  0.2655264E+01  0.9115727E+00 -0.2277946E+00  0.0000000E+00
 -0.4814517E+01 -0.1421015E+01  0.4393863E+00  0.0000000E+00
  0.9870574E+01  0.2417112E+01 -0.6871931E+00  0.0000000E+00
 -0.1131842E+02 -0.4777721E+01  0.1046485E+01  0.0000000E+00
  0.3052023E+02  0.1857246E+01  0.3950484E+01  0.0000000E+00
 -0.4881993E+01  0.2604325E+01 -0.2439827E+01  0.0000000E+00
 -0.9444559E+01 -0.7761889E+00 -0.1040685E+01  0.0000000E+00
 -0.1295422E+02 -0.3376584E+01  0.3557984E-01  0.0000000E+00
 -0.1506002E+02 -0.4936822E+01  0.6813382E+00  0.0000000E+00
 -0.2426093E+00 -0.1002645E+00 -0.9358476E-02  0.0000000E+00
  0.7307748E-01  0.2542793E+00  0.9404487E-01  0.0000000E+00
 -0.9372055E+00 -0.3897160E+00 -0.2041582E+00  0.0000000E+00
  0.1559306E+01  0.3586517E+00  0.2824738E+00  0.0000000E+00
 -0.2604298E+01 -0.1269221E+01 -0.5570080E+00  0.0000000E+00
  0.3413400E+01  0.5861912E+01  0.1504837E+01  0.0000000E+00
  0.2829015E+01 -0.4615918E+01 -0.1227707E+01  0.0000000E+00
 -0.1945982E+02  0.8500647E+00 -0.1394307E+01  0.0000000E+00
 -0.5572670E+01  0.1144044E+01 -0.1010063E+01  0.0000000E+00
  0.5109755E+01  0.1370181E+01 -0.7144917E+00  0.0000000E+00
  0.1151921E+02  0.1505864E+01 -0.5371486E+00  0.0000000E+00
 -0.6312419E+00 -0.1168043E+00  0.7670871E-01  0.0000000E+00
  0.7289137E+00  0.5342253E+00 -0.3811674E+00  0.0000000E+00
  0.1073645E+01 -0.8767776E+00  0.6512730E+00  0.0000000E+00
 -0.9360593E+00  0.1395560E+01 -0.1104460E+01  0.0000000E+00
 -0.2722209E+01 -0.2467801E+01  0.1957978E+01  0.0000000E+00
  0.1140718E+02  0.6244005E+01 -0.3510784E+01  0.0000000E+00
 -0.1304316E+01 -0.2780433E+01  0.4967126E+01  0.0000000E+00
  0.4344392E+01  0.5392959E+01 -0.7150596E+01  0.0000000E+00
  0.5256811E+01 -0.2343351E+00 -0.2014150E+01  0.0000000E+00
  0.5958671E+01 -0.4563024E+01  0.1936964E+01  0.0000000E+00
  0.6379788E+01 -0.7160236E+01  0.4307632E+01  0.0000000E+00
  0.3555033E+00  0.7446016E-01 -0.6312322E-02  0.0000000E+00
 -0.8726421E+00 -0.1350171E+00  0.2163600E-02  0.0000000E+00
  0.9508088E+00  0.3759747E+00  0.2010152E-01  0.0000000E+00
  0.3339124E-01  0.6088978E-01  0.7410751E-01  0.0000000E+00
 -0.4116550E+00  0.1062352E+00 -0.5653399E-01  0.0000000E+00
  0.1115678E+01 -0.1472331E+01 -0.3181884E+00  0.0000000E+00
  0.4422472E+00  0.5742247E+00 -0.1380594E+01  0.0000000E+00
 -0.1106103E+01  0.3540141E+00 -0.6668969E-01  0.0000000E+00
 -0.6902986E+00  0.1174067E+01  0.4582757E+00  0.0000000E+00
 -0.3704468E+00  0.1804877E+01  0.8620957E+00  0.0000000E+00
 -0.1785363E+00  0.2183363E+01  0.1104388E+01  0.0000000E+00
 -0.6831052E+00 -0.3113200E-01  0.1143305E-01  0.0000000E+00
  0.6896174E+00 -0.8547646E-01 -0.4912273E-01  0.0000000E+00
 -0.2233958E+01  0.1135539E+00  0.7483226E-01  0.0000000E+00
  0.3011534E+01 -0.2692690E+00 -0.1529443E+00  0.0000000E+00
 -0.3390024E+01  0.6021140E+00  0.2361937E+00  0.0000000E+00
 -0.9387520E+01 -0.2800602E+01 -0.1933745E+00  0.0000000E+00
 -0.3109313E+01  0.1364408E+01  0.1842849E+01  0.0000000E+00
 -0.2466613E+02  0.1243498E+00 -0.3106464E+01  0.0000000E+00
 -0.1062137E+02  0.2997594E+01 -0.2129786E+00  0.0000000E+00
  0.1822818E+00  0.5207783E+01  0.2012779E+01  0.0000000E+00
  0.6664475E+01  0.6533896E+01  0.3348234E+01  0.0000000E+00
  0.3615003E+02 -0.7092617E+01 -0.1041745E+01  0.0000000E+00
  0.9337295E+01  0.4962027E+01 -0.1187444E+01  0.0000000E+00
 -0.6548453E+01 -0.8399069E+01 -0.1499069E+01  0.0000000E+00
  0.2535225E+02  0.4596118E+01  0.4636031E+01  0.0000000E+00
 -0.5389224E+01 -0.6985730E+01 -0.2982014E+01  0.0000000E+00
 -0.8148962E+00  0.5268059E+01 -0.5013073E+01  0.0000000E+00
  0.1123486E+02  0.8187068E+01 -0.3984164E+01  0.0000000E+00
 -0.3541634E+01 -0.2411026E+00  0.3067004E+01  0.0000000E+00
  0.3228979E+01 -0.1520695E+01  0.2713803E+01  0.0000000E+00
  0.8437140E+01 -0.2504997E+01  0.2442110E+01  0.0000000E+00
  0.1156204E+02 -0.3095578E+01  0.2279094E+01  0.0000000E+00
  0.4993822E+02 -0.3035319E+01 -0.2382243E+01  0.0000000E+00
  0.9651222E+01  0.5099720E+01 -0.1895906E+00  0.0000000E+00
 -0.1919587E+01 -0.2421647E+01 -0.2513492E+01  0.0000000E+00
  0.4629806E+01  0.6710448E+01  0.8044237E+01  0.0000000E+00
  0.5998470E+01 -0.7293509E+00 -0.3122403E+01  0.0000000E+00
  0.5200726E+01 -0.2226373E+01  0.5826146E+01  0.0000000E+00
  0.1081322E+02  0.8746716E+01 -0.2583055E+00  0.0000000E+00
  0.3263957E+02 -0.3348182E+01  0.6632704E+01  0.0000000E+00
  0.2686364E+02  0.3857438E+01  0.2915904E+01  0.0000000E+00
  0.2242061E+02  0.9400221E+01  0.5682584E-01  0.0000000E+00
  0.1975480E+02  0.1272589E+02 -0.1658621E+01  0.0000000E+00
  0.1216881E+02  0.2228678E+01 -0.9312593E+00  0.0000000E+00
 -0.2131545E+01  0.8687357E+01  0.6027166E+00  0.0000000E+00
 -0.1589254E+00 -0.5546119E+01 -0.9751363E+00  0.0000000E+00
 -0.7787803E+01  0.8878625E+01  0.4572693E+00  0.0000000E+00
  0.8237161E+01 -0.4975502E+01 -0.2784353E+01  0.0000000E+00
 -0.2134008E+02  0.5062661E+01 -0.7385737E+01  0.0000000E+00
  0.2240129E+02  0.2775178E+01 -0.2027456E+01  0.0000000E+00
  0.4603155E+01 -0.1585679E+00 -0.2869885E+00  0.0000000E+00
  0.2194746E+01  0.1764561E+01  0.4924032E+00  0.0000000E+00
  0.3421274E+00  0.3243892E+01  0.1091935E+01  0.0000000E+00
 -0.7694448E+00  0.4131491E+01  0.1451655E+01  0.0000000E+00
 -0.3682250E+01 -0.1351499E+00  0.2362046E-02  0.0000000E+00
 -0.7491504E+00  0.7657107E+00  0.2748485E-01  0.0000000E+00
  0.2199451E+01 -0.1201709E+01 -0.4199759E-02  0.0000000E+00
 -0.2309895E+01  0.1644738E+01  0.1049641E-01  0.0000000E+00
  0.4940590E+01 -0.2927214E+01  0.1631647E+00  0.0000000E+00
 -0.1107152E+02  0.3282961E+01 -0.7544933E+00  0.0000000E+00
  0.3409301E+01 -0.3830655E+01  0.4330307E+01  0.0000000E+00
 -0.2079386E+02  0.3985000E+01  0.1675468E+01  0.0000000E+00
 -0.7414718E+01 -0.2515730E+01  0.1022759E+01  0.0000000E+00
  0.2876933E+01 -0.7516292E+01  0.5206750E+00  0.0000000E+00
  0.9051923E+01 -0.1051663E+02  0.2194247E+00  0.0000000E+00
 -0.5075391E+00  0.4835913E-01  0.2615726E-01  0.0000000E+00
  0.3650183E+00 -0.4562846E+00 -0.7500948E-01  0.0000000E+00
  0.2238653E+00  0.6970823E+00  0.1339506E+00  0.0000000E+00
  0.1471377E+01 -0.7461063E+00 -0.2372970E+00  0.0000000E+00
  0.1318320E+01  0.1489054E+01  0.4423822E+00  0.0000000E+00
  0.8198965E+01 -0.2935135E+01 -0.6275215E+00  0.0000000E+00
 -0.3803167E+00  0.9788640E+01  0.7030100E+00  0.0000000E+00
  0.1738635E+02 -0.3781617E+01 -0.4482613E+01  0.0000000E+00
  0.6794470E+01  0.5632239E+01 -0.2965390E+01  0.0000000E+00
 -0.1353130E+01  0.1287367E+02 -0.1798295E+01  0.0000000E+00
 -0.6241690E+01  0.1721852E+02 -0.1098038E+01  0.0000000E+00
 -0.7182039E-01  0.3200280E-02  0.2581796E-01  0.0000000E+00
  0.1645126E+01 -0.2152275E+00 -0.1342270E+00  0.0000000E+00
 -0.2834211E+01  0.3453165E+00  0.2279555E+00  0.0000000E+00
  0.1652656E+01 -0.6411698E+00 -0.4097506E+00  0.0000000E+00
 -0.3105886E+01  0.9300616E+00  0.5611760E+00  0.0000000E+00
  0.6529989E+01 -0.1009935E+01 -0.9361605E-01  0.0000000E+00
 -0.1552612E+01 -0.7532378E+00  0.4147080E+00  0.0000000E+00
 -0.1568748E+01 -0.2996645E+00 -0.1279583E+01  0.0000000E+00
 -0.2643370E+01 -0.5418539E+00 -0.4093486E+00  0.0000000E+00
 -0.3470002E+01 -0.7281529E+00  0.2600627E+00  0.0000000E+00
 -0.3965982E+01 -0.8399324E+00  0.6617095E+00  0.0000000E+00
  0.3695500E+00 -0.9611370E-02  0.2883896E-01  0.0000000E+00
  0.2200588E+00 -0.1036315E+00 -0.1208348E+00  0.0000000E+00
 -0.1594224E+00  0.4799999E-01  0.2208157E+00  0.0000000E+00
 -0.1038792E+01  0.4528240E-01 -0.3302096E+00  0.0000000E+00
 -0.2989343E+01  0.1653347E+00  0.6536672E+00  0.0000000E+00
  0.7942158E+01  0.1222562E+01 -0.9754914E+00  0.0000000E+00
 -0.7038746E+01 -0.4270486E+01 -0.6337406E+00  0.0000000E+00
 -0.1597276E+02 -0.2350421E+01 -0.1890566E+01  0.0000000E+00
 -0.5531009E+01  0.4476794E-02 -0.1005551E+00  0.0000000E+00
  0.2501109E+01  0.1815937E+01  0.1276377E+01  0.0000000E+00
  0.7320379E+01  0.2902813E+01  0.2102537E+01  0.0000000E+00
  0.3953338E+00  0.6158983E-01 -0.4166299E-02  0.0000000E+00
 -0.3143195E+00 -0.2261568E+00 -0.1170112E-01  0.0000000E+00
  0.4739303E+00  0.4064645E+00  0.2669033E-01  0.0000000E+00
  0.1636194E+01 -0.5766960E+00 -0.2785819E-01  0.0000000E+00
 -0.2517532E+01  0.7027878E+00  0.5663627E-01  0.0000000E+00
  0.9856372E+01 -0.2513675E+00 -0.8893965E+00  0.0000000E+00
 -0.1341211E+02  0.1007359E+01 -0.6964586E+00  0.0000000E+00
  0.1005030E+02 -0.2194434E+01 -0.1246070E+01  0.0000000E+00
  0.1926969E+00 -0.6947706E-01 -0.4819074E+00  0.0000000E+00
 -0.7390078E+01  0.1565106E+01  0.1059100E+00  0.0000000E+00
 -0.1193974E+02  0.2545855E+01  0.4586003E+00  0.0000000E+00
  0.2013441E+00 -0.1927203E-02 -0.2259201E-01  0.0000000E+00
 -0.8944603E+00  0.2122999E+00  0.1264569E+00  0.0000000E+00
  0.1896996E+01 -0.3691373E+00 -0.2094887E+00  0.0000000E+00
 -0.2640022E+01  0.4800378E+00  0.3131517E+00  0.0000000E+00
  0.1765584E+01 -0.7800205E+00 -0.4993439E+00  0.0000000E+00
 -0.9178764E+01  0.5544777E+00  0.6875862E+00  0.0000000E+00
  0.1978768E+01 -0.1078815E+01  0.7048233E+00  0.0000000E+00
 -0.1149000E+02 -0.5449791E+00  0.1193795E+00  0.0000000E+00
 -0.1596400E+01  0.8908588E+00 -0.3068028E-01  0.0000000E+00
  0.6014057E+01  0.1995350E+01 -0.1461105E+00  0.0000000E+00
  0.1058033E+02  0.2658044E+01 -0.2153687E+00  0.0000000E+00
 -0.1676638E+00 -0.2340543E+00  0.7933819E-02  0.0000000E+00
  0.7446405E-01  0.3941926E+00 -0.2332760E-01  0.0000000E+00
 -0.1941716E+00 -0.3019272E+00  0.6230428E-01  0.0000000E+00
  0.6306782E+00 -0.1774523E+00 -0.6117663E-01  0.0000000E+00
  0.3894209E+00 -0.3955172E+00  0.5371561E-01  0.0000000E+00
  0.3155731E+00  0.9915559E-01 -0.6844068E-01  0.0000000E+00
  0.6133280E+00 -0.7523120E-01  0.1823258E+00  0.0000000E+00
  0.3016146E+00  0.3413781E+00  0.1579579E+00  0.0000000E+00
  0.9008044E+00  0.5907201E-01  0.9564209E-01  0.0000000E+00
  0.1361720E+01 -0.1580866E+00  0.4770682E-01  0.0000000E+00
  0.1638269E+01 -0.2883817E+00  0.1894566E-01  0.0000000E+00
 -0.1196619E+00 -0.2211312E+00  0.4685491E-02  0.0000000E+00
 -0.1250082E+00  0.2366312E+00  0.3425796E-01  0.0000000E+00
 -0.8266800E-02  0.1409021E-01  0.5456183E-01  0.0000000E+00
  0.1728521E+00 -0.1388674E+00  0.2148362E-01  0.0000000E+00
 -0.6675093E-01  0.1228320E-01 -0.9290806E-01  0.0000000E+00
  0.1421368E+00  0.7265185E-01 -0.4019834E-01  0.0000000E+00
 -0.5936577E-01  0.1464276E+00  0.1021637E+00  0.0000000E+00
 -0.2936798E+00  0.1874419E+00  0.7376005E-03  0.0000000E+00
 -0.4471608E+00  0.1430002E+00 -0.2590517E-01  0.0000000E+00
 -0.5652230E+00  0.1088142E+00 -0.4639962E-01  0.0000000E+00
 -0.6360603E+00  0.8830265E-01 -0.5869629E-01  0.0000000E+00
 -0.7090326E-01  0.6176661E-01  0.6931729E-02  0.0000000E+00
  0.1448995E-01 -0.1070076E+00  0.2743349E-01  0.0000000E+00
  0.2242438E+00  0.5185234E-02  0.5295334E-01  0.0000000E+00
 -0.2815159E-01 -0.7280053E-01 -0.5904473E-02  0.0000000E+00
  0.1518977E+00  0.7901075E-01  0.2432294E-01  0.0000000E+00
  0.1902099E-01  0.1058066E+00  0.7760753E-01  0.0000000E+00
 -0.1764710E+00 -0.2212585E+00  0.3864192E-01  0.0000000E+00
  0.1625728E+00 -0.1781183E+00  0.2078198E-03  0.0000000E+00
 -0.9200742E-01 -0.2295820E+00 -0.6316925E-01  0.0000000E+00
 -0.2878384E+00 -0.2691694E+00 -0.1119208E+00  0.0000000E+00
 -0.4053369E+00 -0.2929219E+00 -0.1411718E+00  0.0000000E+00
 -0.2043469E-01  0.2395530E-02  0.7170728E-03  0.0000000E+00
  0.2261474E-01 -0.1121283E-01 -0.3315006E-02  0.0000000E+00
 -0.1976696E-01  0.1833710E-01  0.6041694E-02  0.0000000E+00
  0.3848951E-01 -0.2884733E-01 -0.1023913E-01  0.0000000E+00
 -0.7184061E-01  0.4555840E-01  0.1859500E-01  0.0000000E+00
 -0.3510763E-02 -0.3742621E-01 -0.3698343E-01  0.0000000E+00
 -0.2361628E+00  0.1110322E+00  0.3555870E-01  0.0000000E+00
 -0.5697841E-01  0.1782830E+00  0.1622548E-01  0.0000000E+00
 -0.1379628E+00  0.3131758E-01  0.1559540E-01  0.0000000E+00
 -0.2002586E+00 -0.8173274E-01  0.1511072E-01  0.0000000E+00
 -0.2376360E+00 -0.1495629E+00  0.1481992E-01  0.0000000E+00
 -0.1108196E-02  0.4853415E-03 -0.7230930E-04  0.0000000E+00
  0.5890891E-02 -0.1864554E-03 -0.6719884E-04  0.0000000E+00
 -0.8216188E-02 -0.3102541E-03 -0.7305065E-03  0.0000000E+00
 -0.9221572E-02  0.3042292E-02  0.1235076E-03  0.0000000E+00
  0.8721613E-03 -0.6585073E-02  0.2868617E-03  0.0000000E+00
  0.1045847E+00  0.1786121E-01 -0.3908926E-02  0.0000000E+00
  0.1160048E+00 -0.4376640E-01 -0.4190578E-01  0.0000000E+00
  0.9009369E-02  0.1137127E+00 -0.1478782E+00  0.0000000E+00
  0.6565137E-01  0.1223877E+00 -0.1756617E+00  0.0000000E+00
  0.1092222E+00  0.1290608E+00 -0.1970336E+00  0.0000000E+00
  0.1353647E+00  0.1330647E+00 -0.2098567E+00  0.0000000E+00
 -0.9465956E-03  0.1269097E-03 -0.2696241E-03  0.0000000E+00
 -0.1878031E-01  0.1266839E-02  0.1503719E-02  0.0000000E+00
  0.9676331E-02 -0.2870596E-02 -0.2851834E-02  0.0000000E+00
 -0.1893136E-01  0.2767656E-02  0.5053593E-02  0.0000000E+00
  0.6516006E-02  0.4900005E-02 -0.8623935E-02  0.0000000E+00
  0.2773832E-01 -0.6142215E-01  0.1384325E-01  0.0000000E+00
 -0.1095853E-01  0.1809459E+00  0.4207921E-03  0.0000000E+00
 -0.1924217E+00 -0.8911912E-02  0.1705374E-02  0.0000000E+00
 -0.7848384E-01  0.4204283E-01 -0.1185441E-01  0.0000000E+00
  0.9160645E-02  0.8123878E-01 -0.2228502E-01  0.0000000E+00
  0.6174733E-01  0.1047564E+00 -0.2854339E-01  0.0000000E+00
 -0.9402422E-03 -0.7834646E-04  0.2959097E-04  0.0000000E+00
 -0.1111096E-01 -0.1772209E-02  0.3865689E-03  0.0000000E+00
  0.8406470E-02  0.3659985E-02 -0.2950065E-03  0.0000000E+00
 -0.2301541E-02 -0.6924562E-02  0.9196017E-03  0.0000000E+00
  0.4781000E-01  0.1640653E-01 -0.3475167E-02  0.0000000E+00
 -0.1704896E+00 -0.5806157E-01  0.1226927E-01  0.0000000E+00
  0.1506708E+00  0.1217393E+00  0.4061355E-01  0.0000000E+00
 -0.3393900E+00 -0.4286253E-01 -0.6963806E-02  0.0000000E+00
 -0.1302792E+00 -0.5436509E-01 -0.6527394E-02  0.0000000E+00
  0.3057533E-01 -0.6321320E-01 -0.6191683E-02  0.0000000E+00
  0.1270880E+00 -0.6852207E-01 -0.5990259E-02  0.0000000E+00
  0.1487217E-02  0.8889998E-03 -0.2717387E-03  0.0000000E+00
  0.2992454E-01 -0.2882773E-02  0.8292819E-03  0.0000000E+00
 -0.3793710E-01  0.3682579E-02 -0.1759460E-02  0.0000000E+00
  0.5876628E-01 -0.4387610E-02  0.2849490E-02  0.0000000E+00
 -0.4379023E-01  0.5695426E-02 -0.5325677E-02  0.0000000E+00
  0.3055359E-01  0.6041728E-02  0.1353126E-01  0.0000000E+00
 -0.4982139E-01 -0.3321087E-01 -0.1249580E-01  0.0000000E+00
  0.1703475E+00  0.4494852E-01  0.4941194E-01  0.0000000E+00
  0.1569529E+00  0.1406026E-01  0.2401934E-01  0.0000000E+00
  0.1466493E+00 -0.9699942E-02  0.4486562E-02  0.0000000E+00
  0.1404672E+00 -0.2395606E-01 -0.7233101E-02  0.0000000E+00
  0.2009957E-02 -0.5325828E-03  0.1825794E-03  0.0000000E+00
  0.1439801E-02  0.1568067E-03 -0.9772454E-03  0.0000000E+00
  0.5512288E-03  0.9201143E-03  0.1679851E-02  0.0000000E+00
  0.6842361E-02 -0.4772678E-02 -0.2444499E-02  0.0000000E+00
 -0.3463112E-01  0.4126645E-02  0.5201970E-02  0.0000000E+00
  0.6400184E-01  0.1915596E-01 -0.1504711E-01  0.0000000E+00
  0.2570543E-01 -0.1497271E-01 -0.1480424E-01  0.0000000E+00
  0.1573176E+00 -0.1439738E-01  0.1184169E-01  0.0000000E+00
  0.8654785E-01 -0.1245671E-01 -0.3772074E-02  0.0000000E+00
  0.3210951E-01 -0.1096389E-01 -0.1578266E-01  0.0000000E+00
 -0.5534806E-03 -0.1006820E-01 -0.2298902E-01  0.0000000E+00
  0.3830158E+00 -0.1018784E+00 -0.2980097E-01  0.0000000E+00
  0.8972568E-01 -0.4364642E-01  0.5530218E-01  0.0000000E+00
 -0.3003325E-01 -0.2069307E+00 -0.3970032E-01  0.0000000E+00
 -0.7230831E-01 -0.1122045E+00 -0.7583835E-01  0.0000000E+00
 -0.2227502E+00 -0.2184809E+00  0.7322707E-01  0.0000000E+00
 -0.1662940E+00 -0.1204714E+00 -0.4245290E-03  0.0000000E+00
  0.8834137E-02  0.1361521E+00  0.9275561E-01  0.0000000E+00
 -0.2218199E+00 -0.1159050E+00 -0.2643707E-01  0.0000000E+00
 -0.3015596E+00 -0.9102771E-01 -0.4920843E-01  0.0000000E+00
 -0.3628979E+00 -0.7189130E-01 -0.6672485E-01  0.0000000E+00
 -0.3997009E+00 -0.6040946E-01 -0.7723471E-01  0.0000000E+00
  0.3284255E+00 -0.1657580E+00 -0.3995474E-01  0.0000000E+00
 -0.1354829E+00 -0.2141731E-01 -0.4244605E-02  0.0000000E+00
  0.1189051E+00 -0.1650429E+00  0.4118043E-01  0.0000000E+00
 -0.4351011E+00  0.2572848E-01 -0.1281789E+00  0.0000000E+00
 -0.1412238E+00 -0.7950214E-01  0.2035451E-01  0.0000000E+00
 -0.4375771E+00 -0.1620076E+00 -0.1833972E-01  0.0000000E+00
  0.8644241E-01 -0.2017347E+00 -0.1367358E+00  0.0000000E+00
 -0.3192354E+00 -0.1379303E+00 -0.5030772E-01  0.0000000E+00
 -0.2255204E+00 -0.8870968E-01 -0.2710347E-01  0.0000000E+00
 -0.1534319E+00 -0.5084765E-01 -0.9254059E-02  0.0000000E+00
 -0.1101787E+00 -0.2813044E-01  0.1455592E-02  0.0000000E+00
  0.2605931E+00 -0.1489841E-01 -0.2055076E-01  0.0000000E+00
  0.1446332E+00  0.1408631E+00  0.1433570E+00  0.0000000E+00
 -0.1681972E+00 -0.1280826E+00 -0.1275858E+00  0.0000000E+00
 -0.7188440E-01  0.2088178E+00  0.5872059E-01  0.0000000E+00
  0.5035811E+00  0.2937011E-01 -0.6274412E-01  0.0000000E+00
  0.7989785E-02  0.2357922E+00  0.9321430E-01  0.0000000E+00
  0.5715437E+00  0.1857628E+00  0.1114080E+00  0.0000000E+00
  0.3501605E+00  0.7923076E-01  0.1147612E+00  0.0000000E+00
  0.1330137E+00 -0.7943507E-01  0.6718759E-01  0.0000000E+00
 -0.3402229E-01 -0.2014857E+00  0.3059252E-01  0.0000000E+00
 -0.1342439E+00 -0.2747161E+00  0.8635483E-02  0.0000000E+00
 -0.1835312E-01 -0.7007432E-03 -0.8458508E-03  0.0000000E+00
  0.7787952E-02  0.3716299E-02  0.5096647E-02  0.0000000E+00
  0.1800985E-01 -0.6397504E-02 -0.9156108E-02  0.0000000E+00
 -0.3702845E-01  0.1285105E-01  0.1460835E-01  0.0000000E+00
  0.8015987E-01 -0.2902124E-01 -0.2768574E-01  0.0000000E+00
 -0.9809039E-01  0.7699139E-01  0.5980042E-01  0.0000000E+00
 -0.2372434E+00  0.3592077E-01 -0.7473375E-01  0.0000000E+00
 -0.2820399E+00  0.1316903E+00 -0.2118198E-01  0.0000000E+00
 -0.4385293E+00  0.7375741E-01 -0.4580811E-01  0.0000000E+00
 -0.5589058E+00  0.2919367E-01 -0.6475128E-01  0.0000000E+00
 -0.6311317E+00  0.2455430E-02 -0.7611719E-01  0.0000000E+00
 -0.6766158E-02  0.3237388E-03  0.7747803E-03  0.0000000E+00
 -0.2198266E-01  0.1624473E-02 -0.3408574E-02  0.0000000E+00
  0.4983929E-01 -0.1579826E-02  0.5424265E-02  0.0000000E+00
 -0.8152005E-01  0.5010168E-02 -0.8829848E-02  0.0000000E+00
  0.4107981E-01 -0.1170022E-01  0.1825644E-01  0.0000000E+00
 -0.6867905E-01  0.1607190E-01 -0.5346929E-01  0.0000000E+00
  0.5252972E+00 -0.1567769E+00 -0.5014833E-01  0.0000000E+00
  0.1747768E+00 -0.4420712E-01  0.3266934E-01  0.0000000E+00
  0.3221920E+00 -0.4868974E-01  0.3862440E-01  0.0000000E+00
  0.4355883E+00 -0.5213793E-01  0.4320521E-01  0.0000000E+00
  0.5036261E+00 -0.5420684E-01  0.4595370E-01  0.0000000E+00
  0.4131991E-02  0.1010321E-02  0.5438760E-03  0.0000000E+00
  0.6624064E-02 -0.1861807E-02 -0.2996556E-02  0.0000000E+00
 -0.3291954E-01  0.4559038E-02  0.5613378E-02  0.0000000E+00
  0.4181502E-01 -0.9938066E-02 -0.8734886E-02  0.0000000E+00
  0.5375961E-02  0.2327616E-01  0.1789094E-01  0.0000000E+00
 -0.1884527E-02 -0.7077184E-01 -0.4265951E-01  0.0000000E+00
  0.9853499E-01 -0.9355232E-01  0.9955381E-02  0.0000000E+00
  0.2396521E+00 -0.2228264E-01  0.2419672E-01  0.0000000E+00
  0.2249894E+00 -0.5567015E-01  0.3033347E-01  0.0000000E+00
  0.2137104E+00 -0.8135284E-01  0.3505404E-01  0.0000000E+00
  0.2069429E+00 -0.9676246E-01  0.3788639E-01  0.0000000E+00
 -0.6133115E-03 -0.5386009E-03 -0.4631503E-03  0.0000000E+00
  0.9444986E-02  0.1353106E-02  0.2124278E-02  0.0000000E+00
 -0.2876863E-01 -0.3508466E-02 -0.3809701E-02  0.0000000E+00
  0.3893424E-01  0.6879854E-02  0.6361049E-02  0.0000000E+00
 -0.5066918E-01 -0.8240729E-02 -0.1404356E-01  0.0000000E+00
 -0.2361576E-01  0.8495293E-02  0.3964199E-01  0.0000000E+00
  0.5218671E-01  0.2406400E-01  0.3205417E-01  0.0000000E+00
 -0.3652802E-01  0.1084164E+00  0.4504750E-01  0.0000000E+00
  0.2041604E-01 -0.2681937E-01  0.2511037E-01  0.0000000E+00
  0.6421917E-01 -0.1308469E+00  0.9774115E-02  0.0000000E+00
  0.9050104E-01 -0.1932634E+00  0.5723614E-03  0.0000000E+00
  0.1629865E-02  0.6774971E-04 -0.1154070E-03  0.0000000E+00
 -0.1143538E-01  0.2444862E-02  0.1186073E-02  0.0000000E+00
  0.2593775E-01 -0.3499425E-02 -0.2051580E-02  0.0000000E+00
 -0.2309764E-01  0.9007827E-02  0.3341428E-02  0.0000000E+00
 -0.3088797E-01 -0.2065002E-01 -0.6134789E-02  0.0000000E+00
  0.1132423E+00  0.5631705E-01  0.1866763E-01  0.0000000E+00
 -0.1377118E+00  0.2292924E-01  0.1252474E-01  0.0000000E+00
  0.1036379E+00 -0.2455570E-02  0.1167416E-01  0.0000000E+00
  0.1504989E-01  0.1994328E-01 -0.2534768E-02  0.0000000E+00
 -0.5309471E-01  0.3717317E-01 -0.1346471E-01  0.0000000E+00
 -0.9398147E-01  0.4751110E-01 -0.2002268E-01  0.0000000E+00
 -0.2083909E-02 -0.3412480E-03 -0.1356891E-04  0.0000000E+00
  0.1935673E-02 -0.9218709E-03 -0.4551307E-03  0.0000000E+00
  0.1412062E-01  0.2017449E-03  0.6635326E-03  0.0000000E+00
 -0.1135206E-01 -0.1363866E-02 -0.6849429E-03  0.0000000E+00
  0.1616922E-01  0.1518915E-02  0.2258340E-02  0.0000000E+00
 -0.8327058E-01  0.4285225E-03 -0.9873069E-02  0.0000000E+00
 -0.1961063E-01 -0.2577043E-01 -0.2125211E-01  0.0000000E+00
  0.1335598E+00 -0.4549124E-01  0.1081703E-02  0.0000000E+00
  0.7976758E-01 -0.1851085E-01  0.7401513E-02  0.0000000E+00
  0.3838897E-01  0.2243314E-02  0.1226290E-01  0.0000000E+00
  0.1356181E-01  0.1469581E-01  0.1517974E-01  0.0000000E+00
  0.2072391E+00  0.1872651E+00  0.3403545E-01  0.0000000E+00
  0.1004465E+00 -0.3164644E+00 -0.6106309E-01  0.0000000E+00
 -0.5938279E-01  0.2930795E+00  0.5792385E-01  0.0000000E+00
 -0.9407217E-01 -0.7853155E-02 -0.8252256E-01  0.0000000E+00
  0.1211336E+00  0.1322423E+00  0.6148171E-01  0.0000000E+00
 -0.2717930E+00  0.1306458E+00 -0.1005912E+00  0.0000000E+00
  0.2320092E+00 -0.1587125E+00  0.1043391E+00  0.0000000E+00
 -0.1423572E+00 -0.9357907E-01  0.7532240E-01  0.0000000E+00
 -0.2217849E+00 -0.2566403E-02  0.4999395E-01  0.0000000E+00
 -0.2828831E+00  0.6744330E-01  0.3051052E-01  0.0000000E+00
 -0.3195420E+00  0.1094491E+00  0.1882046E-01  0.0000000E+00
  0.1036634E+00  0.1895744E+00  0.7565491E-03  0.0000000E+00
  0.8107041E-01 -0.2507714E+00 -0.4146298E-01  0.0000000E+00
  0.9807002E-02  0.1975930E+00  0.2407638E-01  0.0000000E+00
 -0.9002160E-01  0.1616759E-01 -0.3753826E-01  0.0000000E+00
 -0.8939473E-01  0.3015721E+00  0.1840009E-01  0.0000000E+00
 -0.1726523E+00  0.4705912E-01 -0.4570603E-01  0.0000000E+00
  0.1321039E-01  0.3899017E+00  0.2321090E-01  0.0000000E+00
 -0.1573631E+00  0.1919265E+00  0.1322664E+00  0.0000000E+00
  0.7934303E-01  0.5547023E-01  0.8100613E-01  0.0000000E+00
  0.2614247E+00 -0.4949611E-01  0.4157512E-01  0.0000000E+00
  0.3706736E+00 -0.1124759E+00  0.1791652E-01  0.0000000E+00
  0.2168507E-01  0.5717400E-01  0.3264454E-01  0.0000000E+00
  0.3592315E-01 -0.2262140E-01 -0.4757638E-02  0.0000000E+00
 -0.9598096E-02  0.4530574E-01  0.1683094E-01  0.0000000E+00
 -0.2278372E-01  0.9637047E-01 -0.1285107E-01  0.0000000E+00
 -0.6747323E-01 -0.6662422E-01 -0.8785821E-01  0.0000000E+00
  0.2695359E+00 -0.2607135E+00 -0.1539553E+00  0.0000000E+00
  0.1495490E+00  0.7738709E-01  0.1288751E+00  0.0000000E+00
 -0.1077372E+00  0.1992632E+00 -0.1844245E-01  0.0000000E+00
 -0.2216868E+00  0.3035355E-01 -0.2410011E-01  0.0000000E+00
 -0.3093404E+00 -0.9957697E-01 -0.2845213E-01  0.0000000E+00
 -0.3619326E+00 -0.1775353E+00 -0.3106335E-01  0.0000000E+00
  0.2879180E-01  0.1633409E-02  0.3598477E-03  0.0000000E+00
 -0.8376069E-02 -0.7967049E-02 -0.1684735E-02  0.0000000E+00
  0.1626137E-02  0.1506871E-01  0.3223199E-02  0.0000000E+00
 -0.3280715E-02 -0.2817201E-01 -0.5359306E-02  0.0000000E+00
  0.2903378E-01  0.5220282E-01  0.1173875E-01  0.0000000E+00
  0.1240640E+00 -0.8511641E-01 -0.4057428E-01  0.0000000E+00
  0.1517527E+00  0.2015132E+00 -0.2559884E-01  0.0000000E+00
  0.4019595E+00  0.9009286E-02 -0.2706078E-01  0.0000000E+00
  0.6204976E+00 -0.4174781E-01 -0.7229273E-01  0.0000000E+00
  0.7886038E+00 -0.8079169E-01 -0.1070865E+00  0.0000000E+00
  0.8894675E+00 -0.1042180E+00 -0.1279628E+00  0.0000000E+00
  0.6818262E-02 -0.1760463E-03 -0.1813854E-03  0.0000000E+00
 -0.8408834E-02 -0.9441499E-03 -0.1472866E-04  0.0000000E+00
  0.1711442E-01  0.1583746E-02  0.5388404E-04  0.0000000E+00
 -0.9555701E-02 -0.6106678E-02 -0.4984986E-04  0.0000000E+00
  0.2593582E-01  0.9553606E-02 -0.5272540E-03  0.0000000E+00
 -0.2499606E-01 -0.6816442E-02  0.4357923E-02  0.0000000E+00
 -0.6298700E-01  0.1422673E+00  0.1146531E-01  0.0000000E+00
 -0.4832717E+00  0.3138127E-01 -0.7962837E-01  0.0000000E+00
 -0.3884853E+00  0.3164662E-01 -0.9256988E-01  0.0000000E+00
 -0.3155726E+00  0.3185076E-01 -0.1025249E+00  0.0000000E+00
 -0.2718251E+00  0.3197324E-01 -0.1084978E+00  0.0000000E+00
  0.2401562E-03 -0.3761399E-03 -0.4369273E-03  0.0000000E+00
 -0.1348091E-02  0.3884962E-02  0.2907753E-02  0.0000000E+00
  0.5401496E-02 -0.5926461E-02 -0.5143952E-02  0.0000000E+00
 -0.1486303E-01  0.1278028E-01  0.9495747E-02  0.0000000E+00
  0.1048028E-02 -0.2580584E-01 -0.1815475E-01  0.0000000E+00
 -0.8964642E-01  0.4839368E-01  0.4698247E-01  0.0000000E+00
 -0.2280595E-01 -0.9095864E-01 -0.1634413E-01  0.0000000E+00
  0.1816354E+00 -0.6233204E-01 -0.1403662E-01  0.0000000E+00
  0.7280934E-01 -0.2078270E-01 -0.4015932E-01  0.0000000E+00
 -0.1090301E-01  0.1117833E-01 -0.6025371E-01  0.0000000E+00
 -0.6113043E-01  0.3035495E-01 -0.7231035E-01  0.0000000E+00
  0.5008461E-02  0.1060039E-02  0.5547368E-03  0.0000000E+00
 -0.3142913E-02 -0.4205615E-02 -0.2951732E-02  0.0000000E+00
 -0.3824818E-02  0.6031204E-02  0.5332568E-02  0.0000000E+00
 -0.4363377E-03 -0.6698497E-02 -0.9067960E-02  0.0000000E+00
 -0.3636860E-02  0.1242546E-01  0.1478815E-01  0.0000000E+00
 -0.3520630E-01 -0.2824124E-01 -0.1716737E-01  0.0000000E+00
 -0.5122889E-01 -0.1569504E-01  0.6569206E-01  0.0000000E+00
 -0.1271363E+00 -0.3330309E-01 -0.8374258E-01  0.0000000E+00
 -0.6683468E-01 -0.8745591E-01 -0.2532342E-01  0.0000000E+00
 -0.2044875E-01 -0.1291119E+00  0.1961441E-01  0.0000000E+00
  0.7382784E-02 -0.1541055E+00  0.4657711E-01  0.0000000E+00
 -0.7044461E-02 -0.1123434E-03 -0.6205209E-04  0.0000000E+00
  0.8730740E-02 -0.1443267E-02  0.3740936E-03  0.0000000E+00
 -0.1190457E-01  0.2331769E-02 -0.6154910E-03  0.0000000E+00
  0.2498871E-01 -0.5252236E-02  0.8675145E-03  0.0000000E+00
  0.1113571E-01  0.9042024E-02 -0.1034537E-02  0.0000000E+00
  0.5932732E-02 -0.1871177E-01  0.7419065E-04  0.0000000E+00
  0.5032083E-01 -0.1157196E-01 -0.3307303E-01  0.0000000E+00
  0.3075514E-01  0.1662820E-01  0.4025670E-01  0.0000000E+00
 -0.5169167E-02  0.8596440E-04  0.1094997E-01  0.0000000E+00
 -0.3280325E-01 -0.1263884E-01 -0.1159366E-01  0.0000000E+00
 -0.4938370E-01 -0.2027373E-01 -0.2511985E-01  0.0000000E+00
 -0.2269198E-02 -0.7802300E-03  0.1001960E-03  0.0000000E+00
  0.2503248E-01  0.2739585E-02 -0.4548489E-03  0.0000000E+00
 -0.3214266E-01 -0.3891924E-02  0.8425796E-03  0.0000000E+00
  0.3646098E-01  0.7174107E-02 -0.1063211E-02  0.0000000E+00
 -0.6460532E-01 -0.1248463E-01  0.2997778E-02  0.0000000E+00
  0.1058879E+00  0.1684650E-01 -0.1573847E-01  0.0000000E+00
 -0.1504062E+00 -0.2268952E-01 -0.6353900E-02  0.0000000E+00
  0.4189134E+00 -0.4569728E-01 -0.2858350E-01  0.0000000E+00
  0.2046342E+00 -0.4954132E-01 -0.1589656E-01  0.0000000E+00
  0.3980392E-01 -0.5249828E-01 -0.6137372E-02  0.0000000E+00
 -0.5909422E-01 -0.5427245E-01 -0.2818600E-03  0.0000000E+00
 -0.2511376E+00  0.8888624E-01  0.1071985E-01  0.0000000E+00
 -0.1219499E+00 -0.2589961E-01  0.1124943E-01  0.0000000E+00
  0.1213312E-01  0.4256934E-01 -0.2529063E-01  0.0000000E+00
 -0.3150968E-01 -0.8452233E-01  0.7445513E-01  0.0000000E+00
 -0.3601240E-01  0.9465208E-01 -0.7483162E-02  0.0000000E+00
  0.1672120E-01  0.3399453E-01 -0.2868976E-02  0.0000000E+00
 -0.2961688E+00 -0.4253157E-01  0.1100309E-01  0.0000000E+00
  0.2811163E+00  0.2929755E-01  0.6844795E-03  0.0000000E+00
  0.2071584E+00  0.2852807E-01  0.3400539E-02  0.0000000E+00
  0.1502677E+00  0.2793616E-01  0.5489819E-02  0.0000000E+00
  0.1161332E+00  0.2758102E-01  0.6743386E-02  0.0000000E+00
 -0.1824916E+00  0.9659048E-01  0.1132354E-01  0.0000000E+00
 -0.1772697E-01 -0.5160488E-01  0.8967546E-02  0.0000000E+00
  0.7618391E-01  0.9018930E-01 -0.2520962E-01  0.0000000E+00
  0.4801032E-01 -0.7466967E-01  0.4566904E-01  0.0000000E+00
 -0.1306116E+00  0.9464731E-02 -0.8883217E-02  0.0000000E+00
 -0.2435315E-01  0.5395872E-01 -0.6189631E-01  0.0000000E+00
  0.7042401E-01  0.4799670E-01 -0.1679074E-01  0.0000000E+00
  0.8016423E-01  0.1594449E-01 -0.6834337E-01  0.0000000E+00
  0.4528054E-01 -0.7057640E-01 -0.5745795E-01  0.0000000E+00
  0.1844692E-01 -0.1371309E+00 -0.4908454E-01  0.0000000E+00
  0.2346746E-02 -0.1770637E+00 -0.4406050E-01  0.0000000E+00
 -0.1146570E+00 -0.3703666E-01 -0.2290829E-02  0.0000000E+00
 -0.1404939E+00  0.2535151E-01 -0.9024999E-02  0.0000000E+00
  0.1646229E+00 -0.2634889E-01 -0.2678948E-02  0.0000000E+00
  0.7606150E-01 -0.1255005E-02  0.5717935E-01  0.0000000E+00
 -0.1508145E+00 -0.1483355E+00 -0.1766290E-01  0.0000000E+00
  0.2116639E+00 -0.6336716E-01  0.2553858E-01  0.0000000E+00
 -0.5531794E+00 -0.1349241E+00 -0.3921533E-02  0.0000000E+00
  0.1403634E+00  0.2404319E-01 -0.1912922E-01  0.0000000E+00
  0.6045726E-01 -0.7780086E-01 -0.1749019E-01  0.0000000E+00
 -0.1009069E-02 -0.1561424E+00 -0.1622941E-01  0.0000000E+00
 -0.3788885E-01 -0.2031474E+00 -0.1547294E-01  0.0000000E+00
  0.8829334E-02 -0.5500976E-03 -0.9031513E-04  0.0000000E+00
 -0.1154171E-01  0.1283458E-02  0.1680366E-03  0.0000000E+00
  0.3603428E-02 -0.1911624E-02 -0.2581019E-03  0.0000000E+00
  0.6691546E-02  0.7076067E-03  0.7556569E-03  0.0000000E+00
  0.7854756E-02 -0.5410507E-02 -0.1491928E-02  0.0000000E+00
 -0.1938287E-01  0.4106115E-01  0.4641351E-02  0.0000000E+00
  0.8609373E-01  0.1749127E-01  0.4235823E-02  0.0000000E+00
 -0.7172424E-01  0.5726157E-01  0.2434213E-01  0.0000000E+00
 -0.2170576E-01  0.2642927E-01  0.2651144E-01  0.0000000E+00
  0.1677001E-01  0.2712118E-02  0.2818014E-01  0.0000000E+00
  0.3985547E-01 -0.1151817E-01  0.2918136E-01  0.0000000E+00
  0.5714476E-02 -0.9672097E-03  0.2310945E-03  0.0000000E+00
  0.1192894E-01  0.4090875E-02 -0.1124826E-02  0.0000000E+00
 -0.2297835E-01 -0.7379106E-02  0.1994561E-02  0.0000000E+00
  0.4317163E-01  0.1166575E-01 -0.3849053E-02  0.0000000E+00
 -0.8553849E-01 -0.1972019E-01  0.6071348E-02  0.0000000E+00
  0.1020517E+00  0.3855232E-01 -0.9778899E-02  0.0000000E+00
 -0.2584596E+00 -0.1306184E-01 -0.3419600E-01  0.0000000E+00
  0.3581668E-01 -0.2529660E-01  0.2091076E-01  0.0000000E+00
  0.7549034E-01  0.4674841E-02  0.8500181E-02  0.0000000E+00
  0.1060085E+00  0.2772980E-01 -0.1046430E-02  0.0000000E+00
  0.1243194E+00  0.4156277E-01 -0.6774395E-02  0.0000000E+00
  0.1971826E-02  0.8051206E-03  0.7877151E-04  0.0000000E+00
 -0.1372828E-02 -0.2039894E-02 -0.8033622E-03  0.0000000E+00
  0.9682236E-02  0.3299658E-02  0.1737346E-02  0.0000000E+00
 -0.1568561E-01 -0.2662395E-02 -0.2440266E-02  0.0000000E+00
  0.2530560E-01  0.9934620E-02  0.5024697E-02  0.0000000E+00
 -0.3307048E-01 -0.4968700E-01 -0.1385707E-01  0.0000000E+00
 -0.1331318E-01  0.3670526E-01  0.1178885E-01  0.0000000E+00
  0.1674688E+00 -0.1122995E-01  0.1266339E-01  0.0000000E+00
  0.4867263E-01 -0.1056462E-01  0.8609492E-02  0.0000000E+00
 -0.4270900E-01 -0.1005281E-01  0.5491108E-02  0.0000000E+00
 -0.9753799E-01 -0.9745735E-02  0.3620077E-02  0.0000000E+00
  0.5189604E-02  0.9808827E-03 -0.6491097E-03  0.0000000E+00
 -0.5876310E-02 -0.4344756E-02  0.3226070E-02  0.0000000E+00
 -0.8196807E-02  0.7059696E-02 -0.5507853E-02  0.0000000E+00
  0.4829520E-02 -0.1144504E-01  0.9357624E-02  0.0000000E+00
  0.2765033E-01  0.2080441E-01 -0.1663259E-01  0.0000000E+00
 -0.1013179E+00 -0.5287739E-01  0.3007607E-01  0.0000000E+00
  0.1627177E-01  0.2421775E-01 -0.4105106E-01  0.0000000E+00
 -0.3246315E-01 -0.4576110E-01  0.6036862E-01  0.0000000E+00
 -0.4115464E-01  0.2822757E-02  0.1676558E-01  0.0000000E+00
 -0.4784040E-01  0.4019496E-01 -0.1677522E-01  0.0000000E+00
 -0.5185186E-01  0.6261828E-01 -0.3689970E-01  0.0000000E+00
 -0.3078719E-02 -0.5164258E-03  0.5260725E-04  0.0000000E+00
  0.7929382E-02  0.6904406E-03  0.5545270E-05  0.0000000E+00
 -0.9995234E-02 -0.2349716E-02 -0.2111118E-03  0.0000000E+00
  0.2120729E-02 -0.7700013E-03 -0.5200677E-03  0.0000000E+00
  0.1638400E-02 -0.8541125E-03  0.2911981E-03  0.0000000E+00
 -0.3194831E-02  0.1320736E-01  0.3441233E-02  0.0000000E+00
 -0.6207571E-02 -0.8309676E-02  0.1127137E-01  0.0000000E+00
  0.1903727E-01 -0.2890198E-02  0.1742290E-03  0.0000000E+00
  0.9289228E-02 -0.9299094E-02 -0.4765525E-02  0.0000000E+00
  0.1790715E-02 -0.1422901E-01 -0.8565340E-02  0.0000000E+00
 -0.2708388E-02 -0.1718696E-01 -0.1084523E-01  0.0000000E+00
  0.5710584E-02  0.2512538E-03 -0.9078596E-04  0.0000000E+00
 -0.5886962E-02  0.6631793E-03  0.3650888E-03  0.0000000E+00
  0.1908066E-01 -0.9183318E-03 -0.5666101E-03  0.0000000E+00
 -0.2645766E-01  0.2075919E-02  0.1175560E-02  0.0000000E+00
  0.3020344E-01 -0.4622640E-02 -0.1817345E-02  0.0000000E+00
  0.7429155E-01  0.2336276E-01  0.1236247E-02  0.0000000E+00
  0.3046450E-01 -0.1276843E-01 -0.1553180E-01  0.0000000E+00
  0.2196147E+00 -0.8446255E-03  0.2642628E-01  0.0000000E+00
  0.8616612E-01 -0.2378668E-01  0.2333403E-02  0.0000000E+00
 -0.1648663E-01 -0.4143442E-01 -0.1619958E-01  0.0000000E+00
 -0.7807828E-01 -0.5202306E-01 -0.2731937E-01  0.0000000E+00
 -0.2952809E+00  0.5932049E-01  0.8601835E-02  0.0000000E+00
 -0.6822342E-01 -0.4050258E-01  0.9923663E-02  0.0000000E+00
  0.4844095E-01  0.6944913E-01  0.1151943E-01  0.0000000E+00
 -0.1969654E+00 -0.4863009E-01 -0.3767520E-01  0.0000000E+00
  0.5061563E-01  0.5955590E-01  0.2509344E-01  0.0000000E+00
  0.2434289E-01 -0.4218421E-01  0.4585644E-01  0.0000000E+00
 -0.9001717E-01 -0.7598830E-01  0.3514659E-01  0.0000000E+00
  0.4659453E-01  0.1433971E-02 -0.2362433E-01  0.0000000E+00
 -0.1958545E-01  0.1213348E-01 -0.2240493E-01  0.0000000E+00
 -0.7049311E-01  0.2036387E-01 -0.2146692E-01  0.0000000E+00
 -0.1010377E+00  0.2530211E-01 -0.2090411E-01  0.0000000E+00
 -0.4142050E+00  0.2642477E-01  0.1977249E-01  0.0000000E+00
 -0.7505088E-01 -0.4326623E-01  0.2355095E-02  0.0000000E+00
  0.1240705E-01  0.1575394E-01  0.2001227E-01  0.0000000E+00
 -0.2914460E-01 -0.5202044E-01 -0.6612556E-01  0.0000000E+00
 -0.6176158E-01  0.5579725E-02  0.2578828E-01  0.0000000E+00
 -0.4048070E-01  0.1616542E-01 -0.5090878E-01  0.0000000E+00
 -0.9345633E-01 -0.7145603E-01  0.4410375E-03  0.0000000E+00
 -0.2785188E+00  0.3786652E-01 -0.5697941E-01  0.0000000E+00
 -0.2321240E+00 -0.2994479E-01 -0.2490321E-01  0.0000000E+00
 -0.1964357E+00 -0.8210732E-01 -0.2292000E-03  0.0000000E+00
 -0.1750227E+00 -0.1134048E+00  0.1457520E-01  0.0000000E+00
 -0.1025528E+00 -0.1737376E-01  0.7958492E-02  0.0000000E+00
  0.2062409E-01 -0.7296451E-01 -0.5650040E-02  0.0000000E+00
 -0.1989759E-02  0.4725164E-01  0.8647301E-02  0.0000000E+00
  0.6762309E-01 -0.7537965E-01 -0.5215594E-02  0.0000000E+00
 -0.7538518E-01  0.4624737E-01  0.2542814E-01  0.0000000E+00
  0.1866748E+00 -0.4060638E-01  0.6351418E-01  0.0000000E+00
 -0.1782934E+00 -0.2760830E-01  0.1985218E-01  0.0000000E+00
 -0.4060320E-01  0.3145285E-02  0.2572039E-02  0.0000000E+00
 -0.1246460E-01 -0.1825424E-01 -0.4310275E-02  0.0000000E+00
  0.9180459E-02 -0.3471542E-01 -0.9604363E-02  0.0000000E+00
  0.2216750E-01 -0.4459213E-01 -0.1278082E-01  0.0000000E+00
  0.3008609E-01  0.1043522E-02 -0.2201889E-04  0.0000000E+00
  0.6829758E-02 -0.6067992E-02 -0.2147072E-03  0.0000000E+00
 -0.1901598E-01  0.9731989E-02  0.2139692E-04  0.0000000E+00
  0.1980172E-01 -0.1457763E-01 -0.1279265E-03  0.0000000E+00
 -0.4175771E-01  0.2499861E-01 -0.1291535E-02  0.0000000E+00
  0.9112164E-01 -0.2629350E-01  0.6154047E-02  0.0000000E+00
 -0.2001919E-01  0.3423847E-01 -0.3785591E-01  0.0000000E+00
  0.1922257E+00 -0.3256291E-01 -0.1355852E-01  0.0000000E+00
  0.6711796E-01  0.2686512E-01 -0.8643154E-02  0.0000000E+00
 -0.2911875E-01  0.7257900E-01 -0.4862112E-02  0.0000000E+00
 -0.8686077E-01  0.1000073E+00 -0.2593485E-02  0.0000000E+00
  0.4253371E-02 -0.3240873E-03 -0.2204860E-03  0.0000000E+00
 -0.3291840E-02  0.3631115E-02  0.6250997E-03  0.0000000E+00
 -0.1767777E-02 -0.5634725E-02 -0.1132704E-02  0.0000000E+00
 -0.1279678E-01  0.6561481E-02  0.2020735E-02  0.0000000E+00
 -0.1216198E-01 -0.1260338E-01 -0.3653422E-02  0.0000000E+00
 -0.6654734E-01  0.2380815E-01  0.4785384E-02  0.0000000E+00
 -0.5313277E-03 -0.8173181E-01 -0.5582909E-02  0.0000000E+00
 -0.1483808E+00  0.3313063E-01  0.3675023E-01  0.0000000E+00
 -0.5609899E-01 -0.5019257E-01  0.2555966E-01  0.0000000E+00
  0.1488704E-01 -0.1142873E+00  0.1695152E-01  0.0000000E+00
  0.5747865E-01 -0.1527442E+00  0.1178664E-01  0.0000000E+00
  0.7357868E-03 -0.1242522E-05 -0.2334498E-03  0.0000000E+00
 -0.1441382E-01  0.1781898E-02  0.1220417E-02  0.0000000E+00
  0.2456978E-01 -0.2652184E-02 -0.2055651E-02  0.0000000E+00
 -0.1394608E-01  0.5142518E-02  0.3619860E-02  0.0000000E+00
  0.2523147E-01 -0.7848431E-02 -0.4980277E-02  0.0000000E+00
 -0.5746754E-01  0.7470185E-02  0.1056240E-02  0.0000000E+00
  0.1669807E-01  0.4322403E-02 -0.4303360E-02  0.0000000E+00
  0.1561229E-01  0.4807574E-02  0.1028283E-01  0.0000000E+00
  0.2578930E-01  0.4738115E-02  0.2706463E-02  0.0000000E+00
  0.3361777E-01  0.4684679E-02 -0.3121512E-02  0.0000000E+00
  0.3831485E-01  0.4652620E-02 -0.6618296E-02  0.0000000E+00
 -0.3201956E-02  0.1415138E-03 -0.2362336E-03  0.0000000E+00
 -0.1763529E-02  0.5734846E-03  0.9902432E-03  0.0000000E+00
  0.1871538E-02 -0.4862920E-04 -0.1784830E-02  0.0000000E+00
  0.7965182E-02 -0.3251723E-05  0.2658556E-02  0.0000000E+00
  0.2584035E-01 -0.1649703E-02 -0.5398454E-02  0.0000000E+00
 -0.6814299E-01 -0.1033159E-01  0.8367658E-02  0.0000000E+00
  0.6341786E-01  0.3731407E-01  0.6436834E-02  0.0000000E+00
  0.1429455E+00  0.2096113E-01  0.1536389E-01  0.0000000E+00
  0.4906432E-01  0.1731402E-02  0.6525187E-03  0.0000000E+00
 -0.2315194E-01 -0.1306070E-01 -0.1066393E-01  0.0000000E+00
 -0.6648169E-01 -0.2193596E-01 -0.1745380E-01  0.0000000E+00
 -0.3153034E-02 -0.5482680E-03  0.3260410E-04  0.0000000E+00
  0.3211423E-02  0.1942549E-02  0.1048150E-03  0.0000000E+00
 -0.4838425E-02 -0.3389275E-02 -0.2519883E-03  0.0000000E+00
 -0.1310486E-01  0.4847490E-02  0.2770717E-03  0.0000000E+00
  0.1976295E-01 -0.6331878E-02 -0.5454018E-03  0.0000000E+00
 -0.8422478E-01  0.3346503E-02  0.7955516E-02  0.0000000E+00
  0.1208416E+00 -0.9370316E-02  0.6139021E-02  0.0000000E+00
 -0.8734051E-01  0.1676799E-01  0.1034292E-01  0.0000000E+00
 -0.2161279E-02 -0.2515870E-02  0.3851802E-02  0.0000000E+00
  0.6336121E-01 -0.1734962E-01 -0.1141366E-02  0.0000000E+00
  0.1026747E+00 -0.2624986E-01 -0.4137265E-02  0.0000000E+00
 -0.1535019E-02 -0.2490787E-04  0.1863361E-03  0.0000000E+00
  0.7072950E-02 -0.1721559E-02 -0.1038152E-02  0.0000000E+00
 -0.1571243E-01  0.2922447E-02  0.1727606E-02  0.0000000E+00
  0.2288562E-01 -0.3763085E-02 -0.2634145E-02  0.0000000E+00
 -0.1161726E-01  0.6633037E-02  0.4168488E-02  0.0000000E+00
  0.7037908E-01 -0.4257199E-02 -0.5977936E-02  0.0000000E+00
 -0.1051627E-01  0.9358369E-02 -0.6106793E-02  0.0000000E+00
  0.9623629E-01  0.5997944E-02 -0.9878287E-03  0.0000000E+00
  0.9694066E-02 -0.6791838E-02 -0.4327512E-04  0.0000000E+00
 -0.5687687E-01 -0.1663013E-01  0.6833012E-03  0.0000000E+00
 -0.9681943E-01 -0.2253311E-01  0.1119248E-02  0.0000000E+00
