  1  2   882 12096  4  4  9 14  7  1    0.00   24.00  100.00 1000.00    0.00    6.28   45.00   45.00
  100.0  100.0  100.0  100.0  125.0  150.0  190.0  230.0  275.0  350.0  450.0  550.0  650.0  850.0 1000.0 1000.0 1000.0 1000.0
  0.1019075D+02  0.1253428D+00  0.2140457D-01  0.0000000D+00
  0.1041287D+02  0.1291082D+00  0.8006203D-02  0.0000000D+00
  0.1037744D+02  0.5163042D-01  0.3370268D-01  0.0000000D+00
  0.1039984D+02  0.1039258D+00  0.3556276D-01  0.0000000D+00
  0.1071570D+02  0.9722130D-01 -0.1545940D-01  0.0000000D+00
  0.1115744D+02  0.1825197D+00 -0.3352865D-01  0.0000000D+00
  0.1145406D+02  0.4104304D+00 -0.4553959D-01  0.0000000D+00
  0.1136288D+02  0.6485217D+00 -0.1841744D-01  0.0000000D+00
  0.1113470D+02  0.6420104D+00 -0.1049711D-01  0.0000000D+00
  0.1091786D+02  0.6697042D+00  0.5543591D-02  0.0000000D+00
  0.1070277D+02  0.4935613D+00  0.5219826D-02  0.0000000D+00
  0.1056777D+02  0.4050392D+00  0.9194793D-02  0.0000000D+00
  0.1046285D+02  0.3362356D+00  0.1227523D-01  0.0000000D+00
  0.1041788D+02  0.3067466D+00  0.1359577D-01  0.0000000D+00
 -0.8025829D+00  0.2222783D-01  0.1918959D-01  0.0000000D+00
 -0.7078320D+00  0.3138972D-01  0.2064651D-01  0.0000000D+00
 -0.8045487D+00  0.1391210D+00  0.4319215D-01  0.0000000D+00
 -0.9965128D+00  0.1726527D+00  0.6302292D-01  0.0000000D+00
 -0.9382291D+00  0.4515102D-01  0.1933290D-01  0.0000000D+00
 -0.7030390D+00 -0.1477113D+00 -0.5551877D-02  0.0000000D+00
 -0.3472735D+00 -0.1225449D+00 -0.2627042D-01  0.0000000D+00
 -0.2257173D+00 -0.2676778D-01 -0.2444269D-01  0.0000000D+00
 -0.1558538D+00  0.3758479D-01 -0.2594514D-01  0.0000000D+00
 -0.1542087D+00  0.2125132D-01 -0.1670729D-01  0.0000000D+00
 -0.1225700D+00 -0.5741600D-01 -0.1744541D-01  0.0000000D+00
 -0.1074001D+00 -0.5802120D-01 -0.1037014D-01  0.0000000D+00
 -0.9566058D-01 -0.5836202D-01 -0.4876389D-02  0.0000000D+00
 -0.9062745D-01 -0.5851241D-01 -0.2521655D-02  0.0000000D+00
  0.1119926D-01  0.2032442D-01  0.1919851D-01  0.0000000D+00
 -0.1141167D-01  0.2849924D-02  0.1377173D-01  0.0000000D+00
 -0.9592176D-02 -0.7239330D-02  0.2412675D-01  0.0000000D+00
  0.1602310D-01 -0.4903346D-02  0.2529320D-01  0.0000000D+00
 -0.4615105D-01  0.6152220D-01 -0.1529903D-01  0.0000000D+00
 -0.2081630D+00  0.6875786D-02 -0.3002275D-02  0.0000000D+00
 -0.2295426D+00  0.2931045D-01 -0.1933312D-01  0.0000000D+00
 -0.2775550D+00  0.2774416D-01 -0.1064802D-01  0.0000000D+00
 -0.2335321D+00 -0.3729756D-01 -0.7346674D-02  0.0000000D+00
 -0.2091982D+00 -0.2559691D-01 -0.7499829D-02  0.0000000D+00
 -0.1461373D+00 -0.9634676D-01  0.5498737D-02  0.0000000D+00
 -0.1224474D+00 -0.7665814D-01  0.8192751D-03  0.0000000D+00
 -0.1039973D+00 -0.6114555D-01 -0.2813109D-02  0.0000000D+00
 -0.9609074D-01 -0.5450382D-01 -0.4370020D-02  0.0000000D+00
  0.6108409D-01 -0.3798485D-03  0.1642622D-03  0.0000000D+00
  0.7518289D-01  0.2549297D-03 -0.1710186D-03  0.0000000D+00
  0.5041230D-01  0.4641012D-03  0.4572015D-04  0.0000000D+00
  0.7837694D-01 -0.1090791D-02 -0.2393004D-03  0.0000000D+00
 -0.5996822D-01  0.5538504D-03  0.3384204D-03  0.0000000D+00
 -0.4603806D-01  0.7737279D-03  0.3816103D-03  0.0000000D+00
 -0.5772025D-02 -0.3941255D-02  0.1671310D-02  0.0000000D+00
  0.4443376D-01  0.2292305D-01  0.4699468D-02  0.0000000D+00
  0.3104331D-01  0.2740526D-01  0.3756025D-02  0.0000000D+00
  0.2884274D-01  0.6326340D-02  0.1351962D-02  0.0000000D+00
  0.4396933D-02  0.7505832D-02  0.5238210D-03  0.0000000D+00
 -0.3647541D-02  0.4591741D-02  0.6696030D-02  0.0000000D+00
 -0.9932754D-02  0.2253181D-02  0.1150920D-01  0.0000000D+00
 -0.1262557D-01  0.1253226D-02  0.1357158D-01  0.0000000D+00
 -0.3173121D-01  0.1433953D-03  0.3701805D-04  0.0000000D+00
 -0.1583026D-01 -0.4563615D-03  0.1125912D-03  0.0000000D+00
 -0.4144639D-01  0.6403499D-03 -0.1937111D-03  0.0000000D+00
  0.7227797D-02 -0.2300804D-02  0.4204477D-03  0.0000000D+00
 -0.5869453D-01  0.5204354D-02 -0.6985299D-03  0.0000000D+00
 -0.9569631D-01 -0.1499105D-01  0.1223213D-02  0.0000000D+00
 -0.4988178D-01 -0.1283372D-01 -0.5361606D-02  0.0000000D+00
 -0.2532109D-01  0.4715842D-02  0.4997153D-02  0.0000000D+00
 -0.9610550D-02  0.2022479D-02  0.2344620D-02  0.0000000D+00
 -0.4146845D-02 -0.4612341D-02  0.5859259D-02  0.0000000D+00
  0.4095426D-02 -0.1126173D-01  0.3284963D-02  0.0000000D+00
  0.5479860D-02 -0.3575501D-02  0.3182388D-02  0.0000000D+00
  0.6558539D-02  0.2361864D-02  0.3103439D-02  0.0000000D+00
  0.7020787D-02  0.4907692D-02  0.3069569D-02  0.0000000D+00
  0.4787581D-01  0.1215780D-03  0.9022669D-04  0.0000000D+00
  0.6835246D-01  0.4176515D-03 -0.2037026D-03  0.0000000D+00
  0.8265193D-01 -0.4223314D-03  0.1484762D-03  0.0000000D+00
  0.1727324D+00  0.1222938D-02 -0.3017876D-03  0.0000000D+00
  0.1036490D+00 -0.3168099D-02  0.6810916D-03  0.0000000D+00
  0.6500286D-01  0.5140939D-02 -0.1821259D-02  0.0000000D+00
  0.7332169D-02  0.2150808D-02  0.5879287D-02  0.0000000D+00
  0.9413881D-02 -0.3187668D-02  0.2659651D-02  0.0000000D+00
 -0.1586539D-02 -0.6134369D-02 -0.4704103D-03  0.0000000D+00
  0.1219686D-01 -0.7826870D-03 -0.9464338D-03  0.0000000D+00
  0.5721633D-02 -0.7425737D-02 -0.4655073D-03  0.0000000D+00
  0.5158737D-02 -0.7103943D-02 -0.2007986D-03  0.0000000D+00
  0.4721053D-02 -0.6834799D-02  0.1856044D-04  0.0000000D+00
  0.4533456D-02 -0.6720065D-02  0.1121460D-03  0.0000000D+00
 -0.2134262D-01 -0.1353038D-03  0.8414247D-04  0.0000000D+00
  0.1199127D-01  0.7868911D-03  0.5847282D-04  0.0000000D+00
 -0.2437324D-01 -0.2152136D-02 -0.3242595D-04  0.0000000D+00
  0.2728709D-01  0.2442318D-02  0.2815562D-03  0.0000000D+00
 -0.1743668D-02 -0.4558803D-02 -0.4189869D-03  0.0000000D+00
  0.4329669D-01  0.1408189D-01  0.7012216D-03  0.0000000D+00
  0.3965080D-01  0.8765914D-02 -0.7653591D-03  0.0000000D+00
  0.3298242D-01 -0.7368840D-02  0.1419417D-02  0.0000000D+00
  0.3147338D-01 -0.2821419D-02  0.1561292D-02  0.0000000D+00
  0.3304848D-01 -0.5304826D-02 -0.4774870D-03  0.0000000D+00
  0.2243028D-01 -0.7588909D-02  0.1292000D-02  0.0000000D+00
  0.2182288D-01 -0.1128105D-01  0.3094415D-02  0.0000000D+00
  0.2131677D-01 -0.1414256D-01  0.4491227D-02  0.0000000D+00
  0.2110090D-01 -0.1536923D-01  0.5090022D-02  0.0000000D+00
 -0.3041145D-01  0.1314721D-05  0.1248265D-03  0.0000000D+00
 -0.2728600D-01 -0.8934566D-03 -0.1365178D-03  0.0000000D+00
 -0.2212647D-01  0.1067144D-02  0.1102150D-03  0.0000000D+00
  0.2076004D-01 -0.1312626D-02 -0.2962728D-03  0.0000000D+00
  0.8182854D-02  0.1293737D-02  0.4015923D-03  0.0000000D+00
 -0.1073556D-01 -0.4203235D-02 -0.5683270D-03  0.0000000D+00
 -0.4973271D-02 -0.2311667D-02  0.4085699D-03  0.0000000D+00
 -0.6132676D-02 -0.3366285D-02 -0.1050778D-02  0.0000000D+00
 -0.5485733D-02 -0.2124182D-02  0.2508184D-03  0.0000000D+00
 -0.1659898D-02 -0.1025995D-02 -0.5048057D-03  0.0000000D+00
  0.3725318D-02  0.1642721D-03 -0.1867745D-03  0.0000000D+00
  0.3543076D-02  0.1017184D-04  0.1209047D-02  0.0000000D+00
  0.3440122D-02 -0.1028578D-03  0.2279085D-02  0.0000000D+00
  0.3394792D-02 -0.1515080D-03  0.2738161D-02  0.0000000D+00
 -0.8721340D-02  0.2669663D-03  0.1474486D-03  0.0000000D+00
  0.3128496D-01  0.3349043D-04 -0.7925146D-04  0.0000000D+00
 -0.1114207D-01 -0.1677590D-03  0.1771480D-03  0.0000000D+00
  0.2930155D-01 -0.5770292D-03 -0.1429993D-03  0.0000000D+00
  0.1037431D-01  0.2702581D-02  0.3421980D-03  0.0000000D+00
  0.2647172D-01 -0.7451860D-02 -0.5306069D-03  0.0000000D+00
  0.1634911D-01 -0.1688477D-02  0.1742251D-02  0.0000000D+00
  0.4157418D-02  0.2032263D-02 -0.2551480D-02  0.0000000D+00
  0.2319240D-02  0.1318829D-04  0.3661315D-03  0.0000000D+00
  0.5683646D-02  0.2822664D-02  0.1248052D-02  0.0000000D+00
 -0.1879882D-02 -0.5703847D-03 -0.1447146D-02  0.0000000D+00
  0.7973355D-03  0.2602379D-03 -0.2604002D-03  0.0000000D+00
  0.2845837D-02  0.8630255D-03  0.6537608D-03  0.0000000D+00
  0.3724800D-02  0.1122711D-02  0.1045814D-02  0.0000000D+00
 -0.1925871D+00 -0.2016181D-01  0.2745579D-01  0.0000000D+00
 -0.1888893D+00 -0.3293711D-01  0.9813143D-02  0.0000000D+00
 -0.2185633D+00  0.4592992D-02  0.7382901D-02  0.0000000D+00
 -0.2843137D+00 -0.6328212D-01 -0.1986273D-02  0.0000000D+00
 -0.1665581D+00  0.1228951D-01 -0.1875804D-01  0.0000000D+00
  0.2031835D-01  0.8960762D-01 -0.3229477D-02  0.0000000D+00
 -0.2951870D-01  0.1370422D+00  0.3052619D-02  0.0000000D+00
 -0.5200454D-01  0.8101710D-01  0.1720417D-01  0.0000000D+00
 -0.8316533D-01  0.6506129D-01  0.2150639D-01  0.0000000D+00
 -0.9779712D-01 -0.1519080D-02  0.2652936D-01  0.0000000D+00
 -0.7576178D-01  0.3678071D-01  0.2858721D-01  0.0000000D+00
 -0.5348327D-01  0.2446389D-01  0.2835018D-01  0.0000000D+00
 -0.3619470D-01  0.1456250D-01  0.2810482D-01  0.0000000D+00
 -0.2878407D-01  0.1032932D-01  0.2800160D-01  0.0000000D+00
  0.6201366D-01 -0.1627443D-01  0.1861802D-01  0.0000000D+00
  0.4951400D-01 -0.3718055D-01  0.1192661D-01  0.0000000D+00
 -0.1551231D-01  0.3986233D-01 -0.1698824D-02  0.0000000D+00
 -0.2950975D-01  0.7421539D-02  0.3723271D-02  0.0000000D+00
 -0.1201398D+00  0.4472691D-01 -0.7069721D-02  0.0000000D+00
 -0.9678439D-01 -0.7819070D-02  0.2696951D-03  0.0000000D+00
 -0.1283086D+00 -0.3215006D-01 -0.3627386D-02  0.0000000D+00
 -0.1146717D+00 -0.3847253D-01 -0.4007851D-02  0.0000000D+00
 -0.9753087D-01 -0.8378804D-01 -0.1505769D-01  0.0000000D+00
 -0.8390878D-01 -0.3639644D-01  0.1105263D-01  0.0000000D+00
 -0.4343742D-01 -0.4234251D-01 -0.9828611D-03  0.0000000D+00
 -0.2435741D-01 -0.4420945D-01  0.2550529D-02  0.0000000D+00
 -0.9547638D-02 -0.4549745D-01  0.5325882D-02  0.0000000D+00
 -0.3199576D-02 -0.4605464D-01  0.6514423D-02  0.0000000D+00
 -0.2930011D-01 -0.1419894D-01  0.7685782D-02  0.0000000D+00
 -0.7952325D-02 -0.1525367D-01  0.3717811D-02  0.0000000D+00
 -0.1313505D-01  0.1803039D-01  0.5632234D-02  0.0000000D+00
  0.4259267D-02 -0.3332952D-01 -0.1992053D-02  0.0000000D+00
 -0.8218738D-01 -0.2980451D-01  0.3560102D-02  0.0000000D+00
 -0.2976623D-01 -0.3012081D-01 -0.1917688D-02  0.0000000D+00
 -0.7298231D-02 -0.8492471D-01 -0.5118215D-02  0.0000000D+00
  0.8705953D-02 -0.5941133D-01 -0.2812886D-02  0.0000000D+00
 -0.1102058D-02 -0.4937537D-01 -0.3223266D-03  0.0000000D+00
  0.1500351D-02 -0.2784334D-01  0.9851336D-02  0.0000000D+00
  0.4965829D-02 -0.3386141D-01  0.1409143D-01  0.0000000D+00
  0.1065905D-01 -0.4538733D-01  0.8939590D-02  0.0000000D+00
  0.1516740D-01 -0.5446127D-01  0.4945402D-02  0.0000000D+00
  0.1709702D-01 -0.5834665D-01  0.3233228D-02  0.0000000D+00
  0.1131002D+00 -0.1677783D-03  0.1781256D-03  0.0000000D+00
  0.1522323D+00  0.3358597D-03 -0.2118372D-03  0.0000000D+00
  0.1484708D+00 -0.8601952D-03  0.2334698D-03  0.0000000D+00
  0.1691305D+00  0.1358156D-02 -0.6417952D-03  0.0000000D+00
  0.1041211D+00 -0.3889663D-02  0.1031377D-02  0.0000000D+00
  0.9037489D-01  0.1375664D-01 -0.2073587D-02  0.0000000D+00
  0.5033531D-01  0.1700027D-01  0.2133497D-02  0.0000000D+00
  0.3779358D-01 -0.5767871D-02  0.8274184D-02  0.0000000D+00
  0.2969802D-01 -0.1640381D-01  0.1017457D-03  0.0000000D+00
  0.3584493D-01 -0.1186514D-01  0.2671384D-02  0.0000000D+00
  0.1139099D-01  0.1598902D-01 -0.4206676D-02  0.0000000D+00
  0.8981479D-02  0.9782336D-02 -0.2160353D-02  0.0000000D+00
  0.7064577D-02  0.5052696D-02 -0.5763927D-03  0.0000000D+00
  0.6244335D-02  0.3022722D-02  0.1026624D-03  0.0000000D+00
  0.2182086D-01  0.2997566D-04  0.2391372D-03  0.0000000D+00
 -0.1232138D-01 -0.8679212D-05 -0.1336021D-03  0.0000000D+00
  0.2169177D-01  0.7092948D-03  0.2531426D-03  0.0000000D+00
 -0.2224639D-01 -0.1547379D-02 -0.1471456D-03  0.0000000D+00
 -0.2728056D-01  0.5524874D-02  0.2845251D-03  0.0000000D+00
  0.4084880D-01 -0.2421581D-01 -0.1482550D-03  0.0000000D+00
  0.5792189D-01 -0.4335411D-01  0.3527389D-02  0.0000000D+00
  0.8504468D-01 -0.8904837D-02  0.5036372D-02  0.0000000D+00
  0.6261336D-01  0.8394144D-02  0.5977527D-03  0.0000000D+00
  0.4526246D-01  0.2928057D-01 -0.2217457D-02  0.0000000D+00
  0.2612129D-01  0.1027505D-01 -0.3144501D-02  0.0000000D+00
  0.2284765D-01  0.7376824D-02 -0.7327934D-03  0.0000000D+00
  0.2035573D-01  0.5015679D-02  0.1111575D-02  0.0000000D+00
  0.1928601D-01  0.4007083D-02  0.1902999D-02  0.0000000D+00
 -0.3738668D-02 -0.2831488D-03  0.1207750D-03  0.0000000D+00
 -0.3697617D-01 -0.3490666D-03 -0.1465468D-03  0.0000000D+00
  0.1369355D-01  0.1079068D-02  0.1896267D-04  0.0000000D+00
  0.2605539D-01 -0.1869326D-02 -0.2135921D-03  0.0000000D+00
  0.2153532D-02  0.4119089D-02  0.1336942D-03  0.0000000D+00
 -0.1349917D-02 -0.1245658D-01  0.4621646D-03  0.0000000D+00
  0.2324328D-02 -0.2695764D-03  0.4729477D-02  0.0000000D+00
 -0.1399430D-01  0.3887745D-02  0.3014737D-02  0.0000000D+00
 -0.2475892D-02  0.2026587D-02  0.3322157D-02  0.0000000D+00
  0.1926374D-02 -0.7409622D-02 -0.1113429D-02  0.0000000D+00
  0.2032035D-02 -0.2537450D-02  0.9282230D-03  0.0000000D+00
  0.1966824D-02 -0.4926672D-02  0.1778353D-02  0.0000000D+00
  0.1882908D-02 -0.6780079D-02  0.2464496D-02  0.0000000D+00
  0.1847986D-02 -0.7574522D-02  0.2757777D-02  0.0000000D+00
  0.4383764D-01  0.4039372D-03  0.1333155D-03  0.0000000D+00
 -0.2570027D-01  0.9695969D-03 -0.2051372D-04  0.0000000D+00
  0.3834735D-01 -0.1586839D-02  0.4884468D-04  0.0000000D+00
 -0.3738400D-01  0.2786563D-02 -0.1117620D-03  0.0000000D+00
  0.3362092D-01 -0.5172929D-02 -0.7750109D-04  0.0000000D+00
  0.4961741D-01  0.1597856D-01  0.3533075D-04  0.0000000D+00
  0.4188146D-01  0.5405808D-02 -0.9232146D-03  0.0000000D+00
  0.3381309D-01  0.1193696D-01  0.3104076D-02  0.0000000D+00
  0.2046172D-01  0.9694954D-02 -0.1317020D-02  0.0000000D+00
  0.2480778D-02  0.6811514D-02  0.2277579D-02  0.0000000D+00
  0.9348047D-02  0.1775438D-01 -0.9528481D-06  0.0000000D+00
  0.6849806D-02  0.8388334D-02 -0.3077429D-03  0.0000000D+00
  0.4886736D-02  0.1159039D-02 -0.5211634D-03  0.0000000D+00
  0.4046078D-02 -0.1940916D-02 -0.6134284D-03  0.0000000D+00
 -0.1909527D-01 -0.1291702D-03  0.1305618D-03  0.0000000D+00
 -0.7284687D-01 -0.2464318D-03 -0.1446768D-03  0.0000000D+00
 -0.7964779D-01 -0.1771635D-03 -0.1658151D-03  0.0000000D+00
 -0.8551165D-01  0.7422611D-03  0.6927888D-04  0.0000000D+00
 -0.5083315D-01 -0.1495760D-03  0.2406180D-04  0.0000000D+00
 -0.6326153D-01 -0.1433847D-02 -0.5997410D-03  0.0000000D+00
 -0.5997469D-02 -0.3106503D-02 -0.1339669D-02  0.0000000D+00
 -0.7248419D-02  0.2708738D-02 -0.5070247D-05  0.0000000D+00
 -0.1084181D-02  0.5838148D-02 -0.6311729D-03  0.0000000D+00
 -0.2987300D-02  0.2280869D-02  0.2218671D-02  0.0000000D+00
 -0.2471914D-02 -0.1481609D-02  0.2128245D-03  0.0000000D+00
 -0.7797368D-03  0.2758543D-03 -0.2927607D-03  0.0000000D+00
  0.4959303D-03  0.1618152D-02 -0.6890070D-03  0.0000000D+00
  0.1043913D-02  0.2194180D-02 -0.8587372D-03  0.0000000D+00
  0.2944371D-01  0.2187189D-03  0.5936666D-04  0.0000000D+00
 -0.1665689D-01 -0.1073551D-02 -0.1297293D-03  0.0000000D+00
  0.1017730D-01  0.5695254D-03  0.2194513D-03  0.0000000D+00
 -0.2182982D-01 -0.6518579D-03 -0.5100108D-03  0.0000000D+00
  0.1375754D-01  0.1425867D-02  0.4996340D-03  0.0000000D+00
 -0.2707604D-01 -0.1161224D-02 -0.8209355D-03  0.0000000D+00
 -0.2099196D-01  0.2124509D-02  0.3359486D-02  0.0000000D+00
 -0.1766650D-01  0.4835172D-02 -0.3498005D-02  0.0000000D+00
 -0.1441987D-01 -0.3154802D-02  0.7703471D-03  0.0000000D+00
 -0.1714495D-01 -0.3390409D-02 -0.1228135D-02  0.0000000D+00
 -0.5405636D-02  0.2754964D-02  0.5626796D-03  0.0000000D+00
 -0.1770527D-02  0.1845151D-02  0.1539594D-03  0.0000000D+00
  0.9947971D-03  0.1129102D-02 -0.1569355D-03  0.0000000D+00
  0.2181912D-02  0.8225099D-03 -0.2903889D-03  0.0000000D+00
  0.7237466D-01  0.3464178D-01 -0.1097508D-01  0.0000000D+00
 -0.4260090D-03 -0.4848670D-01 -0.1034985D-03  0.0000000D+00
  0.4201792D-01  0.7813216D-02 -0.2164900D-01  0.0000000D+00
 -0.3330683D-01 -0.9644236D-01 -0.9905370D-02  0.0000000D+00
  0.5532239D-01  0.1203122D+00  0.1605909D-01  0.0000000D+00
 -0.4414818D-03 -0.3412853D-01  0.1648383D-02  0.0000000D+00
  0.2709858D-01  0.1036034D-01  0.1617372D-02  0.0000000D+00
  0.2418199D-01 -0.2416892D-01 -0.1149706D-01  0.0000000D+00
  0.3967480D-01  0.4582838D-02 -0.1017028D-01  0.0000000D+00
  0.4466456D-01  0.1936149D-01 -0.1024514D-01  0.0000000D+00
  0.3096699D-01  0.6823563D-03 -0.3102162D-02  0.0000000D+00
  0.3952564D-01 -0.3909196D-02 -0.2006169D-02  0.0000000D+00
  0.4617263D-01 -0.7512479D-02 -0.1180001D-02  0.0000000D+00
  0.4902159D-01 -0.9055790D-02 -0.8250885D-03  0.0000000D+00
  0.2977559D-01  0.5479746D-01 -0.2270658D-01  0.0000000D+00
 -0.6534295D-01 -0.2193811D-01  0.1934472D-01  0.0000000D+00
  0.2057230D-01  0.6892067D-01 -0.2562829D-01  0.0000000D+00
 -0.1106052D+00 -0.7508031D-01 -0.7937695D-02  0.0000000D+00
  0.9272202D-01  0.1604406D+00  0.2251815D-01  0.0000000D+00
  0.2916445D-01 -0.2349945D-01 -0.1065765D-01  0.0000000D+00
  0.5440796D-01  0.5956716D-01  0.5432073D-02  0.0000000D+00
  0.3090111D-01 -0.1631983D-01  0.4483333D-03  0.0000000D+00
  0.3223408D-01  0.6246314D-02  0.8622432D-02  0.0000000D+00
  0.4486331D-01 -0.1277693D-01  0.2756584D-02  0.0000000D+00
  0.2832505D-01 -0.9391856D-02  0.6530604D-02  0.0000000D+00
  0.2342433D-01 -0.8781137D-02  0.4886880D-02  0.0000000D+00
  0.1969546D-01 -0.8240935D-02  0.3619069D-02  0.0000000D+00
  0.1809473D-01 -0.8011486D-02  0.3075402D-02  0.0000000D+00
 -0.4759361D-01  0.2759629D-01 -0.2516362D-01  0.0000000D+00
 -0.2606913D-01 -0.9074159D-02  0.2913244D-03  0.0000000D+00
 -0.1689459D-01  0.5125839D-02 -0.2882945D-01  0.0000000D+00
 -0.3402466D-01 -0.6407143D-02 -0.2101189D-01  0.0000000D+00
 -0.2708447D-01  0.4024299D-01  0.1420367D-01  0.0000000D+00
  0.1494472D-02 -0.5546578D-02  0.4290236D-02  0.0000000D+00
  0.1765342D-03  0.3660394D-01  0.1339566D-01  0.0000000D+00
  0.6820582D-02  0.1777469D-01  0.5658291D-02  0.0000000D+00
  0.1269142D-01  0.1745099D-01 -0.3738667D-04  0.0000000D+00
  0.1026676D-01  0.7957179D-02  0.2208992D-02  0.0000000D+00
  0.2177011D-02 -0.3459110D-02  0.2380297D-02  0.0000000D+00
  0.1170207D-02  0.5372152D-02 -0.4558304D-03  0.0000000D+00
  0.3639605D-03  0.1216509D-01 -0.2664663D-02  0.0000000D+00
  0.1913539D-04  0.1507867D-01 -0.3611207D-02  0.0000000D+00
 -0.1295408D-01  0.2471265D-03 -0.5724588D-04  0.0000000D+00
 -0.3745044D-01 -0.6400219D-03  0.3953614D-04  0.0000000D+00
 -0.2029405D-01  0.5023486D-03  0.1687998D-04  0.0000000D+00
 -0.8604517D-01  0.4579871D-03  0.5770827D-04  0.0000000D+00
  0.2237355D-01 -0.9330067D-03 -0.5114333D-03  0.0000000D+00
 -0.3460448D-02  0.2735889D-02  0.6458080D-03  0.0000000D+00
 -0.2825505D-02  0.1074090D-01 -0.3234146D-02  0.0000000D+00
 -0.1849021D-01 -0.5267976D-02 -0.7255573D-02  0.0000000D+00
 -0.1577358D-01  0.2972793D-02 -0.5391522D-02  0.0000000D+00
 -0.7957911D-02  0.7926870D-03  0.1662581D-02  0.0000000D+00
 -0.5485811D-02 -0.1218397D-01 -0.4420301D-02  0.0000000D+00
 -0.1436183D-02 -0.9884343D-02 -0.2453339D-02  0.0000000D+00
  0.1716345D-02 -0.8087432D-02 -0.9474424D-03  0.0000000D+00
  0.3067337D-02 -0.7317636D-02 -0.3013255D-03  0.0000000D+00
 -0.1801360D-01  0.1067060D-03 -0.1394321D-03  0.0000000D+00
  0.5581977D-02  0.3246175D-03  0.1461274D-03  0.0000000D+00
  0.5300118D-02 -0.3814917D-03  0.5515293D-04  0.0000000D+00
  0.2396733D-02  0.8345215D-04 -0.2723516D-03  0.0000000D+00
 -0.4510767D-02 -0.7445370D-03  0.4738394D-04  0.0000000D+00
 -0.1478133D-01  0.6190271D-02  0.5098087D-04  0.0000000D+00
 -0.1417162D-01  0.1222592D-01  0.1821375D-02  0.0000000D+00
 -0.8293519D-02 -0.4577864D-03 -0.2510035D-03  0.0000000D+00
 -0.8610042D-02  0.5955655D-02  0.1876447D-03  0.0000000D+00
 -0.1383571D-02 -0.1361626D-01  0.5397478D-02  0.0000000D+00
 -0.2170759D-02 -0.8156024D-02  0.5234393D-04  0.0000000D+00
 -0.5133385D-02  0.8784311D-04 -0.8243342D-03  0.0000000D+00
 -0.7432687D-02  0.6443000D-02 -0.1518145D-02  0.0000000D+00
 -0.8418253D-02  0.9168429D-02 -0.1815128D-02  0.0000000D+00
  0.1018872D-01 -0.6939412D-03 -0.1284203D-03  0.0000000D+00
  0.3945679D-01  0.5201961D-03 -0.6248006D-04  0.0000000D+00
  0.1909423D-01  0.1525182D-03  0.1729059D-04  0.0000000D+00
  0.1595018D-01 -0.4214230D-03 -0.2376793D-03  0.0000000D+00
  0.1197597D-01  0.1431146D-02 -0.2586957D-03  0.0000000D+00
  0.2360260D-02 -0.5758865D-02  0.1331528D-02  0.0000000D+00
 -0.1409564D-01 -0.7335441D-03 -0.3883285D-02  0.0000000D+00
 -0.1300193D-01  0.3212350D-02 -0.3182925D-02  0.0000000D+00
 -0.6639905D-02 -0.1897338D-02 -0.2367334D-03  0.0000000D+00
 -0.5303189D-02  0.5352277D-02  0.2315753D-02  0.0000000D+00
 -0.4443266D-02 -0.2893035D-02  0.5209569D-03  0.0000000D+00
 -0.3572665D-02  0.1508100D-02 -0.4407284D-03  0.0000000D+00
 -0.2914873D-02  0.4893863D-02 -0.1182959D-02  0.0000000D+00
 -0.2632355D-02  0.6346047D-02 -0.1501241D-02  0.0000000D+00
  0.3294414D-02  0.5876682D-03 -0.6074508D-04  0.0000000D+00
  0.1959956D-01 -0.1347128D-02  0.1146501D-04  0.0000000D+00
  0.5025411D-02 -0.5634275D-04  0.2665218D-03  0.0000000D+00
  0.1255343D-01 -0.9719090D-03 -0.8154542D-03  0.0000000D+00
  0.1519011D-01  0.2624704D-02  0.8763074D-03  0.0000000D+00
 -0.2140521D-01 -0.8545370D-02 -0.1348893D-02  0.0000000D+00
 -0.5474066D-03 -0.5430536D-02  0.2814225D-02  0.0000000D+00
 -0.1149669D-01 -0.4728368D-02  0.6337675D-03  0.0000000D+00
 -0.7266359D-02  0.3386045D-02  0.3685295D-03  0.0000000D+00
 -0.7200555D-02 -0.2048118D-02 -0.6281341D-03  0.0000000D+00
 -0.4672237D-02  0.1097067D-02 -0.2037249D-02  0.0000000D+00
 -0.5114285D-02  0.4591775D-03 -0.6689689D-03  0.0000000D+00
 -0.5453014D-02 -0.1915224D-04  0.3810114D-03  0.0000000D+00
 -0.5598334D-02 -0.2247032D-03  0.8314445D-03  0.0000000D+00
  0.4758822D-02  0.3777591D-03 -0.4460150D-04  0.0000000D+00
  0.3931353D-01  0.6280831D-03 -0.1347164D-03  0.0000000D+00
  0.7586433D-02 -0.7443476D-03  0.3810514D-04  0.0000000D+00
  0.4919876D-01  0.8653133D-03 -0.3482551D-03  0.0000000D+00
  0.1765823D-02 -0.1752453D-03  0.1053252D-03  0.0000000D+00
  0.1784879D-01  0.1962532D-02  0.1877581D-03  0.0000000D+00
 -0.1962940D-03  0.3253606D-03  0.1143584D-02  0.0000000D+00
  0.6122648D-02 -0.1167397D-02 -0.7209224D-03  0.0000000D+00
  0.1807969D-02  0.7538143D-03 -0.7277519D-04  0.0000000D+00
  0.1705295D-02  0.3300156D-02 -0.5564167D-03  0.0000000D+00
  0.9035620D-03 -0.2051621D-02  0.6565961D-04  0.0000000D+00
 -0.1276008D-02 -0.8325114D-03 -0.7256879D-03  0.0000000D+00
 -0.2996613D-02  0.7016761D-04 -0.1347739D-02  0.0000000D+00
 -0.3733216D-02  0.4584480D-03 -0.1614122D-02  0.0000000D+00
  0.1615287D-01  0.3404773D-03 -0.9680606D-04  0.0000000D+00
  0.1215597D-01  0.1243678D-02  0.1796805D-03  0.0000000D+00
 -0.2560183D-02 -0.2265320D-02 -0.4321888D-04  0.0000000D+00
  0.8492270D-02  0.8269486D-03 -0.3849695D-03  0.0000000D+00
  0.2453594D-01 -0.3075227D-03  0.3651647D-03  0.0000000D+00
 -0.1577151D-01  0.2625013D-02 -0.3173386D-03  0.0000000D+00
  0.5463427D-02  0.5652400D-02  0.1058591D-02  0.0000000D+00
 -0.4348711D-02  0.1150812D-02  0.3594952D-02  0.0000000D+00
  0.2102175D-02  0.1381019D-02  0.1056032D-03  0.0000000D+00
  0.1782894D-02 -0.8691265D-03 -0.5626679D-03  0.0000000D+00
  0.7048389D-04 -0.2357263D-02  0.1020152D-02  0.0000000D+00
  0.8128974D-03 -0.1196022D-02 -0.2133357D-04  0.0000000D+00
  0.1410976D-02 -0.3383522D-03 -0.8204570D-03  0.0000000D+00
  0.1666639D-02  0.3064637D-04 -0.1163275D-02  0.0000000D+00
  0.2053826D-01 -0.2339667D-01 -0.3956063D-02  0.0000000D+00
  0.7721956D-02 -0.3430761D-01  0.9086133D-03  0.0000000D+00
  0.1026036D-01 -0.2048854D-01 -0.8884808D-02  0.0000000D+00
  0.4785568D-01 -0.2039401D-02 -0.5752907D-03  0.0000000D+00
  0.1280281D-01 -0.3870675D-01 -0.4356944D-03  0.0000000D+00
 -0.1182602D-02  0.1364394D-01  0.2598149D-03  0.0000000D+00
 -0.1862761D-01 -0.2050498D-01  0.6542126D-03  0.0000000D+00
 -0.3504741D-01 -0.2365458D-01 -0.2263684D-02  0.0000000D+00
 -0.2627330D-01 -0.2495360D-01  0.2823709D-02  0.0000000D+00
 -0.2138241D-01 -0.2209155D-01 -0.1725219D-02  0.0000000D+00
  0.4195015D-05 -0.1804086D-01  0.2219763D-02  0.0000000D+00
 -0.3567610D-02 -0.1414420D-01  0.5863477D-03  0.0000000D+00
 -0.6340211D-02 -0.1111271D-01 -0.7152135D-03  0.0000000D+00
 -0.7528571D-02 -0.9813524D-02 -0.1272028D-02  0.0000000D+00
  0.1062892D-01 -0.1625424D-01 -0.6313080D-03  0.0000000D+00
  0.2872367D-01 -0.1450921D-01  0.7071508D-02  0.0000000D+00
  0.3122565D-01  0.4748795D-02 -0.1325950D-01  0.0000000D+00
  0.1028354D+00  0.7324711D-01 -0.1452388D-03  0.0000000D+00
  0.3951632D-01 -0.4228650D-01  0.1933151D-02  0.0000000D+00
  0.3897793D-01  0.1874273D-01 -0.5627394D-03  0.0000000D+00
  0.3935768D-01  0.8618137D-02 -0.2702230D-03  0.0000000D+00
  0.2517466D-01  0.1823335D-01 -0.4405830D-02  0.0000000D+00
  0.1760907D-01  0.2166720D-01 -0.2787004D-03  0.0000000D+00
  0.1559999D-01  0.1806787D-01  0.3847795D-02  0.0000000D+00
  0.8499479D-02  0.7340650D-02  0.6570012D-02  0.0000000D+00
  0.2137026D-02  0.8363224D-02  0.2651149D-02  0.0000000D+00
 -0.2770604D-02  0.9040108D-02 -0.4660829D-03  0.0000000D+00
 -0.4875172D-02  0.9333907D-02 -0.1799843D-02  0.0000000D+00
 -0.1452701D-02  0.1195949D-01 -0.5664581D-02  0.0000000D+00
 -0.3575585D-01 -0.1142146D-01  0.1585755D-03  0.0000000D+00
 -0.1568120D-01 -0.1510447D-02 -0.1323212D-01  0.0000000D+00
 -0.6193263D-02 -0.2031818D-02  0.1363033D-02  0.0000000D+00
 -0.3638151D-01 -0.1232872D-01 -0.1543610D-02  0.0000000D+00
  0.2104799D-01 -0.8735203D-05 -0.1027149D-02  0.0000000D+00
  0.2774795D-02 -0.1419622D-01  0.1267014D-02  0.0000000D+00
  0.2438917D-01  0.2095622D-02 -0.3977064D-02  0.0000000D+00
  0.1230929D-01  0.5551816D-02  0.5192871D-02  0.0000000D+00
  0.2391113D-01  0.6621702D-03 -0.2057929D-02  0.0000000D+00
  0.6485283D-02 -0.6990548D-03  0.3397078D-02  0.0000000D+00
  0.3553417D-02  0.3269815D-02  0.3092277D-02  0.0000000D+00
  0.1366926D-02  0.6364327D-02  0.2816090D-02  0.0000000D+00
  0.4268602D-03  0.7690291D-02  0.2698975D-02  0.0000000D+00
 -0.1621096D-01  0.7257480D-04  0.5779590D-05  0.0000000D+00
 -0.2004045D-01 -0.6678274D-03 -0.5757017D-04  0.0000000D+00
  0.1314733D-01 -0.5205540D-03  0.3380033D-04  0.0000000D+00
  0.8288535D-02  0.8747946D-03 -0.7690731D-04  0.0000000D+00
 -0.1119300D-01 -0.1035284D-02 -0.2577240D-04  0.0000000D+00
 -0.1445052D-02 -0.1261760D-03  0.5611724D-03  0.0000000D+00
  0.6073982D-02 -0.5829350D-02 -0.5284253D-03  0.0000000D+00
 -0.3332406D-02 -0.7680167D-02  0.6021949D-03  0.0000000D+00
  0.3515651D-02 -0.4526498D-03 -0.5333182D-02  0.0000000D+00
 -0.2347027D-02  0.4249196D-02  0.2264273D-02  0.0000000D+00
  0.3163273D-02 -0.3375948D-02 -0.4638122D-02  0.0000000D+00
 -0.1169663D-02 -0.1739862D-02 -0.2627193D-02  0.0000000D+00
 -0.4510363D-02 -0.4903710D-03 -0.1073683D-02  0.0000000D+00
 -0.5942987D-02  0.4582574D-04 -0.4075859D-03  0.0000000D+00
 -0.1567850D-02  0.1849724D-03  0.1184591D-03  0.0000000D+00
 -0.2664081D-01 -0.6100421D-03  0.1068970D-03  0.0000000D+00
  0.4598689D-04  0.7296271D-03  0.4739208D-04  0.0000000D+00
 -0.5530107D-02  0.1054396D-03  0.9308104D-04  0.0000000D+00
 -0.5839270D-02 -0.7368653D-03  0.2942328D-04  0.0000000D+00
  0.1317078D-01  0.5033413D-02 -0.2880574D-03  0.0000000D+00
 -0.1529556D-02 -0.2759668D-02 -0.2508745D-04  0.0000000D+00
  0.1533454D-01  0.1331490D-02 -0.6235175D-03  0.0000000D+00
  0.4658709D-02 -0.9889813D-02 -0.2826821D-02  0.0000000D+00
  0.1269561D-01 -0.2546566D-02  0.1204472D-02  0.0000000D+00
  0.1006973D-02 -0.3704554D-02 -0.2091086D-02  0.0000000D+00
 -0.4424458D-03 -0.1562444D-02 -0.1322190D-02  0.0000000D+00
 -0.1582279D-02  0.1816640D-03 -0.7497853D-03  0.0000000D+00
 -0.2070416D-02  0.9266691D-03 -0.5036751D-03  0.0000000D+00
 -0.1696669D-01  0.5672234D-04  0.9455981D-04  0.0000000D+00
 -0.2653942D-01  0.8378134D-03  0.1765537D-04  0.0000000D+00
 -0.2230377D-01 -0.8638282D-03 -0.2195021D-03  0.0000000D+00
 -0.3599722D-01  0.1514079D-02  0.2885895D-03  0.0000000D+00
 -0.4069251D-01 -0.1592454D-02 -0.2660781D-03  0.0000000D+00
 -0.6656969D-02  0.4849373D-02  0.1994636D-03  0.0000000D+00
 -0.1256129D-01 -0.2112846D-02 -0.1553969D-02  0.0000000D+00
 -0.4922515D-03  0.3182677D-02  0.1080577D-03  0.0000000D+00
 -0.2870899D-02  0.6674411D-02  0.2472394D-04  0.0000000D+00
 -0.2695583D-02 -0.3442110D-02  0.1352497D-02  0.0000000D+00
 -0.1463496D-02 -0.4181774D-03 -0.1570415D-02  0.0000000D+00
 -0.1094546D-02 -0.4903055D-03 -0.1849302D-02  0.0000000D+00
 -0.7763894D-03 -0.5607432D-03 -0.2052197D-02  0.0000000D+00
 -0.6410132D-03 -0.5904670D-03 -0.2139604D-02  0.0000000D+00
  0.2386086D-02 -0.3607775D-03  0.1944908D-05  0.0000000D+00
 -0.1642997D-01 -0.3248826D-03  0.4457215D-04  0.0000000D+00
  0.1412863D-01  0.9265236D-03  0.9649863D-05  0.0000000D+00
 -0.7719039D-02 -0.3118779D-04 -0.1196451D-04  0.0000000D+00
  0.8408326D-02 -0.7270444D-03  0.5186115D-04  0.0000000D+00
 -0.1510042D-01 -0.2898406D-03  0.4822870D-04  0.0000000D+00
 -0.1014288D-02 -0.3244525D-02  0.9875332D-03  0.0000000D+00
 -0.3197101D-02 -0.5604678D-02  0.4113294D-03  0.0000000D+00
 -0.1625939D-02 -0.1833078D-02  0.2441622D-02  0.0000000D+00
 -0.4475814D-02  0.1167322D-02 -0.1018959D-02  0.0000000D+00
 -0.2992741D-02  0.5255934D-04 -0.1868674D-02  0.0000000D+00
 -0.2025631D-02  0.1841591D-02 -0.9607621D-03  0.0000000D+00
 -0.1284745D-02  0.3210755D-02 -0.2865086D-03  0.0000000D+00
 -0.9668663D-03  0.3798236D-02  0.3456331D-05  0.0000000D+00
 -0.2140711D-01  0.6397885D-04  0.8243131D-04  0.0000000D+00
  0.2145492D-01  0.5709802D-03  0.9845974D-04  0.0000000D+00
 -0.1997810D-01 -0.2275509D-03 -0.1073630D-03  0.0000000D+00
 -0.3116459D-01  0.8453689D-03  0.6825689D-04  0.0000000D+00
 -0.1863537D-03  0.5241327D-03 -0.4720692D-04  0.0000000D+00
  0.5263084D-02 -0.1861754D-02  0.4061057D-03  0.0000000D+00
 -0.7146503D-02  0.3083700D-02 -0.8092432D-03  0.0000000D+00
  0.4083376D-02 -0.2727538D-02  0.2769074D-04  0.0000000D+00
  0.3460060D-02 -0.7684633D-03  0.8498324D-03  0.0000000D+00
  0.6177437D-02 -0.3901419D-03 -0.1398602D-02  0.0000000D+00
  0.9049360D-03  0.1557727D-03  0.5606661D-03  0.0000000D+00
  0.1550784D-03  0.8305040D-03  0.8135626D-03  0.0000000D+00
 -0.4463423D-03  0.1374989D-02  0.1023387D-02  0.0000000D+00
 -0.7035325D-03  0.1607723D-02  0.1112904D-02  0.0000000D+00
  0.6118747D-02 -0.2388545D-03 -0.5567504D-04  0.0000000D+00
 -0.1163350D-01 -0.2336839D-03  0.6564557D-04  0.0000000D+00
  0.1234426D-01  0.1108638D-02 -0.9338590D-04  0.0000000D+00
  0.5730363D-02 -0.4047323D-03  0.1019662D-04  0.0000000D+00
  0.4789762D-02  0.7603358D-03  0.2152317D-03  0.0000000D+00
 -0.2134952D-01 -0.1559681D-02 -0.6137289D-03  0.0000000D+00
 -0.7806684D-02 -0.1742727D-02  0.1111378D-02  0.0000000D+00
 -0.8769139D-02 -0.2289060D-02 -0.1370828D-02  0.0000000D+00
 -0.6196243D-02 -0.1903056D-02  0.7628704D-03  0.0000000D+00
 -0.6439673D-02  0.9039928D-03  0.7162042D-03  0.0000000D+00
 -0.4619159D-02 -0.2454009D-02  0.5678749D-03  0.0000000D+00
 -0.2371635D-02 -0.7685487D-03 -0.1598651D-04  0.0000000D+00
 -0.5967720D-03  0.5183490D-03 -0.4616773D-03  0.0000000D+00
  0.1630418D-03  0.1070619D-02 -0.6529521D-03  0.0000000D+00
  0.5268570D-02  0.2127214D-01 -0.2952595D-02  0.0000000D+00
  0.2117677D-01  0.9256778D-02 -0.4871484D-02  0.0000000D+00
  0.2686529D-02  0.1778774D-01  0.4945242D-02  0.0000000D+00
  0.7374110D-01  0.4258985D-01 -0.1089558D-02  0.0000000D+00
  0.1001773D-02 -0.1957522D-01  0.9759537D-03  0.0000000D+00
 -0.1181356D-01  0.1877809D-01 -0.1419542D-03  0.0000000D+00
  0.6789035D-02  0.3381688D-02 -0.1714936D-02  0.0000000D+00
 -0.1164554D-01  0.8418050D-02 -0.2010142D-02  0.0000000D+00
 -0.1068672D-01 -0.1358484D-02  0.3755442D-02  0.0000000D+00
 -0.1832021D-01 -0.1090443D-01 -0.1525456D-02  0.0000000D+00
 -0.6487294D-03 -0.5245224D-03  0.4384126D-02  0.0000000D+00
  0.2038614D-02 -0.6325468D-02  0.3599247D-02  0.0000000D+00
  0.4140213D-02 -0.1080049D-01  0.2966846D-02  0.0000000D+00
  0.5040578D-02 -0.1271948D-01  0.2696526D-02  0.0000000D+00
  0.3021986D-01  0.1223047D-01 -0.3560873D-02  0.0000000D+00
  0.1789699D-01  0.3365179D-01 -0.3140267D-02  0.0000000D+00
  0.3126697D-03 -0.3478902D-01 -0.8922725D-04  0.0000000D+00
  0.7984737D-01  0.5735889D-01  0.2251779D-02  0.0000000D+00
  0.1163548D-02 -0.2622877D-01  0.1003796D-01  0.0000000D+00
 -0.2383317D-01  0.1384536D-01 -0.4912719D-02  0.0000000D+00
 -0.3082958D-02 -0.9986369D-02  0.3405525D-02  0.0000000D+00
 -0.1917463D-01 -0.1185685D-01  0.1020606D-02  0.0000000D+00
 -0.7462591D-02 -0.9041594D-02  0.2503841D-02  0.0000000D+00
 -0.1132698D-01  0.2204307D-02 -0.7645634D-02  0.0000000D+00
 -0.4375301D-02  0.1709477D-03  0.7847998D-04  0.0000000D+00
 -0.3263164D-02 -0.2704688D-02 -0.3609665D-03  0.0000000D+00
 -0.2376225D-02 -0.4892206D-02 -0.6895274D-03  0.0000000D+00
 -0.1996776D-02 -0.5831253D-02 -0.8307362D-03  0.0000000D+00
  0.3930389D-02 -0.8951129D-03  0.5238642D-03  0.0000000D+00
  0.3614804D-02  0.7334555D-02  0.3010991D-02  0.0000000D+00
 -0.1468859D-01 -0.9605085D-02  0.6770158D-02  0.0000000D+00
 -0.1928522D-02  0.8823014D-02 -0.2510379D-02  0.0000000D+00
  0.1116541D-01 -0.6333764D-02 -0.1658062D-02  0.0000000D+00
 -0.1973124D-01  0.1345441D-01 -0.4086092D-04  0.0000000D+00
 -0.1250377D-01  0.1438360D-02  0.3933866D-02  0.0000000D+00
 -0.1906794D-01  0.3994090D-02 -0.1562382D-02  0.0000000D+00
 -0.4623772D-02 -0.4979375D-02  0.2270788D-02  0.0000000D+00
 -0.1521952D-01  0.1409263D-02 -0.2463480D-02  0.0000000D+00
  0.5122323D-03 -0.6720024D-02  0.1442454D-02  0.0000000D+00
  0.3014308D-03 -0.8650734D-02  0.7760778D-03  0.0000000D+00
  0.5677611D-04 -0.1013456D-01  0.2727720D-03  0.0000000D+00
 -0.4549330D-04 -0.1077107D-01  0.5661388D-04  0.0000000D+00
  0.1565760D-01 -0.4531591D-03 -0.1400896D-03  0.0000000D+00
  0.1043408D-01  0.3375451D-03 -0.1409792D-03  0.0000000D+00
 -0.5588225D-02 -0.4834964D-03  0.1927160D-04  0.0000000D+00
  0.2340379D-01  0.1189615D-03 -0.2232339D-04  0.0000000D+00
  0.6478717D-02 -0.7964206D-03 -0.3121413D-03  0.0000000D+00
  0.5304847D-02  0.3529352D-03  0.8903774D-03  0.0000000D+00
 -0.4338902D-02  0.6120345D-02 -0.9189683D-03  0.0000000D+00
 -0.1310601D-01  0.5186962D-02 -0.1361884D-03  0.0000000D+00
 -0.4131905D-02  0.3412400D-02  0.4198399D-02  0.0000000D+00
 -0.2898865D-02 -0.2501773D-02 -0.3439896D-02  0.0000000D+00
 -0.7136240D-02  0.3580830D-02  0.9057327D-03  0.0000000D+00
 -0.5423651D-02  0.1496221D-02  0.1208246D-02  0.0000000D+00
 -0.4047600D-02 -0.1354909D-03  0.1427528D-02  0.0000000D+00
 -0.3459265D-02 -0.8344454D-03  0.1522022D-02  0.0000000D+00
  0.2038756D-01 -0.1898426D-03 -0.2681328D-04  0.0000000D+00
  0.2132536D-01  0.3597919D-03  0.1586812D-04  0.0000000D+00
 -0.1068351D-01 -0.7353715D-03 -0.7806479D-04  0.0000000D+00
  0.3583493D-01  0.6271080D-03  0.4002699D-03  0.0000000D+00
  0.1043314D-01 -0.1734992D-02 -0.9361527D-03  0.0000000D+00
 -0.1531715D-01  0.4778403D-02  0.1608970D-02  0.0000000D+00
 -0.3099796D-02 -0.2590886D-02 -0.3661315D-02  0.0000000D+00
 -0.6860540D-02 -0.2142743D-02  0.1289361D-02  0.0000000D+00
 -0.3111742D-02 -0.4749886D-02  0.3696090D-02  0.0000000D+00
 -0.1382395D-01  0.4397078D-02  0.2053403D-02  0.0000000D+00
  0.2094331D-03 -0.1321972D-02 -0.3207561D-03  0.0000000D+00
 -0.1327717D-02  0.2429013D-02  0.5851457D-03  0.0000000D+00
 -0.2525432D-02  0.5331368D-02  0.1267939D-02  0.0000000D+00
 -0.3038632D-02  0.6575681D-02  0.1561245D-02  0.0000000D+00
 -0.9391437D-02  0.4930320D-03 -0.1818933D-03  0.0000000D+00
  0.9906511D-03 -0.8554656D-03 -0.2135496D-03  0.0000000D+00
  0.1467664D-02  0.9256273D-03  0.8647374D-04  0.0000000D+00
 -0.1411895D-01 -0.1974657D-02 -0.3426622D-04  0.0000000D+00
  0.1192628D-01  0.2297699D-02 -0.1374263D-03  0.0000000D+00
  0.1087297D-01 -0.3359561D-02  0.2755866D-03  0.0000000D+00
  0.1441804D-02  0.4436474D-02 -0.2266960D-02  0.0000000D+00
 -0.1520506D-02  0.1086663D-02 -0.2676773D-03  0.0000000D+00
  0.6254668D-02  0.3524830D-03 -0.1383123D-02  0.0000000D+00
  0.3156039D-02 -0.1131323D-02  0.2340270D-03  0.0000000D+00
 -0.3717049D-02 -0.1458268D-02 -0.7478332D-03  0.0000000D+00
 -0.2938233D-02 -0.1232609D-02 -0.1228202D-03  0.0000000D+00
 -0.2345133D-02 -0.1015889D-02  0.3737181D-03  0.0000000D+00
 -0.2090572D-02 -0.9243075D-03  0.5861873D-03  0.0000000D+00
  0.1306803D-01 -0.3511476D-04 -0.1769327D-03  0.0000000D+00
  0.8007714D-02 -0.6536178D-03 -0.1174435D-03  0.0000000D+00
 -0.1779148D-01  0.2843324D-03  0.2572570D-03  0.0000000D+00
  0.3010696D-01 -0.3399546D-03 -0.1219070D-03  0.0000000D+00
  0.1204654D-01  0.1177594D-02  0.1227198D-03  0.0000000D+00
 -0.1872238D-02 -0.3014512D-02 -0.4626724D-03  0.0000000D+00
  0.3277959D-02 -0.3824290D-02  0.6329081D-03  0.0000000D+00
  0.8790303D-03  0.1559371D-02 -0.4684139D-02  0.0000000D+00
  0.3479831D-02 -0.5478661D-04 -0.2401527D-02  0.0000000D+00
 -0.1144194D-02  0.3696454D-02  0.3689500D-02  0.0000000D+00
  0.6040685D-03 -0.1440371D-02 -0.2596316D-02  0.0000000D+00
 -0.2272916D-03  0.3688435D-03 -0.5224345D-03  0.0000000D+00
 -0.8571060D-03  0.1801748D-02  0.1075214D-02  0.0000000D+00
 -0.1127548D-02  0.2415022D-02  0.1760385D-02  0.0000000D+00
 -0.1385961D-01 -0.5114252D-03 -0.5782613D-04  0.0000000D+00
 -0.1448134D-01 -0.8339746D-03 -0.1705952D-03  0.0000000D+00
  0.3346962D-03  0.1169780D-02  0.4450831D-04  0.0000000D+00
 -0.1527427D-01 -0.1278253D-02  0.1135421D-03  0.0000000D+00
 -0.5978068D-02 -0.6074184D-04 -0.2024677D-03  0.0000000D+00
 -0.2670065D-02  0.8220262D-03  0.7513590D-03  0.0000000D+00
  0.1529002D-02  0.1006933D-02  0.1617875D-03  0.0000000D+00
  0.2895080D-02  0.8132756D-03 -0.8781168D-03  0.0000000D+00
  0.1844133D-02 -0.2827845D-03 -0.1334158D-02  0.0000000D+00
  0.1715203D-02 -0.1687289D-02  0.2336621D-02  0.0000000D+00
  0.2894893D-02  0.5746179D-03  0.6925707D-03  0.0000000D+00
  0.1690304D-02  0.2635270D-03 -0.1081844D-03  0.0000000D+00
  0.7690205D-03  0.2892945D-04 -0.7130772D-03  0.0000000D+00
  0.3737015D-03 -0.7183591D-04 -0.9728848D-03  0.0000000D+00
 -0.2585025D-03  0.3889688D-03 -0.6096947D-04  0.0000000D+00
  0.4533513D-02 -0.4259647D-03 -0.1196972D-03  0.0000000D+00
 -0.1534791D-01  0.1951240D-03  0.1055045D-03  0.0000000D+00
  0.1990140D-02 -0.4060459D-03  0.1230063D-03  0.0000000D+00
  0.1052759D-01  0.4145713D-03 -0.3147560D-03  0.0000000D+00
  0.2758288D-02  0.3228202D-03  0.6625488D-03  0.0000000D+00
  0.1238104D-02 -0.5656237D-03 -0.9906207D-03  0.0000000D+00
  0.6320306D-02 -0.2642035D-02  0.2825484D-02  0.0000000D+00
  0.4583436D-02 -0.1244272D-02  0.7509511D-03  0.0000000D+00
  0.9387422D-03  0.4695964D-04 -0.7317945D-05  0.0000000D+00
  0.3508225D-02  0.2175063D-02 -0.1188303D-02  0.0000000D+00
  0.2332838D-02  0.2048641D-02 -0.9888908D-04  0.0000000D+00
  0.1384705D-02  0.1939632D-02  0.7482221D-03  0.0000000D+00
  0.9794420D-03  0.1893259D-02  0.1111270D-02  0.0000000D+00
 -0.2502369D-01  0.1507145D-01  0.1231801D-02  0.0000000D+00
 -0.1722928D-01  0.1348512D-01  0.2779694D-02  0.0000000D+00
 -0.1103902D-03  0.2521378D-02  0.2174439D-02  0.0000000D+00
 -0.2120109D-01  0.2624887D-02  0.1743760D-02  0.0000000D+00
 -0.1645667D-01  0.1162024D-01  0.4110208D-02  0.0000000D+00
  0.5586150D-03 -0.9416846D-02 -0.1031605D-02  0.0000000D+00
 -0.2733602D-02 -0.6611518D-03  0.7078627D-03  0.0000000D+00
 -0.5104875D-02 -0.3486681D-02 -0.9846293D-03  0.0000000D+00
  0.8981580D-03 -0.1389405D-02  0.3261961D-02  0.0000000D+00
 -0.1209538D-01  0.5904918D-02 -0.4884375D-02  0.0000000D+00
  0.3048301D-02 -0.4886230D-02 -0.2251058D-02  0.0000000D+00
  0.1469043D-02 -0.4928195D-02 -0.2604649D-02  0.0000000D+00
  0.2076286D-03 -0.4965236D-02 -0.2901232D-02  0.0000000D+00
 -0.3318880D-03 -0.4981003D-02 -0.3027649D-02  0.0000000D+00
 -0.1010000D-01  0.4141868D-02 -0.3894141D-02  0.0000000D+00
 -0.8515299D-02  0.1282374D-01 -0.2451741D-02  0.0000000D+00
  0.8302752D-02  0.5227525D-02 -0.2160670D-02  0.0000000D+00
 -0.3067312D-01 -0.1430600D-01 -0.1096684D-02  0.0000000D+00
 -0.1244653D-01  0.3665894D-02 -0.2015529D-02  0.0000000D+00
 -0.5558365D-02 -0.2808137D-02  0.1110286D-02  0.0000000D+00
 -0.6327111D-02  0.5827906D-02  0.7507575D-03  0.0000000D+00
  0.2141877D-02 -0.1348714D-02 -0.1941235D-02  0.0000000D+00
  0.6261581D-02  0.5949143D-02  0.3698732D-02  0.0000000D+00
 -0.6064244D-02 -0.6339631D-02 -0.4506142D-02  0.0000000D+00
 -0.2239381D-02  0.1393950D-02 -0.1496703D-02  0.0000000D+00
 -0.1787651D-02  0.1717248D-02 -0.1942318D-02  0.0000000D+00
 -0.1448099D-02  0.1956312D-02 -0.2348348D-02  0.0000000D+00
 -0.1302197D-02  0.2059173D-02 -0.2520482D-02  0.0000000D+00
 -0.4274080D-02  0.1463864D-01 -0.3418049D-02  0.0000000D+00
 -0.1432435D-01  0.3489684D-02  0.1973012D-02  0.0000000D+00
 -0.2829160D-03 -0.1448642D-01  0.3271014D-02  0.0000000D+00
 -0.1521948D-01  0.1808955D-01 -0.8274204D-03  0.0000000D+00
  0.1850296D-02  0.1906665D-01  0.3521163D-04  0.0000000D+00
  0.6537257D-02 -0.1364235D-01 -0.4601124D-03  0.0000000D+00
 -0.2894436D-02  0.1583385D-01  0.2596154D-02  0.0000000D+00
  0.5302653D-02 -0.3965970D-02 -0.1944044D-02  0.0000000D+00
  0.2014890D-03  0.8757966D-02  0.4029844D-02  0.0000000D+00
 -0.2977221D-02 -0.4012434D-02 -0.5901582D-02  0.0000000D+00
  0.1490242D-02  0.4791266D-02 -0.4389336D-02  0.0000000D+00
  0.4917857D-03  0.5008194D-02 -0.2906915D-02  0.0000000D+00
 -0.2828981D-03  0.5133562D-02 -0.1775694D-02  0.0000000D+00
 -0.6149488D-03  0.5188681D-02 -0.1290196D-02  0.0000000D+00
  0.1264126D-01  0.1058056D-03 -0.1629150D-04  0.0000000D+00
  0.9686583D-02  0.4025531D-03  0.8895181D-04  0.0000000D+00
  0.1238651D-01  0.1412447D-03  0.9888404D-04  0.0000000D+00
 -0.1141406D-01 -0.1078552D-02 -0.1624448D-04  0.0000000D+00
  0.1569938D-01  0.1069989D-02  0.9975812D-04  0.0000000D+00
 -0.9750367D-04  0.2822052D-05 -0.3481712D-03  0.0000000D+00
 -0.5591773D-02  0.5953476D-02  0.3481570D-03  0.0000000D+00
  0.1075471D-02  0.3334908D-02  0.7985506D-03  0.0000000D+00
 -0.8247684D-03 -0.3561194D-03  0.2788243D-02  0.0000000D+00
 -0.1184777D-02  0.7281946D-03  0.3730457D-03  0.0000000D+00
 -0.2856030D-02 -0.2102920D-02  0.1959826D-02  0.0000000D+00
 -0.3394373D-02 -0.2666737D-02  0.1170348D-02  0.0000000D+00
 -0.3817045D-02 -0.3090179D-02  0.5271415D-03  0.0000000D+00
 -0.3998072D-02 -0.3272132D-02  0.2524056D-03  0.0000000D+00
  0.3039582D-02  0.6785734D-04 -0.3409554D-04  0.0000000D+00
 -0.9487302D-03 -0.6152159D-03  0.1288068D-03  0.0000000D+00
  0.5532061D-02  0.3262037D-03 -0.1212383D-03  0.0000000D+00
 -0.1628013D-01 -0.7951848D-03  0.3087530D-03  0.0000000D+00
  0.1447964D-01  0.1737036D-02 -0.3164263D-03  0.0000000D+00
 -0.5168002D-02 -0.2742411D-02  0.6296770D-03  0.0000000D+00
  0.6076591D-02  0.4005394D-02 -0.1649198D-02  0.0000000D+00
  0.3124698D-02 -0.2669813D-02 -0.3044615D-03  0.0000000D+00
  0.9000305D-03 -0.4755225D-03  0.6063706D-03  0.0000000D+00
 -0.1747516D-02  0.8032971D-03 -0.2172571D-02  0.0000000D+00
  0.7014267D-03  0.2114245D-02 -0.2903339D-03  0.0000000D+00
 -0.6674529D-03  0.2079062D-02 -0.2363202D-03  0.0000000D+00
 -0.1734225D-02  0.2083610D-02 -0.2332098D-03  0.0000000D+00
 -0.2191337D-02  0.2084557D-02 -0.2306468D-03  0.0000000D+00
  0.1210362D-01  0.1020334D-03  0.2269695D-04  0.0000000D+00
  0.1592976D-01 -0.1259076D-03  0.9994236D-04  0.0000000D+00
 -0.1002723D-02  0.2353591D-03  0.2875583D-04  0.0000000D+00
  0.7736011D-02 -0.1168574D-02  0.7620743D-05  0.0000000D+00
  0.8030637D-02  0.5143571D-03 -0.1096095D-03  0.0000000D+00
  0.3428157D-02 -0.1285346D-02  0.1943945D-03  0.0000000D+00
 -0.4549524D-02  0.2711605D-02 -0.5730861D-03  0.0000000D+00
  0.6906299D-02 -0.8865933D-02  0.6289931D-03  0.0000000D+00
  0.7004243D-03 -0.4171458D-02 -0.6333825D-04  0.0000000D+00
  0.9609063D-03 -0.9949410D-03 -0.1322458D-02  0.0000000D+00
 -0.1703386D-02 -0.4116612D-03 -0.1878812D-02  0.0000000D+00
 -0.2952454D-02  0.9433048D-03 -0.1168741D-02  0.0000000D+00
 -0.3931705D-02  0.1975527D-02 -0.6182010D-03  0.0000000D+00
 -0.4351144D-02  0.2418588D-02 -0.3822025D-03  0.0000000D+00
  0.4338184D-02  0.4576794D-04 -0.5003660D-04  0.0000000D+00
  0.2272345D-02  0.5046741D-03  0.1882196D-03  0.0000000D+00
  0.8248055D-02 -0.3602131D-03 -0.1264435D-03  0.0000000D+00
 -0.1392168D-01  0.1332994D-03  0.1477797D-03  0.0000000D+00
  0.1224893D-01  0.3445055D-03  0.4639282D-04  0.0000000D+00
 -0.8936204D-02 -0.5434588D-03 -0.2397909D-03  0.0000000D+00
  0.1647000D-02  0.3559944D-02  0.3200471D-03  0.0000000D+00
 -0.3542296D-02  0.3396145D-02 -0.6806029D-03  0.0000000D+00
  0.1230180D-02 -0.5339563D-02 -0.2632568D-03  0.0000000D+00
  0.1215028D-03  0.1330692D-02  0.6977703D-03  0.0000000D+00
  0.6820829D-03  0.9385051D-03 -0.1956056D-02  0.0000000D+00
  0.7940888D-03  0.9349252D-03 -0.8295223D-03  0.0000000D+00
  0.8689547D-03  0.9436931D-03  0.3540309D-04  0.0000000D+00
  0.9014237D-03  0.9470859D-03  0.4064308D-03  0.0000000D+00
 -0.7122447D-03  0.2413731D-05  0.6089027D-04  0.0000000D+00
  0.6132520D-02  0.7770398D-04  0.3944000D-04  0.0000000D+00
 -0.8354344D-02  0.2783867D-04  0.2020140D-03  0.0000000D+00
  0.1406748D-01 -0.8021513D-03 -0.2518165D-03  0.0000000D+00
 -0.7576093D-02  0.2758490D-03  0.1478536D-03  0.0000000D+00
  0.7916123D-02 -0.4837034D-03  0.1414182D-03  0.0000000D+00
 -0.1925938D-02 -0.1547079D-02 -0.2076827D-03  0.0000000D+00
  0.2941101D-02 -0.9505181D-03  0.1205650D-03  0.0000000D+00
 -0.3128285D-02  0.3872503D-02  0.2958270D-03  0.0000000D+00
  0.1496835D-02  0.9003811D-04  0.9641784D-03  0.0000000D+00
 -0.1218808D-04  0.7651800D-03 -0.5999964D-03  0.0000000D+00
 -0.8853442D-03  0.1091859D-02 -0.2585162D-03  0.0000000D+00
 -0.1572176D-02  0.1370393D-02  0.6784634D-05  0.0000000D+00
 -0.1866292D-02  0.1488996D-02  0.1204867D-03  0.0000000D+00
  0.3421015D-02 -0.8840567D-04  0.1020375D-04  0.0000000D+00
 -0.8406834D-03  0.1095733D-02  0.2950834D-03  0.0000000D+00
 -0.2240572D-03 -0.2624095D-03 -0.2636097D-03  0.0000000D+00
 -0.7797042D-02 -0.4462371D-03  0.2054678D-03  0.0000000D+00
  0.1069558D-02 -0.2874372D-03 -0.7131872D-04  0.0000000D+00
  0.4846492D-02  0.1334263D-02  0.2616597D-03  0.0000000D+00
  0.4789746D-02 -0.2066107D-02  0.6847062D-04  0.0000000D+00
  0.2077907D-02 -0.1763788D-02 -0.8481256D-03  0.0000000D+00
 -0.6073296D-03  0.4339300D-02  0.7150691D-03  0.0000000D+00
  0.1604111D-02  0.8680546D-03  0.7530709D-03  0.0000000D+00
  0.1199296D-02 -0.1438152D-02 -0.1455054D-02  0.0000000D+00
  0.2245764D-02  0.9013208D-03 -0.7586060D-03  0.0000000D+00
  0.3000267D-02  0.2732224D-02 -0.2394259D-03  0.0000000D+00
  0.3325490D-02  0.3516530D-02 -0.1622086D-04  0.0000000D+00
  0.4134729D-02  0.6912173D-02 -0.2335701D-02  0.0000000D+00
  0.6506352D-02 -0.4842074D-02  0.1616743D-02  0.0000000D+00
  0.2513841D-02  0.5196464D-02 -0.1637229D-02  0.0000000D+00
  0.3115330D-02 -0.2746015D-01  0.8435411D-03  0.0000000D+00
 -0.8937523D-02  0.2647951D-01  0.1831930D-02  0.0000000D+00
  0.5074807D-02  0.4458330D-03 -0.5674901D-03  0.0000000D+00
 -0.5658033D-02  0.9620431D-02 -0.2947810D-03  0.0000000D+00
 -0.1099155D-02 -0.3768960D-02  0.2248015D-02  0.0000000D+00
 -0.4419036D-02  0.7198878D-03  0.3012553D-02  0.0000000D+00
  0.1472880D-02  0.1389503D-03  0.2284283D-02  0.0000000D+00
 -0.1445815D-02  0.1615676D-02  0.3722780D-03  0.0000000D+00
 -0.2398691D-02  0.2794537D-02 -0.4849869D-05  0.0000000D+00
 -0.3130904D-02  0.3680056D-02 -0.2934470D-03  0.0000000D+00
 -0.3444995D-02  0.4060557D-02 -0.4172820D-03  0.0000000D+00
 -0.2440524D-01  0.1170121D-01 -0.3498515D-02  0.0000000D+00
 -0.1129524D-02  0.3573052D-02 -0.2719087D-02  0.0000000D+00
 -0.6732384D-02 -0.1604055D-01 -0.2327302D-02  0.0000000D+00
 -0.7294455D-02 -0.4105868D-01 -0.8587288D-03  0.0000000D+00
 -0.1428439D-01  0.2538330D-01  0.5885760D-03  0.0000000D+00
  0.8567934D-02  0.1077478D-02 -0.1796093D-03  0.0000000D+00
 -0.4058057D-02  0.3811799D-02  0.1354809D-02  0.0000000D+00
  0.4446116D-02  0.4222840D-02 -0.3255610D-02  0.0000000D+00
 -0.5543409D-02  0.1296750D-02 -0.4499771D-02  0.0000000D+00
  0.1708148D-02  0.4733934D-03  0.2573240D-02  0.0000000D+00
 -0.1572106D-02 -0.8009580D-03  0.1728642D-02  0.0000000D+00
 -0.1830796D-02 -0.1366247D-02  0.6388367D-03  0.0000000D+00
 -0.2010726D-02 -0.1820584D-02 -0.1937426D-03  0.0000000D+00
 -0.2088517D-02 -0.2014845D-02 -0.5510353D-03  0.0000000D+00
  0.3052690D-02 -0.4053363D-02  0.1513093D-02  0.0000000D+00
  0.9749243D-02  0.1319941D-01  0.2512101D-02  0.0000000D+00
 -0.1676667D-02 -0.6876281D-02 -0.2057884D-02  0.0000000D+00
 -0.5716614D-02  0.2955979D-01  0.5570620D-03  0.0000000D+00
 -0.7089227D-02  0.4317132D-02  0.3287355D-02  0.0000000D+00
  0.1725983D-01  0.1184941D-02 -0.7107353D-03  0.0000000D+00
  0.2779323D-02 -0.8563926D-02  0.1803717D-02  0.0000000D+00
  0.8462821D-02 -0.1088528D-01 -0.2602822D-02  0.0000000D+00
 -0.1660324D-02  0.6040514D-03  0.1306546D-02  0.0000000D+00
  0.1039883D-02 -0.6552310D-02  0.2656371D-02  0.0000000D+00
 -0.6366006D-03  0.4553882D-03 -0.9260888D-03  0.0000000D+00
  0.8423660D-03  0.7932833D-03 -0.3785460D-04  0.0000000D+00
  0.1993864D-02  0.1102237D-02  0.6564917D-03  0.0000000D+00
  0.2487315D-02  0.1233213D-02  0.9539487D-03  0.0000000D+00
 -0.1358886D-01 -0.1779195D-03 -0.2384345D-03  0.0000000D+00
  0.1103969D-01  0.1058208D-02  0.2919788D-04  0.0000000D+00
 -0.3607655D-02 -0.5129607D-03 -0.2862633D-05  0.0000000D+00
  0.5519144D-02  0.2829798D-03 -0.7840395D-04  0.0000000D+00
 -0.9283644D-02 -0.5948424D-04 -0.1788555D-04  0.0000000D+00
 -0.1040089D-01  0.7467435D-03 -0.4927114D-04  0.0000000D+00
 -0.7065275D-02 -0.8763916D-02 -0.5989384D-03  0.0000000D+00
  0.1808040D-02 -0.3339178D-02  0.2294437D-02  0.0000000D+00
  0.7847365D-03 -0.1971589D-02  0.3880312D-03  0.0000000D+00
  0.5238502D-02  0.3615514D-02 -0.5021818D-03  0.0000000D+00
  0.9544071D-03  0.5512546D-02  0.5600077D-03  0.0000000D+00
 -0.2312306D-03  0.2027403D-02 -0.4850285D-03  0.0000000D+00
 -0.1140041D-02 -0.7163626D-03 -0.1290363D-02  0.0000000D+00
 -0.1529964D-02 -0.1891203D-02 -0.1635737D-02  0.0000000D+00
 -0.6441018D-02  0.1716690D-03 -0.8349718D-05  0.0000000D+00
  0.3228449D-02 -0.4201091D-03  0.1476807D-04  0.0000000D+00
 -0.3634922D-02  0.2839028D-03  0.1071262D-03  0.0000000D+00
 -0.6052988D-02  0.2749408D-03 -0.2115754D-04  0.0000000D+00
 -0.1386197D-01 -0.9014511D-03  0.4011909D-04  0.0000000D+00
  0.1286592D-01  0.2545418D-02 -0.5970030D-04  0.0000000D+00
 -0.3454089D-02  0.4518366D-02 -0.3295911D-03  0.0000000D+00
  0.3445414D-02  0.1732621D-02  0.2384208D-02  0.0000000D+00
 -0.1273769D-02 -0.2257021D-03  0.1139646D-03  0.0000000D+00
  0.7635693D-02  0.5436858D-02 -0.2125200D-02  0.0000000D+00
 -0.2259365D-03  0.1348869D-02 -0.2595008D-02  0.0000000D+00
  0.6555479D-03  0.1868184D-02 -0.1953305D-02  0.0000000D+00
  0.1335299D-02  0.2275521D-02 -0.1439118D-02  0.0000000D+00
  0.1626783D-02  0.2449972D-02 -0.1219228D-02  0.0000000D+00
 -0.2886550D-02 -0.1633031D-04 -0.1097466D-03  0.0000000D+00
 -0.1118095D-02 -0.4769659D-03 -0.1671624D-03  0.0000000D+00
 -0.7159681D-02  0.4771622D-04 -0.7403166D-04  0.0000000D+00
 -0.1037723D-01  0.2357140D-03 -0.2723364D-04  0.0000000D+00
 -0.5956876D-02 -0.6118067D-03  0.9874759D-04  0.0000000D+00
  0.4561848D-02  0.1938656D-02  0.3619197D-04  0.0000000D+00
 -0.5454737D-03 -0.2742505D-03  0.3929729D-03  0.0000000D+00
  0.6832809D-02  0.5116797D-03  0.2378415D-04  0.0000000D+00
 -0.6296068D-03  0.2200547D-02  0.4938927D-03  0.0000000D+00
  0.1839626D-02 -0.1839407D-02 -0.2708986D-03  0.0000000D+00
  0.1494196D-02 -0.4578984D-03  0.1391723D-03  0.0000000D+00
  0.1370558D-03 -0.1725518D-02 -0.1987368D-03  0.0000000D+00
 -0.9307890D-03 -0.2728846D-02 -0.4553284D-03  0.0000000D+00
 -0.1388048D-02 -0.3158286D-02 -0.5654883D-03  0.0000000D+00
 -0.4668798D-02  0.4078575D-04 -0.7113419D-04  0.0000000D+00
  0.6202764D-02  0.4856855D-04 -0.2980126D-04  0.0000000D+00
  0.2309773D-02  0.1047598D-02  0.2630459D-04  0.0000000D+00
 -0.7006592D-02 -0.6865849D-03 -0.9572127D-05  0.0000000D+00
 -0.6247676D-02  0.1571393D-02  0.4870288D-04  0.0000000D+00
  0.3461374D-02 -0.2912356D-02 -0.2867807D-03  0.0000000D+00
  0.3326850D-03  0.3023090D-03  0.1752532D-03  0.0000000D+00
  0.2929809D-03  0.8653845D-04 -0.1819002D-02  0.0000000D+00
  0.2914827D-02  0.7525692D-03  0.2660940D-02  0.0000000D+00
  0.4354046D-02 -0.2000039D-03  0.1685754D-02  0.0000000D+00
  0.1370148D-02  0.3523053D-03  0.7752961D-03  0.0000000D+00
  0.4907112D-03 -0.1054995D-02 -0.9130026D-04  0.0000000D+00
 -0.1883312D-03 -0.2153111D-02 -0.7845577D-03  0.0000000D+00
 -0.4795122D-03 -0.2623611D-02 -0.1081060D-02  0.0000000D+00
  0.1063342D-01  0.3242998D-03 -0.2671462D-04  0.0000000D+00
  0.1965130D-02 -0.2386138D-03 -0.7156294D-04  0.0000000D+00
  0.5272826D-02  0.2276422D-03 -0.1100982D-03  0.0000000D+00
  0.1709297D-02 -0.3199753D-04  0.1306157D-03  0.0000000D+00
  0.3612016D-03  0.1265842D-03  0.3933561D-04  0.0000000D+00
  0.4557401D-02 -0.1106391D-02 -0.5680682D-05  0.0000000D+00
  0.2340868D-02  0.2657305D-02 -0.2874414D-03  0.0000000D+00
 -0.2406497D-02 -0.1768597D-02  0.3542902D-03  0.0000000D+00
 -0.2906495D-02  0.1039539D-02 -0.5756221D-03  0.0000000D+00
 -0.9155985D-03 -0.7739800D-03  0.2359289D-03  0.0000000D+00
  0.1417694D-02  0.2901811D-04 -0.7865496D-03  0.0000000D+00
  0.2400556D-03  0.1883706D-02  0.1812447D-03  0.0000000D+00
 -0.6641688D-03  0.3327113D-02  0.9191737D-03  0.0000000D+00
 -0.1052053D-02  0.3945687D-02  0.1235890D-02  0.0000000D+00
 -0.3670744D-02 -0.2179256D-03 -0.6291692D-04  0.0000000D+00
  0.6282814D-02 -0.4933896D-03 -0.4072445D-04  0.0000000D+00
  0.6389784D-02  0.1041585D-02  0.8050656D-04  0.0000000D+00
 -0.7758106D-02 -0.8250661D-03 -0.1651994D-03  0.0000000D+00
  0.9329923D-03  0.6879933D-03  0.2144581D-03  0.0000000D+00
 -0.1182793D-02 -0.1117622D-02 -0.3560116D-03  0.0000000D+00
  0.3179597D-02 -0.1113622D-02  0.1053126D-02  0.0000000D+00
  0.4335544D-03  0.2062717D-02  0.8221195D-04  0.0000000D+00
 -0.1347158D-02 -0.2771558D-02 -0.1969937D-02  0.0000000D+00
 -0.1907064D-02  0.8006423D-03  0.9275921D-03  0.0000000D+00
  0.1043409D-02 -0.1177348D-02 -0.1067692D-02  0.0000000D+00
  0.1164583D-02  0.5463389D-03 -0.7553239D-03  0.0000000D+00
  0.1236367D-02  0.1886226D-02 -0.5237645D-03  0.0000000D+00
  0.1267848D-02  0.2460476D-02 -0.4241714D-03  0.0000000D+00
