  4  2   882 12096  4  4  9 14  7  1    0.00   24.00  100.00 1000.00    0.00    6.28   45.00   45.00
  100.0  100.0  100.0  100.0  125.0  150.0  190.0  230.0  275.0  350.0  450.0  550.0  650.0  850.0 1000.0 1000.0 1000.0 1000.0
 -0.5011785D+01 -0.4078185D+01 -0.5700067D+00  0.0000000D+00
  0.9424308D+01  0.1301364D+02 -0.3077475D+01  0.0000000D+00
 -0.1484420D+02  0.8612623D+01  0.8094307D+00  0.0000000D+00
 -0.1595118D+02  0.1246703D+01  0.6253182D+00  0.0000000D+00
 -0.1680329D+02  0.5265343D+01 -0.2298103D+01  0.0000000D+00
 -0.1802309D+02 -0.4960822D+01  0.2474484D+01  0.0000000D+00
 -0.1931299D+02 -0.5150936D+01 -0.4961247D+00  0.0000000D+00
 -0.1341869D+02 -0.1025314D+02  0.9882437D+00  0.0000000D+00
 -0.7484837D+01 -0.1243854D+02 -0.8818917D-01  0.0000000D+00
 -0.9067806D+00 -0.7950751D+01  0.9061695D+00  0.0000000D+00
  0.1114134D+01 -0.2392543D+01  0.7556400D+00  0.0000000D+00
 -0.1881454D+01 -0.7114134D+01  0.1586866D+01  0.0000000D+00
 -0.4204841D+01 -0.1075974D+02  0.2235385D+01  0.0000000D+00
 -0.5200769D+01 -0.1232296D+02  0.2513256D+01  0.0000000D+00
  0.7112027D+01 -0.3239180D+01 -0.1070056D+01  0.0000000D+00
  0.3703784D+02  0.1035171D+02 -0.2567672D+01  0.0000000D+00
 -0.8828374D+01  0.1985180D+01  0.2738501D+01  0.0000000D+00
 -0.7263539D+01 -0.6955316D+01  0.1435154D+01  0.0000000D+00
  0.1788110D+01  0.1592877D+00 -0.2594176D+01  0.0000000D+00
  0.8736911D+01 -0.3130881D+00  0.1033359D+01  0.0000000D+00
  0.3970970D+01  0.1222297D+01 -0.5479498D+00  0.0000000D+00
 -0.2952518D+00  0.9209448D+01  0.1297177D+01  0.0000000D+00
 -0.7896369D+01  0.9287915D+01  0.7923253D+00  0.0000000D+00
 -0.1118630D+02  0.5841455D+01  0.1977436D+01  0.0000000D+00
 -0.1752945D+02  0.3998511D+01  0.1776620D+01  0.0000000D+00
 -0.2450987D+02 -0.5845078D+00  0.2959229D+01  0.0000000D+00
 -0.2994682D+02 -0.4137443D+01  0.3882667D+01  0.0000000D+00
 -0.3227671D+02 -0.5660489D+01  0.4278308D+01  0.0000000D+00
  0.1306329D+02 -0.2060340D+01 -0.4496906D-02  0.0000000D+00
 -0.3767018D+01  0.2227215D+01 -0.4696980D+00  0.0000000D+00
 -0.9937615D+01 -0.4045879D+01  0.8615985D+00  0.0000000D+00
 -0.1075717D+02 -0.9027938D+01  0.1498307D+01  0.0000000D+00
 -0.5668977D+01 -0.2349967D+01  0.2216693D+01  0.0000000D+00
 -0.6368160D+01 -0.2229285D+00  0.1167768D+01  0.0000000D+00
 -0.1973030D+01 -0.1726148D+01  0.1615344D+01  0.0000000D+00
  0.1336935D+01 -0.3338668D+01  0.2056343D+01  0.0000000D+00
  0.6234724D+01 -0.4167074D+01  0.1425811D+01  0.0000000D+00
  0.1238620D+02 -0.3925667D+01  0.1766367D+01  0.0000000D+00
  0.1951479D+02 -0.5839877D+01  0.5932690D+00  0.0000000D+00
  0.1558512D+02 -0.8529572D+01  0.3642952D+00  0.0000000D+00
  0.1250755D+02 -0.1063142D+02  0.1964041D+00  0.0000000D+00
  0.1118929D+02 -0.1153191D+02  0.1241273D+00  0.0000000D+00
 -0.9331742D-02  0.6981821D-02  0.2347006D-02  0.0000000D+00
 -0.9685387D-01 -0.1848466D-01  0.1230527D-02  0.0000000D+00
  0.5617395D-01  0.3451007D-01  0.1045253D-02  0.0000000D+00
 -0.3861234D-01 -0.9874852D-01 -0.1530372D-01  0.0000000D+00
  0.5883708D-01  0.1585022D+00  0.2990387D-01  0.0000000D+00
 -0.1279907D+00 -0.1914872D+00 -0.9291925D-01  0.0000000D+00
  0.9510712D+00  0.1796610D+01 -0.1557872D+00  0.0000000D+00
 -0.3430639D+00  0.1189587D+01 -0.2347984D+00  0.0000000D+00
 -0.1274148D+01  0.2722912D+01 -0.2366166D+00  0.0000000D+00
 -0.1280798D+01 -0.9417357D+00 -0.3992484D+00  0.0000000D+00
 -0.8437297D+01  0.6660971D+01 -0.1232964D+00  0.0000000D+00
  0.5688907D+01 -0.5657173D+00 -0.8639911D-01  0.0000000D+00
  0.1666902D+02 -0.6147932D+01 -0.5928255D-01  0.0000000D+00
  0.2137495D+02 -0.8541480D+01 -0.4761093D-01  0.0000000D+00
 -0.1664828D-02  0.5752069D-02  0.8757207D-04  0.0000000D+00
 -0.5269561D-02 -0.4490833D-01  0.8164557D-02  0.0000000D+00
  0.2553381D-01  0.9052369D-01 -0.1449632D-01  0.0000000D+00
 -0.1885057D-02 -0.9915704D-01  0.2145803D-01  0.0000000D+00
 -0.7481788D-01  0.2021909D+00 -0.4898306D-01  0.0000000D+00
  0.1133359D+01 -0.1382610D+00  0.1588570D+00  0.0000000D+00
  0.1528455D+01  0.2020890D+01 -0.1452951D+00  0.0000000D+00
  0.7820497D+00  0.3177731D+01  0.1150791D+00  0.0000000D+00
 -0.1452709D+01  0.3725057D+01  0.6786584D-02  0.0000000D+00
  0.1450031D+00  0.7707703D+00 -0.1743985D+00  0.0000000D+00
 -0.1122202D+00  0.3931452D+01 -0.6469047D+00  0.0000000D+00
  0.6357860D+00 -0.6500315D+00 -0.1039034D+01  0.0000000D+00
  0.1216143D+01 -0.4230329D+01 -0.1340072D+01  0.0000000D+00
  0.1464909D+01 -0.5764189D+01 -0.1469212D+01  0.0000000D+00
  0.2240340D-01  0.1864850D-02  0.6049042D-03  0.0000000D+00
  0.8666673D-01 -0.1182513D-01 -0.9329743D-02  0.0000000D+00
  0.1023759D-02  0.5583534D-01  0.6402127D-02  0.0000000D+00
 -0.7310839D-01 -0.2469367D-01 -0.1318712D-03  0.0000000D+00
  0.1941950D+00  0.9574635D-01 -0.1211087D-01  0.0000000D+00
 -0.3539102D+00 -0.3330647D+00  0.5373780D-01  0.0000000D+00
  0.9072173D+00 -0.3759001D+00  0.2286352D+00  0.0000000D+00
  0.2893271D+01 -0.1822941D+01  0.2726895D+00  0.0000000D+00
  0.5092978D+01 -0.2385757D+01  0.1261105D+00  0.0000000D+00
  0.7146984D+01 -0.2975457D+01  0.3179429D+00  0.0000000D+00
  0.5892752D+01 -0.7909085D+00  0.3314841D+00  0.0000000D+00
  0.7886983D+01  0.2892697D+00  0.3901476D+00  0.0000000D+00
  0.9447923D+01  0.1145930D+01  0.4326710D+00  0.0000000D+00
  0.1011658D+02  0.1512554D+01  0.4509930D+00  0.0000000D+00
  0.2284042D-01  0.1311067D-01 -0.3839966D-02  0.0000000D+00
 -0.6229775D-01 -0.9901733D-02  0.9072614D-02  0.0000000D+00
  0.3432833D-01  0.4983492D-01 -0.9307220D-02  0.0000000D+00
 -0.1364809D+00 -0.1172810D+00  0.1468684D-01  0.0000000D+00
  0.1183725D+00  0.1742367D+00 -0.2112190D-01  0.0000000D+00
 -0.7677943D+00 -0.5453904D+00  0.2699919D-01  0.0000000D+00
 -0.1025528D+00  0.8116366D-01 -0.2754421D-02  0.0000000D+00
 -0.1757510D+01  0.1030749D+01 -0.1001417D+00  0.0000000D+00
 -0.3035378D+01  0.1311236D+01  0.3081975D-01  0.0000000D+00
 -0.6311066D+01  0.1265995D+01 -0.3189864D-01  0.0000000D+00
 -0.7034254D+01  0.2216762D+01  0.4643255D+00  0.0000000D+00
 -0.7186124D+01  0.1704541D+01 -0.1390398D+00  0.0000000D+00
 -0.7316558D+01  0.1339405D+01 -0.6072312D+00  0.0000000D+00
 -0.7372073D+01  0.1181876D+01 -0.8079163D+00  0.0000000D+00
 -0.5096116D-02 -0.9007445D-02 -0.3306261D-02  0.0000000D+00
 -0.4253042D-01  0.1170989D-01 -0.5501140D-02  0.0000000D+00
  0.3424864D-01 -0.2228095D-01  0.1299872D-01  0.0000000D+00
 -0.3668736D-01  0.1658045D-01 -0.2005077D-01  0.0000000D+00
 -0.2862554D-01 -0.9241064D-01  0.3676212D-01  0.0000000D+00
  0.1660635D+00  0.3073189D+00 -0.6856498D-01  0.0000000D+00
 -0.8553218D-01 -0.7926317D-01  0.1188412D+00  0.0000000D+00
  0.8872863D+00 -0.7279619D+00  0.1357861D+00  0.0000000D+00
 -0.4555303D+00 -0.5620409D+00  0.5582258D-02  0.0000000D+00
  0.3440267D+01 -0.6793316D+00  0.1106199D+00  0.0000000D+00
 -0.1149122D+01  0.3228757D+00  0.2090784D+00  0.0000000D+00
  0.2238000D+01  0.1066601D+01 -0.8363206D-02  0.0000000D+00
  0.4894688D+01  0.1628336D+01 -0.1784460D+00  0.0000000D+00
  0.6032548D+01  0.1869605D+01 -0.2513075D+00  0.0000000D+00
 -0.1186310D-01 -0.1513194D-01 -0.4404495D-03  0.0000000D+00
  0.5166664D-01  0.1292872D-01 -0.5767390D-02  0.0000000D+00
 -0.4134867D-01 -0.4968671D-01  0.9922953D-02  0.0000000D+00
  0.1194411D+00  0.4198995D-01 -0.9017327D-02  0.0000000D+00
 -0.6159025D-01 -0.1067134D+00  0.1588344D-01  0.0000000D+00
  0.1040642D+00  0.2734570D+00 -0.5649386D-01  0.0000000D+00
 -0.3260872D+00 -0.1296068D+00 -0.8613375D-01  0.0000000D+00
 -0.1121228D+00 -0.4191266D+00 -0.5647659D-01  0.0000000D+00
  0.1259504D+01 -0.4587579D+00  0.1655062D-01  0.0000000D+00
  0.6729734D+00  0.3130805D+00  0.6676246D-01  0.0000000D+00
 -0.7609841D+00 -0.7926141D-01  0.1272765D+00  0.0000000D+00
 -0.4033239D+01  0.3737974D+00  0.7973152D-01  0.0000000D+00
 -0.6564661D+01  0.7217001D+00  0.3966796D-01  0.0000000D+00
 -0.7649981D+01  0.8709388D+00  0.2259526D-01  0.0000000D+00
  0.4253743D+01 -0.9370437D+01  0.1393459D+01  0.0000000D+00
 -0.9202953D+01 -0.2829506D+01 -0.4747244D+00  0.0000000D+00
  0.1659069D+02  0.1256967D+02 -0.9907327D+00  0.0000000D+00
 -0.1159733D+02  0.8727355D+01  0.2642808D+01  0.0000000D+00
 -0.1400196D+02 -0.5995437D+01 -0.3571461D+00  0.0000000D+00
  0.2741777D+01  0.8671401D+01 -0.1011740D+01  0.0000000D+00
 -0.3553924D+01  0.4746743D+01 -0.8369413D+00  0.0000000D+00
  0.5320583D+00  0.6433672D+01 -0.7583296D+00  0.0000000D+00
 -0.1189123D+01  0.3800588D+01 -0.6401653D+00  0.0000000D+00
  0.2341254D+01  0.3264894D+00 -0.7908091D+00  0.0000000D+00
  0.2067853D+01 -0.4927695D+01 -0.4941192D+00  0.0000000D+00
 -0.3228272D+01 -0.4773429D+01 -0.4745807D+00  0.0000000D+00
 -0.7385635D+01 -0.4653424D+01 -0.4579303D+00  0.0000000D+00
 -0.9166151D+01 -0.4602005D+01 -0.4508397D+00  0.0000000D+00
  0.9736118D+01 -0.8337550D+01  0.9997085D+00  0.0000000D+00
 -0.1964127D+02 -0.8278928D+01 -0.5516245D+00  0.0000000D+00
  0.2314332D+02  0.6441542D+01  0.1328031D+01  0.0000000D+00
 -0.4859227D+01 -0.6649810D+00  0.2666403D+01  0.0000000D+00
 -0.5488855D+01 -0.1085704D+02  0.1214240D+00  0.0000000D+00
  0.4945670D+01  0.3143258D+01  0.6245901D-01  0.0000000D+00
 -0.4058071D+00 -0.3283541D+01 -0.1050265D+00  0.0000000D+00
  0.1955271D+01 -0.6959911D-01 -0.7104124D-01  0.0000000D+00
 -0.3880745D+00  0.5842608D+00 -0.5574275D-04  0.0000000D+00
 -0.2059128D+01  0.1920035D+01  0.3119817D+00  0.0000000D+00
 -0.3955962D+01 -0.2874481D+01  0.2580960D+00  0.0000000D+00
 -0.1122439D+02  0.1418171D+01  0.2619930D+00  0.0000000D+00
 -0.1686497D+02  0.4716050D+01  0.2613919D+00  0.0000000D+00
 -0.1928275D+02  0.6130689D+01  0.2612487D+00  0.0000000D+00
  0.4432188D+01 -0.1645227D+01  0.2923504D+00  0.0000000D+00
  0.2171712D+01  0.2935616D+01 -0.1195986D+00  0.0000000D+00
  0.3530289D+01  0.3767228D+01 -0.4994484D+00  0.0000000D+00
 -0.2932924D+01 -0.7135413D+01  0.1670536D+01  0.0000000D+00
  0.4829032D+01  0.2905448D+01  0.4141082D+00  0.0000000D+00
  0.1863982D+01  0.1899987D+01 -0.8216639D+00  0.0000000D+00
  0.7843505D+00  0.1326825D+01 -0.5796025D+00  0.0000000D+00
 -0.1854898D+01  0.1864619D+01 -0.3994428D+00  0.0000000D+00
  0.9166207D+00 -0.8971516D+00 -0.5507860D+00  0.0000000D+00
  0.1945372D+01  0.1133221D+01 -0.2697388D+00  0.0000000D+00
  0.8894167D+00  0.1451136D+01 -0.6300131D-01  0.0000000D+00
 -0.3905332D+01 -0.1745759D+01 -0.1207087D+00  0.0000000D+00
 -0.7732816D+01 -0.4153609D+01 -0.1632559D+00  0.0000000D+00
 -0.9370073D+01 -0.5188006D+01 -0.1815638D+00  0.0000000D+00
 -0.2836203D-01  0.1472127D-01 -0.5168173D-02  0.0000000D+00
  0.5577598D-01  0.8265523D-02  0.6359742D-02  0.0000000D+00
 -0.2441188D-03 -0.3309451D-01 -0.1666706D-01  0.0000000D+00
 -0.5548698D-01  0.5697377D-01  0.1607517D-01  0.0000000D+00
 -0.6028598D-01 -0.9130133D-01 -0.1191512D-01  0.0000000D+00
  0.8333191D+00  0.3301385D+00 -0.1006457D+00  0.0000000D+00
  0.1727067D+01  0.4353463D+00 -0.5064520D+00  0.0000000D+00
  0.2976565D+01 -0.6808711D+00 -0.5288217D+00  0.0000000D+00
  0.3330910D+01  0.1510699D-02 -0.5867822D+00  0.0000000D+00
  0.2509026D+01 -0.1100950D+00 -0.4449846D+00  0.0000000D+00
  0.5139920D+01 -0.7551955D+00 -0.7312165D+00  0.0000000D+00
  0.6987470D+01  0.1905962D+01 -0.9141636D+00  0.0000000D+00
  0.8465762D+01  0.3957585D+01 -0.1051973D+01  0.0000000D+00
  0.9098022D+01  0.4837413D+01 -0.1111175D+01  0.0000000D+00
 -0.1024847D-01  0.2920223D-02 -0.3563419D-02  0.0000000D+00
  0.7796139D-01 -0.1911206D-01  0.7457328D-02  0.0000000D+00
 -0.9613088D-01  0.1807899D-01 -0.1217850D-01  0.0000000D+00
  0.1376730D+00  0.2072973D-01  0.1696520D-01  0.0000000D+00
 -0.2198417D+00 -0.5092620D-01 -0.2246634D-01  0.0000000D+00
  0.2375540D+00  0.1921343D+00  0.4608049D-01  0.0000000D+00
 -0.1702530D+01 -0.5435186D-01 -0.1535170D+00  0.0000000D+00
 -0.3496152D+01  0.1790549D+01  0.1551073D+00  0.0000000D+00
 -0.3619862D+01  0.4989766D+00  0.3920897D-01  0.0000000D+00
 -0.6573620D+01  0.1781495D+01  0.2830231D+00  0.0000000D+00
 -0.1050315D+02  0.1258673D+01 -0.1244513D+00  0.0000000D+00
 -0.1315778D+02  0.4161445D-01 -0.3848098D+00  0.0000000D+00
 -0.1526202D+02 -0.8520175D+00 -0.5822961D+00  0.0000000D+00
 -0.1616260D+02 -0.1236666D+01 -0.6670912D+00  0.0000000D+00
  0.2943112D-01 -0.5113474D-02  0.1729523D-02  0.0000000D+00
 -0.9269390D-01 -0.8124659D-01  0.1003994D-01  0.0000000D+00
  0.8986625D-01  0.9198533D-01 -0.1514674D-01  0.0000000D+00
 -0.8684778D-01 -0.9272718D-01  0.3810800D-01  0.0000000D+00
  0.3073940D+00  0.1762192D+00 -0.7641591D-01  0.0000000D+00
 -0.1086378D+01 -0.4350239D+00  0.2588453D+00  0.0000000D+00
 -0.5184599D+00 -0.7038692D-01 -0.1019858D+00  0.0000000D+00
  0.2959876D+00 -0.1552819D+01  0.9462536D-02  0.0000000D+00
  0.1656301D+01 -0.5829632D+00 -0.4214008D-01  0.0000000D+00
  0.4404693D+01 -0.1921479D+01 -0.9684399D-01  0.0000000D+00
  0.5050959D+01  0.3113744D+01 -0.5195782D-01  0.0000000D+00
  0.7249006D+01  0.7113393D+00 -0.1348597D-01  0.0000000D+00
  0.9015183D+01 -0.1216720D+01  0.1965765D-01  0.0000000D+00
  0.9770335D+01 -0.2041140D+01  0.3376081D-01  0.0000000D+00
  0.8082375D-02  0.1471514D-01  0.2295387D-02  0.0000000D+00
 -0.2190910D-01  0.7964235D-02  0.5480164D-02  0.0000000D+00
  0.6947052D-01  0.1054484D-01 -0.1366431D-01  0.0000000D+00
 -0.1467326D+00  0.1663056D-01  0.2206505D-01  0.0000000D+00
  0.1770176D+00  0.2834367D-01 -0.4973663D-01  0.0000000D+00
 -0.5941924D+00 -0.5580553D-01  0.1309307D+00  0.0000000D+00
 -0.4357423D+00 -0.4555574D+00  0.2766615D-01  0.0000000D+00
  0.2123461D+00 -0.1379853D+01  0.1541751D+00  0.0000000D+00
  0.4892473D+00 -0.3239481D+00  0.1748040D+00  0.0000000D+00
 -0.1355002D+01 -0.6779525D+00  0.4250577D+00  0.0000000D+00
 -0.4213391D+01  0.2183855D+00  0.2207551D+00  0.0000000D+00
 -0.1576256D+01 -0.7530081D+00  0.5111861D-01  0.0000000D+00
  0.4961397D+00 -0.1512017D+01 -0.7608155D-01  0.0000000D+00
  0.1383626D+01 -0.1837192D+01 -0.1307449D+00  0.0000000D+00
 -0.6484018D-02 -0.1893734D-01  0.3854137D-04  0.0000000D+00
  0.8647138D-01  0.2988030D-01  0.5273718D-02  0.0000000D+00
 -0.1660282D+00 -0.4049241D-01 -0.5520474D-02  0.0000000D+00
  0.2923694D+00  0.2143183D-01  0.5140257D-02  0.0000000D+00
 -0.4185329D+00 -0.6520127D-01  0.2421645D-02  0.0000000D+00
  0.6961205D+00  0.1861500D+00 -0.1921167D-01  0.0000000D+00
 -0.1420050D+01  0.2033431D+00 -0.1742218D+00  0.0000000D+00
 -0.1861163D+01  0.1189803D+01 -0.2069758D+00  0.0000000D+00
 -0.4716062D+01  0.6549377D+00 -0.9983530D-01  0.0000000D+00
 -0.1133114D+01 -0.3323351D-01 -0.3693884D-01  0.0000000D+00
 -0.5603675D+01  0.6922611D+00  0.1256785D+00  0.0000000D+00
 -0.3561944D+01  0.1588591D+01  0.1047286D+00  0.0000000D+00
 -0.1984812D+01  0.2278884D+01  0.8802335D-01  0.0000000D+00
 -0.1308575D+01  0.2574940D+01  0.8087741D-01  0.0000000D+00
 -0.5626494D-02 -0.9479160D-02  0.5676948D-02  0.0000000D+00
  0.1423154D-01 -0.1336134D-01 -0.1175075D-01  0.0000000D+00
 -0.5109842D-01 -0.2340139D-01  0.1390726D-01  0.0000000D+00
  0.1180216D+00 -0.1214125D-01 -0.1978219D-01  0.0000000D+00
 -0.2136878D+00 -0.3329208D-01  0.3920853D-01  0.0000000D+00
  0.6346006D+00  0.3894317D-01 -0.1250782D+00  0.0000000D+00
 -0.5220258D-01  0.1798163D+00 -0.4194200D-01  0.0000000D+00
  0.9195353D+00 -0.8221128D+00  0.3525780D-01  0.0000000D+00
  0.1926224D+01 -0.7684223D+00  0.2029955D+00  0.0000000D+00
  0.5265378D+01 -0.1688122D+01  0.1328030D+00  0.0000000D+00
  0.3054585D+01  0.1287456D+01  0.5010130D-01  0.0000000D+00
  0.2037068D+01  0.1346030D+00  0.1426732D+00  0.0000000D+00
  0.1287126D+01 -0.7894348D+00  0.2151445D+00  0.0000000D+00
  0.9644163D+00 -0.1184578D+01  0.2461883D+00  0.0000000D+00
  0.1296533D+01  0.3212028D+01  0.7851147D-01  0.0000000D+00
 -0.6432936D+01 -0.4044533D+00 -0.2421858D+01  0.0000000D+00
 -0.9736225D+00  0.4891720D+01  0.9550758D+00  0.0000000D+00
 -0.3346390D+00  0.2592933D+01  0.4377328D-01  0.0000000D+00
 -0.4272496D+01  0.8326183D+01 -0.2304414D+01  0.0000000D+00
  0.4515476D+01 -0.2920255D+01  0.7769711D+00  0.0000000D+00
 -0.2554474D+01  0.1565911D+01 -0.5479545D+00  0.0000000D+00
  0.6993675D-01 -0.8275242D-01  0.9797178D-01  0.0000000D+00
 -0.1419788D+01  0.1082012D+01 -0.8341624D-01  0.0000000D+00
 -0.1270472D+01  0.5851777D+00 -0.2153758D+00  0.0000000D+00
 -0.1672148D+01  0.3814123D+01 -0.1295655D+00  0.0000000D+00
  0.1479424D+01 -0.5033291D-01 -0.4812695D+00  0.0000000D+00
  0.3903318D+01 -0.3037861D+01 -0.7618832D+00  0.0000000D+00
  0.4942981D+01 -0.4318783D+01 -0.8819227D+00  0.0000000D+00
 -0.5318901D+01  0.2735621D+00 -0.1015619D+00  0.0000000D+00
 -0.2278792D+01  0.4253046D+00 -0.3897936D+00  0.0000000D+00
  0.7123449D+01  0.4634627D+00  0.4473535D+00  0.0000000D+00
  0.1104325D+02 -0.9142061D+01  0.2353613D+01  0.0000000D+00
 -0.6884060D+00  0.3049877D+01 -0.9147760D+00  0.0000000D+00
  0.4357966D+01 -0.1674385D+01  0.1068760D+01  0.0000000D+00
 -0.4475702D+00 -0.1818770D+01 -0.4796997D-01  0.0000000D+00
  0.1566742D+01 -0.1321087D+01  0.2624904D+00  0.0000000D+00
  0.5958498D+00 -0.2172630D+01 -0.3460066D+00  0.0000000D+00
 -0.4091471D+00  0.6547316D+00 -0.1084347D-01  0.0000000D+00
  0.2982058D+00  0.1495247D+01 -0.3908594D+00  0.0000000D+00
  0.8682975D+01 -0.9915444D+00 -0.4632042D+00  0.0000000D+00
  0.1520092D+02 -0.2923235D+01 -0.5272476D+00  0.0000000D+00
  0.1799442D+02 -0.3751174D+01 -0.5544510D+00  0.0000000D+00
  0.2626924D+00 -0.1814634D+00  0.1843714D+01  0.0000000D+00
  0.3715404D+01 -0.6652999D+01  0.1585787D+01  0.0000000D+00
  0.2447539D+01 -0.4876752D+01 -0.2807040D+00  0.0000000D+00
  0.7557000D+01  0.2730551D+01  0.1056706D+01  0.0000000D+00
 -0.2660711D-01 -0.5064610D+01 -0.9560703D+00  0.0000000D+00
  0.2026035D+01  0.4221315D-01  0.4151585D+00  0.0000000D+00
  0.6091683D+00 -0.2692320D+01  0.1266499D+00  0.0000000D+00
  0.2930257D+00  0.1619475D+01  0.1421085D+00  0.0000000D+00
  0.9227251D+00 -0.1567158D+01  0.3671075D+00  0.0000000D+00
 -0.3185154D+01  0.2598338D+01 -0.4878413D+00  0.0000000D+00
  0.6811895D+00  0.3875539D+01  0.3763680D+00  0.0000000D+00
 -0.5905200D+01 -0.1086684D+01 -0.1447680D+00  0.0000000D+00
 -0.1108402D+02 -0.4902961D+01 -0.5504803D+00  0.0000000D+00
 -0.1330172D+02 -0.6539853D+01 -0.7243411D+00  0.0000000D+00
  0.1281074D-01 -0.3308293D-02 -0.1168671D-02  0.0000000D+00
 -0.3448469D-02 -0.1481293D-01 -0.3494074D-02  0.0000000D+00
 -0.9448843D-02  0.5641798D-02  0.8073369D-02  0.0000000D+00
  0.7256385D-01 -0.5267227D-01 -0.1718111D-01  0.0000000D+00
 -0.1729385D-01 -0.4630703D-01  0.1002105D-01  0.0000000D+00
 -0.1204193D+00  0.1817595D+00  0.5176293D-02  0.0000000D+00
 -0.3599591D+00  0.3778751D+00  0.7848050D-01  0.0000000D+00
 -0.9685107D-01  0.7541590D+00  0.2473741D+00  0.0000000D+00
 -0.5870971D+00  0.9156572D+00  0.1493828D+00  0.0000000D+00
 -0.1346928D+01  0.1611438D+01  0.1036285D+00  0.0000000D+00
 -0.1705980D+01 -0.1602367D+01 -0.1682023D+00  0.0000000D+00
  0.1869195D+01  0.9480511D+00 -0.2200396D+00  0.0000000D+00
  0.4710375D+01  0.2864461D+01 -0.2653231D+00  0.0000000D+00
  0.5926114D+01  0.3687876D+01 -0.2845747D+00  0.0000000D+00
  0.2164753D-01  0.8881441D-02  0.1999927D-03  0.0000000D+00
  0.3739163D-01  0.1842717D-01 -0.1094537D-01  0.0000000D+00
  0.8012013D-01 -0.2198702D-01  0.1073392D-01  0.0000000D+00
 -0.9497972D-01  0.1077579D+00 -0.2033217D-01  0.0000000D+00
  0.2419865D+00 -0.1563023D+00  0.2983994D-01  0.0000000D+00
 -0.1214247D+00  0.5103086D+00 -0.1106908D+00  0.0000000D+00
  0.1122244D+01 -0.1914393D+00  0.3137053D+00  0.0000000D+00
  0.9506330D+00 -0.2982548D+00  0.2113496D-01  0.0000000D+00
  0.2655662D+01 -0.1473157D+01  0.3872671D-01  0.0000000D+00
  0.9245921D+00  0.5513795D+00 -0.1782402D+00  0.0000000D+00
  0.3865581D+01 -0.8429141D+00  0.1916342D+00  0.0000000D+00
  0.1704828D+01  0.2679051D+01  0.2508255D-01  0.0000000D+00
  0.1186104D-01  0.5431740D+01 -0.1050673D+00  0.0000000D+00
 -0.7132922D+00  0.6611030D+01 -0.1608254D+00  0.0000000D+00
 -0.1182761D-01 -0.1225429D-01  0.3011180D-02  0.0000000D+00
  0.3561414D-01 -0.4601233D-02  0.8409547D-03  0.0000000D+00
 -0.4216877D-01  0.6731096D-01 -0.8498651D-03  0.0000000D+00
 -0.2867784D-01 -0.7892215D-01 -0.1466298D-02  0.0000000D+00
  0.4246958D-01  0.1973843D+00  0.1000313D-01  0.0000000D+00
 -0.1952779D-01 -0.3311945D+00 -0.2082855D-01  0.0000000D+00
  0.6806170D-01  0.4609178D+00 -0.2607352D-02  0.0000000D+00
 -0.9092560D-01  0.8780646D+00 -0.2313677D+00  0.0000000D+00
  0.2377702D+00  0.6768011D+00  0.2157841D-01  0.0000000D+00
 -0.1700490D+01  0.1337967D+01 -0.5084760D-01  0.0000000D+00
  0.2096818D+01 -0.1693378D+01 -0.3614951D+00  0.0000000D+00
 -0.7984672D+00 -0.9684450D+00 -0.9142230D-01  0.0000000D+00
 -0.3044902D+01 -0.4172926D+00  0.1157042D+00  0.0000000D+00
 -0.4007813D+01 -0.1806961D+00  0.2045635D+00  0.0000000D+00
 -0.5061335D-02  0.4908552D-02  0.6394537D-02  0.0000000D+00
 -0.6950371D-01 -0.2302296D-01 -0.9508627D-02  0.0000000D+00
  0.9120232D-02  0.9206141D-02  0.1470206D-01  0.0000000D+00
 -0.1101781D+00  0.6871257D-02 -0.2163968D-01  0.0000000D+00
  0.8100727D-01  0.1017093D+00  0.3936188D-01  0.0000000D+00
 -0.2764157D+00 -0.4345988D+00 -0.3408453D-01  0.0000000D+00
  0.5545171D+00  0.9446225D-01  0.2729428D+00  0.0000000D+00
  0.9199274D+00 -0.1273699D+00  0.3046977D+00  0.0000000D+00
  0.1775997D+00 -0.2161441D+00  0.9777973D-01  0.0000000D+00
  0.1491982D+01 -0.4860925D+00  0.1285133D+00  0.0000000D+00
 -0.2251130D+00 -0.1261638D+01 -0.3479028D+00  0.0000000D+00
  0.5670243D+00  0.7682888D-01  0.9484177D-01  0.0000000D+00
  0.1244878D+01  0.1077105D+01  0.4386205D+00  0.0000000D+00
  0.1533441D+01  0.1507069D+01  0.5859701D+00  0.0000000D+00
  0.7729718D-02  0.1643508D-01 -0.1593037D-02  0.0000000D+00
 -0.3753570D-01 -0.1791862D-02  0.1754215D-02  0.0000000D+00
  0.1107994D+00 -0.1157725D-01 -0.3091669D-02  0.0000000D+00
 -0.6360684D-01  0.6826646D-02  0.7728555D-02  0.0000000D+00
 -0.1385915D-01 -0.3862352D-01 -0.1458545D-01  0.0000000D+00
  0.2386051D+00  0.1071067D-01  0.2412905D-01  0.0000000D+00
  0.6277462D-01 -0.3690102D-01 -0.6236292D-01  0.0000000D+00
  0.3236082D+00  0.6282490D-01 -0.1273503D+00  0.0000000D+00
  0.4044793D+00 -0.8065370D-01 -0.3871526D-01  0.0000000D+00
  0.8267491D-02  0.2416488D+00 -0.8068791D-01  0.0000000D+00
  0.4320237D+01 -0.9775853D+00 -0.1647269D+00  0.0000000D+00
  0.4494690D+01 -0.1611448D+01 -0.6239989D-01  0.0000000D+00
  0.4610887D+01 -0.2098864D+01  0.1700166D-01  0.0000000D+00
  0.4661310D+01 -0.2307933D+01  0.5103627D-01  0.0000000D+00
 -0.1569149D-02 -0.2437815D-01 -0.2153783D-02  0.0000000D+00
  0.6012918D-01 -0.5154410D-02  0.8324049D-03  0.0000000D+00
 -0.5222657D-01 -0.7585973D-02  0.7850048D-02  0.0000000D+00
  0.1547312D+00 -0.2407336D-01 -0.1094362D-01  0.0000000D+00
 -0.6750360D-01 -0.3156515D-02  0.3046778D-01  0.0000000D+00
 -0.7637923D-01  0.9849941D-01 -0.6086829D-01  0.0000000D+00
 -0.3922697D+00  0.2928632D+00  0.3656774D-02  0.0000000D+00
 -0.4388246D+00  0.2337368D+00 -0.8889899D-01  0.0000000D+00
 -0.1368862D+01  0.4416648D+00  0.5441965D-01  0.0000000D+00
 -0.1825056D+01  0.4627104D+00 -0.1127682D+00  0.0000000D+00
 -0.2331652D+01  0.5823578D+00 -0.1649800D+00  0.0000000D+00
 -0.5246859D+01  0.8932758D+00 -0.7356934D-02  0.0000000D+00
 -0.7486849D+01  0.1129024D+01  0.1149213D+00  0.0000000D+00
 -0.8447700D+01  0.1230250D+01  0.1673357D+00  0.0000000D+00
 -0.3935007D+01  0.2108165D+01  0.2357427D+00  0.0000000D+00
 -0.5614928D+01  0.1211379D+01 -0.6202804D+00  0.0000000D+00
  0.1168354D+01  0.6774490D+00  0.3814067D+00  0.0000000D+00
  0.7909275D+01 -0.2120286D+01  0.3959294D-02  0.0000000D+00
 -0.4915668D+01 -0.4383031D+01 -0.3846348D+00  0.0000000D+00
  0.3649390D+01  0.1133997D+01  0.1825003D+00  0.0000000D+00
 -0.8622298D+00 -0.2268840D+01 -0.1245664D+00  0.0000000D+00
  0.1062880D+01 -0.1711722D+00  0.1079072D+00  0.0000000D+00
 -0.6788656D+00 -0.5330841D+00 -0.1761840D+00  0.0000000D+00
  0.3938600D+00  0.3812716D+00 -0.5804527D-01  0.0000000D+00
 -0.8224613D+00  0.1158184D+01 -0.2042548D+00  0.0000000D+00
 -0.3762409D+01  0.1335581D+01 -0.2110297D+00  0.0000000D+00
 -0.6073038D+01  0.1486688D+01 -0.2165499D+00  0.0000000D+00
 -0.7062549D+01  0.1551038D+01 -0.2189082D+00  0.0000000D+00
 -0.3401699D+01  0.2899244D+01 -0.1541988D+00  0.0000000D+00
 -0.7133533D+01  0.2415422D+01 -0.5218165D+00  0.0000000D+00
  0.2570357D+01  0.2693623D+01  0.4557433D+00  0.0000000D+00
 -0.1130618D+01  0.3473853D+01 -0.6962682D+00  0.0000000D+00
 -0.1003965D+02 -0.1554193D+01 -0.8204770D+00  0.0000000D+00
  0.4192651D+01  0.4647790D+00  0.2703838D+00  0.0000000D+00
 -0.3068977D+01 -0.1299112D+01 -0.4407458D+00  0.0000000D+00
  0.9377081D+00 -0.7849018D+00 -0.3845581D-01  0.0000000D+00
  0.3998797D-02 -0.1732852D+01 -0.3309802D+00  0.0000000D+00
 -0.3197666D+00 -0.4625342D+00 -0.3644422D-01  0.0000000D+00
  0.2417418D+01 -0.8540681D-01 -0.2011829D+00  0.0000000D+00
  0.1542013D+01 -0.1696868D+01 -0.2116367D+00  0.0000000D+00
  0.8320892D+00 -0.2935912D+01 -0.2243978D+00  0.0000000D+00
  0.5287605D+00 -0.3467375D+01 -0.2297216D+00  0.0000000D+00
  0.5648805D+00  0.1662108D+01  0.5199886D+00  0.0000000D+00
  0.1048408D+00  0.8225110D-01 -0.1177647D-01  0.0000000D+00
  0.6578444D+00 -0.4472576D+01 -0.4049335D+00  0.0000000D+00
 -0.3979117D+01  0.3191991D+01 -0.3723124D+00  0.0000000D+00
  0.5430806D+01 -0.1763638D+01  0.1563031D+00  0.0000000D+00
 -0.1435066D+01  0.4281756D+00 -0.1262159D+00  0.0000000D+00
  0.2038523D+01 -0.6370024D+00 -0.6349646D-01  0.0000000D+00
 -0.2317597D+00  0.2991958D+00  0.2158173D-01  0.0000000D+00
  0.2150334D+00 -0.2745986D-01 -0.1253694D+00  0.0000000D+00
 -0.9584870D-01  0.1083543D+01 -0.6957137D-02  0.0000000D+00
  0.9329091D-01 -0.5767642D+00  0.7441479D-02  0.0000000D+00
 -0.2493705D+01 -0.4464636D+00 -0.2831165D-01  0.0000000D+00
 -0.4541780D+01 -0.3367032D+00 -0.5373753D-01  0.0000000D+00
 -0.5418389D+01 -0.2899322D+00 -0.6470917D-01  0.0000000D+00
 -0.1160217D-01  0.1641107D-01  0.2763393D-02  0.0000000D+00
  0.6408766D-02  0.1679892D-01  0.2423213D-02  0.0000000D+00
 -0.4558386D-01 -0.5762630D-02 -0.6876315D-02  0.0000000D+00
  0.3328046D-02 -0.2857232D-01  0.6296889D-02  0.0000000D+00
 -0.1348625D+00  0.8253361D-01 -0.6072410D-02  0.0000000D+00
  0.1143431D+00 -0.1930651D+00  0.7162844D-01  0.0000000D+00
 -0.2600028D+00 -0.4186616D+00  0.1664535D-01  0.0000000D+00
 -0.2269828D+00 -0.3624397D+00  0.1553131D-01  0.0000000D+00
  0.1416346D+01 -0.4751927D+00 -0.3993520D-01  0.0000000D+00
 -0.5800827D+00 -0.5755570D+00 -0.5394350D-01  0.0000000D+00
  0.1251886D+01  0.7248214D+00 -0.2750914D+00  0.0000000D+00
  0.1636814D+01  0.1060997D+00 -0.1273087D+00  0.0000000D+00
  0.1943956D+01 -0.3734871D+00 -0.1599006D-01  0.0000000D+00
  0.2075350D+01 -0.5790709D+00  0.3183098D-01  0.0000000D+00
  0.3314914D-01  0.4550375D-02  0.2979440D-02  0.0000000D+00
 -0.2953160D-01  0.4730832D-02 -0.9992879D-04  0.0000000D+00
  0.1251223D-01  0.2776597D-02 -0.6332658D-03  0.0000000D+00
 -0.2853644D-01 -0.9795233D-02 -0.7814926D-02  0.0000000D+00
 -0.1970083D-01 -0.2950308D-01  0.1305504D-01  0.0000000D+00
 -0.4125485D-01 -0.7371899D-01 -0.1570670D-01  0.0000000D+00
  0.4560469D+00 -0.8969790D-01  0.1510762D+00  0.0000000D+00
  0.2342152D+00 -0.2579395D+00  0.6538220D-01  0.0000000D+00
  0.7489354D+00 -0.1148767D+00  0.5194253D-01  0.0000000D+00
 -0.1524149D+00  0.5187030D+00 -0.3428903D-01  0.0000000D+00
  0.1761779D+01 -0.7941389D+00  0.1060442D+00  0.0000000D+00
 -0.3943896D+00 -0.2356770D-01  0.1115673D+00  0.0000000D+00
 -0.2084134D+01  0.5705437D+00  0.1148024D+00  0.0000000D+00
 -0.2807901D+01  0.8253222D+00  0.1162226D+00  0.0000000D+00
  0.2761580D-01 -0.1379750D-02 -0.7167421D-03  0.0000000D+00
 -0.1904725D-01 -0.8588299D-02 -0.1605135D-03  0.0000000D+00
  0.5709945D-01 -0.1081351D-01  0.2600424D-02  0.0000000D+00
 -0.2352056D-01  0.6434272D-01  0.9549184D-03  0.0000000D+00
  0.7773382D-01 -0.1796331D+00 -0.2577666D-02  0.0000000D+00
  0.3562151D-02  0.2879413D+00 -0.3417192D-01  0.0000000D+00
 -0.4300514D+00 -0.6592246D-01 -0.1219380D+00  0.0000000D+00
 -0.7984185D+00  0.3951893D+00 -0.1194337D+00  0.0000000D+00
 -0.1650470D+01  0.4019080D+00 -0.1935797D+00  0.0000000D+00
 -0.1880203D+01 -0.9594340D-01  0.4788688D-01  0.0000000D+00
 -0.2189901D+01  0.2353915D-01 -0.3765774D+00  0.0000000D+00
 -0.1245101D+01 -0.1890811D+00 -0.2449416D+00  0.0000000D+00
 -0.4938818D+00 -0.3537925D+00 -0.1444655D+00  0.0000000D+00
 -0.1724475D+00 -0.4244036D+00 -0.1013458D+00  0.0000000D+00
 -0.3641439D-02  0.9357333D-02 -0.9723382D-03  0.0000000D+00
 -0.2260524D-01  0.2367572D-01 -0.9087289D-03  0.0000000D+00
  0.5903779D-02  0.7665604D-02  0.1292530D-01  0.0000000D+00
  0.4162290D-01 -0.5136457D-02 -0.2011321D-01  0.0000000D+00
 -0.2366948D-01  0.6345404D-02  0.3451158D-01  0.0000000D+00
 -0.4085507D-01  0.9651851D-01 -0.7989000D-01  0.0000000D+00
 -0.9115773D-01  0.3240597D-01  0.2362326D-01  0.0000000D+00
  0.5197502D+00  0.6667497D-01 -0.5232764D-01  0.0000000D+00
  0.9233256D-01  0.3665671D+00 -0.2956524D-01  0.0000000D+00
  0.1251212D+01 -0.2443784D+00 -0.9062844D-01  0.0000000D+00
  0.2266574D+00  0.3613741D+00 -0.1217829D+00  0.0000000D+00
  0.8901418D+00  0.1575348D+00  0.1744091D+00  0.0000000D+00
  0.1445259D+01 -0.9918382D-02  0.4032250D+00  0.0000000D+00
  0.1681935D+01 -0.8140174D-01  0.5013372D+00  0.0000000D+00
 -0.2551345D-01 -0.1390510D-01 -0.3966376D-02  0.0000000D+00
  0.2457637D-01 -0.6420093D-03 -0.5159937D-02  0.0000000D+00
 -0.7481412D-01 -0.3360120D-02 -0.2833416D-02  0.0000000D+00
  0.6519637D-01  0.2004127D-01  0.8314398D-02  0.0000000D+00
 -0.2541127D-01  0.5015432D-01 -0.2204423D-01  0.0000000D+00
  0.9925659D-01 -0.4284686D-01  0.2322608D-01  0.0000000D+00
  0.3847072D+00 -0.1847562D+00  0.7294574D-02  0.0000000D+00
  0.1504213D+00  0.1724654D+00  0.1521403D-01  0.0000000D+00
 -0.7117583D+00  0.8565438D-01 -0.4180725D-01  0.0000000D+00
 -0.7530964D+00  0.1005443D+00  0.8763773D-01  0.0000000D+00
 -0.2189131D+01  0.1891809D+00 -0.1154824D+00  0.0000000D+00
  0.6203109D+00 -0.4130033D+00 -0.4151542D-01  0.0000000D+00
  0.2798692D+01 -0.8840631D+00  0.1588361D-01  0.0000000D+00
  0.3732486D+01 -0.1085860D+01  0.4048659D-01  0.0000000D+00
 -0.2196454D-01 -0.1505748D-02 -0.3530412D-02  0.0000000D+00
  0.6084440D-01 -0.1680677D-01  0.2621519D-02  0.0000000D+00
 -0.3449018D-01 -0.2060062D-01 -0.6026336D-02  0.0000000D+00
  0.8775771D-02  0.1014660D-01  0.1290383D-01  0.0000000D+00
 -0.7146667D-01 -0.1388356D-01 -0.2271437D-01  0.0000000D+00
  0.2201145D-01 -0.6778137D-01  0.6422602D-01  0.0000000D+00
 -0.2372299D+00 -0.4148561D-01  0.3243909D-01  0.0000000D+00
  0.1154044D+00 -0.2752492D+00  0.1906244D-01  0.0000000D+00
 -0.1023707D+01  0.2017753D-01  0.9087545D-02  0.0000000D+00
  0.5211882D+00 -0.1757602D+00  0.2163265D-02  0.0000000D+00
 -0.9627840D+00  0.2257981D+00 -0.9054896D-01  0.0000000D+00
 -0.1406413D+01 -0.6751902D-01  0.3800936D-01  0.0000000D+00
 -0.1722163D+01 -0.2917421D+00  0.1393848D+00  0.0000000D+00
 -0.1858407D+01 -0.3879599D+00  0.1827873D+00  0.0000000D+00
  0.3344252D-02 -0.5888567D-01  0.9440329D-02  0.0000000D+00
  0.2577310D+01 -0.6998747D+00 -0.2134912D+00  0.0000000D+00
 -0.3881061D+01  0.1085811D+01  0.6669806D-02  0.0000000D+00
  0.8183619D+01  0.9531556D+00  0.7303265D+00  0.0000000D+00
  0.1918330D+01 -0.1453423D+01 -0.8815002D+00  0.0000000D+00
 -0.2695971D+01  0.1070515D-01  0.4098055D+00  0.0000000D+00
  0.1911881D+00 -0.8400018D+00 -0.2228381D+00  0.0000000D+00
 -0.8601106D+00 -0.7410601D-01  0.9453717D-03  0.0000000D+00
 -0.4630897D-02 -0.7926002D+00 -0.3760126D-02  0.0000000D+00
 -0.5093364D+00 -0.1017208D+00 -0.8334343D-01  0.0000000D+00
 -0.3893251D+00  0.6808121D+00  0.2724690D-01  0.0000000D+00
  0.2148139D+01  0.1764705D+00 -0.1231814D+00  0.0000000D+00
  0.4110098D+01 -0.2052681D+00 -0.2398046D+00  0.0000000D+00
  0.4951297D+01 -0.3691984D+00 -0.2897972D+00  0.0000000D+00
 -0.2062627D+01  0.1200233D-01  0.6968346D-01  0.0000000D+00
  0.4740334D+01 -0.1441939D+01  0.2281322D+00  0.0000000D+00
 -0.5044703D+01 -0.5480535D+00  0.6587494D-01  0.0000000D+00
  0.8565856D+01 -0.2806962D+01  0.1985824D+01  0.0000000D+00
  0.2960573D+01 -0.3052633D+01 -0.3212339D+00  0.0000000D+00
 -0.1943671D+01  0.1595089D+01  0.2690098D+00  0.0000000D+00
  0.7229371D+00 -0.3885651D+00 -0.5272211D-02  0.0000000D+00
 -0.1190290D+01  0.6210170D+00  0.9157891D-01  0.0000000D+00
  0.1405662D+00 -0.6439017D+00 -0.9960573D-01  0.0000000D+00
 -0.1772574D+01  0.2800930D+00 -0.1021923D+00  0.0000000D+00
  0.5733044D+00  0.3005945D+00  0.1863409D-01  0.0000000D+00
  0.1478781D+01 -0.6420827D-01  0.1125256D+00  0.0000000D+00
  0.2163626D+01 -0.3338468D+00  0.1845857D+00  0.0000000D+00
  0.2457745D+01 -0.4498483D+00  0.2154989D+00  0.0000000D+00
  0.5308569D+00 -0.2988509D+01  0.2059651D+00  0.0000000D+00
  0.2849412D+01  0.2581670D+01  0.1687947D+00  0.0000000D+00
 -0.1643272D+01 -0.4225699D+01  0.1253356D+00  0.0000000D+00
  0.1268318D+01  0.1282711D+01  0.5520907D+00  0.0000000D+00
 -0.2295565D+01 -0.1319544D+01 -0.5787277D+00  0.0000000D+00
  0.1230180D+00  0.3872125D+00  0.3054696D+00  0.0000000D+00
 -0.1143074D+01 -0.3003432D+00 -0.7723346D-01  0.0000000D+00
  0.1534169D+00  0.4756357D+00  0.1106067D+00  0.0000000D+00
 -0.1849427D+00  0.2437730D-01 -0.8927194D-01  0.0000000D+00
 -0.3800106D+00 -0.2355700D+00  0.1523840D-01  0.0000000D+00
  0.2023477D+01 -0.1781835D+00  0.5824146D-01  0.0000000D+00
  0.2789812D+01  0.3064803D-02  0.5917828D-02  0.0000000D+00
  0.3374530D+01  0.1402287D+00 -0.3495634D-01  0.0000000D+00
  0.3625485D+01  0.1991321D+00 -0.5246797D-01  0.0000000D+00
  0.1994186D-01  0.4312418D-02  0.1888115D-02  0.0000000D+00
 -0.1261519D-01  0.6606994D-02  0.3072717D-03  0.0000000D+00
  0.5070202D-02 -0.5458661D-02  0.3903126D-02  0.0000000D+00
  0.7128306D-01 -0.3555988D-01 -0.1940608D-01  0.0000000D+00
  0.1814096D-01  0.2637000D-01  0.3360561D-01  0.0000000D+00
 -0.3383358D-03  0.4770069D-02 -0.7633245D-01  0.0000000D+00
  0.2279856D+00  0.1885389D+00 -0.3984031D-01  0.0000000D+00
 -0.3600621D+00 -0.1349007D+00 -0.1369811D+00  0.0000000D+00
  0.4825762D+00  0.3051775D+00 -0.5118047D-01  0.0000000D+00
 -0.1209525D+01 -0.1728707D+00 -0.1073009D+00  0.0000000D+00
 -0.4569825D+00  0.1307835D+00  0.5411241D-01  0.0000000D+00
 -0.4246385D+01  0.3151007D+00  0.2119068D-01  0.0000000D+00
 -0.7192429D+01  0.4650573D+00 -0.4705161D-02  0.0000000D+00
 -0.8455047D+01  0.5291182D+00 -0.1579365D-01  0.0000000D+00
 -0.5716347D-01  0.1529224D-01  0.7719248D-03  0.0000000D+00
 -0.4317201D-01 -0.5948581D-01  0.6302417D-02  0.0000000D+00
 -0.3076958D-02  0.2209815D-01 -0.7780920D-02  0.0000000D+00
  0.2039244D-01 -0.5296933D-02  0.1011698D-01  0.0000000D+00
  0.3611616D-01  0.5954548D-01 -0.1026535D-01  0.0000000D+00
  0.8854809D-01 -0.2471206D-01  0.1861143D-01  0.0000000D+00
 -0.3144519D+00 -0.1062661D+00 -0.2061012D-01  0.0000000D+00
 -0.1240334D+00 -0.2519827D+00 -0.9428555D-01  0.0000000D+00
  0.3026509D+00 -0.4376300D+00 -0.1168132D+00  0.0000000D+00
  0.2349734D+00  0.2436630D-01 -0.4631737D-01  0.0000000D+00
  0.3698875D+01 -0.1439880D+01  0.1229633D-01  0.0000000D+00
  0.1358662D+01 -0.9021460D+00 -0.5817762D-01  0.0000000D+00
 -0.4588684D+00 -0.4898670D+00 -0.1120500D+00  0.0000000D+00
 -0.1237877D+01 -0.3129947D+00 -0.1351676D+00  0.0000000D+00
 -0.6492459D-01 -0.1518843D-01 -0.2520895D-02  0.0000000D+00
 -0.5648552D-02 -0.6558896D-02  0.7236203D-02  0.0000000D+00
  0.1544083D-01  0.1260906D-01 -0.1032625D-01  0.0000000D+00
 -0.4776414D-01  0.4022305D-01  0.2283136D-01  0.0000000D+00
  0.1662244D+00 -0.1952575D-01 -0.2649396D-01  0.0000000D+00
 -0.3593367D+00 -0.2763084D-01  0.6243333D-01  0.0000000D+00
  0.3677208D+00 -0.1518229D+00  0.2552582D-01  0.0000000D+00
 -0.5520424D-01 -0.1707517D+00  0.5037486D-02  0.0000000D+00
  0.7803154D+00 -0.1544960D-01 -0.6602385D-02  0.0000000D+00
 -0.3828331D+00  0.2565141D+00 -0.6456209D-01  0.0000000D+00
 -0.1686783D+01  0.6882055D+00 -0.4424670D-01  0.0000000D+00
 -0.2338447D+01  0.2359240D+00  0.6412650D-02  0.0000000D+00
 -0.2841552D+01 -0.1090785D+00  0.4446247D-01  0.0000000D+00
 -0.3057287D+01 -0.2571472D+00  0.6081206D-01  0.0000000D+00
  0.2645105D-01 -0.1241272D-02 -0.2063043D-03  0.0000000D+00
  0.5742886D-01 -0.1658712D-02  0.5597133D-02  0.0000000D+00
  0.2264461D-01 -0.2512186D-02  0.1367596D-02  0.0000000D+00
  0.3247342D-03  0.8667985D-01 -0.5270125D-02  0.0000000D+00
  0.8398933D-01 -0.4159056D-01  0.1058203D-01  0.0000000D+00
 -0.1282813D+00  0.5640399D-02 -0.1983858D-01  0.0000000D+00
  0.6553156D-01  0.1529919D+00  0.7785667D-01  0.0000000D+00
 -0.5407337D+00  0.2118412D+00  0.4988258D-01  0.0000000D+00
 -0.9491836D-01  0.5840626D+00  0.3092096D-01  0.0000000D+00
 -0.1041639D+01 -0.1202553D+00  0.1082078D+00  0.0000000D+00
  0.1776155D+01 -0.8767239D+00  0.3474660D-01  0.0000000D+00
 -0.2497255D+01 -0.5004488D+00  0.6712948D-01  0.0000000D+00
 -0.5820371D+01 -0.2013636D+00  0.9124514D-01  0.0000000D+00
 -0.7244565D+01 -0.7338899D-01  0.1016138D+00  0.0000000D+00
  0.6478395D-01 -0.2410901D-02 -0.3370183D-02  0.0000000D+00
 -0.1855648D-01  0.1683860D-01 -0.4047183D-03  0.0000000D+00
  0.6197664D-02 -0.5063797D-01  0.4769952D-02  0.0000000D+00
 -0.6320316D-01  0.5164965D-01 -0.4782705D-02  0.0000000D+00
 -0.4718378D-01 -0.4102843D-01  0.1639533D-01  0.0000000D+00
  0.3040731D-01  0.8861587D-01 -0.1401726D-01  0.0000000D+00
 -0.8602910D-01  0.7990059D-02 -0.2087543D-01  0.0000000D+00
 -0.1012614D+00 -0.8418892D-01 -0.1443885D+00  0.0000000D+00
  0.3526599D+00 -0.3340001D+00 -0.8229119D-01  0.0000000D+00
  0.2119048D+00  0.1781899D+00 -0.3232415D-01  0.0000000D+00
 -0.1074260D+01  0.2383817D+00  0.9782279D-02  0.0000000D+00
  0.1761605D+01  0.2340035D+00  0.4464907D-01  0.0000000D+00
  0.3954716D+01  0.2384706D+00  0.7041811D-01  0.0000000D+00
  0.4895005D+01  0.2401374D+00  0.8150452D-01  0.0000000D+00
  0.2879606D-01 -0.1293697D-02 -0.1780254D-02  0.0000000D+00
 -0.3766321D-01  0.1779868D-01 -0.8137898D-02  0.0000000D+00
 -0.5297229D-01 -0.7933891D-03  0.1397675D-02  0.0000000D+00
  0.3705554D-01 -0.7321926D-01 -0.4815102D-03  0.0000000D+00
 -0.1515826D+00 -0.9018542D-02  0.4246323D-02  0.0000000D+00
  0.7510875D-01  0.4430910D-02 -0.7516667D-02  0.0000000D+00
  0.2932943D-01 -0.2340521D-04 -0.7131069D-02  0.0000000D+00
  0.3388635D+00 -0.3428183D+00 -0.4662385D-01  0.0000000D+00
 -0.3761055D+00  0.2113374D+00  0.4797251D-01  0.0000000D+00
 -0.5665784D+00  0.3765471D+00  0.6190406D-01  0.0000000D+00
 -0.1847543D+01  0.5462778D-01  0.3398941D-01  0.0000000D+00
 -0.1966690D+01 -0.3442713D+00 -0.8792323D-02  0.0000000D+00
 -0.2053353D+01 -0.6576225D+00 -0.4366873D-01  0.0000000D+00
 -0.2090686D+01 -0.7918185D+00 -0.5856531D-01  0.0000000D+00
  0.1548023D+01  0.1124074D+01  0.6531528D+00  0.0000000D+00
 -0.2989480D+01 -0.6945921D+00 -0.4528900D+00  0.0000000D+00
  0.2456469D+01 -0.1618047D+01  0.1616910D+00  0.0000000D+00
 -0.1246423D+01 -0.7364117D+00 -0.7046515D+00  0.0000000D+00
 -0.4253026D+01  0.5014448D+00 -0.1531575D-01  0.0000000D+00
  0.2117215D+01 -0.3235276D+00  0.4110844D-01  0.0000000D+00
 -0.1200971D+01 -0.4706383D+00  0.2318224D-01  0.0000000D+00
  0.5636673D+00 -0.2622622D-01  0.4957096D-01  0.0000000D+00
 -0.5278014D-01  0.3455124D+00  0.9918137D-02  0.0000000D+00
  0.3516037D+00  0.3321970D+00  0.2730879D-01  0.0000000D+00
  0.6007149D+00  0.1020947D+01  0.5727698D-01  0.0000000D+00
 -0.2732339D+00  0.2685128D+00  0.1010784D+00  0.0000000D+00
 -0.9610603D+00 -0.3186531D+00  0.1349314D+00  0.0000000D+00
 -0.1255586D+01 -0.5702311D+00  0.1494465D+00  0.0000000D+00
  0.6593080D-01  0.6738410D+00  0.4834752D+00  0.0000000D+00
 -0.3537532D+01 -0.4841402D+00 -0.3358851D+00  0.0000000D+00
  0.1582058D+01 -0.1207893D+01  0.2206395D+00  0.0000000D+00
  0.1065949D+01 -0.6392577D+00 -0.1018469D+01  0.0000000D+00
 -0.4442825D+01  0.1861629D+01  0.1922588D+00  0.0000000D+00
  0.2249088D+01 -0.7355506D+00 -0.5141158D-01  0.0000000D+00
 -0.1506464D+01  0.8778444D+00  0.6822913D-01  0.0000000D+00
  0.3334633D+00 -0.8805850D-01  0.7279026D-01  0.0000000D+00
 -0.4308840D+00  0.3573780D+00  0.2362458D-01  0.0000000D+00
 -0.3990793D+00 -0.1532767D-01  0.2478955D-01  0.0000000D+00
  0.1560576D+00  0.1046214D+01  0.1396148D+00  0.0000000D+00
 -0.2464201D+01  0.3443421D+00  0.2096506D+00  0.0000000D+00
 -0.4507837D+01 -0.1994126D+00  0.2623395D+00  0.0000000D+00
 -0.5383495D+01 -0.4325134D+00  0.2849767D+00  0.0000000D+00
  0.2861290D+01 -0.9010925D+00  0.2025149D+00  0.0000000D+00
 -0.1172080D+01 -0.8639142D-01  0.4295391D-01  0.0000000D+00
 -0.1387889D+00 -0.5924707D+00 -0.3738391D-01  0.0000000D+00
  0.5210657D+00  0.3599457D-02 -0.3571184D+00  0.0000000D+00
  0.1071763D+01  0.1113916D+01  0.5434281D-01  0.0000000D+00
 -0.4348780D+00 -0.8593369D+00 -0.1853819D-01  0.0000000D+00
  0.2220054D+00  0.1766989D-01 -0.4020873D-01  0.0000000D+00
 -0.3781804D+00 -0.3682529D+00  0.2370044D-01  0.0000000D+00
 -0.1923231D+00  0.3358467D+00 -0.1223994D-01  0.0000000D+00
 -0.1994115D+00 -0.1806601D+00 -0.4357760D-02  0.0000000D+00
  0.2087159D+00  0.8229516D+00 -0.1451334D+00  0.0000000D+00
  0.1537835D+01  0.3813825D+00 -0.7830646D-02  0.0000000D+00
  0.2560806D+01  0.2949963D-01  0.1008854D+00  0.0000000D+00
  0.2999559D+01 -0.1210382D+00  0.1474168D+00  0.0000000D+00
  0.2286897D-02  0.1432685D-01 -0.7486769D-03  0.0000000D+00
 -0.4015557D-01 -0.2417225D-01 -0.5539464D-02  0.0000000D+00
  0.6951069D-01  0.3518990D-01 -0.1639256D-02  0.0000000D+00
 -0.1241506D+00 -0.2152951D-01  0.7428426D-02  0.0000000D+00
  0.1895143D+00  0.1689524D-01 -0.1162814D-01  0.0000000D+00
 -0.3266501D+00 -0.1954107D-01 -0.2207775D-02  0.0000000D+00
  0.3590474D+00  0.1118433D+00  0.1116787D+00  0.0000000D+00
 -0.1181309D+00  0.2893381D+00  0.1822850D-01  0.0000000D+00
  0.5706519D+00  0.4463879D+00  0.6741162D-01  0.0000000D+00
 -0.2008507D+00 -0.1400258D+00  0.6334401D-01  0.0000000D+00
  0.7649419D+00 -0.3746101D-01  0.2233149D+00  0.0000000D+00
 -0.1003891D+01  0.2262715D+00  0.2033107D+00  0.0000000D+00
 -0.2385431D+01  0.4393618D+00  0.1861836D+00  0.0000000D+00
 -0.2977330D+01  0.5304360D+00  0.1788932D+00  0.0000000D+00
 -0.4419977D-02 -0.2463943D-02  0.1106983D-02  0.0000000D+00
  0.7593993D-03  0.2646245D-01 -0.1889001D-02  0.0000000D+00
  0.2946015D-01 -0.3111699D-01  0.6947616D-03  0.0000000D+00
 -0.6099666D-01  0.4765302D-01 -0.6097778D-02  0.0000000D+00
 -0.9811421D-02 -0.3587970D-01  0.9619898D-02  0.0000000D+00
  0.2592687D+00 -0.1129317D-01 -0.4120235D-01  0.0000000D+00
 -0.1184632D+00  0.1256875D+00  0.2700514D-01  0.0000000D+00
 -0.2226454D-01 -0.5444528D+00  0.1522609D-01  0.0000000D+00
 -0.3142393D+00 -0.1056831D+00  0.5573520D-01  0.0000000D+00
 -0.1593850D+00 -0.4116911D+00  0.2583654D-01  0.0000000D+00
  0.7410133D+00  0.3903017D+00  0.1439091D+00  0.0000000D+00
  0.3521005D+00  0.6883553D-01  0.2355453D+00  0.0000000D+00
  0.5388812D-01 -0.1871339D+00  0.3064680D+00  0.0000000D+00
 -0.7404824D-01 -0.2966453D+00  0.3368744D+00  0.0000000D+00
  0.5557086D-02  0.9043199D-02  0.4398913D-02  0.0000000D+00
 -0.1837088D-01  0.4514808D-01 -0.1087652D-01  0.0000000D+00
  0.1014552D-01 -0.3994037D-01  0.5495735D-02  0.0000000D+00
  0.1557284D-01  0.3401654D-01 -0.1454199D-01  0.0000000D+00
 -0.5994550D-02 -0.1019097D-01  0.1725238D-01  0.0000000D+00
 -0.4016931D-01 -0.1585637D-01 -0.4971697D-01  0.0000000D+00
  0.2348847D+00 -0.3218781D-01  0.7490136D-01  0.0000000D+00
  0.1389611D+00  0.3106445D+00  0.3978414D-02  0.0000000D+00
  0.3960581D-01 -0.7617393D-01  0.5227406D-01  0.0000000D+00
  0.6849410D+00  0.5639438D-01 -0.5700411D-01  0.0000000D+00
 -0.8796252D+00  0.5793110D-01 -0.3996376D-03  0.0000000D+00
 -0.4622831D+00 -0.6142031D+00 -0.1971249D-01  0.0000000D+00
 -0.1387279D+00 -0.1129996D+01 -0.3563610D-01  0.0000000D+00
 -0.3415127D-04 -0.1351267D+01 -0.4243186D-01  0.0000000D+00
  0.5872574D-02  0.1384872D-01  0.1925696D-02  0.0000000D+00
  0.3409182D-01 -0.1585073D-01  0.6131417D-03  0.0000000D+00
 -0.3295489D-01  0.5493737D-01  0.7176751D-02  0.0000000D+00
  0.4710610D-01 -0.5774132D-01 -0.4262352D-02  0.0000000D+00
 -0.4944794D-01  0.6522247D-01  0.5739775D-02  0.0000000D+00
 -0.1050152D+00 -0.7604593D-01 -0.3181874D-01  0.0000000D+00
  0.1579501D+00 -0.4361426D-01  0.7514502D-01  0.0000000D+00
 -0.2112468D+00  0.2047090D+00  0.3726548D-01  0.0000000D+00
  0.1291142D+00 -0.1122162D+00  0.4328505D-01  0.0000000D+00
 -0.3588650D+00 -0.5553182D+00  0.1563924D-02  0.0000000D+00
  0.1040565D+01  0.2341794D+00  0.7918664D-01  0.0000000D+00
  0.2394821D+00  0.1113037D+01  0.1330271D+00  0.0000000D+00
 -0.3794517D+00  0.1802130D+01  0.1745522D+00  0.0000000D+00
 -0.6448328D+00  0.2097282D+01  0.1923598D+00  0.0000000D+00
  0.5910560D-02 -0.1489591D-01 -0.6720283D-03  0.0000000D+00
  0.3851455D-01 -0.1134459D-01 -0.3144687D-03  0.0000000D+00
 -0.4456371D-01  0.2067643D-01  0.7907641D-02  0.0000000D+00
  0.4422072D-01 -0.2434788D-01 -0.6693297D-02  0.0000000D+00
 -0.1156126D+00  0.2793006D-01  0.3157313D-02  0.0000000D+00
  0.2310800D+00 -0.6918224D-01 -0.2108298D-02  0.0000000D+00
 -0.3307420D+00 -0.5939754D-02  0.9805130D-02  0.0000000D+00
  0.3621187D-01 -0.2054723D+00 -0.4201985D-01  0.0000000D+00
  0.1449331D-01 -0.4419221D+00 -0.2431155D-01  0.0000000D+00
  0.5182940D+00  0.5595901D+00 -0.1381067D-01  0.0000000D+00
 -0.1934441D+01 -0.4502871D+00  0.3734547D-01  0.0000000D+00
 -0.6333781D+00 -0.7817812D+00 -0.1031703D+00  0.0000000D+00
  0.3776329D+00 -0.1042193D+01 -0.2137475D+00  0.0000000D+00
  0.8109424D+00 -0.1153720D+01 -0.2610968D+00  0.0000000D+00
 -0.6771083D-02 -0.1047366D-01  0.1939383D-03  0.0000000D+00
 -0.2085120D-01  0.2127864D-01  0.4071003D-03  0.0000000D+00
 -0.6028446D-02 -0.2103004D-01  0.7824171D-03  0.0000000D+00
  0.5427221D-01  0.2539787D-01 -0.1825495D-03  0.0000000D+00
  0.1237841D-01 -0.2456923D-01 -0.5854095D-02  0.0000000D+00
 -0.2159917D-01  0.6772822D-01  0.2940550D-01  0.0000000D+00
 -0.7854240D-01 -0.1236172D+00 -0.3122582D-01  0.0000000D+00
  0.1182791D+00  0.2887928D+00 -0.1935959D-01  0.0000000D+00
 -0.5153157D+00  0.9122160D-01 -0.6563847D-01  0.0000000D+00
  0.3147591D+00 -0.1643677D+00 -0.5281589D-01  0.0000000D+00
 -0.6271666D+00 -0.1830578D+00 -0.1220281D-01  0.0000000D+00
 -0.3013836D+00 -0.7277953D+00  0.5559468D-01  0.0000000D+00
 -0.4395781D-01 -0.1143487D+01  0.1082622D+00  0.0000000D+00
  0.6623734D-01 -0.1321890D+01  0.1308359D+00  0.0000000D+00
 -0.1039445D+01 -0.3630634D-01 -0.3022581D+00  0.0000000D+00
  0.2587876D+01 -0.9970949D+00 -0.1260958D+00  0.0000000D+00
  0.6755449D+00  0.1658602D+01 -0.2070091D+00  0.0000000D+00
 -0.4385885D+00 -0.1225502D+01  0.4707663D+00  0.0000000D+00
  0.2482588D+00 -0.2686323D+01 -0.4593872D+00  0.0000000D+00
 -0.2785283D+00  0.1047520D+01  0.1421815D+00  0.0000000D+00
  0.3694459D+00 -0.6477370D+00 -0.1001605D+00  0.0000000D+00
 -0.1275136D+00  0.4446482D+00 -0.8958601D-02  0.0000000D+00
 -0.8948479D-01 -0.4695406D+00 -0.4367150D-01  0.0000000D+00
  0.1532842D+00  0.4611886D+00 -0.9475948D-01  0.0000000D+00
 -0.4446293D+00 -0.5359200D+00 -0.1749542D-01  0.0000000D+00
 -0.1082467D+01  0.7357578D+00  0.2964512D-01  0.0000000D+00
 -0.1576982D+01  0.1716468D+01  0.6526687D-01  0.0000000D+00
 -0.1788968D+01  0.2137030D+01  0.8056629D-01  0.0000000D+00
 -0.1238144D+01  0.2162644D+00 -0.2227901D+00  0.0000000D+00
  0.1612291D+01 -0.1815539D+01 -0.1719351D+00  0.0000000D+00
  0.6072379D+00  0.2734760D+01  0.1491335D+00  0.0000000D+00
  0.1170545D+01  0.1886305D+00  0.6711458D+00  0.0000000D+00
  0.7531722D+00 -0.1620834D+01 -0.2671191D+00  0.0000000D+00
 -0.6735422D+00  0.9370674D+00 -0.1398701D-02  0.0000000D+00
  0.3920295D+00 -0.1057228D+00 -0.1022747D+00  0.0000000D+00
 -0.1314779D+00  0.7796784D+00 -0.2881209D-01  0.0000000D+00
 -0.5007614D-01 -0.1622841D+00 -0.1938773D-01  0.0000000D+00
 -0.1125325D-01  0.1923183D+00 -0.8460113D-01  0.0000000D+00
 -0.1376468D+01 -0.8612209D+00  0.4885003D-01  0.0000000D+00
 -0.1336600D+01  0.1057409D+00  0.1357451D+00  0.0000000D+00
 -0.1294474D+01  0.8586159D+00  0.2020628D+00  0.0000000D+00
 -0.1276774D+01  0.1181247D+01  0.2305246D+00  0.0000000D+00
 -0.5142150D+00  0.1014984D+01 -0.1084634D+00  0.0000000D+00
  0.1041418D+01 -0.1273009D+01 -0.3871136D-01  0.0000000D+00
  0.3178036D+00  0.2551548D+01  0.5149736D-01  0.0000000D+00
  0.3581224D+00 -0.1002026D+01  0.2356951D+00  0.0000000D+00
 -0.6060886D+00 -0.1027267D+01 -0.3420882D-01  0.0000000D+00
 -0.1876714D+00  0.8653515D+00  0.2026830D+00  0.0000000D+00
  0.1084830D-01  0.2778303D-01  0.4324350D-01  0.0000000D+00
  0.1629820D+00 -0.4708855D-01  0.6241207D-01  0.0000000D+00
 -0.2308165D+00 -0.2459629D-01  0.1455084D+00  0.0000000D+00
  0.1926938D+00 -0.5307860D-01  0.4906717D-01  0.0000000D+00
  0.2978678D+00  0.7945317D+00  0.1228796D+00  0.0000000D+00
 -0.3374567D+00  0.1099889D+01  0.8586958D-01  0.0000000D+00
 -0.8352805D+00  0.1326999D+01  0.5672572D-01  0.0000000D+00
 -0.1048516D+01  0.1424660D+01  0.4424717D-01  0.0000000D+00
  0.2785974D-02  0.1905287D-02  0.1327868D-02  0.0000000D+00
  0.3613160D-01  0.3836315D-01 -0.7800657D-02  0.0000000D+00
 -0.4465217D-01 -0.5278125D-01 -0.5819003D-02  0.0000000D+00
  0.1100672D-01  0.2380060D-01  0.1031779D-01  0.0000000D+00
 -0.3517108D-01 -0.6233321D-02 -0.1273482D-01  0.0000000D+00
  0.3519224D-01  0.3044249D-01 -0.7759984D-02  0.0000000D+00
  0.6047358D-01 -0.2662292D+00  0.2282451D-02  0.0000000D+00
 -0.9727172D-01 -0.3800886D-01  0.4959197D-02  0.0000000D+00
  0.3021541D+00  0.1466752D+00 -0.1187594D+00  0.0000000D+00
 -0.3147041D+00  0.1136798D+00  0.1489953D-01  0.0000000D+00
  0.6766564D+00 -0.7980138D+00 -0.1371905D+00  0.0000000D+00
  0.7046732D+00 -0.1839586D+00  0.5222876D-01  0.0000000D+00
  0.7378567D+00  0.3014204D+00  0.1990808D+00  0.0000000D+00
  0.7517233D+00  0.5091914D+00  0.2620314D+00  0.0000000D+00
  0.2422734D-03 -0.3553656D-02  0.3641256D-02  0.0000000D+00
 -0.9412059D-01 -0.1463674D-01 -0.2601997D-02  0.0000000D+00
  0.1015083D+00 -0.1043917D-02 -0.7779599D-03  0.0000000D+00
 -0.1502263D+00  0.1890760D-01  0.4066598D-03  0.0000000D+00
  0.1529053D+00 -0.5703310D-01 -0.9854101D-02  0.0000000D+00
 -0.2105761D+00 -0.3205864D-02  0.5186003D-01  0.0000000D+00
 -0.8142983D-01  0.5998602D-01 -0.5492272D-02  0.0000000D+00
 -0.1284964D-01  0.8910356D-01 -0.9016655D-03  0.0000000D+00
 -0.3639708D-01 -0.1148150D-01 -0.3251735D-01  0.0000000D+00
 -0.5000529D+00 -0.2572840D+00 -0.1770737D-01  0.0000000D+00
  0.3545198D+00  0.3405660D+00 -0.1598514D+00  0.0000000D+00
  0.1040230D+01  0.2724097D+00 -0.1572339D+00  0.0000000D+00
  0.1572699D+01  0.2240665D+00 -0.1563398D+00  0.0000000D+00
  0.1800928D+01  0.2032029D+00 -0.1559212D+00  0.0000000D+00
 -0.5017208D-02  0.6961162D-02 -0.1438840D-02  0.0000000D+00
 -0.4369179D-01  0.1455497D-01 -0.3209263D-03  0.0000000D+00
  0.5050169D-01  0.1345136D-01  0.3111604D-02  0.0000000D+00
 -0.3269059D-01  0.1598810D-01 -0.1944649D-03  0.0000000D+00
  0.7625587D-01 -0.7554174D-01  0.5612623D-02  0.0000000D+00
 -0.2795153D-01  0.7966592D-01 -0.1872933D-01  0.0000000D+00
  0.1551955D+00 -0.1330965D+00  0.4271552D-01  0.0000000D+00
 -0.1797458D+00 -0.3045365D-01 -0.1702305D-01  0.0000000D+00
  0.5278778D+00  0.3042827D+00 -0.3244541D-01  0.0000000D+00
 -0.6115613D+00 -0.6180710D-01 -0.5802164D-02  0.0000000D+00
  0.1308344D+01  0.1609788D+00  0.7376504D-01  0.0000000D+00
  0.2696495D+00  0.2775531D+00  0.7829225D-01  0.0000000D+00
 -0.5384660D+00  0.3638790D+00  0.8132657D-01  0.0000000D+00
 -0.8847849D+00  0.4010126D+00  0.8264256D-01  0.0000000D+00
 -0.3537851D-02  0.1857519D-01  0.2190946D-02  0.0000000D+00
  0.6460900D-01  0.1263491D-01 -0.9835944D-02  0.0000000D+00
 -0.6715359D-01  0.3279596D-01  0.6261603D-02  0.0000000D+00
  0.9121156D-01  0.3585843D-01 -0.5570488D-02  0.0000000D+00
 -0.3085656D-01 -0.1017523D-01  0.1256051D-02  0.0000000D+00
  0.5582637D-01  0.7978963D-01 -0.5247009D-01  0.0000000D+00
  0.2648152D+00 -0.2552461D+00  0.4316827D-01  0.0000000D+00
 -0.6086545D-02  0.2782599D+00 -0.1147242D+00  0.0000000D+00
  0.8771131D+00  0.1584099D+00 -0.1093240D-01  0.0000000D+00
 -0.6841176D+00  0.1492871D+00 -0.6881622D-01  0.0000000D+00
  0.6718626D+00 -0.2341236D+00 -0.6872180D-01  0.0000000D+00
  0.5935636D+00 -0.2411243D+00 -0.7673214D-01  0.0000000D+00
  0.5393646D+00 -0.2394280D+00 -0.8466764D-01  0.0000000D+00
  0.5159303D+00 -0.2389266D+00 -0.8801498D-01  0.0000000D+00
 -0.5337730D-03 -0.1584572D-01  0.7728041D-03  0.0000000D+00
  0.4705657D-01 -0.2696945D-01  0.3065573D-02  0.0000000D+00
 -0.2777032D-01  0.4115925D-01  0.6871509D-03  0.0000000D+00
  0.7851243D-02 -0.5976822D-01 -0.7307525D-02  0.0000000D+00
 -0.2508137D-01  0.8738755D-01 -0.9622034D-02  0.0000000D+00
 -0.1166482D+00 -0.6777323D-01  0.7214695D-02  0.0000000D+00
 -0.2934348D-01  0.1570095D+00  0.2205306D-01  0.0000000D+00
  0.1978833D+00 -0.2475207D+00  0.3534548D-01  0.0000000D+00
 -0.4101130D+00 -0.2587350D+00  0.7916237D-02  0.0000000D+00
  0.1387534D+00  0.2112338D-01  0.8586556D-02  0.0000000D+00
  0.1042850D+00  0.2076056D+00  0.8281966D-01  0.0000000D+00
 -0.7649160D+00  0.6355313D+00  0.4703223D-01  0.0000000D+00
 -0.1449286D+01  0.9661286D+00  0.1840477D-01  0.0000000D+00
 -0.1742324D+01  0.1107883D+01  0.6161107D-02  0.0000000D+00
  0.1230981D-02 -0.4302049D-02  0.1788716D-03  0.0000000D+00
  0.8921172D-02  0.1188593D-01  0.3175082D-02  0.0000000D+00
  0.6589449D-02 -0.3779535D-01 -0.4460295D-04  0.0000000D+00
 -0.1880412D-01 -0.1112451D-01  0.4506034D-02  0.0000000D+00
  0.4679905D-01 -0.2556133D-01 -0.1247981D-01  0.0000000D+00
 -0.1301479D+00  0.2206521D-01  0.1907241D-01  0.0000000D+00
  0.7171426D-01 -0.9914424D-01  0.4050225D-01  0.0000000D+00
  0.7122998D-01  0.2740404D-01  0.7161308D-01  0.0000000D+00
  0.5103437D+00  0.8240753D-01  0.8958664D-02  0.0000000D+00
 -0.8452408D-01  0.2337902D+00  0.2091157D-02  0.0000000D+00
  0.6472237D+00 -0.8571399D-01  0.2882178D-01  0.0000000D+00
  0.4220593D+00  0.1377074D+00 -0.1762113D-01  0.0000000D+00
  0.2526369D+00  0.3141283D+00 -0.5459578D-01  0.0000000D+00
  0.1798506D+00  0.3896529D+00 -0.7041510D-01  0.0000000D+00
