  2  2   882 12096  4  4  9 14  7  1    0.00   24.00  100.00 1000.00    0.00    6.28   45.00   45.00
  100.0  100.0  100.0  100.0  125.0  150.0  190.0  230.0  275.0  350.0  450.0  550.0  650.0  850.0 1000.0 1000.0 1000.0 1000.0
  0.1773764D+03 -0.1857043D+02 -0.2053112D+01  0.0000000D+00
  0.2118873D+03 -0.1471605D+02  0.7292992D+00  0.0000000D+00
  0.4983721D+03  0.6534129D+02  0.6710021D+01  0.0000000D+00
  0.5016811D+03 -0.7186178D+02  0.5682677D+01  0.0000000D+00
  0.6853528D+03  0.1061816D+03 -0.5762333D+01  0.0000000D+00
  0.9736916D+03  0.2611141D+03  0.6424263D+01  0.0000000D+00
  0.9483868D+03  0.2772711D+03  0.2167356D+02  0.0000000D+00
  0.1079023D+04  0.2801573D+03  0.2231287D+02  0.0000000D+00
  0.1107769D+04  0.2525033D+03  0.2348685D+02  0.0000000D+00
  0.1322889D+04  0.1082818D+03  0.1765013D+02  0.0000000D+00
  0.1581575D+04  0.1280437D+03  0.5758149D+01  0.0000000D+00
  0.1720158D+04  0.1314636D+03  0.1477482D+02  0.0000000D+00
  0.1828424D+04  0.1334108D+03  0.2184939D+02  0.0000000D+00
  0.1874809D+04  0.1342678D+03  0.2487936D+02  0.0000000D+00
 -0.8835990D+01 -0.1156749D+02 -0.3294617D+01  0.0000000D+00
  0.1077269D+01  0.5051690D+01  0.3278404D+01  0.0000000D+00
  0.4709626D+02  0.1780861D+02 -0.5609656D+01  0.0000000D+00
 -0.2601448D+03 -0.9652797D+02  0.1013846D+02  0.0000000D+00
 -0.2464712D+03 -0.1079648D+03  0.8454489D+01  0.0000000D+00
 -0.2091241D+02 -0.5477726D+01 -0.7769289D+01  0.0000000D+00
 -0.1264360D+03 -0.6427785D+02  0.6167401D+01  0.0000000D+00
 -0.6554705D+02 -0.5664692D+02  0.7014671D+01  0.0000000D+00
 -0.1314052D+03 -0.3381533D+01  0.1047504D+02  0.0000000D+00
 -0.1512378D+03  0.7467144D+02  0.1295701D+02  0.0000000D+00
 -0.3134614D+03  0.2157542D+03  0.5955624D+01  0.0000000D+00
 -0.3631326D+03  0.3061198D+02  0.2414443D+02  0.0000000D+00
 -0.4014045D+03 -0.1138416D+03  0.3833510D+02  0.0000000D+00
 -0.4178184D+03 -0.1757352D+03  0.4441537D+02  0.0000000D+00
 -0.3884898D+01  0.1669057D+01 -0.7677257D+00  0.0000000D+00
  0.2334191D+02  0.1747944D+02  0.6737188D+00  0.0000000D+00
 -0.8590547D+01  0.6921150D+01 -0.1762056D+01  0.0000000D+00
 -0.6977455D+01  0.9719423D+01  0.5171307D+01  0.0000000D+00
 -0.5019470D+02 -0.2291666D+02 -0.6376703D+01  0.0000000D+00
 -0.5999835D+02 -0.3002133D+02  0.3166809D+01  0.0000000D+00
 -0.5051337D+02 -0.2743574D+02  0.4873822D+01  0.0000000D+00
 -0.3396866D+02 -0.5387334D+02  0.9171941D+01  0.0000000D+00
 -0.6405782D+02 -0.2435308D+02  0.8684869D+01  0.0000000D+00
 -0.6449715D+02  0.1474512D+02  0.7531489D+01  0.0000000D+00
 -0.1660561D+03  0.8610947D+02  0.2710865D+01  0.0000000D+00
 -0.1924651D+03  0.1181593D+02  0.1617815D+02  0.0000000D+00
 -0.2128171D+03 -0.4580499D+02  0.2669179D+02  0.0000000D+00
 -0.2215456D+03 -0.7050441D+02  0.3119636D+02  0.0000000D+00
 -0.4936178D-01  0.8106363D-01  0.1301987D-01  0.0000000D+00
  0.2476412D+01 -0.1731744D-01 -0.3463871D-01  0.0000000D+00
 -0.7167251D+01 -0.2191719D+00  0.2857613D-01  0.0000000D+00
  0.8462575D+01  0.2821789D+00 -0.1465091D-01  0.0000000D+00
 -0.8697419D+01  0.2987259D-01  0.4371982D-01  0.0000000D+00
 -0.7534507D+01 -0.3528989D+01 -0.3221087D+00  0.0000000D+00
 -0.3638885D+01 -0.5582661D+00 -0.1698744D+01  0.0000000D+00
 -0.1931235D+02  0.1351425D+02 -0.6688500D+00  0.0000000D+00
 -0.2071853D+02  0.1878784D+02 -0.1103639D+01  0.0000000D+00
 -0.4769141D+02  0.1304408D+02  0.3308058D+01  0.0000000D+00
 -0.4078732D+02  0.1043653D+02  0.1709601D+01  0.0000000D+00
 -0.5941008D+02 -0.1429546D+01  0.1001802D+02  0.0000000D+00
 -0.7386322D+02 -0.1068873D+02  0.1649521D+02  0.0000000D+00
 -0.8005833D+02 -0.1465598D+02  0.1927066D+02  0.0000000D+00
  0.1912913D+00  0.1014201D+00  0.4776019D-02  0.0000000D+00
 -0.2976162D+01  0.5141651D-01 -0.4097147D-01  0.0000000D+00
  0.3592018D+01  0.6735297D-01  0.8467461D-01  0.0000000D+00
  0.1245496D+02  0.3629784D-01 -0.1072157D+00  0.0000000D+00
 -0.1467375D+02  0.6074387D-01  0.2082811D+00  0.0000000D+00
  0.3621454D+01  0.4511883D+01 -0.7100045D+00  0.0000000D+00
  0.6398629D+01  0.1907337D+02  0.8164342D+00  0.0000000D+00
  0.2087472D+02 -0.3747250D+00  0.3492196D+01  0.0000000D+00
 -0.6479727D+01  0.2110647D+02  0.3780748D+01  0.0000000D+00
  0.2365829D+02 -0.1017882D+01  0.3602518D+01  0.0000000D+00
 -0.5239288D+02 -0.1261328D+02  0.4554692D+01  0.0000000D+00
 -0.7024985D+01  0.4961680D+00  0.1391371D+02  0.0000000D+00
  0.2844799D+02  0.1051168D+02  0.2121617D+02  0.0000000D+00
  0.4364448D+02  0.1480967D+02  0.2434505D+02  0.0000000D+00
 -0.1599409D+01  0.7338119D-01 -0.6626373D-03  0.0000000D+00
  0.1548002D+00  0.8344948D-01  0.4885466D-01  0.0000000D+00
  0.7798102D+01  0.5059661D-01 -0.8303953D-01  0.0000000D+00
 -0.9553832D+01  0.1270776D+00  0.1323785D+00  0.0000000D+00
  0.9151853D+01 -0.9453560D+00 -0.2849864D+00  0.0000000D+00
 -0.9481341D+01  0.2945193D+01  0.9256950D+00  0.0000000D+00
  0.5304503D+01  0.5242909D+00  0.2097760D+00  0.0000000D+00
 -0.3953596D-01  0.1418482D+02 -0.6537577D+00  0.0000000D+00
  0.1926356D+02 -0.1019254D+02 -0.6619112D+00  0.0000000D+00
  0.6815764D+01  0.1395066D+02  0.2664327D+00  0.0000000D+00
  0.5453101D+02 -0.4593262D+02 -0.2005548D+01  0.0000000D+00
  0.6525057D+01 -0.1792821D+02  0.3843812D+00  0.0000000D+00
 -0.3077886D+02  0.3845369D+01  0.2225055D+01  0.0000000D+00
 -0.4676706D+02  0.1317689D+02  0.3014474D+01  0.0000000D+00
 -0.1203544D+01 -0.3108051D-01 -0.2875680D-02  0.0000000D+00
  0.9826845D+01 -0.1047589D+00  0.4307263D-01  0.0000000D+00
 -0.1331084D+02  0.2160176D+00 -0.8507547D-01  0.0000000D+00
 -0.2790358D+01 -0.6139294D+00  0.1179856D+00  0.0000000D+00
 -0.5211695D+01  0.3153802D+00 -0.2620728D+00  0.0000000D+00
  0.3810118D+01 -0.1317492D+01  0.8914346D+00  0.0000000D+00
  0.6382514D+01  0.2743580D+01 -0.6374808D+00  0.0000000D+00
  0.5582433D+01  0.3414709D+01  0.1771816D-01  0.0000000D+00
  0.1783158D+02  0.2645308D+01  0.4868747D+00  0.0000000D+00
  0.1029081D+02 -0.1444325D+01  0.1752161D+01  0.0000000D+00
  0.3131500D+02 -0.9691318D+01  0.1850651D+01  0.0000000D+00
  0.1667665D+02  0.3238225D+01  0.4715988D+01  0.0000000D+00
  0.5181009D+01  0.1333020D+02  0.6963406D+01  0.0000000D+00
  0.2578741D+00  0.1765415D+02  0.7925987D+01  0.0000000D+00
  0.1801835D+01 -0.2310033D-01  0.5006940D-02  0.0000000D+00
 -0.8580025D+00 -0.2735806D+00 -0.3269707D-01  0.0000000D+00
 -0.6394998D+01  0.3904728D+00  0.6155730D-01  0.0000000D+00
  0.7041580D+01 -0.8843216D+00 -0.7183544D-01  0.0000000D+00
 -0.5115587D+01  0.1215729D+01  0.1433138D+00  0.0000000D+00
  0.3786648D+01 -0.6417743D+00 -0.5365610D+00  0.0000000D+00
 -0.3501913D+01 -0.4911077D+00 -0.4156991D-01  0.0000000D+00
  0.6171753D+01 -0.1614868D+01 -0.5277944D+00  0.0000000D+00
 -0.1075583D+01 -0.1749579D+01  0.3510588D+00  0.0000000D+00
  0.1769533D+02 -0.3069489D+00  0.4145619D+00  0.0000000D+00
  0.1764907D+01 -0.6022315D+01 -0.5158506D+00  0.0000000D+00
 -0.4856528D+01 -0.1876646D+01  0.2202296D+00  0.0000000D+00
 -0.9730424D+01  0.1250888D+01  0.7838933D+00  0.0000000D+00
 -0.1182794D+02  0.2594278D+01  0.1025737D+01  0.0000000D+00
  0.4300229D+00 -0.1468161D+00  0.5489541D-02  0.0000000D+00
 -0.5003599D+01  0.1008464D+00  0.6011728D-02  0.0000000D+00
  0.4850731D+01 -0.1793591D+00 -0.1139695D-01  0.0000000D+00
  0.3147078D+01  0.3105791D+00  0.7939868D-02  0.0000000D+00
  0.1212529D+00 -0.3519126D+00  0.1287464D+00  0.0000000D+00
  0.4005353D+00 -0.1403372D+01 -0.3765289D+00  0.0000000D+00
 -0.2847162D+01  0.9856789D+00 -0.3296072D-01  0.0000000D+00
  0.3267519D-01  0.7841038D+00 -0.4257809D+00  0.0000000D+00
 -0.9191291D+00  0.1581893D+01 -0.2477308D+00  0.0000000D+00
  0.4299798D+01 -0.9026427D+00 -0.1694261D-01  0.0000000D+00
  0.1228298D+02 -0.1190307D+02 -0.1148921D+01  0.0000000D+00
  0.6245127D+01 -0.9267351D+01 -0.2577380D+01  0.0000000D+00
  0.1565252D+01 -0.7241628D+01 -0.3703239D+01  0.0000000D+00
 -0.4408828D+00 -0.6372736D+01 -0.4185284D+01  0.0000000D+00
  0.1872017D+02  0.1712042D+02 -0.4176652D+01  0.0000000D+00
 -0.3047625D+02 -0.2546652D+02 -0.1191497D-01  0.0000000D+00
 -0.6678995D+01  0.6663527D+01  0.1384124D+01  0.0000000D+00
 -0.8884504D+02 -0.5636166D+02  0.3552655D+01  0.0000000D+00
  0.3596856D+02  0.2342880D+02 -0.1707709D+01  0.0000000D+00
 -0.5366651D+02 -0.5455588D+02  0.1358741D+02  0.0000000D+00
 -0.5750091D+02 -0.2636263D+02  0.2412301D+01  0.0000000D+00
 -0.6115884D+02 -0.4139386D+02  0.5747667D+01  0.0000000D+00
 -0.6546213D+02  0.1177912D+02  0.2652498D+01  0.0000000D+00
 -0.5686357D+02  0.1050236D+02  0.7237986D+00  0.0000000D+00
 -0.6797379D+02  0.2306447D+02  0.6864431D-01  0.0000000D+00
 -0.7110194D+02 -0.1586017D+01  0.1386194D+02  0.0000000D+00
 -0.7341248D+02 -0.2082354D+02  0.2460074D+02  0.0000000D+00
 -0.7440661D+02 -0.2906604D+02  0.2920271D+02  0.0000000D+00
  0.2278199D+02  0.1300718D+02 -0.5165582D+01  0.0000000D+00
 -0.1420007D+02  0.1902714D+01  0.2665404D+01  0.0000000D+00
 -0.1702401D+02 -0.3021562D+02 -0.3811727D+01  0.0000000D+00
 -0.1502764D+02 -0.9107029D+01  0.1960773D+01  0.0000000D+00
  0.3292995D+02  0.5192600D+02 -0.4810425D+01  0.0000000D+00
 -0.4225006D+01 -0.2889895D+02 -0.3938635D+00  0.0000000D+00
  0.1122735D+02 -0.4231260D+01 -0.2930171D+01  0.0000000D+00
 -0.9540724D+01 -0.1473325D+02 -0.1056789D+01  0.0000000D+00
  0.2627110D+02 -0.4096525D+02 -0.2665944D+00  0.0000000D+00
  0.2743735D+02 -0.4263625D+02 -0.2825841D+01  0.0000000D+00
  0.3964852D+02 -0.2181411D+02 -0.2687623D+01  0.0000000D+00
  0.7158798D+02 -0.5628161D+02 -0.3932281D+00  0.0000000D+00
  0.9618085D+02 -0.8256923D+02  0.1396366D+01  0.0000000D+00
  0.1067284D+03 -0.9385159D+02  0.2163176D+01  0.0000000D+00
  0.2048646D+01  0.4547212D+01  0.3321238D+01  0.0000000D+00
 -0.2091134D+02 -0.3760516D+02 -0.1488645D+01  0.0000000D+00
  0.1934254D+02  0.3200715D+02  0.2501354D+01  0.0000000D+00
  0.4374519D+01 -0.1634933D+02  0.2082970D+01  0.0000000D+00
  0.1196992D+02 -0.1504981D+02  0.1821339D+01  0.0000000D+00
 -0.1755024D+02 -0.2918861D+00  0.1036500D+01  0.0000000D+00
 -0.1327619D+02 -0.6846809D+01  0.1857493D+01  0.0000000D+00
 -0.1641126D+02 -0.1212313D+01  0.6529403D+00  0.0000000D+00
 -0.2078890D+02 -0.8094200D+01  0.3046628D+00  0.0000000D+00
 -0.1217155D+02 -0.1361786D+02  0.1633781D+01  0.0000000D+00
 -0.5617478D+02 -0.1468067D+02  0.3399728D+01  0.0000000D+00
 -0.2472417D+02 -0.4729212D+01  0.1506635D+02  0.0000000D+00
 -0.3782452D+00  0.3117677D+01  0.2413900D+02  0.0000000D+00
  0.1005914D+02  0.6477262D+01  0.2802729D+02  0.0000000D+00
  0.8432811D+00 -0.9872506D-01  0.2110729D-01  0.0000000D+00
 -0.1569851D+00 -0.3293082D-02 -0.1888623D-01  0.0000000D+00
 -0.4094468D+01 -0.5331720D-01  0.2722258D-01  0.0000000D+00
  0.5107328D+01  0.7043773D-01  0.2297958D-01  0.0000000D+00
  0.6821698D+01 -0.6323419D+00 -0.1024774D-01  0.0000000D+00
  0.8689972D+01  0.8679482D+01 -0.3661100D+00  0.0000000D+00
  0.2211013D+02  0.2292724D+01 -0.4889074D+00  0.0000000D+00
  0.1584586D+02  0.1938109D+01 -0.1787536D+01  0.0000000D+00
  0.4019498D+02 -0.4080769D+01 -0.3127516D+01  0.0000000D+00
  0.4241700D+02 -0.1997692D+02 -0.1867032D+01  0.0000000D+00
  0.8949653D+02 -0.1061212D+02 -0.5952799D+01  0.0000000D+00
  0.6950178D+02 -0.4773179D+01 -0.4459974D+01  0.0000000D+00
  0.5414666D+02 -0.5261464D+00 -0.3294020D+01  0.0000000D+00
  0.4755992D+02  0.1303259D+01 -0.2794492D+01  0.0000000D+00
 -0.1490884D+01 -0.8238987D-02 -0.2395668D-01  0.0000000D+00
  0.5288938D+00 -0.2620408D+00  0.4711119D-01  0.0000000D+00
  0.2876715D+01  0.4633262D+00 -0.5482639D-01  0.0000000D+00
 -0.6958262D+01 -0.9428169D+00  0.6883304D-01  0.0000000D+00
  0.1254463D+02  0.1601592D+01 -0.7208448D-01  0.0000000D+00
  0.4972485D+01  0.1813549D+01  0.4150264D+00  0.0000000D+00
  0.8218323D+01 -0.4592879D+01 -0.5972737D+00  0.0000000D+00
  0.1606059D+01  0.9846633D+01 -0.6669146D+00  0.0000000D+00
  0.9715717D+01 -0.1333962D+02  0.1319963D+01  0.0000000D+00
 -0.3326041D+01  0.1730210D+02 -0.4203522D+01  0.0000000D+00
  0.1060209D+02 -0.2359703D+02 -0.1628134D+00  0.0000000D+00
  0.4939425D+02 -0.9739756D+01  0.2863654D+01  0.0000000D+00
  0.7943832D+02  0.1351357D+01  0.5207249D+01  0.0000000D+00
  0.9231831D+02  0.6094668D+01  0.6211978D+01  0.0000000D+00
 -0.6495352D+00 -0.5941037D-01  0.9024701D-02  0.0000000D+00
  0.8306407D+00  0.1460368D+00  0.1480951D-03  0.0000000D+00
  0.4066460D+01 -0.1347329D+00 -0.3306467D-02  0.0000000D+00
 -0.8353418D+01 -0.1243595D+00  0.4171508D-02  0.0000000D+00
 -0.3743109D+01  0.1019065D+01 -0.1011036D+00  0.0000000D+00
  0.6826370D+00 -0.3865106D+01  0.3697435D+00  0.0000000D+00
 -0.4824140D+01  0.2660214D+01  0.5131986D-01  0.0000000D+00
 -0.1812132D+01 -0.4275866D+01 -0.1565152D+01  0.0000000D+00
 -0.3415805D+01  0.5376970D+01 -0.7696730D+00  0.0000000D+00
  0.1307441D+02 -0.4888187D+01  0.1706801D+00  0.0000000D+00
  0.9475571D+01  0.3391378D+01 -0.7032153D+00  0.0000000D+00
  0.1355488D+02 -0.1129271D+01  0.8012123D+00  0.0000000D+00
  0.1690436D+02 -0.4889248D+01  0.1986243D+01  0.0000000D+00
  0.1833428D+02 -0.6492961D+01  0.2493638D+01  0.0000000D+00
  0.1907508D+01 -0.4300767D-01  0.3654693D-02  0.0000000D+00
 -0.2821933D+01  0.3885855D+00  0.1248699D-01  0.0000000D+00
 -0.4525176D+00 -0.7866989D+00 -0.4535624D-01  0.0000000D+00
  0.4845684D+01  0.1547506D+01  0.6331241D-01  0.0000000D+00
 -0.5375946D+01 -0.2108001D+01 -0.1521129D+00  0.0000000D+00
 -0.1125832D+02  0.8396606D+00  0.1443643D+00  0.0000000D+00
  0.1175114D+01 -0.4566253D+01 -0.3719978D+00  0.0000000D+00
 -0.4583815D+01  0.5156277D+01  0.1156885D+01  0.0000000D+00
  0.1025786D+02 -0.1105941D+02  0.6993772D+00  0.0000000D+00
 -0.8255778D+01  0.9764367D+01  0.1171674D+01  0.0000000D+00
  0.3321926D+02 -0.1272887D+01 -0.1652050D+01  0.0000000D+00
  0.4152083D+01 -0.4366182D+01  0.3123625D+00  0.0000000D+00
 -0.1839930D+02 -0.6846525D+01  0.1841090D+01  0.0000000D+00
 -0.2806574D+02 -0.7907231D+01  0.2496220D+01  0.0000000D+00
 -0.1033109D+00 -0.7923551D-04 -0.4896617D-02  0.0000000D+00
 -0.2814731D+01  0.2454874D+00 -0.2960871D-02  0.0000000D+00
  0.3034623D+00 -0.5378867D+00  0.1058545D-01  0.0000000D+00
  0.4542040D+01  0.9502158D+00 -0.2962984D-01  0.0000000D+00
  0.4344313D+01 -0.1936583D+01  0.1085216D+00  0.0000000D+00
 -0.2409667D+01  0.2344973D+00 -0.2489351D+00  0.0000000D+00
 -0.2112958D+01 -0.5564632D+00  0.6196764D+00  0.0000000D+00
 -0.1305013D+02 -0.1821755D+01 -0.9240843D+00  0.0000000D+00
 -0.7702336D+01  0.9299660D+00  0.5303728D+00  0.0000000D+00
 -0.1517466D+02 -0.1498154D+01 -0.9098892D+00  0.0000000D+00
 -0.2088679D+02  0.1367312D+01  0.1323833D+00  0.0000000D+00
 -0.1317296D+02 -0.4107421D+01  0.1497144D+01  0.0000000D+00
 -0.7340745D+01 -0.8262632D+01  0.2570958D+01  0.0000000D+00
 -0.4835998D+01 -0.1004664D+02  0.3030778D+01  0.0000000D+00
 -0.4747137D-01  0.1552576D+00  0.7559850D-02  0.0000000D+00
  0.9895565D+00 -0.2939448D+00  0.6457978D-02  0.0000000D+00
  0.2841661D+01  0.4633458D+00 -0.2131948D-02  0.0000000D+00
 -0.3515902D+01 -0.9297782D+00  0.1905639D-01  0.0000000D+00
  0.3355189D+01  0.1519952D+01 -0.9250917D-01  0.0000000D+00
 -0.8539825D+01  0.1238747D+01  0.1039919D+00  0.0000000D+00
 -0.3974166D+01  0.8757461D+00 -0.4799048D+00  0.0000000D+00
 -0.3267330D+01 -0.2088582D+01 -0.4021088D+00  0.0000000D+00
 -0.7421684D+01 -0.2533059D+01  0.1266104D+00  0.0000000D+00
 -0.3435990D+01  0.3862035D+01  0.3578830D+00  0.0000000D+00
 -0.9407869D+01  0.3593464D+01  0.7552335D+00  0.0000000D+00
 -0.5083625D+01  0.4504424D+01 -0.8740032D+00  0.0000000D+00
 -0.1454847D+01  0.5016633D+01 -0.2136637D+01  0.0000000D+00
  0.9197794D-01  0.5242310D+01 -0.2677902D+01  0.0000000D+00
  0.7655424D+01 -0.9197625D+01  0.4148945D+01  0.0000000D+00
  0.3010498D+01 -0.1622783D+02 -0.2242662D+01  0.0000000D+00
 -0.9072142D+01  0.3988142D+02 -0.1924534D+01  0.0000000D+00
  0.3032208D+02  0.1422169D+01 -0.3269686D+01  0.0000000D+00
  0.3392426D+02 -0.3277697D+02  0.2454880D+01  0.0000000D+00
  0.8499102D+01  0.1884200D+02 -0.4323607D+01  0.0000000D+00
  0.2906752D+02 -0.1356985D+02  0.5314618D+00  0.0000000D+00
  0.1222087D+02  0.2798970D+02 -0.1278858D+01  0.0000000D+00
  0.3258929D+02 -0.4120870D+01  0.2538887D+01  0.0000000D+00
  0.8212050D+01  0.3732611D+02  0.3374728D+01  0.0000000D+00
  0.9632219D+01  0.2035251D+02  0.7707185D+01  0.0000000D+00
  0.2313751D+02 -0.4047765D+01  0.6635183D+01  0.0000000D+00
  0.3358419D+02 -0.2300092D+02  0.5745024D+01  0.0000000D+00
  0.3806313D+02 -0.3112449D+02  0.5365314D+01  0.0000000D+00
  0.8776267D+01 -0.3623544D+01  0.2766374D+01  0.0000000D+00
  0.4342834D+01 -0.7690086D+01 -0.1421527D+01  0.0000000D+00
 -0.8780975D+00  0.4325674D+02 -0.2794573D+01  0.0000000D+00
  0.1475167D+02  0.1473340D+02  0.4279678D+01  0.0000000D+00
  0.4090831D+02 -0.2676876D+02  0.6782737D+01  0.0000000D+00
 -0.4724741D+01  0.1242771D+02 -0.3335517D+01  0.0000000D+00
  0.1193298D+02 -0.1840990D+02  0.5962651D+01  0.0000000D+00
  0.5284021D+01  0.6425344D+01 -0.2202065D+00  0.0000000D+00
  0.6748869D+01 -0.1936420D+01  0.1281203D+01  0.0000000D+00
  0.1055209D+02 -0.1048434D+02 -0.1202566D+01  0.0000000D+00
  0.1539776D+02 -0.4120570D+01  0.2029258D+01  0.0000000D+00
 -0.1666648D+02  0.2038667D+02  0.3809738D+01  0.0000000D+00
 -0.4170293D+02  0.3957956D+02  0.5183971D+01  0.0000000D+00
 -0.5242968D+02  0.4780091D+02  0.5773263D+01  0.0000000D+00
  0.4829114D+01  0.3460550D+01 -0.4441050D+01  0.0000000D+00
  0.1496249D+02 -0.6154611D+01  0.3390607D+01  0.0000000D+00
 -0.1779557D+02  0.4770426D-01 -0.3744042D+01  0.0000000D+00
 -0.6360594D+01 -0.1910904D+01 -0.8871086D+00  0.0000000D+00
  0.1864687D+01 -0.1183960D+02  0.2499824D+01  0.0000000D+00
 -0.1987290D+01  0.9433140D+01 -0.2062006D+01  0.0000000D+00
  0.4280277D+01 -0.7939442D+01 -0.1321858D+01  0.0000000D+00
 -0.8807121D+01  0.1061276D+02 -0.3292836D+01  0.0000000D+00
  0.1273064D+02 -0.9907913D+01 -0.7841047D+00  0.0000000D+00
  0.6335286D+01 -0.7595914D+01 -0.1963940D+01  0.0000000D+00
  0.1018329D+02  0.7182722D+01  0.3779113D+01  0.0000000D+00
  0.1908414D+02  0.2925247D+02 -0.2297294D+01  0.0000000D+00
  0.2597850D+02  0.4641598D+02 -0.7076149D+01  0.0000000D+00
  0.2893414D+02  0.5377178D+02 -0.9122538D+01  0.0000000D+00
  0.4222982D+00  0.2126416D+00 -0.6523166D-02  0.0000000D+00
 -0.1612986D+01 -0.5518506D+00  0.1137782D-01  0.0000000D+00
  0.3142370D+01  0.9049372D+00 -0.2092354D-01  0.0000000D+00
 -0.5911587D+01 -0.1720471D+01  0.3252689D-01  0.0000000D+00
  0.2112293D+01  0.2793452D+01 -0.3145003D-01  0.0000000D+00
  0.1794800D+01 -0.2277978D+01  0.8358891D-02  0.0000000D+00
 -0.7948095D+01  0.1872549D+00  0.7241477D+00  0.0000000D+00
  0.8264562D+00 -0.8480789D+01  0.3395518D+01  0.0000000D+00
 -0.1558021D+02  0.1121536D+02  0.6825059D+00  0.0000000D+00
 -0.3061940D+01  0.6666456D+01  0.1402704D+01  0.0000000D+00
 -0.3541147D+02  0.3916647D+02 -0.1359249D+01  0.0000000D+00
 -0.3470984D+02  0.1991191D+02  0.3899690D+01  0.0000000D+00
 -0.3402951D+02  0.4848799D+01  0.7999075D+01  0.0000000D+00
 -0.3374227D+02 -0.1603927D+01  0.9755644D+01  0.0000000D+00
  0.6324328D-01  0.1252944D+00 -0.7672931D-02  0.0000000D+00
  0.1527658D+01 -0.2143406D+00  0.2053420D-01  0.0000000D+00
 -0.3824083D+01  0.2843123D+00 -0.5854328D-01  0.0000000D+00
  0.3600507D+01 -0.6441402D+00  0.5550069D-01  0.0000000D+00
 -0.3066078D+01  0.8150932D+00 -0.1865967D-02  0.0000000D+00
 -0.2504930D+01  0.1482158D+01  0.3556439D-01  0.0000000D+00
  0.5921660D+00  0.2015981D+00  0.7398053D+00  0.0000000D+00
  0.5867120D+00  0.5408814D+01  0.7773132D+00  0.0000000D+00
  0.4869023D+00 -0.4032924D+01  0.1112311D+01  0.0000000D+00
  0.8079589D+01  0.4490622D+01  0.1445014D+01  0.0000000D+00
 -0.1164080D+02 -0.1073470D+01 -0.4131713D+00  0.0000000D+00
  0.3392116D+01  0.1924397D+01 -0.3124004D+01  0.0000000D+00
  0.1503657D+02  0.4329387D+01 -0.5257023D+01  0.0000000D+00
  0.2002846D+02  0.5357757D+01 -0.6170401D+01  0.0000000D+00
  0.4290658D+00  0.4238922D-01  0.5315991D-02  0.0000000D+00
  0.6222704D+00  0.1217987D-02 -0.9203800D-02  0.0000000D+00
 -0.1533659D+01  0.2580749D+00  0.1490283D-01  0.0000000D+00
  0.2778636D+01 -0.1317882D+00  0.2419781D-02  0.0000000D+00
 -0.5819248D+01 -0.3690211D+00 -0.6169650D-01  0.0000000D+00
  0.6712087D+01  0.1487401D+01 -0.1322186D-01  0.0000000D+00
  0.9540188D+00 -0.1201579D-01 -0.1107435D+01  0.0000000D+00
  0.2131931D+00 -0.3373988D+01 -0.6735450D+00  0.0000000D+00
 -0.2861448D+01  0.5958104D+01 -0.1039585D+01  0.0000000D+00
 -0.8638926D+01  0.4982235D-01  0.1284961D+01  0.0000000D+00
  0.2909241D+01  0.1867466D+02 -0.3106462D+01  0.0000000D+00
  0.1944781D+02  0.1080509D+02  0.2445910D+01  0.0000000D+00
  0.3237015D+02  0.4561681D+01  0.6760186D+01  0.0000000D+00
  0.3790643D+02  0.1889863D+01  0.8609268D+01  0.0000000D+00
  0.3339548D+00 -0.1502090D+00 -0.6105581D-03  0.0000000D+00
 -0.1648177D+01  0.2372205D+00 -0.2541492D-01  0.0000000D+00
  0.2043222D+01 -0.3899744D+00  0.9066573D-01  0.0000000D+00
  0.6155015D+00  0.7009904D+00 -0.1362682D+00  0.0000000D+00
  0.1703153D+00 -0.1372509D+01  0.2161863D+00  0.0000000D+00
 -0.1193817D+01 -0.1005846D+01 -0.3099762D+00  0.0000000D+00
 -0.2980721D+01  0.1480594D+01  0.2911904D+00  0.0000000D+00
  0.3788161D+01 -0.1001724D+01  0.1447741D+01  0.0000000D+00
 -0.7050026D+01  0.5750828D+01 -0.6428077D+00  0.0000000D+00
  0.2833631D+00  0.1500403D+01  0.1712855D+01  0.0000000D+00
 -0.2010397D+01  0.1810934D+00 -0.1296271D+01  0.0000000D+00
 -0.4430247D+01 -0.1048306D+02  0.2439850D+01  0.0000000D+00
 -0.6183850D+01 -0.1882386D+02  0.5341767D+01  0.0000000D+00
 -0.6939446D+01 -0.2239700D+02  0.6585551D+01  0.0000000D+00
 -0.1085225D+01 -0.1119438D+00  0.5487608D-02  0.0000000D+00
 -0.1156884D+00  0.1708083D+00  0.2837118D-01  0.0000000D+00
  0.6885876D+00 -0.5458460D+00 -0.6811105D-01  0.0000000D+00
 -0.2174373D+00  0.1055412D+01  0.9571471D-01  0.0000000D+00
 -0.3346130D+01 -0.2061828D+01 -0.1419668D+00  0.0000000D+00
 -0.1884483D+01  0.1511907D+01  0.3272295D+00  0.0000000D+00
  0.1795307D+01 -0.1530701D+01 -0.2559690D+00  0.0000000D+00
 -0.2301378D+01  0.3447311D+01 -0.5228135D+00  0.0000000D+00
  0.9691059D+01 -0.5786221D+01 -0.1771604D+00  0.0000000D+00
  0.5327676D+01  0.2456104D+01 -0.9400005D-01  0.0000000D+00
  0.1256529D+02 -0.1205206D+02 -0.6516937D+00  0.0000000D+00
  0.1348475D+02 -0.1032714D+02  0.3037367D+01  0.0000000D+00
  0.1402289D+02 -0.8782819D+01  0.5899981D+01  0.0000000D+00
  0.1425910D+02 -0.8127389D+01  0.7127015D+01  0.0000000D+00
 -0.5306037D+00 -0.2772668D-01  0.6467670D-03  0.0000000D+00
  0.7001260D+00 -0.2414042D+00  0.1271182D-02  0.0000000D+00
  0.2984687D+00  0.4714250D+00 -0.4373510D-01  0.0000000D+00
 -0.2461400D+01 -0.6393678D+00  0.8631994D-01  0.0000000D+00
  0.4998013D+01  0.7015753D+00 -0.2594320D-01  0.0000000D+00
 -0.2173517D+01 -0.6418639D+00  0.7595402D-01  0.0000000D+00
  0.1651766D+01 -0.5249249D+00 -0.1155642D+00  0.0000000D+00
  0.3050491D+01 -0.2509312D+00 -0.3307877D+00  0.0000000D+00
  0.2669342D+01  0.3015837D+01  0.4773623D+00  0.0000000D+00
  0.7285840D+00 -0.6687651D+01  0.1166495D+01  0.0000000D+00
  0.1262841D+02  0.8130637D+01 -0.1028177D+01  0.0000000D+00
  0.1524161D+02  0.2579243D+01  0.1702540D+01  0.0000000D+00
  0.1741625D+02 -0.1835439D+01  0.3826870D+01  0.0000000D+00
  0.1834380D+02 -0.3724338D+01  0.4737269D+01  0.0000000D+00
  0.8103689D+01 -0.2079861D+01 -0.1774033D+01  0.0000000D+00
 -0.2876060D-02  0.1078009D+00  0.1035368D+01  0.0000000D+00
 -0.1204723D+02 -0.3041861D+01 -0.9578521D+00  0.0000000D+00
 -0.1150416D+02  0.9520833D+01  0.1092136D+01  0.0000000D+00
 -0.8075783D+01  0.1095580D+01  0.1068056D+01  0.0000000D+00
 -0.2139530D+02 -0.5131801D+01 -0.1229502D+00  0.0000000D+00
 -0.4805637D+00 -0.3332027D+01  0.8676653D+00  0.0000000D+00
 -0.3537105D+01 -0.3848018D+01  0.6861930D+00  0.0000000D+00
  0.5873284D+01 -0.7389197D+01  0.1129844D+01  0.0000000D+00
  0.1058315D+02 -0.6330098D+01 -0.8231210D-01  0.0000000D+00
 -0.9218276D+00  0.6139368D+00  0.9127285D+00  0.0000000D+00
 -0.2841839D+01  0.1239048D+02  0.3163059D+01  0.0000000D+00
 -0.4352317D+01  0.2155340D+02  0.4918238D+01  0.0000000D+00
 -0.4999157D+01  0.2548024D+02  0.5670300D+01  0.0000000D+00
  0.7797238D+01 -0.3656316D+01 -0.2308454D+01  0.0000000D+00
  0.1305326D+02  0.1188174D+02  0.1579795D+01  0.0000000D+00
 -0.2642153D+02 -0.1545258D+02 -0.2331532D+01  0.0000000D+00
  0.5543881D+01  0.3748504D+02  0.9323842D+00  0.0000000D+00
  0.1166212D+02  0.5313362D+01  0.1266942D+01  0.0000000D+00
 -0.2028808D+02 -0.1358667D+01  0.3884524D-01  0.0000000D+00
 -0.7681637D+00  0.2864437D+01  0.7009884D+00  0.0000000D+00
 -0.3958927D+01 -0.3237955D+01  0.6667285D+00  0.0000000D+00
 -0.1101547D+02  0.1232056D+02  0.1022753D+01  0.0000000D+00
 -0.2589483D+01  0.2679996D+01 -0.7665180D+00  0.0000000D+00
 -0.4463297D+01  0.2664919D+00 -0.6425089D-01  0.0000000D+00
 -0.5049257D+01  0.1391305D+02  0.8143643D+00  0.0000000D+00
 -0.5423314D+01  0.2445412D+02  0.1501262D+01  0.0000000D+00
 -0.5586198D+01  0.2897397D+02  0.1795536D+01  0.0000000D+00
  0.3998714D+01  0.3884511D+01  0.4913567D+00  0.0000000D+00
 -0.5220149D+01 -0.5954083D+01  0.4625703D+00  0.0000000D+00
  0.7538260D+01  0.7012148D+01 -0.9497768D+00  0.0000000D+00
 -0.1592983D+02 -0.1719953D+02  0.1407512D+01  0.0000000D+00
  0.1872843D+01  0.3154452D+01  0.1587002D+00  0.0000000D+00
 -0.2102606D+01  0.3431966D+00  0.5651372D+00  0.0000000D+00
  0.8162841D+01  0.4295107D+00  0.1006657D+01  0.0000000D+00
  0.1028125D+02  0.5052344D+01  0.1672154D+00  0.0000000D+00
  0.8128457D+01  0.3165031D+00  0.2896751D+00  0.0000000D+00
  0.2107230D+01  0.3963755D+01 -0.1316455D+01  0.0000000D+00
  0.3714018D+00  0.1508829D+01  0.3464783D+00  0.0000000D+00
 -0.7913947D+01 -0.1953796D+02 -0.9795556D+00  0.0000000D+00
 -0.1445481D+02 -0.3578093D+02 -0.2020820D+01  0.0000000D+00
 -0.1725499D+02 -0.4274615D+02 -0.2466756D+01  0.0000000D+00
  0.3284925D+00  0.3373923D-02  0.1227112D-01  0.0000000D+00
 -0.1175093D+01  0.1741371D+00 -0.3741794D-01  0.0000000D+00
  0.2599791D+01 -0.3453765D+00  0.4658124D-01  0.0000000D+00
 -0.5327116D+01  0.5253236D+00  0.1561259D-02  0.0000000D+00
 -0.3877533D+01 -0.4521403D+00 -0.3397615D-01  0.0000000D+00
  0.1828299D+01 -0.6458521D+00  0.6866700D-01  0.0000000D+00
 -0.7585092D+01 -0.9496808D+00 -0.2653073D+00  0.0000000D+00
 -0.1925800D+01 -0.5054348D-01  0.1216415D+00  0.0000000D+00
 -0.1455985D+02  0.3711982D+01 -0.1348629D+00  0.0000000D+00
 -0.1135018D+00 -0.3102331D+01  0.6267627D+00  0.0000000D+00
 -0.2721386D+01  0.2782148D+01 -0.7753755D+00  0.0000000D+00
  0.7093562D+01 -0.1051183D+01  0.1057918D+01  0.0000000D+00
  0.1488452D+02 -0.4069320D+01  0.2500566D+01  0.0000000D+00
  0.1821853D+02 -0.5361630D+01  0.3118308D+01  0.0000000D+00
 -0.5375196D+00  0.1076832D+00 -0.8186742D-02  0.0000000D+00
  0.1258309D+01 -0.1486561D+00 -0.6647059D-02  0.0000000D+00
  0.1799353D+00  0.2827462D+00  0.9213260D-02  0.0000000D+00
 -0.3121635D+01 -0.5407103D+00 -0.3964332D-01  0.0000000D+00
 -0.2612156D+01  0.1062914D+01 -0.3521349D-01  0.0000000D+00
 -0.5834483D+01 -0.7931277D+00  0.5690751D-01  0.0000000D+00
 -0.3274455D+00 -0.1580892D+01  0.1146213D+00  0.0000000D+00
 -0.1001508D+01  0.1965716D+01  0.1010117D+01  0.0000000D+00
 -0.2966355D+01  0.1363644D+01  0.1024762D+00  0.0000000D+00
  0.4799123D+01 -0.3881226D+01 -0.7449588D+00  0.0000000D+00
 -0.2896987D+01  0.1568283D+01 -0.6827528D-01  0.0000000D+00
  0.6750915D+00  0.2481313D+01 -0.1575272D+01  0.0000000D+00
  0.3418016D+01  0.3270888D+01 -0.2743195D+01  0.0000000D+00
  0.4594636D+01  0.3606798D+01 -0.3243859D+01  0.0000000D+00
  0.6178584D+00  0.1157671D+00  0.6852733D-02  0.0000000D+00
 -0.1032483D+01 -0.1440590D+00  0.9330562D-02  0.0000000D+00
 -0.1234600D+01  0.4046760D+00 -0.1542784D-01  0.0000000D+00
  0.6877997D+01 -0.6132525D+00  0.2178990D-01  0.0000000D+00
 -0.5137222D+01  0.1180194D+01 -0.1531012D-02  0.0000000D+00
  0.7163565D+01 -0.1817341D+01  0.6188097D-01  0.0000000D+00
 -0.2496652D+01 -0.5112163D+00 -0.3774168D+00  0.0000000D+00
 -0.1827879D+01 -0.1703611D+01 -0.2217890D+00  0.0000000D+00
 -0.4574959D+01 -0.2258322D+01 -0.2770115D-01  0.0000000D+00
  0.3823556D+00  0.1764234D+01  0.4406996D+00  0.0000000D+00
 -0.6577604D+01  0.6113689D+01 -0.5219005D+00  0.0000000D+00
 -0.3233779D+01  0.5210371D+01  0.1186546D+01  0.0000000D+00
 -0.5874541D+00  0.4487212D+01  0.2526184D+01  0.0000000D+00
  0.5452223D+00  0.4177945D+01  0.3099967D+01  0.0000000D+00
  0.3243210D+00 -0.8371491D-02  0.1288226D-01  0.0000000D+00
 -0.1645806D+01 -0.2748480D+00  0.2320742D-03  0.0000000D+00
  0.3447844D+00  0.3673818D+00  0.1008301D-01  0.0000000D+00
  0.3640399D+01 -0.7268758D+00  0.1205036D-01  0.0000000D+00
  0.5325944D+00  0.1261226D+01 -0.3929704D-01  0.0000000D+00
 -0.2602825D+01 -0.1799475D+01 -0.2893778D-01  0.0000000D+00
 -0.3412378D+01  0.1449816D+01 -0.4475262D+00  0.0000000D+00
 -0.4677296D+01  0.2636853D+00 -0.2117804D+00  0.0000000D+00
 -0.3412011D+01  0.4243962D+01 -0.2967664D+00  0.0000000D+00
  0.1694926D+01 -0.2914369D+01  0.2463702D+00  0.0000000D+00
 -0.6982867D+01  0.6699313D+01 -0.1378097D+00  0.0000000D+00
  0.6289309D+01 -0.1498110D+01  0.9160414D+00  0.0000000D+00
  0.1657858D+02 -0.7836805D+01  0.1750901D+01  0.0000000D+00
  0.2098926D+02 -0.1055451D+02  0.2108216D+01  0.0000000D+00
 -0.7865650D+00 -0.3154758D-01  0.1364871D-01  0.0000000D+00
  0.8164107D+00  0.4148284D-01 -0.1900883D-01  0.0000000D+00
  0.7844823D+00 -0.3346483D+00  0.1548022D-01  0.0000000D+00
 -0.3972319D+01  0.3974479D+00 -0.2862290D-01  0.0000000D+00
  0.2119893D+01 -0.7816311D+00  0.2490597D-01  0.0000000D+00
  0.8739447D-01  0.9801420D+00 -0.3893163D-01  0.0000000D+00
  0.4290976D+01  0.4115105D+00  0.3471073D-01  0.0000000D+00
 -0.2666247D+00  0.1684978D+00  0.2955774D+00  0.0000000D+00
  0.2663385D+01  0.3593701D+00  0.5404276D-01  0.0000000D+00
  0.3516600D+01 -0.5926850D-01  0.2198000D+00  0.0000000D+00
  0.2787568D+01 -0.7440213D-01 -0.3054969D+00  0.0000000D+00
 -0.2896335D+01  0.5094139D+01  0.1698641D+01  0.0000000D+00
 -0.7358804D+01  0.9111095D+01  0.3251726D+01  0.0000000D+00
 -0.9269963D+01  0.1083273D+02  0.3917506D+01  0.0000000D+00
 -0.2233172D+00 -0.1077200D+00  0.1399955D-01  0.0000000D+00
  0.9381044D+00  0.1712719D+00 -0.8357320D-02  0.0000000D+00
 -0.1061513D+01 -0.1577750D+00 -0.2111032D-01  0.0000000D+00
  0.6567959D+00  0.2527145D+00  0.4863874D-03  0.0000000D+00
 -0.2181616D+01 -0.1388398D+00 -0.5466680D-01  0.0000000D+00
  0.4025984D+01  0.1432495D+00  0.1219877D+00  0.0000000D+00
 -0.1403427D+01  0.1777979D+01 -0.5144211D-01  0.0000000D+00
  0.3225831D+01 -0.1262427D+01 -0.4355857D+00  0.0000000D+00
 -0.1083752D+01  0.8614016D-02 -0.3859315D+00  0.0000000D+00
  0.2225242D+01  0.1942656D+01 -0.2466141D+00  0.0000000D+00
  0.3856630D-01 -0.3655012D+01 -0.1669290D+00  0.0000000D+00
 -0.4687494D+01 -0.5435644D+01  0.1175770D+01  0.0000000D+00
 -0.8368523D+01 -0.6847262D+01  0.2226114D+01  0.0000000D+00
 -0.9945949D+01 -0.7451410D+01  0.2676070D+01  0.0000000D+00
 -0.5286202D+01  0.2843699D+00  0.1214644D+01  0.0000000D+00
  0.1215888D+02 -0.5028083D+01 -0.1141492D+00  0.0000000D+00
 -0.1559077D+02  0.7305685D+00 -0.2051523D+01  0.0000000D+00
  0.2138473D+02  0.1831391D+02 -0.1037091D+00  0.0000000D+00
  0.5940173D+01 -0.3937884D+01  0.6435788D+00  0.0000000D+00
 -0.1388490D+02 -0.2321338D+01 -0.1516203D+00  0.0000000D+00
 -0.3701817D+01 -0.2186319D+01  0.2950566D+00  0.0000000D+00
 -0.6467649D+01 -0.7942751D+01 -0.3710666D+00  0.0000000D+00
 -0.5359743D+01 -0.1248752D+01  0.1106878D+01  0.0000000D+00
 -0.9843980D+01 -0.2136015D+01 -0.9023653D-01  0.0000000D+00
 -0.3572394D+01  0.7833597D+01  0.1187522D+01  0.0000000D+00
 -0.2589925D+01 -0.2811851D+02  0.9337819D+00  0.0000000D+00
 -0.1783881D+01 -0.5609020D+02  0.7374993D+00  0.0000000D+00
 -0.1439745D+01 -0.6807766D+02  0.6533498D+00  0.0000000D+00
 -0.6324004D+01  0.1561834D+01  0.3831271D+00  0.0000000D+00
  0.9365924D+01 -0.1247004D+02 -0.7306841D-01  0.0000000D+00
 -0.1969749D+02  0.9885112D+01 -0.7087699D+00  0.0000000D+00
  0.1541187D+02  0.3196740D+01 -0.7766014D+00  0.0000000D+00
  0.7687338D+01 -0.2098162D+01  0.1132973D+01  0.0000000D+00
 -0.1204139D+02 -0.3757433D+01 -0.2760828D-01  0.0000000D+00
  0.6522230D+01  0.1671122D+01  0.4311167D+00  0.0000000D+00
 -0.1986609D+01 -0.5916722D+01 -0.4407179D+00  0.0000000D+00
  0.2270177D+01  0.1065399D+01  0.2355072D-01  0.0000000D+00
 -0.1480063D+02 -0.2611795D+01 -0.1212122D+01  0.0000000D+00
 -0.3518146D+01 -0.2649249D+00  0.1847985D+00  0.0000000D+00
  0.9465008D+01 -0.4170730D+02  0.2573826D+01  0.0000000D+00
  0.1952165D+02 -0.7398717D+02  0.4440862D+01  0.0000000D+00
  0.2383294D+02 -0.8781980D+02  0.5240739D+01  0.0000000D+00
 -0.1805058D+01 -0.2406876D+01 -0.1264171D+01  0.0000000D+00
  0.2810716D+01  0.4612367D-01  0.7272661D+00  0.0000000D+00
  0.2184156D+01 -0.6834238D+01 -0.3021999D+00  0.0000000D+00
 -0.2921120D+01  0.4911977D+01  0.3004436D+00  0.0000000D+00
 -0.3154445D+01  0.7211229D+01 -0.6199418D+00  0.0000000D+00
 -0.2072486D+01 -0.3858779D+00 -0.4917536D+00  0.0000000D+00
 -0.3186963D+01 -0.8308902D+00 -0.8720423D+00  0.0000000D+00
  0.2655966D+01 -0.3305166D+01  0.1909936D+00  0.0000000D+00
  0.2657363D+00 -0.1642065D+01  0.9714289D-01  0.0000000D+00
 -0.1351576D+02  0.3533323D+01 -0.2305872D+00  0.0000000D+00
  0.6047312D+01  0.1222016D+01 -0.2993375D+00  0.0000000D+00
  0.1704124D+01 -0.1173101D+02 -0.1319451D+01  0.0000000D+00
 -0.1568663D+01 -0.2183023D+02 -0.2124606D+01  0.0000000D+00
 -0.2974527D+01 -0.2615767D+02 -0.2469302D+01  0.0000000D+00
  0.1582048D+00 -0.1464942D+00 -0.9190807D-02  0.0000000D+00
  0.5218578D+00  0.1077575D+00  0.2794651D-01  0.0000000D+00
 -0.2187496D+01 -0.3628165D+00 -0.1049921D-01  0.0000000D+00
  0.5466767D+01  0.3868021D+00  0.5832165D-02  0.0000000D+00
 -0.2025938D+01 -0.1174819D-01 -0.7731690D-01  0.0000000D+00
 -0.1009700D+01 -0.2274917D+01  0.2023668D+00  0.0000000D+00
  0.3399299D+01  0.7240666D+00 -0.1946367D+00  0.0000000D+00
 -0.3071259D+01 -0.6675916D+00 -0.5049487D+00  0.0000000D+00
 -0.1156917D+01  0.2442653D+00  0.1252933D+00  0.0000000D+00
  0.4330395D+01 -0.1516919D+01 -0.9474833D+00  0.0000000D+00
 -0.1467860D+02  0.1024228D+02  0.1626820D+00  0.0000000D+00
 -0.9095801D+00 -0.1408413D+01  0.2379666D+01  0.0000000D+00
  0.9759480D+01 -0.1056765D+02  0.4103782D+01  0.0000000D+00
  0.1433311D+02 -0.1448991D+02  0.4842694D+01  0.0000000D+00
  0.3253643D+00 -0.6397917D-01  0.2381421D-02  0.0000000D+00
 -0.1545240D+01  0.2515911D+00  0.3255925D-02  0.0000000D+00
  0.2689838D+01 -0.4205579D+00 -0.1787011D-01  0.0000000D+00
  0.3202812D+00  0.6862798D+00  0.5611317D-01  0.0000000D+00
  0.5673144D+00 -0.7630519D+00 -0.2041146D+00  0.0000000D+00
 -0.2880554D+01  0.7857004D+00  0.3986331D+00  0.0000000D+00
 -0.1695781D+01 -0.7677018D-01  0.1938715D+00  0.0000000D+00
  0.1778809D+00  0.1185728D+01  0.1147358D+00  0.0000000D+00
 -0.3855533D+01 -0.2659884D+01  0.3211165D+00  0.0000000D+00
  0.9898496D+00  0.5588681D+01  0.2407928D+00  0.0000000D+00
 -0.2807446D+01 -0.1035043D+01 -0.3480954D-01  0.0000000D+00
  0.5906982D+01  0.6155265D+01  0.3156868D+00  0.0000000D+00
  0.1269003D+02  0.1171630D+02  0.5938030D+00  0.0000000D+00
  0.1559686D+02  0.1410056D+02  0.7128207D+00  0.0000000D+00
  0.2083347D+00  0.1143473D-01  0.3729422D-02  0.0000000D+00
 -0.1687415D+01 -0.1190149D+00  0.1218572D-01  0.0000000D+00
  0.2458705D+01  0.2741942D+00 -0.5670422D-02  0.0000000D+00
 -0.3779654D+01 -0.6112333D+00 -0.1142285D-02  0.0000000D+00
  0.7050662D+00  0.1371521D+01  0.7837302D-01  0.0000000D+00
 -0.2870434D+00 -0.5656848D+00 -0.2010435D+00  0.0000000D+00
  0.1822514D+01 -0.8996356D+00  0.2855141D+00  0.0000000D+00
 -0.2800794D+01  0.1626745D+01 -0.3881977D+00  0.0000000D+00
  0.5613195D+01 -0.2458124D+01  0.4536428D-01  0.0000000D+00
 -0.1176377D+01 -0.7875075D+00 -0.9632727D+00  0.0000000D+00
  0.2047181D+01 -0.2329960D+01 -0.7750437D+00  0.0000000D+00
 -0.1600400D+01  0.2722800D+01 -0.2715398D+00  0.0000000D+00
 -0.4559256D+01  0.6743315D+01  0.1180969D+00  0.0000000D+00
 -0.5823486D+01  0.8463529D+01  0.2851465D+00  0.0000000D+00
 -0.2444752D+00  0.1017783D+00 -0.6587315D-02  0.0000000D+00
  0.1612620D+01 -0.8662963D-01  0.2598200D-01  0.0000000D+00
 -0.3533653D+01  0.3105936D+00 -0.8234601D-02  0.0000000D+00
 -0.1345711D+00 -0.3064923D+00 -0.3887529D-01  0.0000000D+00
  0.1940461D+01  0.3569292D-01  0.8794530D-01  0.0000000D+00
 -0.2767930D+01  0.2151011D+00 -0.3294313D+00  0.0000000D+00
  0.3721047D+00 -0.1316173D+01 -0.2091369D+00  0.0000000D+00
 -0.2642591D+01  0.7108163D+00 -0.4717788D+00  0.0000000D+00
  0.2120635D+01  0.1002159D+01  0.2790046D+00  0.0000000D+00
  0.5505731D+01 -0.3860433D+01 -0.7514061D+00  0.0000000D+00
  0.5843811D+00  0.5478261D+01  0.2006132D+00  0.0000000D+00
  0.3909802D+01  0.9029533D+01  0.1507174D+01  0.0000000D+00
  0.6460362D+01  0.1174232D+02  0.2510903D+01  0.0000000D+00
  0.7554569D+01  0.1290651D+02  0.2941464D+01  0.0000000D+00
 -0.8020338D-03  0.5111310D-01  0.7262015D-02  0.0000000D+00
  0.1393084D+01 -0.2428419D-01 -0.1741163D-01  0.0000000D+00
 -0.6801617D+00 -0.6738203D-01  0.1524273D-01  0.0000000D+00
 -0.1524641D+01  0.3465605D+00 -0.1356616D-01  0.0000000D+00
 -0.1138741D+01 -0.5345535D+00 -0.4182223D-01  0.0000000D+00
  0.2848041D+00  0.4056793D+00  0.3115929D-01  0.0000000D+00
 -0.2326658D+01 -0.1396573D+01 -0.9821662D-01  0.0000000D+00
  0.2464733D+01  0.2976016D+01  0.1714840D+00  0.0000000D+00
 -0.5894826D+00 -0.2930925D+01 -0.8628756D-01  0.0000000D+00
  0.3910971D+01  0.2976247D+01 -0.7286154D-01  0.0000000D+00
  0.1831698D+01 -0.8441435D+01  0.2391243D+00  0.0000000D+00
 -0.4732521D+01  0.4848950D+01 -0.1778652D+00  0.0000000D+00
 -0.9719609D+01  0.1520655D+02 -0.4933591D+00  0.0000000D+00
 -0.1186065D+02  0.1964481D+02 -0.6288463D+00  0.0000000D+00
 -0.1749355D+00  0.7831597D-01  0.5337144D-02  0.0000000D+00
  0.9271053D+00 -0.1407451D+00 -0.6644087D-02  0.0000000D+00
 -0.4918054D+00  0.5209644D-02 -0.9007185D-02  0.0000000D+00
  0.1488396D+01  0.5796990D-01 -0.1381144D-02  0.0000000D+00
 -0.4962077D+01  0.7206796D+00  0.5398809D-02  0.0000000D+00
  0.1764486D+01  0.9559521D-01  0.1521861D+00  0.0000000D+00
 -0.9015123D+00 -0.1923710D+00  0.1015374D+00  0.0000000D+00
  0.1273727D+01 -0.1345769D+01 -0.1949874D+00  0.0000000D+00
  0.2940170D+00 -0.9071266D-01  0.4267506D+00  0.0000000D+00
 -0.2232299D+00  0.2324852D+00 -0.8063894D+00  0.0000000D+00
  0.3116388D+01 -0.1908528D+01 -0.1110896D-01  0.0000000D+00
 -0.1611446D+00  0.1514677D+01  0.1301346D+00  0.0000000D+00
 -0.2754799D+01  0.4186796D+01  0.2383154D+00  0.0000000D+00
 -0.3864955D+01  0.5331674D+01  0.2847335D+00  0.0000000D+00
  0.4465346D+01  0.1497998D+00 -0.1840501D+01  0.0000000D+00
  0.3037031D+01  0.1638904D+01  0.4032312D+00  0.0000000D+00
 -0.1249585D+02 -0.6434473D+01  0.6858354D-01  0.0000000D+00
 -0.4361135D+01  0.2425986D+02  0.6436025D+00  0.0000000D+00
  0.9685531D+01 -0.1242333D+02  0.7867214D+00  0.0000000D+00
  0.4844168D+00  0.6484053D+01 -0.4215398D+00  0.0000000D+00
  0.1499365D+01 -0.1251890D+01  0.6221678D+00  0.0000000D+00
 -0.2937464D+01  0.2999180D+01  0.3187783D+00  0.0000000D+00
 -0.1773546D+01 -0.3050109D-01  0.2769223D+00  0.0000000D+00
 -0.1023656D+02 -0.2586789D+01  0.2739441D+00  0.0000000D+00
  0.2910071D+01  0.5654851D+01  0.9316409D+00  0.0000000D+00
  0.3405303D+01 -0.1774788D+02  0.1978088D-01  0.0000000D+00
  0.3729658D+01 -0.3596992D+02 -0.6793424D+00  0.0000000D+00
  0.3870613D+01 -0.4377866D+02 -0.9792802D+00  0.0000000D+00
  0.5783159D+01  0.1183976D+01 -0.2422780D+01  0.0000000D+00
  0.3820470D+01 -0.1804806D+01  0.4782914D+00  0.0000000D+00
 -0.1214906D+02 -0.2705655D+01 -0.2742789D+00  0.0000000D+00
 -0.1487721D+02  0.2134792D+02  0.1039615D+01  0.0000000D+00
  0.8143076D+01 -0.1909171D+02  0.3712657D+00  0.0000000D+00
  0.5744138D+00  0.7047614D+01  0.7567948D-01  0.0000000D+00
  0.1720631D+01 -0.4471092D+01  0.3742247D+00  0.0000000D+00
 -0.3750351D+01  0.3932287D+01  0.1066314D+00  0.0000000D+00
  0.2676992D+01 -0.5207924D+00 -0.3603674D+00  0.0000000D+00
 -0.2821713D+01 -0.5438217D+01  0.2497432D+00  0.0000000D+00
 -0.1335598D+01  0.9803167D+01  0.1699022D+00  0.0000000D+00
 -0.2413764D+01 -0.2537046D+02  0.4676852D+00  0.0000000D+00
 -0.3270420D+01 -0.5274816D+02  0.7031331D+00  0.0000000D+00
 -0.3636980D+01 -0.6448069D+02  0.8039171D+00  0.0000000D+00
 -0.6283681D+00  0.3471970D+01  0.6019100D+00  0.0000000D+00
 -0.2572586D+01 -0.3444903D+01 -0.4006605D+00  0.0000000D+00
 -0.9510737D+00  0.6977178D+01 -0.5617234D+00  0.0000000D+00
 -0.7781549D+00 -0.5890755D+01  0.1166595D+01  0.0000000D+00
  0.9508461D+01  0.1868459D+01 -0.7183990D-01  0.0000000D+00
 -0.4280800D+01  0.1987117D+01 -0.1364187D+00  0.0000000D+00
 -0.2060854D+00  0.2704744D+01  0.4195921D+00  0.0000000D+00
 -0.3869659D+00 -0.1982763D+01  0.6340960D+00  0.0000000D+00
 -0.2417772D+01  0.2089928D+01 -0.2559792D+00  0.0000000D+00
 -0.3141969D+01 -0.4105626D+01  0.1981171D+00  0.0000000D+00
  0.2204667D+01  0.5303708D+01  0.3524787D+00  0.0000000D+00
  0.2230855D+01 -0.2895799D+01 -0.7982281D+00  0.0000000D+00
  0.2228760D+01 -0.9293714D+01 -0.1685524D+01  0.0000000D+00
  0.2228583D+01 -0.1203498D+02 -0.2066032D+01  0.0000000D+00
  0.3038316D+00  0.1430305D+00  0.1858541D-01  0.0000000D+00
  0.3581592D+00 -0.2765648D+00 -0.2795256D-01  0.0000000D+00
  0.7141803D+00  0.5901952D+00  0.3192117D-01  0.0000000D+00
 -0.1497660D+01 -0.9423297D+00 -0.1530606D-01  0.0000000D+00
  0.1778426D+00  0.1162651D+01  0.2511120D-01  0.0000000D+00
  0.8912790D+00 -0.1535202D+01  0.5238638D-01  0.0000000D+00
  0.7700298D+00  0.3816516D+00 -0.2984171D+00  0.0000000D+00
  0.1080519D+01  0.2423380D+01 -0.1408481D+00  0.0000000D+00
  0.3614055D+01 -0.2021082D+00 -0.4722149D-01  0.0000000D+00
  0.1861893D+01  0.1589610D+01 -0.2834238D+00  0.0000000D+00
 -0.4265242D+01 -0.3741069D+01 -0.5260453D+00  0.0000000D+00
 -0.2369732D+01 -0.1628008D+02 -0.6026549D+00  0.0000000D+00
 -0.8652037D+00 -0.2604431D+02 -0.6675065D+00  0.0000000D+00
 -0.2213735D+00 -0.3022860D+02 -0.6951356D+00  0.0000000D+00
  0.1383496D+00 -0.4442351D-01 -0.2376091D-02  0.0000000D+00
  0.5295284D+00  0.2188683D+00 -0.1383105D-01  0.0000000D+00
 -0.9132309D+00 -0.4448897D+00  0.1216821D-01  0.0000000D+00
  0.1206295D+01  0.7155949D+00 -0.1863936D-01  0.0000000D+00
  0.1517784D+01 -0.1081315D+01  0.4011053D-01  0.0000000D+00
 -0.2707810D-02  0.1513387D+01 -0.9867072D-01  0.0000000D+00
 -0.1828889D+01  0.1097912D+01  0.2015790D+00  0.0000000D+00
  0.1619555D+01  0.1214777D+00 -0.1899443D+00  0.0000000D+00
 -0.3077783D+01  0.1694552D+00  0.1459050D+00  0.0000000D+00
  0.2191856D+01  0.4392455D-01 -0.3177741D+00  0.0000000D+00
  0.3157837D+00  0.1723554D+01  0.4415371D+00  0.0000000D+00
 -0.7718256D+01 -0.4260341D+01 -0.7455626D-01  0.0000000D+00
 -0.1389758D+02 -0.8954088D+01 -0.4659556D+00  0.0000000D+00
 -0.1654802D+02 -0.1096443D+02 -0.6340087D+00  0.0000000D+00
 -0.3899492D+00 -0.2333979D-01  0.5353095D-02  0.0000000D+00
 -0.1284144D+01  0.1085582D+00  0.2026358D-01  0.0000000D+00
  0.2258918D+01 -0.3610093D+00 -0.2327940D-01  0.0000000D+00
 -0.1814277D+01  0.3919019D+00  0.2724855D-01  0.0000000D+00
 -0.7184023D+00 -0.3944241D+00 -0.2496774D-01  0.0000000D+00
 -0.8094479D+00  0.1428353D+01 -0.1712545D-02  0.0000000D+00
  0.2066040D+01  0.4652831D+00  0.3852725D-01  0.0000000D+00
  0.2463651D+00  0.1603403D+01  0.1525945D+00  0.0000000D+00
  0.2371167D+01  0.2641988D-01  0.1969136D+00  0.0000000D+00
  0.1331271D+01  0.2226693D+00 -0.2323251D+00  0.0000000D+00
 -0.1593430D+01 -0.4866276D+01  0.1078026D+00  0.0000000D+00
 -0.4711893D+00 -0.2107287D+01 -0.1162307D+00  0.0000000D+00
  0.4002077D+00  0.2424548D-01 -0.2933994D+00  0.0000000D+00
  0.7737004D+00  0.9381853D+00 -0.3692359D+00  0.0000000D+00
 -0.4916521D-01 -0.8468466D-01 -0.8441234D-02  0.0000000D+00
 -0.1126629D+01  0.2310285D+00  0.3636657D-02  0.0000000D+00
  0.2614262D+01 -0.2002335D+00  0.4103232D-01  0.0000000D+00
 -0.2647533D+01  0.3050664D+00 -0.8032558D-01  0.0000000D+00
 -0.1993524D+01 -0.1147543D+01  0.1224753D+00  0.0000000D+00
  0.8086115D+00  0.6093116D+00 -0.2078817D+00  0.0000000D+00
 -0.2877361D+00  0.1143820D+01 -0.5061266D-01  0.0000000D+00
  0.1059870D+01 -0.1455527D+01 -0.3405377D+00  0.0000000D+00
  0.2452800D+01 -0.2309770D+00  0.3501641D+00  0.0000000D+00
  0.1771615D+01  0.1046494D+01  0.1075486D+00  0.0000000D+00
 -0.3971670D+01 -0.1731584D+01 -0.2831369D+00  0.0000000D+00
 -0.4386383D+01 -0.2542694D+01  0.6130811D+00  0.0000000D+00
 -0.4713724D+01 -0.3174868D+01  0.1304499D+01  0.0000000D+00
 -0.4853878D+01 -0.3445761D+01  0.1600995D+01  0.0000000D+00
  0.6581308D+00 -0.2691080D-01 -0.1202428D-01  0.0000000D+00
  0.5283290D+00 -0.6793597D-01  0.3648151D-02  0.0000000D+00
 -0.1698268D+01  0.4907939D-01 -0.5883692D-02  0.0000000D+00
  0.1385624D+01  0.2271088D-01  0.7135311D-02  0.0000000D+00
 -0.3085762D+01 -0.4129091D+00 -0.1209458D-01  0.0000000D+00
 -0.3207824D+00 -0.1669206D-01  0.6149368D-02  0.0000000D+00
 -0.5637272D-01  0.1233701D+00 -0.2611890D+00  0.0000000D+00
 -0.1184755D+01 -0.1737105D+00  0.5863386D+00  0.0000000D+00
 -0.1483836D+01 -0.3370389D+00 -0.3682985D+00  0.0000000D+00
  0.1254129D+01 -0.2481323D+00  0.4119822D+00  0.0000000D+00
  0.3388793D+01 -0.1592715D+01 -0.2345979D+00  0.0000000D+00
  0.3680966D+01  0.3621423D+01 -0.1006514D+00  0.0000000D+00
  0.3900452D+01  0.7688623D+01  0.2432451D-02  0.0000000D+00
  0.3994766D+01  0.9431324D+01  0.4664363D-01  0.0000000D+00
  0.5180857D+00 -0.4249361D-01  0.1247125D-01  0.0000000D+00
 -0.1049650D+01  0.9769729D-01 -0.9082603D-02  0.0000000D+00
  0.4275402D+00 -0.3383943D+00 -0.8381618D-02  0.0000000D+00
 -0.1744813D+01  0.7142587D+00  0.1681100D-01  0.0000000D+00
  0.3408611D+01 -0.1069439D+01  0.5679262D-02  0.0000000D+00
 -0.3223810D+00  0.1122218D+01  0.6578808D-01  0.0000000D+00
 -0.4202076D+00 -0.8551871D+00  0.3315732D+00  0.0000000D+00
  0.7253040D-01  0.4900062D+00  0.3991353D+00  0.0000000D+00
  0.2213472D+01 -0.3548557D+00  0.2557832D+00  0.0000000D+00
 -0.1130742D+01 -0.1277460D+01 -0.1926068D+00  0.0000000D+00
 -0.3056954D+00  0.2129324D+01 -0.2403894D-01  0.0000000D+00
  0.1032896D+01 -0.5244792D+01  0.1641470D+00  0.0000000D+00
  0.1967291D+01 -0.1093684D+02  0.3015784D+00  0.0000000D+00
  0.2371101D+01 -0.1337762D+02  0.3607586D+00  0.0000000D+00
 -0.7928019D-01  0.4685416D+01  0.6974312D+00  0.0000000D+00
  0.3559559D+01 -0.4205287D+01 -0.6834004D+00  0.0000000D+00
  0.5605707D+01  0.2940996D+01  0.3244299D+00  0.0000000D+00
  0.1242055D+02 -0.1066776D+02  0.3570717D+00  0.0000000D+00
 -0.1817042D+02 -0.5090537D+01  0.4992188D+00  0.0000000D+00
  0.5727100D+01  0.4381795D+01  0.2550810D-01  0.0000000D+00
 -0.3276566D+01 -0.2551589D+01  0.3438103D+00  0.0000000D+00
  0.1243691D+01 -0.8115281D+00 -0.2809361D+00  0.0000000D+00
 -0.2271459D+01 -0.7889038D+00  0.3715066D+00  0.0000000D+00
 -0.1657086D+00 -0.9456477D+00 -0.6474588D-01  0.0000000D+00
 -0.8971545D+00 -0.2968966D+01  0.3700781D+00  0.0000000D+00
 -0.5313470D+00  0.2986413D+02  0.8114505D+00  0.0000000D+00
 -0.2005043D+00  0.5541171D+02  0.1150332D+01  0.0000000D+00
 -0.6017173D-01  0.6636025D+02  0.1295706D+01  0.0000000D+00
  0.6750063D+00  0.6912585D+01  0.8521699D+00  0.0000000D+00
  0.8435937D+00 -0.8859061D+01 -0.9745237D+00  0.0000000D+00
  0.6070789D+01  0.5767640D+01  0.8021988D+00  0.0000000D+00
  0.1186878D+02 -0.8644511D+01 -0.2299142D+00  0.0000000D+00
 -0.1514393D+02 -0.7695438D+01  0.4485462D+00  0.0000000D+00
  0.4788837D+01  0.7219389D+01 -0.2060059D+00  0.0000000D+00
 -0.4655490D+01 -0.2616608D+01 -0.2994283D+00  0.0000000D+00
  0.3326946D+01  0.4334323D+01  0.1488812D-01  0.0000000D+00
  0.1774905D+00 -0.1320592D+01 -0.9865757D-01  0.0000000D+00
  0.3264710D+01  0.4677275D+01 -0.1110489D+00  0.0000000D+00
  0.2820657D+00 -0.4904369D+01  0.2089175D+00  0.0000000D+00
 -0.3802125D+00  0.2878196D+02  0.2249342D+01  0.0000000D+00
 -0.8230075D+00  0.5496870D+02  0.3838409D+01  0.0000000D+00
 -0.1015056D+01  0.6619191D+02  0.4519368D+01  0.0000000D+00
 -0.7221709D+00  0.1199968D+01 -0.2108026D+00  0.0000000D+00
  0.3886033D+01 -0.2193318D+00  0.3444209D-01  0.0000000D+00
 -0.1874706D+01 -0.1772633D+01 -0.5232238D-01  0.0000000D+00
  0.4660301D+01  0.7528061D+01  0.4878561D+00  0.0000000D+00
  0.1298647D+01 -0.2697885D+01 -0.1067919D+01  0.0000000D+00
 -0.1160456D+01 -0.8290999D-01  0.2887640D+00  0.0000000D+00
  0.9539360D+00 -0.1000947D+01  0.9109920D-01  0.0000000D+00
 -0.4463383D+01  0.1805966D+01 -0.3836138D+00  0.0000000D+00
 -0.1857599D+01 -0.1316063D+01  0.4778189D+00  0.0000000D+00
 -0.2137201D+01 -0.2448361D+00 -0.3421725D+00  0.0000000D+00
 -0.2470719D+01  0.5822704D+01  0.8550377D+00  0.0000000D+00
 -0.1760832D+01  0.1481137D+02  0.2141459D+01  0.0000000D+00
 -0.1176321D+01  0.2189693D+02  0.3129096D+01  0.0000000D+00
 -0.9268325D+00  0.2493063D+02  0.3552776D+01  0.0000000D+00
 -0.3613766D+00  0.1112384D+00 -0.4350630D-05  0.0000000D+00
  0.1270108D+01 -0.2364471D+00  0.2433587D-01  0.0000000D+00
 -0.2085122D+01  0.3774946D+00 -0.4715096D-01  0.0000000D+00
  0.1688181D+01 -0.5614978D+00  0.3534534D-01  0.0000000D+00
  0.3995444D+01  0.6332647D+00 -0.5433846D-01  0.0000000D+00
 -0.2996912D+01  0.8593081D-01  0.2055319D+00  0.0000000D+00
 -0.5943047D+00 -0.1148214D+00 -0.1780552D+00  0.0000000D+00
  0.4710220D+00  0.2032616D+00 -0.4696147D-02  0.0000000D+00
 -0.1684243D+01  0.1274526D+00 -0.2473995D+00  0.0000000D+00
  0.1587316D+01 -0.9852682D+00  0.1478549D+00  0.0000000D+00
  0.4086710D+01 -0.2035298D+01 -0.2081181D+00  0.0000000D+00
  0.5294388D+01  0.3003344D+01  0.1295578D+01  0.0000000D+00
  0.6227835D+01  0.6944120D+01  0.2464566D+01  0.0000000D+00
  0.6628070D+01  0.8632319D+01  0.2965573D+01  0.0000000D+00
  0.2995390D+00  0.7047728D-01  0.4118916D-02  0.0000000D+00
 -0.6202601D+00  0.5669298D-01 -0.2138255D-01  0.0000000D+00
  0.1332581D+01 -0.2544317D-01  0.1410408D-01  0.0000000D+00
  0.5325267D+00  0.3486988D+00  0.3956656D-02  0.0000000D+00
 -0.1639969D+01 -0.3478980D+00 -0.4867013D-01  0.0000000D+00
 -0.2701886D+01 -0.5503099D+00  0.5286298D-01  0.0000000D+00
 -0.1618534D+01 -0.1087057D+00  0.3240935D+00  0.0000000D+00
 -0.8708095D+00 -0.3730574D+00  0.1169831D+00  0.0000000D+00
 -0.5543375D+00  0.2322103D+01 -0.1532662D+00  0.0000000D+00
  0.1028633D+01 -0.6582539D+01  0.1852882D-01  0.0000000D+00
 -0.2707713D+00  0.9311912D+01 -0.1738573D+00  0.0000000D+00
  0.5962824D+00  0.5847729D+01  0.1588364D+01  0.0000000D+00
  0.1302948D+01  0.3228143D+01  0.2958219D+01  0.0000000D+00
  0.1604787D+01  0.2103166D+01  0.3545319D+01  0.0000000D+00
 -0.2247201D+00  0.1003660D+00 -0.6013228D-02  0.0000000D+00
 -0.4631844D+00  0.1813852D+00  0.3073805D-02  0.0000000D+00
  0.5237025D+00 -0.3267787D+00 -0.2295790D-02  0.0000000D+00
 -0.1619976D+01  0.5753089D+00  0.1660323D-01  0.0000000D+00
  0.5142243D+01 -0.6271884D+00 -0.7939013D-01  0.0000000D+00
 -0.1338701D+01 -0.7842541D+00  0.1510039D+00  0.0000000D+00
 -0.8434750D+00  0.9700988D+00 -0.1670334D+00  0.0000000D+00
 -0.8126781D-01 -0.1472250D+01 -0.1277074D+00  0.0000000D+00
 -0.3031393D+01 -0.4056198D+00 -0.6042463D-01  0.0000000D+00
  0.1481585D+00  0.7836968D+00  0.2687588D+00  0.0000000D+00
  0.2121512D+01 -0.4005535D+01 -0.4371414D+00  0.0000000D+00
  0.3700268D+01 -0.6895867D+00 -0.1428563D+00  0.0000000D+00
  0.4947022D+01  0.1898336D+01  0.8633209D-01  0.0000000D+00
  0.5480753D+01  0.3007146D+01  0.1845439D+00  0.0000000D+00
 -0.3909550D+00 -0.1086385D+00 -0.8811426D-02  0.0000000D+00
 -0.4443839D+00  0.1546350D+00  0.2897883D-01  0.0000000D+00
 -0.6999577D+00 -0.2558061D+00 -0.2365725D-01  0.0000000D+00
  0.3622134D+00  0.2750135D+00 -0.1447721D-01  0.0000000D+00
 -0.1078039D+01 -0.3869889D+00 -0.4546655D-02  0.0000000D+00
  0.1247200D+00  0.5069596D+00  0.4114408D-01  0.0000000D+00
  0.1058155D+01 -0.6901681D+00 -0.3624703D+00  0.0000000D+00
  0.1719695D+01  0.7968251D-01  0.1983707D+00  0.0000000D+00
  0.9611837D+00 -0.2519848D+01 -0.1933306D+00  0.0000000D+00
 -0.8218180D+00  0.1809310D+01  0.1262619D+00  0.0000000D+00
  0.5041157D+01  0.2334840D+01 -0.2131889D+00  0.0000000D+00
  0.2491156D+01  0.4848381D+01 -0.4675059D+00  0.0000000D+00
  0.5751161D+00  0.6829437D+01 -0.6650653D+00  0.0000000D+00
 -0.2481384D+00  0.7677632D+01 -0.7497411D+00  0.0000000D+00
  0.7027967D+00 -0.7637236D-01 -0.2577829D-02  0.0000000D+00
 -0.2653661D-01 -0.1176001D+00 -0.2515133D-01  0.0000000D+00
  0.5901260D+00  0.9546778D-01  0.3549108D-01  0.0000000D+00
 -0.5135251D-01  0.7955696D-01 -0.2396502D-01  0.0000000D+00
  0.3058889D+01 -0.6224863D+00  0.4195709D-01  0.0000000D+00
 -0.5058249D+00  0.9744544D-01 -0.9405384D-01  0.0000000D+00
  0.1421867D+01  0.9143558D+00 -0.3023040D-01  0.0000000D+00
  0.1049042D-01 -0.9711995D+00  0.3029496D-01  0.0000000D+00
 -0.7537079D+00  0.4810161D+00 -0.4531785D-01  0.0000000D+00
 -0.2838389D+01  0.1125419D+01 -0.2204200D+00  0.0000000D+00
 -0.5683269D+01  0.2036174D+01  0.1699158D+00  0.0000000D+00
 -0.3839116D+01 -0.1856459D+01 -0.4343892D+00  0.0000000D+00
 -0.2452940D+01 -0.4895356D+01 -0.9024740D+00  0.0000000D+00
 -0.1857363D+01 -0.6197370D+01 -0.1103140D+01  0.0000000D+00
  0.3498503D+00 -0.5291266D-01 -0.3354975D-02  0.0000000D+00
  0.3887975D+00 -0.3037900D-01  0.2022866D-01  0.0000000D+00
 -0.5535018D-01  0.1165936D+00 -0.1880601D-01  0.0000000D+00
  0.3898584D+00 -0.2448984D+00  0.3622910D-01  0.0000000D+00
  0.3924526D+00  0.1736944D+00 -0.7917247D-01  0.0000000D+00
 -0.1762024D+00  0.8080606D+00  0.6812156D-01  0.0000000D+00
  0.6452297D+00 -0.5274913D+00  0.1579009D+00  0.0000000D+00
  0.6686000D+00  0.5694551D+00 -0.2178012D-01  0.0000000D+00
 -0.6393231D+00 -0.1226913D+01  0.1440057D-01  0.0000000D+00
  0.1696964D+01  0.2870192D+01  0.3413298D+00  0.0000000D+00
 -0.1001535D+01 -0.1247199D+01 -0.2644580D+00  0.0000000D+00
 -0.2103901D+01  0.2818469D+01 -0.1220825D+01  0.0000000D+00
 -0.2941189D+01  0.5954027D+01 -0.1956263D+01  0.0000000D+00
 -0.3300664D+01  0.7298654D+01 -0.2271714D+01  0.0000000D+00
