  3  2   693  6336  4  4  9 11  7  1    0.00   24.00  228.50  589.30    0.00    6.28   45.00   45.00
  200.0  200.0  200.0  200.0  250.0  300.0  350.0  400.0  450.0  500.0  550.0  600.0  600.0  600.0  600.0
  0.9482382E+03  0.2584084E+03 -0.2786433E+02  0.0000000E+00
  0.1154800E+04  0.1139378E+03 -0.6428783E+00  0.0000000E+00
  0.1060338E+04  0.2174268E+03 -0.9544405E+01  0.0000000E+00
  0.1137910E+04  0.1922499E+03  0.1005986E+01  0.0000000E+00
  0.1154136E+04  0.1651529E+03 -0.6650248E+01  0.0000000E+00
  0.1210680E+04  0.1353304E+03  0.1159352E+02  0.0000000E+00
  0.1137102E+04  0.1063791E+03 -0.1899252E+02  0.0000000E+00
  0.1182305E+04  0.9468536E+02  0.2114319E+02  0.0000000E+00
  0.1072403E+04  0.8967807E+02 -0.3073415E+02  0.0000000E+00
  0.9991084E+03  0.8631122E+02 -0.6534961E+02  0.0000000E+00
  0.9624640E+03  0.8463090E+02 -0.8265404E+02  0.0000000E+00
 -0.5740609E+03 -0.1132162E+03  0.3804366E+02  0.0000000E+00
 -0.6163621E+03 -0.8868413E+02  0.6653774E+01  0.0000000E+00
 -0.4685776E+03 -0.3079836E+02  0.1370369E+02  0.0000000E+00
 -0.3632057E+03  0.4831079E+02  0.2314945E+00  0.0000000E+00
 -0.3231978E+03  0.8093337E+02  0.1704492E+02  0.0000000E+00
 -0.3124444E+03  0.6666255E+02 -0.6978310E+01  0.0000000E+00
 -0.3389599E+03  0.9854797E+02  0.3805325E+02  0.0000000E+00
 -0.1884724E+03  0.6829875E+01 -0.1842407E+02  0.0000000E+00
 -0.9661577E+02 -0.5824830E+02  0.4957512E+02  0.0000000E+00
 -0.3539311E+02 -0.1015965E+03  0.9494406E+02  0.0000000E+00
 -0.4780158E+01 -0.1232747E+03  0.1176246E+03  0.0000000E+00
 -0.2287347E+03  0.2546972E+02 -0.2263204E+02  0.0000000E+00
 -0.2369679E+03 -0.1374891E+03 -0.5284615E+01  0.0000000E+00
 -0.1413488E+03 -0.3220670E+02 -0.1163107E+02  0.0000000E+00
 -0.6414256E+02 -0.6179908E+02 -0.4807256E+01  0.0000000E+00
 -0.6014109E+02 -0.4489383E+02 -0.6159312E+01  0.0000000E+00
 -0.1230236E+02 -0.6346287E+02  0.1033772E+02  0.0000000E+00
 -0.1249624E+03 -0.7519339E+01  0.9481786E+01  0.0000000E+00
 -0.1936646E+03 -0.6609414E+02  0.3034861E+02  0.0000000E+00
 -0.1878098E+03  0.1989146E+02 -0.5425957E+01  0.0000000E+00
 -0.1839285E+03  0.7723087E+02 -0.2928824E+02  0.0000000E+00
 -0.1819855E+03  0.1058989E+03 -0.4121802E+02  0.0000000E+00
  0.7234211E+02 -0.1254741E+03  0.3656519E+00  0.0000000E+00
 -0.8799854E+02  0.3772971E+02  0.1028368E+01  0.0000000E+00
 -0.1060057E+02 -0.4143493E+02  0.1162970E+01  0.0000000E+00
 -0.6576825E+02  0.1250072E+02 -0.5723599E+00  0.0000000E+00
 -0.7552538E+02  0.6029719E+01 -0.1159775E+02  0.0000000E+00
 -0.1340431E+03  0.4143122E+02 -0.2040238E+01  0.0000000E+00
 -0.2462071E+02 -0.2939122E+02 -0.7913666E+01  0.0000000E+00
 -0.1236746E+03  0.8259664E+02 -0.1297826E+01  0.0000000E+00
 -0.3311825E+02  0.4413951E+02  0.3706386E+01  0.0000000E+00
  0.2724349E+02  0.1847326E+02  0.7038223E+01  0.0000000E+00
  0.5742535E+02  0.5643181E+01  0.8704607E+01  0.0000000E+00
  0.1573552E+03 -0.4939039E+02  0.1957972E+02  0.0000000E+00
  0.3114243E+02  0.1016353E+02 -0.3640923E+01  0.0000000E+00
  0.7131754E+02 -0.4781688E+01  0.7400189E+01  0.0000000E+00
  0.8923750E+01  0.2778582E+02  0.1224015E+01  0.0000000E+00
 -0.2284937E+01  0.2359183E+02  0.8396999E+01  0.0000000E+00
 -0.4221189E+02  0.1769033E+02 -0.2818193E+01  0.0000000E+00
  0.3189771E+02 -0.1007552E+02  0.2894043E+01  0.0000000E+00
  0.1138621E+03 -0.8618726E+01 -0.3101099E+02  0.0000000E+00
  0.9958121E+02 -0.2818795E+01  0.7122451E+01  0.0000000E+00
  0.9012944E+02  0.1017822E+01  0.3257151E+02  0.0000000E+00
  0.8539610E+02  0.2939375E+01  0.4529314E+02  0.0000000E+00
 -0.1682287E+02 -0.4109808E+01  0.7496494E+01  0.0000000E+00
  0.2174850E+02  0.5623145E+01 -0.3979004E+01  0.0000000E+00
  0.7175792E+02 -0.1757467E+02  0.4609111E+01  0.0000000E+00
  0.1396378E+03 -0.2819234E+02  0.2624006E+01  0.0000000E+00
  0.1180370E+03 -0.1899871E+02  0.3581590E-01  0.0000000E+00
  0.1752091E+03 -0.4138765E+02  0.1650488E+01  0.0000000E+00
  0.4976333E+02 -0.2075023E+02  0.4291638E+00  0.0000000E+00
  0.1228471E+03 -0.4616934E+02  0.9721208E+01  0.0000000E+00
  0.5127052E+02 -0.2065412E+02 -0.9505512E+01  0.0000000E+00
  0.3528110E+01 -0.3652620E+01 -0.2232858E+02  0.0000000E+00
 -0.2034043E+02  0.4849064E+01 -0.2873954E+02  0.0000000E+00
 -0.8726631E+01 -0.2210920E+02 -0.1246168E+02  0.0000000E+00
  0.4404921E+01  0.1260939E+02 -0.7733111E+00  0.0000000E+00
 -0.9676971E+01 -0.4576986E+01 -0.3249219E+01  0.0000000E+00
 -0.1160270E+02  0.7156439E+01  0.1976638E+01  0.0000000E+00
 -0.8687377E+01  0.2508648E+01 -0.4320003E+01  0.0000000E+00
 -0.6871570E+01  0.1747426E+01  0.2822677E+01  0.0000000E+00
  0.2033953E+02  0.1381973E+02 -0.9094924E+01  0.0000000E+00
 -0.5090314E+02  0.6731623E+01  0.1362697E+02  0.0000000E+00
 -0.5174490E+02  0.7963407E+01 -0.8853690E+00  0.0000000E+00
 -0.5233723E+02  0.8800439E+01 -0.1057676E+02  0.0000000E+00
 -0.5263003E+02  0.9217241E+01 -0.1542067E+02  0.0000000E+00
 -0.5593226E+02 -0.2124213E+02  0.5910301E+01  0.0000000E+00
 -0.1234035E+02  0.1452165E+02 -0.1842795E+01  0.0000000E+00
 -0.2863168E+02 -0.1234816E+01  0.2564613E+01  0.0000000E+00
 -0.8949161E+01  0.1021549E+02  0.1049321E+01  0.0000000E+00
 -0.1471955E+02  0.2243970E+01  0.3364765E+01  0.0000000E+00
 -0.4531923E+02  0.2828499E+02  0.7654598E+00  0.0000000E+00
 -0.9640245E+02  0.1046387E+02  0.3649766E+01  0.0000000E+00
 -0.7126084E+02  0.2495143E+02 -0.4988915E+01  0.0000000E+00
 -0.4797897E+02  0.6050394E+01  0.9490820E+01  0.0000000E+00
 -0.3245518E+02 -0.6553119E+01  0.1915007E+02  0.0000000E+00
 -0.2469355E+02 -0.1285457E+02  0.2397903E+02  0.0000000E+00
 -0.4232178E+02  0.3232641E+02  0.5514461E+01  0.0000000E+00
 -0.3236158E+02 -0.1171347E+02  0.8266457E+00  0.0000000E+00
 -0.3545575E+01  0.3701583E+01  0.2989651E+01  0.0000000E+00
  0.2685034E+02 -0.1543078E+02  0.1012003E+01  0.0000000E+00
  0.1684943E+02 -0.5580036E+01 -0.7966333E+00  0.0000000E+00
  0.4321313E+02 -0.7284589E+01 -0.1028858E+01  0.0000000E+00
 -0.2625017E+02  0.4802278E+01  0.3426437E+01  0.0000000E+00
 -0.1602040E+02 -0.3058409E+01  0.3491767E+00  0.0000000E+00
  0.9971686E+01  0.6134395E+01  0.1165950E+01  0.0000000E+00
  0.2729711E+02  0.1226701E+02  0.1711804E+01  0.0000000E+00
  0.3596011E+02  0.1533287E+02  0.1984586E+01  0.0000000E+00
 -0.9882914E+02 -0.8550021E+02 -0.2443006E+02  0.0000000E+00
 -0.4947800E+02 -0.3217057E+02 -0.3237489E+01  0.0000000E+00
 -0.9107789E+02 -0.3684524E+02 -0.1549100E+02  0.0000000E+00
 -0.8712021E+02  0.4013948E+00 -0.1011809E+02  0.0000000E+00
 -0.6123615E+02  0.1268805E+02 -0.1124966E+02  0.0000000E+00
 -0.3128482E+02  0.4993387E+02 -0.7151591E+01  0.0000000E+00
 -0.4748565E+02 -0.1496752E+02 -0.9362110E+01  0.0000000E+00
 -0.3678840E+02 -0.3580049E+01 -0.5978861E+01  0.0000000E+00
 -0.1029189E+03 -0.9435105E+01  0.4374078E+01  0.0000000E+00
 -0.1470289E+03 -0.1337495E+02  0.1127631E+02  0.0000000E+00
 -0.1690814E+03 -0.1534093E+02  0.1472740E+02  0.0000000E+00
  0.4650878E+02  0.2119476E+03 -0.2912334E+02  0.0000000E+00
  0.2195247E+02 -0.6106012E+02  0.8665572E+00  0.0000000E+00
  0.7019941E+02  0.8552479E+02 -0.1340246E+02  0.0000000E+00
  0.8075989E+02  0.4384867E+01 -0.1511518E+01  0.0000000E+00
  0.2086494E+02 -0.1428204E+02  0.8385711E+01  0.0000000E+00
  0.4975196E+02 -0.8297481E+02  0.1111658E+02  0.0000000E+00
 -0.7318623E+02  0.6177368E+02 -0.5525117E+01  0.0000000E+00
  0.9580523E+02 -0.4950355E+02  0.1225387E+02  0.0000000E+00
 -0.7040824E+01  0.1524602E+02 -0.3589260E+02  0.0000000E+00
 -0.7563834E+02  0.5849881E+02 -0.6800803E+02  0.0000000E+00
 -0.1099335E+03  0.8011587E+02 -0.8406383E+02  0.0000000E+00
 -0.2635431E+01 -0.9398976E+02 -0.1013302E+02  0.0000000E+00
  0.6608849E+02  0.1090644E+02 -0.2232040E+01  0.0000000E+00
 -0.1205396E+02 -0.2626211E+02 -0.1488405E+02  0.0000000E+00
 -0.2468515E+02  0.2834834E+02 -0.1961888E+02  0.0000000E+00
  0.3758095E+01  0.4675252E+02 -0.1326573E+02  0.0000000E+00
  0.3797308E+02  0.1893135E+02  0.6773906E+00  0.0000000E+00
 -0.5198831E+01  0.1445562E+02  0.3004380E+01  0.0000000E+00
 -0.9722961E+02  0.8505752E+01  0.4555338E+01  0.0000000E+00
 -0.5104826E+02  0.3845609E+02  0.1160261E+01  0.0000000E+00
 -0.2023627E+02  0.5846092E+02 -0.1105529E+01  0.0000000E+00
 -0.4832912E+01  0.6845923E+02 -0.2238163E+01  0.0000000E+00
  0.2059052E+03  0.4922691E+02 -0.1943098E+02  0.0000000E+00
 -0.4845799E+02 -0.1070311E+02  0.2485341E+01  0.0000000E+00
  0.8479001E+02  0.3207677E+02 -0.5900211E+01  0.0000000E+00
  0.6882768E+01  0.2202314E+02  0.5359606E+01  0.0000000E+00
  0.8731507E+01  0.2023822E+02  0.9241147E+01  0.0000000E+00
 -0.1391236E+02  0.2905614E+02  0.4601397E+01  0.0000000E+00
  0.1530001E+03  0.1664578E+02  0.2333008E+02  0.0000000E+00
  0.3695219E+02  0.3713700E+02 -0.9426614E+01  0.0000000E+00
  0.6184351E+02  0.3034528E+02  0.2783985E+02  0.0000000E+00
  0.7845366E+02  0.2580222E+02  0.5269998E+02  0.0000000E+00
  0.8675701E+02  0.2353234E+02  0.6512834E+02  0.0000000E+00
 -0.2394090E+02 -0.2174681E+02 -0.8323867E+01  0.0000000E+00
  0.2156578E+02 -0.1820030E+01  0.2926244E+01  0.0000000E+00
 -0.2822540E+02 -0.2467142E+00  0.8007548E+00  0.0000000E+00
 -0.3151534E+02  0.1198845E+02  0.7871089E+01  0.0000000E+00
 -0.1242377E+02 -0.1221026E+02  0.9331933E+01  0.0000000E+00
 -0.4286556E+02 -0.3727317E+01  0.6131296E+01  0.0000000E+00
 -0.9897935E+00  0.4717422E+01 -0.5227712E+01  0.0000000E+00
  0.6033973E+02 -0.2666168E+02  0.1180749E+02  0.0000000E+00
 -0.2125217E+02  0.1103526E+02 -0.7422706E+01  0.0000000E+00
 -0.7559386E+02  0.3611490E+02 -0.2025147E+02  0.0000000E+00
 -0.1027704E+03  0.4866030E+02 -0.2666492E+02  0.0000000E+00
  0.2261283E+02  0.2655920E+02 -0.1167361E+01  0.0000000E+00
 -0.2185109E+02 -0.1493137E+02  0.2360980E+01  0.0000000E+00
  0.2458656E+02  0.8642329E+01 -0.1204189E+01  0.0000000E+00
  0.2305394E+02 -0.1603659E+01 -0.2399697E+01  0.0000000E+00
 -0.1114399E+02  0.2880455E+01 -0.6703944E+01  0.0000000E+00
  0.2126639E+02 -0.3865824E+01 -0.7662315E+01  0.0000000E+00
 -0.6517659E+02  0.3781388E+01 -0.1097763E+02  0.0000000E+00
  0.1959898E+02 -0.3411057E+02 -0.3670364E+01  0.0000000E+00
 -0.2264093E+02 -0.1187694E+01  0.2299500E+01  0.0000000E+00
 -0.5079851E+02  0.2077090E+02  0.6276513E+01  0.0000000E+00
 -0.6487756E+02  0.3174911E+02  0.8265332E+01  0.0000000E+00
 -0.9181243E+02  0.7642604E+02 -0.3822544E+01  0.0000000E+00
  0.8691956E+01 -0.2492771E+02 -0.1754235E+00  0.0000000E+00
 -0.4206157E+02  0.1329509E+02 -0.8407332E+00  0.0000000E+00
 -0.1207572E+02 -0.2830750E+02  0.1036757E+01  0.0000000E+00
 -0.2207837E+02 -0.4743607E+01 -0.1395964E+01  0.0000000E+00
  0.1033395E+01 -0.8131451E+01  0.5992349E+00  0.0000000E+00
 -0.1114175E+02  0.8678757E+01 -0.1568105E+01  0.0000000E+00
 -0.3297834E+01  0.2796783E+01 -0.5644344E+01  0.0000000E+00
 -0.4158782E+01  0.2487251E+02  0.8637018E+01  0.0000000E+00
 -0.4803292E+01  0.3959747E+02  0.1816223E+02  0.0000000E+00
 -0.5117917E+01  0.4695911E+02  0.2292437E+02  0.0000000E+00
 -0.1548286E+02  0.1622931E+02  0.5050830E+00  0.0000000E+00
 -0.1340023E+02 -0.8831106E+01  0.4803507E+00  0.0000000E+00
 -0.1398147E+02  0.6794601E+01 -0.5021104E+00  0.0000000E+00
 -0.1154757E+02  0.4878856E+00 -0.1055094E+01  0.0000000E+00
  0.6268492E+01 -0.3290362E+01  0.1455865E+01  0.0000000E+00
  0.1942157E+02 -0.8195792E+01  0.3002810E+01  0.0000000E+00
 -0.3397340E+02 -0.1249110E+02  0.3331001E+01  0.0000000E+00
 -0.8955614E+01  0.1708779E+02  0.4547694E+01  0.0000000E+00
  0.3952362E+01  0.1295844E+02 -0.5833376E+01  0.0000000E+00
  0.1253239E+02  0.1020690E+02 -0.1275339E+02  0.0000000E+00
  0.1682514E+02  0.8830985E+01 -0.1621348E+02  0.0000000E+00
 -0.3233117E+02 -0.5471296E+01  0.6885809E+01  0.0000000E+00
  0.3213011E+02  0.7664330E+01 -0.1975322E+01  0.0000000E+00
 -0.1148955E+02  0.2675655E+01  0.3165020E+01  0.0000000E+00
  0.4260470E-01  0.9999936E+01  0.8681461E-01  0.0000000E+00
  0.5053324E+01  0.1247109E+02 -0.3782936E+01  0.0000000E+00
  0.2200760E+02  0.3398033E+01 -0.2551591E+01  0.0000000E+00
 -0.4740698E+02  0.1798643E+02 -0.6077701E+00  0.0000000E+00
  0.2444656E+02 -0.1097996E+02  0.6707680E+00  0.0000000E+00
  0.2279518E+02 -0.4691292E+01 -0.1252717E+01  0.0000000E+00
  0.2173148E+02 -0.4778141E+00 -0.2535644E+01  0.0000000E+00
  0.2119560E+02  0.1626651E+01 -0.3177042E+01  0.0000000E+00
  0.1182574E+03  0.4034602E+02  0.2600763E+02  0.0000000E+00
  0.3725987E+02  0.2930356E+02 -0.4630614E+01  0.0000000E+00
  0.5255132E+02  0.2177896E+02  0.1125482E+02  0.0000000E+00
 -0.2987021E+01  0.1301312E+02  0.2575248E+01  0.0000000E+00
 -0.3854263E+02  0.4562646E+02  0.1666099E+01  0.0000000E+00
 -0.5705107E+02  0.2322497E+02 -0.8000136E+01  0.0000000E+00
 -0.1892380E+02  0.3627243E+02  0.3006380E+02  0.0000000E+00
  0.5407393E+02 -0.2502766E+02 -0.1194000E+02  0.0000000E+00
  0.1162364E+03 -0.4679641E+02  0.3408887E+02  0.0000000E+00
  0.1576698E+03 -0.6129868E+02  0.6480314E+02  0.0000000E+00
  0.1783874E+03 -0.6855092E+02  0.8015720E+02  0.0000000E+00
  0.1550823E+03  0.1153931E-01 -0.4166508E+02  0.0000000E+00
  0.1908500E+02 -0.1231032E+01 -0.8534285E+01  0.0000000E+00
  0.9929609E+02 -0.2348324E+02 -0.2183204E+02  0.0000000E+00
  0.7326617E+02 -0.5237785E+02 -0.9282423E+01  0.0000000E+00
  0.1174338E+03 -0.8769603E+02 -0.9366299E+01  0.0000000E+00
  0.8943729E+02 -0.5816024E+02  0.8690729E+01  0.0000000E+00
  0.6778735E+02 -0.7393185E+02 -0.2787122E+02  0.0000000E+00
 -0.9566785E+02 -0.1069749E+02  0.1159334E+02  0.0000000E+00
 -0.8675876E+01  0.5141784E+01 -0.4047303E+02  0.0000000E+00
  0.4936265E+02  0.1568220E+02 -0.7520950E+02  0.0000000E+00
  0.7837717E+02  0.2095448E+02 -0.9257498E+02  0.0000000E+00
 -0.1793125E+02  0.5602268E+02 -0.6694943E+01  0.0000000E+00
  0.5135818E+00 -0.1182563E+02  0.6836477E+00  0.0000000E+00
  0.1915522E+01  0.1140586E+02  0.4104239E+00  0.0000000E+00
  0.1289563E+02 -0.1897001E+02  0.4947677E+01  0.0000000E+00
 -0.1161098E+02 -0.1019025E+02  0.4016986E+00  0.0000000E+00
 -0.1993306E+02 -0.2870693E+02 -0.1530808E+01  0.0000000E+00
  0.3523628E+02 -0.7188169E+02 -0.1848364E+02  0.0000000E+00
  0.2637186E+03 -0.1059428E+03  0.1509192E+01  0.0000000E+00
  0.1331360E+03 -0.1184710E+03 -0.1287679E+02  0.0000000E+00
  0.4601184E+02 -0.1267822E+03 -0.2247704E+02  0.0000000E+00
  0.2457227E+01 -0.1309422E+03 -0.2727613E+02  0.0000000E+00
 -0.4748137E+02 -0.6945881E+02 -0.4571015E+01  0.0000000E+00
  0.1517965E+02  0.1648694E+02  0.5195415E+00  0.0000000E+00
 -0.2647677E+02 -0.1538684E+02 -0.7926290E-01  0.0000000E+00
 -0.2247956E+02  0.2753671E+02  0.3453604E+01  0.0000000E+00
 -0.5426809E+02  0.4949025E+02  0.4096815E+01  0.0000000E+00
 -0.2525628E+02  0.4679868E+02  0.7236014E+00  0.0000000E+00
 -0.1584133E+03  0.3763725E+02 -0.4580728E+01  0.0000000E+00
 -0.1373349E+03  0.3769186E+02  0.4572088E+01  0.0000000E+00
 -0.1568710E+03  0.4979900E+02 -0.7886644E+01  0.0000000E+00
 -0.1698998E+03  0.5785792E+02 -0.1620031E+02  0.0000000E+00
 -0.1764137E+03  0.6188874E+02 -0.2035629E+02  0.0000000E+00
  0.3677083E+02 -0.1293071E+01 -0.6574845E+00  0.0000000E+00
 -0.1836031E+02  0.1052679E+02  0.4212324E+00  0.0000000E+00
  0.6685308E+01  0.2754784E+01 -0.6921578E+01  0.0000000E+00
 -0.1137097E+02  0.1834718E+01 -0.1084229E+02  0.0000000E+00
  0.4856494E+01 -0.2704887E+01 -0.1047821E+01  0.0000000E+00
  0.1893184E+01  0.4362196E+02 -0.3177798E+01  0.0000000E+00
 -0.3044424E+02  0.6357140E+02  0.9617705E+01  0.0000000E+00
 -0.2152066E+03  0.1167526E+03 -0.4268354E+01  0.0000000E+00
 -0.9114978E+02  0.2864585E+02  0.1509674E+02  0.0000000E+00
 -0.8440631E+01 -0.3012667E+02  0.2800486E+02  0.0000000E+00
  0.3291346E+02 -0.5950918E+02  0.3445913E+02  0.0000000E+00
  0.5018722E+02  0.1502522E+02 -0.1869045E+02  0.0000000E+00
 -0.5250433E+01 -0.5738469E+01  0.4529480E+01  0.0000000E+00
  0.1445452E+02  0.1424358E+02 -0.9397203E+01  0.0000000E+00
 -0.8036211E+01  0.1539758E+02 -0.4383798E+01  0.0000000E+00
 -0.2450644E+01  0.7530324E+01 -0.5774817E+01  0.0000000E+00
 -0.5258960E+02 -0.1646967E+01  0.1114466E+01  0.0000000E+00
 -0.1153631E+02  0.1719614E+02 -0.5172178E+01  0.0000000E+00
  0.3835609E+02 -0.3453565E+02  0.1232448E+02  0.0000000E+00
  0.3839412E+02 -0.1318846E+02 -0.1687720E+01  0.0000000E+00
  0.3844174E+02  0.1050215E+01 -0.1104067E+02  0.0000000E+00
  0.3846315E+02  0.8168773E+01 -0.1571590E+02  0.0000000E+00
  0.1291837E+02  0.8474847E+01 -0.5721542E+01  0.0000000E+00
 -0.3015945E+01 -0.1251767E+02  0.4898603E+01  0.0000000E+00
  0.1801453E+02  0.4990810E+01 -0.2444243E+01  0.0000000E+00
  0.1776613E+02  0.3899118E+01 -0.1003802E+01  0.0000000E+00
 -0.7902730E+01 -0.1586529E+00 -0.2549739E+01  0.0000000E+00
  0.1632363E+02 -0.1177327E+02 -0.1360115E+01  0.0000000E+00
 -0.5765971E+02 -0.6882921E+01 -0.3116437E+01  0.0000000E+00
  0.3353445E+02 -0.4727087E+02  0.3978007E+01  0.0000000E+00
  0.2781332E+02 -0.1688721E+02 -0.1265810E+02  0.0000000E+00
  0.2398379E+02  0.3353414E+01 -0.2374901E+02  0.0000000E+00
  0.2207069E+02  0.1347536E+02 -0.2929445E+02  0.0000000E+00
 -0.1030005E+01 -0.5090986E+01  0.1094763E+02  0.0000000E+00
 -0.3407880E+01  0.3822375E+00 -0.9195022E+00  0.0000000E+00
  0.3333362E+01 -0.5433389E+01  0.2834120E+01  0.0000000E+00
  0.6480522E+01 -0.5899937E+01 -0.2016621E+01  0.0000000E+00
  0.6789205E+01 -0.4793542E+01  0.1817311E+01  0.0000000E+00
  0.1149679E+02 -0.8708931E+01 -0.2348643E+01  0.0000000E+00
  0.3774651E+01 -0.6467121E+01  0.7555681E+01  0.0000000E+00
 -0.3832331E+02  0.3247395E+02 -0.1292358E+02  0.0000000E+00
 -0.2673727E+02  0.1084323E+02  0.3866153E+01  0.0000000E+00
 -0.1906979E+02 -0.3565921E+01  0.1507119E+02  0.0000000E+00
 -0.1522993E+02 -0.1077172E+02  0.2067242E+02  0.0000000E+00
  0.4120353E+02 -0.6552733E+01 -0.6611518E+01  0.0000000E+00
 -0.1906370E+02  0.4784820E+01  0.1090992E+01  0.0000000E+00
  0.1707754E+02 -0.1938015E+01 -0.2132126E+01  0.0000000E+00
  0.4782988E+01  0.3145038E+01  0.1206383E+01  0.0000000E+00
  0.9054793E+01  0.1156586E+02  0.3154426E+01  0.0000000E+00
 -0.2723505E+02  0.6646440E+00  0.3438283E+01  0.0000000E+00
  0.3768119E+02 -0.2287624E+01 -0.2611382E+01  0.0000000E+00
 -0.7590563E+01 -0.4984797E+01  0.5725917E+01  0.0000000E+00
 -0.5101772E+02 -0.2027839E+01 -0.4603372E+01  0.0000000E+00
 -0.7997908E+02 -0.3752240E-01 -0.1149448E+02  0.0000000E+00
 -0.9445868E+02  0.9555799E+00 -0.1493950E+02  0.0000000E+00
 -0.2730003E+02  0.1194199E+02  0.8209027E+01  0.0000000E+00
 -0.8509606E+00 -0.6069034E+01 -0.2254516E+00  0.0000000E+00
  0.1256891E+00  0.1963078E+01  0.2975257E+01  0.0000000E+00
  0.2329235E+02 -0.4801522E+01  0.3023507E+00  0.0000000E+00
  0.2303525E+02 -0.6336983E+01  0.1623145E+01  0.0000000E+00
  0.1252161E+02 -0.9322868E+01 -0.5922619E+01  0.0000000E+00
  0.3875435E+02  0.7172680E+01  0.1196216E+02  0.0000000E+00
  0.1386315E+02 -0.1823493E+02 -0.1294151E+02  0.0000000E+00
 -0.1777974E+01 -0.2611719E+02  0.1553380E+02  0.0000000E+00
 -0.1217603E+02 -0.3136239E+02  0.3453596E+02  0.0000000E+00
 -0.1737823E+02 -0.3398603E+02  0.4403503E+02  0.0000000E+00
 -0.5675856E+02 -0.2149501E+02 -0.8891134E+01  0.0000000E+00
  0.1315085E+02  0.2040018E+02  0.6565735E+01  0.0000000E+00
 -0.5533501E+02  0.1820927E+01 -0.3618726E+01  0.0000000E+00
 -0.5793154E+02  0.1751911E+02 -0.1105082E+01  0.0000000E+00
 -0.2970251E+02  0.1066859E+02 -0.7426253E-02  0.0000000E+00
 -0.5221716E+01 -0.2304824E+01  0.5434155E+01  0.0000000E+00
  0.4574488E+01 -0.4282542E+01 -0.8944849E+01  0.0000000E+00
  0.1453347E+02  0.1968309E+02  0.1352423E+02  0.0000000E+00
  0.3978087E+02  0.2924300E+02 -0.1645897E+02  0.0000000E+00
  0.5661792E+02  0.3560845E+02 -0.3646378E+02  0.0000000E+00
  0.6503586E+02  0.3879202E+02 -0.4646445E+02  0.0000000E+00
 -0.8400274E+02  0.3754809E+01 -0.2068339E+02  0.0000000E+00
 -0.7730288E+02  0.1497447E+02  0.1885338E+01  0.0000000E+00
 -0.4115970E+02  0.1661878E+01 -0.4579640E+01  0.0000000E+00
 -0.6177623E+01 -0.1519624E+01  0.6069515E+01  0.0000000E+00
 -0.1606227E+02 -0.3088359E+01  0.2127239E+00  0.0000000E+00
  0.3055106E+01 -0.4013254E+01  0.4444251E+01  0.0000000E+00
 -0.2938552E+02  0.4702318E+01 -0.5162123E+01  0.0000000E+00
 -0.7888821E+02  0.1652047E+02  0.1344903E+02  0.0000000E+00
 -0.4131203E+02 -0.6539479E+00 -0.5014951E+01  0.0000000E+00
 -0.1628554E+02 -0.1209685E+02 -0.1733180E+02  0.0000000E+00
 -0.3769671E+01 -0.1781902E+02 -0.2348941E+02  0.0000000E+00
 -0.3757392E+02 -0.2617723E+02 -0.8344137E+00  0.0000000E+00
  0.1507834E+02  0.8094621E+01  0.1192274E+00  0.0000000E+00
 -0.1431981E+02 -0.1588330E+02  0.8776085E-02  0.0000000E+00
  0.2922927E+01 -0.1114109E+02 -0.5749377E-01  0.0000000E+00
  0.9095833E+01 -0.1286804E+02 -0.1625816E+01  0.0000000E+00
 -0.6550357E+01 -0.5665933E+00  0.1807943E+01  0.0000000E+00
  0.2927238E+02 -0.1480166E+02 -0.7476926E+01  0.0000000E+00
  0.4165034E+02 -0.1716206E+02  0.3260266E+01  0.0000000E+00
 -0.9007949E+01 -0.2101803E+02 -0.7601974E+01  0.0000000E+00
 -0.4278224E+02 -0.2357921E+02 -0.1485417E+02  0.0000000E+00
 -0.5966916E+02 -0.2486082E+02 -0.1847912E+02  0.0000000E+00
  0.5887798E+02 -0.3373476E+02  0.4659890E+01  0.0000000E+00
 -0.3943319E+02  0.5910565E+01 -0.1061224E+01  0.0000000E+00
  0.1841791E+02 -0.1456151E+02 -0.5823296E+00  0.0000000E+00
 -0.3351350E+01 -0.4481546E+01 -0.3870186E+01  0.0000000E+00
  0.1234002E+02 -0.1103451E+02  0.1555732E+00  0.0000000E+00
  0.4057368E+01  0.5583418E+01 -0.2069513E+01  0.0000000E+00
  0.2901388E+02 -0.2171575E+02  0.3899757E-01  0.0000000E+00
  0.8374781E+02  0.2028308E+02 -0.1037388E+02  0.0000000E+00
  0.9124217E+01  0.1315758E+02  0.1169036E+01  0.0000000E+00
 -0.4056549E+02  0.8365947E+01  0.8864832E+01  0.0000000E+00
 -0.6541677E+02  0.5974595E+01  0.1271267E+02  0.0000000E+00
 -0.5498189E+02  0.1818294E+02 -0.8635824E+01  0.0000000E+00
  0.5278846E+01 -0.4328907E+00  0.2158415E+01  0.0000000E+00
 -0.1804367E+02  0.1286299E+01 -0.2222189E+01  0.0000000E+00
  0.5734305E+01 -0.7728939E+01  0.2171726E+01  0.0000000E+00
 -0.8367622E+01  0.1231210E+02 -0.2364510E+00  0.0000000E+00
  0.1467726E+02 -0.6672341E+01 -0.1779548E+01  0.0000000E+00
  0.3427546E+02  0.9800020E+01  0.3666193E+01  0.0000000E+00
  0.1579424E+02  0.2810717E+01  0.3189252E+01  0.0000000E+00
 -0.3826174E+01  0.1613903E+02  0.2108980E+01  0.0000000E+00
 -0.1690464E+02  0.2501853E+02  0.1391637E+01  0.0000000E+00
 -0.2344407E+02  0.2945893E+02  0.1032659E+01  0.0000000E+00
 -0.6398079E+01 -0.1869976E+02 -0.4001603E+01  0.0000000E+00
  0.9996649E+01  0.1113501E+02  0.9052636E+00  0.0000000E+00
  0.5144236E+01 -0.3919352E+01 -0.1629798E+01  0.0000000E+00
  0.1105413E+02  0.6059491E+01  0.1380450E+00  0.0000000E+00
 -0.3411629E+00  0.3024510E+01  0.3190230E+00  0.0000000E+00
 -0.3042697E+01  0.8124091E+00 -0.6872043E+00  0.0000000E+00
 -0.2438747E+02  0.1365170E+02  0.1530501E+01  0.0000000E+00
 -0.8879816E+01 -0.9788415E+01 -0.1319816E+01  0.0000000E+00
  0.1408036E+02 -0.2103982E+02  0.4550906E+00  0.0000000E+00
  0.2934583E+02 -0.2853545E+02  0.1641612E+01  0.0000000E+00
  0.3698304E+02 -0.3228384E+02  0.2234521E+01  0.0000000E+00
 -0.4243628E+02  0.6293146E+01  0.8261634E+00  0.0000000E+00
  0.2392435E+02 -0.3945475E+01 -0.7683251E-01  0.0000000E+00
 -0.1854058E+02  0.1676135E+01 -0.5063919E+00  0.0000000E+00
 -0.2928233E+01 -0.2562622E+01 -0.1467113E+01  0.0000000E+00
  0.3542614E+01 -0.8558101E+01 -0.7502446E-01  0.0000000E+00
 -0.7868785E+01  0.3850869E+00  0.9767471E+00  0.0000000E+00
  0.2451600E+01  0.2889785E+01 -0.1108871E+01  0.0000000E+00
  0.7459082E+01 -0.3377991E+01 -0.2514861E+01  0.0000000E+00
 -0.5632692E+01  0.6239064E+01 -0.5136892E+01  0.0000000E+00
 -0.1438211E+02  0.1265850E+02 -0.6886025E+01  0.0000000E+00
 -0.1875449E+02  0.1586735E+02 -0.7760471E+01  0.0000000E+00
 -0.1548451E+02  0.1387215E+02 -0.5129574E+01  0.0000000E+00
  0.7624533E+01 -0.7964523E+01  0.1993552E+01  0.0000000E+00
 -0.4193350E+01  0.6517702E+01 -0.2696005E+00  0.0000000E+00
  0.3204442E+01  0.1910147E+01  0.2998706E+01  0.0000000E+00
 -0.1606177E-01  0.6381249E+00  0.1225527E+01  0.0000000E+00
  0.9442217E+01 -0.4057498E+01  0.8585638E+00  0.0000000E+00
  0.1355866E+02 -0.1201421E+02  0.3426810E+00  0.0000000E+00
  0.3041361E+02  0.1392519E+02  0.5245956E+01  0.0000000E+00
 -0.4305418E+01  0.8345562E+01 -0.1697774E+01  0.0000000E+00
 -0.2741133E+02  0.4615109E+01 -0.6329674E+01  0.0000000E+00
 -0.3896862E+02  0.2751039E+01 -0.8645327E+01  0.0000000E+00
  0.1335163E+02  0.4047984E+01  0.1874843E+01  0.0000000E+00
 -0.9917385E+01 -0.1244020E+02 -0.1138368E+01  0.0000000E+00
  0.7445303E+01 -0.9053576E+01 -0.2840180E-01  0.0000000E+00
  0.9309812E+01 -0.1780857E+02 -0.2136318E+00  0.0000000E+00
  0.2822614E+02 -0.1529717E+02  0.4387421E+01  0.0000000E+00
  0.1578370E+02 -0.2735652E+02  0.6930532E-01  0.0000000E+00
  0.6428208E+02 -0.1545083E+02  0.7405876E+01  0.0000000E+00
  0.1714253E+02 -0.1577720E+02 -0.6154038E+01  0.0000000E+00
  0.3109989E+02 -0.2622358E+01  0.6227335E+01  0.0000000E+00
  0.4042349E+02  0.6160627E+01  0.1448963E+02  0.0000000E+00
  0.4508327E+02  0.1055070E+02  0.1861990E+02  0.0000000E+00
 -0.2938082E+02  0.8851251E+01 -0.1287374E+02  0.0000000E+00
 -0.4606374E+02  0.2023315E+02  0.5344098E+01  0.0000000E+00
 -0.3592634E+02  0.2015212E+02 -0.5621939E+01  0.0000000E+00
 -0.3663344E+02  0.2656976E+02 -0.1359008E+01  0.0000000E+00
 -0.3292071E+02  0.1951545E+02 -0.2719173E+01  0.0000000E+00
 -0.5926004E+02  0.3209777E+02 -0.1595462E+01  0.0000000E+00
 -0.6393995E+01  0.6756143E+01 -0.1020958E+01  0.0000000E+00
 -0.3460256E+02  0.2266500E+02  0.2168570E+01  0.0000000E+00
  0.3184410E+02 -0.1516817E+02  0.4281677E+01  0.0000000E+00
  0.7619803E+02 -0.4042064E+02  0.5689124E+01  0.0000000E+00
  0.9836893E+02 -0.5304359E+02  0.6392987E+01  0.0000000E+00
 -0.9999680E+01 -0.1602069E+02 -0.4942385E+00  0.0000000E+00
 -0.2954606E+02  0.1226786E+02  0.1160247E+01  0.0000000E+00
 -0.6645043E+00  0.2739492E+01  0.8442693E+00  0.0000000E+00
  0.5879957E+01  0.1643683E+02  0.1342459E+01  0.0000000E+00
 -0.1874472E+02  0.1738126E+02 -0.1606143E+01  0.0000000E+00
 -0.2844931E+02  0.1605523E+02 -0.2205452E+01  0.0000000E+00
 -0.1597667E+02  0.4263354E+01 -0.3613838E+01  0.0000000E+00
 -0.2421244E+02  0.2065730E+02 -0.3425209E+01  0.0000000E+00
 -0.2324066E+02 -0.1214754E+02 -0.2039194E+00  0.0000000E+00
 -0.2262608E+02 -0.3402871E+02  0.1940356E+01  0.0000000E+00
 -0.2231519E+02 -0.4496807E+02  0.3012845E+01  0.0000000E+00
 -0.4685145E+02  0.1643811E+02 -0.1033458E+02  0.0000000E+00
  0.1216419E+02 -0.1717659E+01  0.2317588E+01  0.0000000E+00
 -0.1169876E+02  0.1226334E+02 -0.3821222E+01  0.0000000E+00
  0.1160563E+02  0.5304458E+01 -0.3003606E+00  0.0000000E+00
  0.1029068E+02 -0.1952944E+02 -0.3994044E+01  0.0000000E+00
  0.4071242E+02 -0.3190244E+01 -0.2235169E+00  0.0000000E+00
 -0.8683876E+00 -0.2208094E+02 -0.9102663E+01  0.0000000E+00
  0.8319162E+01  0.4827913E+01  0.3151260E+01  0.0000000E+00
 -0.1736992E+02 -0.3828055E+01 -0.1586068E+02  0.0000000E+00
 -0.3449630E+02 -0.9603830E+01 -0.2853937E+02  0.0000000E+00
 -0.4305946E+02 -0.1249116E+02 -0.3487827E+02  0.0000000E+00
 -0.5344690E+02 -0.1453049E+02 -0.1321610E-01  0.0000000E+00
  0.7596896E+01 -0.1211896E+01  0.1135205E+01  0.0000000E+00
 -0.2354273E+02 -0.3628474E+01 -0.6398126E+00  0.0000000E+00
 -0.3557418E+01  0.2499226E+01 -0.1147901E+01  0.0000000E+00
  0.3505284E+01 -0.1264233E+02  0.1298439E+00  0.0000000E+00
  0.2266936E+02 -0.1376727E+02  0.1555007E+01  0.0000000E+00
  0.1609695E+01 -0.1733518E+02  0.8602114E+00  0.0000000E+00
  0.2241572E+02 -0.1622644E+02 -0.5243707E-01  0.0000000E+00
 -0.2448118E+01 -0.1294427E+02 -0.2221070E+01  0.0000000E+00
 -0.1904840E+02 -0.1074298E+02 -0.3664379E+01  0.0000000E+00
 -0.2734590E+02 -0.9643754E+01 -0.4386298E+01  0.0000000E+00
  0.3342675E+02  0.6441459E+01 -0.1113413E+01  0.0000000E+00
 -0.1658012E+02 -0.4209753E+01  0.1180542E+01  0.0000000E+00
  0.9255317E+01 -0.1243816E+01 -0.2627522E+00  0.0000000E+00
 -0.3872102E+01 -0.4737910E+01  0.4340318E+00  0.0000000E+00
  0.6136898E+01  0.6070393E+01  0.1969959E+01  0.0000000E+00
 -0.1637755E+02 -0.2364502E+01  0.2106116E+01  0.0000000E+00
  0.3042052E+02  0.1269623E+02  0.2382004E+01  0.0000000E+00
 -0.4089701E+02  0.4163537E+01  0.3411691E+01  0.0000000E+00
 -0.1655299E+02 -0.3253999E+01 -0.1666235E+01  0.0000000E+00
 -0.3294220E+00 -0.8201617E+01 -0.5055465E+01  0.0000000E+00
  0.7782988E+01 -0.1067514E+02 -0.6749654E+01  0.0000000E+00
  0.2466864E+02  0.1889952E+02 -0.2245416E+01  0.0000000E+00
  0.6422831E+01 -0.2427871E+01  0.9299614E+00  0.0000000E+00
  0.6723791E+01  0.2899180E+01 -0.1911799E+01  0.0000000E+00
 -0.3356202E+01 -0.7142712E+01 -0.1214457E+01  0.0000000E+00
  0.1420442E+02  0.6495335E+01  0.9111728E+00  0.0000000E+00
  0.4377505E+01  0.1032640E+02 -0.3040063E+01  0.0000000E+00
  0.7431567E+01  0.1426002E+02  0.4257661E+01  0.0000000E+00
  0.2732913E+02  0.1417277E+02 -0.4740446E+01  0.0000000E+00
  0.3182358E+02  0.1445004E+01  0.6057932E+01  0.0000000E+00
  0.3487043E+02 -0.7042276E+01  0.1326358E+02  0.0000000E+00
  0.3638839E+02 -0.1128569E+02  0.1686568E+02  0.0000000E+00
  0.4203428E+02 -0.2205736E+01 -0.5763832E+01  0.0000000E+00
 -0.2059745E+02 -0.5678705E+00  0.1136002E+01  0.0000000E+00
  0.1489324E+02  0.2502438E+01 -0.1524960E+01  0.0000000E+00
 -0.5955379E+00  0.4774397E+01  0.1384954E+01  0.0000000E+00
  0.2918897E+01 -0.3315744E+01  0.4388764E+00  0.0000000E+00
 -0.1233451E+02  0.7151914E+01 -0.1778973E+00  0.0000000E+00
  0.3292123E+02 -0.1594954E+01 -0.7404738E+00  0.0000000E+00
  0.3704893E+02 -0.1255925E+01  0.1073231E+01  0.0000000E+00
 -0.2240036E+01 -0.1294141E+01 -0.8289892E+00  0.0000000E+00
 -0.2840398E+02 -0.1315323E+01 -0.2098629E+01  0.0000000E+00
 -0.4148906E+02 -0.1326378E+01 -0.2733287E+01  0.0000000E+00
 -0.1700118E+02 -0.2147319E+02 -0.8480930E+01  0.0000000E+00
  0.2391821E+01  0.4809649E+01  0.2720944E+01  0.0000000E+00
 -0.1348073E+02 -0.4887053E+01 -0.2261100E+01  0.0000000E+00
 -0.1128710E+02  0.5123142E+01  0.1412231E+01  0.0000000E+00
 -0.6800053E+01 -0.4036515E+01 -0.2592520E+00  0.0000000E+00
 -0.1403256E+02 -0.1531844E+01  0.2895928E+01  0.0000000E+00
  0.2042516E+02 -0.1301669E+02 -0.4314552E+01  0.0000000E+00
 -0.9557676E+01 -0.1861494E+01  0.8265039E+01  0.0000000E+00
 -0.2991438E+02 -0.7987028E+01 -0.6623090E+01  0.0000000E+00
 -0.4350712E+02 -0.1209015E+02 -0.1655980E+02  0.0000000E+00
 -0.5030115E+02 -0.1413960E+02 -0.2152693E+02  0.0000000E+00
  0.3022344E+02  0.5380472E+01  0.1039140E+02  0.0000000E+00
 -0.1066047E+01 -0.1863336E+01 -0.3800085E+00  0.0000000E+00
  0.8203073E+01  0.8675925E+01  0.2317650E+01  0.0000000E+00
 -0.5580036E+01  0.1242417E+02 -0.1938467E+01  0.0000000E+00
  0.6320158E+01  0.8186928E+01  0.4104927E+01  0.0000000E+00
  0.3056605E+01 -0.1753052E+01 -0.4328924E+01  0.0000000E+00
  0.3636941E+02  0.5140483E+01  0.9840325E+01  0.0000000E+00
  0.3715163E-01  0.9756888E+01 -0.1205097E+02  0.0000000E+00
 -0.8308404E+01  0.7825229E+01  0.1245292E+02  0.0000000E+00
 -0.1386428E+02  0.6548280E+01  0.2880529E+02  0.0000000E+00
 -0.1664307E+02  0.5908635E+01  0.3697969E+02  0.0000000E+00
  0.2515085E+02 -0.1873453E+02 -0.1504471E+02  0.0000000E+00
  0.1897540E+00 -0.1985141E+02  0.1389943E+01  0.0000000E+00
  0.1778400E+02 -0.2657262E+02 -0.3791670E+01  0.0000000E+00
  0.1061485E+02 -0.2978087E+02  0.2504475E+01  0.0000000E+00
 -0.4299180E+01 -0.5132271E+01 -0.4678147E+01  0.0000000E+00
 -0.8314186E+01 -0.5893131E+00  0.3798170E+01  0.0000000E+00
 -0.7438086E+02 -0.8607524E+01 -0.1065775E+02  0.0000000E+00
 -0.3130013E+02 -0.3263658E+02  0.1357279E+02  0.0000000E+00
  0.3075440E+02 -0.3427153E+02 -0.1291111E+02  0.0000000E+00
  0.7211624E+02 -0.3536720E+02 -0.3058428E+02  0.0000000E+00
  0.9279800E+02 -0.3591442E+02 -0.3941901E+02  0.0000000E+00
  0.3305339E+02 -0.2049354E+02 -0.7825635E+01  0.0000000E+00
 -0.4547063E+01 -0.5778153E+01 -0.1256286E+01  0.0000000E+00
  0.1482699E+02 -0.1453850E+02 -0.2784743E+01  0.0000000E+00
  0.2742666E+01 -0.1010656E+02 -0.2363224E+00  0.0000000E+00
 -0.2718456E+00 -0.1977902E+01 -0.5186406E+01  0.0000000E+00
 -0.9251039E+01  0.4285747E+01  0.5393899E+00  0.0000000E+00
  0.7755168E+01 -0.6560810E+01 -0.6091475E+01  0.0000000E+00
 -0.4123872E+02  0.1167728E+02  0.5114582E+01  0.0000000E+00
 -0.3780452E+02 -0.4941606E+01 -0.2657682E+01  0.0000000E+00
 -0.3551128E+02 -0.1603488E+02 -0.7846314E+01  0.0000000E+00
 -0.3436507E+02 -0.2158000E+02 -0.1043986E+02  0.0000000E+00
  0.2732908E+02 -0.2068111E+02  0.2123797E+01  0.0000000E+00
 -0.4211047E+01  0.4399942E+00  0.4191630E+00  0.0000000E+00
  0.1595061E+02  0.1993961E+01  0.4712253E-01  0.0000000E+00
  0.8027555E+01  0.1729676E+02 -0.1418465E+01  0.0000000E+00
  0.3241644E+01  0.3435759E+01 -0.1086994E-01  0.0000000E+00
  0.7385698E+01  0.9652107E+01  0.7309282E+00  0.0000000E+00
  0.7049206E+01 -0.1972842E+01  0.1912272E+01  0.0000000E+00
  0.5464757E+01  0.3933468E+02 -0.4737992E+00  0.0000000E+00
  0.7594881E+01  0.2202500E+02 -0.4909435E+01  0.0000000E+00
  0.9007318E+01  0.1048004E+02 -0.7866057E+01  0.0000000E+00
  0.9714364E+01  0.4708111E+01 -0.9344419E+01  0.0000000E+00
 -0.4022025E+01  0.1122302E+02  0.6062898E+01  0.0000000E+00
 -0.8225809E+01 -0.1003312E+01 -0.2699302E+01  0.0000000E+00
  0.2101360E+01  0.1246546E+02  0.2206754E+01  0.0000000E+00
  0.6126861E+01  0.1323166E+02  0.8724329E-02  0.0000000E+00
  0.1807926E+01  0.1806733E+01  0.8891842E+00  0.0000000E+00
  0.1276385E+02 -0.1871934E+01 -0.7580416E+00  0.0000000E+00
 -0.4856126E+01  0.1050410E+01  0.2923369E+01  0.0000000E+00
  0.5144273E+02 -0.1658914E+01 -0.1427122E+01  0.0000000E+00
 -0.1288788E+02 -0.4280762E+01 -0.4186848E+01  0.0000000E+00
 -0.5579949E+02 -0.6029280E+01 -0.6023065E+01  0.0000000E+00
 -0.7725264E+02 -0.6903472E+01 -0.6941563E+01  0.0000000E+00
  0.3121534E+02 -0.2826545E+01 -0.3139140E+01  0.0000000E+00
 -0.8948713E+01  0.8380813E+00  0.8277460E+00  0.0000000E+00
  0.1368978E+02 -0.9185065E+00 -0.1552680E+01  0.0000000E+00
  0.2597574E+01  0.5589659E-01 -0.5939165E+00  0.0000000E+00
 -0.1054939E+00 -0.3122527E+01  0.1308903E+00  0.0000000E+00
 -0.1036890E+02 -0.3826782E+01  0.1036937E+01  0.0000000E+00
 -0.3890595E+00  0.8193787E+01 -0.4785071E+01  0.0000000E+00
 -0.3339187E+02 -0.2649272E+02  0.3141736E+01  0.0000000E+00
 -0.1615634E+02 -0.1154851E+02  0.1357139E+01  0.0000000E+00
 -0.4657174E+01 -0.1591134E+01  0.1653740E+00  0.0000000E+00
  0.1091458E+01  0.3388141E+01 -0.4302888E+00  0.0000000E+00
 -0.2668069E+01  0.3370663E+01  0.3602980E+01  0.0000000E+00
 -0.5293744E+01 -0.3942299E+01  0.5201756E+00  0.0000000E+00
  0.1076153E+01 -0.1902906E+01  0.7670949E-02  0.0000000E+00
  0.2848023E+01 -0.5884491E+01 -0.2171377E+01  0.0000000E+00
 -0.3245000E+01 -0.1642854E+01  0.1283435E+01  0.0000000E+00
  0.5400610E+01  0.7734953E+01 -0.6342534E+00  0.0000000E+00
 -0.2392322E+02 -0.4909261E+01  0.7526709E+00  0.0000000E+00
  0.3866517E+01  0.1277254E+02 -0.4466844E+01  0.0000000E+00
  0.2311770E+02  0.1089612E+02  0.6021854E+01  0.0000000E+00
  0.3594366E+02  0.9637816E+01  0.1301715E+02  0.0000000E+00
  0.4235753E+02  0.9009457E+01  0.1651449E+02  0.0000000E+00
  0.1255522E+02 -0.1640297E+02 -0.6415884E+00  0.0000000E+00
 -0.1476001E+02  0.7102601E+01  0.2388328E+00  0.0000000E+00
  0.2638562E+01 -0.1006877E+02  0.9645235E-01  0.0000000E+00
 -0.3462207E+01 -0.4909322E+01  0.7019725E+00  0.0000000E+00
 -0.1836313E+01  0.5973223E+01  0.1137888E+01  0.0000000E+00
  0.3625778E+01  0.6813003E+00  0.5808224E+00  0.0000000E+00
 -0.3823685E+00 -0.1197069E+01  0.4226229E+00  0.0000000E+00
  0.5045084E+01  0.2064556E+02  0.3375752E+01  0.0000000E+00
 -0.5545106E+00  0.5369460E+01 -0.6573107E+01  0.0000000E+00
 -0.4293777E+01 -0.4809997E+01 -0.1320843E+02  0.0000000E+00
 -0.6162740E+01 -0.9900224E+01 -0.1652580E+02  0.0000000E+00
  0.1122521E+02  0.1087274E+02 -0.1808432E+01  0.0000000E+00
 -0.2660176E+01 -0.2811961E+01 -0.2154607E+00  0.0000000E+00
  0.4981046E+01  0.4921642E+01 -0.9632615E+00  0.0000000E+00
  0.7533851E+00  0.6966018E+00 -0.6656737E+00  0.0000000E+00
 -0.2136133E+01 -0.2261145E+01 -0.1215857E+01  0.0000000E+00
 -0.9901300E+01 -0.3574859E+01  0.7703483E+00  0.0000000E+00
  0.1723089E+01  0.2449621E+01 -0.1343453E+01  0.0000000E+00
 -0.8860583E+01 -0.6846942E+01  0.3813336E+01  0.0000000E+00
 -0.1695640E+02 -0.1229021E+02 -0.3503429E+01  0.0000000E+00
 -0.2236023E+02 -0.1591913E+02 -0.8385716E+01  0.0000000E+00
 -0.2506142E+02 -0.1773359E+02 -0.1082638E+02  0.0000000E+00
 -0.3822039E+01 -0.8930130E+01 -0.2398306E+01  0.0000000E+00
  0.7905988E+01  0.7832652E+01  0.4557067E+01  0.0000000E+00
 -0.3562151E+01 -0.1381711E+01 -0.8337255E-01  0.0000000E+00
 -0.4898778E+01  0.1638985E+01  0.3367261E+00  0.0000000E+00
 -0.8951169E+01 -0.3384734E+01 -0.1709890E+01  0.0000000E+00
 -0.1854739E+02  0.7277814E+01  0.3794281E+01  0.0000000E+00
 -0.1671237E+02 -0.1222837E+02 -0.7337222E+01  0.0000000E+00
 -0.3771686E+01  0.2583114E+01  0.6712076E+01  0.0000000E+00
 -0.5714856E+01  0.6965874E+01 -0.2819894E+01  0.0000000E+00
 -0.7010491E+01  0.9862411E+01 -0.9184584E+01  0.0000000E+00
 -0.7658288E+01  0.1131342E+02 -0.1236584E+02  0.0000000E+00
  0.3038250E+02 -0.1984526E+02  0.7886562E+01  0.0000000E+00
  0.1251132E+02  0.3233201E+01  0.3592501E+01  0.0000000E+00
  0.2041040E+02 -0.4834383E+01  0.1624254E+01  0.0000000E+00
  0.1596763E+02  0.6241030E+01 -0.2539857E+01  0.0000000E+00
  0.2552984E+02  0.1991392E+01  0.3190504E+00  0.0000000E+00
  0.1638109E+02 -0.9749111E+01 -0.4737715E+01  0.0000000E+00
  0.4413214E+02  0.2062437E+00  0.6602109E+01  0.0000000E+00
  0.2105633E+02  0.1449570E+02 -0.8264043E+01  0.0000000E+00
 -0.5823758E+00 -0.1536899E+02  0.4924694E+01  0.0000000E+00
 -0.1499130E+02 -0.3526838E+02  0.1372725E+02  0.0000000E+00
 -0.2219758E+02 -0.4521921E+02  0.1812743E+02  0.0000000E+00
 -0.2235883E+02 -0.3228868E+02  0.4459521E+01  0.0000000E+00
 -0.1239714E+02  0.1464240E+02 -0.1002546E+00  0.0000000E+00
 -0.6393996E+01 -0.1083076E+02  0.1753343E+00  0.0000000E+00
  0.6028168E+01  0.1938702E+00 -0.2316829E+01  0.0000000E+00
  0.5715373E+01 -0.1272205E+02  0.8600544E+00  0.0000000E+00
  0.8347605E+01  0.6199162E+01 -0.1673087E+01  0.0000000E+00
 -0.3224155E+01 -0.6676674E+01  0.4830560E+01  0.0000000E+00
  0.3458655E+02  0.4448309E+01 -0.1074429E+02  0.0000000E+00
  0.1950943E+02 -0.1539551E+02  0.1214267E+01  0.0000000E+00
  0.9426743E+01 -0.2863105E+02  0.9194288E+01  0.0000000E+00
  0.4388781E+01 -0.3524814E+02  0.1318347E+02  0.0000000E+00
 -0.2780013E+01  0.8540409E+01  0.4422390E+01  0.0000000E+00
  0.1124057E+02 -0.3122946E+01 -0.7492290E+00  0.0000000E+00
 -0.1044859E+01 -0.4838146E+01  0.1823476E+01  0.0000000E+00
 -0.3366685E+01 -0.1218998E+02  0.3873866E+00  0.0000000E+00
 -0.1105113E+02  0.5673644E+01  0.8738010E+00  0.0000000E+00
  0.1052183E+02  0.2894396E+01 -0.1530427E+01  0.0000000E+00
  0.1293252E+02  0.1423162E+02  0.5177662E+01  0.0000000E+00
  0.1398992E+02 -0.1239871E+02 -0.7295672E+00  0.0000000E+00
  0.1557394E+02  0.4976407E+01 -0.5601494E+00  0.0000000E+00
  0.1661907E+02  0.1657128E+02 -0.4428543E+00  0.0000000E+00
  0.1714281E+02  0.2236748E+02 -0.3846771E+00  0.0000000E+00
  0.3504816E+02  0.1898596E+01 -0.4354968E+01  0.0000000E+00
 -0.1677409E+02  0.1273708E+01  0.1355892E+01  0.0000000E+00
  0.1969865E+02 -0.2880447E+01 -0.1300756E+01  0.0000000E+00
  0.1013898E+02 -0.3228357E+01  0.6158421E+00  0.0000000E+00
  0.7059621E-01  0.1397080E+02  0.2291351E+00  0.0000000E+00
 -0.3131135E+01 -0.4393977E+01  0.7673398E+00  0.0000000E+00
 -0.3627271E+01  0.4316275E+01 -0.2181811E+01  0.0000000E+00
 -0.3406257E+02  0.2300132E+01  0.5892792E+01  0.0000000E+00
 -0.2432411E+02  0.8356736E+01  0.2572366E+01  0.0000000E+00
 -0.1782739E+02  0.1240498E+02  0.3542632E+00  0.0000000E+00
 -0.1457951E+02  0.1442797E+02 -0.7543034E+00  0.0000000E+00
  0.1357495E+01 -0.1135005E+02 -0.1574109E+01  0.0000000E+00
  0.2602670E+01  0.5798570E+01  0.7333411E+00  0.0000000E+00
 -0.1856582E+01 -0.2677772E+01 -0.9857692E+00  0.0000000E+00
 -0.1665038E+01  0.1785165E+01 -0.5800870E+00  0.0000000E+00
  0.8038417E+01 -0.4823203E+01  0.7493563E+00  0.0000000E+00
 -0.1331083E+02 -0.3578642E+01  0.1535483E+01  0.0000000E+00
  0.9698554E+01 -0.1136732E+02 -0.2333356E+01  0.0000000E+00
 -0.1078508E+02  0.3128578E+01 -0.3584969E+01  0.0000000E+00
 -0.4535590E+01 -0.2397891E+01  0.8570310E+00  0.0000000E+00
 -0.3450614E+00 -0.6095501E+01  0.3817053E+01  0.0000000E+00
  0.1747586E+01 -0.7942869E+01  0.5297206E+01  0.0000000E+00
  0.6686462E+00  0.1560530E+02  0.3394447E+01  0.0000000E+00
 -0.4344457E+01 -0.2810729E+01 -0.1511758E+01  0.0000000E+00
 -0.2125428E+01  0.9481327E+01  0.1774304E+01  0.0000000E+00
 -0.3544797E+01  0.4766347E+01  0.5442766E+00  0.0000000E+00
 -0.1204528E+01 -0.4282762E+01 -0.1224453E+01  0.0000000E+00
  0.1329144E+01 -0.6312920E+01 -0.9978949E+00  0.0000000E+00
  0.6144510E+01  0.1044973E+01 -0.3491302E+00  0.0000000E+00
  0.2563312E+02 -0.1817940E+02  0.1194308E+01  0.0000000E+00
  0.1055902E+02  0.4439474E+01 -0.2740581E+01  0.0000000E+00
  0.5266981E+00  0.1952254E+02 -0.5363976E+01  0.0000000E+00
 -0.4491309E+01  0.2706366E+02 -0.6675658E+01  0.0000000E+00
 -0.2618604E+01  0.2881977E+01 -0.3140273E+01  0.0000000E+00
 -0.1304840E+01  0.7773925E-01  0.9432057E+00  0.0000000E+00
 -0.3940923E+01  0.1869438E+01 -0.7882002E+00  0.0000000E+00
 -0.4862239E+01  0.1083656E+01  0.4836072E+00  0.0000000E+00
 -0.4119811E+01  0.5300395E+00 -0.1044882E+01  0.0000000E+00
 -0.6181960E+01  0.2201651E+01  0.6160208E+00  0.0000000E+00
  0.8470418E+01  0.4437827E+01 -0.1919133E+01  0.0000000E+00
  0.1523249E+02  0.6408340E+01  0.3404025E+01  0.0000000E+00
  0.9727791E+01 -0.5451878E+01  0.3327502E+00  0.0000000E+00
  0.6062079E+01 -0.1336037E+02 -0.1717122E+01  0.0000000E+00
  0.4228781E+01 -0.1731444E+02 -0.2741803E+01  0.0000000E+00
 -0.9569444E+01  0.7234347E+01  0.1191735E+01  0.0000000E+00
  0.3749254E+01 -0.4374889E+01 -0.2460068E+00  0.0000000E+00
  0.2358613E-02 -0.3715652E+00  0.2001139E+00  0.0000000E+00
  0.6813461E+01 -0.4781425E+01 -0.3606571E+00  0.0000000E+00
  0.3594528E+01  0.3381722E+01  0.4875462E+00  0.0000000E+00
 -0.4335874E+01  0.5446748E+01  0.8447361E+00  0.0000000E+00
 -0.3271380E+01 -0.2375093E+01  0.1581529E+01  0.0000000E+00
  0.2534645E+00  0.2114764E+01 -0.3233270E+01  0.0000000E+00
 -0.4695078E+01  0.2514981E+01  0.4514884E+00  0.0000000E+00
 -0.8005523E+01  0.2783826E+01  0.2909777E+01  0.0000000E+00
 -0.9659510E+01  0.2918029E+01  0.4138729E+01  0.0000000E+00
