  1  1  1120 54096  4  4  7  8  5  4    0.00    6.28  200.00  600.00    0.00    6.28   32.00   54.00
  200.0  200.0  200.0  200.0  250.0  350.0  450.0  550.0  600.0  600.0  600.0  600.0
 -0.4406234E+01  0.1902350E+00 -0.1509157E+01 -0.5812339E-01
 -0.1570431E+01 -0.2882824E+01 -0.9862622E+00 -0.1743838E+01
  0.8767240E+01 -0.1290290E+02 -0.3456206E+00 -0.3886657E+01
  0.2433995E+02 -0.2984956E+02 -0.6067400E+00  0.4466524E+00
  0.8537961E+01 -0.1094333E+02 -0.5845712E+00 -0.9151687E-01
  0.3377112E+01 -0.6269290E+01 -0.6098235E+00 -0.2365743E+00
  0.3725655E+00 -0.3439343E+01 -0.6161378E+00 -0.3309524E+00
 -0.6264744E+00 -0.2495680E+01 -0.6179812E+00 -0.3626258E+00
  0.2726965E+01  0.1115500E+01  0.2174855E+01  0.7706137E+00
 -0.1749807E+00  0.5732261E+01  0.1856572E+01  0.1527586E+01
 -0.1225194E+02  0.1677266E+02  0.2328324E+01  0.3325711E+01
 -0.1610521E+02  0.1062422E+02 -0.6950089E+00  0.8938513E+00
  0.2824183E+01 -0.5958187E+01  0.2769605E+00  0.1536838E+01
  0.1291252E+01 -0.2375564E+01  0.5906428E-01  0.1999366E+01
  0.4326251E+00 -0.2351040E+00 -0.1034875E+00  0.2207156E+01
  0.1467234E+00  0.4784778E+00 -0.1580489E+00  0.2275259E+01
  0.1822998E+01 -0.1238731E+01 -0.5358463E+00  0.4894136E+00
  0.2165277E+01 -0.1226409E+01  0.2627147E+00  0.1893414E+01
 -0.5366387E+00 -0.1322744E+01  0.2069038E+01  0.4920840E+01
 -0.1094480E+02  0.7542145E+01  0.3385448E+01  0.3319184E+01
 -0.8126655E+01  0.7084959E+01 -0.1144214E-01  0.3681431E+01
 -0.3011930E+01  0.4301747E+01  0.4513825E-01  0.2634591E+01
  0.1436108E-01  0.2616936E+01  0.5958656E-01  0.1999415E+01
  0.1021287E+01  0.2055663E+01  0.6400569E-01  0.1787636E+01
 -0.6190569E+00 -0.1316455E+01 -0.7531053E+00  0.1271660E+01
  0.3814677E+00 -0.1697596E+01 -0.2967753E+00  0.1300005E+01
  0.2831031E+01 -0.2782247E+01 -0.1094521E+01  0.8739144E+00
 -0.7578317E+00 -0.4848577E+01 -0.2119308E+01  0.4142637E+01
 -0.4184286E+00 -0.1015662E+01  0.9554282E+00  0.1145545E+01
 -0.5573156E+00 -0.1329944E+01  0.1897368E+00 -0.3902615E-01
 -0.6684395E+00 -0.1465076E+01 -0.2373817E+00 -0.6968834E+00
 -0.7054843E+00 -0.1508861E+01 -0.3792554E+00 -0.9152906E+00
 -0.7362656E+00  0.8649589E+00  0.6948412E+00 -0.1980648E+00
 -0.7932170E+00  0.1618687E+01 -0.1359342E+00 -0.6829505E+00
 -0.1888497E+00  0.3270709E+01 -0.2021421E+01 -0.2542416E+01
  0.5428634E+01 -0.5480032E+01 -0.6924759E+00 -0.4537217E+01
  0.6041992E+00 -0.6102455E-01  0.1402815E+00  0.6151163E+00
 -0.1749627E-01  0.3634692E+00 -0.1374186E-01  0.8140552E-01
 -0.3855682E+00  0.5962287E+00 -0.1002224E+00 -0.2410905E+00
 -0.5080425E+00  0.6734149E+00 -0.1287793E+00 -0.3485528E+00
 -0.9722654E+00  0.8493614E+00 -0.3933231E+00 -0.1461723E+01
 -0.5886701E+00  0.4306620E+00 -0.6495822E+00 -0.1927772E+01
  0.1263867E+00 -0.4961150E+00  0.2726974E-01 -0.3434509E+01
  0.9284336E+00 -0.2035324E-01 -0.4212243E+00 -0.3649762E+01
  0.2565269E+01 -0.2664529E+01 -0.7504878E+00 -0.1425712E+01
  0.1371636E+01 -0.1162739E+01 -0.1952771E+00 -0.8288786E+00
  0.6673270E+00 -0.2568071E+00  0.1136013E+00 -0.4435458E+00
  0.4324982E+00  0.4526012E-01  0.2161353E+00 -0.3146526E+00
 -0.7922630E+00  0.1112290E+00 -0.2978242E+00 -0.9854057E+00
 -0.5874648E+00  0.2584216E+00  0.8525898E+00 -0.1188000E+01
 -0.5409740E-01  0.1178048E+01  0.2436626E+01 -0.2328760E+01
  0.1607894E+01  0.5002004E+00  0.1727883E+01 -0.2133196E+01
  0.1543249E+01 -0.1701811E+01  0.1104747E-01 -0.7603631E+00
  0.6817518E+00 -0.9787525E+00 -0.2841402E+00 -0.2928108E+00
  0.1806305E+00 -0.5572261E+00 -0.4171110E+00 -0.5724463E-01
  0.1377051E-01 -0.4168701E+00 -0.4607080E+00  0.2018092E-01
  0.3416906E+00  0.1272304E+00  0.2004440E+00 -0.6734133E+00
  0.8936579E-01 -0.3216836E+01 -0.7010033E+00 -0.1438140E+01
  0.1878150E+01 -0.1247988E+02 -0.3108918E+01 -0.3653769E+01
  0.2244168E+00 -0.6589738E+01 -0.4075746E+01 -0.1130178E+02
  0.3772521E+01 -0.1420997E+01 -0.1435599E+00 -0.2927210E+01
  0.2954137E+01 -0.1410096E+01 -0.4904698E+00 -0.2203972E+01
  0.2478538E+01 -0.1322994E+01 -0.6820248E+00 -0.1777001E+01
  0.2320357E+01 -0.1292831E+01 -0.7454849E+00 -0.1634735E+01
  0.7675334E+00  0.1597550E+01 -0.1105025E+00  0.9924244E+00
 -0.2869550E+00  0.6228586E+01  0.1328371E+01  0.1385061E+01
 -0.4855182E+01  0.1900438E+02  0.6329490E+01  0.3744395E+01
 -0.2155991E+01  0.1520969E+02  0.8392647E+01  0.1129331E+02
  0.2353472E+01  0.1267786E+01  0.1289452E+00  0.8681169E+00
  0.1926057E+01  0.1302963E+01  0.1541611E+00  0.7939924E+00
  0.1707767E+01  0.1297285E+01  0.1390850E+00  0.7453017E+00
  0.1634929E+01  0.1295426E+01  0.1335563E+00  0.7289716E+00
  0.2270253E+00 -0.6445312E+00  0.1228476E+01 -0.1261674E+01
  0.1252502E+00  0.1805490E+01  0.2854686E+01  0.1225838E+01
 -0.1661835E+01  0.7102145E+01  0.6826428E+01  0.5773667E+01
 -0.3597015E+01  0.3702920E+01 -0.1023170E+01  0.6408990E+01
 -0.2328221E+01  0.4972862E+01  0.1846125E+00  0.1508164E+01
 -0.6481656E+00  0.3263889E+01 -0.1319554E+00  0.8481319E+00
  0.3236438E+00  0.2260115E+01 -0.3415942E+00  0.4975210E+00
  0.6461320E+00  0.1926309E+01 -0.4119177E+00  0.3810724E+00
  0.5956279E+00 -0.7783090E+00  0.2788040E+00  0.2880481E+00
  0.1498894E+01 -0.2396125E+01 -0.4449178E+00  0.6365446E+00
  0.5005623E+01 -0.8333299E+01 -0.2068026E+01  0.2766305E+01
  0.3373664E+01 -0.3558137E+01  0.1378202E+01  0.3260647E+00
 -0.3183400E+01  0.3540620E+01  0.2689605E+00 -0.2792415E+00
 -0.6759655E+00  0.1072995E+01  0.1878256E+00 -0.1159028E+00
  0.7914594E+00 -0.3504890E+00  0.1417025E+00 -0.4726391E-01
  0.1279651E+01 -0.8241827E+00  0.1262996E+00 -0.2472670E-01
 -0.1245321E+01  0.5749302E-01 -0.3151713E+00 -0.1264917E-01
 -0.2052639E+01 -0.3436698E+00 -0.2633046E+01 -0.1739426E+01
 -0.3197687E+01 -0.2949368E+01 -0.7178240E+01 -0.5152183E+01
  0.3027027E+01 -0.4447351E+01 -0.5680704E+01 -0.4533935E+01
 -0.2265936E+01 -0.1292824E+01 -0.1996632E+01 -0.2258004E+01
 -0.1044342E+01 -0.5080853E+00 -0.6885170E+00 -0.1449068E+01
 -0.3881765E+00  0.4026041E-01  0.7898331E-01 -0.9779107E+00
 -0.1704882E+00  0.2238556E+00  0.3347460E+00 -0.8209972E+00
  0.1224329E+00 -0.1130200E+01 -0.7622383E-02 -0.6459809E+00
 -0.3729710E+00 -0.2243091E+00  0.3031374E+00 -0.1466080E+01
 -0.8760832E+00  0.2188140E+00  0.1893481E+01 -0.2760074E+01
  0.4024863E+01 -0.2009853E+01  0.3541038E+01  0.1152596E+01
  0.1627022E+01 -0.1484659E+01 -0.2262400E+01 -0.1974181E+01
  0.1488706E+01 -0.6549448E+00 -0.1210427E+01 -0.1155019E+01
  0.1366444E+01 -0.1273653E+00 -0.6012273E+00 -0.6460050E+00
  0.1325222E+01  0.4888470E-01 -0.3984238E+00 -0.4759471E+00
 -0.1686991E+00 -0.4902562E+00  0.4161029E+00 -0.1401078E+01
 -0.6974817E-01  0.3159966E+00  0.2080457E+01 -0.3517464E+00
 -0.4945356E+00  0.3536797E+01  0.4584138E+01  0.9703422E+00
 -0.2552628E+01  0.1479452E+01 -0.2445942E+01 -0.1625443E+01
  0.2356761E+01 -0.3628455E+01  0.5779368E+00 -0.6744304E+00
  0.8143098E+00 -0.1756182E+01 -0.7314010E-01  0.5495140E-01
 -0.6359478E-01 -0.6724989E+00 -0.4436694E+00  0.4429990E+00
 -0.3552591E+00 -0.3119495E+00 -0.5667695E+00  0.5713421E+00
  0.2916295E+00  0.5943605E-03  0.1609518E+01  0.2561172E+00
  0.3774705E+00  0.6084238E+00 -0.1092710E+00  0.1060413E+01
  0.2164657E+01 -0.8688920E-01 -0.2982949E+01  0.2987289E+01
  0.1483934E+02 -0.1322408E+02  0.2851676E+01  0.3897820E+00
  0.9877272E+01 -0.8043417E+01  0.2305321E+01  0.7698496E+00
  0.3194932E+01 -0.3312166E+01  0.8920291E+00  0.4180064E-01
 -0.6686557E+00 -0.4750425E+00  0.7062507E-01 -0.3677160E+00
 -0.1953083E+01  0.4709020E+00 -0.2026279E+00 -0.5036700E+00
 -0.1730344E+01  0.1228030E+01 -0.1478479E+00 -0.2582000E+01
 -0.2524609E+01  0.2086147E+01  0.9999157E+00 -0.3864814E+01
 -0.5302638E+01  0.7396238E+01  0.2948247E+01 -0.6723079E+01
 -0.1002824E+02  0.9043794E+01 -0.3742534E+01 -0.1934730E+01
  0.1615628E+01 -0.9461589E+00 -0.1500066E+01  0.8482306E+00
  0.1364196E+01 -0.2410549E+00 -0.8568472E+00  0.1156964E+01
  0.1176523E+01  0.1390128E+00 -0.4922847E+00  0.1317525E+01
  0.1112966E+01  0.2652071E+00 -0.3709905E+00  0.1370320E+01
 -0.1556621E+01  0.1258862E-01  0.6672508E+00  0.1447879E+01
 -0.5366529E+00 -0.2623717E+00  0.1296315E+01  0.2211211E+01
  0.2616483E+01 -0.1531008E+01  0.2747533E+01  0.2982705E+01
 -0.2823139E+01 -0.1926593E+01 -0.8577090E+00 -0.1011871E+01
 -0.8941133E+01  0.6161835E+01 -0.2061102E+01  0.6653940E+00
 -0.2445804E+01  0.2927156E+01 -0.8673527E+00  0.8144142E+00
  0.1355404E+01  0.9422963E+00 -0.1603817E+00  0.9199069E+00
  0.2619893E+01  0.2805009E+00  0.7515775E-01  0.9551575E+00
  0.2150420E+01 -0.1370267E+01 -0.6860029E-01  0.1943430E+01
  0.1568085E+01 -0.4914489E+00 -0.8529815E+00  0.6103234E+00
  0.1372236E+01 -0.2446471E+01 -0.1934467E+01  0.9172113E+00
  0.5003968E+01 -0.4475402E+01  0.5520881E+00  0.1160088E+01
 -0.5453670E-01 -0.1959918E+01  0.1668768E+00 -0.1265860E+01
 -0.7262141E+00 -0.1000311E+01  0.2635694E-02 -0.7607693E+00
 -0.1140183E+01 -0.3485014E+00 -0.9356522E-01 -0.4840319E+00
 -0.1277959E+01 -0.1300526E+00 -0.1255207E+00 -0.3919692E+00
  0.1089771E+01  0.3556778E+00  0.2624410E+00 -0.1199799E+01
  0.4551374E+00 -0.5823594E+00  0.8207124E+00 -0.1177645E+01
 -0.1568218E+01 -0.3168958E+01  0.1559865E+01 -0.2956260E+00
  0.4600530E+01 -0.6882287E+00  0.3938887E+00  0.1362798E+01
  0.8088259E+00  0.1080999E+01 -0.9447794E+00  0.2259301E+00
 -0.1265195E+00  0.1015157E+01 -0.4528524E+00  0.5307002E+00
 -0.6769342E+00  0.9686216E+00 -0.1743362E+00  0.6450072E+00
 -0.8604594E+00  0.9530813E+00 -0.8173476E-01  0.6819453E+00
 -0.4930855E-01  0.4774470E+00  0.4629414E+00 -0.9421179E+00
 -0.4117851E+00 -0.6401154E+00  0.3739796E+00 -0.6065385E+00
  0.6687276E+00 -0.4575443E+01  0.1545068E+01 -0.3268466E+00
  0.6593922E+00  0.2245590E-01  0.2261624E+01  0.1200739E+01
  0.2204679E+01 -0.1099822E+01 -0.2354007E+00  0.1759092E+01
  0.1323901E+01 -0.5214893E+00  0.1612137E+00  0.1548247E+01
  0.8215977E+00 -0.1771478E+00  0.3988954E+00  0.1427128E+01
  0.6546430E+00 -0.6251681E-01  0.4781596E+00  0.1386573E+01
 -0.1383237E+00  0.5542704E+00  0.8846707E+00  0.8701076E-01
 -0.7643898E+00  0.5883415E+00 -0.8214127E+00  0.1592431E+01
 -0.1501459E+01  0.6821630E+00 -0.3036334E+01  0.3986196E+01
  0.1157393E+01 -0.5036008E+00  0.2743228E+01  0.1351647E+01
  0.4737671E+00 -0.2836378E+01  0.2467516E+01 -0.5180305E+00
  0.5018225E+00 -0.1329510E+01  0.8519886E+00  0.4015934E+00
  0.5255792E+00 -0.4365821E+00 -0.9433728E-01  0.9554297E+00
  0.5335317E+00 -0.1392655E+00 -0.4092503E+00  0.1139800E+01
 -0.6656939E+00 -0.6774626E+00 -0.1134189E+01  0.4679586E+00
 -0.6635184E-01 -0.1747845E+01 -0.2308752E+00  0.4248779E+00
  0.1978112E+01 -0.5058631E+01  0.1027189E+00  0.5425363E-01
  0.3292832E+01  0.7133210E+00 -0.4068853E+01 -0.4885324E+01
 -0.2610770E+01  0.4430073E+01 -0.1621069E+01 -0.2019946E+01
 -0.6928213E+00  0.1923613E+01 -0.8242797E+00 -0.6935793E+00
  0.4278339E+00  0.4699154E+00 -0.3756372E+00  0.1206530E+00
  0.8006042E+00 -0.1384744E-01 -0.2266805E+00  0.3922825E+00
 -0.3541213E+00  0.1298061E+01  0.1540128E+01  0.3620309E+00
 -0.1239205E+01  0.2959050E+01  0.1373374E+01  0.1255054E+01
 -0.2792806E+01  0.7571945E+01  0.1327984E+01  0.1004166E+01
  0.8778351E-01  0.8181334E+00 -0.7673695E+00  0.1180195E+01
 -0.2492291E+00 -0.3443170E+00  0.5441575E+00  0.1510129E+01
 -0.5344289E+00  0.2261149E-01  0.1351314E+00  0.3076989E+00
 -0.6752656E+00  0.2424126E+00 -0.1109409E+00 -0.3679042E+00
 -0.7218956E+00  0.3157986E+00 -0.1929819E+00 -0.5922290E+00
 -0.2032502E+00  0.5836248E-01  0.7536581E+00 -0.1432989E+00
 -0.3195278E+00  0.2212495E+01  0.1089699E+01  0.1685889E+00
 -0.1249331E+01  0.7274137E+01  0.2074288E+01  0.1315180E+01
 -0.1988039E+01  0.4773006E+01  0.4022271E+01  0.6598848E+01
  0.1751265E+01 -0.3584641E+01  0.1497454E+01  0.3429900E+00
  0.2589697E+00 -0.1225051E+01  0.2239883E+00  0.2674433E+00
 -0.6206797E+00  0.2141664E+00 -0.5464671E+00  0.2536007E+00
 -0.9135939E+00  0.6939761E+00 -0.8034199E+00  0.2496013E+00
  0.1501214E+00  0.4755269E-01  0.2918657E+00 -0.3387299E+00
  0.2866524E+00 -0.1588463E+01  0.7087486E+00  0.8729122E+00
  0.1439142E+00 -0.5447902E+01  0.9148518E+00  0.3643236E+01
 -0.3336780E+01  0.2067372E+01 -0.4178990E+00  0.2817885E+01
  0.2184414E+00  0.2181794E+01  0.2289797E+00 -0.1042357E+01
  0.1812693E+00  0.8996224E+00  0.2317996E-01 -0.7696928E+00
  0.1691066E+00  0.1328422E+00 -0.7520253E-01 -0.6049920E+00
  0.1652875E+00 -0.1226609E+00 -0.1075486E+00 -0.5501347E+00
  0.2580729E+00  0.4391937E+00  0.3138102E+00 -0.1510579E+01
  0.1143745E+00 -0.1374608E+01 -0.7550768E+00 -0.1205221E+01
  0.7582671E+00 -0.6517483E+01 -0.2273599E+01 -0.2378456E-01
 -0.4204200E+00  0.4530582E+00  0.1202393E+01 -0.2935303E+01
  0.1255921E+01 -0.3323334E+00  0.7110702E+00 -0.2399835E+00
  0.3307922E+00 -0.5542168E+00  0.3982664E+00 -0.3360060E+00
 -0.2124551E+00 -0.6840150E+00  0.2018956E+00 -0.3808748E+00
 -0.3930734E+00 -0.7274597E+00  0.1364446E+00 -0.3954865E+00
  0.2760214E+00 -0.4856722E+00 -0.6080562E+00  0.4499023E+00
 -0.4460512E+00  0.3283097E+00 -0.5001905E+00  0.1582516E+00
 -0.2380885E+01  0.1788412E+01 -0.1421136E+01 -0.1092987E+01
  0.1527300E+00  0.1012758E+01 -0.2137154E+01 -0.3586654E-01
 -0.2046167E+01  0.9696096E+00 -0.4300842E+00 -0.1022776E+01
 -0.7479758E+00 -0.2021173E+00 -0.2678762E+00 -0.4662453E+00
  0.1424407E-01 -0.8713580E+00 -0.1609801E+00 -0.1225804E+00
  0.2678432E+00 -0.1093821E+01 -0.1251452E+00 -0.7779505E-02
  0.1400948E+00 -0.7045874E+00 -0.2097334E+00  0.1176661E-01
 -0.3002112E+00  0.7768177E+00  0.2884644E+00 -0.6057879E+00
 -0.6684428E+00  0.4411949E+01  0.3637069E+00 -0.1735351E+01
  0.8001421E+00 -0.2846465E+01 -0.1721653E+00  0.8378723E+00
 -0.6183483E+00 -0.9714205E-01 -0.1176224E+01 -0.9104333E+00
 -0.2100533E+00 -0.2744323E+00 -0.8252790E+00 -0.4581919E+00
  0.4443684E-01 -0.3915407E+00 -0.5981778E+00 -0.1992170E+00
  0.1295634E+00 -0.4307166E+00 -0.5222255E+00 -0.1132571E+00
  0.3712262E+00  0.3405291E+00  0.6613964E+00 -0.2742171E+00
  0.6210078E-01  0.5880760E+00  0.4144198E-01 -0.2772684E+00
 -0.6633290E+00  0.1304911E+01 -0.5066243E+00 -0.1899861E+00
 -0.7247910E+00 -0.1711032E+01  0.1764711E+01  0.1356314E+01
  0.2181083E+01 -0.2742897E+01  0.9061284E+00  0.7560038E+00
  0.7910178E+00 -0.1253431E+01  0.4063299E+00  0.1367651E+00
 -0.1860833E-01 -0.3768055E+00  0.1237855E+00 -0.2427851E+00
 -0.2878747E+00 -0.8486961E-01  0.2995818E-01 -0.3693816E+00
  0.1428759E+00 -0.4128374E+00 -0.7661662E+00 -0.2330267E+00
  0.4300389E+00 -0.7446786E+00 -0.4872070E+00 -0.7041606E+00
  0.6051809E+00 -0.1505899E+01  0.1057941E+00 -0.5301206E+00
 -0.8168225E+00  0.1518594E+01  0.9276316E+00  0.3524653E+00
  0.4298192E+00  0.2290983E+00 -0.3384931E+00 -0.6045424E+00
  0.5145679E+00  0.9475547E-01 -0.1006841E+00 -0.9982416E-02
  0.5521051E+00  0.9393400E-02  0.3831958E-01  0.3226919E+00
  0.5644000E+00 -0.1914375E-01  0.8460315E-01  0.4331072E+00
  0.3002514E-01 -0.8675795E-01 -0.2147047E+00  0.3697001E-01
  0.1357411E+00 -0.9232452E+00 -0.1924030E+00  0.1577607E+00
  0.6042367E+00 -0.2966789E+01 -0.2223646E+00  0.6297638E-01
  0.4725481E+00 -0.2087534E+01 -0.2095476E+01 -0.2672808E+01
 -0.1577550E+01  0.2550401E+01 -0.8283262E+00  0.1018275E-01
 -0.3257479E+00  0.1062383E+01 -0.1706755E+00 -0.5161825E-02
  0.4088585E+00  0.1576366E+00  0.2246685E+00 -0.2455882E-01
  0.6532994E+00 -0.1439180E+00  0.3564676E+00 -0.3127924E-01
  0.1053905E+00 -0.1732644E+00 -0.1200163E+00  0.3025374E+00
  0.8855568E-01  0.5228295E+00 -0.4338594E+00 -0.3301850E+00
  0.4684232E+00  0.1738809E+01 -0.7450168E+00 -0.1461704E+01
  0.2216780E+01 -0.1587204E+01  0.3610534E+00 -0.1271110E+01
 -0.4013268E+00 -0.8466568E+00 -0.7686358E-01  0.4075458E+00
 -0.1917582E+00 -0.3956585E+00  0.6139086E-02  0.3192232E+00
 -0.7496803E-01 -0.1166736E+00  0.4412872E-01  0.2614871E+00
 -0.3622703E-01 -0.2358123E-01  0.5657823E-01  0.2422206E+00
 -0.1769229E+00 -0.1874520E+00 -0.1661561E+00  0.6630693E+00
 -0.2177446E+00  0.6021783E+00  0.1719995E+00  0.3576509E+00
 -0.7516456E+00  0.2710555E+01  0.5343682E+00 -0.4783065E+00
  0.7462753E+00 -0.6676252E+00 -0.1082332E+01  0.1086903E+01
 -0.7710622E+00  0.1047770E+00 -0.5826764E+00 -0.7777201E-01
 -0.2636752E+00  0.2807100E+00 -0.2825227E+00  0.6059295E-01
  0.2858770E-01  0.3913617E+00 -0.1007639E+00  0.1321824E+00
  0.1256855E+00  0.4284053E+00 -0.4020056E-01  0.1557986E+00
 -0.1255687E+00  0.1594407E+00  0.3210368E+00 -0.3318002E+00
  0.1586017E+00 -0.2167260E+00  0.2920907E+00 -0.2462238E+00
  0.1113630E+01 -0.1110913E+01  0.9523515E+00  0.2583992E+00
  0.3331631E+00 -0.6747301E+00  0.1492275E+01  0.1922009E+00
  0.1269174E+01 -0.6700851E+00 -0.1242045E-01  0.4163322E+00
  0.5757611E+00  0.8020120E-02  0.2819212E-01  0.2092744E+00
  0.1657155E+00  0.4010579E+00  0.4587981E-01  0.8222660E-01
  0.2924842E-01  0.5317983E+00  0.5165520E-01  0.3978296E-01
 -0.9143009E-01  0.3288432E+00  0.1908306E+00 -0.1292995E+00
  0.9538032E-01 -0.3142267E+00  0.3722483E-02  0.3532664E+00
  0.1927606E+00 -0.1777606E+01  0.6969128E-01  0.1160433E+01
 -0.5561218E+00  0.1488419E+01  0.1673628E-01 -0.4781749E+00
  0.5436544E+00 -0.4488771E+00  0.7657552E+00  0.3502236E+00
  0.2055298E+00 -0.1043890E+00  0.4428157E+00  0.2505148E+00
  0.2801177E-02  0.1032286E+00  0.2441946E+00  0.1922615E+00
 -0.6482796E-01  0.1724214E+00  0.1779332E+00  0.1729147E+00
  0.3281924E+00 -0.1918495E-01  0.1082471E+00  0.7401127E-02
  0.1639002E+00  0.1720688E+00  0.6872887E-01  0.1291564E+00
 -0.4728267E+00  0.8086244E+00  0.1912435E-01  0.2860057E+00
 -0.1520909E+01  0.1977820E+01  0.4440391E-01 -0.6234282E-02
 -0.5051598E+00  0.7157240E+00  0.4393026E-01  0.1442720E-01
 -0.1862048E+00  0.3981505E+00  0.4415016E-01  0.2038227E-01
 -0.6690669E-03  0.2061473E+00  0.4367559E-01  0.2460647E-01
  0.6101836E-01  0.1421281E+00  0.4349931E-01  0.2603197E-01
 -0.1907858E+00 -0.7778723E-01 -0.1509186E+00 -0.6285857E-01
 -0.3793840E-02 -0.3717859E+00 -0.1314461E+00 -0.1211981E+00
  0.7855751E+00 -0.1081803E+01 -0.1726326E+00 -0.2517996E+00
  0.1031977E+01 -0.6930794E+00  0.3914134E-01 -0.5787404E-01
 -0.2297761E+00  0.4512108E+00 -0.1082225E-01 -0.1039217E+00
 -0.1042329E+00  0.1838700E+00  0.3249397E-03 -0.1349582E+00
 -0.3304451E-01  0.2415268E-01  0.9305425E-02 -0.1487382E+00
 -0.9336810E-02 -0.2909161E-01  0.1232616E-01 -0.1532518E+00
 -0.1272935E+00  0.8754009E-01  0.3520564E-01 -0.3637585E-01
 -0.1459164E+00  0.8333440E-01 -0.1979557E-01 -0.1354897E+00
  0.3282655E-01  0.1036638E+00 -0.1421170E+00 -0.3490708E+00
  0.7013147E+00 -0.4663423E+00 -0.2422143E+00 -0.2603674E+00
  0.5559131E+00 -0.4868584E+00 -0.6080120E-02 -0.2766101E+00
  0.2084996E+00 -0.2956750E+00 -0.7342980E-02 -0.1911196E+00
  0.3109829E-02 -0.1800182E+00 -0.6638252E-02 -0.1394991E+00
 -0.6522846E-01 -0.1414900E+00 -0.6374049E-02 -0.1222920E+00
  0.4391993E-01  0.9142030E-01  0.4824372E-01 -0.8616914E-01
 -0.2572308E-01  0.1126518E+00  0.1789990E-01 -0.9349102E-01
 -0.1975919E+00  0.1840828E+00  0.8169344E-01 -0.7221123E-01
  0.7837984E-01  0.3551120E+00  0.1467563E+00 -0.3065245E+00
  0.5575236E-01  0.7179714E-01 -0.6965816E-01 -0.9749088E-01
  0.5361308E-01  0.9097296E-01 -0.1374293E-01 -0.5224036E-02
  0.5428940E-01  0.9873648E-01  0.1742046E-01  0.4615554E-01
  0.5451721E-01  0.1012362E+00  0.2777134E-01  0.6321609E-01
  0.5508059E-01 -0.6339737E-01 -0.4949606E-01  0.1659186E-01
  0.5481799E-01 -0.1118437E+00  0.7613056E-02  0.5102512E-01
  0.1410297E-01 -0.2213916E+00  0.1381273E+00  0.1825781E+00
 -0.3270697E+00  0.4104485E+00  0.6058761E-01  0.3253008E+00
 -0.2873201E-01  0.5873182E-02 -0.3672820E-02 -0.4248549E-01
  0.9504333E-02 -0.2379142E-01  0.2929412E-02 -0.6311011E-02
  0.3192593E-01 -0.3971203E-01  0.6467564E-02  0.1571909E-01
  0.3938210E-01 -0.4498581E-01  0.7628076E-02  0.2306333E-01
  0.7082054E-01 -0.5856661E-01  0.2829377E-01  0.1028529E+00
  0.4526174E-01 -0.3300734E-01  0.4463965E-01  0.1387547E+00
 -0.3714028E-02  0.2988013E-01 -0.2727279E-02  0.2562529E+00
 -0.6605700E-01  0.2069278E-01  0.3954098E-01  0.2824489E+00
 -0.1897326E+00  0.1989709E+00  0.5433255E-01  0.1016289E+00
 -0.1003545E+00  0.8763170E-01  0.1365459E-01  0.6047567E-01
 -0.4747890E-01  0.2042303E-01 -0.8898139E-02  0.3379942E-01
 -0.2984834E-01 -0.1987556E-02 -0.1638332E-01  0.2487418E-01
  0.5714805E-01 -0.7625310E-02  0.2256935E-01  0.7136817E-01
  0.4926058E-01 -0.2590742E-01 -0.6037138E-01  0.8414162E-01
  0.3111651E-01 -0.1097121E+00 -0.1759181E+00  0.1653076E+00
 -0.1057414E+00 -0.5333246E-01 -0.1246295E+00  0.1509438E+00
 -0.1203138E+00  0.1258243E+00 -0.2210545E-02  0.5925825E-01
 -0.5403214E-01  0.7013468E-01  0.2011148E-01  0.2653312E-01
 -0.1540409E-01  0.3763425E-01  0.3037338E-01  0.9969246E-02
 -0.2540229E-02  0.2681304E-01  0.3374223E-01  0.4523272E-02
 -0.2634129E-01 -0.1930432E-01 -0.9639196E-02  0.5261946E-01
 -0.1295472E-01  0.2084437E+00  0.3948821E-01  0.1093325E+00
 -0.1403416E+00  0.8349916E+00  0.1929388E+00  0.2759491E+00
  0.4087450E-02  0.4022160E+00  0.3150713E+00  0.8200529E+00
 -0.2990665E+00  0.8866820E-01  0.1421461E-01  0.2153106E+00
 -0.2147224E+00  0.9473186E-01  0.3368215E-01  0.1575221E+00
 -0.1655635E+00  0.9254645E-01  0.4419086E-01  0.1235820E+00
 -0.1492106E+00  0.9173395E-01  0.4766776E-01  0.1122788E+00
 -0.5568679E-01 -0.1043803E+00  0.2290286E-02 -0.8456805E-01
  0.2205936E-01 -0.4295608E+00 -0.8053672E-01 -0.1175942E+00
  0.3443113E+00 -0.1321404E+01 -0.3962339E+00 -0.2887525E+00
  0.1051027E+00 -0.1010837E+01 -0.5881999E+00 -0.8218802E+00
 -0.2013391E+00 -0.5309417E-01 -0.2185538E-01 -0.6524189E-01
 -0.1466190E+00 -0.8080111E-01 -0.1356057E-01 -0.5499540E-01
 -0.1164308E+00 -0.9530950E-01 -0.6824553E-02 -0.4890510E-01
 -0.1063646E+00 -0.1001427E+00 -0.4550158E-02 -0.4687457E-01
 -0.1574076E-01  0.4869602E-01 -0.8857091E-01  0.9115161E-01
 -0.7748768E-02 -0.1207373E+00 -0.1936893E+00 -0.8848869E-01
  0.1121433E+00 -0.4772289E+00 -0.4582493E+00 -0.4204668E+00
  0.2308033E+00 -0.2254549E+00  0.5888243E-01 -0.4825033E+00
  0.1468623E+00 -0.3511867E+00 -0.1210018E-01 -0.1058580E+00
  0.4198065E-01 -0.2330901E+00  0.1028128E-01 -0.5679855E-01
 -0.1864046E-01 -0.1638959E+00  0.2506473E-01 -0.3076079E-01
 -0.3875119E-01 -0.1408868E+00  0.3002310E-01 -0.2211617E-01
 -0.4573523E-01  0.5382804E-01 -0.2849763E-01 -0.1142817E-01
 -0.1121064E+00  0.1682895E+00  0.1352100E-01 -0.4237959E-01
 -0.3558407E+00  0.5902597E+00  0.1167688E+00 -0.2097864E+00
 -0.2093588E+00  0.2435027E+00 -0.8145686E-01 -0.2236992E-01
  0.2297515E+00 -0.2738377E+00 -0.1434431E-01  0.2214095E-01
  0.5119998E-01 -0.8405457E-01 -0.1162454E-01  0.5882588E-02
 -0.5308160E-01  0.2576223E-01 -0.1017826E-01 -0.1585411E-02
 -0.8777086E-01  0.6231036E-01 -0.9694440E-02 -0.4046511E-02
  0.9118739E-01 -0.5007921E-02  0.1926862E-01  0.1878898E-02
  0.1421213E+00  0.3212785E-01  0.1801859E+00  0.1267834E+00
  0.2106885E+00  0.2379696E+00  0.4931040E+00  0.3694209E+00
 -0.2101589E+00  0.3058345E+00  0.3827945E+00  0.3316754E+00
  0.1774562E+00  0.7109643E-01  0.1497649E+00  0.1643698E+00
  0.8086664E-01  0.2538652E-01  0.5188363E-01  0.1023094E+00
  0.2856492E-01 -0.7813090E-02 -0.5437786E-02  0.6645951E-01
  0.1120839E-01 -0.1894156E-01 -0.2453664E-01  0.5452624E-01
 -0.6090476E-02  0.8023164E-01  0.5999583E-02  0.4551485E-01
  0.3330605E-01  0.1769905E-01 -0.1378313E-01  0.1047819E+00
  0.7566336E-01 -0.8523448E-02 -0.1260683E+00  0.2047710E+00
 -0.2839443E+00  0.1599326E+00 -0.2475154E+00 -0.6251111E-01
 -0.1314502E+00  0.1146425E+00  0.1651411E+00  0.1355044E+00
 -0.1131264E+00  0.5201279E-01  0.8279819E-01  0.8063614E-01
 -0.9942265E-01  0.1233064E-01  0.3505782E-01  0.4663707E-01
 -0.9482327E-01 -0.9247157E-03  0.1916512E-01  0.3528029E-01
  0.1531375E-01  0.3307344E-01 -0.2956091E-01  0.9961493E-01
  0.1051411E-01 -0.3341041E-01 -0.1468884E+00  0.2574548E-01
  0.4384731E-01 -0.2906310E+00 -0.3280925E+00 -0.6327855E-01
  0.1577676E+00 -0.1406429E+00  0.1561262E+00  0.1105628E+00
 -0.1867712E+00  0.2667507E+00 -0.4840860E-01  0.4513416E-01
 -0.6376969E-01  0.1259269E+00  0.2866079E-02 -0.1593443E-02
  0.6650780E-02  0.4435876E-01  0.3206866E-01 -0.2631661E-01
  0.3005504E-01  0.1721779E-01  0.4177052E-01 -0.3449026E-01
 -0.2482549E-01  0.1067268E-01 -0.1174401E+00 -0.2082336E-01
 -0.2092264E-01 -0.3767734E-01  0.4480910E-02 -0.8067282E-01
 -0.1164224E+00 -0.2490892E-02  0.2041791E+00 -0.2187830E+00
 -0.9572808E+00  0.9168948E+00 -0.2149865E+00 -0.3000899E-01
 -0.6487679E+00  0.5805609E+00 -0.1691963E+00 -0.5094926E-01
 -0.2041622E+00  0.2385995E+00 -0.6569333E-01 -0.3000389E-02
  0.5286800E-01  0.3359294E-01 -0.5430929E-02  0.2383353E-01
  0.1383161E+00 -0.3475800E-01  0.1461810E-01  0.3273947E-01
  0.1299295E+00 -0.1015360E+00  0.9733971E-02  0.1876034E+00
  0.1787489E+00 -0.1631581E+00 -0.7599832E-01  0.2765861E+00
  0.3614604E+00 -0.5400451E+00 -0.2213436E+00  0.4709159E+00
  0.6796703E+00 -0.5994124E+00  0.2790465E+00  0.1152751E+00
 -0.1322958E+00  0.9397139E-01  0.1099049E+00 -0.5939263E-01
 -0.9951376E-01  0.2535756E-01  0.6269260E-01 -0.8088590E-01
 -0.7737568E-01 -0.1263183E-01  0.3595450E-01 -0.9218392E-01
 -0.6992922E-01 -0.2525634E-01  0.2705956E-01 -0.9590196E-01
  0.1130474E+00 -0.3087190E-02 -0.4512698E-01 -0.1085178E+00
  0.3627136E-01  0.2713781E-01 -0.8676784E-01 -0.1617575E+00
 -0.2004223E+00  0.1336331E+00 -0.1827213E+00 -0.2128960E+00
  0.1850467E+00  0.1199618E+00  0.8225233E-01  0.8269934E-01
  0.6208536E+00 -0.4427274E+00  0.1525277E+00 -0.3990631E-01
  0.1735761E+00 -0.2165597E+00  0.6638633E-01 -0.5280034E-01
 -0.8799955E-01 -0.7793900E-01  0.1547442E-01 -0.6182458E-01
 -0.1750117E+00 -0.3172228E-01 -0.1486047E-02 -0.6484249E-01
 -0.1515509E+00  0.1041655E+00  0.3941574E-02 -0.1410018E+00
 -0.1138730E+00  0.4888669E-01  0.6258005E-01 -0.4823097E-01
 -0.1107585E+00  0.1932291E+00  0.1483579E+00 -0.6503907E-01
 -0.3610994E+00  0.2876739E+00 -0.4143547E-01 -0.6140060E-01
  0.1845960E-01  0.1247769E+00 -0.9519372E-02  0.8353369E-01
  0.5570960E-01  0.6523299E-01  0.8238990E-03  0.5470032E-01
  0.7885837E-01  0.2428111E-01  0.6715513E-02  0.3913211E-01
  0.8656127E-01  0.1054866E-01  0.8668664E-02  0.3395388E-01
 -0.7709434E-01 -0.2763984E-01 -0.2100979E-01  0.8879790E-01
 -0.2817932E-01  0.3274831E-01 -0.5766001E-01  0.8974657E-01
  0.1205827E+00  0.2143523E+00 -0.1089429E+00  0.3339032E-01
 -0.3193430E+00  0.4686624E-01 -0.3558604E-01 -0.1053246E+00
 -0.5059635E-01 -0.8488919E-01  0.6767999E-01 -0.2681733E-01
  0.1376388E-01 -0.7622830E-01  0.3250371E-01 -0.4323726E-01
  0.5156460E-01 -0.7066586E-01  0.1263928E-01 -0.4841641E-01
  0.6416674E-01 -0.6881187E-01  0.6035268E-02 -0.5006313E-01
  0.4965630E-02 -0.3860205E-01 -0.3324998E-01  0.6565020E-01
  0.2814384E-01  0.4282925E-01 -0.3160496E-01  0.3855342E-01
 -0.4698825E-01  0.3246218E+00 -0.1245030E+00  0.1326250E-01
 -0.5438664E-01 -0.3194472E-02 -0.1613665E+00 -0.9624392E-01
 -0.1715137E+00  0.9611015E-01  0.1984723E-01 -0.1316045E+00
 -0.1039918E+00  0.4580730E-01 -0.1056329E-01 -0.1139013E+00
 -0.6546308E-01  0.1586871E-01 -0.2874417E-01 -0.1036691E+00
 -0.5265581E-01  0.5900168E-02 -0.3480694E-01 -0.1002449E+00
  0.5659686E-02 -0.3635439E-01 -0.6640361E-01 -0.9599981E-02
  0.4458289E-01 -0.4093651E-01  0.5336884E-01 -0.1181979E+00
  0.9225929E-01 -0.5291127E-01  0.2065500E+00 -0.2901218E+00
 -0.6801879E-01  0.3543012E-01 -0.1974089E+00 -0.8639525E-01
 -0.4348856E-01  0.2159722E+00 -0.1711638E+00  0.5348044E-01
 -0.4001174E-01  0.1005062E+00 -0.5914869E-01 -0.2085646E-01
 -0.3849867E-01  0.3214166E-01  0.6498091E-02 -0.6555095E-01
 -0.3799814E-01  0.9379217E-02  0.2834388E-01 -0.8043153E-01
  0.5516262E-01  0.3946766E-01  0.7730133E-01 -0.3078392E-01
  0.1685282E-01  0.1208530E+00  0.1238722E-01 -0.2081293E-01
 -0.1189475E+00  0.3665905E+00 -0.1486422E-01  0.1511017E-01
 -0.2099465E+00 -0.5699393E-01  0.2801995E+00  0.3455393E+00
  0.1982770E+00 -0.3215187E+00  0.1151814E+00  0.1339864E+00
  0.5048225E-01 -0.1379035E+00  0.5740231E-01  0.4508477E-01
 -0.3580429E-01 -0.3125921E-01  0.2487394E-01 -0.9602601E-02
 -0.6450629E-01  0.4232182E-02  0.1407430E-01 -0.2784887E-01
  0.1271689E-01 -0.7812872E-01 -0.1048075E+00 -0.3191645E-01
  0.7163695E-01 -0.2053013E+00 -0.8895659E-01 -0.9906439E-01
  0.1689323E+00 -0.5485234E+00 -0.8341584E-01 -0.8750765E-01
 -0.2315659E-01 -0.3836833E-01  0.5325260E-01 -0.9671782E-01
  0.1654651E-01  0.2290604E-01 -0.3765559E-01 -0.1040458E+00
  0.4078287E-01 -0.7246119E-02 -0.8598822E-02 -0.2324874E-01
  0.5320704E-01 -0.2518680E-01  0.8939580E-02  0.2213037E-01
  0.5732543E-01 -0.3117261E-01  0.1478762E-01  0.3719823E-01
  0.1387570E-01 -0.2575305E-02 -0.5651943E-01  0.1500744E-01
  0.2105298E-01 -0.1546214E+00 -0.7560280E-01 -0.1000420E-01
  0.8379389E-01 -0.5192043E+00 -0.1371009E+00 -0.9568974E-01
  0.1241755E+00 -0.3402370E+00 -0.2819110E+00 -0.4680251E+00
 -0.1328365E+00  0.2609526E+00 -0.1066419E+00 -0.2477435E-01
 -0.2326475E-01  0.8700904E-01 -0.1616299E-01 -0.2047432E-01
  0.4139304E-01 -0.1876645E-01  0.3871819E-01 -0.2009996E-01
  0.6292407E-01 -0.5402622E-01  0.5702356E-01 -0.2001715E-01
 -0.7461573E-02 -0.6878004E-02 -0.2456032E-01  0.3033195E-01
 -0.1499942E-01  0.1131026E+00 -0.5331140E-01 -0.5279437E-01
 -0.1950431E-02  0.3888168E+00 -0.7108705E-01 -0.2496516E+00
  0.2279927E+00 -0.1815563E+00  0.1532560E-01 -0.1957802E+00
 -0.1836433E-01 -0.1575036E+00 -0.1696432E-01  0.7112028E-01
 -0.1543598E-01 -0.6506462E-01 -0.1914728E-02  0.5373948E-01
 -0.1451198E-01 -0.9805818E-02  0.5245752E-02  0.4316622E-01
 -0.1422183E-01  0.8607514E-02  0.7599100E-02  0.3964387E-01
 -0.2094795E-01 -0.2826827E-01 -0.2115858E-01  0.1058358E+00
 -0.1586018E-01  0.1013771E+00  0.4992405E-01  0.8480287E-01
 -0.6806078E-01  0.4690174E+00  0.1483149E+00  0.3209699E-02
  0.4506397E-01 -0.4577970E-01 -0.7574915E-01  0.2278604E+00
 -0.8595092E-01  0.1037495E-01 -0.4377277E-01  0.2232309E-01
 -0.2328289E-01  0.3253385E-01 -0.2565031E-01  0.2610692E-01
  0.1349608E-01  0.4549270E-01 -0.1405611E-01  0.2752672E-01
  0.2572443E-01  0.4982223E-01 -0.1018964E-01  0.2797651E-01
 -0.1855309E-01  0.3547878E-01  0.4506391E-01 -0.3188629E-01
  0.3464250E-01 -0.2280300E-01  0.3661194E-01 -0.8863109E-02
  0.1778700E+00 -0.1301433E+00  0.1023773E+00  0.8323804E-01
 -0.5582388E-02 -0.7916987E-01  0.1522898E+00  0.5372642E-02
  0.1470329E+00 -0.7187664E-01  0.3482446E-01  0.7226680E-01
  0.5490150E-01  0.1352835E-01  0.1886973E-01  0.3274811E-01
  0.8477645E-03  0.6235669E-01  0.8648935E-02  0.8338614E-02
 -0.1713596E-01  0.7858854E-01  0.5228184E-02  0.1840456E-03
 -0.8208007E-02  0.4735956E-01  0.1344379E-01  0.1937221E-02
  0.2432005E-01 -0.6054094E-01 -0.1977998E-01  0.4627158E-01
  0.5664274E-01 -0.3260612E+00 -0.2009756E-01  0.1256324E+00
 -0.4596900E-01  0.2012367E+00  0.1348681E-01 -0.7523169E-01
  0.5347810E-01  0.1893408E-01  0.8128691E-01  0.6593405E-01
  0.2086482E-01  0.2579022E-01  0.5814208E-01  0.3183562E-01
  0.5859914E-03  0.3073094E-01  0.4304690E-01  0.1222485E-01
 -0.6194515E-02  0.3238953E-01  0.3799642E-01  0.5713644E-02
 -0.3061844E-01 -0.2031464E-01 -0.4515367E-01  0.1857408E-01
 -0.1057123E-01 -0.4169273E-01 -0.2130645E-02  0.1549989E-01
  0.3816182E-01 -0.1014396E+00  0.3665681E-01  0.5418416E-02
  0.4725956E-01  0.1172734E+00 -0.1194384E+00 -0.9417461E-01
 -0.1609709E+00  0.1975583E+00 -0.6432466E-01 -0.4819978E-01
 -0.5594292E-01  0.8934091E-01 -0.2854539E-01 -0.7597923E-02
  0.5221436E-02  0.2559662E-01 -0.8329332E-02  0.1737274E-01
  0.2556414E-01  0.4367455E-02 -0.1616183E-02  0.2570331E-01
 -0.3815931E-02  0.2250575E-01  0.5163973E-01  0.1851155E-01
 -0.2247260E-01  0.5084492E-01  0.3141727E-01  0.5318584E-01
 -0.2961989E-01  0.1139210E+00 -0.8599557E-02  0.4303638E-01
  0.5994751E-01 -0.1085999E+00 -0.6379395E-01 -0.2186239E-01
 -0.3411305E-01 -0.1059004E-01  0.2258735E-01  0.4109916E-01
 -0.3897039E-01 -0.2441449E-02  0.6532070E-02  0.1588103E-02
 -0.4095772E-01  0.2751483E-02 -0.2898954E-02 -0.2052777E-01
 -0.4160483E-01  0.4487664E-02 -0.6039867E-02 -0.2786853E-01
 -0.1682429E-02  0.5541798E-02  0.1671021E-01 -0.5155053E-02
 -0.8845011E-02  0.6552666E-01  0.1393184E-01 -0.1256217E-01
 -0.4189704E-01  0.2158853E+00  0.1398538E-01 -0.4380786E-02
 -0.2845288E-01  0.1513422E+00  0.1469616E+00  0.1876332E+00
  0.1136349E+00 -0.1843335E+00  0.5941597E-01  0.1564659E-04
  0.2512060E-01 -0.7607008E-01  0.1260392E-01  0.1690129E-02
 -0.2685910E-01 -0.1041284E-01 -0.1560277E-01  0.3379497E-02
 -0.4415603E-01  0.1146900E-01 -0.2500727E-01  0.3959253E-02
 -0.9285825E-02  0.1426520E-01  0.9531819E-02 -0.2387462E-01
 -0.9553244E-02 -0.3664127E-01  0.3071312E-01  0.1896317E-01
 -0.3807740E-01 -0.1234403E+00  0.5374658E-01  0.9818080E-01
 -0.1506278E+00  0.1270029E+00 -0.1729591E-01  0.8944333E-01
  0.3106064E-01  0.5848573E-01  0.6370323E-02 -0.2768653E-01
  0.1539291E-01  0.2761485E-01 -0.9018859E-04 -0.2239974E-01
  0.6704007E-02  0.8519322E-02 -0.3094309E-02 -0.1884797E-01
  0.3822146E-02  0.2147211E-02 -0.4079890E-02 -0.1766181E-01
  0.1410575E-01  0.1167235E-01  0.1083065E-01 -0.4609339E-01
  0.1912220E-01 -0.4437433E-01 -0.1100808E-01 -0.2436659E-01
  0.5930126E-01 -0.1934858E+00 -0.3299182E-01  0.3426609E-01
 -0.5951389E-01  0.5298252E-01  0.6985331E-01 -0.8620834E-01
  0.5509656E-01 -0.3389257E-02  0.3888077E-01  0.2709514E-02
  0.1951361E-01 -0.1784189E-01  0.1907967E-01 -0.5766535E-02
 -0.9653894E-03 -0.2685902E-01  0.7049701E-02 -0.1004357E-01
 -0.7769315E-02 -0.2987523E-01  0.3040631E-02 -0.1145174E-01
  0.8731462E-02 -0.1207520E-01 -0.2323283E-01  0.2342688E-01
 -0.1214006E-01  0.1515369E-01 -0.2085162E-01  0.1613434E-01
 -0.8208841E-01  0.8104158E-01 -0.6841633E-01 -0.2084515E-01
 -0.2647623E-01  0.5292124E-01 -0.1059071E+00 -0.1387620E-01
 -0.9328645E-01  0.5093190E-01 -0.6055507E-03 -0.3020305E-01
 -0.4300655E-01  0.8400788E-03 -0.2166725E-02 -0.1504028E-01
 -0.1329864E-01 -0.2822218E-01 -0.2632325E-02 -0.5725046E-02
 -0.3411752E-02 -0.3789005E-01 -0.2779056E-02 -0.2612609E-02
  0.5714643E-02 -0.2204068E-01 -0.1305457E-01  0.7650536E-02
 -0.8276914E-02  0.2396551E-01 -0.8134704E-03 -0.2688885E-01
 -0.1816595E-01  0.1285447E+00 -0.8486406E-02 -0.8345924E-01
  0.3288237E-01 -0.1085454E+00 -0.3562440E-02  0.4169699E-01
 -0.4559748E-01  0.2770437E-01 -0.5373395E-01 -0.2478623E-01
 -0.1827934E-01  0.4815962E-02 -0.3135658E-01 -0.1679686E-01
 -0.1886609E-02 -0.8997349E-02 -0.1757686E-01 -0.1211618E-01
  0.3581202E-02 -0.1360154E-01 -0.1297959E-01 -0.1056123E-01
 -0.7749165E-02  0.6914983E-03 -0.2581430E-02 -0.2413424E-03
 -0.4482486E-02 -0.3056485E-02 -0.1572619E-02 -0.3134008E-02
  0.8787445E-02 -0.1586524E-01 -0.2418012E-03 -0.6916063E-02
  0.3193914E-01 -0.4194314E-01 -0.1067183E-02 -0.4421803E-03
  0.9958080E-02 -0.1471885E-01 -0.1068662E-02 -0.5255358E-03
  0.3460906E-02 -0.7844831E-02 -0.1035700E-02 -0.5587336E-03
 -0.3155398E-03 -0.3693630E-02 -0.1002511E-02 -0.5967110E-03
 -0.1571048E-02 -0.2309605E-02 -0.9910404E-03 -0.6098252E-03
  0.4037369E-02  0.1612914E-02  0.3450660E-02  0.1619192E-02
 -0.1247806E-03  0.7600260E-02  0.3029615E-02  0.3096998E-02
 -0.1743941E-01  0.2215074E-01  0.4062148E-02  0.6243902E-02
 -0.2191140E-01  0.1422160E-01 -0.7073822E-03  0.1158877E-02
  0.6031579E-02 -0.1131311E-01  0.5983483E-04  0.2273726E-02
  0.2706796E-02 -0.4732367E-02 -0.1097995E-03  0.2965188E-02
  0.8044543E-03 -0.8005494E-03 -0.2656273E-03  0.3269077E-02
  0.1708514E-03  0.5101358E-03 -0.3182117E-03  0.3368563E-02
  0.2906446E-02 -0.2007185E-02 -0.7654964E-03  0.8800102E-03
  0.3173844E-02 -0.1884340E-02  0.4453313E-03  0.3169629E-02
 -0.8749718E-03 -0.2832275E-02  0.3087105E-02  0.8107081E-02
 -0.1521356E-01  0.8917181E-02  0.5642607E-02  0.6577882E-02
 -0.1272424E-01  0.1073664E-01  0.2740754E-03  0.6793819E-02
 -0.4884992E-02  0.6494036E-02  0.2559195E-03  0.4538623E-02
 -0.2540948E-03  0.3928048E-02  0.2089516E-03  0.3182018E-02
  0.1286728E-02  0.3073275E-02  0.1925826E-03  0.2729897E-02
 -0.9512765E-03 -0.2042432E-02 -0.1001429E-02  0.1935757E-02
  0.6351524E-03 -0.2389822E-02 -0.3259579E-03  0.2217111E-02
  0.4589448E-02 -0.3882696E-02 -0.1945816E-02  0.1906936E-02
 -0.2318612E-02 -0.8400196E-02 -0.3401957E-02  0.7468322E-02
 -0.1859799E-02 -0.1580324E-02  0.1647974E-02  0.2625289E-02
 -0.1550442E-02 -0.2005004E-02  0.3167442E-03  0.2943716E-03
 -0.1410287E-02 -0.2173286E-02 -0.4243120E-03 -0.1006148E-02
 -0.1363668E-02 -0.2227344E-02 -0.6704380E-03 -0.1438033E-02
 -0.1366691E-02  0.1501631E-02  0.1166995E-02 -0.4339484E-03
 -0.1282011E-02  0.2540145E-02 -0.9631870E-04 -0.1233349E-02
 -0.3927847E-03  0.5000756E-02 -0.3011067E-02 -0.4295149E-02
  0.6380884E-02 -0.9944721E-02 -0.1701536E-02 -0.7597804E-02
  0.3421954E-03 -0.1372271E-03 -0.4434116E-04  0.1017095E-02
 -0.4102433E-03  0.5291692E-03 -0.1073189E-03  0.1830065E-03
 -0.8457546E-03  0.8779426E-03 -0.1352428E-03 -0.3284433E-03
 -0.9904562E-03  0.9933230E-03 -0.1441153E-03 -0.4990222E-03
 -0.1658516E-02  0.1354209E-02 -0.6644207E-03 -0.2387119E-02
 -0.1083703E-02  0.8758846E-03 -0.1021993E-02 -0.3300199E-02
  0.2279932E-04 -0.4838676E-03  0.2597782E-04 -0.6287246E-02
  0.1565477E-02 -0.9355652E-03 -0.1167888E-02 -0.7099550E-02
  0.4638821E-02 -0.4914952E-02 -0.1281933E-02 -0.2384159E-02
  0.2429418E-02 -0.2180259E-02 -0.3068504E-03 -0.1449876E-02
  0.1119369E-02 -0.5286221E-03  0.2320043E-03 -0.8417903E-03
  0.6825333E-03  0.2213501E-04  0.4108189E-03 -0.6382900E-03
 -0.1349165E-02  0.1963609E-03 -0.5612297E-03 -0.1695068E-02
 -0.1264804E-02  0.8020151E-03  0.1398087E-02 -0.1950048E-02
 -0.1160079E-02  0.3156349E-02  0.4161751E-02 -0.3837815E-02
  0.2416031E-02  0.1646550E-02  0.3064388E-02 -0.3490443E-02
  0.3083563E-02 -0.3062366E-02  0.8630189E-04 -0.1526221E-02
  0.1409722E-02 -0.1660176E-02 -0.4688962E-03 -0.7509323E-03
  0.4325975E-03 -0.8408810E-03 -0.7288751E-03 -0.3549219E-03
  0.1071590E-03 -0.5680996E-03 -0.8143196E-03 -0.2246243E-03
  0.6994740E-03  0.6870994E-03  0.1366153E-03 -0.1320284E-02
  0.5395598E-03 -0.4313339E-02 -0.6434912E-03 -0.2712516E-02
  0.3579035E-02 -0.1795155E-01 -0.3731285E-02 -0.6843716E-02
 -0.6020581E-03 -0.7542846E-02 -0.7838746E-02 -0.1943389E-01
  0.7718790E-02 -0.1794660E-02 -0.3674139E-03 -0.5052413E-02
  0.5132970E-02 -0.2090640E-02 -0.7281569E-03 -0.3614488E-02
  0.3624417E-02 -0.2130330E-02 -0.9172426E-03 -0.2772977E-02
  0.3122558E-02 -0.2141509E-02 -0.9796996E-03 -0.2492822E-02
  0.1246163E-02  0.2222811E-02  0.4774939E-04  0.2269904E-02
 -0.7254593E-03  0.9665211E-02  0.1495405E-02  0.3167805E-02
 -0.8347454E-02  0.2991636E-01  0.7860721E-02  0.7269131E-02
 -0.1519249E-02  0.2150762E-01  0.1352907E-01  0.1953242E-01
  0.5386188E-02  0.2042648E-03  0.7280466E-03  0.1507417E-02
  0.3595834E-02  0.1512604E-02  0.3310919E-03  0.1212934E-02
  0.2581076E-02  0.2242893E-02  0.6016070E-04  0.1045310E-02
  0.2242772E-02  0.2486124E-02 -0.3068515E-04  0.9895679E-03
  0.3542895E-03 -0.1201745E-02  0.2108135E-02 -0.2164632E-02
  0.1631511E-03  0.2597214E-02  0.4295233E-02  0.2084295E-02
 -0.2449948E-02  0.1027940E-01  0.9984763E-02  0.1003679E-01
 -0.4857335E-02  0.4095925E-02 -0.1122268E-02  0.1186045E-01
 -0.3042555E-02  0.8112100E-02  0.2613718E-03  0.2358879E-02
 -0.8990415E-03  0.5432978E-02 -0.2689385E-03  0.1203507E-02
  0.3384570E-03  0.3868235E-02 -0.6172096E-03  0.5926849E-03
  0.7488407E-03  0.3347966E-02 -0.7339837E-03  0.3899801E-03
  0.1212390E-02 -0.1210279E-02  0.8852136E-03  0.7181345E-04
  0.2860692E-02 -0.3873882E-02  0.1211897E-03  0.9102765E-03
  0.8515811E-02 -0.1371253E-01 -0.1958438E-02  0.5166905E-02
  0.4219054E-02 -0.5440986E-02  0.1632074E-02  0.5537512E-03
 -0.5521095E-02  0.6929936E-02  0.2572935E-03 -0.5009310E-03
 -0.1294600E-02  0.2146618E-02  0.2493204E-03 -0.4895728E-04
  0.1168993E-02 -0.6290306E-03  0.2482382E-03  0.1639578E-03
  0.1988424E-02 -0.1552896E-02  0.2478344E-03  0.2341832E-03
 -0.2204280E-02  0.1401513E-03 -0.3761964E-03 -0.5040750E-04
 -0.3252939E-02 -0.9277545E-03 -0.4003546E-02 -0.3005015E-02
 -0.4550562E-02 -0.6159244E-02 -0.1098531E-01 -0.8630905E-02
  0.4887786E-02 -0.6711875E-02 -0.8521726E-02 -0.7883252E-02
 -0.4506802E-02 -0.1082212E-02 -0.3695521E-02 -0.3864927E-02
 -0.2027078E-02 -0.2868782E-03 -0.1285583E-02 -0.2326317E-02
 -0.6765867E-03  0.3318248E-03  0.1232507E-03 -0.1444005E-02
 -0.2283328E-03  0.5396077E-03  0.5925892E-03 -0.1150446E-02
  0.7145961E-04 -0.1881717E-02 -0.2648457E-03 -0.1061607E-02
 -0.9272199E-03 -0.4531032E-03  0.1216004E-03 -0.2473953E-02
 -0.2034026E-02  0.5626738E-04  0.2656275E-02 -0.4997860E-02
  0.6613867E-02 -0.4105764E-02  0.5617127E-02  0.1042943E-02
  0.3469507E-02 -0.2903826E-02 -0.3953743E-02 -0.3068710E-02
  0.2830519E-02 -0.1345559E-02 -0.1860725E-02 -0.1846765E-02
  0.2385614E-02 -0.3612498E-03 -0.6458146E-03 -0.1092140E-02
  0.2236618E-02 -0.3248070E-04 -0.2413749E-03 -0.8401303E-03
 -0.4326846E-03 -0.7026164E-03  0.6849954E-03 -0.2329474E-02
 -0.3433727E-03  0.1044296E-02  0.3384380E-02 -0.6277121E-03
 -0.1127136E-02  0.7633027E-02  0.7640998E-02  0.1311184E-02
 -0.3068457E-02  0.4029018E-02 -0.3208778E-02 -0.2525749E-02
  0.4850875E-02 -0.6419625E-02  0.1312053E-02 -0.1000463E-02
  0.1647698E-02 -0.2952395E-02 -0.1872439E-04 -0.1816033E-04
 -0.1947165E-03 -0.9429537E-03 -0.7771129E-03  0.4985266E-03
 -0.8072190E-03 -0.2742806E-03 -0.1029072E-02  0.6692718E-03
  0.6500683E-03 -0.4944858E-03  0.2806464E-02  0.5421171E-03
  0.3419656E-03  0.7007698E-03 -0.5058585E-04  0.2000998E-02
  0.1913154E-02  0.8601171E-04 -0.4623844E-02  0.5253209E-02
  0.2049911E-01 -0.2094238E-01  0.5351208E-02  0.6705310E-03
  0.1405543E-01 -0.1356289E-01  0.4070031E-02  0.1079112E-02
  0.4310301E-02 -0.5521333E-02  0.1583291E-02  0.6675219E-04
 -0.1322786E-02 -0.7008778E-03  0.1327517E-03 -0.4959925E-03
 -0.3195467E-02  0.9062799E-03 -0.3498818E-03 -0.6826889E-03
 -0.3174249E-02  0.2705850E-02 -0.1953347E-03 -0.4472074E-02
 -0.4160453E-02  0.4296241E-02  0.1914869E-02 -0.6534378E-02
 -0.8139406E-02  0.1337094E-01  0.5467520E-02 -0.1089730E-01
 -0.1529207E-01  0.1306545E-01 -0.6824340E-02 -0.2051811E-02
  0.3546670E-02 -0.2861274E-02 -0.2635354E-02  0.1385526E-02
  0.2420025E-02 -0.7996511E-03 -0.1501689E-02  0.1883230E-02
  0.1689580E-02  0.3587814E-03 -0.8599819E-03  0.2147072E-02
  0.1444614E-02  0.7439232E-03 -0.6465274E-03  0.2233966E-02
 -0.2695781E-02  0.1433668E-03  0.1002621E-02  0.2676336E-02
 -0.7619638E-03 -0.7847613E-03  0.1893367E-02  0.3885814E-02
  0.5138427E-02 -0.3601545E-02  0.3932655E-02  0.4968873E-02
 -0.4105529E-02 -0.2315615E-02 -0.2487645E-02 -0.2163047E-02
 -0.1425728E-01  0.1046839E-01 -0.3736108E-02  0.7983976E-03
 -0.4081183E-02  0.5243632E-02 -0.1676165E-02  0.1137800E-02
  0.1865442E-02  0.2045213E-02 -0.4611642E-03  0.1374765E-02
  0.3843510E-02  0.9789041E-03 -0.5645010E-04  0.1454069E-02
  0.3506365E-02 -0.2599399E-02 -0.7051644E-04  0.3372878E-02
  0.2717481E-02 -0.1553988E-02 -0.1517569E-02  0.1266229E-02
  0.2910174E-02 -0.5253885E-02 -0.3733984E-02  0.1568423E-02
  0.8579294E-02 -0.6146119E-02  0.9850207E-03  0.8866307E-03
 -0.7794067E-03 -0.2541192E-02  0.1490280E-03 -0.1791644E-02
 -0.1405547E-02 -0.1377123E-02 -0.4979800E-04 -0.1284053E-02
 -0.1800453E-02 -0.5598877E-03 -0.1584734E-03 -0.1016077E-02
 -0.1931814E-02 -0.2855967E-03 -0.1943845E-03 -0.9269567E-03
  0.1798921E-02  0.6916069E-03  0.5545628E-03 -0.2150079E-02
  0.5483735E-03 -0.5905631E-03  0.1354890E-02 -0.2210314E-02
 -0.3104055E-02 -0.4827352E-02  0.2547556E-02 -0.1014191E-02
  0.7294666E-02 -0.1110597E-02  0.9986997E-03  0.2590042E-02
  0.1011016E-02  0.2167658E-02 -0.1585324E-02  0.8934804E-03
 -0.4452668E-03  0.1864435E-02 -0.7584216E-03  0.1143258E-02
 -0.1298779E-02  0.1677890E-02 -0.2927032E-03  0.1188540E-02
 -0.1583285E-02  0.1615778E-02 -0.1378882E-03  0.1201843E-02
 -0.1446488E-03  0.1021418E-02  0.7921419E-03 -0.1514183E-02
 -0.6490888E-03 -0.8973454E-03  0.8370080E-03 -0.8262542E-03
  0.1028945E-02 -0.7457480E-02  0.3181939E-02 -0.1211469E-03
  0.1497125E-02  0.9958313E-04  0.3772529E-02  0.2528397E-02
  0.4383214E-02 -0.2684549E-02 -0.5276526E-03  0.3207856E-02
  0.2673159E-02 -0.1282439E-02  0.2319426E-03  0.2736309E-02
  0.1696771E-02 -0.4482296E-03  0.6852351E-03  0.2462073E-02
  0.1372182E-02 -0.1704264E-03  0.8363886E-03  0.2370327E-02
 -0.5443984E-04  0.7829025E-03  0.1635302E-02  0.2920302E-03
 -0.8619214E-03  0.9245824E-03 -0.1136517E-02  0.2850207E-02
 -0.1895548E-02  0.1316652E-02 -0.4633866E-02  0.6855947E-02
  0.1317469E-02 -0.8344969E-03  0.4684612E-02  0.1783625E-02
  0.1269547E-02 -0.5373774E-02  0.3921077E-02 -0.1643349E-02
  0.1049296E-02 -0.2477058E-02  0.1354973E-02  0.3101464E-03
  0.9327048E-03 -0.7633418E-03 -0.1497620E-03  0.1483002E-02
  0.8939674E-03 -0.1927655E-03 -0.6505120E-03  0.1873529E-02
 -0.1472187E-02 -0.7313680E-03 -0.1738391E-02  0.6744604E-03
 -0.6470129E-03 -0.2751614E-02 -0.1874737E-03  0.2725714E-03
  0.2346305E-02 -0.8715669E-02  0.5731981E-03 -0.8195744E-03
  0.4282355E-02  0.1466393E-02 -0.6355640E-02 -0.8039181E-02
 -0.4966228E-02  0.7595665E-02 -0.2692157E-02 -0.2876591E-02
 -0.1232854E-02  0.3195863E-02 -0.1303834E-02 -0.9343472E-03
  0.9451834E-03  0.6372325E-03 -0.5225881E-03  0.2631067E-03
  0.1669671E-02 -0.2143277E-03 -0.2632192E-03  0.6626910E-03
 -0.1192561E-04  0.1518898E-02  0.2359462E-02  0.8652035E-03
 -0.1293807E-02  0.4682879E-02  0.1871687E-02  0.2554762E-02
 -0.3240600E-02  0.1298793E-01  0.1613659E-02  0.2499758E-02
  0.1055079E-02  0.3981968E-03 -0.1242342E-02  0.2546136E-02
 -0.3747641E-03 -0.4710161E-03  0.8825814E-03  0.2346527E-02
 -0.1026478E-02  0.3213632E-03  0.1839327E-03  0.5792997E-03
 -0.1368989E-02  0.7910904E-03 -0.2385258E-03 -0.4123439E-03
 -0.1482613E-02  0.9477394E-03 -0.3793970E-03 -0.7416105E-03
 -0.3049038E-03  0.1113000E-04  0.1379015E-02 -0.4633078E-03
 -0.4699112E-03  0.3543379E-02  0.1693693E-02  0.1739941E-03
 -0.1914153E-02  0.1215942E-01  0.2905944E-02  0.2242143E-02
 -0.2497051E-02  0.7898456E-02  0.6503152E-02  0.1079213E-01
  0.3327286E-02 -0.6280471E-02  0.2497092E-02  0.5562799E-03
  0.6721547E-03 -0.2039242E-02  0.3836240E-03  0.4970381E-03
 -0.8960919E-03  0.5323763E-03 -0.9019726E-03  0.5119107E-03
 -0.1418333E-02  0.1389523E-02 -0.1330834E-02  0.5178040E-03
  0.1131377E-03  0.2420334E-03  0.6641456E-03 -0.8524056E-03
  0.2517185E-03 -0.2635793E-02  0.1334493E-02  0.1006970E-02
 -0.1350847E-03 -0.9057520E-02  0.1850173E-02  0.5550110E-02
 -0.5253382E-02  0.5070660E-02 -0.5126151E-04  0.4343996E-02
  0.4972235E-03  0.3701768E-02  0.3955289E-03 -0.1642635E-02
  0.4134656E-03  0.1522825E-02  0.4321590E-04 -0.1252055E-02
  0.3857800E-03  0.2196443E-03 -0.1224801E-03 -0.1012800E-02
  0.3770028E-03 -0.2146231E-03 -0.1768909E-03 -0.9330767E-03
  0.5432604E-03  0.6008281E-03  0.4814576E-03 -0.2438423E-02
  0.5338495E-03 -0.2437470E-02 -0.1054760E-02 -0.1955950E-02
  0.1876705E-02 -0.1101713E-01 -0.3112139E-02 -0.9982546E-04
 -0.1441118E-02  0.1524061E-02  0.1535985E-02 -0.5737211E-02
  0.1965446E-02  0.8048925E-04  0.8774750E-03 -0.5959275E-03
  0.5534809E-03 -0.5872871E-03  0.5381267E-03 -0.6390920E-03
 -0.2744258E-03 -0.9782555E-03  0.3152384E-03 -0.6454267E-03
 -0.5496921E-03 -0.1108752E-02  0.2408512E-03 -0.6469956E-03
  0.4019297E-03 -0.8656619E-03 -0.1108391E-02  0.7455309E-03
 -0.8903918E-03  0.5010843E-03 -0.9068248E-03  0.1735378E-03
 -0.4368830E-02  0.3077925E-02 -0.2481543E-02 -0.2026440E-02
  0.2024520E-04  0.2047993E-02 -0.3620948E-02 -0.1904121E-03
 -0.3499369E-02  0.1772418E-02 -0.9058814E-03 -0.1667475E-02
 -0.1331190E-02 -0.2852883E-03 -0.4391039E-03 -0.7516099E-03
 -0.6014214E-04 -0.1463245E-02 -0.1443859E-03 -0.1856335E-03
  0.3627241E-03 -0.1854856E-02 -0.4583177E-04  0.3462375E-05
  0.1475241E-03 -0.1039583E-02 -0.2879109E-03 -0.1089905E-03
 -0.6325121E-03  0.1513710E-02  0.4259745E-03 -0.1150049E-02
 -0.1496209E-02  0.7781309E-02  0.3002562E-03 -0.2957348E-02
  0.8846319E-03 -0.4760621E-02 -0.3251765E-03  0.2134896E-02
 -0.1481314E-02 -0.6982556E-03 -0.1840712E-02 -0.1577638E-02
 -0.6280336E-03 -0.7447307E-03 -0.1346005E-02 -0.7255801E-03
 -0.9875129E-04 -0.7926803E-03 -0.1020040E-02 -0.2342171E-03
  0.7816179E-04 -0.8089688E-03 -0.9109240E-03 -0.7103934E-04
  0.8161080E-03  0.3896239E-03  0.1017589E-02 -0.4173782E-03
  0.3832121E-03  0.9799440E-03  0.2902746E-04 -0.2662473E-03
 -0.7003871E-03  0.2587670E-02 -0.8864045E-03  0.7159847E-04
 -0.9556478E-03 -0.2607608E-02  0.2672931E-02  0.2156872E-02
  0.3926654E-02 -0.4630880E-02  0.1506875E-02  0.9945166E-03
  0.1317205E-02 -0.2060363E-02  0.6570030E-03  0.1256045E-03
 -0.2021394E-03 -0.5450911E-03  0.1770931E-03 -0.4107090E-03
 -0.7074682E-03 -0.4043171E-04  0.1773399E-04 -0.5896715E-03
 -0.6227033E-04 -0.3777058E-03 -0.1152048E-02 -0.4686305E-03
  0.3222806E-03 -0.1138941E-02 -0.6611573E-03 -0.1324802E-02
  0.3389749E-03 -0.2789775E-02  0.2524582E-03 -0.1172436E-02
 -0.1530398E-02  0.2531564E-02  0.1452465E-02  0.4389285E-03
  0.8800689E-03  0.8292015E-04 -0.5130152E-03 -0.9209489E-03
  0.9673227E-03 -0.6311167E-04 -0.1451925E-03 -0.6161875E-04
  0.9984530E-03 -0.1574995E-03  0.7186924E-04  0.4194714E-03
  0.1008475E-02 -0.1890735E-03  0.1441734E-03  0.5791645E-03
  0.2557500E-04 -0.1074571E-03 -0.4182236E-03  0.1800211E-03
  0.1992617E-03 -0.1526572E-02 -0.3190363E-03  0.3301676E-03
  0.9995283E-03 -0.5165339E-02 -0.2680437E-03  0.1184720E-03
  0.5302336E-03 -0.3590813E-02 -0.3402384E-02 -0.4273922E-02
 -0.2713588E-02  0.4394488E-02 -0.1402738E-02 -0.7619635E-05
 -0.6433075E-03  0.1789773E-02 -0.3072134E-03 -0.6539811E-04
  0.5732068E-03  0.2141658E-03  0.3546370E-03 -0.1150584E-03
  0.9780327E-03 -0.3108972E-03  0.5753343E-03 -0.1319651E-03
  0.2578754E-03 -0.3779450E-03 -0.2451632E-03  0.6141658E-03
  0.2965533E-03  0.8344764E-03 -0.7238134E-03 -0.3324333E-03
  0.1014389E-02  0.2835752E-02 -0.1292354E-02 -0.2129487E-02
  0.3430104E-02 -0.3313725E-02  0.2312812E-03 -0.2006653E-02
 -0.7928486E-03 -0.1306742E-02 -0.1597977E-03  0.6483368E-03
 -0.4002785E-03 -0.6212606E-03 -0.9552507E-06  0.5294159E-03
 -0.1834315E-03 -0.1965174E-03  0.7312299E-04  0.4482316E-03
 -0.1115146E-03 -0.5476553E-04  0.9743125E-04  0.4211037E-03
 -0.3625993E-03 -0.2390112E-03 -0.2363387E-03  0.1055334E-02
 -0.5261473E-03  0.1063978E-02  0.2223734E-03  0.5465261E-03
 -0.1506931E-02  0.4504625E-02  0.6487247E-03 -0.8019685E-03
  0.1567303E-02 -0.1419564E-02 -0.1470232E-02  0.2209992E-02
 -0.1309486E-02 -0.1381152E-04 -0.8561788E-03 -0.1412450E-04
 -0.4802741E-03  0.3658728E-03 -0.4227659E-03  0.1623929E-03
 -0.3542255E-05  0.6016986E-03 -0.1585167E-03  0.2490474E-03
  0.1548520E-03  0.6805376E-03 -0.7043882E-04  0.2775159E-03
 -0.1968381E-03  0.3061648E-03  0.5591947E-03 -0.5463118E-03
  0.3097633E-03 -0.3363670E-03  0.4994074E-03 -0.3587720E-03
  0.1992941E-02 -0.1917354E-02  0.1631120E-02  0.5179073E-03
  0.6832282E-03 -0.1365126E-02  0.2489835E-02  0.3334513E-03
  0.2268816E-02 -0.1281068E-02  0.4649033E-04  0.7120560E-03
  0.1059528E-02 -0.5872824E-04  0.5568178E-04  0.3525735E-03
  0.3456560E-03  0.6512951E-03  0.5018984E-04  0.1313650E-03
  0.1080814E-03  0.8875099E-03  0.4816092E-04  0.5744045E-04
 -0.1144433E-03  0.4850886E-03  0.2965941E-03 -0.1441122E-03
  0.2259499E-03 -0.5857230E-03  0.3854230E-04  0.6643916E-03
  0.5138226E-03 -0.3000570E-02  0.2892297E-03  0.1949761E-02
 -0.6352726E-03  0.2632466E-02  0.1325657E-03 -0.1165509E-02
  0.1237151E-02 -0.5591152E-03  0.1239191E-02  0.5794658E-03
  0.5163553E-03 -0.5186032E-04  0.7294607E-03  0.3683305E-03
  0.8366402E-04  0.2543271E-03  0.4151639E-03  0.2446661E-03
 -0.6064471E-04  0.3563949E-03  0.3102993E-03  0.2035802E-03
  0.6003126E-04 -0.7410754E-05  0.2040810E-04  0.2317537E-05
  0.3835231E-04  0.1577154E-04  0.1166276E-04  0.2479642E-04
 -0.5333911E-04  0.9808631E-04 -0.5848071E-06  0.5454196E-04
 -0.2212089E-03  0.2886015E-03  0.8453273E-05  0.7477017E-05
 -0.6340761E-04  0.9681321E-04  0.8477324E-05  0.5470970E-05
 -0.2032371E-04  0.4867636E-04  0.7951583E-05  0.4894442E-05
  0.4692936E-05  0.1963854E-04  0.7540108E-05  0.4708863E-05
  0.1300912E-04  0.9957945E-05  0.7399956E-05  0.4650855E-05
 -0.2724098E-04 -0.1041538E-04 -0.2581700E-04 -0.1325646E-04
  0.3788124E-05 -0.4982496E-04 -0.2253673E-04 -0.2538954E-04
  0.1294448E-03 -0.1461282E-03 -0.3037847E-04 -0.5026352E-04
  0.1519141E-03 -0.9417738E-04  0.3631981E-05 -0.7094926E-05
 -0.5216422E-04  0.9295940E-04  0.7981182E-06 -0.1631880E-04
 -0.2330237E-04  0.3972133E-04  0.1508876E-05 -0.2138640E-04
 -0.6669100E-05  0.7909699E-05  0.2354324E-05 -0.2358729E-04
 -0.1128658E-05 -0.2694448E-05  0.2641100E-05 -0.2430738E-04
 -0.2181258E-04  0.1502579E-04  0.5440356E-05 -0.6976479E-05
 -0.2272278E-04  0.1424539E-04 -0.3101544E-05 -0.2434861E-04
  0.7442446E-05  0.2575416E-04 -0.2127507E-04 -0.6185397E-04
  0.1094029E-03 -0.5349838E-04 -0.4296617E-04 -0.5378126E-04
  0.9628291E-04 -0.7732085E-04 -0.3001447E-05 -0.5461696E-04
  0.3787989E-04 -0.4652989E-04 -0.2567104E-05 -0.3533672E-04
  0.3409098E-05 -0.2790717E-04 -0.2013951E-05 -0.2377402E-04
 -0.8060280E-05 -0.2170379E-04 -0.1823846E-05 -0.1992109E-04
  0.6690329E-05  0.1498500E-04  0.6699853E-05 -0.1442997E-04
 -0.5071863E-05  0.1658220E-04  0.1720211E-05 -0.1737578E-04
 -0.3482048E-04  0.2675279E-04  0.1505151E-04 -0.1630800E-04
  0.2137224E-04  0.6520039E-04  0.2642090E-04 -0.6000500E-04
  0.1838945E-04  0.1104628E-04 -0.1265364E-04 -0.2258862E-04
  0.1408079E-04  0.1437437E-04 -0.2310870E-05 -0.3411838E-05
  0.1184291E-04  0.1571112E-04  0.3436828E-05  0.7303307E-05
  0.1109802E-04  0.1614116E-04  0.5345638E-05  0.1086199E-04
  0.1118423E-04 -0.1162898E-04 -0.9064930E-05  0.3628454E-05
  0.1010681E-04 -0.1909578E-04 -0.4421650E-07  0.9721244E-05
  0.4002717E-05 -0.3769217E-04  0.2105888E-04  0.3328528E-04
 -0.3948163E-04  0.7899591E-04  0.1575610E-04  0.5817603E-04
  0.3638397E-07  0.1087724E-05  0.1366104E-05 -0.8216028E-05
  0.4689248E-05 -0.3835397E-05  0.1172733E-05 -0.1753527E-05
  0.7329621E-05 -0.6343277E-05  0.9823057E-06  0.2232657E-05
  0.8205707E-05 -0.7171717E-05  0.9155314E-06  0.3562680E-05
  0.1266269E-04 -0.1049248E-04  0.5056557E-05  0.1825517E-04
  0.8342885E-05 -0.7767467E-05  0.7740549E-05  0.2591312E-04
  0.3938239E-07  0.1773637E-05  0.4396003E-06  0.5074527E-04
 -0.1253981E-04  0.1068288E-04  0.1108920E-04  0.5819245E-04
 -0.3742393E-04  0.4013453E-04  0.9893087E-05  0.1839075E-04
 -0.1942256E-04  0.1789749E-04  0.2232886E-05  0.1139914E-04
 -0.8727021E-05  0.4462353E-05 -0.1987103E-05  0.6829225E-05
 -0.5160434E-05 -0.1789852E-07 -0.3387252E-05  0.5299481E-05
  0.1050409E-04 -0.1754389E-05  0.4568817E-05  0.1320869E-04
  0.1037012E-04 -0.7669907E-05 -0.1060560E-04  0.1484417E-04
  0.1129785E-04 -0.2835477E-04 -0.3230226E-04  0.2925138E-04
 -0.1908093E-04 -0.1546261E-04 -0.2556679E-04  0.2637102E-04
 -0.2591909E-04  0.2450830E-04 -0.9806846E-06  0.1290719E-04
 -0.1204965E-04  0.1297102E-04  0.3572817E-05  0.6721691E-05
 -0.3941840E-05  0.6220961E-05  0.5742142E-05  0.3523711E-05
 -0.1241222E-05  0.3973586E-05  0.6455853E-05  0.2470454E-05
 -0.6284495E-05 -0.7020898E-05 -0.4664976E-06  0.1068059E-04
 -0.6253083E-05  0.2854474E-04  0.2582558E-05  0.2190398E-04
 -0.2984670E-04  0.1245034E-03  0.2205041E-04  0.5563066E-04
  0.9134647E-05  0.4270656E-04  0.6377213E-04  0.1511439E-03
 -0.6520965E-04  0.1202213E-04  0.2957059E-05  0.3837620E-04
 -0.4047747E-04  0.1538128E-04  0.5108506E-05  0.2695760E-04
 -0.2604554E-04  0.1632606E-04  0.6188624E-05  0.2029311E-04
 -0.2124425E-04  0.1662456E-04  0.6544514E-05  0.1807501E-04
 -0.8829935E-05 -0.1551345E-04 -0.9284853E-06 -0.1944969E-04
  0.7597662E-05 -0.7139995E-04 -0.8022320E-05 -0.2720465E-04
  0.6666025E-04 -0.2220549E-03 -0.4862912E-04 -0.5950669E-04
  0.3920164E-05 -0.1479520E-03 -0.1027618E-03 -0.1522893E-03
 -0.4647024E-04  0.6840519E-05 -0.6856432E-05 -0.1095114E-04
 -0.2890071E-04 -0.8488688E-05 -0.2447368E-05 -0.8603727E-05
 -0.1879404E-04 -0.1722347E-04  0.3902595E-06 -0.7321638E-05
 -0.1542493E-04 -0.2013254E-04  0.1339228E-05 -0.6896339E-05
 -0.2663514E-05  0.9637702E-05 -0.1657133E-04  0.1689788E-04
 -0.1262215E-05 -0.1800577E-04 -0.3104365E-04 -0.1603366E-04
  0.1713239E-04 -0.7102027E-04 -0.7033802E-04 -0.7862362E-04
  0.3320748E-04 -0.2134731E-04  0.6967221E-05 -0.9563666E-04
  0.2071090E-04 -0.6162584E-04 -0.1922395E-05 -0.1673909E-04
  0.6397785E-05 -0.4151780E-04  0.2309754E-05 -0.8055473E-05
 -0.1850838E-05 -0.2981901E-04  0.5064917E-05 -0.3496761E-05
 -0.4585013E-05 -0.2592978E-04  0.5988280E-05 -0.1984773E-05
 -0.1052919E-04  0.8974637E-05 -0.8642095E-05  0.8638203E-06
 -0.2398456E-04  0.2956723E-04 -0.4550233E-05 -0.6449706E-05
 -0.6715901E-04  0.1054048E-03  0.8313948E-05 -0.4194705E-04
 -0.2697144E-04  0.4019715E-04 -0.1114725E-04 -0.4785041E-05
  0.4418332E-04 -0.5744541E-04 -0.1527670E-05  0.3378095E-05
  0.1093697E-04 -0.1786899E-04 -0.1824977E-05 -0.4334029E-06
 -0.8406887E-05  0.5153157E-05 -0.2021857E-05 -0.2231826E-05
 -0.1484039E-04  0.1281674E-04 -0.2087069E-05 -0.2824886E-05
  0.1760637E-04 -0.1335365E-05  0.2286492E-05  0.3881751E-06
  0.2464337E-04  0.8329942E-05  0.2881435E-04  0.2327768E-04
  0.3241847E-04  0.5139497E-04  0.7924099E-04  0.6593713E-04
 -0.3707288E-04  0.4771989E-04  0.6286533E-04  0.6126473E-04
  0.3764769E-04  0.3787890E-05  0.3007821E-04  0.2959138E-04
  0.1673904E-04 -0.1741659E-06  0.1049880E-04  0.1717390E-04
  0.5296331E-05 -0.3692059E-05 -0.9278921E-06  0.1010126E-04
  0.1497659E-05 -0.4877397E-05 -0.4734040E-05  0.7749081E-05
 -0.7379454E-07  0.1448794E-04  0.2940135E-05  0.8185762E-05
  0.8139524E-05  0.3628898E-05  0.7981878E-06  0.1936709E-04
  0.1744411E-04  0.2460123E-06 -0.1728687E-04  0.4035727E-04
 -0.5079155E-04  0.3410381E-04 -0.4118195E-04 -0.5064029E-05
 -0.2988840E-04  0.2422145E-04  0.3116317E-04  0.2299693E-04
 -0.2325824E-04  0.1138732E-04  0.1380648E-04  0.1390472E-04
 -0.1881985E-04  0.3303583E-05  0.3720306E-05  0.8311252E-05
 -0.1733537E-04  0.6037398E-06  0.3626756E-06  0.6443818E-05
  0.3921401E-05  0.4721395E-05 -0.5226709E-05  0.1790680E-04
  0.3317591E-05 -0.1000845E-04 -0.2551743E-04  0.5041350E-05
  0.9057607E-05 -0.6446384E-04 -0.5802042E-04 -0.8618479E-05
  0.1822752E-04 -0.3597069E-04  0.2095189E-04  0.1924059E-04
 -0.4135218E-04  0.5070041E-04 -0.1163797E-04  0.7202399E-05
 -0.1405737E-04  0.2269084E-04 -0.2473906E-06  0.4751672E-06
  0.1701086E-05  0.6450676E-05  0.6247095E-05 -0.3039317E-05
  0.6941102E-05  0.1046170E-05  0.8404808E-05 -0.4200108E-05
 -0.5407447E-05  0.5725040E-05 -0.2196697E-04 -0.4579450E-05
 -0.1579537E-05 -0.3690614E-05  0.8659883E-07 -0.1627293E-04
 -0.9271313E-05  0.1985846E-06  0.3443047E-04 -0.4158167E-04
 -0.1455954E-03  0.1583054E-03 -0.4417803E-04 -0.4768245E-05
 -0.1002152E-03  0.1035557E-03 -0.3219152E-04 -0.7331532E-05
 -0.2989777E-04  0.4169933E-04 -0.1255048E-04 -0.4830383E-06
  0.1074340E-04  0.4619676E-05 -0.1072256E-05  0.3289139E-05
  0.2425424E-04 -0.7742719E-05  0.2747215E-05  0.4539912E-05
  0.2539758E-04 -0.2344730E-04  0.1134911E-05  0.3506399E-04
  0.3218260E-04 -0.3765739E-04 -0.1586671E-04  0.5105926E-04
  0.6143197E-04 -0.1112279E-03 -0.4407886E-04  0.8351444E-04
  0.1144479E-03 -0.9404249E-04  0.5508692E-04  0.1045882E-04
 -0.3105994E-04  0.2735687E-04  0.2080817E-04 -0.1057867E-04
 -0.1949828E-04  0.7886538E-05  0.1184317E-04 -0.1445008E-04
 -0.1216771E-04 -0.3153602E-05  0.6768607E-05 -0.1651628E-04
 -0.9713408E-05 -0.6825105E-05  0.5080748E-05 -0.1719729E-04
  0.2109059E-04 -0.1767032E-05 -0.7295897E-05 -0.2170596E-04
  0.4913882E-05  0.6991643E-05 -0.1337187E-04 -0.3059698E-04
 -0.4366106E-04  0.3106945E-04 -0.2709962E-04 -0.3776086E-04
  0.3094531E-04  0.1338734E-04  0.2404998E-04  0.1835854E-04
  0.1081872E-03 -0.8169174E-04  0.3029598E-04 -0.5327545E-05
  0.3169457E-04 -0.4170101E-04  0.1395301E-04 -0.8096539E-05
 -0.1296980E-04 -0.1725416E-04  0.4331802E-05 -0.1003841E-04
 -0.2782639E-04 -0.9104398E-05  0.1127332E-05 -0.1068879E-04
 -0.2676686E-04  0.2129818E-04  0.3477447E-06 -0.2659744E-04
 -0.2150981E-04  0.1571189E-04  0.1205813E-04 -0.1099241E-04
 -0.2524423E-04  0.4799108E-04  0.3061326E-04 -0.1280782E-04
 -0.6725011E-04  0.4353691E-04 -0.7674085E-05 -0.2580032E-05
  0.8665144E-05  0.1640172E-04 -0.5254317E-06  0.1234059E-04
  0.1162893E-04  0.9355678E-05  0.6238891E-06  0.9792104E-05
  0.1356038E-04  0.4234116E-05  0.1208268E-05  0.8507757E-05
  0.1420236E-04  0.2512635E-05  0.1400178E-05  0.8080669E-05
 -0.1383320E-04 -0.5620296E-05 -0.4832003E-05  0.1703405E-04
 -0.3299856E-05  0.3283288E-05 -0.1065424E-04  0.1767131E-04
  0.2640374E-04  0.3576859E-04 -0.1996171E-04  0.9289098E-05
 -0.5510791E-04  0.8704587E-05 -0.8971703E-05 -0.2068055E-04
 -0.6402307E-05 -0.1808497E-04  0.1218506E-04 -0.9096664E-05
  0.4424181E-05 -0.1496679E-04  0.5776709E-05 -0.9848813E-05
  0.1075524E-04 -0.1309309E-04  0.2176672E-05 -0.9531924E-05
  0.1286531E-04 -0.1246962E-04  0.9800597E-06 -0.9413065E-05
  0.1332049E-05 -0.8832828E-05 -0.6254381E-05  0.1154092E-04
  0.5075450E-05  0.5766608E-05 -0.7019816E-05  0.5933929E-05
 -0.7010062E-05  0.5543841E-04 -0.2594242E-04 -0.3807055E-06
 -0.1372654E-04 -0.8008920E-06 -0.2882285E-04 -0.2172743E-04
 -0.3684909E-04  0.2414624E-04  0.4519044E-05 -0.2551322E-04
 -0.2254454E-04  0.1155636E-04 -0.1676347E-05 -0.2150146E-04
 -0.1437045E-04  0.4068345E-05 -0.5367890E-05 -0.1915364E-04
 -0.1165283E-04  0.1574476E-05 -0.6598822E-05 -0.1836823E-04
 -0.6351495E-07 -0.5545080E-05 -0.1321349E-04 -0.2673294E-05
  0.5529073E-05 -0.6795785E-05  0.7886338E-05 -0.2243293E-04
  0.1304128E-04 -0.1050718E-04  0.3415018E-04 -0.5285610E-04
 -0.8405969E-05  0.6939906E-05 -0.3670695E-04 -0.1176303E-04
 -0.1184993E-04  0.4389131E-04 -0.2968200E-04  0.1577110E-04
 -0.9009066E-05  0.2002926E-04 -0.1025243E-04 -0.1000080E-05
 -0.7442646E-05  0.5923426E-05  0.1147951E-05 -0.1105600E-04
 -0.6921778E-05  0.1227067E-05  0.4941878E-05 -0.1440457E-04
  0.1270664E-04  0.4160036E-05  0.1291367E-04 -0.4922530E-05
  0.6724749E-05  0.2047619E-04  0.6023454E-06 -0.5222985E-06
 -0.1507358E-04  0.6760683E-04 -0.6443793E-05  0.9940664E-05
 -0.2770454E-04 -0.1299477E-04  0.4775997E-04  0.6169753E-04
  0.4089115E-04 -0.5887499E-04  0.2080755E-04  0.2009137E-04
  0.9964731E-05 -0.2426901E-04  0.9742515E-05  0.6249703E-05
 -0.8066135E-05 -0.4120268E-05  0.3519301E-05 -0.2305825E-05
 -0.1406373E-04  0.2585939E-05  0.1453309E-05 -0.5161217E-05
 -0.2004515E-05 -0.9382951E-05 -0.1759887E-04 -0.7422163E-05
  0.7077132E-05 -0.3485137E-04 -0.1274520E-04 -0.2147258E-04
  0.1928455E-04 -0.9983873E-04 -0.9253048E-05 -0.2307340E-04
 -0.1266410E-04  0.2028984E-05  0.9516553E-05 -0.2196071E-04
  0.3076821E-05  0.3167639E-05 -0.7021248E-05 -0.1736726E-04
  0.8627283E-05 -0.3592708E-05 -0.1365503E-05 -0.4775029E-05
  0.1159300E-04 -0.7593812E-05  0.2056174E-05  0.2280947E-05
  0.1257733E-04 -0.8927708E-05  0.3197125E-05  0.4623731E-05
  0.2110028E-05  0.3662417E-06 -0.1099690E-04  0.4413004E-05
  0.3520900E-05 -0.2669594E-04 -0.1230928E-04 -0.8036451E-06
  0.1486296E-04 -0.9363585E-04 -0.1982786E-04 -0.1697910E-04
  0.1602304E-04 -0.5957317E-04 -0.4966074E-04 -0.8115078E-04
 -0.2744686E-04  0.5009848E-04 -0.1927038E-04 -0.3984528E-05
 -0.6215973E-05  0.1589245E-04 -0.3014969E-05 -0.3913523E-05
  0.6333208E-05 -0.4790099E-05  0.6902940E-05 -0.4248872E-05
  0.1051230E-04 -0.1168312E-04  0.1021192E-04 -0.4367494E-05
 -0.4655552E-06 -0.2535828E-05 -0.5785654E-05  0.7640520E-05
 -0.1260578E-05  0.2006019E-04 -0.1111036E-04 -0.6021399E-05
  0.2582819E-05  0.6883046E-04 -0.1614804E-04 -0.4024554E-04
  0.4081166E-04 -0.4574632E-04 -0.1857802E-05 -0.3076624E-04
 -0.4369910E-05 -0.2846486E-04 -0.2954666E-05  0.1280768E-04
 -0.3545836E-05 -0.1163397E-04 -0.2866946E-06  0.9744770E-05
 -0.3252377E-05 -0.1554999E-05  0.9468239E-06  0.7856730E-05
 -0.3158342E-05  0.1803961E-05  0.1351372E-05  0.7227459E-05
 -0.4525836E-05 -0.4219745E-05 -0.3707857E-05  0.1848553E-04
 -0.5260346E-05  0.1914387E-04  0.7086770E-05  0.1483566E-04
 -0.1636165E-04  0.8452124E-04  0.2095051E-04  0.1020433E-05
  0.1443603E-04 -0.1629660E-04 -0.9841950E-05  0.4725436E-04
 -0.1499018E-04 -0.3158420E-05 -0.5683774E-05  0.4931353E-05
 -0.4416311E-05  0.3135635E-05 -0.3669621E-05  0.5041469E-05
  0.1776112E-05  0.6828412E-05 -0.2293550E-05  0.4953105E-05
  0.3835019E-05  0.8060298E-05 -0.1833766E-05  0.4919406E-05
 -0.2865753E-05  0.7026309E-05  0.9033488E-05 -0.5745865E-05
  0.7411124E-05 -0.3561757E-05  0.7555486E-05 -0.1175300E-05
  0.3505351E-04 -0.2403093E-04  0.2019789E-04  0.1603114E-04
  0.6388912E-06 -0.1765941E-04  0.2875126E-04  0.2070366E-05
  0.2757153E-04 -0.1443567E-04  0.7678669E-05  0.1264632E-04
  0.1067217E-04  0.1896490E-05  0.3414581E-05  0.5674789E-05
  0.7744287E-06  0.1125934E-04  0.7466674E-06  0.1363993E-05
 -0.2518351E-05  0.1437225E-04 -0.1450139E-06 -0.7642804E-07
 -0.7759879E-06  0.7445641E-05  0.2056315E-05  0.1321156E-05
  0.5315106E-05 -0.1224927E-04 -0.2879033E-05  0.9286496E-05
  0.1250861E-04 -0.6026734E-04 -0.7901419E-06  0.2256737E-04
 -0.5911083E-05  0.3749033E-04  0.2388400E-05 -0.1945928E-04
  0.1320871E-04  0.7065942E-05  0.1365554E-04  0.1240069E-04
  0.5888084E-05  0.6729415E-05  0.1023767E-04  0.5401835E-05
  0.1358281E-05  0.6681720E-05  0.7954611E-05  0.1360196E-05
 -0.1553705E-06  0.6668346E-05  0.7189858E-05  0.1783051E-07
 -0.7054941E-05 -0.2334484E-05 -0.7573163E-05  0.3106294E-05
 -0.3928649E-05 -0.7530772E-05 -0.5035776E-07  0.1328590E-05
  0.4044085E-05 -0.2137594E-04  0.7130143E-05 -0.2108934E-05
  0.5917597E-05  0.1932488E-04 -0.1986718E-04 -0.1634819E-04
 -0.3159161E-04  0.3563088E-04 -0.1167801E-04 -0.6650924E-05
 -0.1026980E-04  0.1558758E-04 -0.4981141E-05 -0.5870262E-06
  0.2142053E-05  0.3763727E-05 -0.1201793E-05  0.3170679E-05
  0.6270237E-05 -0.1743371E-06  0.5314618E-07  0.4424902E-05
  0.1622170E-05  0.1782810E-05  0.8521917E-05  0.3832597E-05
 -0.8881094E-06  0.8198465E-05  0.4537930E-05  0.1085974E-04
  0.2885148E-06  0.2168604E-04 -0.2505286E-05  0.1053734E-04
  0.1308405E-04 -0.1996844E-04 -0.1088442E-04 -0.2716824E-05
 -0.7543435E-05  0.6625962E-06  0.3974490E-05  0.6816436E-05
 -0.7960468E-05  0.1417955E-05  0.1118802E-05  0.6975294E-06
 -0.8051053E-05  0.1923794E-05 -0.5731771E-06 -0.2728287E-05
 -0.8078544E-05  0.2093224E-05 -0.1136866E-05 -0.3865502E-05
 -0.5647668E-07  0.6052195E-06  0.3397327E-05 -0.1838541E-05
 -0.1542363E-05  0.1170660E-04  0.2356864E-05 -0.2839950E-05
 -0.8150878E-05  0.4071521E-04  0.1610793E-05 -0.1145064E-05
 -0.2950830E-05  0.2772501E-04  0.2612532E-04  0.3166559E-04
  0.2144033E-04 -0.3466705E-04  0.1091793E-04  0.9148275E-07
  0.5425752E-05 -0.1392075E-04  0.2477257E-05  0.6948507E-06
 -0.3989194E-05 -0.1403422E-05 -0.2636650E-05  0.1164408E-05
 -0.7122363E-05  0.2767550E-05 -0.4342142E-05  0.1323373E-05
 -0.2278730E-05  0.3278532E-05  0.2034990E-05 -0.5157778E-05
 -0.2825636E-05 -0.6119921E-05  0.5667990E-05  0.1698888E-05
 -0.8868212E-05 -0.2097598E-04  0.1036017E-04  0.1494792E-04
 -0.2614901E-04  0.2839513E-04 -0.5624079E-06  0.1434547E-04
  0.6674098E-05  0.9486274E-05  0.1263692E-05 -0.5197151E-05
  0.3393148E-05  0.4544438E-05  0.7514103E-08 -0.4206795E-05
  0.1586363E-05  0.1471037E-05 -0.5756790E-06 -0.3529274E-05
  0.9871583E-06  0.4451266E-06 -0.7669891E-06 -0.3302822E-05
  0.3017561E-05  0.1602558E-05  0.1731818E-05 -0.7957661E-05
  0.4625285E-05 -0.8338594E-05 -0.1407459E-05 -0.4048740E-05
  0.1243420E-04 -0.3425116E-04 -0.4043285E-05  0.6090200E-05
 -0.1357642E-04  0.1278977E-04  0.1003103E-04 -0.1850145E-04
  0.1036304E-04  0.8412637E-06  0.6219552E-05 -0.2004592E-06
  0.3934084E-05 -0.2398086E-05  0.3076676E-05 -0.1436793E-05
  0.2421473E-06 -0.4405621E-05  0.1153150E-05 -0.2024809E-05
 -0.9845451E-06 -0.5076494E-05  0.5118909E-06 -0.2217502E-05
  0.1460724E-05 -0.2588292E-05 -0.4474165E-05  0.4203409E-05
 -0.2558384E-05  0.2393232E-05 -0.3997367E-05  0.2688971E-05
 -0.1581570E-04  0.1487254E-04 -0.1288091E-04 -0.4098926E-05
 -0.5760568E-05  0.1165527E-04 -0.1939104E-04 -0.2718372E-05
 -0.1824321E-04  0.1061734E-04 -0.6071390E-06 -0.5493769E-05
 -0.8610204E-05  0.7887850E-06 -0.4865271E-06 -0.2713926E-05
 -0.2929039E-05 -0.4927898E-05 -0.3294652E-06 -0.1000036E-05
 -0.1038403E-05 -0.6829917E-05 -0.2755754E-06 -0.4271545E-06
  0.7328895E-06 -0.3499229E-05 -0.2237171E-05  0.8485782E-06
 -0.1957526E-05  0.4636259E-05 -0.4913273E-06 -0.5333930E-05
 -0.4490466E-05  0.2273150E-04 -0.2978856E-05 -0.1478218E-04
  0.4058835E-05 -0.2109906E-04 -0.1345928E-05  0.1053472E-04
 -0.1088736E-04  0.3746156E-05 -0.9401941E-05 -0.4451465E-05
 -0.4665815E-05 -0.3258188E-07 -0.5580957E-05 -0.2635738E-05
 -0.9308835E-06 -0.2310621E-05 -0.3221580E-05 -0.1574547E-05
  0.3146497E-06 -0.3070056E-05 -0.2434318E-05 -0.1221992E-05
