  1  2   693 10944  4  4  9 11  7  1    0.00   24.00  100.00  600.00    0.00    6.28   45.00   45.00
  100.0  100.0  100.0  100.0  125.0  150.0  190.0  230.0  275.0  350.0  450.0  600.0  600.0  600.0  600.0
  0.1052169E+02  0.1745543E-01  0.1940679E-01  0.0000000E+00
  0.1048353E+02  0.7227827E-01  0.1685911E-01  0.0000000E+00
  0.1070570E+02 -0.1362321E-01  0.1486454E-01  0.0000000E+00
  0.1084571E+02  0.2844821E-01  0.5557474E-02  0.0000000E+00
  0.1090093E+02  0.4414929E-01 -0.6054399E-02  0.0000000E+00
  0.1110653E+02  0.1444252E+00 -0.4192071E-01  0.0000000E+00
  0.1126091E+02  0.3119651E+00 -0.4276845E-01  0.0000000E+00
  0.1117886E+02  0.5350172E+00 -0.3225996E-01  0.0000000E+00
  0.1104487E+02  0.4605197E+00 -0.1854434E-01  0.0000000E+00
  0.1096583E+02  0.3626149E+00 -0.9757739E-02  0.0000000E+00
  0.1091806E+02  0.3044611E+00 -0.4459789E-02  0.0000000E+00
 -0.2728167E+00 -0.9471435E-01  0.1690466E-01  0.0000000E+00
 -0.2858214E+00 -0.2234030E-01  0.4010144E-01  0.0000000E+00
 -0.2927156E+00 -0.3415257E-01  0.1767283E-01  0.0000000E+00
 -0.2451987E+00 -0.5171141E-01  0.1883631E-01  0.0000000E+00
 -0.2984832E+00 -0.7243329E-01  0.1611405E-01  0.0000000E+00
 -0.3178884E+00 -0.8580741E-01  0.1175560E-01  0.0000000E+00
 -0.2411819E+00 -0.2256515E-01  0.1240872E-01  0.0000000E+00
 -0.1554137E+00  0.4633236E-02  0.3986887E-02  0.0000000E+00
 -0.9601797E-01 -0.3941950E-01  0.6794128E-02  0.0000000E+00
 -0.6205204E-01 -0.6858586E-01  0.9539639E-02  0.0000000E+00
 -0.4150177E-01 -0.8615242E-01  0.1117885E-01  0.0000000E+00
  0.8037758E-01 -0.1088343E-01  0.4625209E-02  0.0000000E+00
  0.1076595E+00 -0.5405346E-01 -0.1718973E-01  0.0000000E+00
  0.7379681E-01 -0.2932002E-01  0.5905921E-04  0.0000000E+00
  0.7002509E-01 -0.2374005E-02 -0.1749094E-02  0.0000000E+00
  0.2614098E-01  0.7623672E-03  0.6275646E-02  0.0000000E+00
 -0.5886759E-01  0.1338650E-01 -0.5997300E-02  0.0000000E+00
 -0.1209112E+00 -0.6606415E-02 -0.5068075E-02  0.0000000E+00
 -0.1241597E+00 -0.2342638E-01 -0.6882824E-02  0.0000000E+00
 -0.9141502E-01 -0.6484445E-01 -0.3887235E-02  0.0000000E+00
 -0.6523109E-01 -0.8512627E-01 -0.2829658E-02  0.0000000E+00
 -0.4953422E-01 -0.9746211E-01 -0.2178057E-02  0.0000000E+00
 -0.4603078E-01 -0.1690313E-03  0.2713059E-04  0.0000000E+00
 -0.2884676E-01  0.4516767E-04  0.4749989E-04  0.0000000E+00
 -0.6493147E-01  0.9420345E-03  0.4041365E-03  0.0000000E+00
 -0.2445879E-01 -0.1164682E-02 -0.4488015E-03  0.0000000E+00
 -0.2711753E-01  0.9449524E-03  0.1160099E-02  0.0000000E+00
 -0.8506365E-02 -0.1675720E-02 -0.4395313E-02  0.0000000E+00
  0.3063135E-01  0.2136511E-01 -0.6191951E-02  0.0000000E+00
  0.6980755E-01  0.2944948E-01 -0.2820835E-02  0.0000000E+00
  0.5435045E-01  0.4302327E-01 -0.2442142E-02  0.0000000E+00
  0.4536702E-01  0.4793756E-01 -0.5220075E-02  0.0000000E+00
  0.3993630E-01  0.5096863E-01 -0.6841830E-02  0.0000000E+00
 -0.4774710E-01  0.6829688E-03 -0.2896185E-04  0.0000000E+00
 -0.1544784E-02 -0.1094652E-03  0.5710163E-04  0.0000000E+00
  0.3317152E-01 -0.3815699E-03 -0.3808258E-03  0.0000000E+00
  0.5029998E-01  0.9739655E-04  0.4547695E-03  0.0000000E+00
  0.3055358E-01 -0.6760867E-04 -0.9723347E-03  0.0000000E+00
 -0.2807929E-01 -0.5047816E-02  0.3003593E-02  0.0000000E+00
 -0.3781020E-01 -0.2274957E-01  0.3250474E-02  0.0000000E+00
 -0.2953504E-01 -0.2764250E-01 -0.9024057E-03  0.0000000E+00
 -0.2320628E-01 -0.3295215E-01 -0.3228608E-02  0.0000000E+00
 -0.1888010E-01 -0.3003706E-01 -0.2351293E-02  0.0000000E+00
 -0.1627662E-01 -0.2838895E-01 -0.1863566E-02  0.0000000E+00
  0.9580133E-02  0.2791988E-03 -0.1515542E-03  0.0000000E+00
  0.5561290E-02 -0.8966463E-03  0.4795553E-03  0.0000000E+00
  0.1698131E-01  0.6582262E-03 -0.4668654E-03  0.0000000E+00
  0.2742966E-02 -0.1011913E-02  0.9521025E-03  0.0000000E+00
 -0.1037436E-01  0.3146335E-02 -0.1787272E-02  0.0000000E+00
 -0.2318212E-01 -0.7927248E-02  0.5509752E-02  0.0000000E+00
 -0.2644800E-01  0.4839503E-02  0.1039985E-02  0.0000000E+00
 -0.3427423E-01 -0.6302905E-02  0.9851785E-03  0.0000000E+00
 -0.2525210E-01 -0.1340689E-01  0.3430260E-02  0.0000000E+00
 -0.1614160E-01 -0.1802859E-01  0.2169330E-02  0.0000000E+00
 -0.1070784E-01 -0.2081366E-01  0.1458527E-02  0.0000000E+00
 -0.1786847E-01 -0.3057525E-04  0.7679396E-04  0.0000000E+00
 -0.2999768E-01  0.1265169E-02 -0.1153698E-03  0.0000000E+00
 -0.2277143E-01 -0.1487480E-02 -0.1027190E-03  0.0000000E+00
 -0.2484544E-01  0.2349311E-02 -0.3434283E-06  0.0000000E+00
 -0.7457870E-02 -0.3366286E-02  0.2108759E-03  0.0000000E+00
 -0.2950101E-02  0.8393344E-02 -0.9515584E-03  0.0000000E+00
  0.7846150E-02 -0.1307105E-01 -0.5715623E-03  0.0000000E+00
  0.2607037E-01 -0.1233009E-01  0.1271567E-02  0.0000000E+00
  0.1776141E-01  0.6073875E-03  0.9121663E-03  0.0000000E+00
  0.1038488E-01  0.6292377E-02 -0.6310876E-04  0.0000000E+00
  0.5974331E-02  0.9765868E-02 -0.6381017E-03  0.0000000E+00
  0.1253177E-02  0.1421427E-04 -0.6461543E-04  0.0000000E+00
 -0.1716540E-01  0.5037290E-03  0.2399418E-04  0.0000000E+00
  0.7740803E-02 -0.1887925E-03  0.1595651E-03  0.0000000E+00
  0.1294882E-02  0.2811834E-03 -0.2913302E-03  0.0000000E+00
  0.2039596E-01 -0.7391329E-03  0.5713999E-03  0.0000000E+00
  0.6106883E-02  0.1717063E-02 -0.2094269E-02  0.0000000E+00
  0.4520591E-02 -0.8144464E-03 -0.1031170E-02  0.0000000E+00
  0.1003986E-01 -0.3965897E-02 -0.1183375E-02  0.0000000E+00
  0.8542888E-02  0.7174904E-03 -0.1607073E-02  0.0000000E+00
  0.4799794E-02  0.1842557E-02 -0.4781431E-03  0.0000000E+00
  0.2591763E-02  0.2553617E-02  0.1777735E-03  0.0000000E+00
 -0.8433202E-03 -0.5789100E-04 -0.2461713E-04  0.0000000E+00
 -0.3234797E-01  0.9975908E-03 -0.1404925E-03  0.0000000E+00
 -0.6511421E-02 -0.5985997E-03  0.8992969E-04  0.0000000E+00
 -0.2208818E-01  0.9233123E-03 -0.8252707E-04  0.0000000E+00
 -0.7174899E-02 -0.1444967E-02  0.1338092E-03  0.0000000E+00
 -0.1250527E-01  0.3677109E-02 -0.4240789E-03  0.0000000E+00
 -0.1198181E-01 -0.3955927E-02 -0.3489006E-03  0.0000000E+00
 -0.1455939E-01 -0.4809490E-02 -0.1178554E-02  0.0000000E+00
 -0.9888195E-02 -0.7906371E-02  0.2959972E-03  0.0000000E+00
 -0.6397740E-02 -0.8023362E-02 -0.2900351E-03  0.0000000E+00
 -0.4302837E-02 -0.8126982E-02 -0.6167725E-03  0.0000000E+00
 -0.1442190E+00 -0.7280920E-01  0.4477146E-03  0.0000000E+00
 -0.1998714E+00 -0.1571042E+00 -0.1333972E-02  0.0000000E+00
 -0.1998036E+00 -0.4477958E-01 -0.2370500E-02  0.0000000E+00
 -0.1645433E+00 -0.5654232E-01  0.8464904E-02  0.0000000E+00
 -0.2355402E+00 -0.4347005E-01  0.2992083E-02  0.0000000E+00
 -0.1306907E+00  0.9192320E-02 -0.1027780E-01  0.0000000E+00
 -0.1143167E+00  0.6599555E-01 -0.3220316E-02  0.0000000E+00
 -0.1231512E+00  0.2979344E-01  0.3305045E-02  0.0000000E+00
 -0.9508444E-01 -0.2876069E-01  0.1473975E-01  0.0000000E+00
 -0.6475090E-01 -0.3670857E-01  0.2034016E-01  0.0000000E+00
 -0.4667777E-01 -0.4201308E-01  0.2374708E-01  0.0000000E+00
  0.1162393E+00 -0.3310191E-01  0.9145257E-02  0.0000000E+00
  0.5845847E-01 -0.4392194E-01  0.1792391E-01  0.0000000E+00
  0.7964434E-01 -0.3340731E-01  0.1131760E-01  0.0000000E+00
  0.1506132E+00 -0.1037875E-01 -0.9750686E-02  0.0000000E+00
  0.1020144E+00  0.3474833E-01  0.1275229E-01  0.0000000E+00
 -0.6564593E-01  0.3421762E-02  0.1497499E-01  0.0000000E+00
 -0.8596779E-01  0.2228449E-01  0.7729160E-02  0.0000000E+00
 -0.5895643E-01 -0.1669386E-01  0.6504555E-02  0.0000000E+00
 -0.3118280E-01 -0.3487672E-01  0.9402398E-02  0.0000000E+00
 -0.1991031E-01 -0.3053900E-01  0.1039155E-01  0.0000000E+00
 -0.1299873E-01 -0.2820290E-01  0.1100276E-01  0.0000000E+00
  0.8778268E-01  0.3165388E-01 -0.6030080E-02  0.0000000E+00
  0.6576544E-01  0.3082175E-02 -0.1600589E-01  0.0000000E+00
  0.9207924E-01  0.2667466E-01  0.1704289E-03  0.0000000E+00
  0.3571706E-01  0.2454091E-01  0.2012503E-02  0.0000000E+00
  0.2480262E-01  0.3677803E-02  0.3263847E-02  0.0000000E+00
  0.2174399E-01  0.8807031E-02 -0.5461208E-03  0.0000000E+00
  0.1654360E-02  0.2528609E-01  0.2794292E-02  0.0000000E+00
  0.1211027E-01 -0.1070592E-01 -0.3317348E-02  0.0000000E+00
  0.6948690E-02 -0.1461725E-02 -0.6568915E-03  0.0000000E+00
 -0.5855569E-02  0.1116162E-01  0.6509659E-03  0.0000000E+00
 -0.1341070E-01  0.1865339E-01  0.1446616E-02  0.0000000E+00
  0.4144794E-01  0.2891365E-03  0.3475374E-04  0.0000000E+00
  0.6965746E-01 -0.1360812E-02 -0.3630275E-03  0.0000000E+00
  0.4522731E-01  0.7529294E-03  0.5527257E-03  0.0000000E+00
  0.4068913E-01 -0.1051920E-02 -0.7100599E-03  0.0000000E+00
  0.9227749E-01  0.1351754E-02  0.1648038E-02  0.0000000E+00
  0.6696070E-01  0.6896106E-02 -0.6002793E-02  0.0000000E+00
  0.3335935E-01  0.3047212E-01 -0.5288705E-02  0.0000000E+00
  0.1530848E-01  0.3349566E-02 -0.7621182E-02  0.0000000E+00
  0.6304572E-02  0.8434683E-03 -0.8591207E-02  0.0000000E+00
  0.4556538E-02 -0.5335407E-02 -0.6882661E-02  0.0000000E+00
  0.3432040E-02 -0.8984515E-02 -0.5893044E-02  0.0000000E+00
 -0.3421518E-02 -0.6532306E-03  0.1700314E-03  0.0000000E+00
 -0.1289475E-01  0.4328520E-03 -0.9103194E-04  0.0000000E+00
  0.3144118E-01 -0.9959404E-04 -0.1978358E-03  0.0000000E+00
  0.1715624E-01  0.7358890E-03  0.2844586E-03  0.0000000E+00
  0.2008193E-01  0.3988556E-03 -0.5544033E-03  0.0000000E+00
 -0.1965523E-02 -0.5348009E-02  0.2182581E-02  0.0000000E+00
  0.5008976E-02 -0.1451622E-01 -0.2384297E-03  0.0000000E+00
  0.2088252E-03 -0.1171482E-01 -0.8800140E-03  0.0000000E+00
 -0.1184529E-01  0.4832795E-03 -0.1136491E-02  0.0000000E+00
 -0.1638442E-01 -0.1832818E-02 -0.2055143E-02  0.0000000E+00
 -0.1917782E-01 -0.3050892E-02 -0.2596250E-02  0.0000000E+00
  0.4571655E-02 -0.3445782E-03 -0.1297864E-03  0.0000000E+00
  0.2672311E-01  0.2664718E-03  0.2200020E-03  0.0000000E+00
  0.5460654E-02  0.8926279E-03 -0.3121766E-03  0.0000000E+00
  0.5861019E-02 -0.1507474E-02  0.8435059E-03  0.0000000E+00
 -0.1895881E-01  0.3191082E-02 -0.1654923E-02  0.0000000E+00
 -0.2132170E-01 -0.1508403E-01  0.6127355E-02  0.0000000E+00
 -0.2664098E-01  0.8369199E-03  0.5619698E-02  0.0000000E+00
 -0.2660556E-01 -0.1034699E-01  0.5994040E-02  0.0000000E+00
 -0.1398661E-01 -0.1505709E-01  0.4906650E-02  0.0000000E+00
 -0.7416450E-02 -0.1296812E-01  0.5519187E-02  0.0000000E+00
 -0.3429323E-02 -0.1179703E-01  0.5866115E-02  0.0000000E+00
 -0.1278518E-01  0.1432857E-03  0.4437155E-04  0.0000000E+00
 -0.3143420E-01 -0.9636730E-05 -0.2806784E-03  0.0000000E+00
 -0.2160950E-01  0.1699378E-03 -0.2259550E-04  0.0000000E+00
 -0.3282200E-01  0.7415303E-03  0.1320314E-03  0.0000000E+00
 -0.1448630E-01 -0.2029253E-02 -0.3091671E-03  0.0000000E+00
 -0.4099791E-02  0.1120125E-02  0.3744085E-03  0.0000000E+00
  0.8941553E-02 -0.1373428E-01 -0.8078449E-03  0.0000000E+00
  0.1521954E-01 -0.3182816E-02 -0.3825499E-03  0.0000000E+00
  0.1037546E-01  0.7916792E-02 -0.1181722E-02  0.0000000E+00
  0.9725688E-02  0.1081027E-01 -0.1930943E-02  0.0000000E+00
  0.9292224E-02  0.1262892E-01 -0.2378829E-02  0.0000000E+00
 -0.1074762E-01  0.2320660E-03  0.8226151E-04  0.0000000E+00
  0.2837619E-01 -0.6869254E-03 -0.2435919E-03  0.0000000E+00
 -0.5816256E-02  0.1690381E-03  0.3140828E-03  0.0000000E+00
  0.1146802E-01 -0.6149068E-03 -0.3339763E-03  0.0000000E+00
  0.1980738E-01  0.7206298E-03  0.9292902E-03  0.0000000E+00
  0.1194363E-01  0.1763030E-03 -0.3214443E-02  0.0000000E+00
  0.5808362E-02 -0.2745813E-02 -0.1059371E-02  0.0000000E+00
  0.1860550E-03 -0.8942015E-02 -0.4235160E-03  0.0000000E+00
 -0.2714964E-02 -0.3615280E-02 -0.6959891E-03  0.0000000E+00
 -0.2448325E-02 -0.2667208E-02 -0.4981556E-03  0.0000000E+00
 -0.2324935E-02 -0.2052940E-02 -0.3853711E-03  0.0000000E+00
 -0.8631321E-02  0.2438298E-03  0.1222407E-03  0.0000000E+00
 -0.2143048E-01 -0.3308971E-03 -0.3117662E-03  0.0000000E+00
 -0.1204242E-01 -0.3513571E-03  0.1316295E-03  0.0000000E+00
 -0.1562342E-01  0.7062749E-03 -0.1610895E-03  0.0000000E+00
 -0.7665985E-02 -0.2150736E-02  0.4913437E-03  0.0000000E+00
 -0.1149833E-01  0.9478151E-02 -0.1349743E-02  0.0000000E+00
 -0.1300123E-01 -0.4739282E-02  0.1360360E-02  0.0000000E+00
 -0.2246946E-01 -0.1060284E-02 -0.1439828E-02  0.0000000E+00
 -0.1522818E-01 -0.6669703E-02 -0.2013462E-02  0.0000000E+00
 -0.7421195E-02 -0.7627023E-02 -0.6068622E-03  0.0000000E+00
 -0.2770354E-02 -0.8249965E-02  0.2103549E-03  0.0000000E+00
  0.1680844E-01 -0.5302291E-01  0.1548929E-01  0.0000000E+00
  0.1683239E-01  0.1995320E-01 -0.5311172E-02  0.0000000E+00
  0.1203293E-02 -0.2580372E-01 -0.2337302E-02  0.0000000E+00
  0.9092919E-02 -0.2293804E-02  0.6423514E-02  0.0000000E+00
  0.1211735E-01 -0.1577487E-01  0.1327036E-02  0.0000000E+00
 -0.3876853E-03 -0.1286078E-01 -0.4770792E-04  0.0000000E+00
  0.1398098E-01 -0.6567187E-02  0.4309786E-02  0.0000000E+00
  0.3686330E-01 -0.6085712E-02  0.3519284E-02  0.0000000E+00
  0.3303755E-01  0.2134378E-01  0.1121687E-02  0.0000000E+00
  0.2183400E-01  0.3018554E-01  0.2135848E-02  0.0000000E+00
  0.1523243E-01  0.3566381E-01  0.2703742E-02  0.0000000E+00
  0.1909843E-02 -0.3977673E-01 -0.6009818E-02  0.0000000E+00
 -0.3214620E-01 -0.4337131E-01 -0.1868688E-02  0.0000000E+00
  0.1835572E-01  0.1664260E-01  0.7303733E-02  0.0000000E+00
 -0.2484524E-01 -0.2548664E-01 -0.9331623E-03  0.0000000E+00
 -0.6143866E-02  0.1268323E-01  0.5346728E-02  0.0000000E+00
 -0.2348806E-01 -0.1628933E-01 -0.7565496E-02  0.0000000E+00
 -0.1360362E-01  0.8598031E-02  0.1612116E-02  0.0000000E+00
 -0.7475448E-02  0.1296612E-02  0.4479600E-02  0.0000000E+00
 -0.3387527E-02  0.6589316E-02  0.3979845E-02  0.0000000E+00
 -0.4680950E-02  0.6879336E-02  0.3144051E-02  0.0000000E+00
 -0.5393790E-02  0.7108408E-02  0.2649586E-02  0.0000000E+00
 -0.1189365E-01  0.3121850E-01 -0.6310540E-02  0.0000000E+00
  0.5566476E-02 -0.9778888E-01  0.2868450E-02  0.0000000E+00
 -0.2619532E-01  0.8540857E-02 -0.3180124E-02  0.0000000E+00
  0.1406197E-01 -0.2427463E-01  0.3360134E-02  0.0000000E+00
 -0.1164207E-01 -0.7857945E-02  0.2535993E-02  0.0000000E+00
 -0.8588354E-02 -0.1119766E-01 -0.2976172E-02  0.0000000E+00
 -0.1531205E-01 -0.5907543E-02 -0.1430176E-02  0.0000000E+00
 -0.9353317E-02 -0.1380807E-01 -0.1900400E-02  0.0000000E+00
 -0.7812393E-02 -0.1060336E-01 -0.2979439E-02  0.0000000E+00
 -0.1623998E-02 -0.6834421E-02 -0.2589094E-02  0.0000000E+00
  0.2017001E-02 -0.4591391E-02 -0.2372805E-02  0.0000000E+00
  0.5447870E-02 -0.5577730E-03 -0.3793212E-04  0.0000000E+00
  0.5087896E-02  0.2233327E-03 -0.3963648E-04  0.0000000E+00
 -0.1868223E-02 -0.5394790E-03 -0.9387051E-04  0.0000000E+00
  0.1473843E-01 -0.2436556E-03  0.2173696E-03  0.0000000E+00
  0.2716961E-02  0.1297380E-02 -0.5590407E-03  0.0000000E+00
 -0.2219078E-01 -0.2232140E-02  0.1711467E-02  0.0000000E+00
 -0.1934119E-01 -0.9676746E-03 -0.1024649E-02  0.0000000E+00
 -0.1589211E-01 -0.3673215E-02  0.1341805E-03  0.0000000E+00
 -0.4589671E-02 -0.1251550E-01  0.6854086E-03  0.0000000E+00
 -0.1443545E-02 -0.1482117E-01 -0.3768558E-02  0.0000000E+00
  0.5242902E-03 -0.1626917E-01 -0.6371019E-02  0.0000000E+00
  0.1140144E-01 -0.8454200E-04  0.3407135E-04  0.0000000E+00
 -0.2344868E-02  0.1563535E-03 -0.9455412E-04  0.0000000E+00
 -0.8297048E-02  0.3682250E-03 -0.1357794E-04  0.0000000E+00
 -0.1816364E-02 -0.3855497E-03 -0.1083969E-03  0.0000000E+00
  0.4885990E-02  0.3028806E-04  0.2845645E-03  0.0000000E+00
  0.3278882E-02  0.1019194E-02 -0.1906827E-02  0.0000000E+00
 -0.1205572E-01  0.4543856E-02 -0.1701414E-02  0.0000000E+00
  0.3348462E-02  0.1135807E-02  0.6025766E-03  0.0000000E+00
  0.5486852E-02 -0.1045600E-02  0.1299609E-02  0.0000000E+00
  0.5595583E-02 -0.3643906E-03 -0.1965179E-02  0.0000000E+00
  0.5683125E-02  0.8540045E-05 -0.3869470E-02  0.0000000E+00
  0.2734273E-01  0.3862566E-04 -0.4595460E-04  0.0000000E+00
 -0.1436057E-01  0.6837619E-03 -0.4593335E-04  0.0000000E+00
  0.8926093E-02 -0.2995085E-03  0.2403461E-04  0.0000000E+00
  0.3564082E-02 -0.6680741E-03  0.3298397E-04  0.0000000E+00
  0.1343002E-01  0.4240689E-03 -0.1182727E-03  0.0000000E+00
  0.5536932E-02 -0.2891199E-03  0.2532303E-03  0.0000000E+00
  0.6241361E-03  0.5981487E-02 -0.3182790E-03  0.0000000E+00
 -0.2810368E-03 -0.5429954E-03  0.1433407E-02  0.0000000E+00
 -0.5616436E-03 -0.5007622E-02  0.1011392E-02  0.0000000E+00
 -0.1154067E-02 -0.7588393E-02 -0.6431413E-03  0.0000000E+00
 -0.1503242E-02 -0.9149742E-02 -0.1616315E-02  0.0000000E+00
  0.2750905E-02  0.3915125E-03  0.4544191E-04  0.0000000E+00
  0.5768175E-02  0.5446238E-03  0.1311742E-03  0.0000000E+00
  0.8057835E-02  0.1641551E-03 -0.2485303E-03  0.0000000E+00
 -0.1015725E-02 -0.7721092E-03  0.3406613E-03  0.0000000E+00
  0.5488068E-02  0.1248282E-02 -0.6125673E-03  0.0000000E+00
  0.1942473E-02 -0.2296886E-02  0.1854718E-02  0.0000000E+00
 -0.7051942E-02  0.1719566E-02  0.6905564E-03  0.0000000E+00
  0.5804500E-03 -0.1469841E-02  0.1874675E-02  0.0000000E+00
 -0.6961341E-03 -0.5760155E-02  0.1031730E-02  0.0000000E+00
 -0.2743518E-02 -0.6706130E-02 -0.3652960E-03  0.0000000E+00
 -0.3956440E-02 -0.7308261E-02 -0.1192873E-02  0.0000000E+00
 -0.1098577E-01 -0.1799815E-04 -0.2675027E-04  0.0000000E+00
 -0.5238543E-04  0.8312073E-04 -0.1794507E-03  0.0000000E+00
  0.2180775E-02 -0.1088198E-03  0.4748482E-04  0.0000000E+00
  0.7193666E-02  0.2107926E-03  0.5071696E-04  0.0000000E+00
  0.6924444E-02  0.1587501E-03  0.5410960E-04  0.0000000E+00
  0.2524855E-02 -0.7951612E-03 -0.6842179E-03  0.0000000E+00
 -0.6843424E-02  0.4529613E-02 -0.5298563E-03  0.0000000E+00
 -0.3280800E-02 -0.3366307E-03 -0.7157153E-03  0.0000000E+00
 -0.1643732E-02 -0.8077729E-03  0.6272155E-04  0.0000000E+00
 -0.8372930E-03  0.9347515E-03  0.4186382E-03  0.0000000E+00
 -0.3474545E-03  0.1949329E-02  0.6356824E-03  0.0000000E+00
  0.1405473E-01  0.1662170E-03 -0.1876195E-04  0.0000000E+00
  0.6293769E-02  0.8404660E-03  0.8003623E-04  0.0000000E+00
  0.2257947E-01 -0.2064321E-03  0.6076932E-05  0.0000000E+00
 -0.8282660E-02 -0.1996982E-03 -0.2574592E-03  0.0000000E+00
  0.1279160E-01  0.2949351E-03  0.4697103E-03  0.0000000E+00
 -0.2038686E-02 -0.9343033E-03 -0.1242858E-02  0.0000000E+00
  0.4360136E-02  0.3827677E-02 -0.1428344E-02  0.0000000E+00
  0.4344366E-03  0.2333610E-02 -0.1532720E-02  0.0000000E+00
  0.1553231E-02 -0.3612725E-02 -0.1684902E-02  0.0000000E+00
  0.1243219E-02 -0.5900668E-02 -0.1674654E-02  0.0000000E+00
  0.1074710E-02 -0.7307229E-02 -0.1670221E-02  0.0000000E+00
  0.3548881E-01  0.1516388E-01  0.3005830E-02  0.0000000E+00
  0.4221584E-01  0.1928230E-01 -0.4270284E-03  0.0000000E+00
  0.4589449E-01  0.8227073E-02  0.2699614E-02  0.0000000E+00
  0.1360530E-01  0.1948491E-01  0.5009930E-03  0.0000000E+00
  0.2791674E-01 -0.6413597E-02  0.2999583E-02  0.0000000E+00
  0.2226164E-01  0.2653292E-02 -0.7311186E-03  0.0000000E+00
  0.1569056E-01  0.7722623E-02 -0.1455646E-02  0.0000000E+00
 -0.3135745E-02 -0.6997706E-03  0.1615248E-02  0.0000000E+00
 -0.1235037E-01  0.2596904E-02  0.6059986E-02  0.0000000E+00
 -0.1099843E-01  0.2953494E-02  0.6154670E-02  0.0000000E+00
 -0.1031085E-01  0.3197724E-02  0.6260019E-02  0.0000000E+00
  0.4033221E-01  0.1095330E-01  0.1704204E-02  0.0000000E+00
  0.3766724E-01  0.2694737E-01 -0.2756375E-02  0.0000000E+00
  0.4691950E-01  0.9116866E-02  0.1721708E-03  0.0000000E+00
  0.4172193E-01  0.9422713E-02 -0.2233183E-02  0.0000000E+00
  0.7800404E-01  0.1966146E-01  0.3481234E-02  0.0000000E+00
  0.7385610E-01  0.7922586E-02  0.1473387E-02  0.0000000E+00
  0.3986642E-01 -0.3418848E-03  0.1343874E-02  0.0000000E+00
  0.4366735E-01  0.5180370E-02 -0.6514375E-03  0.0000000E+00
  0.2128943E-01  0.9168456E-02  0.2868266E-02  0.0000000E+00
  0.9332296E-02  0.1115766E-01  0.2137044E-02  0.0000000E+00
  0.2082599E-02  0.1236683E-01  0.1747983E-02  0.0000000E+00
 -0.1687071E-01  0.5207962E-02 -0.1905492E-02  0.0000000E+00
 -0.1520201E-01  0.4974217E-01 -0.6859955E-02  0.0000000E+00
 -0.4367654E-02 -0.9059131E-02  0.3225139E-02  0.0000000E+00
 -0.4125488E-02  0.1442372E-01 -0.2651569E-02  0.0000000E+00
 -0.8282171E-02 -0.4070005E-02  0.1976235E-03  0.0000000E+00
  0.1560043E-01  0.1081735E-02 -0.1717238E-02  0.0000000E+00
  0.2190923E-01  0.8976307E-03  0.9619956E-03  0.0000000E+00
  0.1684736E-01 -0.1382595E-02 -0.4626019E-02  0.0000000E+00
  0.2050118E-02  0.6524291E-02 -0.4829866E-02  0.0000000E+00
  0.1275330E-02  0.7927239E-02 -0.1514159E-02  0.0000000E+00
  0.6551180E-03  0.8837992E-02  0.4250331E-03  0.0000000E+00
 -0.2009105E-01  0.1881426E-03  0.2828010E-04  0.0000000E+00
 -0.4035064E-02  0.1281444E-02 -0.2750095E-03  0.0000000E+00
 -0.8353732E-02 -0.1918411E-03  0.3504445E-03  0.0000000E+00
 -0.2663579E-01  0.4861300E-03 -0.5649128E-03  0.0000000E+00
 -0.2203636E-01 -0.6122017E-03  0.8375136E-03  0.0000000E+00
  0.2659561E-01  0.1002384E-02 -0.1592433E-02  0.0000000E+00
  0.2227194E-01  0.2726726E-02 -0.1486435E-02  0.0000000E+00
  0.1025729E-01 -0.1258389E-02 -0.1083827E-02  0.0000000E+00
  0.2516205E-02  0.6378493E-03 -0.1883924E-03  0.0000000E+00
 -0.2983430E-03 -0.6373653E-03 -0.8420416E-03  0.0000000E+00
 -0.2032523E-02 -0.1363454E-02 -0.1215269E-02  0.0000000E+00
 -0.2297797E-01  0.1183663E-03  0.5027345E-04  0.0000000E+00
  0.1064386E-02 -0.3300736E-03 -0.1288209E-03  0.0000000E+00
 -0.2095496E-01 -0.3822481E-04 -0.4137459E-05  0.0000000E+00
  0.6825228E-02 -0.2296656E-03  0.1951556E-03  0.0000000E+00
 -0.6461985E-02 -0.3111108E-03 -0.2697661E-03  0.0000000E+00
  0.9339452E-02 -0.1452102E-02  0.1588474E-03  0.0000000E+00
  0.1897739E-01 -0.3250141E-02  0.3612406E-04  0.0000000E+00
  0.5436532E-02  0.2935547E-03 -0.1332545E-02  0.0000000E+00
 -0.9381417E-03  0.3829096E-02 -0.2149660E-02  0.0000000E+00
 -0.6556637E-03  0.3959971E-02 -0.9743786E-03  0.0000000E+00
 -0.5622388E-03  0.4076229E-02 -0.2957017E-03  0.0000000E+00
 -0.1017792E-01  0.4723788E-03 -0.2035034E-05  0.0000000E+00
 -0.1980466E-02 -0.3806059E-03 -0.2917796E-03  0.0000000E+00
 -0.4028959E-02 -0.4135075E-03  0.4624985E-04  0.0000000E+00
 -0.5662666E-02 -0.9490650E-04  0.1752742E-03  0.0000000E+00
 -0.2221420E-01  0.1022629E-02 -0.5248734E-03  0.0000000E+00
 -0.1831527E-01 -0.2922180E-02  0.1012202E-02  0.0000000E+00
 -0.7487495E-02  0.4212496E-03  0.9883840E-03  0.0000000E+00
 -0.9409641E-03 -0.1929621E-02  0.1947708E-02  0.0000000E+00
  0.8165280E-03  0.1542504E-03  0.3181582E-02  0.0000000E+00
 -0.1649407E-02  0.2275099E-02  0.1949776E-02  0.0000000E+00
 -0.3073587E-02  0.3540477E-02  0.1242657E-02  0.0000000E+00
 -0.9680355E-02  0.3976351E-04  0.6435852E-04  0.0000000E+00
 -0.2709374E-02  0.4723822E-03 -0.4088766E-04  0.0000000E+00
 -0.1229000E-01 -0.1153445E-02 -0.8530203E-05  0.0000000E+00
  0.4265687E-02  0.1001469E-02  0.1076943E-03  0.0000000E+00
 -0.1244195E-01 -0.1213130E-02 -0.3348030E-03  0.0000000E+00
  0.3703793E-02  0.2286810E-02  0.1027079E-02  0.0000000E+00
  0.9131780E-02 -0.1260003E-02 -0.3250384E-03  0.0000000E+00
  0.3605902E-02 -0.8548064E-03  0.1664082E-02  0.0000000E+00
  0.2806150E-02  0.7719924E-03  0.5758088E-03  0.0000000E+00
  0.2474818E-02 -0.1095518E-02  0.3768227E-05  0.0000000E+00
  0.2271828E-02 -0.2170476E-02 -0.3433016E-03  0.0000000E+00
 -0.4991219E-03  0.7126932E-04 -0.1991674E-04  0.0000000E+00
 -0.6687464E-02  0.1329151E-03 -0.1342558E-03  0.0000000E+00
  0.6048088E-02  0.3172543E-03  0.1392464E-03  0.0000000E+00
 -0.7507914E-03 -0.2530825E-03 -0.5145553E-04  0.0000000E+00
  0.6277379E-02 -0.1455726E-03  0.5671486E-05  0.0000000E+00
  0.4490273E-02  0.8581577E-03  0.3625680E-03  0.0000000E+00
  0.3577770E-02 -0.1148880E-02 -0.1796157E-02  0.0000000E+00
 -0.4655542E-03 -0.1750508E-02  0.6734075E-03  0.0000000E+00
 -0.2490352E-02 -0.4438744E-05 -0.3219534E-03  0.0000000E+00
 -0.1300677E-02  0.1560852E-02 -0.1668859E-02  0.0000000E+00
 -0.6277182E-03  0.2496843E-02 -0.2468482E-02  0.0000000E+00
  0.2026184E-03 -0.3096607E-03  0.6322089E-04  0.0000000E+00
  0.2693579E-02  0.5331282E-03 -0.1870927E-03  0.0000000E+00
 -0.1236442E-02 -0.2681085E-04  0.2423475E-03  0.0000000E+00
  0.8265862E-02 -0.2611735E-03 -0.2549713E-03  0.0000000E+00
 -0.1704681E-02  0.7410065E-03  0.4605091E-03  0.0000000E+00
 -0.3223185E-02 -0.4274599E-03 -0.1102320E-02  0.0000000E+00
 -0.1337205E-02  0.2700581E-02  0.6636628E-03  0.0000000E+00
  0.7088869E-03 -0.2543714E-03 -0.9262838E-03  0.0000000E+00
 -0.6684609E-03  0.1440472E-03 -0.3833858E-03  0.0000000E+00
 -0.9103384E-03 -0.8900176E-03  0.3277554E-03  0.0000000E+00
 -0.1067570E-02 -0.1491182E-02  0.7506459E-03  0.0000000E+00
  0.2387272E-01  0.1933566E-01  0.1433591E-03  0.0000000E+00
  0.1745794E-01 -0.1726905E-01 -0.1147622E-02  0.0000000E+00
  0.1628151E-01  0.7662561E-02 -0.4079416E-02  0.0000000E+00
  0.3199383E-01  0.6463317E-02  0.7725181E-02  0.0000000E+00
  0.2529841E-01  0.2910748E-02 -0.7383071E-03  0.0000000E+00
  0.4575478E-02 -0.1864443E-02  0.1064217E-02  0.0000000E+00
 -0.2719853E-02  0.1928683E-04 -0.8587212E-03  0.0000000E+00
 -0.6535399E-02 -0.5603392E-02  0.7635940E-03  0.0000000E+00
 -0.4073909E-02 -0.7160054E-02  0.8693347E-04  0.0000000E+00
 -0.1235046E-02 -0.4434880E-02 -0.1658367E-02  0.0000000E+00
  0.4551806E-03 -0.2855370E-02 -0.2687495E-02  0.0000000E+00
 -0.6474804E-02 -0.5302740E-02  0.1005927E-02  0.0000000E+00
 -0.3254483E-01  0.4849524E-02  0.6904185E-02  0.0000000E+00
 -0.6831689E-02 -0.1056198E-01  0.8075801E-02  0.0000000E+00
 -0.2623557E-01  0.9370480E-02 -0.6231738E-02  0.0000000E+00
 -0.7017289E-02  0.2291300E-03  0.1954724E-02  0.0000000E+00
  0.1435780E-01  0.7940363E-03 -0.1004710E-02  0.0000000E+00
  0.1512570E-01  0.8450500E-02 -0.1639192E-02  0.0000000E+00
  0.1120993E-01  0.5138291E-02  0.2488048E-02  0.0000000E+00
  0.6666962E-02 -0.3146696E-02  0.3668735E-02  0.0000000E+00
  0.3104744E-02 -0.4201604E-02  0.1224185E-02  0.0000000E+00
  0.9688523E-03 -0.4910587E-02 -0.1937642E-03  0.0000000E+00
 -0.1957321E-01  0.2789386E-01  0.2861210E-02  0.0000000E+00
 -0.1261370E-01 -0.3875561E-01 -0.1067044E-03  0.0000000E+00
 -0.1741746E-01  0.3020442E-01 -0.8020461E-04  0.0000000E+00
 -0.1707699E-01 -0.8073420E-02  0.2165098E-02  0.0000000E+00
 -0.1411250E-01  0.7615313E-02  0.3543068E-03  0.0000000E+00
 -0.6280911E-02 -0.2301148E-02  0.7511458E-03  0.0000000E+00
 -0.8629561E-03 -0.1915706E-02  0.1127894E-02  0.0000000E+00
 -0.5114479E-02  0.2910785E-03 -0.1066160E-02  0.0000000E+00
 -0.3343780E-02  0.5688570E-02  0.1790845E-02  0.0000000E+00
 -0.3544315E-03  0.6126235E-02  0.2952923E-02  0.0000000E+00
  0.1414368E-02  0.6442008E-02  0.3665209E-02  0.0000000E+00
 -0.6985821E-03  0.2838330E-03 -0.7234075E-04  0.0000000E+00
 -0.1627328E-02  0.1594310E-03  0.1920339E-04  0.0000000E+00
  0.3029913E-02  0.2649244E-03 -0.7249367E-04  0.0000000E+00
 -0.2312571E-02 -0.4405013E-04  0.1373834E-03  0.0000000E+00
 -0.9172810E-02 -0.2274522E-03 -0.1956065E-03  0.0000000E+00
  0.2561532E-02  0.4565664E-04  0.8951399E-03  0.0000000E+00
  0.5124098E-02 -0.4295634E-02  0.9350508E-03  0.0000000E+00
  0.4907988E-02 -0.2223794E-02  0.2644611E-02  0.0000000E+00
  0.2242009E-02 -0.4573847E-02  0.2057367E-02  0.0000000E+00
  0.1164497E-02 -0.6625991E-02  0.9976876E-03  0.0000000E+00
  0.5036379E-03 -0.7853722E-02  0.3706179E-03  0.0000000E+00
 -0.3415229E-02  0.1507057E-03  0.1189554E-03  0.0000000E+00
 -0.1238196E-02  0.9856697E-04 -0.9381095E-04  0.0000000E+00
  0.1969556E-02  0.5419189E-03 -0.5290098E-04  0.0000000E+00
 -0.1318779E-01 -0.8271823E-03 -0.5887368E-04  0.0000000E+00
 -0.2680323E-02  0.7345519E-03  0.2798641E-03  0.0000000E+00
  0.4647532E-02 -0.7316274E-03 -0.1030463E-02  0.0000000E+00
  0.7108944E-03  0.9852930E-02 -0.2215067E-02  0.0000000E+00
  0.7237159E-02  0.6305649E-02 -0.2245113E-02  0.0000000E+00
  0.7407727E-02  0.5790090E-02 -0.4507270E-03  0.0000000E+00
  0.4263833E-02  0.5096120E-02  0.2173783E-03  0.0000000E+00
  0.2426692E-02  0.4684582E-02  0.6285387E-03  0.0000000E+00
  0.1719123E-02  0.2279726E-03  0.2388625E-04  0.0000000E+00
 -0.1786588E-03 -0.6054858E-03 -0.8914664E-04  0.0000000E+00
  0.6790407E-02 -0.2900825E-03  0.3034740E-05  0.0000000E+00
 -0.4734418E-02 -0.1433999E-03 -0.9853325E-04  0.0000000E+00
  0.9403742E-02  0.3839675E-03  0.2950774E-03  0.0000000E+00
  0.5901312E-02  0.7363900E-05 -0.4875413E-03  0.0000000E+00
  0.3587670E-04  0.4644547E-02 -0.1064708E-02  0.0000000E+00
  0.2682960E-02  0.2891448E-02 -0.3510461E-03  0.0000000E+00
  0.2612244E-02  0.2034210E-02 -0.7594661E-03  0.0000000E+00
  0.1945241E-02  0.3114693E-02  0.7111182E-04  0.0000000E+00
  0.1554352E-02  0.3737088E-02  0.5528563E-03  0.0000000E+00
  0.2131039E-02 -0.2188358E-04  0.1061628E-03  0.0000000E+00
 -0.7394953E-02 -0.3221197E-03  0.1556950E-03  0.0000000E+00
  0.6116209E-02  0.3196276E-03 -0.2497825E-03  0.0000000E+00
 -0.8616675E-03 -0.2212675E-03  0.1175086E-03  0.0000000E+00
 -0.4000086E-02  0.2156551E-03 -0.1246051E-03  0.0000000E+00
  0.1255699E-02 -0.9926118E-03  0.7125337E-03  0.0000000E+00
  0.1824571E-03 -0.3088625E-02  0.1559006E-02  0.0000000E+00
 -0.2777086E-02 -0.2087361E-02 -0.4201374E-03  0.0000000E+00
 -0.1963233E-02  0.8569921E-03 -0.1075507E-02  0.0000000E+00
 -0.1029156E-02 -0.1142538E-02 -0.1056609E-02  0.0000000E+00
 -0.4729855E-03 -0.2279221E-02 -0.1052918E-02  0.0000000E+00
  0.1962262E-01  0.5242507E-03  0.2660549E-04  0.0000000E+00
 -0.1479814E-02 -0.8320702E-03 -0.1508756E-03  0.0000000E+00
  0.1206809E-01  0.8114629E-03 -0.1233783E-03  0.0000000E+00
 -0.9309816E-02 -0.1319886E-02 -0.4017034E-04  0.0000000E+00
  0.6947772E-02  0.1190456E-02  0.1347851E-03  0.0000000E+00
 -0.2044453E-02 -0.2127293E-02 -0.5798603E-03  0.0000000E+00
 -0.9998535E-03  0.1741603E-02  0.4532528E-03  0.0000000E+00
 -0.2439082E-02 -0.6428155E-03 -0.8277229E-04  0.0000000E+00
 -0.2048857E-02 -0.1785088E-02  0.4834642E-03  0.0000000E+00
 -0.1085943E-02 -0.1492487E-02  0.7402287E-03  0.0000000E+00
 -0.5180467E-03 -0.1334017E-02  0.8967314E-03  0.0000000E+00
  0.5674740E-03 -0.2098984E-03  0.7347731E-04  0.0000000E+00
 -0.1170073E-02 -0.3576083E-03  0.2679106E-03  0.0000000E+00
 -0.3588696E-02  0.9445681E-03 -0.2520100E-03  0.0000000E+00
  0.3090663E-02 -0.6410366E-03  0.5300721E-04  0.0000000E+00
  0.3607733E-02  0.4473837E-04  0.1681686E-03  0.0000000E+00
 -0.1961381E-02  0.3102527E-03 -0.8673765E-03  0.0000000E+00
  0.1703066E-02  0.2113961E-02 -0.5083518E-03  0.0000000E+00
  0.1133661E-02 -0.9065008E-03 -0.9380277E-03  0.0000000E+00
  0.2041260E-02  0.1836777E-02 -0.4544340E-03  0.0000000E+00
  0.1898263E-02  0.3031872E-02 -0.2860024E-03  0.0000000E+00
  0.1825054E-02  0.3761779E-02 -0.1820275E-03  0.0000000E+00
  0.1475351E-01 -0.2070094E-02 -0.3326737E-02  0.0000000E+00
  0.2694137E-02  0.7945447E-02  0.9606515E-03  0.0000000E+00
  0.1427483E-01 -0.3196540E-02 -0.2464290E-03  0.0000000E+00
  0.8439935E-02 -0.2805219E-02 -0.4080045E-02  0.0000000E+00
  0.8943973E-02  0.1611864E-02  0.7728319E-03  0.0000000E+00
 -0.7854349E-03  0.4601143E-02 -0.1230584E-02  0.0000000E+00
  0.3081430E-02 -0.1413141E-02 -0.3512604E-03  0.0000000E+00
  0.9944145E-04 -0.7807508E-03  0.4412543E-03  0.0000000E+00
 -0.4871540E-03  0.1972154E-02  0.7339520E-03  0.0000000E+00
  0.8947757E-03  0.6468270E-03 -0.3586712E-03  0.0000000E+00
  0.1697055E-02 -0.9770374E-04 -0.9948730E-03  0.0000000E+00
 -0.1621448E-01 -0.1399269E-01  0.2716185E-02  0.0000000E+00
 -0.2043710E-01 -0.4170479E-02  0.1938579E-02  0.0000000E+00
 -0.1689592E-01  0.1191731E-01 -0.3894301E-02  0.0000000E+00
 -0.2111217E-01 -0.6369850E-02  0.8440762E-02  0.0000000E+00
 -0.2599985E-01 -0.5953955E-04 -0.1047542E-02  0.0000000E+00
  0.2637102E-02  0.3582529E-02 -0.5142268E-03  0.0000000E+00
  0.9213284E-02  0.2976794E-02  0.7778028E-03  0.0000000E+00
  0.1148282E-01  0.1087991E-02  0.6723588E-03  0.0000000E+00
  0.5040165E-02 -0.2394394E-03  0.1849268E-02  0.0000000E+00
  0.2393201E-02 -0.1506926E-02  0.3167459E-03  0.0000000E+00
  0.7718080E-03 -0.2263531E-02 -0.5674134E-03  0.0000000E+00
 -0.2930824E-01 -0.3150578E-02 -0.2931971E-03  0.0000000E+00
 -0.4851352E-02  0.7104584E-02  0.6653798E-03  0.0000000E+00
 -0.2236944E-01 -0.2163684E-01  0.1419477E-02  0.0000000E+00
 -0.1058188E-01  0.1449313E-01  0.3935826E-02  0.0000000E+00
 -0.9647251E-02 -0.9644750E-02 -0.8148480E-03  0.0000000E+00
 -0.1074721E-02 -0.4316730E-02  0.7005612E-03  0.0000000E+00
  0.2653314E-02 -0.4882044E-02  0.8576040E-03  0.0000000E+00
  0.3175212E-02 -0.4650701E-02 -0.1152095E-02  0.0000000E+00
  0.7722017E-03 -0.1769719E-02 -0.1522534E-03  0.0000000E+00
  0.3554542E-03  0.7557710E-03 -0.4323809E-03  0.0000000E+00
  0.8513734E-04  0.2265891E-02 -0.5856683E-03  0.0000000E+00
 -0.1982295E-01  0.3605787E-04  0.8765158E-04  0.0000000E+00
  0.2846063E-02 -0.1488892E-02  0.1711556E-04  0.0000000E+00
 -0.1711501E-01  0.2258652E-03  0.7041051E-04  0.0000000E+00
 -0.3285353E-03  0.3867292E-03 -0.3245440E-04  0.0000000E+00
 -0.2389433E-01 -0.8654051E-03 -0.7534650E-04  0.0000000E+00
 -0.2081360E-01  0.1414742E-02  0.5294582E-03  0.0000000E+00
 -0.7276541E-02 -0.1839827E-02 -0.8741555E-03  0.0000000E+00
 -0.3503466E-02 -0.3590037E-03 -0.1917912E-02  0.0000000E+00
 -0.6132103E-03  0.1242008E-02 -0.2539608E-03  0.0000000E+00
  0.7411381E-03  0.1503806E-02  0.2127397E-03  0.0000000E+00
  0.1566367E-02  0.1674652E-02  0.5041141E-03  0.0000000E+00
 -0.2835959E-02  0.7010953E-04 -0.8988481E-04  0.0000000E+00
 -0.6769397E-02 -0.2261647E-03 -0.5895627E-04  0.0000000E+00
 -0.9360794E-03 -0.7404270E-04  0.5050482E-04  0.0000000E+00
 -0.2097332E-02 -0.4512436E-03  0.4597236E-04  0.0000000E+00
  0.8182395E-02  0.1284285E-02 -0.1904259E-03  0.0000000E+00
  0.3859983E-03 -0.4756248E-02  0.4617645E-03  0.0000000E+00
  0.3698748E-02 -0.1546760E-03  0.1013501E-03  0.0000000E+00
  0.9435331E-03 -0.3863111E-03  0.1945588E-03  0.0000000E+00
  0.1483626E-02 -0.3414656E-02 -0.4333057E-03  0.0000000E+00
  0.6398544E-03 -0.3354084E-02 -0.5246768E-03  0.0000000E+00
  0.1523974E-03 -0.3352026E-02 -0.5852405E-03  0.0000000E+00
 -0.8219365E-02 -0.9767947E-04  0.3795465E-04  0.0000000E+00
  0.8195451E-02  0.2252048E-03  0.2968248E-04  0.0000000E+00
 -0.5745766E-02  0.8622779E-03  0.5103983E-04  0.0000000E+00
  0.1027371E-01 -0.9127359E-03  0.5232023E-04  0.0000000E+00
  0.9785362E-02  0.9528364E-03 -0.1001811E-03  0.0000000E+00
 -0.1259667E-02 -0.1736002E-02 -0.5860770E-03  0.0000000E+00
 -0.4594903E-02  0.6430295E-03  0.2991429E-03  0.0000000E+00
 -0.1263335E-02  0.2156517E-03  0.6688021E-04  0.0000000E+00
 -0.1476372E-02  0.4950485E-03  0.8963752E-03  0.0000000E+00
 -0.1842897E-02  0.9310037E-03  0.8058633E-03  0.0000000E+00
 -0.2060384E-02  0.1188853E-02  0.7619709E-03  0.0000000E+00
  0.1475113E-01 -0.2028335E-03  0.6964735E-04  0.0000000E+00
 -0.9426973E-02  0.6940594E-04 -0.4758678E-04  0.0000000E+00
  0.8375702E-02 -0.3488529E-03  0.1400454E-03  0.0000000E+00
  0.3142775E-02  0.1015130E-03 -0.5123878E-04  0.0000000E+00
  0.2253715E-02 -0.6009385E-03  0.1658178E-03  0.0000000E+00
 -0.4146254E-02  0.2577798E-02 -0.1520119E-03  0.0000000E+00
 -0.1002928E-03  0.1658067E-03  0.3716609E-03  0.0000000E+00
 -0.4158287E-02 -0.1823556E-04  0.5600100E-03  0.0000000E+00
 -0.7230275E-03 -0.2793340E-02 -0.8821864E-03  0.0000000E+00
  0.1584671E-03 -0.2754431E-02 -0.4202839E-03  0.0000000E+00
  0.7130226E-03 -0.2762719E-02 -0.1657898E-03  0.0000000E+00
  0.9473880E-02  0.5295354E-04  0.2567963E-04  0.0000000E+00
 -0.1862653E-02  0.1919912E-03 -0.7611124E-04  0.0000000E+00
 -0.8519190E-03  0.7198251E-04  0.6808686E-04  0.0000000E+00
  0.8496667E-03 -0.6357246E-05  0.5327269E-05  0.0000000E+00
  0.5995119E-02 -0.5087497E-03 -0.1076923E-03  0.0000000E+00
  0.1092397E-01  0.1146082E-02  0.1010851E-02  0.0000000E+00
  0.5575929E-03 -0.2114602E-02 -0.5730093E-03  0.0000000E+00
  0.7223284E-02  0.8092105E-03  0.6256467E-03  0.0000000E+00
  0.2775948E-02  0.4445957E-04  0.1528993E-03  0.0000000E+00
  0.1326585E-02 -0.1412616E-03 -0.3316919E-03  0.0000000E+00
  0.4283831E-03 -0.2585396E-03 -0.6204992E-03  0.0000000E+00
  0.3982265E-02  0.1907490E-03 -0.3458280E-04  0.0000000E+00
 -0.4152946E-02  0.1149511E-04  0.3438664E-04  0.0000000E+00
  0.4543592E-02 -0.3848837E-03 -0.6815967E-04  0.0000000E+00
 -0.4014599E-02 -0.1968705E-03  0.1532058E-03  0.0000000E+00
 -0.2621338E-03  0.3144726E-04 -0.1620850E-03  0.0000000E+00
 -0.4930979E-02 -0.6577852E-03 -0.2543294E-03  0.0000000E+00
 -0.7278171E-03  0.3652723E-02 -0.6999675E-03  0.0000000E+00
 -0.1597233E-02  0.1081732E-02 -0.1112391E-03  0.0000000E+00
 -0.8047309E-03  0.1004676E-02 -0.8028633E-04  0.0000000E+00
 -0.4039208E-03 -0.6335072E-03 -0.1215626E-03  0.0000000E+00
 -0.1606264E-03 -0.1593354E-02 -0.1454060E-03  0.0000000E+00
 -0.1411703E-01 -0.8834241E-03  0.1163835E-02  0.0000000E+00
 -0.1078754E-01  0.6747598E-02  0.1254147E-02  0.0000000E+00
 -0.1157490E-01 -0.9299489E-02 -0.7717071E-03  0.0000000E+00
 -0.7967468E-02  0.4993818E-02  0.2107353E-02  0.0000000E+00
 -0.1378128E-01 -0.5109877E-02 -0.1181757E-02  0.0000000E+00
 -0.6474765E-02  0.6554393E-02  0.8323224E-03  0.0000000E+00
 -0.5026444E-02  0.8115542E-03 -0.1392170E-02  0.0000000E+00
 -0.5828183E-02 -0.8497232E-03  0.5100652E-03  0.0000000E+00
 -0.7690458E-02 -0.1014726E-02  0.7956597E-03  0.0000000E+00
 -0.3964419E-02 -0.4463478E-03 -0.1083162E-04  0.0000000E+00
 -0.1804150E-02 -0.1147017E-03 -0.4799201E-03  0.0000000E+00
 -0.2205607E-02 -0.6119708E-02  0.1801528E-02  0.0000000E+00
  0.1325985E-01  0.2822423E-02 -0.8691338E-02  0.0000000E+00
 -0.8380920E-02 -0.4229338E-02  0.5829758E-02  0.0000000E+00
  0.6338255E-02 -0.5019872E-03 -0.2306921E-02  0.0000000E+00
 -0.7608561E-02 -0.1719009E-02 -0.6922573E-03  0.0000000E+00
 -0.9100762E-02  0.2140543E-02  0.2670017E-02  0.0000000E+00
 -0.4772224E-02  0.2726803E-02  0.2299899E-03  0.0000000E+00
  0.3104673E-02 -0.5482306E-03  0.2276344E-02  0.0000000E+00
 -0.1845623E-02 -0.8978987E-03  0.1873692E-02  0.0000000E+00
 -0.1634382E-02  0.5546028E-03  0.5820063E-03  0.0000000E+00
 -0.1566251E-02  0.1401031E-02 -0.1788735E-03  0.0000000E+00
  0.5864053E-02 -0.1151719E-01 -0.1802837E-02  0.0000000E+00
  0.9322794E-02  0.1789663E-01 -0.9393757E-03  0.0000000E+00
  0.1942895E-02 -0.1212177E-01  0.9328081E-03  0.0000000E+00
  0.4222713E-02  0.4865832E-03  0.3278526E-02  0.0000000E+00
  0.4464357E-02 -0.1214771E-02 -0.1364995E-02  0.0000000E+00
  0.1002876E-02  0.1261371E-02  0.5616434E-03  0.0000000E+00
  0.2965916E-02 -0.1591534E-02  0.4372134E-03  0.0000000E+00
  0.4343808E-02 -0.5440948E-02 -0.4167372E-03  0.0000000E+00
  0.1296421E-02 -0.7766110E-03  0.6464306E-03  0.0000000E+00
 -0.1189332E-02 -0.6884452E-03  0.6741421E-03  0.0000000E+00
 -0.2679104E-02 -0.5852385E-03  0.7022502E-03  0.0000000E+00
 -0.2730083E-02  0.3813198E-03 -0.4864595E-04  0.0000000E+00
  0.1044237E-01  0.2462662E-03  0.2031673E-03  0.0000000E+00
 -0.1183734E-02 -0.5637118E-03 -0.1871272E-03  0.0000000E+00
  0.5315303E-02 -0.1853053E-03  0.1410613E-03  0.0000000E+00
  0.1306686E-02  0.9809099E-03 -0.1652099E-04  0.0000000E+00
  0.3652376E-02 -0.1002751E-02  0.2581939E-03  0.0000000E+00
 -0.3598335E-02  0.1014644E-02  0.3408900E-03  0.0000000E+00
  0.4639152E-02 -0.1392159E-02  0.9533665E-03  0.0000000E+00
  0.2231243E-02  0.8398810E-03 -0.1138128E-06  0.0000000E+00
  0.1805063E-02 -0.4868288E-03  0.2704745E-03  0.0000000E+00
  0.1528924E-02 -0.1239536E-02  0.4188635E-03  0.0000000E+00
 -0.5897625E-03 -0.1061584E-03  0.1026797E-03  0.0000000E+00
  0.1117774E-02  0.6442360E-03  0.5721037E-04  0.0000000E+00
  0.2067303E-02 -0.8134667E-03  0.2341719E-04  0.0000000E+00
  0.1215801E-02  0.1532597E-03 -0.1183523E-03  0.0000000E+00
  0.8193245E-03  0.3366888E-05  0.2452830E-03  0.0000000E+00
 -0.1918728E-02 -0.4730168E-03 -0.3640238E-03  0.0000000E+00
  0.4159367E-02  0.1606251E-02 -0.7077615E-03  0.0000000E+00
  0.1146151E-02 -0.1471849E-02 -0.1619172E-02  0.0000000E+00
 -0.1340494E-02 -0.8923658E-03 -0.5181851E-03  0.0000000E+00
 -0.1797767E-02 -0.8404400E-03 -0.5159761E-03  0.0000000E+00
 -0.2093085E-02 -0.8035677E-03 -0.5023937E-03  0.0000000E+00
  0.8991533E-03  0.7401264E-04  0.4301398E-04  0.0000000E+00
 -0.2965411E-02 -0.4498757E-04  0.2207644E-03  0.0000000E+00
  0.2905732E-02 -0.2001093E-03 -0.1318941E-03  0.0000000E+00
  0.9681692E-03 -0.2598803E-03  0.6540764E-04  0.0000000E+00
  0.5796200E-02 -0.3278573E-03  0.1714599E-04  0.0000000E+00
  0.3500268E-02 -0.3124116E-03 -0.2634545E-03  0.0000000E+00
 -0.2677054E-02 -0.7754187E-03 -0.2000093E-03  0.0000000E+00
 -0.7664112E-03 -0.7171046E-03  0.2634064E-03  0.0000000E+00
  0.6516772E-03 -0.5634359E-03 -0.1382548E-03  0.0000000E+00
  0.1130148E-02  0.5415194E-03  0.7061834E-03  0.0000000E+00
  0.1426351E-02  0.1190220E-02  0.1196126E-02  0.0000000E+00
  0.2695718E-02 -0.2227186E-03  0.1509268E-03  0.0000000E+00
 -0.9495686E-03  0.5432425E-03  0.1875492E-03  0.0000000E+00
 -0.1669553E-02 -0.2965389E-03 -0.1191785E-05  0.0000000E+00
 -0.9402678E-04 -0.7862458E-04 -0.6164308E-04  0.0000000E+00
  0.2343415E-02 -0.4854999E-03  0.1208059E-03  0.0000000E+00
 -0.4792668E-02 -0.2339621E-03  0.3006713E-04  0.0000000E+00
  0.1041611E-02 -0.1704613E-02  0.8626677E-03  0.0000000E+00
 -0.3751711E-03 -0.1168779E-02 -0.1146728E-02  0.0000000E+00
 -0.9046826E-03 -0.3586060E-03 -0.6613955E-03  0.0000000E+00
 -0.4288972E-03 -0.8706384E-03  0.2614603E-03  0.0000000E+00
 -0.1564569E-03 -0.1161339E-02  0.8071704E-03  0.0000000E+00
  0.1331719E-01 -0.1714880E-03  0.3532730E-04  0.0000000E+00
 -0.7526035E-02  0.7322431E-03  0.1991448E-03  0.0000000E+00
 -0.9574510E-03 -0.1036442E-02 -0.2377501E-03  0.0000000E+00
  0.2317210E-02  0.8121856E-03  0.1922842E-03  0.0000000E+00
 -0.2066725E-02 -0.8638225E-03 -0.1713949E-03  0.0000000E+00
 -0.6404410E-03  0.1401314E-02  0.2784469E-03  0.0000000E+00
 -0.4468607E-02 -0.1839131E-02  0.8332892E-04  0.0000000E+00
 -0.1068778E-02  0.1150738E-02  0.7570660E-04  0.0000000E+00
  0.6051843E-03  0.7182111E-03  0.4236199E-03  0.0000000E+00
  0.3858761E-03 -0.7549258E-03  0.2378370E-03  0.0000000E+00
  0.2765372E-03 -0.1622116E-02  0.1327092E-03  0.0000000E+00
  0.7416190E-03  0.2493100E-03 -0.5524684E-05  0.0000000E+00
  0.6993355E-03  0.5682188E-03  0.1800639E-03  0.0000000E+00
 -0.3967285E-02 -0.5141807E-03 -0.6087015E-04  0.0000000E+00
  0.4945742E-02  0.2468991E-03  0.7054795E-04  0.0000000E+00
  0.2067400E-02 -0.2650983E-03  0.1691431E-04  0.0000000E+00
  0.1563361E-02  0.2315826E-02 -0.7650050E-04  0.0000000E+00
 -0.7869054E-03 -0.3892449E-02 -0.1223440E-03  0.0000000E+00
  0.1641196E-02  0.8767967E-03 -0.4600854E-03  0.0000000E+00
  0.2227123E-02  0.1299735E-02  0.5172261E-04  0.0000000E+00
  0.1029134E-02  0.1446906E-02  0.1257689E-02  0.0000000E+00
  0.3346416E-03  0.1538061E-02  0.1969486E-02  0.0000000E+00
