  4  2   693 10944  4  4  9 11  7  1    0.00   24.00  100.00  600.00    0.00    6.28   45.00   45.00
  100.0  100.0  100.0  100.0  125.0  150.0  190.0  230.0  275.0  350.0  450.0  600.0  600.0  600.0  600.0
  0.3161533E+00 -0.2623902E+02 -0.1267699E+01  0.0000000E+00
 -0.1277392E+02  0.1395672E+01 -0.7500499E+01  0.0000000E+00
  0.8994989E+01 -0.1269379E+02 -0.5298151E+00  0.0000000E+00
 -0.1211414E+02  0.7805722E+00 -0.2882771E+01  0.0000000E+00
  0.6583411E+01 -0.8782908E+01 -0.1371263E+01  0.0000000E+00
 -0.6608945E+01 -0.1765457E+01 -0.1422007E+01  0.0000000E+00
 -0.5672322E+01 -0.5842968E+01 -0.2893881E+01  0.0000000E+00
 -0.1273219E+01 -0.6044166E+01 -0.2879500E+01  0.0000000E+00
  0.3312526E+01 -0.5969905E+01 -0.2774119E+01  0.0000000E+00
  0.6159628E+01 -0.8675037E+01 -0.3376321E+01  0.0000000E+00
  0.7879211E+01 -0.1025910E+02 -0.3727675E+01  0.0000000E+00
 -0.1207984E+02 -0.1151372E+02 -0.3302631E+01  0.0000000E+00
 -0.1799008E+02  0.4614918E+01 -0.5163988E+01  0.0000000E+00
  0.3588237E+02 -0.1026179E+02  0.3855505E+01  0.0000000E+00
 -0.9549631E+01  0.4146829E+01 -0.1313794E+00  0.0000000E+00
  0.3874894E+02 -0.5228933E+01  0.1139998E+01  0.0000000E+00
  0.2188773E+02  0.3574952E+01  0.2462885E-02  0.0000000E+00
  0.2710200E+02 -0.8192549E+00  0.6252756E+00  0.0000000E+00
  0.2653423E+02  0.4526574E+01  0.8454063E+00  0.0000000E+00
  0.1487606E+02  0.5633634E+01  0.4013279E+00  0.0000000E+00
  0.4093148E+01  0.1288130E+01 -0.1764487E+01  0.0000000E+00
 -0.2349783E+01 -0.1244394E+01 -0.3037629E+01  0.0000000E+00
 -0.7203627E+01 -0.2856185E+01  0.1469563E-01  0.0000000E+00
 -0.3663177E+01  0.5835264E+01 -0.2196848E+00  0.0000000E+00
  0.1021994E+02 -0.3525155E+01  0.2982791E+00  0.0000000E+00
  0.1789806E+01 -0.1725849E+02  0.2313916E+01  0.0000000E+00
  0.1948111E+01 -0.1959751E+01  0.6905433E+00  0.0000000E+00
  0.1811466E+01 -0.1182463E+02  0.1637680E+01  0.0000000E+00
 -0.4282371E+01 -0.2894465E+01 -0.5444978E+00  0.0000000E+00
  0.1361140E+01 -0.6810131E+01 -0.2294045E+00  0.0000000E+00
 -0.2213241E+01 -0.6804490E+01 -0.2036916E+01  0.0000000E+00
 -0.3762967E+01 -0.1268803E+01 -0.2513435E+01  0.0000000E+00
 -0.4709284E+01  0.1971168E+01 -0.2812273E+01  0.0000000E+00
  0.2719944E+01  0.3790409E+01  0.2270184E-03  0.0000000E+00
  0.2972262E+01 -0.1352592E+00  0.7789394E+00  0.0000000E+00
 -0.3915538E+01 -0.3634407E-01 -0.2877561E+00  0.0000000E+00
  0.2242823E+01 -0.2869313E+00  0.1659561E+00  0.0000000E+00
 -0.1338524E+01  0.7749502E+00 -0.1341581E+00  0.0000000E+00
  0.2740335E+01 -0.1510890E+01  0.1723635E+00  0.0000000E+00
  0.1421030E+01  0.3480859E+01 -0.8622022E+00  0.0000000E+00
  0.3162836E+01 -0.1337838E+00 -0.1818239E+01  0.0000000E+00
  0.5151259E+01 -0.3022294E+00 -0.6144092E+00  0.0000000E+00
  0.5606222E+01 -0.5477665E+00  0.8170337E+00  0.0000000E+00
  0.5894149E+01 -0.6933943E+00  0.1668518E+01  0.0000000E+00
  0.4757669E+01 -0.6952577E+00  0.8712632E-02  0.0000000E+00
  0.1875399E+00 -0.1523515E+01 -0.3959150E+00  0.0000000E+00
  0.1302324E+01  0.6150813E+00  0.1955341E+00  0.0000000E+00
 -0.4643458E+00 -0.3992798E+00 -0.1856375E+00  0.0000000E+00
 -0.4562542E+00  0.3507656E+00  0.2704834E+00  0.0000000E+00
  0.1928752E+01  0.7373428E-02 -0.8852981E+00  0.0000000E+00
 -0.3029495E+01  0.8561453E+00 -0.6192782E-01  0.0000000E+00
 -0.6653501E+01  0.8790839E+00 -0.1202121E+01  0.0000000E+00
 -0.1298244E+02 -0.9958849E+00 -0.1449375E+01  0.0000000E+00
 -0.1296341E+02 -0.1548365E+01 -0.2029625E+00  0.0000000E+00
 -0.1302228E+02 -0.1892417E+01  0.5242762E+00  0.0000000E+00
  0.1078388E+01  0.3110428E+00 -0.6506941E-02  0.0000000E+00
  0.2213053E+01 -0.1081090E+00 -0.3045502E+00  0.0000000E+00
  0.5340695E+00 -0.8762442E-01  0.9464788E-01  0.0000000E+00
 -0.7184758E+00 -0.2649053E-02 -0.2094533E-01  0.0000000E+00
  0.1201038E+01  0.6947024E-02 -0.3097549E-01  0.0000000E+00
 -0.3113826E+01  0.8960125E-01  0.2351825E-02  0.0000000E+00
  0.4369493E+01  0.1309907E+01 -0.5723932E-01  0.0000000E+00
 -0.2626918E+01 -0.5388846E+00 -0.1416992E+00  0.0000000E+00
  0.3104722E+01  0.8556880E+00  0.4551903E+00  0.0000000E+00
  0.7085682E+01  0.1209775E+01 -0.3309764E+00  0.0000000E+00
  0.9480066E+01  0.1432571E+01 -0.7848171E+00  0.0000000E+00
 -0.2885555E+00  0.5156008E+00  0.2933132E-02  0.0000000E+00
 -0.9546213E+00  0.7711370E+00  0.2994379E+00  0.0000000E+00
 -0.6153228E+00 -0.2113809E+00 -0.1131625E+00  0.0000000E+00
  0.3049763E+00  0.1576812E-01  0.7867580E-01  0.0000000E+00
  0.1832519E+00  0.7707535E-01 -0.9578818E-01  0.0000000E+00
 -0.1907119E+01 -0.7810674E-01  0.4402170E+00  0.0000000E+00
 -0.3040043E+01  0.3915231E+01  0.4064719E+00  0.0000000E+00
 -0.4916153E+01  0.4191377E+01 -0.7013864E+00  0.0000000E+00
 -0.1663155E+01  0.2439550E+01  0.1523944E+00  0.0000000E+00
  0.1933998E+01  0.6422261E+00  0.8981645E+00  0.0000000E+00
  0.4076677E+01 -0.4293990E+00  0.1344253E+01  0.0000000E+00
  0.8698207E+00 -0.4259172E+00 -0.9652746E-04  0.0000000E+00
 -0.4556299E+00  0.9735811E-01 -0.6812988E-01  0.0000000E+00
  0.2431612E+00 -0.1899461E-01  0.2216878E-02  0.0000000E+00
 -0.4014192E+00  0.9956059E-01  0.1877173E-01  0.0000000E+00
  0.7451457E+00 -0.1893011E+00 -0.6787297E-01  0.0000000E+00
 -0.1962989E+01  0.3685858E+00  0.2038232E+00  0.0000000E+00
  0.9953432E+00 -0.5831063E+00 -0.5283308E+00  0.0000000E+00
 -0.3804122E+00 -0.1284768E+00 -0.2927568E+00  0.0000000E+00
 -0.6279493E+01  0.2670532E+00 -0.4143396E+00  0.0000000E+00
  0.5174750E+01  0.3813530E+00 -0.6205184E+00  0.0000000E+00
  0.1181772E+02  0.4528537E+00 -0.7425586E+00  0.0000000E+00
 -0.8628874E-01 -0.1286915E+00  0.1436530E-02  0.0000000E+00
  0.1496300E+00 -0.2423249E+00  0.9945322E-01  0.0000000E+00
 -0.6543087E-01  0.2295753E+00 -0.2034829E-01  0.0000000E+00
  0.9438614E-01 -0.2813032E+00 -0.2004251E-01  0.0000000E+00
 -0.3116014E+00  0.5703017E+00  0.6488965E-01  0.0000000E+00
  0.1665702E+01 -0.1543981E+01 -0.2203985E+00  0.0000000E+00
  0.3310873E+01 -0.8568755E-01  0.1719585E+00  0.0000000E+00
  0.3733335E+01 -0.1161438E+01  0.1863007E+00  0.0000000E+00
  0.6841580E+01 -0.1054080E+01  0.6382137E+00  0.0000000E+00
  0.5962729E+01 -0.1115399E+01  0.3845140E+00  0.0000000E+00
  0.5481738E+01 -0.1150010E+01  0.2409642E+00  0.0000000E+00
 -0.1873931E+02 -0.9093930E+01  0.2708324E+01  0.0000000E+00
 -0.2749396E+02  0.9986598E+01 -0.1834422E+01  0.0000000E+00
  0.7904417E+01 -0.5431448E+01 -0.1459703E+01  0.0000000E+00
  0.2275967E+02  0.2929326E+01 -0.1739269E+01  0.0000000E+00
  0.4042162E+01 -0.6038305E+01 -0.7244710E+00  0.0000000E+00
  0.1254608E+02 -0.5481998E+01 -0.9599961E+00  0.0000000E+00
  0.1262252E+02 -0.1144184E+01 -0.3205605E+00  0.0000000E+00
  0.1696610E+02 -0.2639936E+01 -0.1272639E+00  0.0000000E+00
  0.1753924E+02 -0.3711541E+01  0.1371937E+01  0.0000000E+00
  0.5997825E+01 -0.1939381E+01  0.1069989E+01  0.0000000E+00
 -0.7559092E+00 -0.9133808E+00  0.9096924E+00  0.0000000E+00
 -0.3228203E+02 -0.1268961E+02  0.4304706E+01  0.0000000E+00
  0.1539919E+02 -0.5473298E+01  0.3050053E+01  0.0000000E+00
 -0.7731933E+01 -0.7405307E+01 -0.3950963E+01  0.0000000E+00
  0.2601171E+02  0.5730157E+01 -0.8072484E+00  0.0000000E+00
 -0.1196545E+01 -0.6578850E+01  0.1077153E+01  0.0000000E+00
  0.1488340E+02 -0.5756785E+01  0.6539502E+00  0.0000000E+00
  0.8924836E+01 -0.7158959E+01  0.1315452E+01  0.0000000E+00
  0.9889019E+01 -0.1633751E+01  0.9473156E+00  0.0000000E+00
  0.2686951E+01  0.2240345E+01  0.9486512E+00  0.0000000E+00
 -0.1672622E+01 -0.2052137E+01  0.2034330E+01  0.0000000E+00
 -0.4306042E+01 -0.4522726E+01  0.2670067E+01  0.0000000E+00
 -0.1381970E+01  0.2932496E+01  0.2832345E+01  0.0000000E+00
  0.3977144E+00 -0.4682679E+01  0.2919057E+01  0.0000000E+00
  0.1097197E+02  0.4894397E+00  0.1199901E+01  0.0000000E+00
 -0.5745581E+01  0.3187506E+01  0.7392979E+00  0.0000000E+00
  0.6449023E+01  0.1026985E+02  0.5744644E+00  0.0000000E+00
 -0.8418857E+01  0.5666642E+01  0.5160796E+00  0.0000000E+00
  0.4092652E+01  0.3169489E+01  0.5545288E-01  0.0000000E+00
  0.1423561E+01  0.3348522E+01 -0.3199729E+00  0.0000000E+00
  0.7147228E+01  0.6717139E+01  0.1291119E+01  0.0000000E+00
  0.9327435E+01 -0.9424776E+00  0.1939865E+01  0.0000000E+00
  0.1066662E+02 -0.5388196E+01  0.2337391E+01  0.0000000E+00
  0.1948590E+01  0.5166366E+01  0.1991169E-01  0.0000000E+00
 -0.4212095E+01  0.5512285E-01  0.1095759E+01  0.0000000E+00
  0.3096922E+01  0.5383877E+00 -0.3702463E+00  0.0000000E+00
 -0.1513359E+01 -0.2468300E+00  0.1490483E+00  0.0000000E+00
  0.5846006E+00  0.1230044E-01 -0.4686280E-01  0.0000000E+00
  0.4803852E+00 -0.1909953E+00  0.1309859E+00  0.0000000E+00
 -0.3468914E+01 -0.4221574E+01  0.4987661E+00  0.0000000E+00
 -0.1951977E+01 -0.2215966E+01  0.1908601E+01  0.0000000E+00
 -0.4922839E-01 -0.3682425E+01  0.1647098E+01  0.0000000E+00
  0.2268013E+01 -0.1306007E+01  0.1254529E+01  0.0000000E+00
  0.3646474E+01  0.6911557E-01  0.1021925E+01  0.0000000E+00
  0.2520468E+01 -0.4021533E+00 -0.1023723E-01  0.0000000E+00
  0.1237968E+01 -0.4939459E+00 -0.6246488E+00  0.0000000E+00
 -0.1526285E+01  0.2780968E+00  0.2241040E+00  0.0000000E+00
  0.9267404E+00 -0.2252122E+00 -0.1183719E+00  0.0000000E+00
 -0.9440056E+00  0.2490493E+00  0.7685381E-01  0.0000000E+00
  0.4092806E+01 -0.1734141E+00 -0.2939762E+00  0.0000000E+00
  0.9322009E+01  0.3315094E+00  0.3681238E+00  0.0000000E+00
  0.4526870E+01  0.2507121E+01 -0.6675827E+00  0.0000000E+00
 -0.9815175E+00  0.1885780E+01  0.1326612E+00  0.0000000E+00
  0.8412527E+01  0.4106010E+01  0.1590968E+01  0.0000000E+00
  0.1385472E+02  0.5398784E+01  0.2453778E+01  0.0000000E+00
  0.1243590E+01  0.6781593E+00  0.6760316E-02  0.0000000E+00
 -0.1937878E+01  0.9498170E-01 -0.5379255E+00  0.0000000E+00
 -0.2850614E+00  0.2630558E-01  0.2270841E+00  0.0000000E+00
  0.7365154E+00  0.1485159E+00 -0.1599491E+00  0.0000000E+00
 -0.1424651E+01 -0.3941143E+00  0.1798962E+00  0.0000000E+00
  0.3380241E+01  0.1418718E+01 -0.3848881E+00  0.0000000E+00
 -0.3368345E+01  0.5620544E-01  0.7341128E+00  0.0000000E+00
 -0.5127931E+01  0.2068695E+01  0.7697469E+00  0.0000000E+00
 -0.2219939E+01  0.9773526E+00  0.1484297E+00  0.0000000E+00
 -0.4870311E+01  0.1048990E+01 -0.6731708E+00  0.0000000E+00
 -0.6390810E+01  0.1079536E+01 -0.1161336E+01  0.0000000E+00
  0.1038824E+00  0.1720921E+00  0.6792512E-02  0.0000000E+00
  0.1624436E+01  0.3118399E+00  0.5209318E+00  0.0000000E+00
  0.4650124E-01 -0.2120702E+00 -0.1630304E+00  0.0000000E+00
 -0.1486378E+00  0.1616815E+00  0.6522723E-01  0.0000000E+00
  0.5433428E+00 -0.2156646E+00  0.8237599E-02  0.0000000E+00
 -0.3243931E+01  0.5385477E+00  0.2107282E-01  0.0000000E+00
 -0.8304575E+01 -0.1087254E+01  0.2207918E+00  0.0000000E+00
 -0.6114965E+01  0.1598191E+01  0.8533793E+00  0.0000000E+00
 -0.5181404E+01 -0.3356213E+00  0.6495177E+00  0.0000000E+00
 -0.1460131E+02  0.2325255E+00  0.1074762E+01  0.0000000E+00
 -0.2010682E+02  0.5429002E+00  0.1321570E+01  0.0000000E+00
  0.4897666E+00 -0.7028893E+00 -0.9337709E-02  0.0000000E+00
  0.1978629E-01 -0.2332420E-01 -0.1277842E+00  0.0000000E+00
  0.1674955E+00  0.6448230E-01  0.5241397E-01  0.0000000E+00
 -0.3354776E+00 -0.6429625E-01 -0.3637729E-01  0.0000000E+00
  0.8328818E+00  0.1444955E+00  0.3307781E-01  0.0000000E+00
 -0.2853850E+01 -0.2918131E+00 -0.2190435E-01  0.0000000E+00
 -0.3052192E+01  0.7156342E+00  0.1376256E+00  0.0000000E+00
 -0.4935133E+01 -0.2239123E+00  0.1267387E+00  0.0000000E+00
 -0.8505172E+01  0.1293802E+01  0.4804935E-01  0.0000000E+00
  0.2931412E+01  0.1466748E+01  0.2259481E-01  0.0000000E+00
  0.9589204E+01  0.1584481E+01  0.6743218E-02  0.0000000E+00
 -0.1692369E-02 -0.6059330E-02  0.1388824E-02  0.0000000E+00
 -0.7357426E-01 -0.1750030E-01  0.1688038E+00  0.0000000E+00
 -0.1007287E+00 -0.3403273E-01 -0.3640280E-01  0.0000000E+00
  0.2516609E+00  0.2120649E-01 -0.2027368E-01  0.0000000E+00
 -0.7903248E+00 -0.6365545E-01  0.8099908E-01  0.0000000E+00
  0.2487578E+01  0.1719949E+00 -0.2404253E+00  0.0000000E+00
 -0.2093501E+01 -0.4000945E+00  0.3976497E+00  0.0000000E+00
 -0.5806620E+01 -0.7376950E+00  0.2627827E+00  0.0000000E+00
 -0.5217076E+01 -0.1084978E+01 -0.2654968E+00  0.0000000E+00
 -0.1709736E+01 -0.7470293E+00 -0.3642871E+00  0.0000000E+00
  0.3493640E+00 -0.5532583E+00 -0.4281337E+00  0.0000000E+00
  0.5839507E+01 -0.2825296E+01  0.2595492E+01  0.0000000E+00
  0.9145422E+01  0.6623380E+01  0.1515044E+01  0.0000000E+00
 -0.2965147E+01  0.8435052E+01  0.2704759E+01  0.0000000E+00
 -0.1319011E+02  0.5859991E+01 -0.8100185E+00  0.0000000E+00
 -0.6103516E+01 -0.4891004E+01  0.2196168E+01  0.0000000E+00
 -0.1185816E+02  0.3004537E+01  0.1140179E+01  0.0000000E+00
 -0.1236839E+02 -0.3485669E+01  0.1727625E+01  0.0000000E+00
 -0.1110389E+02 -0.6794893E+00  0.1456821E+01  0.0000000E+00
 -0.1056039E+02 -0.4450071E+00  0.2870850E+01  0.0000000E+00
 -0.4072608E+01 -0.2403099E+01  0.3141574E+01  0.0000000E+00
 -0.2673868E+00 -0.3547795E+01  0.3315558E+01  0.0000000E+00
  0.5376774E+01 -0.1075977E+01  0.3094297E+00  0.0000000E+00
  0.5856628E+01  0.7406102E+01  0.3011087E+01  0.0000000E+00
 -0.4972937E+01  0.3616032E+01  0.3983038E+01  0.0000000E+00
 -0.7596158E+01  0.9851841E+01  0.1489287E+01  0.0000000E+00
 -0.3520079E+01 -0.5496492E+01  0.4853896E+01  0.0000000E+00
 -0.4056120E+00 -0.1297891E+01  0.4454274E+01  0.0000000E+00
  0.3690799E+01 -0.3672868E+00  0.4009093E+01  0.0000000E+00
 -0.8897479E+01 -0.2060065E+00  0.5815645E+01  0.0000000E+00
 -0.7310090E+01 -0.1946509E+01  0.4346185E+01  0.0000000E+00
  0.5235803E+01 -0.8638021E+00  0.1774934E+01  0.0000000E+00
  0.1259916E+02 -0.2510557E+00  0.2526954E+00  0.0000000E+00
  0.2718535E+02 -0.1537783E+02  0.2401992E+01  0.0000000E+00
  0.1335279E+02 -0.1091367E+02 -0.2427591E+01  0.0000000E+00
 -0.1523856E+02 -0.9157818E+01 -0.1089748E+01  0.0000000E+00
  0.3940055E+01 -0.1969211E+02  0.3411045E+01  0.0000000E+00
 -0.1207988E+02 -0.5681472E+00 -0.1894672E+01  0.0000000E+00
  0.5521459E+01 -0.8281738E+01  0.2508666E+00  0.0000000E+00
 -0.1354535E+01 -0.7546244E+01  0.1457567E+00  0.0000000E+00
 -0.4242956E+01 -0.8404503E+01 -0.1248345E+00  0.0000000E+00
 -0.2672038E+00  0.7494745E+00  0.6344287E+00  0.0000000E+00
 -0.4583961E+01 -0.7560311E+01  0.3559209E-01  0.0000000E+00
 -0.7067858E+01 -0.1232586E+02 -0.3069742E+00  0.0000000E+00
 -0.7178501E-01 -0.1576960E+01 -0.7951204E-02  0.0000000E+00
  0.8672484E+00 -0.1709782E+01 -0.1340941E+01  0.0000000E+00
  0.5211135E+01  0.4082806E+00  0.5057344E+00  0.0000000E+00
 -0.3145708E+01 -0.2124521E+00 -0.3026201E+00  0.0000000E+00
  0.1721575E+01  0.2567009E+00  0.2823977E+00  0.0000000E+00
  0.6397171E-01 -0.1174632E+01 -0.5771962E+00  0.0000000E+00
  0.6171527E+01 -0.2072317E+01 -0.7523012E+00  0.0000000E+00
 -0.1502506E+01 -0.1458564E+01 -0.1048445E+01  0.0000000E+00
  0.3341145E+01 -0.3587490E+01 -0.8330987E+00  0.0000000E+00
  0.4291765E+01 -0.2978120E+01 -0.1429142E+00  0.0000000E+00
  0.4899717E+01 -0.2644057E+01  0.2635541E+00  0.0000000E+00
 -0.8106654E+01  0.1697577E+01  0.1627781E-02  0.0000000E+00
 -0.3059695E+01  0.2719685E+01  0.5047727E+00  0.0000000E+00
 -0.1963961E+01 -0.7079602E+00 -0.1793971E+00  0.0000000E+00
  0.1100521E+01  0.8424451E-01  0.7595175E-01  0.0000000E+00
  0.2441386E+00  0.3924318E+00 -0.2982851E-01  0.0000000E+00
 -0.5507461E+01 -0.7496097E+00 -0.8124286E-01  0.0000000E+00
 -0.1307786E+02  0.4732161E+01 -0.6300145E+00  0.0000000E+00
 -0.5198577E+01  0.4219009E+01 -0.8601197E+00  0.0000000E+00
 -0.3282038E+01  0.1937427E+01 -0.1964952E+01  0.0000000E+00
 -0.9245073E+01  0.1700799E+01 -0.1859407E+01  0.0000000E+00
 -0.1271576E+02  0.1536320E+01 -0.1809969E+01  0.0000000E+00
  0.4026725E+00  0.1911085E+00 -0.2677201E-02  0.0000000E+00
 -0.2854669E+01 -0.6925642E-01  0.2202934E+00  0.0000000E+00
 -0.5131858E+00 -0.1800498E+00 -0.1198971E+00  0.0000000E+00
 -0.1832140E+00  0.2547499E+00  0.1546051E+00  0.0000000E+00
  0.1472980E+01 -0.5134319E+00 -0.2692233E+00  0.0000000E+00
 -0.5007717E+01  0.1437789E+01  0.8431973E+00  0.0000000E+00
 -0.1351456E+01 -0.2220706E+01  0.8402004E+00  0.0000000E+00
  0.2395136E+01 -0.3542412E+01  0.7426683E+00  0.0000000E+00
  0.1395422E+01 -0.1137737E+01  0.3449098E+00  0.0000000E+00
  0.1108164E+02  0.2640728E+00  0.9933608E+00  0.0000000E+00
  0.1674239E+02  0.1112245E+01  0.1368670E+01  0.0000000E+00
  0.1744250E+01 -0.9149790E+00  0.2261123E-02  0.0000000E+00
  0.1879527E+00 -0.1575442E+01 -0.1153167E+00  0.0000000E+00
  0.1512951E+01  0.5064673E+00  0.4516561E-02  0.0000000E+00
 -0.5335583E+00 -0.2255214E+00  0.3324203E-01  0.0000000E+00
 -0.9116665E+00 -0.3869946E-01 -0.8934857E-01  0.0000000E+00
  0.5118222E+01  0.7719192E+00  0.3793605E+00  0.0000000E+00
  0.3145263E+01  0.1820240E+01  0.3412228E+00  0.0000000E+00
 -0.1263147E+01  0.4046057E+01 -0.4617159E+00  0.0000000E+00
 -0.7509454E+00  0.1666549E+01 -0.4355619E+00  0.0000000E+00
 -0.4239564E+01  0.3318091E-01  0.3572473E+00  0.0000000E+00
 -0.6280218E+01 -0.9492426E+00  0.8215637E+00  0.0000000E+00
 -0.1279757E+01 -0.1509695E-01  0.8454577E-02  0.0000000E+00
  0.3020470E+00  0.2603863E+00  0.7216078E-01  0.0000000E+00
 -0.1587091E+00 -0.1910681E+00  0.3317892E-01  0.0000000E+00
  0.2975254E+00  0.3061200E+00 -0.1124391E+00  0.0000000E+00
 -0.7879387E+00 -0.5217805E+00  0.2533212E+00  0.0000000E+00
  0.3980323E+01  0.1249283E+01 -0.8055278E+00  0.0000000E+00
  0.4275093E+01  0.6896837E+00 -0.4005490E+00  0.0000000E+00
 -0.3733033E+00  0.1620405E+00 -0.4949583E+00  0.0000000E+00
  0.1029934E+01  0.1052391E-01 -0.5681235E+00  0.0000000E+00
  0.5998140E+01 -0.7988288E+00 -0.2900173E+00  0.0000000E+00
  0.8923290E+01 -0.1274288E+01 -0.1279320E+00  0.0000000E+00
  0.3757262E+00  0.2342819E+00  0.1653679E-03  0.0000000E+00
 -0.3162060E-01  0.1323893E+00 -0.8503496E-01  0.0000000E+00
  0.1202596E+00  0.1926975E-01  0.4988389E-01  0.0000000E+00
 -0.2085724E+00 -0.1306716E+00 -0.7321763E-01  0.0000000E+00
  0.4173017E+00  0.4140728E+00  0.1124606E+00  0.0000000E+00
 -0.1582436E+01 -0.1684678E+01 -0.3820674E+00  0.0000000E+00
 -0.1151955E+01 -0.1955749E+01 -0.3315372E+00  0.0000000E+00
 -0.5118302E+01 -0.1664207E+01 -0.3938361E+00  0.0000000E+00
 -0.2926685E+01 -0.4338042E+00 -0.4609184E+00  0.0000000E+00
  0.5073535E+00 -0.1706571E+00 -0.3062010E+00  0.0000000E+00
  0.2541568E+01 -0.3053332E-02 -0.2164405E+00  0.0000000E+00
  0.2203166E+02  0.1907887E+00  0.4192021E+01  0.0000000E+00
  0.1080788E+02  0.1195321E+01  0.1989807E+01  0.0000000E+00
 -0.1106224E+02  0.5283841E+00  0.1599775E+01  0.0000000E+00
 -0.1965533E+02  0.5085741E+00  0.1911799E+01  0.0000000E+00
 -0.4814231E+01 -0.4097185E+00  0.2382006E+00  0.0000000E+00
 -0.1334050E+02  0.2189078E+01  0.1057349E+01  0.0000000E+00
 -0.1288534E+02 -0.1780341E+01  0.6077155E+00  0.0000000E+00
 -0.1121442E+02  0.7931306E+00  0.9462466E+00  0.0000000E+00
 -0.1097373E+02 -0.5740486E+00  0.4819506E+00  0.0000000E+00
 -0.9405828E+01  0.3825551E+00  0.3232869E-01  0.0000000E+00
 -0.8484130E+01  0.9275975E+00 -0.2359966E+00  0.0000000E+00
  0.1192177E+02 -0.6851736E+01  0.1836668E+01  0.0000000E+00
  0.1826356E+02  0.4639797E+00 -0.2720910E+01  0.0000000E+00
 -0.2354589E+02  0.2143962E+01  0.1250788E+01  0.0000000E+00
 -0.3944633E+01 -0.4011893E+01  0.1266855E+01  0.0000000E+00
  0.4363471E+01  0.2663261E+01  0.3731922E-01  0.0000000E+00
  0.1109189E+01 -0.1658285E+01  0.1371085E+01  0.0000000E+00
  0.4738608E+01  0.1012004E+01  0.6181196E+00  0.0000000E+00
 -0.6253097E+01  0.1244051E+01  0.4861663E+00  0.0000000E+00
 -0.5065912E+01  0.1942892E+00 -0.1909716E+00  0.0000000E+00
  0.4503575E+01  0.2106970E-01  0.2030022E+00  0.0000000E+00
  0.1011963E+02 -0.9212748E-01  0.4261171E+00  0.0000000E+00
  0.3875590E+01 -0.3440422E+01 -0.1166033E+01  0.0000000E+00
  0.3416650E+01 -0.8652175E+01 -0.4448840E+01  0.0000000E+00
 -0.8461211E+01 -0.4043893E+01  0.3029755E+00  0.0000000E+00
  0.1407336E+01 -0.1268850E+02  0.1048110E+00  0.0000000E+00
 -0.3531769E+01  0.1691637E+01  0.4844717E-01  0.0000000E+00
  0.2737826E+01 -0.3821182E+01  0.3735251E+00  0.0000000E+00
  0.3724033E+01 -0.5560645E+01  0.1974615E+00  0.0000000E+00
 -0.9081419E+01 -0.1875884E+01  0.9188227E+00  0.0000000E+00
 -0.3995387E+01 -0.1304484E+01  0.4369763E+00  0.0000000E+00
  0.6102126E+01 -0.1234714E+01 -0.2440823E+00  0.0000000E+00
  0.1207073E+02 -0.1187307E+01 -0.6480760E+00  0.0000000E+00
 -0.1862438E+01  0.1637272E+01  0.1462554E-02  0.0000000E+00
  0.3910007E+01 -0.2610177E+01  0.4199480E-01  0.0000000E+00
  0.3164287E+01  0.3665085E+00  0.1182732E-03  0.0000000E+00
 -0.2013777E+01 -0.3049480E+00 -0.1649059E-01  0.0000000E+00
  0.1342148E+01  0.3986779E+00  0.4767615E-01  0.0000000E+00
 -0.4268072E+00 -0.8159558E+00 -0.1300277E+00  0.0000000E+00
  0.4576622E+01  0.1183773E+01 -0.1243385E+00  0.0000000E+00
  0.6347270E+01 -0.1112629E+01 -0.2547106E+00  0.0000000E+00
  0.3849449E+01 -0.1009073E+01 -0.3359361E+00  0.0000000E+00
  0.2267525E+01 -0.1251151E+01 -0.1117950E+00  0.0000000E+00
  0.1313863E+01 -0.1391462E+01  0.1845300E-01  0.0000000E+00
 -0.8558813E+01  0.8944878E+00 -0.5976351E-02  0.0000000E+00
 -0.3888514E+01  0.2919323E+01 -0.3091383E+00  0.0000000E+00
 -0.9695785E+00 -0.9040745E+00  0.1015760E+00  0.0000000E+00
  0.2804597E+00  0.2717632E+00 -0.1327917E-01  0.0000000E+00
  0.8317302E+00  0.2891338E+00 -0.5112462E-01  0.0000000E+00
 -0.4401991E+01 -0.7541611E+00  0.3919003E+00  0.0000000E+00
 -0.5377793E+01  0.3327763E+01  0.2445578E+00  0.0000000E+00
 -0.1230623E+01  0.1960826E+00  0.5467548E+00  0.0000000E+00
 -0.8258124E+00  0.7566185E-01  0.1371483E+00  0.0000000E+00
  0.5482811E+01  0.1014843E+01  0.2483749E+00  0.0000000E+00
  0.9183222E+01  0.1562941E+01  0.3088847E+00  0.0000000E+00
 -0.6448449E+00  0.7120748E+00 -0.4681171E-02  0.0000000E+00
 -0.1171814E+01 -0.2091615E+00 -0.2665337E+00  0.0000000E+00
 -0.1042139E+01 -0.1244250E+00  0.7043795E-01  0.0000000E+00
  0.5068530E+00  0.2252020E+00  0.1650306E-01  0.0000000E+00
  0.1590339E+00 -0.2886713E+00 -0.1039165E+00  0.0000000E+00
 -0.1449855E+01  0.4568937E+00  0.3799303E+00  0.0000000E+00
 -0.2335057E+01 -0.1038795E+01  0.1066532E+00  0.0000000E+00
  0.6860394E+01 -0.4283683E+00  0.2932334E+00  0.0000000E+00
  0.3318762E+01 -0.5516976E+00  0.3026508E+00  0.0000000E+00
 -0.1201269E+01 -0.4900469E+00 -0.1166629E+00  0.0000000E+00
 -0.3887842E+01 -0.4551647E+00 -0.3620612E+00  0.0000000E+00
  0.1278100E+01 -0.1024076E+01 -0.3413783E-04  0.0000000E+00
 -0.6328046E+00 -0.1614090E+01  0.4057439E+00  0.0000000E+00
  0.1652769E+01  0.6259063E+00 -0.1564995E+00  0.0000000E+00
 -0.6712695E+00 -0.3729805E+00  0.5841887E-01  0.0000000E+00
 -0.4179794E+00  0.3035173E+00 -0.6583449E-02  0.0000000E+00
  0.4169913E+01 -0.3122809E+00 -0.1667054E+00  0.0000000E+00
  0.5604451E+01  0.2109794E+01 -0.6695076E-01  0.0000000E+00
  0.3195356E+01  0.1550903E+01 -0.2078375E+00  0.0000000E+00
  0.1044243E+01 -0.7014480E-01  0.9808659E-01  0.0000000E+00
  0.4904888E+01 -0.4503525E+00  0.1944838E+00  0.0000000E+00
  0.7141092E+01 -0.6913141E+00  0.2542203E+00  0.0000000E+00
 -0.1421131E+01 -0.5104271E+00  0.8931717E-03  0.0000000E+00
  0.8358347E-01  0.3396289E+00  0.1256770E-01  0.0000000E+00
 -0.1033460E+00 -0.2270956E+00  0.4091749E-03  0.0000000E+00
  0.1933369E+00  0.2798916E+00 -0.2469913E-01  0.0000000E+00
 -0.4353719E+00 -0.4309959E+00  0.5894626E-01  0.0000000E+00
  0.2633328E+01  0.9623892E+00 -0.2533268E+00  0.0000000E+00
  0.2620657E+01 -0.1587469E+01 -0.1634033E+00  0.0000000E+00
 -0.1941107E+01  0.3018774E-01 -0.1074550E-01  0.0000000E+00
 -0.5664320E+00 -0.1763637E-01  0.2122523E-01  0.0000000E+00
 -0.1047056E+01 -0.4863709E+00 -0.1722955E+00  0.0000000E+00
 -0.1314722E+01 -0.7611795E+00 -0.2852509E+00  0.0000000E+00
  0.2757029E+00  0.4608315E+00  0.2590636E-02  0.0000000E+00
  0.1040041E+00  0.1854682E+00  0.9958200E-01  0.0000000E+00
  0.1321614E+00 -0.3111079E-01 -0.4212510E-01  0.0000000E+00
 -0.4393723E+00 -0.5928768E-01  0.4350188E-01  0.0000000E+00
  0.1012960E+01  0.1060758E+00 -0.3824520E-01  0.0000000E+00
 -0.3476692E+01 -0.6231979E+00  0.7597035E-02  0.0000000E+00
 -0.3322470E+00 -0.1565011E+01 -0.1342773E+00  0.0000000E+00
 -0.2982063E+01 -0.7817730E+00 -0.1346879E-01  0.0000000E+00
 -0.1266631E+01 -0.6347366E+00  0.1610833E-01  0.0000000E+00
 -0.1833717E+01 -0.2558151E+00  0.5987591E-01  0.0000000E+00
 -0.2147122E+01 -0.3210639E-01  0.8588379E-01  0.0000000E+00
 -0.2561223E+02  0.4206171E+01 -0.1193762E+01  0.0000000E+00
  0.5378452E+02 -0.1003456E+01  0.3997683E+01  0.0000000E+00
 -0.1735936E+02 -0.4719460E+01 -0.1177267E+01  0.0000000E+00
 -0.1161799E+02  0.9648814E+00 -0.6633808E-01  0.0000000E+00
 -0.1294480E+02  0.1535102E+00 -0.1006157E+00  0.0000000E+00
 -0.1570546E+02 -0.6780931E+00  0.7787484E+00  0.0000000E+00
 -0.1707953E+02 -0.4331421E+00 -0.2232743E+00  0.0000000E+00
 -0.1582203E+02  0.6520874E+00  0.7442908E-01  0.0000000E+00
 -0.1392384E+02  0.1183711E+00 -0.1626774E+00  0.0000000E+00
 -0.1421778E+02  0.3691096E+00 -0.3710809E+00  0.0000000E+00
 -0.1436829E+02  0.5097295E+00 -0.4956930E+00  0.0000000E+00
 -0.2339774E+02  0.8679731E+01 -0.6926767E+00  0.0000000E+00
  0.5385550E+02  0.6787343E+01  0.4927008E+01  0.0000000E+00
 -0.2810274E+02  0.2465029E+01 -0.9240003E+00  0.0000000E+00
  0.3466115E+01 -0.5699624E+00 -0.5878495E+00  0.0000000E+00
 -0.1001131E+02  0.2798972E+01  0.4455485E+00  0.0000000E+00
 -0.4501070E+01  0.2411178E+01  0.2324118E+00  0.0000000E+00
 -0.5525042E+01  0.1043588E+01 -0.3711239E+00  0.0000000E+00
 -0.5394847E+01  0.5290233E+00 -0.1651020E+00  0.0000000E+00
 -0.7910851E+01 -0.4296807E+00  0.2569337E+00  0.0000000E+00
 -0.2830440E+01  0.1604884E+00  0.2308404E+00  0.0000000E+00
  0.1173832E+00  0.4961667E+00  0.2203626E+00  0.0000000E+00
 -0.4005973E+01  0.1079677E+02  0.1009490E+01  0.0000000E+00
 -0.1599642E+02  0.4632551E+01  0.1302603E+01  0.0000000E+00
 -0.7580277E+01  0.1098110E+01 -0.5472638E+00  0.0000000E+00
 -0.2580907E+01  0.2929621E+01  0.5747197E+00  0.0000000E+00
 -0.5321284E+01 -0.3672429E+00  0.4759534E+00  0.0000000E+00
  0.6541040E+00 -0.1337665E+01  0.3622197E+00  0.0000000E+00
 -0.2012425E+01  0.9506429E+00 -0.1790589E+00  0.0000000E+00
 -0.3559611E+01  0.1840355E+01 -0.6638301E-01  0.0000000E+00
 -0.1082950E+01 -0.2001737E+01 -0.5497169E+00  0.0000000E+00
 -0.3277671E+01 -0.2332368E+01 -0.5258215E+00  0.0000000E+00
 -0.4535994E+01 -0.2569092E+01 -0.5172783E+00  0.0000000E+00
  0.3257934E+01 -0.8805967E+00 -0.1927685E-01  0.0000000E+00
 -0.8612653E+01 -0.2529802E+00 -0.1959282E+01  0.0000000E+00
 -0.2304574E+00  0.4936556E+00  0.6759386E+00  0.0000000E+00
  0.1208594E+00 -0.3101748E+00 -0.3148862E+00  0.0000000E+00
  0.3941144E+00  0.2691137E+00  0.1111352E+00  0.0000000E+00
 -0.1311238E+01 -0.4216990E+00  0.1298378E+00  0.0000000E+00
  0.3007028E+01  0.4430213E+00 -0.1485976E+00  0.0000000E+00
  0.6693354E+01 -0.2080044E+00 -0.2523470E+00  0.0000000E+00
 -0.2442204E+00  0.1456705E+01  0.1857269E+00  0.0000000E+00
  0.1951576E+00  0.1052409E+01  0.7832612E-01  0.0000000E+00
  0.3767759E+00  0.8348356E+00  0.2039311E-01  0.0000000E+00
 -0.3050846E+01  0.9545038E+00  0.1066934E-01  0.0000000E+00
  0.2644568E+01  0.1117582E+01  0.8307683E+00  0.0000000E+00
  0.1145612E+01 -0.4595041E+00 -0.2820645E+00  0.0000000E+00
 -0.8312327E+00  0.2745637E+00  0.1207843E+00  0.0000000E+00
  0.1076207E+01 -0.2249876E+00 -0.6576435E-01  0.0000000E+00
 -0.4734080E+01  0.4410526E+00  0.9637637E-01  0.0000000E+00
 -0.7545226E+01 -0.3934403E+00 -0.3711556E+00  0.0000000E+00
 -0.9439953E+00 -0.2186585E+01 -0.2705918E+00  0.0000000E+00
  0.6670809E+00 -0.1833162E+01  0.1355384E+00  0.0000000E+00
 -0.3132143E+01  0.1321636E+01  0.3994425E+00  0.0000000E+00
 -0.5338349E+01  0.3173033E+01  0.5584521E+00  0.0000000E+00
  0.7988742E+00 -0.1162526E+00  0.2827455E-02  0.0000000E+00
 -0.1215016E+01  0.1548606E+00  0.2376810E+00  0.0000000E+00
  0.1816495E+01 -0.2841416E-02 -0.6776027E-01  0.0000000E+00
 -0.1407584E+01  0.2409427E-01  0.1888843E-01  0.0000000E+00
  0.1420183E+01 -0.7693743E-01 -0.6683588E-02  0.0000000E+00
 -0.2511642E+01  0.3959054E+00  0.3170790E-02  0.0000000E+00
  0.4762685E+01  0.6515015E+00 -0.1133041E+00  0.0000000E+00
  0.3128438E+01  0.6993802E+00 -0.3958391E+00  0.0000000E+00
  0.1456082E+01  0.1338445E+00 -0.3898846E+00  0.0000000E+00
  0.1726922E+01  0.1355650E-01  0.3246723E+00  0.0000000E+00
  0.1866276E+01 -0.6295549E-01  0.7432807E+00  0.0000000E+00
  0.1541356E+01 -0.2353232E+00 -0.5245112E-03  0.0000000E+00
 -0.6737362E+00 -0.6647554E+00 -0.1700566E+00  0.0000000E+00
 -0.1063598E+01  0.2318483E+00  0.4523741E-01  0.0000000E+00
  0.8855737E+00 -0.2252014E+00  0.1628926E-01  0.0000000E+00
 -0.1273968E+01  0.1880036E+00 -0.3366834E-01  0.0000000E+00
  0.4402581E+01  0.3303157E-01  0.2513855E-01  0.0000000E+00
  0.6433046E+01  0.1555844E+01 -0.4334459E-01  0.0000000E+00
  0.7418199E+01 -0.1610796E+01 -0.3218768E+00  0.0000000E+00
  0.3619316E+01 -0.9828784E-02 -0.2941940E+00  0.0000000E+00
  0.3848564E+01  0.7532868E+00 -0.4641086E+00  0.0000000E+00
  0.3939787E+01  0.1218169E+01 -0.5632406E+00  0.0000000E+00
 -0.2373333E+00 -0.2842245E-01  0.9576582E-03  0.0000000E+00
  0.1122308E+00 -0.4197389E-01  0.1635261E+00  0.0000000E+00
  0.1294894E+00  0.2785891E-02 -0.6394867E-01  0.0000000E+00
 -0.2484263E+00  0.5548828E-01  0.4708658E-01  0.0000000E+00
  0.4379720E+00 -0.9253860E-01 -0.1387447E-01  0.0000000E+00
  0.1810886E+00  0.9828252E-01 -0.7411762E-01  0.0000000E+00
  0.4551434E+01 -0.1383458E+01  0.1157626E-01  0.0000000E+00
  0.4171279E+00 -0.4873521E+00 -0.6232723E-02  0.0000000E+00
 -0.6496087E-01 -0.1890901E-01  0.2245473E+00  0.0000000E+00
  0.1011658E+00  0.2763870E+00  0.3406616E+00  0.0000000E+00
  0.1929541E+00  0.4543472E+00  0.4112234E+00  0.0000000E+00
  0.2850213E+00 -0.3234063E-01 -0.5089474E-02  0.0000000E+00
 -0.2142188E+00  0.8506291E-01 -0.1056535E+00  0.0000000E+00
  0.2139458E+00  0.1147527E-01  0.1739819E-01  0.0000000E+00
 -0.3638497E+00 -0.5490980E-01  0.5432431E-02  0.0000000E+00
  0.1010991E+01  0.1977518E+00 -0.2361794E-01  0.0000000E+00
 -0.3037505E+01 -0.9819114E+00  0.9986457E-01  0.0000000E+00
 -0.3268024E+00  0.3004559E+00 -0.1977243E+00  0.0000000E+00
  0.8196078E-01  0.1988598E+00  0.7499862E-02  0.0000000E+00
  0.3677359E-01  0.3792172E+00 -0.1017481E+00  0.0000000E+00
 -0.9798502E+00  0.4454220E+00  0.1823630E+00  0.0000000E+00
 -0.1575907E+01  0.4865740E+00  0.3477517E+00  0.0000000E+00
  0.2035803E+02  0.4173072E+01  0.3286768E+01  0.0000000E+00
  0.1843308E+02  0.2532133E+01  0.2001599E+01  0.0000000E+00
  0.1709836E+01 -0.1164585E+01 -0.1030949E+01  0.0000000E+00
 -0.9728629E+01  0.8436698E+00  0.1956107E+00  0.0000000E+00
 -0.3867221E+01  0.6462975E+00  0.2728364E-03  0.0000000E+00
 -0.1047164E+02 -0.4969919E+00  0.4584609E-01  0.0000000E+00
 -0.1158360E+02  0.1707992E+01 -0.5201841E+00  0.0000000E+00
 -0.9328783E+01  0.8126116E+00 -0.2175469E+00  0.0000000E+00
 -0.7021503E+01  0.2614102E+00 -0.1845615E+00  0.0000000E+00
 -0.7505532E+01 -0.2146132E+00 -0.5879932E+00  0.0000000E+00
 -0.7762655E+01 -0.4997114E+00 -0.8240498E+00  0.0000000E+00
  0.1300663E+02  0.2178940E+01  0.3546481E+01  0.0000000E+00
  0.3319950E+02  0.7745428E+01  0.5487335E+01  0.0000000E+00
 -0.1045777E+02  0.8436017E+00  0.6414946E+00  0.0000000E+00
  0.1727381E+01  0.2133282E+01 -0.1207111E+01  0.0000000E+00
 -0.5655725E+01  0.4472849E+00  0.3123105E+00  0.0000000E+00
  0.3554499E+00  0.2796973E+01 -0.3393818E+00  0.0000000E+00
 -0.1410990E+01  0.4640448E+00 -0.1473128E+00  0.0000000E+00
 -0.3027876E+01  0.1490538E+00 -0.1178080E-01  0.0000000E+00
 -0.4509482E+01  0.7534337E+00 -0.2188844E-01  0.0000000E+00
  0.2935322E+00 -0.1713159E+01 -0.3066689E-01  0.0000000E+00
  0.3090055E+01 -0.3150944E+01 -0.3592262E-01  0.0000000E+00
  0.1914497E+01  0.3249948E+01 -0.1946917E+01  0.0000000E+00
 -0.3039670E+01  0.4713698E+01  0.6080118E+00  0.0000000E+00
 -0.8710699E+01  0.4120530E+01 -0.1667120E+00  0.0000000E+00
 -0.3320563E+01  0.2711520E+01 -0.6115454E-01  0.0000000E+00
 -0.3441478E+01 -0.1637668E+00  0.2656750E+00  0.0000000E+00
  0.2214997E+01  0.1356648E+00  0.4041926E+00  0.0000000E+00
 -0.4456481E+00  0.1273463E+01 -0.1606299E+00  0.0000000E+00
 -0.3557457E+01  0.1427847E+01 -0.4143436E-02  0.0000000E+00
  0.2622982E+01  0.5169929E+00  0.1363113E+00  0.0000000E+00
  0.4253710E+01 -0.3898019E+00  0.2478955E+00  0.0000000E+00
  0.5277178E+01 -0.9312584E+00  0.3145671E+00  0.0000000E+00
 -0.1788883E+01 -0.4558859E+00 -0.1510096E-02  0.0000000E+00
 -0.1018592E+02 -0.6218415E+00 -0.9446179E+00  0.0000000E+00
 -0.1141679E+01  0.6741216E+00  0.3632848E+00  0.0000000E+00
  0.7987756E+00 -0.2942677E+00 -0.2080359E+00  0.0000000E+00
 -0.9132876E-01  0.1363850E+00  0.1629553E+00  0.0000000E+00
 -0.7303500E+00 -0.2747104E+00 -0.2094998E+00  0.0000000E+00
  0.1196020E+00 -0.4845019E+00  0.2089899E+00  0.0000000E+00
  0.4673244E+01 -0.1057399E+00  0.3142741E+00  0.0000000E+00
 -0.4787980E+00  0.1520000E+01  0.9793528E-01  0.0000000E+00
 -0.4844509E+01  0.8326948E+00  0.1745787E+00  0.0000000E+00
 -0.7457610E+01  0.4486163E+00  0.2170744E+00  0.0000000E+00
 -0.6759783E+01  0.1177082E+00 -0.2463392E-02  0.0000000E+00
  0.3704690E+01  0.1874379E+01 -0.2207820E-01  0.0000000E+00
  0.1495967E+01 -0.6926504E+00  0.3088075E-01  0.0000000E+00
 -0.1107067E+01  0.3758030E+00 -0.2635098E-01  0.0000000E+00
  0.1157060E+01 -0.2390141E+00  0.4795530E-01  0.0000000E+00
 -0.4262250E+01  0.7227291E-01  0.9749667E-02  0.0000000E+00
 -0.7997134E+01 -0.2136245E+01 -0.7949019E-01  0.0000000E+00
  0.2997332E-01 -0.1125993E+01  0.1208159E+00  0.0000000E+00
  0.1581520E+01 -0.7490626E+00  0.3442533E+00  0.0000000E+00
  0.2214895E+01 -0.2386886E+00  0.2189045E+00  0.0000000E+00
  0.2604420E+01  0.6434478E-01  0.1480629E+00  0.0000000E+00
 -0.1914057E+01  0.2335145E-01  0.3399894E-02  0.0000000E+00
 -0.8811170E+00  0.2718762E-01 -0.3847723E-01  0.0000000E+00
  0.2138636E+01  0.1385393E+00  0.3509365E-01  0.0000000E+00
 -0.1507520E+01 -0.1800027E+00 -0.4289519E-01  0.0000000E+00
  0.1343733E+01  0.2332169E+00  0.5796001E-01  0.0000000E+00
 -0.2054963E+01 -0.5574970E-01 -0.9222703E-01  0.0000000E+00
  0.2152094E+01  0.1553758E+01  0.2373199E+00  0.0000000E+00
  0.1395196E+01  0.8772729E+00  0.1089320E+00  0.0000000E+00
 -0.2007751E+00  0.8745210E+00 -0.6165591E-02  0.0000000E+00
 -0.1967275E+01  0.3956679E+00  0.3869850E+00  0.0000000E+00
 -0.3020046E+01  0.1152027E+00  0.6159074E+00  0.0000000E+00
  0.8633428E+00 -0.7266351E+00 -0.3849140E-02  0.0000000E+00
 -0.9724397E+00 -0.8826394E+00  0.2602745E+00  0.0000000E+00
 -0.1435625E+01  0.3129202E+00 -0.1007049E+00  0.0000000E+00
  0.1175104E+01 -0.1201399E+00  0.5818970E-01  0.0000000E+00
 -0.1545815E+01 -0.4361887E-01 -0.4734300E-01  0.0000000E+00
  0.4645801E+01  0.6219899E+00  0.3276499E-01  0.0000000E+00
  0.6517857E+01  0.8314979E+00 -0.9313248E-01  0.0000000E+00
  0.6854360E+01 -0.1199269E+01  0.2063978E+00  0.0000000E+00
  0.3687018E+01 -0.1634150E+00 -0.7775088E-01  0.0000000E+00
  0.5118413E+01  0.2799034E+00 -0.4924762E+00  0.0000000E+00
  0.5920972E+01  0.5510829E+00 -0.7384872E+00  0.0000000E+00
 -0.1044151E+01 -0.1985807E+00 -0.2790897E-02  0.0000000E+00
  0.2960174E+00  0.4258044E-01  0.1402488E+00  0.0000000E+00
  0.4652470E-01 -0.2313248E-01 -0.7868698E-01  0.0000000E+00
 -0.1579051E+00 -0.1222735E+00  0.5230918E-01  0.0000000E+00
  0.3861805E+00  0.2623691E+00 -0.6035648E-01  0.0000000E+00
  0.7226115E+00 -0.6199987E+00  0.1122507E+00  0.0000000E+00
  0.6327188E+01  0.1186999E+01 -0.1990036E+00  0.0000000E+00
 -0.1222472E+01 -0.4638216E+00  0.2923878E+00  0.0000000E+00
  0.3564658E+00 -0.2087055E+00  0.2719939E+00  0.0000000E+00
  0.4096657E+01  0.7906620E+00 -0.7721779E-01  0.0000000E+00
  0.6303795E+01  0.1378464E+01 -0.2819021E+00  0.0000000E+00
  0.9181882E-01  0.4086267E+00  0.2237818E-02  0.0000000E+00
 -0.1836198E+00  0.9719104E-02  0.1639839E-01  0.0000000E+00
  0.2581259E+00  0.1358722E-01 -0.1942593E-01  0.0000000E+00
 -0.4165091E+00 -0.1134357E-01  0.2596289E-01  0.0000000E+00
  0.8527759E+00  0.9794479E-01 -0.2379420E-01  0.0000000E+00
 -0.2736139E+01 -0.6367571E+00  0.5107836E-01  0.0000000E+00
 -0.1292132E+01  0.4749400E+00  0.5652919E-01  0.0000000E+00
 -0.2095938E+00  0.5858707E+00  0.1485877E+00  0.0000000E+00
 -0.7276801E+00  0.7952028E+00  0.1274678E+00  0.0000000E+00
 -0.2163915E+01 -0.3934628E+00  0.6899008E-01  0.0000000E+00
 -0.3010012E+01 -0.1086642E+01  0.3451987E-01  0.0000000E+00
 -0.2537555E+02 -0.3369618E+01 -0.2700294E+01  0.0000000E+00
 -0.2795677E+02 -0.9001626E+01  0.5729650E+01  0.0000000E+00
  0.1640385E+02  0.5951528E+01 -0.2515626E+01  0.0000000E+00
  0.2987278E+01 -0.6508000E+00  0.9332356E-01  0.0000000E+00
  0.5827645E+01 -0.2403593E+01 -0.6440948E-01  0.0000000E+00
  0.5774009E+01 -0.3996965E+00 -0.1088004E+00  0.0000000E+00
  0.7640607E+01 -0.2683431E+00 -0.2134230E+00  0.0000000E+00
  0.6975819E+01 -0.1707151E+01 -0.3157610E+00  0.0000000E+00
  0.6128932E+01 -0.2880003E-01 -0.2460842E+00  0.0000000E+00
  0.2437387E+01 -0.8796364E+00  0.3263613E+00  0.0000000E+00
  0.2653460E+00 -0.1359288E+01  0.6623275E+00  0.0000000E+00
 -0.3000462E+02 -0.4839435E+01 -0.6558496E+00  0.0000000E+00
 -0.3673492E+02 -0.1860868E+02  0.5948156E+01  0.0000000E+00
  0.2275023E+02  0.5545621E+01 -0.2248692E+01  0.0000000E+00
 -0.5373140E+01  0.5131179E+01 -0.1792374E-01  0.0000000E+00
  0.4136950E+01 -0.1953612E+01 -0.8339149E-01  0.0000000E+00
 -0.1222141E+01  0.2149898E+01 -0.1364104E+00  0.0000000E+00
 -0.4350745E+00  0.6980752E+00 -0.3302301E+00  0.0000000E+00
  0.5098529E+01  0.3494358E+00  0.8313793E-01  0.0000000E+00
  0.3565682E+01  0.3608978E+00 -0.1034531E+00  0.0000000E+00
  0.1763186E+01 -0.1424601E+00 -0.1149978E+00  0.0000000E+00
  0.6911011E+00 -0.4374356E+00 -0.1238543E+00  0.0000000E+00
 -0.1783412E+02 -0.5684930E+00 -0.2656029E+01  0.0000000E+00
  0.1136988E+02 -0.5867153E+01 -0.1935558E+01  0.0000000E+00
 -0.1159276E+01  0.4313899E+01 -0.7115557E+00  0.0000000E+00
  0.8932278E+00  0.3610494E+01 -0.8481058E+00  0.0000000E+00
  0.2583819E+01  0.2323136E+00  0.4685290E+00  0.0000000E+00
 -0.1482333E+01  0.4609819E+01 -0.3198388E+00  0.0000000E+00
 -0.9487044E+00  0.2031286E+01 -0.3537725E+00  0.0000000E+00
  0.5463685E+01 -0.2599380E+00 -0.5579685E+00  0.0000000E+00
  0.2516987E+01  0.1497984E+01 -0.3394179E+00  0.0000000E+00
 -0.4573317E+00 -0.6806714E+00 -0.3764861E+00  0.0000000E+00
 -0.2232177E+01 -0.1937168E+01 -0.3956919E+00  0.0000000E+00
  0.3813196E+01  0.1221855E+01 -0.1699944E-01  0.0000000E+00
  0.6189441E+01  0.9317977E+00 -0.1696749E+01  0.0000000E+00
 -0.5363821E+01 -0.9405750E+00  0.5888081E+00  0.0000000E+00
  0.2992387E+01  0.6146235E+00 -0.2838165E+00  0.0000000E+00
 -0.1639553E+01 -0.5111406E+00  0.1313532E+00  0.0000000E+00
 -0.7129343E-01  0.8689463E+00  0.9507405E-01  0.0000000E+00
 -0.4494472E+01 -0.9676167E+00  0.2866614E+00  0.0000000E+00
 -0.2540485E+01  0.8843305E+00  0.1224862E+00  0.0000000E+00
 -0.8257446E+00  0.7898553E+00  0.2549836E+00  0.0000000E+00
  0.1547981E+01  0.6895069E+00  0.3717227E+00  0.0000000E+00
  0.2957207E+01  0.6294045E+00  0.4414160E+00  0.0000000E+00
  0.8289603E+01 -0.7720614E+00  0.1184790E-01  0.0000000E+00
 -0.4896284E+00 -0.2443256E+01  0.9566861E+00  0.0000000E+00
  0.1869669E+01  0.7047281E+00 -0.3203122E+00  0.0000000E+00
 -0.9348645E+00 -0.2319053E+00  0.1583104E+00  0.0000000E+00
  0.1227168E+00 -0.1785139E+00 -0.5208331E-01  0.0000000E+00
  0.1778627E+01  0.1037139E+01 -0.1107073E+00  0.0000000E+00
  0.2940913E+01 -0.7483720E+00 -0.1414854E+00  0.0000000E+00
  0.2084523E+01  0.4255289E+00 -0.1857242E+00  0.0000000E+00
  0.1538436E+00  0.1426764E+01 -0.2673067E+00  0.0000000E+00
  0.3639805E+00  0.1196309E+01 -0.1873418E+00  0.0000000E+00
  0.4651805E+00  0.1072255E+01 -0.1414075E+00  0.0000000E+00
  0.1700861E+01 -0.4570540E+00  0.2332758E-02  0.0000000E+00
  0.3583539E+01 -0.7252378E-01  0.1087550E+00  0.0000000E+00
 -0.2077401E+00 -0.1915029E-01 -0.2307749E-01  0.0000000E+00
  0.3102015E-01 -0.4094352E-01 -0.2262959E-01  0.0000000E+00
 -0.1955715E+00  0.1975165E+00  0.7734740E-01  0.0000000E+00
  0.1181887E+01 -0.5487571E+00 -0.2941051E+00  0.0000000E+00
  0.1853375E+01  0.2138115E-01 -0.8036493E-01  0.0000000E+00
 -0.7832482E+01  0.4449227E-02 -0.1727376E+00  0.0000000E+00
 -0.1597505E+01 -0.1924064E+00 -0.1036764E+00  0.0000000E+00
  0.2290678E+01  0.1534600E+00  0.1601996E+00  0.0000000E+00
  0.4636153E+01  0.3537396E+00  0.3153706E+00  0.0000000E+00
 -0.7097135E+00  0.9541957E+00 -0.6361089E-02  0.0000000E+00
 -0.9098654E+00  0.1316703E+01 -0.1650317E+00  0.0000000E+00
 -0.8159824E+00 -0.4760379E+00  0.6876225E-01  0.0000000E+00
  0.5697222E+00  0.2191254E+00 -0.4370730E-01  0.0000000E+00
 -0.3732467E+00 -0.1330810E+00  0.2179248E-01  0.0000000E+00
 -0.4298334E+00 -0.3409294E+00 -0.3847090E-01  0.0000000E+00
 -0.2294943E+01 -0.2255922E+01  0.4228600E-01  0.0000000E+00
  0.1622333E+00 -0.4612206E+00 -0.5779184E-01  0.0000000E+00
  0.2692251E+01 -0.4788852E+00 -0.7844690E-01  0.0000000E+00
 -0.2301023E+01 -0.2896379E+00  0.8015670E-01  0.0000000E+00
 -0.5196510E+01 -0.1789167E+00  0.1727024E+00  0.0000000E+00
  0.1444902E+01 -0.4793244E-01  0.1906718E-02  0.0000000E+00
 -0.5654683E+00 -0.7574003E-01  0.9355617E-01  0.0000000E+00
  0.1496180E+00  0.1486512E+00 -0.3769422E-01  0.0000000E+00
  0.1503281E-03 -0.1705093E+00  0.3583715E-01  0.0000000E+00
 -0.1912597E+00  0.1962230E+00 -0.4670838E-01  0.0000000E+00
 -0.1343046E+00 -0.1375494E+00  0.1656606E+00  0.0000000E+00
 -0.1555716E+01  0.1533742E+01 -0.6544856E-02  0.0000000E+00
  0.1351058E+01 -0.1278145E+00  0.3528101E-02  0.0000000E+00
  0.7114491E+00  0.1075224E+00 -0.1766652E+00  0.0000000E+00
 -0.7036004E+00 -0.1077771E+00 -0.3823486E+00  0.0000000E+00
 -0.1538243E+01 -0.2312937E+00 -0.5047242E+00  0.0000000E+00
 -0.9046615E-01 -0.4078430E+00  0.1995014E-02  0.0000000E+00
  0.1437134E+00 -0.1130610E+00 -0.1313060E+00  0.0000000E+00
 -0.5600795E-01  0.3814424E-01  0.5655946E-01  0.0000000E+00
  0.3598163E-01  0.9932826E-01 -0.3889268E-01  0.0000000E+00
 -0.1710666E+00 -0.2423674E+00  0.5838769E-01  0.0000000E+00
  0.2442863E+00  0.8447504E+00  0.2907452E-02  0.0000000E+00
 -0.1338274E+01 -0.1928404E+00  0.1658052E+00  0.0000000E+00
  0.1775824E+00 -0.1620758E+00 -0.9966735E-01  0.0000000E+00
  0.4589823E+00 -0.9601678E-01 -0.7775670E-01  0.0000000E+00
  0.5065427E-01  0.2873279E+00  0.2672284E+00  0.0000000E+00
 -0.1852697E+00  0.5124839E+00  0.4693794E+00  0.0000000E+00
