  3  2   693  9216  4  4  9 11  7  1    0.00   24.00  100.00  550.00    0.00    6.28   45.00   45.00
  100.0  100.0  100.0  100.0  125.0  150.0  190.0  230.0  275.0  350.0  450.0  600.0  600.0  600.0  600.0
  0.1844896E+03 -0.1855598E+02 -0.2231333E+00  0.0000000E+00
  0.3176380E+03  0.4377616E+02 -0.3304169E+01  0.0000000E+00
  0.4419063E+03  0.1304644E+02  0.6095129E+01  0.0000000E+00
  0.8454695E+03  0.5577878E+02 -0.2097486E+02  0.0000000E+00
  0.1257573E+04 -0.1872706E+03 -0.2043058E+02  0.0000000E+00
  0.1349374E+04  0.2255376E+03  0.1673483E+02  0.0000000E+00
  0.1465938E+04  0.1031842E+03  0.2110974E+01  0.0000000E+00
  0.1399248E+04  0.1179159E+02 -0.3608845E+01  0.0000000E+00
  0.1798279E+04  0.5870651E+02  0.7952551E+01  0.0000000E+00
  0.2105482E+04  0.9441050E+02  0.1693207E+02  0.0000000E+00
  0.2289736E+04  0.1159332E+03  0.2229723E+02  0.0000000E+00
 -0.1860865E+02 -0.1099423E+02 -0.1409451E+01  0.0000000E+00
  0.6688639E+02 -0.6800913E+01  0.1096647E+01  0.0000000E+00
  0.3168842E+02  0.4385495E+02 -0.5115757E+01  0.0000000E+00
 -0.1832285E+03 -0.1487960E+03  0.5580492E+01  0.0000000E+00
 -0.4931837E+03  0.5250423E+02 -0.2412398E+02  0.0000000E+00
 -0.4524400E+03  0.2712014E+02  0.2587353E+02  0.0000000E+00
 -0.5877424E+03  0.2616184E+03  0.6558552E+01  0.0000000E+00
 -0.5296097E+03  0.2612996E+03  0.3894011E+02  0.0000000E+00
 -0.8151398E+03  0.1802184E+03  0.1076440E+02  0.0000000E+00
 -0.1034983E+04  0.1181684E+03 -0.1095960E+02  0.0000000E+00
 -0.1166836E+04  0.8085504E+02 -0.2398083E+02  0.0000000E+00
  0.5422666E+01  0.4780656E+01  0.4763226E+00  0.0000000E+00
  0.2451362E+02 -0.1106075E+02  0.6593682E+01  0.0000000E+00
 -0.3230793E+02  0.1576289E+02 -0.5119299E+01  0.0000000E+00
 -0.1542203E+02 -0.3291761E+02  0.1333748E+02  0.0000000E+00
 -0.5433076E+02 -0.4064031E+02 -0.1107003E+02  0.0000000E+00
  0.5441140E+02 -0.5737155E+02  0.1535994E+02  0.0000000E+00
  0.7518181E+02 -0.3391981E+02  0.9237162E+01  0.0000000E+00
  0.9342227E+02 -0.1659339E+02  0.1252508E+02  0.0000000E+00
  0.1427498E+03  0.2392165E+02  0.2346757E+02  0.0000000E+00
  0.1808444E+03  0.5530531E+02  0.3196299E+02  0.0000000E+00
  0.2036617E+03  0.7407841E+02  0.3703980E+02  0.0000000E+00
 -0.2046440E-01 -0.2482745E+00 -0.7117958E-02  0.0000000E+00
  0.3119350E+01  0.1553542E+01  0.5533679E-01  0.0000000E+00
 -0.6067603E+01 -0.4004508E+01 -0.1323423E+00  0.0000000E+00
  0.1309377E+02  0.6754347E+01  0.9043109E-01  0.0000000E+00
 -0.2817348E+02 -0.8886496E+01  0.3206056E+00  0.0000000E+00
 -0.1733578E+02  0.1418433E+02 -0.1513632E+01  0.0000000E+00
 -0.4688752E+02 -0.4485506E+02 -0.1906952E+01  0.0000000E+00
 -0.7152753E+02 -0.1741088E+02 -0.2007946E+02  0.0000000E+00
 -0.1458678E+03 -0.1564818E+02 -0.5359265E+00  0.0000000E+00
 -0.2032871E+03 -0.1454964E+02  0.1453590E+02  0.0000000E+00
 -0.2376774E+03 -0.1382318E+02  0.2356897E+02  0.0000000E+00
 -0.7892281E-01 -0.2298488E+00  0.3820600E-02  0.0000000E+00
 -0.3963070E+01  0.1266968E+01 -0.2449669E-01  0.0000000E+00
  0.3127512E+01 -0.1934273E+01 -0.9460437E-02  0.0000000E+00
  0.5524500E+01  0.1563972E+01  0.4439966E-01  0.0000000E+00
 -0.2186171E+01 -0.3878023E+01  0.3548985E+00  0.0000000E+00
  0.3860545E+02  0.1647788E+02 -0.6088141E+00  0.0000000E+00
 -0.1744329E+02  0.1755738E+02 -0.2533030E+01  0.0000000E+00
 -0.6434141E+02  0.1463384E+02  0.3884801E+01  0.0000000E+00
 -0.3329865E+02  0.4828247E+01  0.3943076E+01  0.0000000E+00
 -0.9182979E+01 -0.2858667E+01  0.3998088E+01  0.0000000E+00
  0.5224612E+01 -0.7433167E+01  0.4028435E+01  0.0000000E+00
 -0.8704670E+00 -0.9344793E-03 -0.1553142E-01  0.0000000E+00
 -0.5651041E+00  0.2796577E+00  0.7574834E-01  0.0000000E+00
  0.8173525E+01 -0.1530561E+01 -0.1438605E+00  0.0000000E+00
 -0.1852498E+02  0.4812731E+01  0.2625860E+00  0.0000000E+00
  0.2095767E+02 -0.4004038E+01 -0.7646410E+00  0.0000000E+00
  0.2535320E+02  0.4792747E+01  0.1999682E+01  0.0000000E+00
  0.1047719E+03 -0.3538239E+02 -0.2467041E+01  0.0000000E+00
  0.1476285E+03 -0.5758372E+02  0.1514257E+01  0.0000000E+00
  0.1278915E+03 -0.8605669E+01 -0.1231598E+01  0.0000000E+00
  0.1127076E+03  0.2908703E+02 -0.3366303E+01  0.0000000E+00
  0.1035977E+03  0.5169814E+02 -0.4641240E+01  0.0000000E+00
 -0.1333128E+00 -0.5436654E-01  0.8850501E-02  0.0000000E+00
  0.9381449E+01  0.2953506E+00 -0.6221894E-01  0.0000000E+00
 -0.1003557E+02  0.9570073E-01  0.1420989E+00  0.0000000E+00
 -0.2221046E+01 -0.2362426E+01 -0.1180034E+00  0.0000000E+00
 -0.1821560E+01  0.3633405E+01 -0.3986727E+00  0.0000000E+00
 -0.1284325E+02 -0.1188278E+02  0.1640698E+01  0.0000000E+00
 -0.6877814E+02 -0.2054704E+01 -0.1044290E+00  0.0000000E+00
 -0.6293359E+02  0.5481669E+01 -0.6072689E+01  0.0000000E+00
 -0.6724692E+02 -0.1295592E+02 -0.3350550E+01  0.0000000E+00
 -0.7072525E+02 -0.2735911E+02 -0.1231990E+01  0.0000000E+00
 -0.7277027E+02 -0.3594341E+02  0.3271595E-01  0.0000000E+00
  0.1128128E+01 -0.6341914E-01  0.3157949E-02  0.0000000E+00
 -0.3148540E+01  0.7833773E+00  0.4267175E-02  0.0000000E+00
 -0.1841554E+01 -0.1771166E+01  0.1810016E-01  0.0000000E+00
  0.7050416E+01  0.7317693E+00  0.9022808E-01  0.0000000E+00
  0.7536301E+01 -0.1913500E+01 -0.2994631E+00  0.0000000E+00
 -0.1315012E+02  0.4697821E+01  0.9030356E+00  0.0000000E+00
  0.4179632E+01  0.2038754E+02 -0.1807566E+01  0.0000000E+00
  0.1651824E+02  0.1415908E+02  0.5851964E+01  0.0000000E+00
  0.3690692E+02  0.4197184E+01  0.9065868E+00  0.0000000E+00
  0.5256828E+02 -0.3338742E+01 -0.2908102E+01  0.0000000E+00
  0.6197090E+02 -0.7893495E+01 -0.5194153E+01  0.0000000E+00
  0.2012696E+00 -0.2757955E-01 -0.1761620E-01  0.0000000E+00
 -0.3864084E+01 -0.4665891E-02  0.5970585E-01  0.0000000E+00
  0.5679010E+01  0.2638441E+00 -0.1219726E+00  0.0000000E+00
 -0.2996613E+01 -0.7401338E+00  0.1580199E+00  0.0000000E+00
  0.2444403E+01 -0.7069132E+00 -0.7209628E-01  0.0000000E+00
 -0.2349658E+01  0.5035597E+01 -0.3404200E+00  0.0000000E+00
  0.1507774E+02 -0.1788002E+01 -0.9647793E+00  0.0000000E+00
  0.4343399E+02 -0.1257950E+02  0.1279233E+01  0.0000000E+00
 -0.1243527E+01 -0.7605042E+01 -0.9578198E+00  0.0000000E+00
 -0.3570541E+02 -0.3623543E+01 -0.2699171E+01  0.0000000E+00
 -0.5635788E+02 -0.1275135E+01 -0.3738611E+01  0.0000000E+00
  0.4346400E+01 -0.1610739E+02 -0.1348318E+01  0.0000000E+00
 -0.5352866E+02  0.2605504E+02 -0.6561888E+01  0.0000000E+00
  0.2408139E+02 -0.1122978E+03  0.3039408E+01  0.0000000E+00
 -0.1483966E+03  0.1089720E+03 -0.2610433E+01  0.0000000E+00
 -0.1201073E+03 -0.2998768E+02 -0.2417403E+02  0.0000000E+00
 -0.2509685E+03 -0.4970619E+02  0.8519280E+01  0.0000000E+00
 -0.1214507E+03 -0.4531325E+02 -0.1089047E+02  0.0000000E+00
 -0.6656115E+02  0.2873904E+02 -0.2471085E+02  0.0000000E+00
 -0.2742635E+02  0.7749148E+01 -0.6536942E+01  0.0000000E+00
  0.2395807E+01 -0.8229211E+01  0.7597623E+01  0.0000000E+00
  0.2036302E+02 -0.1785999E+02  0.1603790E+02  0.0000000E+00
  0.9778580E+01 -0.2083818E+02 -0.3314429E+01  0.0000000E+00
 -0.4044576E+02  0.3762419E+02  0.1489974E+01  0.0000000E+00
  0.2992090E+02 -0.1229694E+03 -0.3268912E+01  0.0000000E+00
 -0.9188953E+00  0.1157454E+03  0.1974535E+01  0.0000000E+00
 -0.3904043E+02 -0.7193594E+02 -0.3420103E+01  0.0000000E+00
  0.3487888E+02  0.3002953E+02  0.1198139E+01  0.0000000E+00
  0.1085190E+03  0.4545971E+02  0.8015792E+01  0.0000000E+00
  0.2201547E+02 -0.9151512E+02  0.3264432E+02  0.0000000E+00
 -0.1445563E+02 -0.8073272E+02  0.1445492E+02  0.0000000E+00
 -0.4277063E+02 -0.7241263E+02  0.4041121E+00  0.0000000E+00
 -0.5969145E+02 -0.6742750E+02 -0.8010954E+01  0.0000000E+00
  0.1296621E+01  0.7204565E+01  0.1890874E+01  0.0000000E+00
 -0.1571387E+02 -0.1626219E+02 -0.5500593E+01  0.0000000E+00
  0.1067742E+02  0.3378650E+02  0.1078472E+02  0.0000000E+00
  0.2486835E+01 -0.6708701E+02 -0.7281575E+01  0.0000000E+00
 -0.7803671E+01  0.6047353E+02  0.3172357E+01  0.0000000E+00
 -0.2044421E+02  0.1810774E+02 -0.2970030E+01  0.0000000E+00
  0.1306959E+01  0.4092098E+02 -0.3642327E+01  0.0000000E+00
 -0.4708685E+00  0.9230200E+02 -0.5168426E+00  0.0000000E+00
 -0.2098307E+02  0.3757410E+02  0.3620560E+00  0.0000000E+00
 -0.3681350E+02 -0.4693226E+01  0.1116615E+01  0.0000000E+00
 -0.4629811E+02 -0.3000927E+02  0.1548863E+01  0.0000000E+00
 -0.2163682E-01  0.7784238E-01  0.1634696E-01  0.0000000E+00
 -0.2250877E+00 -0.1121209E+01 -0.5113332E-01  0.0000000E+00
  0.7845143E+00  0.4153627E+01  0.9677722E-01  0.0000000E+00
 -0.7497861E+00 -0.5785658E+01 -0.3695266E+00  0.0000000E+00
  0.1030744E+02  0.2030338E+01  0.6135290E+00  0.0000000E+00
  0.3254722E+02  0.1335354E+01 -0.1389133E+01  0.0000000E+00
  0.2483361E+02 -0.9911002E+01 -0.2364145E+01  0.0000000E+00
 -0.3212921E+02  0.2144366E+02 -0.6806220E+01  0.0000000E+00
  0.1285235E+02  0.2724993E+02 -0.3903704E+01  0.0000000E+00
  0.4744416E+02  0.3160711E+02 -0.1733383E+01  0.0000000E+00
  0.6820164E+02  0.3424998E+02 -0.4149009E+00  0.0000000E+00
  0.7418738E+00  0.6848311E-01 -0.1099943E-01  0.0000000E+00
 -0.2090115E+00 -0.3134303E+00  0.1180376E+00  0.0000000E+00
  0.1633943E+01  0.2211417E+00 -0.2384553E+00  0.0000000E+00
 -0.1135325E+02  0.3097590E+01  0.5258073E+00  0.0000000E+00
  0.2266367E+02 -0.3982202E+01 -0.3028049E+00  0.0000000E+00
 -0.1729888E+02  0.8690067E+01 -0.3181105E+00  0.0000000E+00
  0.8513654E+01  0.4060811E+01  0.1008886E-01  0.0000000E+00
  0.3081337E+00 -0.6031614E+02  0.6821822E+00  0.0000000E+00
  0.2529760E+02 -0.3868308E+02  0.7757563E+01  0.0000000E+00
  0.4450060E+02 -0.2204383E+02  0.1316066E+02  0.0000000E+00
  0.5602757E+02 -0.1205990E+02  0.1641284E+02  0.0000000E+00
  0.1427647E+00  0.6373757E-02 -0.2555063E-01  0.0000000E+00
  0.2549454E+01 -0.3273326E+00  0.9970244E-01  0.0000000E+00
 -0.5451893E+01  0.1777513E+01 -0.2032931E+00  0.0000000E+00
  0.6839128E+01 -0.4202296E+01  0.3834898E+00  0.0000000E+00
 -0.5450301E+01  0.4767046E+01 -0.6695530E+00  0.0000000E+00
 -0.1555521E+02 -0.7869802E+01  0.1067603E+01  0.0000000E+00
 -0.1020474E+02  0.7003487E+01  0.1568396E+01  0.0000000E+00
  0.1307800E+02  0.1265610E+02 -0.2908272E+01  0.0000000E+00
 -0.6651321E+01  0.1949432E+02  0.3005516E+01  0.0000000E+00
 -0.2187811E+02  0.2492529E+02  0.7581690E+01  0.0000000E+00
 -0.3100096E+02  0.2813922E+02  0.1032032E+02  0.0000000E+00
 -0.8401466E+00  0.2593192E+00  0.2133936E-02  0.0000000E+00
 -0.2525768E+01 -0.9630851E+00  0.8316495E-02  0.0000000E+00
  0.2781080E+01  0.7386931E+00  0.5427829E-01  0.0000000E+00
  0.8561557E+01  0.9070464E+00  0.4308103E-01  0.0000000E+00
 -0.1590122E+02  0.1172020E+01 -0.4002816E+00  0.0000000E+00
 -0.2430574E+02 -0.6580064E+01  0.1818176E+01  0.0000000E+00
 -0.3826596E+01 -0.1132365E+02  0.5680709E+00  0.0000000E+00
 -0.3073306E+01 -0.8496721E+01  0.2818284E+01  0.0000000E+00
  0.9603546E+01  0.7196101E+01 -0.4582868E+01  0.0000000E+00
  0.1952497E+02  0.1932006E+02 -0.1028873E+02  0.0000000E+00
  0.2543332E+02  0.2658070E+02 -0.1370893E+02  0.0000000E+00
 -0.8416895E+00  0.3023984E+00  0.2613021E-01  0.0000000E+00
 -0.8207605E-01 -0.1353421E+01 -0.1321208E+00  0.0000000E+00
  0.4911962E+00  0.3121815E+01  0.1915547E+00  0.0000000E+00
  0.2532819E+01 -0.5218727E+00 -0.1921476E-01  0.0000000E+00
 -0.1168696E+02 -0.5465246E+00  0.1948562E+00  0.0000000E+00
  0.4748434E+00  0.3150508E+01 -0.1312311E+00  0.0000000E+00
 -0.3212321E+02  0.8004225E+01  0.5299131E+00  0.0000000E+00
 -0.1265583E+01 -0.7236548E+01  0.2321825E+01  0.0000000E+00
 -0.2611401E+02 -0.3331124E+01 -0.1528840E+01  0.0000000E+00
 -0.4531484E+02 -0.3404865E+00 -0.4480082E+01  0.0000000E+00
 -0.5681262E+02  0.1457442E+01 -0.6253655E+01  0.0000000E+00
 -0.4002576E+00  0.8710682E-01 -0.3088992E-02  0.0000000E+00
  0.3219812E+01 -0.4590161E+00 -0.1779052E-01  0.0000000E+00
 -0.5692419E+01  0.1262608E+00  0.5343239E-01  0.0000000E+00
  0.4521220E+01 -0.4703551E-01 -0.3420385E+00  0.0000000E+00
 -0.3587313E+01  0.2276305E+00  0.6342123E+00  0.0000000E+00
  0.1265803E+02 -0.1040627E+01 -0.1573376E+01  0.0000000E+00
  0.7454149E+01  0.1409299E+02  0.7098234E+00  0.0000000E+00
 -0.1683464E+02  0.2565244E+02 -0.1852419E+01  0.0000000E+00
 -0.1327846E+02  0.1750364E+02 -0.8728797E+00  0.0000000E+00
 -0.1061849E+02  0.1142487E+02 -0.1151694E+00  0.0000000E+00
 -0.9002759E+01  0.7728084E+01  0.3383513E+00  0.0000000E+00
  0.1265076E+02  0.7919756E+01  0.4187876E+00  0.0000000E+00
 -0.4755646E+02 -0.3852832E+02  0.5584972E+01  0.0000000E+00
  0.8493750E+02  0.4527140E+02 -0.5244145E+01  0.0000000E+00
 -0.1279130E+03 -0.1702776E+02  0.7748781E+01  0.0000000E+00
  0.6608828E+01  0.2648059E+02 -0.1308228E+02  0.0000000E+00
  0.6676893E+02 -0.3522468E+01  0.9401079E+01  0.0000000E+00
  0.3494066E+02  0.5591970E+02  0.8771325E+01  0.0000000E+00
 -0.6785433E+01  0.1530978E+02  0.1491396E+02  0.0000000E+00
 -0.2468934E+01  0.9341082E+00  0.1466823E+02  0.0000000E+00
  0.1032422E+01 -0.1025258E+02  0.1452873E+02  0.0000000E+00
  0.3085875E+01 -0.1693108E+02  0.1443205E+02  0.0000000E+00
  0.4440729E+01  0.9989560E+01  0.7589908E+00  0.0000000E+00
 -0.2148059E+02 -0.3622209E+02  0.4641407E+01  0.0000000E+00
  0.4357513E+02  0.3140261E+02 -0.5416187E+01  0.0000000E+00
 -0.7176134E+02  0.2745596E+02 -0.1947314E+01  0.0000000E+00
 -0.5786314E+02 -0.7330970E+02 -0.2262466E+02  0.0000000E+00
  0.2644355E+01  0.4904719E+02  0.1589212E+02  0.0000000E+00
 -0.2141428E+02 -0.5174836E+02 -0.1441520E+02  0.0000000E+00
  0.5923669E+02  0.1802927E+02 -0.4166729E+01  0.0000000E+00
  0.4690617E+02  0.4481675E+02 -0.1061564E+02  0.0000000E+00
  0.3753434E+02  0.6572326E+02 -0.1558521E+02  0.0000000E+00
  0.3188161E+02  0.7818867E+02 -0.1856466E+02  0.0000000E+00
  0.2784873E+01  0.1006280E+01 -0.3141511E+00  0.0000000E+00
  0.1858102E+01 -0.3012278E+00  0.1026831E+01  0.0000000E+00
  0.9803189E+01  0.1385855E+02  0.5472632E+01  0.0000000E+00
 -0.1360714E+02 -0.5601121E+02 -0.8099821E+01  0.0000000E+00
 -0.6993248E+01 -0.2934649E+02  0.2219021E+02  0.0000000E+00
 -0.1681245E+02  0.1149283E+02 -0.9371405E+01  0.0000000E+00
 -0.1151891E+02 -0.3353883E+02  0.1601880E+02  0.0000000E+00
 -0.2202426E+02 -0.2516789E+02 -0.1116049E+01  0.0000000E+00
 -0.6499581E+01 -0.7450672E+02 -0.2969103E+01  0.0000000E+00
  0.5499309E+01 -0.1122232E+03 -0.4347961E+01  0.0000000E+00
  0.1268378E+02 -0.1349149E+03 -0.5187430E+01  0.0000000E+00
 -0.4244258E+00 -0.4286851E+00 -0.3665127E-01  0.0000000E+00
  0.2360080E+01  0.2259682E+01  0.1983752E+00  0.0000000E+00
 -0.4338320E+01 -0.3092779E+01 -0.3971356E+00  0.0000000E+00
  0.8597134E+01  0.2573301E+00  0.6524919E+00  0.0000000E+00
 -0.1382176E+02 -0.2525654E+01 -0.1314627E+01  0.0000000E+00
 -0.9515143E+01  0.1104545E+02  0.3043362E+01  0.0000000E+00
 -0.3257889E+02 -0.7162129E+01 -0.9486723E+01  0.0000000E+00
 -0.2384980E+02  0.5500192E+02  0.2127847E+01  0.0000000E+00
 -0.4012945E+02  0.2444483E+02  0.6342604E+01  0.0000000E+00
 -0.5281388E+02  0.6391007E+00  0.9613559E+01  0.0000000E+00
 -0.6038224E+02 -0.1356585E+02  0.1156861E+02  0.0000000E+00
 -0.7038728E+00  0.1008312E-01 -0.7122146E-01  0.0000000E+00
  0.9995193E+00  0.6143309E-01  0.3929673E+00  0.0000000E+00
 -0.2516489E+01 -0.5376266E+00 -0.7307763E+00  0.0000000E+00
  0.2775818E+01  0.3416834E+01  0.1307951E+01  0.0000000E+00
 -0.4887892E+01 -0.2815474E+00 -0.2297248E+01  0.0000000E+00
  0.8419136E+01 -0.5222217E+01  0.3680876E+01  0.0000000E+00
  0.1171582E+02  0.2396567E+02 -0.6597933E+01  0.0000000E+00
  0.1830535E+02  0.3032498E+02  0.6424223E+01  0.0000000E+00
 -0.1456070E+02  0.2475882E+02 -0.7797262E+01  0.0000000E+00
 -0.3985463E+02  0.2021789E+02 -0.1883075E+02  0.0000000E+00
 -0.5502774E+02  0.1756108E+02 -0.2542628E+02  0.0000000E+00
  0.3289158E+00  0.1070479E+00  0.7490317E-02  0.0000000E+00
 -0.3098669E+00 -0.7493335E+00 -0.6353293E-01  0.0000000E+00
 -0.5839844E+00  0.1788836E+01  0.5435009E-01  0.0000000E+00
  0.4163694E+00 -0.3404166E+01 -0.1497544E+00  0.0000000E+00
  0.5402168E+01  0.5365891E+01  0.7406486E+00  0.0000000E+00
  0.6070316E+01 -0.1220853E+02 -0.2036148E+01  0.0000000E+00
  0.1542910E+02  0.2854627E+01  0.4349550E+01  0.0000000E+00
 -0.1541120E+02 -0.1310238E+02 -0.2653719E+01  0.0000000E+00
 -0.8155166E+01 -0.2870792E+01  0.8942976E+01  0.0000000E+00
 -0.2525300E+01  0.5154253E+01  0.1789382E+02  0.0000000E+00
  0.8399845E+00  0.9928882E+01  0.2325640E+02  0.0000000E+00
  0.8313818E+00  0.2395780E+00  0.1688984E-01  0.0000000E+00
 -0.8431152E+00 -0.1279504E+01 -0.1003361E+00  0.0000000E+00
  0.3794312E+01  0.1678605E+01  0.1684067E+00  0.0000000E+00
 -0.6223498E+01  0.2623230E+00 -0.2142605E+00  0.0000000E+00
  0.6210593E+01 -0.8188274E+00  0.6657625E+00  0.0000000E+00
  0.5536208E+01  0.2218347E+01 -0.1170828E+01  0.0000000E+00
 -0.8506519E+01 -0.1381036E+02 -0.1373190E+01  0.0000000E+00
  0.7691365E+01  0.8383602E+01 -0.4643910E+01  0.0000000E+00
  0.1345256E+02 -0.2989516E+01  0.3529677E+01  0.0000000E+00
  0.1785923E+02 -0.1177317E+02  0.9875255E+01  0.0000000E+00
  0.2050977E+02 -0.1703417E+02  0.1366739E+02  0.0000000E+00
 -0.3221307E+00 -0.1889518E+00 -0.8400533E-02  0.0000000E+00
  0.8423555E+00  0.8218039E+00 -0.2045746E-02  0.0000000E+00
 -0.3230433E+00 -0.8148761E+00  0.3660522E-01  0.0000000E+00
 -0.1911060E+01  0.9868210E+00  0.1962949E-02  0.0000000E+00
 -0.6822150E+01 -0.3629615E+01 -0.4428211E-01  0.0000000E+00
  0.1345088E+01  0.8165249E+01  0.2107084E+00  0.0000000E+00
  0.6557988E+01  0.8432757E+00  0.4964873E+00  0.0000000E+00
  0.1275392E+02 -0.2108840E+02  0.2069092E+01  0.0000000E+00
  0.1814069E+02 -0.9943765E+01 -0.4414753E+00  0.0000000E+00
  0.2225331E+02 -0.1374289E+01 -0.2392074E+01  0.0000000E+00
  0.2472901E+02  0.3768285E+01 -0.3557366E+01  0.0000000E+00
  0.3061727E+00 -0.9009936E-01  0.8365304E-02  0.0000000E+00
 -0.1925529E+01  0.6545269E+00 -0.7799047E-01  0.0000000E+00
  0.1176764E+01 -0.1778634E+01  0.1195220E+00  0.0000000E+00
 -0.1113669E+01  0.3876096E+01 -0.1724289E+00  0.0000000E+00
 -0.6645207E+00 -0.2932918E+01 -0.4184906E-01  0.0000000E+00
 -0.3929908E+01  0.5140686E+01  0.2441227E+00  0.0000000E+00
 -0.2957399E+01 -0.6861765E+01  0.5306392E+00  0.0000000E+00
 -0.1273222E+02 -0.7680752E+01 -0.2197251E+01  0.0000000E+00
  0.6201498E+01 -0.1789688E+01  0.1640765E+01  0.0000000E+00
  0.2069479E+02  0.2802149E+01  0.4612270E+01  0.0000000E+00
  0.2940935E+02  0.5541523E+01  0.6390159E+01  0.0000000E+00
 -0.1345789E+00  0.1465444E+01 -0.5472924E+00  0.0000000E+00
  0.5674401E+01 -0.1344199E+01  0.1472018E+00  0.0000000E+00
 -0.2574699E+02  0.2597922E+01 -0.2704572E+01  0.0000000E+00
  0.9107791E+01  0.7258802E+02  0.1544266E+01  0.0000000E+00
 -0.2634547E+02 -0.3679062E+02 -0.1849440E+01  0.0000000E+00
  0.3237888E+02  0.3287279E+02  0.8104686E+00  0.0000000E+00
  0.6325413E+02 -0.2543062E+02 -0.2901310E+01  0.0000000E+00
  0.2870417E+02  0.6123339E+01  0.3215223E+01  0.0000000E+00
  0.2923811E+02  0.5036390E+01 -0.4448311E+01  0.0000000E+00
  0.2990077E+02  0.4196419E+01 -0.1035184E+02  0.0000000E+00
  0.3023250E+02  0.3693349E+01 -0.1389173E+02  0.0000000E+00
 -0.1012780E+01  0.4899476E+01 -0.9141162E+00  0.0000000E+00
 -0.7871765E+01 -0.2565326E+02  0.1298794E+01  0.0000000E+00
  0.3400417E+01  0.4738421E+02 -0.2429860E+01  0.0000000E+00
 -0.4059278E+02  0.2132220E+02  0.2711712E+01  0.0000000E+00
 -0.1955353E+02  0.6978715E+01 -0.1662601E+01  0.0000000E+00
 -0.1534116E+02  0.1538907E+02 -0.1915246E+00  0.0000000E+00
 -0.8360370E+02  0.1051308E+02  0.2596720E+01  0.0000000E+00
 -0.4340517E+02 -0.7749657E+00 -0.3088223E+01  0.0000000E+00
 -0.3333160E+02  0.5881795E+01  0.3811340E+01  0.0000000E+00
 -0.2588465E+02  0.1122595E+02  0.9143956E+01  0.0000000E+00
 -0.2133759E+02  0.1437394E+02  0.1233692E+02  0.0000000E+00
  0.1095340E+01  0.1984296E+01  0.5073058E+00  0.0000000E+00
 -0.8803835E+00 -0.2958970E+01 -0.9808622E+00  0.0000000E+00
 -0.1874534E+01 -0.4232378E+01  0.2745487E+01  0.0000000E+00
  0.9883302E+00  0.4185029E+02  0.7631221E-01  0.0000000E+00
  0.1392606E+02  0.6606549E+00  0.7651493E+01  0.0000000E+00
 -0.2354493E+02  0.1151800E+02 -0.2195533E+01  0.0000000E+00
  0.2661647E+01  0.2546123E+00  0.5297074E+00  0.0000000E+00
 -0.2125271E+02  0.1677165E+02  0.1026081E+01  0.0000000E+00
 -0.1695692E+02 -0.6207691E+01  0.9407110E+00  0.0000000E+00
 -0.1395175E+02 -0.2389633E+02  0.8871050E+00  0.0000000E+00
 -0.1207035E+02 -0.3450634E+02  0.8517998E+00  0.0000000E+00
 -0.2305942E+00 -0.2812058E+00 -0.1078803E-01  0.0000000E+00
 -0.2816672E+01  0.1776893E+01  0.9406958E-01  0.0000000E+00
  0.3979813E+01 -0.4087543E+01 -0.1908006E+00  0.0000000E+00
 -0.3535529E+01  0.2462806E+01  0.4154434E+00  0.0000000E+00
  0.1965301E+01 -0.3068996E+01 -0.3298186E+00  0.0000000E+00
 -0.1362950E+02  0.4727695E+01 -0.8284069E-01  0.0000000E+00
  0.2115511E+02 -0.1271887E+02  0.1157933E+01  0.0000000E+00
  0.2223527E+02 -0.1009127E+02  0.6377711E+00  0.0000000E+00
  0.1577459E+02  0.4269311E+01 -0.9601409E+00  0.0000000E+00
  0.1102834E+02  0.1526614E+02 -0.2216718E+01  0.0000000E+00
  0.8122088E+01  0.2187726E+02 -0.2963497E+01  0.0000000E+00
 -0.5956151E+00 -0.1190684E+00 -0.5045177E-03  0.0000000E+00
  0.1262130E+01  0.6231671E+00 -0.1752037E-01  0.0000000E+00
  0.1691540E+01 -0.1168220E+01 -0.8805464E-02  0.0000000E+00
 -0.5881901E+01  0.1140954E+01  0.2488344E-01  0.0000000E+00
 -0.9855392E+00 -0.2114795E+01 -0.3169319E-01  0.0000000E+00
 -0.6815130E+01  0.2360594E+01  0.7306482E+00  0.0000000E+00
  0.1028852E+02 -0.6594877E+01 -0.2356873E+00  0.0000000E+00
  0.9536702E+01 -0.8627942E+01  0.2602426E+00  0.0000000E+00
  0.1550186E+02  0.3947893E+01 -0.8142531E+00  0.0000000E+00
  0.2022398E+02  0.1351935E+02 -0.1646029E+01  0.0000000E+00
  0.2302237E+02  0.1928897E+02 -0.2143729E+01  0.0000000E+00
  0.5379926E+00 -0.6903975E-01  0.1049476E-01  0.0000000E+00
  0.5830196E+00  0.5971081E+00 -0.7677275E-01  0.0000000E+00
 -0.3861895E+01 -0.1618617E+01  0.1447152E+00  0.0000000E+00
  0.3550646E+01  0.7746115E+00 -0.1822547E+00  0.0000000E+00
  0.2101007E+01  0.1270992E+00 -0.1141966E+00  0.0000000E+00
 -0.4357305E+01 -0.2790290E+01  0.6170717E+00  0.0000000E+00
 -0.7315040E+01  0.2373192E+01 -0.1386578E+01  0.0000000E+00
 -0.1157298E+02  0.1200676E+02 -0.7683467E+00  0.0000000E+00
 -0.1816491E+02  0.3932618E+00 -0.1314053E+01  0.0000000E+00
 -0.2331833E+02 -0.8496827E+01 -0.1732014E+01  0.0000000E+00
 -0.2638874E+02 -0.1384220E+02 -0.1983264E+01  0.0000000E+00
  0.1027893E+01  0.1735185E+00  0.2982052E-02  0.0000000E+00
 -0.2248626E+01 -0.1052951E+01 -0.4420523E-01  0.0000000E+00
 -0.2061503E+00  0.2171536E+01  0.7547693E-01  0.0000000E+00
  0.6334916E+01 -0.2929679E+01 -0.1654174E+00  0.0000000E+00
  0.7775635E+00  0.2931304E+01  0.2517348E+00  0.0000000E+00
 -0.2302221E+01 -0.5566789E+01 -0.5192864E+00  0.0000000E+00
  0.9972421E+01  0.7789422E+01  0.6474599E+00  0.0000000E+00
  0.6718704E+00  0.7931465E+00  0.2906376E-01  0.0000000E+00
 -0.8695736E+00  0.7647035E+00  0.1864801E+00  0.0000000E+00
 -0.1964453E+01  0.7892638E+00  0.2973349E+00  0.0000000E+00
 -0.2645161E+01  0.7918364E+00  0.3665201E+00  0.0000000E+00
 -0.2079554E+00 -0.2493608E+00  0.3436166E-02  0.0000000E+00
  0.1137395E+00  0.1378430E+01 -0.4096745E-01  0.0000000E+00
  0.3894111E+01 -0.2659388E+01  0.7281992E-01  0.0000000E+00
 -0.4974972E+01  0.1697061E+00 -0.2435116E+00  0.0000000E+00
 -0.2512463E+01  0.7197233E+00  0.1850610E+00  0.0000000E+00
 -0.5578204E+01 -0.1090472E+01 -0.3186978E+00  0.0000000E+00
  0.2586260E+01  0.5454149E+01  0.8275828E+00  0.0000000E+00
  0.6347946E+00 -0.7348168E+01  0.6946841E+00  0.0000000E+00
  0.2837303E+01 -0.2934073E+01  0.3552522E+01  0.0000000E+00
  0.4508937E+01  0.3858747E+00  0.5753985E+01  0.0000000E+00
  0.5517839E+01  0.2397548E+01  0.7074043E+01  0.0000000E+00
  0.1995262E-01 -0.3339292E-01 -0.1900147E-01  0.0000000E+00
 -0.1404195E+00  0.1002296E+00  0.9357611E-01  0.0000000E+00
 -0.2538256E+00 -0.3045786E-01 -0.1372853E+00  0.0000000E+00
 -0.7277612E+00  0.4906140E+00  0.2635685E+00  0.0000000E+00
  0.3237937E+01 -0.1583959E+01 -0.1787497E+00  0.0000000E+00
  0.3265595E+01  0.3808497E+01  0.4545874E-01  0.0000000E+00
 -0.2077883E+01 -0.1314987E+00  0.4374450E+00  0.0000000E+00
 -0.5256457E+01 -0.1836245E+01 -0.5814132E+00  0.0000000E+00
 -0.8139441E-01 -0.2868280E+01 -0.4792732E+00  0.0000000E+00
  0.3755951E+01 -0.3591313E+01 -0.3976473E+00  0.0000000E+00
  0.6095881E+01 -0.4043639E+01 -0.3494684E+00  0.0000000E+00
  0.1753515E+01 -0.1386436E+01  0.8631933E-01  0.0000000E+00
 -0.1806934E+02 -0.2539889E+01  0.1799235E+01  0.0000000E+00
 -0.7066120E+01  0.4497698E+01  0.6991896E+00  0.0000000E+00
 -0.2408767E+02  0.3377161E+02 -0.3191870E+01  0.0000000E+00
  0.4860552E+00  0.1243640E+02  0.5396554E+01  0.0000000E+00
 -0.1304241E+02 -0.1865488E+02 -0.5544939E+01  0.0000000E+00
  0.1723908E+02  0.2015611E+02  0.5479266E+00  0.0000000E+00
  0.1211762E+01 -0.9350187E+01 -0.5616558E+01  0.0000000E+00
  0.8448166E+01  0.1167945E+00 -0.3698316E+01  0.0000000E+00
  0.1399517E+02  0.7476961E+01 -0.2192439E+01  0.0000000E+00
  0.1732849E+02  0.1187268E+02 -0.1296811E+01  0.0000000E+00
  0.3602768E+01 -0.2278633E+01  0.6140562E+00  0.0000000E+00
 -0.4679607E+01 -0.2296402E+00  0.5116268E+00  0.0000000E+00
 -0.1508577E+02  0.1663908E+02  0.1851897E+01  0.0000000E+00
 -0.1304040E+02  0.5538561E+00 -0.7093658E+01  0.0000000E+00
 -0.2259629E+02 -0.4417532E+01 -0.2013662E+01  0.0000000E+00
 -0.3277810E+02  0.7033925E+01 -0.2074130E+01  0.0000000E+00
 -0.2766218E+02 -0.8311837E+01  0.2809361E+01  0.0000000E+00
 -0.1703199E+02 -0.2267385E+02  0.6756194E+01  0.0000000E+00
 -0.2122596E+02 -0.1068813E+02  0.2473682E+01  0.0000000E+00
 -0.2462002E+02 -0.1543893E+01 -0.8550158E+00  0.0000000E+00
 -0.2661250E+02  0.3962390E+01 -0.2843214E+01  0.0000000E+00
  0.4765773E+00 -0.5101369E-01 -0.1114718E+01  0.0000000E+00
 -0.1008297E+02  0.6743396E+01  0.4901448E+01  0.0000000E+00
  0.9591952E+01 -0.1578018E+02 -0.5592221E+01  0.0000000E+00
 -0.8506013E+01  0.6740012E+01  0.6360184E+01  0.0000000E+00
 -0.1114481E+02 -0.4734770E+01  0.1032665E+01  0.0000000E+00
 -0.1160680E+02  0.6395302E+00 -0.7170297E+00  0.0000000E+00
 -0.4619658E+01  0.9065864E+01  0.4569631E+00  0.0000000E+00
 -0.7236931E+01 -0.6166851E+01  0.1021615E+01  0.0000000E+00
 -0.5783461E+01  0.9720729E+01 -0.6836436E+00  0.0000000E+00
 -0.4711603E+01  0.2205500E+02 -0.1958830E+01  0.0000000E+00
 -0.4056379E+01  0.2942604E+02 -0.2733489E+01  0.0000000E+00
  0.4125614E+00  0.3986204E+00  0.6693219E-02  0.0000000E+00
 -0.1322917E+01 -0.1786718E+01 -0.4204039E-01  0.0000000E+00
  0.2228942E+01  0.2021893E+01  0.6483761E-01  0.0000000E+00
 -0.4135702E+01  0.2794239E+01  0.1362242E+00  0.0000000E+00
  0.3095516E+01 -0.1369708E+01 -0.2874767E+00  0.0000000E+00
 -0.9611987E+01 -0.5223947E-01  0.3381759E+00  0.0000000E+00
  0.1027116E+02  0.1598120E+01 -0.7001492E+00  0.0000000E+00
 -0.4767340E+01 -0.6400747E+01 -0.2834593E+01  0.0000000E+00
  0.5228063E+01 -0.7419838E+01 -0.2098063E+01  0.0000000E+00
  0.1291310E+02 -0.8203327E+01 -0.1552446E+01  0.0000000E+00
  0.1752510E+02 -0.8673549E+01 -0.1219603E+01  0.0000000E+00
 -0.9014139E-01 -0.2028821E+00  0.4983958E-02  0.0000000E+00
 -0.1245877E+01  0.9595894E+00 -0.1169174E-01  0.0000000E+00
  0.2080595E+01 -0.9780271E+00  0.1424688E-01  0.0000000E+00
 -0.3912343E+01 -0.9527175E+00 -0.6731695E-01  0.0000000E+00
  0.3119434E+01 -0.4743086E+00 -0.2935125E+00  0.0000000E+00
 -0.3416948E+01  0.2979744E+01  0.8136110E+00  0.0000000E+00
  0.5127358E+01  0.8437261E+00 -0.2440260E+01  0.0000000E+00
  0.7275617E-02 -0.9290415E+00 -0.1507023E+00  0.0000000E+00
 -0.1517440E+01 -0.1496535E+01 -0.3162000E+01  0.0000000E+00
 -0.2642039E+01 -0.1968882E+01 -0.5497871E+01  0.0000000E+00
 -0.3329397E+01 -0.2242931E+01 -0.6894299E+01  0.0000000E+00
  0.1833143E+00  0.1714448E-01  0.2355053E-01  0.0000000E+00
 -0.1136193E+01  0.1380958E+00 -0.1439319E+00  0.0000000E+00
  0.2105595E+01 -0.1224554E+01  0.2002623E+00  0.0000000E+00
 -0.1904751E+01  0.1092998E+01 -0.1078692E+00  0.0000000E+00
  0.7909361E+01  0.1252766E+01  0.1318860E+00  0.0000000E+00
  0.4537691E+01 -0.3365396E+01 -0.2167751E+00  0.0000000E+00
  0.1115850E+02  0.7550319E+01  0.3343727E+00  0.0000000E+00
  0.6404697E+01 -0.3168154E+00  0.1294656E+01  0.0000000E+00
  0.3530378E+01  0.8147811E+00  0.1020888E+00  0.0000000E+00
  0.1326125E+01  0.1706096E+01 -0.8109735E+00  0.0000000E+00
  0.1761394E-02  0.2235420E+01 -0.1359936E+01  0.0000000E+00
  0.2500223E-01 -0.2345503E+00 -0.1398627E-01  0.0000000E+00
  0.1329814E+01  0.1035378E+01  0.6857500E-01  0.0000000E+00
 -0.2389778E+01 -0.1177761E+01 -0.1318350E+00  0.0000000E+00
  0.5618535E+01 -0.2211183E+01  0.2159372E+00  0.0000000E+00
 -0.2708852E+01  0.2037973E+01 -0.9380886E-01  0.0000000E+00
  0.2244599E+01 -0.4360142E+01  0.5040424E-01  0.0000000E+00
 -0.2108254E+01 -0.1169172E+01 -0.5313650E+00  0.0000000E+00
 -0.2345873E+01 -0.1874926E+01  0.1281858E+01  0.0000000E+00
 -0.3785274E+00 -0.5739187E+01  0.6875485E+00  0.0000000E+00
  0.1045419E+01 -0.8739510E+01  0.2158028E+00  0.0000000E+00
  0.1923145E+01 -0.1053243E+02 -0.6343279E-01  0.0000000E+00
  0.2844156E+00 -0.7637383E-01  0.2209665E-01  0.0000000E+00
 -0.1639973E+01  0.4053725E+00 -0.1237398E+00  0.0000000E+00
  0.2069363E+01 -0.1128000E+01  0.1790724E+00  0.0000000E+00
 -0.5170109E+01  0.1660545E+01 -0.2402865E+00  0.0000000E+00
  0.8030130E+01 -0.1724520E+01  0.2895739E+00  0.0000000E+00
 -0.4044842E+01  0.2282313E+01 -0.6237397E+00  0.0000000E+00
 -0.6843451E+01 -0.1498245E+01  0.1269015E+01  0.0000000E+00
  0.2379043E+01  0.6532405E+01  0.2698998E+00  0.0000000E+00
  0.3118406E+01  0.5216523E+01  0.5387207E+00  0.0000000E+00
  0.3640220E+01  0.4214840E+01  0.7580300E+00  0.0000000E+00
  0.3965587E+01  0.3611085E+01  0.8863410E+00  0.0000000E+00
 -0.1163937E+00  0.9367326E-01  0.1731224E-01  0.0000000E+00
 -0.1195460E+00 -0.5145301E+00 -0.1179945E+00  0.0000000E+00
  0.4607322E+00  0.1170361E+01  0.2107926E+00  0.0000000E+00
 -0.3968560E+01 -0.1812476E+01 -0.1771839E+00  0.0000000E+00
 -0.1087593E+01  0.1100850E+01  0.4272913E+00  0.0000000E+00
  0.4833918E+01 -0.7933905E+00 -0.7723493E+00  0.0000000E+00
 -0.3329635E+00  0.6376920E+01  0.2037529E+01  0.0000000E+00
  0.5013774E+01 -0.7805100E+01 -0.1256004E+01  0.0000000E+00
  0.7485083E+01 -0.5456763E+01  0.8916934E+00  0.0000000E+00
  0.9381697E+01 -0.3582231E+01  0.2569791E+01  0.0000000E+00
  0.1052081E+02 -0.2475328E+01  0.3569846E+01  0.0000000E+00
 -0.6006026E+00  0.4465149E+01 -0.6101936E-01  0.0000000E+00
  0.7114254E+01 -0.3587716E+02  0.2327680E-02  0.0000000E+00
 -0.1105926E+02  0.6798575E+02 -0.1035821E+00  0.0000000E+00
 -0.8681484E+01 -0.6032446E+02 -0.1676882E+01  0.0000000E+00
  0.2103278E+02  0.2637644E+02 -0.2534291E+00  0.0000000E+00
  0.4268953E+01 -0.1185819E+02  0.8468261E-01  0.0000000E+00
 -0.9584705E+01 -0.4179184E+01  0.1297190E+01  0.0000000E+00
 -0.4960020E+00 -0.3147026E+01  0.5309525E+00  0.0000000E+00
 -0.3125154E+00 -0.8746494E-01 -0.9578585E+00  0.0000000E+00
 -0.5069899E-01  0.2198456E+01 -0.2115874E+01  0.0000000E+00
  0.7477679E-01  0.3587721E+01 -0.2807335E+01  0.0000000E+00
  0.3068286E+00  0.2528259E+01 -0.3981097E+00  0.0000000E+00
  0.3791060E-01 -0.2802195E+02  0.1673648E+01  0.0000000E+00
 -0.2197810E+01  0.4781766E+02 -0.1824797E+01  0.0000000E+00
 -0.3071120E+02 -0.2329812E+02 -0.2213584E+01  0.0000000E+00
  0.2216927E+02  0.2505985E+02 -0.5685631E+01  0.0000000E+00
 -0.5260669E+01 -0.2272507E+02  0.1959871E+01  0.0000000E+00
 -0.3224610E+01  0.2182797E+02 -0.1287036E+00  0.0000000E+00
 -0.1236468E+01 -0.2419204E+01 -0.1306423E+01  0.0000000E+00
  0.3590887E+01 -0.5286592E+01  0.1427899E+01  0.0000000E+00
  0.7133457E+01 -0.7578207E+01  0.3541972E+01  0.0000000E+00
  0.9303645E+01 -0.8930646E+01  0.4807610E+01  0.0000000E+00
  0.7869395E+00  0.1366088E+01 -0.1663578E+00  0.0000000E+00
 -0.6613266E+01 -0.9575520E+01 -0.4575074E+00  0.0000000E+00
  0.1563234E+02  0.1003305E+02 -0.7907938E+00  0.0000000E+00
 -0.2540456E+02 -0.5421431E+01 -0.4567116E+00  0.0000000E+00
  0.2636107E+02  0.1064823E+02  0.3276156E+01  0.0000000E+00
  0.1449762E+02 -0.7916487E+01 -0.1866564E+01  0.0000000E+00
 -0.5679650E+01  0.2700074E+01  0.4099995E+00  0.0000000E+00
  0.9971318E+01 -0.9862157E+01  0.5476212E+00  0.0000000E+00
  0.5205486E+01  0.1385001E+02 -0.9133533E+00  0.0000000E+00
  0.1677451E+01  0.3205587E+02 -0.2058811E+01  0.0000000E+00
 -0.4755576E+00  0.4298835E+02 -0.2740417E+01  0.0000000E+00
  0.2718556E+00  0.2293970E+00  0.1401008E-01  0.0000000E+00
 -0.1003658E+01 -0.1162471E+01 -0.8943970E-01  0.0000000E+00
  0.1657204E+01  0.2173228E+01  0.1702622E+00  0.0000000E+00
 -0.1935892E+01  0.2548898E-01 -0.1330649E+00  0.0000000E+00
  0.6026907E+01 -0.8117999E+00  0.1077798E+00  0.0000000E+00
 -0.1236625E+02  0.6239176E+00 -0.2605159E-01  0.0000000E+00
  0.2508894E+02 -0.6358384E+01  0.2079623E+01  0.0000000E+00
 -0.2496373E+01  0.1322313E+02  0.2270298E+00  0.0000000E+00
 -0.4487032E+01 -0.9938550E+00  0.8886188E-01  0.0000000E+00
 -0.5963757E+01 -0.1185920E+02 -0.1923928E-01  0.0000000E+00
 -0.6863986E+01 -0.1839687E+02 -0.8362775E-01  0.0000000E+00
  0.5287385E+00 -0.5966517E-01  0.4953850E-02  0.0000000E+00
 -0.3334117E+01  0.2909871E+00 -0.2853202E-01  0.0000000E+00
  0.6066046E+01 -0.2489264E+00  0.5306710E-01  0.0000000E+00
 -0.8574514E+01 -0.4059074E+00 -0.8035097E-01  0.0000000E+00
  0.1375300E+02 -0.2161648E+00  0.3578135E+00  0.0000000E+00
  0.5667234E+01  0.1710866E+01 -0.9015207E+00  0.0000000E+00
 -0.1229254E+02 -0.5973911E+01  0.1194706E+01  0.0000000E+00
 -0.4565227E+01  0.3944193E+01 -0.4363351E+00  0.0000000E+00
  0.6094552E+01 -0.1520890E+01  0.1086553E+01  0.0000000E+00
  0.1429345E+02 -0.5677591E+01  0.2273525E+01  0.0000000E+00
  0.1921298E+02 -0.8183936E+01  0.2981653E+01  0.0000000E+00
 -0.6065492E-01  0.1069074E+00 -0.1089262E-01  0.0000000E+00
 -0.1538524E+00 -0.6736819E+00  0.4221304E-01  0.0000000E+00
  0.1411103E+00  0.1592659E+01 -0.9455585E-01  0.0000000E+00
  0.1293631E+01 -0.2995964E+00  0.1501841E+00  0.0000000E+00
  0.1058404E+01  0.8428111E+00 -0.1523583E+00  0.0000000E+00
 -0.2410004E+01 -0.4471651E+00  0.1822697E+00  0.0000000E+00
 -0.6736054E+01  0.4009137E+01 -0.1651785E+01  0.0000000E+00
  0.4210508E+01 -0.4125834E+01 -0.5089702E+00  0.0000000E+00
  0.1083567E+01 -0.6552101E-01 -0.6643306E+00  0.0000000E+00
 -0.1359869E+01  0.3004040E+01 -0.7839748E+00  0.0000000E+00
 -0.2815959E+01  0.4859808E+01 -0.8557235E+00  0.0000000E+00
 -0.6160215E+00 -0.1195907E+00 -0.1798775E-02  0.0000000E+00
  0.1733944E+01  0.4261248E+00  0.5145109E-02  0.0000000E+00
 -0.2336922E+01 -0.4344648E+00 -0.4935106E-02  0.0000000E+00
  0.2405379E+01 -0.1608567E+01 -0.7756263E-01  0.0000000E+00
 -0.2160670E+01  0.2502930E+01  0.1297342E+00  0.0000000E+00
  0.3724660E+01 -0.3708116E+01 -0.1011858E+00  0.0000000E+00
  0.4942276E+01  0.6512401E+01  0.3885269E+00  0.0000000E+00
 -0.7792396E+00  0.5208782E+01 -0.2775060E+00  0.0000000E+00
 -0.3502308E+01 -0.4259642E+01 -0.5741166E+00  0.0000000E+00
 -0.5624733E+01 -0.1156224E+02 -0.8102931E+00  0.0000000E+00
 -0.6890906E+01 -0.1593878E+02 -0.9499072E+00  0.0000000E+00
  0.1839808E+00  0.1364687E+00 -0.1889300E-01  0.0000000E+00
 -0.1961450E+00 -0.9830476E+00  0.1093425E+00  0.0000000E+00
  0.3799748E+00  0.1928005E+01 -0.2052618E+00  0.0000000E+00
 -0.2273319E+01 -0.2919811E+00  0.1349307E+00  0.0000000E+00
  0.5758024E+01 -0.7137967E+00 -0.1928612E+00  0.0000000E+00
  0.4472783E+01  0.1679045E+01  0.2068754E+00  0.0000000E+00
 -0.3579959E+01 -0.3911122E+01 -0.8258831E+00  0.0000000E+00
  0.1440885E+00 -0.3989389E+01  0.1224094E+01  0.0000000E+00
 -0.1946876E+01  0.1243506E+01  0.1623877E+01  0.0000000E+00
 -0.3502075E+01  0.5226716E+01  0.1923796E+01  0.0000000E+00
 -0.4449145E+01  0.7627649E+01  0.2105738E+01  0.0000000E+00
  0.3421448E+00 -0.1172706E+00  0.2248223E-02  0.0000000E+00
 -0.4358178E+00  0.5946176E+00  0.4439428E-03  0.0000000E+00
  0.7002932E+00 -0.9229980E+00  0.1641066E-01  0.0000000E+00
 -0.4486314E+00 -0.3586770E+00  0.1051328E+00  0.0000000E+00
 -0.3797165E+01 -0.3282171E+00 -0.3225999E+00  0.0000000E+00
 -0.3338064E+01  0.1213642E+01  0.5059476E+00  0.0000000E+00
  0.2329307E+00 -0.4250608E+01 -0.4773681E+00  0.0000000E+00
  0.4106269E+01  0.5678959E+01  0.7437471E+00  0.0000000E+00
 -0.1662775E+01  0.1892735E+01 -0.6854037E+00  0.0000000E+00
 -0.6052277E+01 -0.1035956E+01 -0.1789899E+01  0.0000000E+00
 -0.8698587E+01 -0.2788938E+01 -0.2451247E+01  0.0000000E+00
  0.1078891E+00  0.2281987E+01  0.4037496E-01  0.0000000E+00
 -0.5813267E+01 -0.8056243E+01  0.1810892E+00  0.0000000E+00
  0.9050471E+01  0.1982939E+02  0.1372864E+01  0.0000000E+00
 -0.3611772E+01 -0.6134973E+02 -0.1349688E+01  0.0000000E+00
  0.4394892E+01  0.2184001E+02  0.2849090E+01  0.0000000E+00
  0.1982294E+02 -0.2359549E+01 -0.3156371E+01  0.0000000E+00
 -0.1618291E+02  0.3313465E+00  0.2983835E-02  0.0000000E+00
  0.6791922E+01  0.8939619E+01 -0.1165557E+00  0.0000000E+00
  0.5702230E+01  0.1055263E+02  0.7702182E-01  0.0000000E+00
  0.4973522E+01  0.1181875E+02  0.2180136E+00  0.0000000E+00
  0.4507606E+01  0.1257181E+02  0.3046901E+00  0.0000000E+00
  0.8515273E+00  0.1627116E+01  0.3004590E+00  0.0000000E+00
 -0.1014404E+02 -0.1611658E+01 -0.9346127E+00  0.0000000E+00
  0.1625217E+02  0.8675422E+01  0.2767599E+01  0.0000000E+00
 -0.2666056E+02 -0.6872244E+02  0.5700580E+00  0.0000000E+00
  0.1519639E+02  0.1438806E+02  0.3216995E+01  0.0000000E+00
  0.1593354E+02 -0.6067417E+00 -0.2280058E+01  0.0000000E+00
  0.1072695E+02 -0.3791488E+01  0.2145946E+01  0.0000000E+00
  0.9035258E+01 -0.1493140E+00 -0.7189893E+00  0.0000000E+00
 -0.3213484E+01 -0.1208014E+02 -0.1046165E+01  0.0000000E+00
 -0.1258192E+02 -0.2127402E+02 -0.1304054E+01  0.0000000E+00
 -0.1821708E+02 -0.2678609E+02 -0.1457145E+01  0.0000000E+00
  0.1005308E+01  0.4212695E+00 -0.2868516E+00  0.0000000E+00
 -0.6824597E+01 -0.5948609E+01  0.1790442E+01  0.0000000E+00
  0.8710273E+01  0.2277812E+01 -0.3318911E+01  0.0000000E+00
 -0.1237468E+02  0.1354254E+02  0.6426035E+01  0.0000000E+00
  0.2697347E+01 -0.5200024E+01 -0.5190717E+01  0.0000000E+00
  0.1557425E+02  0.1454431E+01  0.2505925E+01  0.0000000E+00
 -0.1612220E+02  0.3894079E+01 -0.2080387E+01  0.0000000E+00
  0.7365867E+01 -0.1847417E+01  0.1720075E+01  0.0000000E+00
  0.4465592E+01  0.2648402E+01 -0.1538818E+01  0.0000000E+00
  0.2276014E+01  0.6119667E+01 -0.4054009E+01  0.0000000E+00
  0.9513534E+00  0.8199002E+01 -0.5560946E+01  0.0000000E+00
 -0.1818524E+00 -0.5139731E-01  0.1268629E-01  0.0000000E+00
  0.1150695E+01  0.2744518E+00 -0.8840928E-01  0.0000000E+00
 -0.1041192E+01  0.2496695E+00  0.1814170E+00  0.0000000E+00
  0.1595587E+01 -0.1915619E+01 -0.2317132E+00  0.0000000E+00
 -0.1008350E+02  0.3475296E+00  0.2434105E-01  0.0000000E+00
  0.4877845E+01  0.1014071E+00  0.2324551E+00  0.0000000E+00
 -0.5925031E+01 -0.5577254E+01 -0.6169953E-01  0.0000000E+00
 -0.1387306E+02 -0.3470527E+01  0.2394565E+00  0.0000000E+00
  0.1582990E+01  0.1154104E+01  0.1450261E+01  0.0000000E+00
  0.1343035E+02  0.4715650E+01  0.2373827E+01  0.0000000E+00
  0.2054973E+02  0.6851509E+01  0.2930008E+01  0.0000000E+00
  0.1170607E+00  0.4867978E-01  0.1204486E-02  0.0000000E+00
 -0.2113381E+01 -0.1534683E+00 -0.2187209E-01  0.0000000E+00
  0.3324996E+01  0.6477550E-01  0.6904723E-02  0.0000000E+00
 -0.3804927E+01  0.1007386E+01  0.3835008E-01  0.0000000E+00
  0.5799795E+01 -0.1244496E+01  0.4925360E-01  0.0000000E+00
  0.9643920E+00  0.2329557E+01 -0.3042400E+00  0.0000000E+00
  0.5920974E+01 -0.9463124E+01  0.9392721E+00  0.0000000E+00
 -0.2931258E+01  0.1071714E+02 -0.1310388E+01  0.0000000E+00
 -0.5513094E+01 -0.3291789E+01  0.1924116E+01  0.0000000E+00
 -0.7437405E+01 -0.1412906E+02  0.4427574E+01  0.0000000E+00
 -0.8608154E+01 -0.2061543E+02  0.5925631E+01  0.0000000E+00
  0.1329654E+00  0.1160855E+00 -0.3468103E-01  0.0000000E+00
 -0.3207345E+00 -0.7142280E+00  0.1713187E+00  0.0000000E+00
  0.5437233E+00  0.1742377E+01 -0.3430125E+00  0.0000000E+00
 -0.1292215E+01 -0.1282891E+01  0.4552064E+00  0.0000000E+00
  0.4042647E+01  0.1878263E+01 -0.2117803E+00  0.0000000E+00
 -0.5755859E+01 -0.1142437E+01 -0.9143067E-01  0.0000000E+00
 -0.1296967E+01  0.1025366E+02 -0.3830181E+00  0.0000000E+00
  0.1937807E+01  0.4031064E+01  0.5143528E+00  0.0000000E+00
 -0.3112342E+01  0.4495838E+01 -0.2622547E+00  0.0000000E+00
 -0.6963325E+01  0.4860752E+01 -0.8640798E+00  0.0000000E+00
 -0.9282724E+01  0.5077743E+01 -0.1224014E+01  0.0000000E+00
  0.4798781E-01  0.1266724E+00 -0.1687072E-01  0.0000000E+00
  0.1173629E+01 -0.7469423E+00  0.1014159E+00  0.0000000E+00
 -0.1606636E+01  0.8767287E+00 -0.1773971E+00  0.0000000E+00
  0.4169401E+00  0.1644236E+01  0.4882889E-01  0.0000000E+00
  0.1022842E+01 -0.6203655E+00 -0.7430149E-01  0.0000000E+00
 -0.5224609E+01  0.1062433E+01  0.2311620E+00  0.0000000E+00
  0.2790558E+01  0.4151097E+01 -0.1192724E+01  0.0000000E+00
  0.3324047E+01 -0.3294220E+01  0.7947075E+00  0.0000000E+00
 -0.1145451E+01 -0.3367774E-01  0.3076112E+00  0.0000000E+00
 -0.4626098E+01  0.2534211E+01 -0.8111715E-01  0.0000000E+00
 -0.6703317E+01  0.4059313E+01 -0.3106842E+00  0.0000000E+00
 -0.5416713E-01  0.5900724E-01  0.8013901E-02  0.0000000E+00
 -0.2393667E+00 -0.5780471E+00 -0.4602814E-01  0.0000000E+00
 -0.3651691E+00  0.1349506E+01  0.6202571E-01  0.0000000E+00
 -0.7741110E-01 -0.1171922E+01 -0.2275278E+00  0.0000000E+00
  0.5726144E+01  0.7004746E+00  0.1044896E+00  0.0000000E+00
 -0.4303860E+01 -0.1899260E+01 -0.1790144E+00  0.0000000E+00
  0.3326994E+01 -0.3204665E+01  0.8685835E+00  0.0000000E+00
  0.2002529E+00 -0.5912508E+00 -0.7801353E+00  0.0000000E+00
 -0.7191795E+00 -0.1636472E+01 -0.7554772E+00  0.0000000E+00
 -0.1359875E+01 -0.2461207E+01 -0.7347944E+00  0.0000000E+00
 -0.1761698E+01 -0.2950634E+01 -0.7228342E+00  0.0000000E+00
 -0.1684295E+00 -0.2322643E-01  0.7089673E-02  0.0000000E+00
  0.7039567E+00  0.2090726E+00 -0.6316991E-01  0.0000000E+00
 -0.1912768E+01 -0.7606628E+00  0.1487139E+00  0.0000000E+00
  0.1621501E+01  0.8285576E-01 -0.2237152E+00  0.0000000E+00
 -0.4253720E+00 -0.4896526E+00  0.1640043E+00  0.0000000E+00
  0.7965329E+00  0.3248533E+00 -0.1598112E+00  0.0000000E+00
  0.1596908E+01 -0.1652526E+01  0.6862878E+00  0.0000000E+00
 -0.3737463E+01  0.2220154E+01 -0.5636537E+00  0.0000000E+00
  0.7483872E+00  0.3342199E+01  0.7387489E+00  0.0000000E+00
  0.4214942E+01  0.4162759E+01  0.1746910E+01  0.0000000E+00
  0.6290736E+01  0.4666218E+01  0.2350155E+01  0.0000000E+00
