This file contains any messages produced by compilers while
running configure, to aid debugging if configure makes a mistake.

It was created by Madrigal configure 2.5, which was
generated by GNU Autoconf 2.63.  Invocation command line was

  $ ./configure --prefix=/Users/mnicolls/Documents/Work/Madrigal

## --------- ##
## Platform. ##
## --------- ##

hostname = mnicollss-mac-pro.local
uname -m = i386
uname -r = 9.8.0
uname -s = Darwin
uname -v = Darwin Kernel Version 9.8.0: Wed Jul 15 16:55:01 PDT 2009; root:xnu-1228.15.4~1/RELEASE_I386

/usr/bin/uname -p = i386
/bin/uname -X     = unknown

/bin/arch              = unknown
/usr/bin/arch -k       = unknown
/usr/convex/getsysinfo = unknown
/usr/bin/hostinfo      = Mach kernel version:
	 Darwin Kernel Version 9.8.0: Wed Jul 15 16:55:01 PDT 2009; root:xnu-1228.15.4~1/RELEASE_I386
Kernel configured for up to 8 processors.
4 processors are physically available.
8 processors are logically available.
Processor type: i486 (Intel 80486)
Processors active: 0 1 2 3 4 5 6 7
Primary memory available: 6.00 gigabytes
Default processor set: 82 tasks, 324 threads, 8 processors
Load average: 1.35, Mach factor: 6.64
/bin/machine           = unknown
/usr/bin/oslevel       = unknown
/bin/universe          = unknown

PATH: /opt/local/bin
PATH: /opt/local/sbin
PATH: /usr/local/bin
PATH: /sw/bin
PATH: /sw/sbin
PATH: /usr/bin
PATH: /bin
PATH: /usr/sbin
PATH: /sbin
PATH: /usr/local/bin
PATH: /usr/X11/bin
PATH: /usr/X11R6/bin


## ----------- ##
## Core tests. ##
## ----------- ##

configure:2086: checking for a BSD-compatible install
configure:2154: result: /usr/bin/install -c
configure:2165: checking whether build environment is sane
configure:2208: result: yes
configure:2233: checking for a thread-safe mkdir -p
configure:2272: result: ./install-sh -c -d
configure:2285: checking for gawk
configure:2315: result: no
configure:2285: checking for mawk
configure:2315: result: no
configure:2285: checking for nawk
configure:2315: result: no
configure:2285: checking for awk
configure:2301: found /usr/bin/awk
configure:2312: result: awk
configure:2323: checking whether make sets $(MAKE)
configure:2345: result: yes
configure:2582: checking for gcc
configure:2598: found /usr/bin/gcc
configure:2609: result: gcc
configure:2841: checking for C compiler version
configure:2849: gcc --version >&5
i686-apple-darwin9-gcc-4.0.1 (GCC) 4.0.1 (Apple Inc. build 5490)
Copyright (C) 2005 Free Software Foundation, Inc.
This is free software; see the source for copying conditions.  There is NO
warranty; not even for MERCHANTABILITY or FITNESS FOR A PARTICULAR PURPOSE.

configure:2853: $? = 0
configure:2860: gcc -v >&5
Using built-in specs.
Target: i686-apple-darwin9
Configured with: /var/tmp/gcc/gcc-5490~1/src/configure --disable-checking -enable-werror --prefix=/usr --mandir=/share/man --enable-languages=c,objc,c++,obj-c++ --program-transform-name=/^[cg][^.-]*$/s/$/-4.0/ --with-gxx-include-dir=/include/c++/4.0.0 --with-slibdir=/usr/lib --build=i686-apple-darwin9 --with-arch=apple --with-tune=generic --host=i686-apple-darwin9 --target=i686-apple-darwin9
Thread model: posix
gcc version 4.0.1 (Apple Inc. build 5490)
configure:2864: $? = 0
configure:2871: gcc -V >&5
gcc-4.0: argument to `-V' is missing
configure:2875: $? = 1
configure:2898: checking for C compiler default output file name
configure:2920: gcc    conftest.c  >&5
configure:2924: $? = 0
configure:2962: result: a.out
configure:2981: checking whether the C compiler works
configure:2991: ./a.out
configure:2995: $? = 0
configure:3014: result: yes
configure:3021: checking whether we are cross compiling
configure:3023: result: no
configure:3026: checking for suffix of executables
configure:3033: gcc -o conftest    conftest.c  >&5
configure:3037: $? = 0
configure:3063: result: 
configure:3069: checking for suffix of object files
configure:3095: gcc -c   conftest.c >&5
configure:3099: $? = 0
configure:3124: result: o
configure:3128: checking whether we are using the GNU C compiler
configure:3157: gcc -c   conftest.c >&5
configure:3164: $? = 0
configure:3181: result: yes
configure:3190: checking whether gcc accepts -g
configure:3220: gcc -c -g  conftest.c >&5
configure:3227: $? = 0
configure:3328: result: yes
configure:3345: checking for gcc option to accept ISO C89
configure:3419: gcc  -c -g -O2  conftest.c >&5
configure:3426: $? = 0
configure:3449: result: none needed
configure:3478: checking for style of include used by make
configure:3506: result: GNU
configure:3531: checking dependency style of gcc
configure:3622: result: gcc3
configure:3668: checking build system type
configure:3686: result: i386-apple-darwin9.8.0
configure:3708: checking host system type
configure:3723: result: i386-apple-darwin9.8.0
configure:3745: checking for a sed that does not truncate output
configure:3811: result: /usr/bin/sed
configure:3829: checking for grep that handles long lines and -e
configure:3889: result: /usr/bin/grep
configure:3894: checking for egrep
configure:3958: result: /usr/bin/grep -E
configure:3963: checking for fgrep
configure:4027: result: /usr/bin/grep -F
configure:4062: checking for ld used by gcc
configure:4129: result: /usr/libexec/gcc/i686-apple-darwin9/4.0.1/ld
configure:4138: checking if the linker (/usr/libexec/gcc/i686-apple-darwin9/4.0.1/ld) is GNU ld
configure:4153: result: no
configure:4165: checking for BSD- or MS-compatible name lister (nm)
configure:4214: result: /usr/bin/nm -p
configure:4332: checking the name lister (/usr/bin/nm -p) interface
configure:4339: gcc -c -g -O2  conftest.c >&5
configure:4342: /usr/bin/nm -p "conftest.o"
configure:4345: output
00000174 D _some_variable
configure:4352: result: BSD nm
configure:4355: checking whether ln -s works
configure:4359: result: yes
configure:4367: checking the maximum length of command line arguments
configure:4487: result: 196608
configure:4504: checking whether the shell understands some XSI constructs
configure:4514: result: yes
configure:4518: checking whether the shell understands "+="
configure:4524: result: yes
configure:4559: checking for /usr/libexec/gcc/i686-apple-darwin9/4.0.1/ld option to reload object files
configure:4566: result: -r
configure:4593: checking how to recognize dependent libraries
configure:4783: result: pass_all
configure:4843: checking for ar
configure:4859: found /usr/bin/ar
configure:4870: result: ar
configure:4948: checking for strip
configure:4964: found /usr/bin/strip
configure:4975: result: strip
configure:5047: checking for ranlib
configure:5063: found /usr/bin/ranlib
configure:5074: result: ranlib
configure:5164: checking command to parse /usr/bin/nm -p output from gcc object
configure:5282: gcc -c -g -O2  conftest.c >&5
configure:5285: $? = 0
configure:5289: /usr/bin/nm -p conftest.o \| sed -n -e 's/^.*[	 ]\([BCDEGRST][BCDEGRST]*\)[	 ][	 ]*\([_A-Za-z][_A-Za-z0-9]*\)$/\1 \2 \2/p' \> conftest.nm
configure:5292: $? = 0
cannot find nm_test_var in conftest.nm
configure:5282: gcc -c -g -O2  conftest.c >&5
configure:5285: $? = 0
configure:5289: /usr/bin/nm -p conftest.o \| sed -n -e 's/^.*[	 ]\([BCDEGRST][BCDEGRST]*\)[	 ][	 ]*_\([_A-Za-z][_A-Za-z0-9]*\)$/\1 _\2 \2/p' \> conftest.nm
configure:5292: $? = 0
configure:5346: gcc -o conftest -g -O2   conftest.c conftstm.o >&5
configure:5349: $? = 0
configure:5387: result: ok
configure:5681: checking for dsymutil
configure:5697: found /usr/bin/dsymutil
configure:5708: result: dsymutil
configure:5773: checking for nmedit
configure:5789: found /usr/bin/nmedit
configure:5800: result: nmedit
configure:5865: checking for lipo
configure:5881: found /usr/bin/lipo
configure:5892: result: lipo
configure:5957: checking for otool
configure:5973: found /usr/bin/otool
configure:5984: result: otool
configure:6049: checking for otool64
configure:6079: result: no
configure:6124: checking for -single_module linker flag
gcc -g -O2  -o libconftest.dylib -dynamiclib -Wl,-single_module conftest.c
configure:6151: result: yes
configure:6153: checking for -exported_symbols_list linker flag
configure:6183: gcc -o conftest -g -O2   -Wl,-exported_symbols_list,conftest.sym conftest.c  >&5
configure:6190: $? = 0
configure:6212: result: yes
configure:6254: checking how to run the C preprocessor
configure:6294: gcc -E  conftest.c
configure:6301: $? = 0
configure:6332: gcc -E  conftest.c
conftest.c:10:28: error: ac_nonexistent.h: No such file or directory
configure:6339: $? = 1
configure: failed program was:
| /* confdefs.h.  */
| #define PACKAGE_NAME "Madrigal"
| #define PACKAGE_TARNAME "madrigal"
| #define PACKAGE_VERSION "2.5"
| #define PACKAGE_STRING "Madrigal 2.5"
| #define PACKAGE_BUGREPORT "brideout@haystack.mit.edu"
| #define PACKAGE "madrigal"
| #define VERSION "2.5"
| /* end confdefs.h.  */
| #include <ac_nonexistent.h>
configure:6372: result: gcc -E
configure:6401: gcc -E  conftest.c
configure:6408: $? = 0
configure:6439: gcc -E  conftest.c
conftest.c:10:28: error: ac_nonexistent.h: No such file or directory
configure:6446: $? = 1
configure: failed program was:
| /* confdefs.h.  */
| #define PACKAGE_NAME "Madrigal"
| #define PACKAGE_TARNAME "madrigal"
| #define PACKAGE_VERSION "2.5"
| #define PACKAGE_STRING "Madrigal 2.5"
| #define PACKAGE_BUGREPORT "brideout@haystack.mit.edu"
| #define PACKAGE "madrigal"
| #define VERSION "2.5"
| /* end confdefs.h.  */
| #include <ac_nonexistent.h>
configure:6486: checking for ANSI C header files
configure:6516: gcc -c -g -O2  conftest.c >&5
configure:6523: $? = 0
configure:6622: gcc -o conftest -g -O2   conftest.c  >&5
configure:6626: $? = 0
configure:6632: ./conftest
configure:6636: $? = 0
configure:6654: result: yes
configure:6678: checking for sys/types.h
configure:6699: gcc -c -g -O2  conftest.c >&5
configure:6706: $? = 0
configure:6723: result: yes
configure:6678: checking for sys/stat.h
configure:6699: gcc -c -g -O2  conftest.c >&5
configure:6706: $? = 0
configure:6723: result: yes
configure:6678: checking for stdlib.h
configure:6699: gcc -c -g -O2  conftest.c >&5
configure:6706: $? = 0
configure:6723: result: yes
configure:6678: checking for string.h
configure:6699: gcc -c -g -O2  conftest.c >&5
configure:6706: $? = 0
configure:6723: result: yes
configure:6678: checking for memory.h
configure:6699: gcc -c -g -O2  conftest.c >&5
configure:6706: $? = 0
configure:6723: result: yes
configure:6678: checking for strings.h
configure:6699: gcc -c -g -O2  conftest.c >&5
configure:6706: $? = 0
configure:6723: result: yes
configure:6678: checking for inttypes.h
configure:6699: gcc -c -g -O2  conftest.c >&5
configure:6706: $? = 0
configure:6723: result: yes
configure:6678: checking for stdint.h
configure:6699: gcc -c -g -O2  conftest.c >&5
configure:6706: $? = 0
configure:6723: result: yes
configure:6678: checking for unistd.h
configure:6699: gcc -c -g -O2  conftest.c >&5
configure:6706: $? = 0
configure:6723: result: yes
configure:6741: checking for dlfcn.h
configure:6762: gcc -c -g -O2  conftest.c >&5
configure:6769: $? = 0
configure:6786: result: yes
configure:6972: checking for objdir
configure:6987: result: .libs
configure:7283: checking if gcc supports -fno-rtti -fno-exceptions
configure:7301: gcc -c -g -O2  -fno-rtti -fno-exceptions conftest.c >&5
cc1: warning: command line option "-fno-rtti" is valid for C++/ObjC++ but not for C
configure:7305: $? = 0
configure:7318: result: no
configure:7338: checking for gcc option to produce PIC
configure:7595: result: -fno-common -DPIC
configure:7607: checking if gcc PIC flag -fno-common -DPIC works
configure:7625: gcc -c -g -O2  -fno-common -DPIC -DPIC conftest.c >&5
configure:7629: $? = 0
configure:7642: result: yes
configure:7666: checking if gcc static flag -static works
configure:7694: result: no
configure:7709: checking if gcc supports -c -o file.o
configure:7730: gcc -c -g -O2  -o out/conftest2.o conftest.c >&5
configure:7734: $? = 0
configure:7756: result: yes
configure:7764: checking if gcc supports -c -o file.o
configure:7811: result: yes
configure:7844: checking whether the gcc linker (/usr/libexec/gcc/i686-apple-darwin9/4.0.1/ld) supports shared libraries
configure:8910: result: yes
configure:9149: checking dynamic linker characteristics
configure:9832: result: darwin9.8.0 dyld
configure:9934: checking how to hardcode library paths into programs
configure:9959: result: immediate
configure:10800: checking whether stripping libraries is possible
configure:10814: result: yes
configure:10840: checking if libtool supports shared libraries
configure:10842: result: yes
configure:10845: checking whether to build shared libraries
configure:10866: result: yes
configure:10869: checking whether to build static libraries
configure:10873: result: yes
configure:10961: checking for g77
configure:10991: result: no
configure:10961: checking for xlf
configure:10991: result: no
configure:10961: checking for f77
configure:10991: result: no
configure:10961: checking for frt
configure:10991: result: no
configure:10961: checking for pgf77
configure:10991: result: no
configure:10961: checking for cf77
configure:10991: result: no
configure:10961: checking for fort77
configure:10991: result: no
configure:10961: checking for fl32
configure:10991: result: no
configure:10961: checking for af77
configure:10991: result: no
configure:10961: checking for xlf90
configure:10991: result: no
configure:10961: checking for f90
configure:10991: result: no
configure:10961: checking for pgf90
configure:10991: result: no
configure:10961: checking for pghpf
configure:10991: result: no
configure:10961: checking for epcf90
configure:10991: result: no
configure:10961: checking for gfortran
configure:10977: found /usr/local/bin/gfortran
configure:10988: result: gfortran
configure:11014: checking for Fortran 77 compiler version
configure:11022: gfortran --version >&5
GNU Fortran (GCC) 4.2.1
Copyright (C) 2007 Free Software Foundation, Inc.

GNU Fortran comes with NO WARRANTY, to the extent permitted by law.
You may redistribute copies of GNU Fortran
under the terms of the GNU General Public License.
For more information about these matters, see the file named COPYING

configure:11026: $? = 0
configure:11033: gfortran -v >&5
Using built-in specs.
Target: i686-apple-darwin8
Configured with: /Builds/unix/gcc/gcc-4.2/configure --prefix=/usr/local --mandir=/share/man --program-transform-name=/^[cg][^.-]*$/s/$/-4.2/ --build=i686-apple-darwin8 --host=i686-apple-darwin8 --target=i686-apple-darwin8 --enable-languages=fortran
Thread model: posix
gcc version 4.2.1
configure:11037: $? = 0
configure:11044: gfortran -V >&5
gfortran: argument to `-V' is missing
configure:11048: $? = 1
configure:11056: checking whether we are using the GNU Fortran 77 compiler
configure:11075: gfortran -c  conftest.F >&5
configure:11082: $? = 0
configure:11099: result: yes
configure:11105: checking whether gfortran accepts -g
configure:11122: gfortran -c -g conftest.f >&5
configure:11129: $? = 0
configure:11145: result: yes
configure:11281: checking for Fortran 77 compiler version
configure:11289: gfortran --version >&5
GNU Fortran (GCC) 4.2.1
Copyright (C) 2007 Free Software Foundation, Inc.

GNU Fortran comes with NO WARRANTY, to the extent permitted by law.
You may redistribute copies of GNU Fortran
under the terms of the GNU General Public License.
For more information about these matters, see the file named COPYING

configure:11293: $? = 0
configure:11300: gfortran -v >&5
Using built-in specs.
Target: i686-apple-darwin8
Configured with: /Builds/unix/gcc/gcc-4.2/configure --prefix=/usr/local --mandir=/share/man --program-transform-name=/^[cg][^.-]*$/s/$/-4.2/ --build=i686-apple-darwin8 --host=i686-apple-darwin8 --target=i686-apple-darwin8 --enable-languages=fortran
Thread model: posix
gcc version 4.2.1
configure:11304: $? = 0
configure:11311: gfortran -V >&5
gfortran: argument to `-V' is missing
configure:11315: $? = 1
configure:11323: checking whether we are using the GNU Fortran 77 compiler
configure:11366: result: yes
configure:11372: checking whether gfortran accepts -g
configure:11412: result: yes
configure:11548: checking if libtool supports shared libraries
configure:11550: result: yes
configure:11553: checking whether to build shared libraries
configure:11573: result: yes
configure:11576: checking whether to build static libraries
configure:11580: result: yes
configure:11594: checking for gfortran option to produce PIC
configure:11851: result: -fno-common
configure:11860: checking if gfortran PIC flag -fno-common works
configure:11878: gfortran -c -g -O2 -fno-common conftest.f >&5
configure:11882: $? = 0
configure:11895: result: yes
configure:11916: checking if gfortran static flag -static works
configure:11944: result: no
configure:11956: checking if gfortran supports -c -o file.o
configure:11977: gfortran -c -g -O2 -o out/conftest2.o conftest.f >&5
configure:11981: $? = 0
configure:12003: result: yes
configure:12008: checking if gfortran supports -c -o file.o
configure:12055: result: yes
configure:12085: checking whether the gfortran linker (/usr/libexec/gcc/i686-apple-darwin9/4.0.1/ld) supports shared libraries
configure:13131: result: yes
configure:13268: checking dynamic linker characteristics
configure:13889: result: darwin9.8.0 dyld
configure:13940: checking how to hardcode library paths into programs
configure:13965: result: immediate
configure:14003: checking how to get verbose linking output from gfortran
configure:14019: gfortran -c -g -O2 conftest.f >&5
configure:14026: $? = 0
configure:14048: gfortran -o conftest -g -O2 -v conftest.f
Using built-in specs.
Target: i686-apple-darwin8
Configured with: /Builds/unix/gcc/gcc-4.2/configure --prefix=/usr/local --mandir=/share/man --program-transform-name=/^[cg][^.-]*$/s/$/-4.2/ --build=i686-apple-darwin8 --host=i686-apple-darwin8 --target=i686-apple-darwin8 --enable-languages=fortran
Thread model: posix
gcc version 4.2.1
 /usr/local/libexec/gcc/i686-apple-darwin8/4.2.1/f951 conftest.f -ffixed-form -fPIC -feliminate-unused-debug-symbols -quiet -dumpbase conftest.f -mtune=generic -march=nocona -auxbase conftest -g -O2 -version -I /usr/local/lib/gcc/i686-apple-darwin8/4.2.1/finclude -o /var/tmp//ccnZt6My.s
GNU F95 version 4.2.1 (i686-apple-darwin8)
	compiled by GNU C version 4.2.1.
GGC heuristics: --param ggc-min-expand=100 --param ggc-min-heapsize=131072
 as -arch i386 -force_cpusubtype_ALL -o /var/tmp//cc6emD6D.o /var/tmp//ccnZt6My.s
 /usr/local/libexec/gcc/i686-apple-darwin8/4.2.1/collect2 -dynamic -arch i386 -macosx_version_min 10.3 -multiply_defined suppress -weak_reference_mismatches non-weak -o conftest -lcrt1.o /usr/local/lib/gcc/i686-apple-darwin8/4.2.1/crt3.o -L/usr/local/lib/gcc/i686-apple-darwin8/4.2.1 -L/usr/local/lib/gcc/i686-apple-darwin8/4.2.1/../../.. /var/tmp//cc6emD6D.o -lgfortranbegin -lgfortran -lgcc_s.10.4 -lgcc -lSystem
configure:14117: result: -v
configure:14119: checking for Fortran 77 libraries of gfortran
configure:14142: gfortran -o conftest -g -O2 -v conftest.f
Using built-in specs.
Target: i686-apple-darwin8
Configured with: /Builds/unix/gcc/gcc-4.2/configure --prefix=/usr/local --mandir=/share/man --program-transform-name=/^[cg][^.-]*$/s/$/-4.2/ --build=i686-apple-darwin8 --host=i686-apple-darwin8 --target=i686-apple-darwin8 --enable-languages=fortran
Thread model: posix
gcc version 4.2.1
 /usr/local/libexec/gcc/i686-apple-darwin8/4.2.1/f951 conftest.f -ffixed-form -fPIC -feliminate-unused-debug-symbols -quiet -dumpbase conftest.f -mtune=generic -march=nocona -auxbase conftest -g -O2 -version -I /usr/local/lib/gcc/i686-apple-darwin8/4.2.1/finclude -o /var/tmp//ccDkwraq.s
GNU F95 version 4.2.1 (i686-apple-darwin8)
	compiled by GNU C version 4.2.1.
GGC heuristics: --param ggc-min-expand=100 --param ggc-min-heapsize=131072
 as -arch i386 -force_cpusubtype_ALL -o /var/tmp//ccob553O.o /var/tmp//ccDkwraq.s
 /usr/local/libexec/gcc/i686-apple-darwin8/4.2.1/collect2 -dynamic -arch i386 -macosx_version_min 10.3 -multiply_defined suppress -weak_reference_mismatches non-weak -o conftest -lcrt1.o /usr/local/lib/gcc/i686-apple-darwin8/4.2.1/crt3.o -L/usr/local/lib/gcc/i686-apple-darwin8/4.2.1 -L/usr/local/lib/gcc/i686-apple-darwin8/4.2.1/../../.. /var/tmp//ccob553O.o -lgfortranbegin -lgfortran -lgcc_s.10.4 -lgcc -lSystem
configure:14319: result:  -L/usr/local/lib/gcc/i686-apple-darwin8/4.2.1 -L/usr/local/lib/gcc/i686-apple-darwin8/4.2.1/../../.. -lgfortranbegin -lgfortran
configure:14335: checking for dummy main to link with Fortran 77 libraries
configure:14379: gcc -o conftest -g -O2   conftest.c   -L/usr/local/lib/gcc/i686-apple-darwin8/4.2.1 -L/usr/local/lib/gcc/i686-apple-darwin8/4.2.1/../../.. -lgfortranbegin -lgfortran >&5
configure:14386: $? = 0
configure:14474: result: none
configure:14513: checking for Fortran 77 name-mangling scheme
configure:14532: gfortran -c -g -O2 conftest.f >&5
configure:14539: $? = 0
configure:14594: gcc -o conftest -g -O2   conftest.c cfortran_test.o   -L/usr/local/lib/gcc/i686-apple-darwin8/4.2.1 -L/usr/local/lib/gcc/i686-apple-darwin8/4.2.1/../../.. -lgfortranbegin -lgfortran >&5
Undefined symbols:
  "_foobar", referenced from:
      _main in ccJOIxER.o
ld: symbol(s) not found
collect2: ld returned 1 exit status
configure:14601: $? = 1
configure: failed program was:
| /* confdefs.h.  */
| #define PACKAGE_NAME "Madrigal"
| #define PACKAGE_TARNAME "madrigal"
| #define PACKAGE_VERSION "2.5"
| #define PACKAGE_STRING "Madrigal 2.5"
| #define PACKAGE_BUGREPORT "brideout@haystack.mit.edu"
| #define PACKAGE "madrigal"
| #define VERSION "2.5"
| #define STDC_HEADERS 1
| #define HAVE_SYS_TYPES_H 1
| #define HAVE_SYS_STAT_H 1
| #define HAVE_STDLIB_H 1
| #define HAVE_STRING_H 1
| #define HAVE_MEMORY_H 1
| #define HAVE_STRINGS_H 1
| #define HAVE_INTTYPES_H 1
| #define HAVE_STDINT_H 1
| #define HAVE_UNISTD_H 1
| #define HAVE_DLFCN_H 1
| #define LT_OBJDIR ".libs/"
| /* end confdefs.h.  */
| 
| /* Override any GCC internal prototype to avoid an error.
|    Use char because int might match the return type of a GCC
|    builtin and then its argument prototype would still apply.  */
| #ifdef __cplusplus
| extern "C"
| #endif
| char foobar ();
| #ifdef F77_DUMMY_MAIN
| 
| #  ifdef __cplusplus
|      extern "C"
| #  endif
|    int F77_DUMMY_MAIN() { return 1; }
| 
| #endif
| int
| main ()
| {
| return foobar ();
|   ;
|   return 0;
| }
configure:14594: gcc -o conftest -g -O2   conftest.c cfortran_test.o   -L/usr/local/lib/gcc/i686-apple-darwin8/4.2.1 -L/usr/local/lib/gcc/i686-apple-darwin8/4.2.1/../../.. -lgfortranbegin -lgfortran >&5
configure:14601: $? = 0
configure:14683: gcc -o conftest -g -O2   conftest.c cfortran_test.o   -L/usr/local/lib/gcc/i686-apple-darwin8/4.2.1 -L/usr/local/lib/gcc/i686-apple-darwin8/4.2.1/../../.. -lgfortranbegin -lgfortran >&5
configure:14690: $? = 0
configure:14753: result: lower case, underscore, no extra underscore
configure:14874: checking for Tcl configuration
configure:14990: result: found /System/Library/Frameworks/Tcl.framework/tclConfig.sh
configure:14996: checking for existence of /System/Library/Frameworks/Tcl.framework/tclConfig.sh
configure:15000: result: loading
configure:15080: checking tcl.h usability
configure:15097: gcc -c -g -O2  conftest.c >&5
configure:15104: $? = 0
configure:15118: result: yes
configure:15122: checking tcl.h presence
configure:15137: gcc -E  conftest.c
configure:15144: $? = 0
configure:15158: result: yes
configure:15191: checking for tcl.h
configure:15198: result: yes
configure:15217: checking size of long
configure:15570: gcc -o conftest -g -O2   conftest.c  >&5
configure:15574: $? = 0
configure:15580: ./conftest
configure:15584: $? = 0
configure:15610: result: 4
configure:15756: creating ./config.status

## ---------------------- ##
## Running config.status. ##
## ---------------------- ##

This file was extended by Madrigal config.status 2.5, which was
generated by GNU Autoconf 2.63.  Invocation command line was

  CONFIG_FILES    = 
  CONFIG_HEADERS  = 
  CONFIG_LINKS    = 
  CONFIG_COMMANDS = 
  $ ./config.status 

on mnicollss-mac-pro.local

config.status:1045: creating Makefile
config.status:1045: creating madf/geolib/Makefile
config.status:1045: creating madf/applications/Makefile
config.status:1045: creating madc/madrec/Makefile
config.status:1045: creating madc/madtcl/Makefile
config.status:1045: creating madc/testF77/Makefile
config.status:1045: creating config.h
config.status:1267: config.h is unchanged
config.status:1319: executing depfiles commands
config.status:1319: executing libtool commands

## ---------------- ##
## Cache variables. ##
## ---------------- ##

ac_cv_build=i386-apple-darwin9.8.0
ac_cv_c_compiler_gnu=yes
ac_cv_c_tclconfig=/System/Library/Frameworks/Tcl.framework
ac_cv_env_CC_set=
ac_cv_env_CC_value=
ac_cv_env_CFLAGS_set=
ac_cv_env_CFLAGS_value=
ac_cv_env_CPPFLAGS_set=
ac_cv_env_CPPFLAGS_value=
ac_cv_env_CPP_set=
ac_cv_env_CPP_value=
ac_cv_env_F77_set=
ac_cv_env_F77_value=
ac_cv_env_FFLAGS_set=
ac_cv_env_FFLAGS_value=
ac_cv_env_LDFLAGS_set=
ac_cv_env_LDFLAGS_value=
ac_cv_env_LIBS_set=
ac_cv_env_LIBS_value=
ac_cv_env_build_alias_set=
ac_cv_env_build_alias_value=
ac_cv_env_host_alias_set=
ac_cv_env_host_alias_value=
ac_cv_env_target_alias_set=
ac_cv_env_target_alias_value=
ac_cv_f77_compiler_gnu=yes
ac_cv_f77_dummy_main=none
ac_cv_f77_libs=' -L/usr/local/lib/gcc/i686-apple-darwin8/4.2.1 -L/usr/local/lib/gcc/i686-apple-darwin8/4.2.1/../../.. -lgfortranbegin -lgfortran'
ac_cv_f77_mangling='lower case, underscore, no extra underscore'
ac_cv_fortran_dummy_main=none
ac_cv_header_dlfcn_h=yes
ac_cv_header_inttypes_h=yes
ac_cv_header_memory_h=yes
ac_cv_header_stdc=yes
ac_cv_header_stdint_h=yes
ac_cv_header_stdlib_h=yes
ac_cv_header_string_h=yes
ac_cv_header_strings_h=yes
ac_cv_header_sys_stat_h=yes
ac_cv_header_sys_types_h=yes
ac_cv_header_tcl_h=yes
ac_cv_header_unistd_h=yes
ac_cv_host=i386-apple-darwin9.8.0
ac_cv_objext=o
ac_cv_path_EGREP='/usr/bin/grep -E'
ac_cv_path_FGREP='/usr/bin/grep -F'
ac_cv_path_GREP=/usr/bin/grep
ac_cv_path_SED=/usr/bin/sed
ac_cv_path_install='/usr/bin/install -c'
ac_cv_prog_AWK=awk
ac_cv_prog_CPP='gcc -E'
ac_cv_prog_ac_ct_AR=ar
ac_cv_prog_ac_ct_CC=gcc
ac_cv_prog_ac_ct_DSYMUTIL=dsymutil
ac_cv_prog_ac_ct_F77=gfortran
ac_cv_prog_ac_ct_LIPO=lipo
ac_cv_prog_ac_ct_NMEDIT=nmedit
ac_cv_prog_ac_ct_OTOOL=otool
ac_cv_prog_ac_ct_RANLIB=ranlib
ac_cv_prog_ac_ct_STRIP=strip
ac_cv_prog_cc_c89=
ac_cv_prog_cc_g=yes
ac_cv_prog_f77_g=yes
ac_cv_prog_f77_v=-v
ac_cv_prog_make_make_set=yes
ac_cv_sizeof_long=4
am_cv_CC_dependencies_compiler_type=gcc3
lt_cv_apple_cc_single_mod=yes
lt_cv_deplibs_check_method=pass_all
lt_cv_file_magic_cmd='$MAGIC_CMD'
lt_cv_file_magic_test_file=
lt_cv_ld_exported_symbols_list=yes
lt_cv_ld_reload_flag=-r
lt_cv_nm_interface='BSD nm'
lt_cv_objdir=.libs
lt_cv_path_LD=/usr/libexec/gcc/i686-apple-darwin9/4.0.1/ld
lt_cv_path_NM='/usr/bin/nm -p'
lt_cv_prog_compiler_c_o=yes
lt_cv_prog_compiler_c_o_F77=yes
lt_cv_prog_compiler_pic_works=yes
lt_cv_prog_compiler_pic_works_F77=yes
lt_cv_prog_compiler_rtti_exceptions=no
lt_cv_prog_compiler_static_works=no
lt_cv_prog_compiler_static_works_F77=no
lt_cv_prog_gnu_ld=no
lt_cv_sys_global_symbol_pipe='sed -n -e '\''s/^.*[	 ]\([BCDEGRST][BCDEGRST]*\)[	 ][	 ]*_\([_A-Za-z][_A-Za-z0-9]*\)$/\1 _\2 \2/p'\'''
lt_cv_sys_global_symbol_to_c_name_address='sed -n -e '\''s/^: \([^ ]*\) $/  {\"\1\", (void *) 0},/p'\'' -e '\''s/^[BCDEGRST]* \([^ ]*\) \([^ ]*\)$/  {"\2", (void *) \&\2},/p'\'''
lt_cv_sys_global_symbol_to_c_name_address_lib_prefix='sed -n -e '\''s/^: \([^ ]*\) $/  {\"\1\", (void *) 0},/p'\'' -e '\''s/^[BCDEGRST]* \([^ ]*\) \(lib[^ ]*\)$/  {"\2", (void *) \&\2},/p'\'' -e '\''s/^[BCDEGRST]* \([^ ]*\) \([^ ]*\)$/  {"lib\2", (void *) \&\2},/p'\'''
lt_cv_sys_global_symbol_to_cdecl='sed -n -e '\''s/^T .* \(.*\)$/extern int \1();/p'\'' -e '\''s/^[BCDEGRST]* .* \(.*\)$/extern char \1;/p'\'''
lt_cv_sys_max_cmd_len=196608

## ----------------- ##
## Output variables. ##
## ----------------- ##

ACLOCAL='${SHELL} /Users/mnicolls/Documents/Work/Madrigal/source/missing --run aclocal-1.10'
AMDEPBACKSLASH='\'
AMDEP_FALSE='#'
AMDEP_TRUE=''
AMTAR='${SHELL} /Users/mnicolls/Documents/Work/Madrigal/source/missing --run tar'
AR='ar'
AUTOCONF='${SHELL} /Users/mnicolls/Documents/Work/Madrigal/source/missing --run autoconf'
AUTOHEADER='${SHELL} /Users/mnicolls/Documents/Work/Madrigal/source/missing --run autoheader'
AUTOMAKE='${SHELL} /Users/mnicolls/Documents/Work/Madrigal/source/missing --run automake-1.10'
AWK='awk'
CC='gcc'
CCDEPMODE='depmode=gcc3'
CFLAGS='-g -O2'
CPP='gcc -E'
CPPFLAGS=''
CYGPATH_W='echo'
DEFS='-DHAVE_CONFIG_H'
DEPDIR='.deps'
DSYMUTIL='dsymutil'
DUMPBIN=''
ECHO_C='\c'
ECHO_N=''
ECHO_T=''
EGREP='/usr/bin/grep -E'
EXEEXT=''
F77='gfortran'
FFLAGS='-g -O2'
FGREP='/usr/bin/grep -F'
FLIBS=' -L/usr/local/lib/gcc/i686-apple-darwin8/4.2.1 -L/usr/local/lib/gcc/i686-apple-darwin8/4.2.1/../../.. -lgfortranbegin -lgfortran'
GREP='/usr/bin/grep'
INSTALL_DATA='${INSTALL} -m 644'
INSTALL_PROGRAM='${INSTALL}'
INSTALL_SCRIPT='${INSTALL}'
INSTALL_STRIP_PROGRAM='$(install_sh) -c -s'
IS_32BIT_FALSE='#'
IS_32BIT_TRUE=''
LD='/usr/libexec/gcc/i686-apple-darwin9/4.0.1/ld'
LDFLAGS=''
LIBOBJS=''
LIBS=''
LIBTOOL='$(SHELL) $(top_builddir)/libtool'
LIPO='lipo'
LN_S='ln -s'
LTLIBOBJS=''
MAKEINFO='${SHELL} /Users/mnicolls/Documents/Work/Madrigal/source/missing --run makeinfo'
MKDIR_P='./install-sh -c -d'
NM='/usr/bin/nm -p'
NMEDIT='nmedit'
OBJEXT='o'
OTOOL64=':'
OTOOL='otool'
PACKAGE='madrigal'
PACKAGE_BUGREPORT='brideout@haystack.mit.edu'
PACKAGE_NAME='Madrigal'
PACKAGE_STRING='Madrigal 2.5'
PACKAGE_TARNAME='madrigal'
PACKAGE_VERSION='2.5'
PATH_SEPARATOR=':'
RANLIB='ranlib'
SED='/usr/bin/sed'
SET_MAKE=''
SHELL='/bin/sh'
STRIP='strip'
TCL_BIN_DIR='/System/Library/Frameworks/Tcl.framework'
TCL_LIB_FILE='Tcl'
TCL_LIB_FLAG=''
TCL_LIB_SPEC='-framework Tcl'
TCL_PATCH_LEVEL='.7'
TCL_SRC_DIR='/BinaryCache/tcl/tcl-64~236/Symbols/SRC/tcl/tcl'
TCL_STUB_LIB_FILE='libtclstub8.4.a'
TCL_STUB_LIB_FLAG='-ltclstub8.4'
TCL_STUB_LIB_SPEC='-L/System/Library/Frameworks/Tcl.framework/Versions/8.4 -ltclstub8.4'
TCL_VERSION='8.4'
VERSION='2.5'
ac_ct_CC='gcc'
ac_ct_DUMPBIN=''
ac_ct_F77='gfortran'
am__fastdepCC_FALSE='#'
am__fastdepCC_TRUE=''
am__include='include'
am__isrc=''
am__leading_dot='.'
am__quote=''
am__tar='${AMTAR} chof - "$$tardir"'
am__untar='${AMTAR} xf -'
bindir='${exec_prefix}/bin'
build='i386-apple-darwin9.8.0'
build_alias=''
build_cpu='i386'
build_os='darwin9.8.0'
build_vendor='apple'
datadir='${datarootdir}'
datarootdir='${prefix}/share'
docdir='${datarootdir}/doc/${PACKAGE_TARNAME}'
dvidir='${docdir}'
exec_prefix='${prefix}'
host='i386-apple-darwin9.8.0'
host_alias=''
host_cpu='i386'
host_os='darwin9.8.0'
host_vendor='apple'
htmldir='${docdir}'
includedir='${prefix}/include'
infodir='${datarootdir}/info'
install_sh='$(SHELL) /Users/mnicolls/Documents/Work/Madrigal/source/install-sh'
libdir='${exec_prefix}/lib'
libexecdir='${exec_prefix}/libexec'
localedir='${datarootdir}/locale'
localstatedir='${prefix}/var'
lt_ECHO='/bin/echo'
mandir='${datarootdir}/man'
mkdir_p='$(top_builddir)/./install-sh -c -d'
oldincludedir='/usr/include'
pdfdir='${docdir}'
prefix='/Users/mnicolls/Documents/Work/Madrigal'
program_transform_name='s,x,x,'
psdir='${docdir}'
sbindir='${exec_prefix}/sbin'
sharedstatedir='${prefix}/com'
sysconfdir='${prefix}/etc'
target_alias=''

## ----------- ##
## confdefs.h. ##
## ----------- ##

#define PACKAGE_NAME "Madrigal"
#define PACKAGE_TARNAME "madrigal"
#define PACKAGE_VERSION "2.5"
#define PACKAGE_STRING "Madrigal 2.5"
#define PACKAGE_BUGREPORT "brideout@haystack.mit.edu"
#define PACKAGE "madrigal"
#define VERSION "2.5"
#define STDC_HEADERS 1
#define HAVE_SYS_TYPES_H 1
#define HAVE_SYS_STAT_H 1
#define HAVE_STDLIB_H 1
#define HAVE_STRING_H 1
#define HAVE_MEMORY_H 1
#define HAVE_STRINGS_H 1
#define HAVE_INTTYPES_H 1
#define HAVE_STDINT_H 1
#define HAVE_UNISTD_H 1
#define HAVE_DLFCN_H 1
#define LT_OBJDIR ".libs/"
#define F77_FUNC(name,NAME) name ## _
#define F77_FUNC_(name,NAME) name ## _
#define SIZEOF_LONG 4

configure: exit 0
