Plots are in /export/home/madrigal2000/experiments/1998/mlh/20jan98/plots
1998   1  20  13:52:43-13:53:52  179.0  179.0  88.0  88.0   300   zenith 0  0
1998   1  20  13:54:15-13:55:24  177.9  177.8  88.0  88.0   300   zenith 0  0
1998   1  20  13:55:33-13:56:42  179.0  179.0  88.0  88.0   640   zenith 0  0
1998   1  20  13:56:50-13:57:59  177.9  177.9  88.0  88.0   640   zenith 0  0
1998   1  20  13:58:07-13:59:16  179.0  179.0  88.0  88.0  1280   zenith 0  0
1998   1  20  13:59:26-14:00:34  177.9  177.9  88.0  88.0  1280   zenith 0  0
1998   1  20  14:00:44-14:01:52  179.0  179.0  88.0  88.0  2000   zenith 0  0
1998   1  20  14:02:02-14:03:11  177.9  177.9  88.0  88.0  2000   zenith 0  0
1998   1  20  14:03:22-14:04:30  179.0  179.0  88.0  88.0   300   zenith 0  0
1998   1  20  14:04:40-14:05:49  177.9  177.9  88.0  88.0   300   zenith 0  0
1998   1  20  14:05:58-14:07:06  179.0  179.0  88.0  88.0   640   zenith 0  0
1998   1  20  14:07:15-14:08:23  177.9  177.9  88.0  88.0   640   zenith 0  0
1998   1  20  14:08:32-14:09:40  179.0  179.0  88.0  88.0  1280   zenith 0  0
1998   1  20  14:09:51-14:11:00  177.9  177.9  88.0  88.0  1280   zenith 0  0
1998   1  20  14:11:10-14:12:18  179.0  179.0  88.0  88.0  2000   zenith 0  0
1998   1  20  14:12:29-14:13:37  177.9  177.9  88.0  88.0  2000   zenith 0  0
1998   1  20  14:13:47-14:14:56  179.0  179.0  88.0  88.0   300   zenith 0  0
1998   1  20  14:15:05-14:16:14  177.9  177.9  88.0  88.0   300   zenith 0  0
1998   1  20  14:16:23-14:17:32  179.0  179.0  88.0  88.0   640   zenith 0  0
1998   1  20  14:17:40-14:18:48  177.9  177.9  88.0  88.0   640   zenith 0  0
1998   1  20  14:18:57-14:20:06  179.0  179.0  88.0  88.0  1280   zenith 0  0
1998   1  20  14:20:16-14:21:24  177.9  177.9  88.0  88.0  1280   zenith 0  0
1998   1  20  14:21:35-14:22:43  179.0  179.0  88.0  88.0  2000   zenith 0  0
1998   1  20  14:23:07-14:24:16  177.9  177.8  88.0  88.0  2000   zenith 0  0
* Data Gap - 10.816667 minutes. Reinitialize cycle
1998   1  20  14:34:01-14:34:59  179.0  179.0  88.0  88.0   640   zenith 0  0
* Data Gap - 4.566667 minutes. Reinitialize cycle
cycleStartAz,cycleStartEl = -180.0  20.9
1998   1  20  14:38:30-14:39:38 -180.1 -180.0  18.6  23.2  1280  el scan 0  0
1998   1  20  14:39:48-14:40:57 -180.0 -180.0  23.2  28.1  1280  el scan 0  1
1998   1  20  14:41:07-14:42:15 -180.0 -180.0  28.2  33.4   640  el scan 0  2
1998   1  20  14:42:25-14:43:34 -180.0 -180.0  33.4  38.9   640  el scan 0  3
1998   1  20  14:43:44-14:44:52 -180.0 -180.0  39.1  45.3   640  el scan 0  4
1998   1  20  14:45:03-14:46:11 -180.0 -180.0  45.4  52.6   640  el scan 0  5
1998   1  20  14:46:21-14:47:29 -180.0 -180.0  52.6  60.0   640  el scan 0  6
1998   1  20  14:47:39-14:48:48 -180.0 -180.0  60.0  74.8   640  el scan 0  7
1998   1  20  14:48:58-14:49:56  179.0  179.0  88.0  88.0   640   zenith 0  8
1998   1  20  14:50:22-14:51:20  -93.4  -97.2  45.4  45.4   300  az scan 0  8
1998   1  20  14:51:37-14:52:36  -90.1  -90.1  45.4  45.4   300    fixed 1  8
1998   1  20  14:52:45-14:53:44  179.0  179.0  88.0  88.0   300   zenith 1  8
1998   1  20  14:53:53-14:54:51  179.0  179.0  88.0  88.0   300   zenith 1  8
1998   1  20  14:55:01-14:56:09   -0.1   -0.1  75.0  60.2   640  el scan 1  8
1998   1  20  14:56:19-14:57:28   -0.1   -0.1  60.0  52.6   640  el scan 1  9
1998   1  20  14:57:38-14:58:46   -0.1   -0.1  52.6  45.4   640  el scan 1 10
1998   1  20  14:58:56-14:59:54   -0.1   -0.1  45.4  45.4   300    fixed 1 11
1998   1  20  15:00:04-15:01:03   -0.1   -0.1  45.4  45.4   300    fixed 1 11
1998   1  20  15:01:13-15:02:21   -0.1   -0.1  45.4  39.2   640  el scan 1 11
1998   1  20  15:02:31-15:03:39   -0.1   -0.1  39.1  33.6   640  el scan 1 12
1998   1  20  15:03:49-15:04:58   -0.1   -0.1  33.4  28.2   640  el scan 1 13
1998   1  20  15:05:07-15:06:16   -0.1   -0.1  28.2  23.3  1280  el scan 1 14
1998   1  20  15:06:26-15:07:34   -0.1   -0.1  23.2  18.6  1280  el scan 1 15
1998   1  20  15:07:44-15:08:52   -0.1   -0.1  18.6  15.6  1280  el scan 1 16
* Data Gap - 37.650000 minutes. Reinitialize cycle
1998   1  20  15:45:28-15:46:26  179.0  179.0  88.0  88.0   640   zenith 1 17
cycleStartAz,cycleStartEl = -180.0  20.9
1998   1  20  15:47:42-15:48:50 -180.1 -180.0  18.6  23.2  1280  el scan 1 17
Saving el scan - MILLSTONE HILL RADAR   98/01/20   15:01:47-15:08:18 UT
1998   1  20  15:49:00-15:50:08 -180.0 -180.0  23.2  28.1  1280  el scan 0  1
1998   1  20  15:50:19-15:51:27 -180.0 -180.0  28.2  33.4   640  el scan 0  2
1998   1  20  15:51:38-15:52:46 -180.0 -180.0  33.4  38.9   640  el scan 0  3
1998   1  20  15:52:55-15:54:04 -180.0 -180.0  39.1  45.3   640  el scan 0  4
1998   1  20  15:54:13-15:55:21 -180.0 -180.0  45.4  52.6   640  el scan 0  5
1998   1  20  15:55:31-15:56:40 -180.0 -180.0  52.6  60.0   640  el scan 0  6
1998   1  20  15:56:49-15:57:57 -180.0 -180.0  60.0  74.8   640  el scan 0  7
1998   1  20  15:58:09-15:59:07  179.0  179.0  88.0  88.0   640   zenith 0  8
1998   1  20  15:59:19-16:00:17  -90.1  -90.1  45.4  45.4   300    fixed 0  8
1998   1  20  16:00:28-16:01:26  -90.1  -90.1  45.4  45.4   300    fixed 0  8
1998   1  20  16:01:36-16:02:35  179.0  179.0  88.0  88.0   300   zenith 0  8
1998   1  20  16:02:44-16:03:42  179.0  179.0  88.0  88.0   300   zenith 0  8
1998   1  20  16:03:53-16:05:01   -0.1   -0.1  75.0  60.2   640  el scan 0  8
1998   1  20  16:05:11-16:06:19   -0.1   -0.1  60.0  52.6   640  el scan 0  9
1998   1  20  16:06:29-16:07:38   -0.1   -0.1  52.6  45.4   640  el scan 0 10
1998   1  20  16:07:48-16:08:46   -0.1   -0.1  45.4  45.4   300    fixed 0 11
1998   1  20  16:08:56-16:09:54   -0.1   -0.1  45.4  45.4   300    fixed 0 11
1998   1  20  16:10:05-16:11:13   -0.1   -0.1  45.4  39.2   640  el scan 0 11
1998   1  20  16:11:22-16:12:31   -0.1   -0.1  39.1  33.6   640  el scan 0 12
1998   1  20  16:12:40-16:13:49   -0.1   -0.1  33.4  28.2   640  el scan 0 13
1998   1  20  16:13:58-16:15:06   -0.1   -0.1  28.2  23.3  1280  el scan 0 14
1998   1  20  16:15:17-16:16:25   -0.1   -0.1  23.2  18.6  1280  el scan 0 15
1998   1  20  16:16:35-16:17:44   -0.1   -0.1  18.6  15.6  1280  el scan 0 16
1998   1  20  16:17:53-16:19:01   -0.1   -0.1  15.5  11.1  1280  el scan 0 17
1998   1  20  16:19:12-16:20:20   -0.1   -0.1  11.0   6.2  2000  el scan 0 18
1998   1  20  16:20:30-16:21:38   -0.1   -0.1   6.2   4.3  2000  el scan 0 19
1998   1  20  16:21:49-16:22:48  179.0  179.0  88.0  88.0   300   zenith 0 20
1998   1  20  16:22:58-16:23:56  179.0  179.0  88.0  88.0   300   zenith 0 20
1998   1  20  16:24:06-16:25:15   11.9   11.9  15.0  15.0  2000    fixed 0 20
1998   1  20  16:25:24-16:26:33   11.9   11.9  15.0  15.0  2000    fixed 0 20
1998   1  20  16:26:44-16:27:42  179.0  179.0  88.0  88.0   640   zenith 0 20
1998   1  20  16:27:52-16:29:00  -12.1  -12.1  15.0  15.0  2000    fixed 0 20
1998   1  20  16:29:10-16:30:18  -12.1  -12.1  15.0  15.0  2000    fixed 0 20
1998   1  20  16:30:44-16:31:42  179.0  179.0  88.0  88.0   300   zenith 0 20
1998   1  20  16:31:52-16:32:51  179.0  179.0  88.0  88.0   300   zenith 0 20
1998   1  20  16:34:01-16:35:09 -180.1 -180.0  18.6  23.2  1280  el scan 0 20
Saving el scan - MILLSTONE HILL RADAR   98/01/20   16:10:39-16:21:04 UT
1998   1  20  16:35:19-16:36:27 -180.0 -180.0  23.2  28.1  1280  el scan 0  1
1998   1  20  16:36:37-16:37:45 -180.0 -180.0  28.2  33.4   640  el scan 0  2
1998   1  20  16:37:55-16:39:03 -180.0 -180.0  33.4  38.9   640  el scan 0  3
1998   1  20  16:39:14-16:40:22 -180.0 -180.0  39.1  45.3   640  el scan 0  4
1998   1  20  16:40:32-16:41:40 -180.0 -180.0  45.4  52.6   640  el scan 0  5
* Data Gap - 27.416667 minutes. Reinitialize cycle
cycleStartAz,cycleStartEl = -180.0  56.3
1998   1  20  17:07:57-17:09:05 -180.0 -180.0  52.6  60.0   640  el scan 0  6
Saving el scan - MILLSTONE HILL RADAR   98/01/20   16:34:35-16:41:06 UT
1998   1  20  17:09:15-17:10:24 -180.0 -180.0  60.0  74.9   640  el scan 0  1
1998   1  20  17:10:34-17:11:33  179.0  179.0  88.0  88.0   640   zenith 0  2
1998   1  20  17:11:45-17:12:43  -90.1  -90.1  45.4  45.4   300    fixed 0  2
1998   1  20  17:12:52-17:13:51  -90.1  -90.1  45.4  45.4   300    fixed 0  2
1998   1  20  17:14:00-17:14:59  179.0  179.0  88.0  88.0   300   zenith 0  2
1998   1  20  17:15:08-17:16:06  179.0  179.0  88.0  88.0   300   zenith 0  2
1998   1  20  17:16:16-17:17:24   -0.1   -0.1  75.0  60.2   640  el scan 0  2
1998   1  20  17:17:34-17:18:43   -0.1   -0.1  60.0  52.6   640  el scan 0  3
1998   1  20  17:18:52-17:20:00   -0.1   -0.1  52.6  45.4   640  el scan 0  4
1998   1  20  17:20:10-17:21:08   -0.1   -0.1  45.4  45.4   300    fixed 0  5
1998   1  20  17:21:18-17:22:16   -0.1   -0.1  45.4  45.4   300    fixed 0  5
1998   1  20  17:22:27-17:23:35   -0.1   -0.1  45.4  39.2   640  el scan 0  5
1998   1  20  17:23:45-17:24:53   -0.1   -0.1  39.1  33.6   640  el scan 0  6
1998   1  20  17:25:17-17:26:26   -0.2   -0.1  33.4  28.2   640  el scan 0  7
1998   1  20  17:26:36-17:27:44   -0.1   -0.1  28.2  23.3  1280  el scan 0  8
1998   1  20  17:27:54-17:29:03   -0.1   -0.1  23.2  18.6  1280  el scan 0  9
1998   1  20  17:29:13-17:30:21   -0.1   -0.1  18.6  15.6  1280  el scan 0 10
1998   1  20  17:30:31-17:31:40   -0.1   -0.1  15.5  11.1  1280  el scan 0 11
1998   1  20  17:31:50-17:32:58   -0.1   -0.1  11.0   6.2  2000  el scan 0 12
1998   1  20  17:33:21-17:34:30   -0.2   -0.1   6.2   4.3  2000  el scan 0 13
1998   1  20  17:34:41-17:35:39  179.0  179.0  88.0  88.0   300   zenith 0 14
1998   1  20  17:35:49-17:36:48  179.0  179.0  88.0  88.0   300   zenith 0 14
1998   1  20  17:36:58-17:38:06   11.9   11.9  15.0  15.0  2000    fixed 0 14
1998   1  20  17:38:16-17:39:25   11.9   11.9  15.0  15.0  2000    fixed 0 14
1998   1  20  17:39:35-17:40:33  179.0  179.0  88.0  88.0   640   zenith 0 14
1998   1  20  17:40:44-17:41:53  -12.1  -12.1  15.0  15.0  2000    fixed 0 14
1998   1  20  17:42:03-17:43:11  -12.1  -12.1  15.0  15.0  2000    fixed 0 14
1998   1  20  17:43:34-17:44:33  179.0  179.0  88.0  88.0   300   zenith 0 14
1998   1  20  17:44:43-17:45:41  179.0  179.0  88.0  88.0   300   zenith 0 14
1998   1  20  17:46:51-17:48:00 -180.1 -180.0  18.6  23.2  1280  el scan 0 14
1998   1  20  17:48:10-17:49:18 -180.0 -180.0  23.2  28.1  1280  el scan 0 15
1998   1  20  17:49:28-17:50:37 -180.0 -180.0  28.2  33.4   640  el scan 0 16
1998   1  20  17:50:47-17:51:55 -180.0 -180.0  33.4  38.9   640  el scan 0 17
1998   1  20  17:52:05-17:53:14 -180.0 -180.0  39.1  45.3   640  el scan 0 18
1998   1  20  17:53:24-17:54:32 -180.0 -180.0  45.4  52.6   640  el scan 0 19
1998   1  20  17:54:42-17:55:50 -180.0 -180.0  52.6  60.0   640  el scan 0 20
Saving el scan - MILLSTONE HILL RADAR   98/01/20   17:47:25-17:53:58 UT
1998   1  20  17:56:01-17:57:09 -180.0 -180.0  60.0  74.9   640  el scan 0  1
1998   1  20  17:57:19-17:58:18  179.0  179.0  88.0  88.0   640   zenith 0  2
1998   1  20  17:58:30-17:59:29  -90.1  -90.1  45.4  45.4   300    fixed 0  2
1998   1  20  17:59:39-18:00:37  -90.1  -90.1  45.4  45.4   300    fixed 0  2
1998   1  20  18:00:47-18:01:46  179.0  179.0  88.0  88.0   300   zenith 0  2
1998   1  20  18:01:55-18:02:53  179.0  179.0  88.0  88.0   300   zenith 0  2
1998   1  20  18:03:03-18:04:12   -0.1   -0.1  75.0  60.2   640  el scan 0  2
1998   1  20  18:04:22-18:05:30   -0.1   -0.1  60.0  52.6   640  el scan 0  3
1998   1  20  18:05:39-18:06:48   -0.1   -0.1  52.6  45.4   640  el scan 0  4
1998   1  20  18:06:57-18:07:55   -0.1   -0.1  45.4  45.4   300    fixed 0  5
1998   1  20  18:08:05-18:09:04   -0.1   -0.1  45.4  45.4   300    fixed 0  5
1998   1  20  18:09:14-18:10:22   -0.1   -0.1  45.4  39.2   640  el scan 0  5
1998   1  20  18:10:32-18:11:41   -0.1   -0.1  39.1  33.6   640  el scan 0  6
1998   1  20  18:11:50-18:12:58   -0.1   -0.1  33.4  28.2   640  el scan 0  7
1998   1  20  18:13:09-18:14:17   -0.1   -0.1  28.2  23.3  1280  el scan 0  8
1998   1  20  18:14:27-18:15:35   -0.1   -0.1  23.2  18.6  1280  el scan 0  9
1998   1  20  18:15:45-18:16:54   -0.1   -0.1  18.6  15.6  1280  el scan 0 10
1998   1  20  18:17:04-18:18:12   -0.1   -0.1  15.5  11.1  1280  el scan 0 11
1998   1  20  18:18:22-18:19:31   -0.1   -0.1  11.0   6.2  2000  el scan 0 12
1998   1  20  18:19:41-18:20:49   -0.1   -0.1   6.2   4.3  2000  el scan 0 13
1998   1  20  18:20:59-18:21:58  179.0  179.0  88.0  88.0   300   zenith 0 14
1998   1  20  18:22:08-18:23:06  179.0  179.0  88.0  88.0   300   zenith 0 14
1998   1  20  18:23:16-18:24:24   11.9   11.9  15.0  15.0  2000    fixed 0 14
1998   1  20  18:24:35-18:25:43   11.9   11.9  15.0  15.0  2000    fixed 0 14
1998   1  20  18:25:54-18:26:53  179.0  179.0  88.0  88.0   640   zenith 0 14
1998   1  20  18:27:16-18:28:24  -12.2  -12.2  15.0  15.0  2000    fixed 0 14
1998   1  20  18:28:34-18:29:43  -12.1  -12.1  15.0  15.0  2000    fixed 0 14
1998   1  20  18:29:53-18:30:51  179.0  179.0  88.0  88.0   300   zenith 0 14
1998   1  20  18:31:01-18:32:00  179.0  179.0  88.0  88.0   300   zenith 0 14
1998   1  20  18:32:10-18:33:18 -180.0 -180.0  18.6  23.2  1280  el scan 0 14
1998   1  20  18:33:29-18:34:37 -180.0 -180.0  23.2  28.1  1280  el scan 0 15
1998   1  20  18:34:47-18:35:56 -180.0 -180.0  28.2  33.4   640  el scan 0 16
1998   1  20  18:36:06-18:37:14 -180.0 -180.0  33.4  38.9   640  el scan 0 17
1998   1  20  18:37:24-18:38:33 -180.0 -180.0  39.1  45.3   640  el scan 0 18
1998   1  20  18:38:42-18:39:50 -180.0 -180.0  45.4  52.6   640  el scan 0 19
1998   1  20  18:40:00-18:41:09 -180.0 -180.0  52.6  60.0   640  el scan 0 20
Saving el scan - MILLSTONE HILL RADAR   98/01/20   18:32:44-18:39:16 UT
1998   1  20  18:41:18-18:42:26 -180.0 -180.0  60.0  74.8   640  el scan 0  1
1998   1  20  18:42:37-18:43:35  179.0  179.0  88.0  88.0   640   zenith 0  2
1998   1  20  18:43:48-18:44:46  -90.1  -90.1  45.4  45.4   300    fixed 0  2
1998   1  20  18:44:56-18:45:54  -90.1  -90.1  45.4  45.4   300    fixed 0  2
1998   1  20  18:46:05-18:47:03  179.0  179.0  88.0  88.0   300   zenith 0  2
1998   1  20  18:47:12-18:48:11  179.0  179.0  88.0  88.0   300   zenith 0  2
1998   1  20  18:48:21-18:49:29   -0.1   -0.1  75.0  60.2   640  el scan 0  2
1998   1  20  18:49:39-18:50:47   -0.1   -0.1  60.0  52.6   640  el scan 0  3
1998   1  20  18:50:57-18:52:05   -0.1   -0.1  52.6  45.4   640  el scan 0  4
1998   1  20  18:52:14-18:53:13   -0.1   -0.1  45.4  45.4   300    fixed 0  5
1998   1  20  18:53:23-18:54:21   -0.1   -0.1  45.4  45.4   300    fixed 0  5
1998   1  20  18:54:30-18:55:39   -0.1   -0.1  45.4  39.2   640  el scan 0  5
1998   1  20  18:55:48-18:56:56   -0.1   -0.1  39.1  33.6   640  el scan 0  6
1998   1  20  18:57:20-18:58:29   -0.2   -0.1  33.4  28.2   640  el scan 0  7
1998   1  20  18:58:39-18:59:47   -0.1   -0.1  28.2  23.3  1280  el scan 0  8
1998   1  20  18:59:56-19:01:05   -0.1   -0.1  23.2  18.6  1280  el scan 0  9
1998   1  20  19:01:28-19:02:36   -0.2   -0.1  18.6  15.6  1280  el scan 0 10
1998   1  20  19:02:46-19:03:54   -0.1   -0.1  15.5  11.1  1280  el scan 0 11
1998   1  20  19:04:05-19:05:13   -0.1   -0.1  11.0   6.2  2000  el scan 0 12
1998   1  20  19:05:23-19:06:32   -0.1   -0.1   6.2   4.3  2000  el scan 0 13
1998   1  20  19:06:43-19:07:41  179.0  179.0  88.0  88.0   300   zenith 0 14
1998   1  20  19:07:50-19:08:49  179.0  179.0  88.0  88.0   300   zenith 0 14
1998   1  20  19:08:59-19:10:08   11.9   11.9  15.0  15.0  2000    fixed 0 14
1998   1  20  19:10:18-19:11:26   11.9   11.9  15.0  15.0  2000    fixed 0 14
1998   1  20  19:11:36-19:12:34  179.0  179.0  88.0  88.0   640   zenith 0 14
1998   1  20  19:12:45-19:13:54  -12.1  -12.1  15.0  15.0  2000    fixed 0 14
1998   1  20  19:14:04-19:15:13  -12.1  -12.1  15.0  15.0  2000    fixed 0 14
1998   1  20  19:15:23-19:16:21  179.0  179.0  88.0  88.0   300   zenith 0 14
1998   1  20  19:16:32-19:17:30  179.0  179.0  88.0  88.0   300   zenith 0 14
1998   1  20  19:17:40-19:18:48 -180.0 -180.0  18.6  23.2  1280  el scan 0 14
1998   1  20  19:18:58-19:20:07 -180.0 -180.0  23.2  28.1  1280  el scan 0 15
1998   1  20  19:20:17-19:21:25 -180.0 -180.0  28.2  33.4   640  el scan 0 16
1998   1  20  19:21:35-19:22:43 -180.0 -180.0  33.4  38.9   640  el scan 0 17
1998   1  20  19:23:06-19:24:15 -180.1 -180.0  39.1  45.3   640  el scan 0 18
1998   1  20  19:24:25-19:25:33 -180.0 -180.0  45.4  52.6   640  el scan 0 19
1998   1  20  19:25:56-19:27:04 -180.1 -180.0  52.6  60.0   640  el scan 0 20
Saving el scan - MILLSTONE HILL RADAR   98/01/20   19:18:14-19:24:59 UT
1998   1  20  19:27:14-19:28:23 -180.0 -180.0  60.0  74.9   640  el scan 0  1
1998   1  20  19:28:32-19:29:31  179.0  179.0  88.0  88.0   640   zenith 0  2
1998   1  20  19:29:43-19:30:42  -90.1  -90.1  45.4  45.4   300    fixed 0  2
1998   1  20  19:30:51-19:31:49  -90.1  -90.1  45.4  45.4   300    fixed 0  2
1998   1  20  19:31:59-19:32:58  179.0  179.0  88.0  88.0   300   zenith 0  2
1998   1  20  19:33:07-19:34:05  179.0  179.0  88.0  88.0   300   zenith 0  2
1998   1  20  19:34:15-19:35:23   -0.1   -0.1  75.0  60.2   640  el scan 0  2
1998   1  20  19:35:33-19:36:42   -0.1   -0.1  60.0  52.6   640  el scan 0  3
1998   1  20  19:37:05-19:38:13   -0.2   -0.1  52.6  45.4   640  el scan 0  4
1998   1  20  19:38:23-19:39:21   -0.1   -0.1  45.4  45.4   300    fixed 0  5
1998   1  20  19:39:31-19:40:29   -0.1   -0.1  45.4  45.4   300    fixed 0  5
1998   1  20  19:40:39-19:41:47   -0.1   -0.1  45.4  39.2   640  el scan 0  5
1998   1  20  19:41:57-19:43:05   -0.1   -0.1  39.1  33.6   640  el scan 0  6
1998   1  20  19:43:15-19:44:24   -0.1   -0.1  33.4  28.2   640  el scan 0  7
1998   1  20  19:44:34-19:45:42   -0.1   -0.1  28.2  23.3  1280  el scan 0  8
1998   1  20  19:45:52-19:47:00   -0.1   -0.1  23.2  18.6  1280  el scan 0  9
1998   1  20  19:47:11-19:48:19   -0.1   -0.1  18.6  15.6  1280  el scan 0 10
1998   1  20  19:48:29-19:49:37   -0.1   -0.1  15.5  11.1  1280  el scan 0 11
1998   1  20  19:49:48-19:50:56   -0.1   -0.1  11.0   6.2  2000  el scan 0 12
1998   1  20  19:51:06-19:52:15   -0.1   -0.1   6.2   4.3  2000  el scan 0 13
1998   1  20  19:52:26-19:53:24  179.0  179.0  88.0  88.0   300   zenith 0 14
1998   1  20  19:53:33-19:54:32  179.0  179.0  88.0  88.0   300   zenith 0 14
1998   1  20  19:54:42-19:55:50   11.9   11.9  15.0  15.0  2000    fixed 0 14
1998   1  20  19:56:00-19:57:09   11.9   11.9  15.0  15.0  2000    fixed 0 14
1998   1  20  19:57:20-19:58:18  179.0  179.0  88.0  88.0   640   zenith 0 14
1998   1  20  19:58:28-19:59:37  -12.1  -12.1  15.0  15.0  2000    fixed 0 14
1998   1  20  19:59:47-20:00:55  -12.1  -12.1  15.0  15.0  2000    fixed 0 14
1998   1  20  20:01:06-20:02:04  179.0  179.0  88.0  88.0   300   zenith 0 14
1998   1  20  20:02:14-20:03:13  179.0  179.0  88.0  88.0   300   zenith 0 14
1998   1  20  20:03:23-20:04:31 -180.0 -180.0  18.6  23.2  1280  el scan 0 14
1998   1  20  20:04:41-20:05:49 -180.0 -180.0  23.2  28.1  1280  el scan 0 15
1998   1  20  20:05:59-20:07:08 -180.0 -180.0  28.2  33.4   640  el scan 0 16
1998   1  20  20:07:18-20:08:26 -180.0 -180.0  33.4  38.9   640  el scan 0 17
1998   1  20  20:08:36-20:09:44 -180.0 -180.0  39.1  45.3   640  el scan 0 18
1998   1  20  20:09:54-20:11:02 -180.0 -180.0  45.4  52.6   640  el scan 0 19
1998   1  20  20:11:12-20:12:20 -180.0 -180.0  52.6  60.0   640  el scan 0 20
Saving el scan - MILLSTONE HILL RADAR   98/01/20   20:03:57-20:10:28 UT
1998   1  20  20:12:30-20:13:39 -180.0 -180.0  60.0  74.8   640  el scan 0  1
1998   1  20  20:13:49-20:14:47  179.0  179.0  88.0  88.0   640   zenith 0  2
1998   1  20  20:15:00-20:15:58  -90.1  -90.1  45.4  45.4   300    fixed 0  2
1998   1  20  20:16:22-20:17:20  -90.2  -90.2  45.4  45.4   300    fixed 0  2
1998   1  20  20:17:31-20:18:29  179.0  179.0  88.0  88.0   300   zenith 0  2
1998   1  20  20:18:39-20:19:37  179.0  179.0  88.0  88.0   300   zenith 0  2
1998   1  20  20:19:48-20:20:56   -0.1   -0.1  75.0  60.2   640  el scan 0  2
1998   1  20  20:21:06-20:22:14   -0.1   -0.1  60.0  52.6   640  el scan 0  3
1998   1  20  20:22:24-20:23:33   -0.1   -0.1  52.6  45.4   640  el scan 0  4
1998   1  20  20:23:43-20:24:41   -0.1   -0.1  45.4  45.4   300    fixed 0  5
1998   1  20  20:24:50-20:25:49   -0.1   -0.1  45.4  45.4   300    fixed 0  5
1998   1  20  20:25:59-20:27:07   -0.1   -0.1  45.4  39.2   640  el scan 0  5
1998   1  20  20:27:17-20:28:25   -0.1   -0.1  39.1  33.6   640  el scan 0  6
1998   1  20  20:28:35-20:29:43   -0.1   -0.1  33.4  28.2   640  el scan 0  7
1998   1  20  20:29:53-20:31:02   -0.1   -0.1  28.2  23.3  1280  el scan 0  8
1998   1  20  20:31:26-20:32:34   -0.2   -0.1  23.2  18.6  1280  el scan 0  9
1998   1  20  20:32:44-20:33:52   -0.1   -0.1  18.6  15.6  1280  el scan 0 10
1998   1  20  20:34:03-20:35:11   -0.1   -0.1  15.5  11.1  1280  el scan 0 11
1998   1  20  20:35:21-20:36:29   -0.1   -0.1  11.0   6.2  2000  el scan 0 12
1998   1  20  20:36:40-20:37:48   -0.1   -0.1   6.2   4.3  2000  el scan 0 13
1998   1  20  20:37:59-20:38:57  179.0  179.0  88.0  88.0   300   zenith 0 14
1998   1  20  20:39:08-20:40:06  179.0  179.0  88.0  88.0   300   zenith 0 14
1998   1  20  20:40:16-20:41:24   11.9   11.9  15.0  15.0  2000    fixed 0 14
1998   1  20  20:41:34-20:42:42   11.9   11.9  15.0  15.0  2000    fixed 0 14
1998   1  20  20:42:53-20:43:51  179.0  179.0  88.0  88.0   640   zenith 0 14
1998   1  20  20:44:01-20:45:10  -12.1  -12.1  15.0  15.0  2000    fixed 0 14
1998   1  20  20:45:20-20:46:28  -12.1  -12.1  15.0  15.0  2000    fixed 0 14
1998   1  20  20:46:39-20:47:38  179.0  179.0  88.0  88.0   300   zenith 0 14
1998   1  20  20:47:48-20:48:46  179.0  179.0  88.0  88.0   300   zenith 0 14
1998   1  20  20:48:56-20:50:05 -180.0 -180.0  18.6  23.2  1280  el scan 0 14
1998   1  20  20:50:15-20:51:23 -180.0 -180.0  23.2  28.1  1280  el scan 0 15
1998   1  20  20:51:33-20:52:42 -180.0 -180.0  28.2  33.4   640  el scan 0 16
1998   1  20  20:52:52-20:54:00 -180.0 -180.0  33.4  38.9   640  el scan 0 17
1998   1  20  20:54:10-20:55:18 -180.0 -180.0  39.1  45.3   640  el scan 0 18
1998   1  20  20:55:28-20:56:36 -180.0 -180.0  45.4  52.6   640  el scan 0 19
1998   1  20  20:56:46-20:57:55 -180.0 -180.0  52.6  60.0   640  el scan 0 20
Saving el scan - MILLSTONE HILL RADAR   98/01/20   20:49:30-20:56:02 UT
1998   1  20  20:58:04-20:59:13 -180.0 -180.0  60.0  74.9   640  el scan 0  1
1998   1  20  20:59:23-21:00:21  179.0  179.0  88.0  88.0   640   zenith 0  2
1998   1  20  21:00:33-21:01:31  -90.1  -90.1  45.4  45.4   300    fixed 0  2
1998   1  20  21:01:41-21:02:40  -90.1  -90.1  45.4  45.4   300    fixed 0  2
1998   1  20  21:02:49-21:03:48  179.0  179.0  88.0  88.0   300   zenith 0  2
1998   1  20  21:03:57-21:04:55  179.0  179.0  88.0  88.0   300   zenith 0  2
1998   1  20  21:05:05-21:06:14   -0.1   -0.1  75.0  60.2   640  el scan 0  2
1998   1  20  21:06:24-21:07:32   -0.1   -0.1  60.0  52.6   640  el scan 0  3
1998   1  20  21:07:42-21:08:50   -0.1   -0.1  52.6  45.4   640  el scan 0  4
1998   1  20  21:09:00-21:09:58   -0.1   -0.1  45.4  45.4   300    fixed 0  5
1998   1  20  21:10:08-21:11:07   -0.1   -0.1  45.4  45.4   300    fixed 0  5
1998   1  20  21:11:17-21:12:25   -0.1   -0.1  45.4  39.2   640  el scan 0  5
1998   1  20  21:12:35-21:13:44   -0.1   -0.1  39.1  33.6   640  el scan 0  6
1998   1  20  21:13:53-21:15:01   -0.1   -0.1  33.4  28.2   640  el scan 0  7
1998   1  20  21:15:11-21:16:20   -0.1   -0.1  28.2  23.3  1280  el scan 0  8
1998   1  20  21:16:30-21:17:38   -0.1   -0.1  23.2  18.6  1280  el scan 0  9
1998   1  20  21:17:47-21:18:56   -0.1   -0.1  18.6  15.6  1280  el scan 0 10
1998   1  20  21:19:06-21:20:14   -0.1   -0.1  15.5  11.1  1280  el scan 0 11
1998   1  20  21:20:24-21:21:32   -0.1   -0.1  11.0   6.2  2000  el scan 0 12
1998   1  20  21:21:42-21:22:51   -0.1   -0.1   6.2   4.3  2000  el scan 0 13
1998   1  20  21:23:01-21:23:59  179.0  179.0  88.0  88.0   300   zenith 0 14
1998   1  20  21:24:22-21:25:21  179.0  179.0  88.0  88.0   300   zenith 0 14
1998   1  20  21:25:31-21:26:39   11.9   12.0  15.0  15.0  2000    fixed 0 14
1998   1  20  21:26:49-21:27:57   12.0   11.9  15.0  15.0  2000    fixed 0 14
1998   1  20  21:28:07-21:29:06  179.0  179.0  88.0  88.0   640   zenith 0 14
1998   1  20  21:29:17-21:30:25  -12.1  -12.1  15.0  15.0  2000    fixed 0 14
1998   1  20  21:30:35-21:31:44  -12.1  -12.1  15.0  15.0  2000    fixed 0 14
1998   1  20  21:31:54-21:32:52  179.0  179.0  88.0  88.0   300   zenith 0 14
1998   1  20  21:33:17-21:34:15  179.0  179.0  88.0  88.0   300   zenith 0 14
1998   1  20  21:35:29-21:36:38 -180.0 -180.0  18.6  23.2  1280  el scan 0 14
1998   1  20  21:36:48-21:37:56 -180.0 -180.0  23.2  28.1  1280  el scan 0 15
1998   1  20  21:38:06-21:39:15 -180.0 -180.0  28.2  33.4   640  el scan 0 16
1998   1  20  21:39:25-21:40:33 -180.0 -180.0  33.4  38.9   640  el scan 0 17
1998   1  20  21:40:43-21:41:52 -180.0 -180.0  39.1  45.3   640  el scan 0 18
1998   1  20  21:42:02-21:43:10 -180.0 -180.0  45.4  52.6   640  el scan 0 19
1998   1  20  21:43:20-21:44:28 -180.0 -180.0  52.6  60.0   640  el scan 0 20
Saving el scan - MILLSTONE HILL RADAR   98/01/20   21:36:03-21:42:36 UT
1998   1  20  21:44:39-21:45:47 -180.0 -180.0  60.0  74.8   640  el scan 0  1
1998   1  20  21:45:58-21:46:56  179.0  179.0  88.0  88.0   640   zenith 0  2
1998   1  20  21:47:09-21:48:07  -90.1  -90.1  45.4  45.4   300    fixed 0  2
1998   1  20  21:48:17-21:49:15  -90.1  -90.1  45.4  45.4   300    fixed 0  2
1998   1  20  21:49:27-21:50:25  179.0  179.0  88.0  88.0   300   zenith 0  2
1998   1  20  21:50:34-21:51:33  179.0  179.0  88.0  88.0   300   zenith 0  2
1998   1  20  21:51:43-21:52:52   -0.1   -0.1  75.0  60.2   640  el scan 0  2
1998   1  20  21:53:02-21:54:10   -0.1   -0.1  60.0  52.6   640  el scan 0  3
1998   1  20  21:54:19-21:55:28   -0.1   -0.1  52.6  45.4   640  el scan 0  4
1998   1  20  21:55:38-21:56:36   -0.1   -0.1  45.4  45.4   300    fixed 0  5
1998   1  20  21:56:46-21:57:44   -0.1   -0.1  45.4  45.4   300    fixed 0  5
1998   1  20  21:57:53-21:59:02   -0.1   -0.1  45.4  39.2   640  el scan 0  5
1998   1  20  21:59:12-22:00:20   -0.1   -0.1  39.1  33.6   640  el scan 0  6
1998   1  20  22:00:29-22:01:38   -0.1   -0.1  33.4  28.2   640  el scan 0  7
1998   1  20  22:01:47-22:02:55   -0.1   -0.1  28.2  23.3  1280  el scan 0  8
1998   1  20  22:03:06-22:04:14   -0.1   -0.1  23.2  18.6  1280  el scan 0  9
1998   1  20  22:04:24-22:05:33   -0.1   -0.1  18.6  15.6  1280  el scan 0 10
1998   1  20  22:05:43-22:06:51   -0.1   -0.1  15.5  11.1  1280  el scan 0 11
1998   1  20  22:07:01-22:08:10   -0.1   -0.1  11.0   6.2  2000  el scan 0 12
1998   1  20  22:08:20-22:09:28   -0.1   -0.1   6.2   4.3  2000  el scan 0 13
1998   1  20  22:09:39-22:10:37  179.0  179.0  88.0  88.0   300   zenith 0 14
1998   1  20  22:10:46-22:11:45  179.0  179.0  88.0  88.0   300   zenith 0 14
1998   1  20  22:11:55-22:13:03   11.9   11.9  15.0  15.0  2000    fixed 0 14
1998   1  20  22:13:13-22:14:22   11.9   11.9  15.0  15.0  2000    fixed 0 14
1998   1  20  22:14:46-22:15:44  179.0  179.0  88.0  88.0   640   zenith 0 14
1998   1  20  22:16:14-22:17:23  -12.1  -12.1  15.0  15.0  2000    fixed 0 14
1998   1  20  22:17:33-22:18:41  -12.1  -12.1  15.0  15.0  2000    fixed 0 14
1998   1  20  22:18:51-22:19:49  179.0  179.0  88.0  88.0   300   zenith 0 14
1998   1  20  22:20:13-22:21:12  179.0  179.0  88.0  88.0   300   zenith 0 14
1998   1  20  22:22:27-22:23:36 -180.0 -180.0  18.6  23.2  1280  el scan 0 14
1998   1  20  22:23:46-22:24:54 -180.0 -180.0  23.2  28.1  1280  el scan 0 15
1998   1  20  22:25:04-22:26:13 -180.0 -180.0  28.2  33.4   640  el scan 0 16
1998   1  20  22:26:23-22:27:31 -180.0 -180.0  33.4  38.9   640  el scan 0 17
1998   1  20  22:27:41-22:28:50 -180.0 -180.0  39.1  45.3   640  el scan 0 18
1998   1  20  22:29:00-22:30:08 -180.0 -180.0  45.4  52.6   640  el scan 0 19
1998   1  20  22:30:32-22:31:40 -180.1 -180.0  52.6  60.0   640  el scan 0 20
Saving el scan - MILLSTONE HILL RADAR   98/01/20   22:23:01-22:29:34 UT
1998   1  20  22:31:51-22:32:59 -180.0 -180.0  60.0  74.8   640  el scan 0  1
1998   1  20  22:33:09-22:34:07  179.0  179.0  88.0  88.0   640   zenith 0  2
1998   1  20  22:34:21-22:35:19  -90.1  -90.1  45.4  45.4   300    fixed 0  2
1998   1  20  22:35:29-22:36:27  -90.1  -90.1  45.4  45.4   300    fixed 0  2
1998   1  20  22:36:37-22:37:36  179.0  179.0  88.0  88.0   300   zenith 0  2
1998   1  20  22:37:45-22:38:43  179.0  179.0  88.0  88.0   300   zenith 0  2
1998   1  20  22:38:54-22:40:02   -0.1   -0.1  75.0  60.2   640  el scan 0  2
1998   1  20  22:40:12-22:41:20   -0.1   -0.1  60.0  52.6   640  el scan 0  3
1998   1  20  22:41:31-22:42:39   -0.1   -0.1  52.6  45.4   640  el scan 0  4
1998   1  20  22:42:49-22:43:47   -0.1   -0.1  45.4  45.4   300    fixed 0  5
1998   1  20  22:43:57-22:44:55   -0.1   -0.1  45.4  45.4   300    fixed 0  5
1998   1  20  22:45:05-22:46:13   -0.1   -0.1  45.4  39.2   640  el scan 0  5
1998   1  20  22:46:24-22:47:32   -0.1   -0.1  39.1  33.6   640  el scan 0  6
1998   1  20  22:47:41-22:48:50   -0.1   -0.1  33.4  28.2   640  el scan 0  7
1998   1  20  22:49:00-22:50:08   -0.1   -0.1  28.2  23.3  1280  el scan 0  8
1998   1  20  22:50:18-22:51:26   -0.1   -0.1  23.2  18.6  1280  el scan 0  9
1998   1  20  22:51:37-22:52:45   -0.1   -0.1  18.6  15.6  1280  el scan 0 10
1998   1  20  22:52:55-22:54:04   -0.1   -0.1  15.5  11.1  1280  el scan 0 11
1998   1  20  22:54:14-22:55:22   -0.1   -0.1  11.0   6.2  2000  el scan 0 12
1998   1  20  22:55:32-22:56:41   -0.1   -0.1   6.2   4.3  2000  el scan 0 13
1998   1  20  22:56:52-22:57:50  179.0  179.0  88.0  88.0   300   zenith 0 14
1998   1  20  22:58:00-22:58:58  179.0  179.0  88.0  88.0   300   zenith 0 14
1998   1  20  22:59:09-23:00:17   11.9   11.9  15.0  15.0  2000    fixed 0 14
1998   1  20  23:00:26-23:01:35   11.9   11.9  15.0  15.0  2000    fixed 0 14
1998   1  20  23:01:58-23:02:57  179.0  179.0  88.0  88.0   640   zenith 0 14
1998   1  20  23:03:28-23:04:36  -12.1  -12.1  15.0  15.0  2000    fixed 0 14
1998   1  20  23:04:46-23:05:54  -12.1  -12.1  15.0  15.0  2000    fixed 0 14
1998   1  20  23:06:05-23:07:03  179.0  179.0  88.0  88.0   300   zenith 0 14
1998   1  20  23:07:13-23:08:12  179.0  179.0  88.0  88.0   300   zenith 0 14
1998   1  20  23:08:22-23:09:30 -180.0 -180.0  18.6  23.2  1280  el scan 0 14
1998   1  20  23:09:40-23:10:48 -180.0 -180.0  23.2  28.1  1280  el scan 0 15
1998   1  20  23:10:59-23:12:07 -180.0 -180.0  28.2  33.4   640  el scan 0 16
1998   1  20  23:12:17-23:13:25 -180.0 -180.0  33.4  38.9   640  el scan 0 17
1998   1  20  23:13:36-23:14:44 -180.0 -180.0  39.1  45.3   640  el scan 0 18
1998   1  20  23:14:53-23:16:02 -180.0 -180.0  45.4  52.6   640  el scan 0 19
1998   1  20  23:16:11-23:17:19 -180.0 -180.0  52.6  60.0   640  el scan 0 20
Saving el scan - MILLSTONE HILL RADAR   98/01/20   23:08:56-23:15:27 UT
1998   1  20  23:17:29-23:18:37 -180.0 -180.0  60.0  74.8   640  el scan 0  1
1998   1  20  23:19:00-23:19:59  179.0  179.0  88.0  88.0   640   zenith 0  2
1998   1  20  23:21:20-23:22:19  -90.1  -90.1  45.4  45.4   300    fixed 0  2
1998   1  20  23:22:43-23:23:41  -90.2  -90.2  45.4  45.4   300    fixed 0  2
1998   1  20  23:23:51-23:24:49  179.0  179.0  88.0  88.0   300   zenith 0  2
1998   1  20  23:24:58-23:25:57  179.0  179.0  88.0  88.0   300   zenith 0  2
1998   1  20  23:26:07-23:27:15   -0.1   -0.1  75.0  60.2   640  el scan 0  2
1998   1  20  23:27:25-23:28:33   -0.1   -0.1  60.0  52.6   640  el scan 0  3
1998   1  20  23:28:44-23:29:52   -0.1   -0.1  52.6  45.4   640  el scan 0  4
1998   1  20  23:30:02-23:31:00   -0.1   -0.1  45.4  45.4   300    fixed 0  5
1998   1  20  23:31:10-23:32:08   -0.1   -0.1  45.4  45.4   300    fixed 0  5
1998   1  20  23:32:19-23:33:27   -0.1   -0.1  45.4  39.2   640  el scan 0  5
1998   1  20  23:33:37-23:34:45   -0.1   -0.1  39.1  33.6   640  el scan 0  6
1998   1  20  23:34:56-23:36:04   -0.1   -0.1  33.4  28.2   640  el scan 0  7
1998   1  20  23:36:14-23:37:22   -0.1   -0.1  28.2  23.3  1280  el scan 0  8
1998   1  20  23:37:33-23:38:41   -0.1   -0.1  23.2  18.6  1280  el scan 0  9
1998   1  20  23:38:51-23:39:59   -0.1   -0.1  18.6  15.6  1280  el scan 0 10
1998   1  20  23:40:09-23:41:17   -0.1   -0.1  15.5  11.1  1280  el scan 0 11
1998   1  20  23:41:27-23:42:36   -0.1   -0.1  11.0   6.2  2000  el scan 0 12
1998   1  20  23:42:46-23:43:54   -0.1   -0.1   6.2   4.3  2000  el scan 0 13
1998   1  20  23:44:05-23:45:03  179.0  179.0  88.0  88.0   300   zenith 0 14
1998   1  20  23:45:13-23:46:11  179.0  179.0  88.0  88.0   300   zenith 0 14
1998   1  20  23:46:22-23:47:30   11.9   11.9  15.0  15.0  2000    fixed 0 14
1998   1  20  23:47:40-23:48:48   11.9   11.9  15.0  15.0  2000    fixed 0 14
1998   1  20  23:48:58-23:49:57  179.0  179.0  88.0  88.0   640   zenith 0 14
1998   1  20  23:50:08-23:51:16  -12.1  -12.1  15.0  15.0  2000    fixed 0 14
1998   1  20  23:51:26-23:52:35  -12.1  -12.1  15.0  15.0  2000    fixed 0 14
1998   1  20  23:52:44-23:53:43  179.0  179.0  88.0  88.0   300   zenith 0 14
1998   1  20  23:53:52-23:54:50  179.0  179.0  88.0  88.0   300   zenith 0 14
1998   1  20  23:55:01-23:56:09 -180.0 -180.0  18.6  23.2  1280  el scan 0 14
1998   1  20  23:56:19-23:57:28 -180.0 -180.0  23.2  28.1  1280  el scan 0 15
1998   1  20  23:57:38-23:58:46 -180.0 -180.0  28.2  33.4   640  el scan 0 16
1998   1  20  23:58:56-00:00:04 -180.0 -180.0  33.4  38.9   640  el scan 0 17
1998   1  21  00:00:15-00:01:23 -180.0 -180.0  39.1  45.3   640  el scan 0 18
Saving local F-region plot - MILLSTONE HILL RADAR   98/01/20
1998   1  21  00:01:33-00:02:41 -180.0 -180.0  45.4  52.6   640  el scan 0 19
1998   1  21  00:02:51-00:03:59 -180.0 -180.0  52.6  60.1   640  el scan 0 20
Saving el scan - MILLSTONE HILL RADAR   98/01/21   23:55:35-00:02:07 UT
1998   1  21  00:04:09-00:05:17 -180.0 -180.0  60.0  74.8   640  el scan 0  1
1998   1  21  00:05:27-00:06:26  179.0  179.0  88.0  88.0   640   zenith 0  2
1998   1  21  00:06:38-00:07:36  -90.1  -90.1  45.4  45.4   300    fixed 0  2
1998   1  21  00:07:46-00:08:45  -90.1  -90.1  45.4  45.4   300    fixed 0  2
1998   1  21  00:08:55-00:09:53  179.0  179.0  88.0  88.0   300   zenith 0  2
* Data Gap - 8.166667 minutes. Reinitialize cycle
1998   1  21  00:17:05-00:18:03  179.0  179.0  88.0  88.0   640   zenith 0  2
cycleStartAz,cycleStartEl = -180.0  20.9
1998   1  21  00:19:17-00:20:25 -180.0 -180.0  18.6  23.2  1280  el scan 0  2
1998   1  21  00:20:49-00:21:57 -180.1 -180.0  23.2  28.1  1280  el scan 0  1
1998   1  21  00:22:07-00:23:16 -180.0 -180.0  28.2  33.4   640  el scan 0  2
1998   1  21  00:23:26-00:24:34 -180.0 -180.0  33.4  38.9   640  el scan 0  3
1998   1  21  00:24:44-00:25:53 -180.0 -180.0  39.1  45.3   640  el scan 0  4
1998   1  21  00:26:03-00:27:11 -180.0 -180.0  45.4  52.6   640  el scan 0  5
1998   1  21  00:27:21-00:28:29 -180.0 -180.0  52.6  60.0   640  el scan 0  6
1998   1  21  00:28:39-00:29:48 -180.0 -180.0  60.0  74.9   640  el scan 0  7
1998   1  21  00:29:58-00:30:56  179.0  179.0  88.0  88.0   640   zenith 0  8
1998   1  21  00:31:08-00:32:06  -90.1  -90.1  45.4  45.4   300    fixed 0  8
1998   1  21  00:32:16-00:33:14  -90.1  -90.1  45.4  45.4   300    fixed 0  8
1998   1  21  00:33:24-00:34:22  179.0  179.0  88.0  88.0   300   zenith 0  8
1998   1  21  00:34:32-00:35:30  179.0  179.0  88.0  88.0   300   zenith 0  8
1998   1  21  00:35:40-00:36:48   -0.1   -0.1  75.0  60.2   640  el scan 0  8
1998   1  21  00:36:58-00:38:07   -0.1   -0.1  60.0  52.6   640  el scan 0  9
1998   1  21  00:38:16-00:39:24   -0.1   -0.1  52.6  45.4   640  el scan 0 10
1998   1  21  00:39:34-00:40:32   -0.1   -0.1  45.4  45.4   300    fixed 0 11
1998   1  21  00:40:42-00:41:41   -0.1   -0.1  45.4  45.4   300    fixed 0 11
1998   1  21  00:41:50-00:42:58   -0.1   -0.1  45.4  39.2   640  el scan 0 11
1998   1  21  00:43:08-00:44:16   -0.1   -0.1  39.1  33.6   640  el scan 0 12
1998   1  21  00:44:26-00:45:35   -0.1   -0.1  33.4  28.2   640  el scan 0 13
1998   1  21  00:45:44-00:46:52   -0.1   -0.1  28.2  23.3  1280  el scan 0 14
1998   1  21  00:47:16-00:48:25   -0.2   -0.1  23.2  18.6  1280  el scan 0 15
1998   1  21  00:48:35-00:49:43   -0.1   -0.1  18.6  15.6  1280  el scan 0 16
1998   1  21  00:49:53-00:51:01   -0.1   -0.1  15.5  11.1  1280  el scan 0 17
1998   1  21  00:51:25-00:52:34   -0.2   -0.1  11.0   6.2  2000  el scan 0 18
1998   1  21  00:52:44-00:53:52   -0.1   -0.1   6.2   4.3  2000  el scan 0 19
1998   1  21  00:54:03-00:55:01  179.0  179.0  88.0  88.0   300   zenith 0 20
1998   1  21  00:55:11-00:56:09  179.0  179.0  88.0  88.0   300   zenith 0 20
1998   1  21  00:56:20-00:57:28   11.9   11.9  15.0  15.0  2000    fixed 0 20
1998   1  21  00:57:38-00:58:46   11.9   11.9  15.0  15.0  2000    fixed 0 20
1998   1  21  00:58:58-00:59:56  179.0  179.0  88.0  88.0   640   zenith 0 20
1998   1  21  01:00:06-01:01:15  -12.1  -12.1  15.0  15.0  2000    fixed 0 20
1998   1  21  01:01:25-01:02:33  -12.1  -12.1  15.0  15.0  2000    fixed 0 20
1998   1  21  01:02:45-01:03:43  179.0  179.0  88.0  88.0   300   zenith 0 20
1998   1  21  01:03:52-01:04:51  179.0  179.0  88.0  88.0   300   zenith 0 20
1998   1  21  01:05:01-01:06:09 -180.0 -180.0  18.6  23.2  1280  el scan 0 20
Saving el scan - MILLSTONE HILL RADAR   98/01/21   00:42:24-00:53:18 UT
1998   1  21  01:06:19-01:07:28 -180.0 -180.0  23.2  28.1  1280  el scan 0  1
1998   1  21  01:07:38-01:08:46 -180.0 -180.0  28.2  33.4   640  el scan 0  2
1998   1  21  01:08:56-01:10:04 -180.0 -180.0  33.4  38.9   640  el scan 0  3
1998   1  21  01:10:14-01:11:23 -180.0 -180.0  39.1  45.3   640  el scan 0  4
1998   1  21  01:11:33-01:12:41 -180.0 -180.0  45.4  52.6   640  el scan 0  5
1998   1  21  01:12:51-01:14:00 -180.0 -180.0  52.6  60.0   640  el scan 0  6
1998   1  21  01:14:10-01:15:18 -180.0 -180.0  60.0  74.8   640  el scan 0  7
1998   1  21  01:15:28-01:16:26  179.0  179.0  88.0  88.0   640   zenith 0  8
1998   1  21  01:16:39-01:17:37  -90.1  -90.1  45.4  45.4   300    fixed 0  8
1998   1  21  01:17:47-01:18:45  -90.1  -90.1  45.4  45.4   300    fixed 0  8
1998   1  21  01:18:55-01:19:53  179.0  179.0  88.0  88.0   300   zenith 0  8
1998   1  21  01:20:03-01:21:01  179.0  179.0  88.0  88.0   300   zenith 0  8
1998   1  21  01:21:11-01:22:20   -0.1   -0.1  75.0  60.2   640  el scan 0  8
1998   1  21  01:22:30-01:23:38   -0.1   -0.1  60.0  52.6   640  el scan 0  9
1998   1  21  01:24:02-01:25:10   -0.2   -0.1  52.6  45.4   640  el scan 0 10
1998   1  21  01:25:20-01:26:19   -0.1   -0.1  45.4  45.4   300    fixed 0 11
1998   1  21  01:26:42-01:27:40   -0.2   -0.2  45.4  45.4   300    fixed 0 11
1998   1  21  01:27:49-01:28:58   -0.1   -0.1  45.4  39.2   640  el scan 0 11
1998   1  21  01:29:08-01:30:16   -0.1   -0.1  39.1  33.6   640  el scan 0 12
1998   1  21  01:30:26-01:31:35   -0.1   -0.1  33.4  28.2   640  el scan 0 13
1998   1  21  01:31:44-01:32:52   -0.1   -0.1  28.2  23.3  1280  el scan 0 14
1998   1  21  01:33:03-01:34:11   -0.1   -0.1  23.2  18.6  1280  el scan 0 15
1998   1  21  01:34:21-01:35:30   -0.1   -0.1  18.6  15.6  1280  el scan 0 16
1998   1  21  01:35:39-01:36:47   -0.1   -0.1  15.5  11.1  1280  el scan 0 17
1998   1  21  01:36:57-01:38:06   -0.1   -0.1  11.0   6.2  2000  el scan 0 18
1998   1  21  01:38:16-01:39:24   -0.1   -0.1   6.2   4.3  2000  el scan 0 19
1998   1  21  01:39:35-01:40:34  179.0  179.0  88.0  88.0   300   zenith 0 20
1998   1  21  01:40:44-01:41:42  179.0  179.0  88.0  88.0   300   zenith 0 20
1998   1  21  01:41:52-01:43:01   11.9   11.9  15.0  15.0  2000    fixed 0 20
1998   1  21  01:43:11-01:44:19   11.9   11.9  15.0  15.0  2000    fixed 0 20
1998   1  21  01:44:29-01:45:28  179.0  179.0  88.0  88.0   640   zenith 0 20
1998   1  21  01:45:38-01:46:46  -12.1  -12.1  15.0  15.0  2000    fixed 0 20
1998   1  21  01:46:57-01:48:05  -12.1  -12.1  15.0  15.0  2000    fixed 0 20
1998   1  21  01:48:17-01:49:15  179.0  179.0  88.0  88.0   300   zenith 0 20
1998   1  21  01:49:25-01:50:23  179.0  179.0  88.0  88.0   300   zenith 0 20
1998   1  21  01:50:34-01:51:42 -180.0 -180.0  18.6  23.2  1280  el scan 0 20
Saving el scan - MILLSTONE HILL RADAR   98/01/21   01:28:23-01:38:50 UT
1998   1  21  01:51:52-01:53:01 -180.0 -180.0  23.2  28.1  1280  el scan 0  1
1998   1  21  01:53:11-01:54:19 -180.0 -180.0  28.2  33.4   640  el scan 0  2
1998   1  21  01:54:43-01:55:51 -180.0 -180.0  33.4  38.9   640  el scan 0  3
1998   1  21  01:56:01-01:57:09 -180.0 -180.0  39.1  45.3   640  el scan 0  4
1998   1  21  01:57:19-01:58:28 -180.0 -180.0  45.4  52.6   640  el scan 0  5
1998   1  21  01:58:37-01:59:45 -180.0 -180.0  52.6  60.0   640  el scan 0  6
1998   1  21  01:59:55-02:01:03 -180.0 -180.0  60.0  74.8   640  el scan 0  7
1998   1  21  02:01:13-02:02:12  179.0  179.0  88.0  88.0   640   zenith 0  8
1998   1  21  02:02:24-02:03:22  -90.1  -90.1  45.4  45.4   300    fixed 0  8
1998   1  21  02:03:32-02:04:31  -90.1  -90.1  45.4  45.4   300    fixed 0  8
1998   1  21  02:04:41-02:05:39  179.0  179.0  88.0  88.0   300   zenith 0  8
1998   1  21  02:05:50-02:06:48  179.0  179.0  88.0  88.0   300   zenith 0  8
1998   1  21  02:06:58-02:08:07   -0.1   -0.1  75.0  60.2   640  el scan 0  8
1998   1  21  02:08:17-02:09:25   -0.1   -0.1  60.0  52.6   640  el scan 0  9
1998   1  21  02:09:35-02:10:43   -0.1   -0.1  52.6  45.4   640  el scan 0 10
1998   1  21  02:10:53-02:11:52   -0.1   -0.1  45.4  45.4   300    fixed 0 11
1998   1  21  02:12:01-02:12:59   -0.1   -0.1  45.4  45.4   300    fixed 0 11
1998   1  21  02:13:09-02:14:18   -0.1   -0.1  45.4  39.2   640  el scan 0 11
1998   1  21  02:14:28-02:15:36   -0.1   -0.1  39.1  33.6   640  el scan 0 12
1998   1  21  02:15:46-02:16:54   -0.1   -0.1  33.4  28.2   640  el scan 0 13
1998   1  21  02:17:04-02:18:12   -0.1   -0.1  28.2  23.3  1280  el scan 0 14
1998   1  21  02:18:22-02:19:31   -0.1   -0.1  23.2  18.6  1280  el scan 0 15
1998   1  21  02:19:41-02:20:49   -0.1   -0.1  18.6  15.6  1280  el scan 0 16
1998   1  21  02:20:59-02:22:07   -0.1   -0.1  15.5  11.1  1280  el scan 0 17
1998   1  21  02:22:17-02:23:25   -0.1   -0.1  11.0   6.2  2000  el scan 0 18
1998   1  21  02:23:36-02:24:44   -0.1   -0.1   6.2   4.3  2000  el scan 0 19
1998   1  21  02:24:55-02:25:53  179.0  179.0  88.0  88.0   300   zenith 0 20
1998   1  21  02:26:03-02:27:01  179.0  179.0  88.0  88.0   300   zenith 0 20
1998   1  21  02:27:11-02:28:19   11.9   11.9  15.0  15.0  2000    fixed 0 20
1998   1  21  02:28:29-02:29:38   11.9   11.9  15.0  15.0  2000    fixed 0 20
1998   1  21  02:29:49-02:30:47  179.0  179.0  88.0  88.0   640   zenith 0 20
1998   1  21  02:30:57-02:32:05  -12.1  -12.1  15.0  15.0  2000    fixed 0 20
1998   1  21  02:32:16-02:33:24  -12.1  -12.1  15.0  15.0  2000    fixed 0 20
* Data Gap - 12.833333 minutes. Reinitialize cycle
1998   1  21  02:45:11-02:46:09  179.0  179.0  88.0  88.0   640   zenith 0 20
cycleStartAz,cycleStartEl = -180.0  20.9
1998   1  21  02:46:17-02:47:26 -180.0 -180.0  18.6  23.2  1280  el scan 0 20
Saving el scan - MILLSTONE HILL RADAR   98/01/21   02:13:43-02:24:10 UT
1998   1  21  02:47:36-02:48:44 -180.0 -180.0  23.2  28.1  1280  el scan 0  1
1998   1  21  02:48:54-02:50:02 -180.0 -180.0  28.2  33.4   640  el scan 0  2
1998   1  21  02:50:12-02:51:21 -180.0 -180.0  33.4  38.9   640  el scan 0  3
1998   1  21  02:51:31-02:52:39 -180.0 -180.0  39.1  45.3   640  el scan 0  4
1998   1  21  02:52:49-02:53:57 -180.0 -180.0  45.4  52.6   640  el scan 0  5
1998   1  21  02:54:06-02:55:15 -180.0 -180.0  52.6  60.0   640  el scan 0  6
1998   1  21  02:55:25-02:56:33 -180.0 -180.0  60.0  74.9   640  el scan 0  7
1998   1  21  02:56:44-02:57:42  179.0  179.0  88.0  88.0   640   zenith 0  8
1998   1  21  02:57:55-02:58:54  -90.1  -90.1  45.4  45.4   300    fixed 0  8
1998   1  21  02:59:04-03:00:02  -90.1  -90.1  45.4  45.4   300    fixed 0  8
1998   1  21  03:00:12-03:01:10  179.0  179.0  88.0  88.0   300   zenith 0  8
1998   1  21  03:01:20-03:02:18  179.0  179.0  88.0  88.0   300   zenith 0  8
1998   1  21  03:02:28-03:03:36   -0.1   -0.1  75.0  60.2   640  el scan 0  8
1998   1  21  03:03:46-03:04:55   -0.1   -0.1  60.0  52.6   640  el scan 0  9
1998   1  21  03:05:05-03:06:13   -0.1   -0.1  52.6  45.4   640  el scan 0 10
1998   1  21  03:06:23-03:07:21   -0.1   -0.1  45.4  45.4   300    fixed 0 11
1998   1  21  03:07:31-03:08:29   -0.1   -0.1  45.4  45.4   300    fixed 0 11
1998   1  21  03:08:38-03:09:47   -0.1   -0.1  45.4  39.2   640  el scan 0 11
1998   1  21  03:09:57-03:11:05   -0.1   -0.1  39.1  33.6   640  el scan 0 12
1998   1  21  03:11:15-03:12:23   -0.1   -0.1  33.4  28.2   640  el scan 0 13
1998   1  21  03:12:33-03:13:41   -0.1   -0.1  28.2  23.3  1280  el scan 0 14
1998   1  21  03:13:51-03:15:00   -0.1   -0.1  23.2  18.6  1280  el scan 0 15
1998   1  21  03:15:10-03:16:18   -0.1   -0.1  18.6  15.6  1280  el scan 0 16
1998   1  21  03:16:28-03:17:37   -0.1   -0.1  15.5  11.1  1280  el scan 0 17
1998   1  21  03:17:46-03:18:54   -0.1   -0.1  11.0   6.2  2000  el scan 0 18
1998   1  21  03:19:04-03:20:13   -0.1   -0.1   6.2   4.3  2000  el scan 0 19
1998   1  21  03:20:23-03:21:21  179.0  179.0  88.0  88.0   300   zenith 0 20
1998   1  21  03:21:31-03:22:29  179.0  179.0  88.0  88.0   300   zenith 0 20
1998   1  21  03:22:39-03:23:47   11.9   11.9  15.0  15.0  2000    fixed 0 20
1998   1  21  03:23:57-03:25:06   11.9   11.9  15.0  15.0  2000    fixed 0 20
1998   1  21  03:25:16-03:26:14  179.0  179.0  88.0  88.0   640   zenith 0 20
1998   1  21  03:26:24-03:27:32  -12.1  -12.1  15.0  15.0  2000    fixed 0 20
1998   1  21  03:27:41-03:28:50  -12.1  -12.1  15.0  15.0  2000    fixed 0 20
1998   1  21  03:29:01-03:29:59  179.0  179.0  88.0  88.0   300   zenith 0 20
1998   1  21  03:30:08-03:31:07  179.0  179.0  88.0  88.0   300   zenith 0 20
1998   1  21  03:31:17-03:32:25 -180.0 -180.0  18.6  23.2  1280  el scan 0 20
Saving el scan - MILLSTONE HILL RADAR   98/01/21   03:09:12-03:19:38 UT
1998   1  21  03:32:35-03:33:43 -180.0 -180.0  23.2  28.1  1280  el scan 0  1
1998   1  21  03:33:53-03:35:01 -180.0 -180.0  28.2  33.4   640  el scan 0  2
1998   1  21  03:35:11-03:36:20 -180.0 -180.0  33.4  38.9   640  el scan 0  3
1998   1  21  03:36:29-03:37:37 -180.0 -180.0  39.1  45.3   640  el scan 0  4
1998   1  21  03:37:47-03:38:56 -180.0 -180.0  45.4  52.6   640  el scan 0  5
1998   1  21  03:39:05-03:40:13 -180.0 -180.0  52.6  60.0   640  el scan 0  6
1998   1  21  03:40:23-03:41:31 -180.0 -180.0  60.0  74.8   640  el scan 0  7
1998   1  21  03:41:41-03:42:39  179.0  179.0  88.0  88.0   640   zenith 0  8
1998   1  21  03:42:53-03:43:51  -90.1  -90.1  45.4  45.4   300    fixed 0  8
1998   1  21  03:44:01-03:44:59  -90.1  -90.1  45.4  45.4   300    fixed 0  8
1998   1  21  03:45:10-03:46:08  179.0  179.0  88.0  88.0   300   zenith 0  8
1998   1  21  03:46:17-03:47:16  179.0  179.0  88.0  88.0   300   zenith 0  8
1998   1  21  03:47:26-03:48:35   -0.1   -0.1  75.0  60.2   640  el scan 0  8
1998   1  21  03:48:45-03:49:53   -0.1   -0.1  60.0  52.6   640  el scan 0  9
1998   1  21  03:50:03-03:51:11   -0.1   -0.1  52.6  45.4   640  el scan 0 10
1998   1  21  03:51:21-03:52:19   -0.1   -0.1  45.4  45.4   300    fixed 0 11
1998   1  21  03:52:29-03:53:27   -0.1   -0.1  45.4  45.4   300    fixed 0 11
1998   1  21  03:53:38-03:54:46   -0.1   -0.1  45.4  39.2   640  el scan 0 11
* Data Gap - 25.183333 minutes. Reinitialize cycle
1998   1  21  04:18:54-04:19:52  179.0  179.0  88.0  88.0   640   zenith 0 12
cycleStartAz,cycleStartEl = -180.0  20.9
1998   1  21  04:21:07-04:22:15 -180.0 -180.0  18.6  23.2  1280  el scan 0 12
Saving el scan - MILLSTONE HILL RADAR   98/01/21   03:54:12-03:54:12 UT
1998   1  21  04:22:24-04:23:33 -180.0 -180.0  23.2  28.1  1280  el scan 0  1
1998   1  21  04:23:43-04:24:51 -180.0 -180.0  28.2  33.4   640  el scan 0  2
1998   1  21  04:25:01-04:26:10 -180.0 -180.0  33.4  38.9   640  el scan 0  3
1998   1  21  04:26:20-04:27:28 -180.0 -180.0  39.1  45.3   640  el scan 0  4
1998   1  21  04:27:37-04:28:45 -180.0 -180.0  45.4  52.6   640  el scan 0  5
1998   1  21  04:28:56-04:30:04 -180.0 -180.0  52.6  60.0   640  el scan 0  6
1998   1  21  04:30:14-04:31:22 -180.0 -180.0  60.0  74.9   640  el scan 0  7
1998   1  21  04:31:33-04:32:31  179.0  179.0  88.0  88.0   640   zenith 0  8
1998   1  21  04:32:43-04:33:42  -90.1  -90.1  45.4  45.4   300    fixed 0  8
1998   1  21  04:33:52-04:34:50  -90.1  -90.1  45.4  45.4   300    fixed 0  8
1998   1  21  04:35:01-04:35:59  179.0  179.0  88.0  88.0   300   zenith 0  8
1998   1  21  04:36:09-04:37:07  179.0  179.0  88.0  88.0   300   zenith 0  8
1998   1  21  04:37:18-04:38:27   -0.1   -0.1  75.0  60.2   640  el scan 0  8
1998   1  21  04:38:37-04:39:45   -0.1   -0.1  60.0  52.6   640  el scan 0  9
1998   1  21  04:39:55-04:41:03   -0.1   -0.1  52.6  45.4   640  el scan 0 10
1998   1  21  04:41:14-04:42:12   -0.1   -0.1  45.4  45.4   300    fixed 0 11
1998   1  21  04:42:22-04:43:20   -0.1   -0.1  45.4  45.4   300    fixed 0 11
1998   1  21  04:43:44-04:44:53   -0.2   -0.1  45.4  39.2   640  el scan 0 11
1998   1  21  04:45:03-04:46:11   -0.1   -0.1  39.1  33.6   640  el scan 0 12
1998   1  21  04:46:21-04:47:29   -0.1   -0.1  33.4  28.2   640  el scan 0 13
1998   1  21  04:47:39-04:48:47   -0.1   -0.1  28.2  23.3  1280  el scan 0 14
1998   1  21  04:48:57-04:50:05   -0.1   -0.1  23.2  18.6  1280  el scan 0 15
1998   1  21  04:50:15-04:51:24   -0.1   -0.1  18.6  15.6  1280  el scan 0 16
1998   1  21  04:51:34-04:52:42   -0.1   -0.1  15.5  11.1  1280  el scan 0 17
1998   1  21  04:52:51-04:54:00   -0.1   -0.1  11.0   6.2  2000  el scan 0 18
1998   1  21  04:54:10-04:55:18   -0.1   -0.1   6.2   4.3  2000  el scan 0 19
1998   1  21  04:55:28-04:56:27  179.0  179.0  88.0  88.0   300   zenith 0 20
1998   1  21  04:56:36-04:57:34  179.0  179.0  88.0  88.0   300   zenith 0 20
1998   1  21  04:57:44-04:58:53   11.9   11.9  15.0  15.0  2000    fixed 0 20
1998   1  21  04:59:03-05:00:11   11.9   11.9  15.0  15.0  2000    fixed 0 20
1998   1  21  05:00:22-05:01:20  179.0  179.0  88.0  88.0   640   zenith 0 20
1998   1  21  05:01:30-05:02:39  -12.1  -12.1  15.0  15.0  2000    fixed 0 20
1998   1  21  05:02:49-05:03:57  -12.1  -12.1  15.0  15.0  2000    fixed 0 20
1998   1  21  05:04:08-05:05:07  179.0  179.0  88.0  88.0   300   zenith 0 20
1998   1  21  05:05:16-05:06:14  179.0  179.0  88.0  88.0   300   zenith 0 20
1998   1  21  05:06:24-05:07:33 -180.0 -180.0  18.6  23.2  1280  el scan 0 20
Saving el scan - MILLSTONE HILL RADAR   98/01/21   04:44:18-04:54:44 UT
1998   1  21  05:07:43-05:08:51 -180.0 -180.0  23.2  28.1  1280  el scan 0  1
1998   1  21  05:09:01-05:10:09 -180.0 -180.0  28.2  33.4   640  el scan 0  2
1998   1  21  05:10:20-05:11:28 -180.0 -180.0  33.4  38.9   640  el scan 0  3
1998   1  21  05:11:38-05:12:46 -180.0 -180.0  39.1  45.3   640  el scan 0  4
1998   1  21  05:12:56-05:14:05 -180.0 -180.0  45.4  52.6   640  el scan 0  5
1998   1  21  05:14:15-05:15:23 -180.0 -180.0  52.6  60.0   640  el scan 0  6
1998   1  21  05:15:33-05:16:41 -180.0 -180.0  60.0  74.8   640  el scan 0  7
1998   1  21  05:16:52-05:17:50  179.0  179.0  88.0  88.0   640   zenith 0  8
1998   1  21  05:18:02-05:19:01  -90.1  -90.1  45.4  45.4   300    fixed 0  8
1998   1  21  05:19:11-05:20:09  -90.1  -90.1  45.4  45.4   300    fixed 0  8
1998   1  21  05:20:19-05:21:17  179.0  179.0  88.0  88.0   300   zenith 0  8
1998   1  21  05:21:27-05:22:26  179.0  179.0  88.0  88.0   300   zenith 0  8
1998   1  21  05:22:35-05:23:44   -0.1   -0.1  75.0  60.2   640  el scan 0  8
1998   1  21  05:23:54-05:25:02   -0.1   -0.1  60.0  52.6   640  el scan 0  9
1998   1  21  05:25:13-05:26:21   -0.1   -0.1  52.6  45.4   640  el scan 0 10
1998   1  21  05:26:31-05:27:29   -0.1   -0.1  45.4  45.4   300    fixed 0 11
1998   1  21  05:27:39-05:28:38   -0.1   -0.1  45.4  45.4   300    fixed 0 11
1998   1  21  05:28:47-05:29:55   -0.1   -0.1  45.4  39.2   640  el scan 0 11
1998   1  21  05:30:05-05:31:13   -0.1   -0.1  39.1  33.6   640  el scan 0 12
1998   1  21  05:31:37-05:32:45   -0.2   -0.1  33.4  28.2   640  el scan 0 13
1998   1  21  05:32:56-05:34:04   -0.1   -0.1  28.2  23.3  1280  el scan 0 14
1998   1  21  05:34:14-05:35:22   -0.1   -0.1  23.2  18.6  1280  el scan 0 15
1998   1  21  05:35:32-05:36:40   -0.1   -0.1  18.6  15.6  1280  el scan 0 16
1998   1  21  05:36:50-05:37:59   -0.1   -0.1  15.5  11.1  1280  el scan 0 17
1998   1  21  05:38:08-05:39:16   -0.1   -0.1  11.0   6.2  2000  el scan 0 18
1998   1  21  05:39:26-05:40:34   -0.1   -0.1   6.2   4.3  2000  el scan 0 19
1998   1  21  05:40:44-05:41:43  179.0  179.0  88.0  88.0   300   zenith 0 20
1998   1  21  05:41:53-05:42:51  179.0  179.0  88.0  88.0   300   zenith 0 20
1998   1  21  05:43:01-05:44:09   11.9   11.9  15.0  15.0  2000    fixed 0 20
1998   1  21  05:44:19-05:45:28   11.9   11.9  15.0  15.0  2000    fixed 0 20
1998   1  21  05:45:38-05:46:36  179.0  179.0  88.0  88.0   640   zenith 0 20
* Data Gap - 24.250000 minutes. Reinitialize cycle
1998   1  21  06:09:53-06:10:52  179.0  179.0  88.0  88.0   640   zenith 0 20
cycleStartAz,cycleStartEl = -180.0  20.9
1998   1  21  06:11:00-06:12:09 -180.0 -180.0  18.6  23.2  1280  el scan 0 20
Saving el scan - MILLSTONE HILL RADAR   98/01/21   05:29:21-05:40:00 UT
1998   1  21  06:12:19-06:13:27 -180.0 -180.0  23.2  28.1  1280  el scan 0  1
1998   1  21  06:13:37-06:14:45 -180.0 -180.0  28.2  33.4   640  el scan 0  2
1998   1  21  06:14:55-06:16:04 -180.0 -180.0  33.4  38.9   640  el scan 0  3
1998   1  21  06:16:14-06:17:22 -180.0 -180.0  39.1  45.3   640  el scan 0  4
1998   1  21  06:17:32-06:18:40 -180.0 -180.0  45.4  52.6   640  el scan 0  5
1998   1  21  06:18:49-06:19:58 -180.0 -180.0  52.6  60.0   640  el scan 0  6
1998   1  21  06:20:07-06:21:15 -180.0 -180.0  60.0  74.8   640  el scan 0  7
1998   1  21  06:21:26-06:22:24  179.0  179.0  88.0  88.0   640   zenith 0  8
1998   1  21  06:22:36-06:23:35  -90.1  -90.1  45.4  45.4   300    fixed 0  8
1998   1  21  06:23:44-06:24:42  -90.1  -90.1  45.4  45.4   300    fixed 0  8
1998   1  21  06:24:52-06:25:51  179.0  179.0  88.0  88.0   300   zenith 0  8
1998   1  21  06:26:00-06:26:58  179.0  179.0  88.0  88.0   300   zenith 0  8
1998   1  21  06:27:09-06:28:17   -0.1   -0.1  75.0  60.2   640  el scan 0  8
1998   1  21  06:28:27-06:29:35   -0.1   -0.1  60.0  52.6   640  el scan 0  9
1998   1  21  06:29:45-06:30:53   -0.1   -0.1  52.6  45.4   640  el scan 0 10
1998   1  21  06:31:03-06:32:01   -0.1   -0.1  45.4  45.4   300    fixed 0 11
1998   1  21  06:32:11-06:33:10   -0.1   -0.1  45.4  45.4   300    fixed 0 11
1998   1  21  06:33:19-06:34:28   -0.1   -0.1  45.4  39.2   640  el scan 0 11
1998   1  21  06:34:38-06:35:46   -0.1   -0.1  39.1  33.6   640  el scan 0 12
1998   1  21  06:35:56-06:37:04   -0.1   -0.1  33.4  28.2   640  el scan 0 13
1998   1  21  06:37:15-06:38:23   -0.1   -0.1  28.2  23.3  1280  el scan 0 14
1998   1  21  06:38:33-06:39:41   -0.1   -0.1  23.2  18.6  1280  el scan 0 15
1998   1  21  06:39:52-06:41:00   -0.1   -0.1  18.6  15.6  1280  el scan 0 16
1998   1  21  06:41:10-06:42:18   -0.1   -0.1  15.5  11.1  1280  el scan 0 17
1998   1  21  06:42:29-06:43:37   -0.1   -0.1  11.0   6.2  2000  el scan 0 18
1998   1  21  06:43:47-06:44:56   -0.1   -0.1   6.2   4.3  2000  el scan 0 19
1998   1  21  06:45:06-06:46:04  179.0  179.0  88.0  88.0   300   zenith 0 20
1998   1  21  06:46:14-06:47:12  179.0  179.0  88.0  88.0   300   zenith 0 20
1998   1  21  06:47:23-06:48:31   11.9   11.9  15.0  15.0  2000    fixed 0 20
1998   1  21  06:48:41-06:49:50   11.9   11.9  15.0  15.0  2000    fixed 0 20
1998   1  21  06:50:00-06:50:58  179.0  179.0  88.0  88.0   640   zenith 0 20
1998   1  21  06:51:09-06:52:17  -12.1  -12.1  15.0  15.0  2000    fixed 0 20
1998   1  21  06:52:41-06:53:50  -12.2  -12.2  15.0  15.0  2000    fixed 0 20
1998   1  21  06:54:00-06:54:58  179.0  179.0  88.0  88.0   300   zenith 0 20
1998   1  21  06:55:08-06:56:06  179.0  179.0  88.0  88.0   300   zenith 0 20
1998   1  21  06:56:16-06:57:24 -180.0 -180.0  18.6  23.2  1280  el scan 0 20
Saving el scan - MILLSTONE HILL RADAR   98/01/21   06:33:53-06:44:21 UT
1998   1  21  06:57:34-06:58:43 -180.0 -180.0  23.2  28.1  1280  el scan 0  1
1998   1  21  06:58:53-07:00:01 -180.0 -180.0  28.2  33.4   640  el scan 0  2
1998   1  21  07:00:11-07:01:19 -180.0 -180.0  33.4  38.9   640  el scan 0  3
1998   1  21  07:01:29-07:02:38 -180.0 -180.0  39.1  45.3   640  el scan 0  4
1998   1  21  07:02:48-07:03:56 -180.0 -180.0  45.4  52.6   640  el scan 0  5
1998   1  21  07:04:06-07:05:14 -180.0 -180.0  52.6  60.0   640  el scan 0  6
1998   1  21  07:05:24-07:06:33 -180.0 -180.0  60.0  74.8   640  el scan 0  7
1998   1  21  07:06:43-07:07:41  179.0  179.0  88.0  88.0   640   zenith 0  8
1998   1  21  07:07:54-07:08:52  -90.1  -90.1  45.4  45.4   300    fixed 0  8
1998   1  21  07:09:01-07:10:00  -90.1  -90.1  45.4  45.4   300    fixed 0  8
1998   1  21  07:10:10-07:11:08  179.0  179.0  88.0  88.0   300   zenith 0  8
1998   1  21  07:11:17-07:12:16  179.0  179.0  88.0  88.0   300   zenith 0  8
1998   1  21  07:12:25-07:13:34   -0.1   -0.1  75.0  60.2   640  el scan 0  8
1998   1  21  07:13:44-07:14:52   -0.1   -0.1  60.0  52.6   640  el scan 0  9
1998   1  21  07:15:02-07:16:10   -0.1   -0.1  52.6  45.4   640  el scan 0 10
1998   1  21  07:16:19-07:17:18   -0.1   -0.1  45.4  45.4   300    fixed 0 11
1998   1  21  07:17:27-07:18:25   -0.1   -0.1  45.4  45.4   300    fixed 0 11
1998   1  21  07:18:35-07:19:43   -0.1   -0.1  45.4  39.2   640  el scan 0 11
1998   1  21  07:19:53-07:21:01   -0.1   -0.1  39.1  33.6   640  el scan 0 12
1998   1  21  07:21:12-07:22:20   -0.1   -0.1  33.4  28.2   640  el scan 0 13
1998   1  21  07:22:30-07:23:39   -0.1   -0.1  28.2  23.3  1280  el scan 0 14
1998   1  21  07:24:02-07:25:10   -0.2   -0.1  23.2  18.6  1280  el scan 0 15
1998   1  21  07:25:20-07:26:28   -0.1   -0.1  18.6  15.6  1280  el scan 0 16
1998   1  21  07:26:39-07:27:47   -0.1   -0.1  15.5  11.1  1280  el scan 0 17
1998   1  21  07:27:57-07:29:05   -0.1   -0.1  11.0   6.2  2000  el scan 0 18
1998   1  21  07:29:15-07:30:23   -0.1   -0.1   6.2   4.3  2000  el scan 0 19
1998   1  21  07:30:34-07:31:32  179.0  179.0  88.0  88.0   300   zenith 0 20
1998   1  21  07:31:43-07:32:41  179.0  179.0  88.0  88.0   300   zenith 0 20
1998   1  21  07:32:51-07:34:00   11.9   11.9  15.0  15.0  2000    fixed 0 20
1998   1  21  07:34:10-07:35:18   11.9   11.9  15.0  15.0  2000    fixed 0 20
1998   1  21  07:35:29-07:36:27  179.0  179.0  88.0  88.0   640   zenith 0 20
1998   1  21  07:36:37-07:37:46  -12.1  -12.1  15.0  15.0  2000    fixed 0 20
1998   1  21  07:37:55-07:39:03  -12.1  -12.1  15.0  15.0  2000    fixed 0 20
1998   1  21  07:39:13-07:40:12  179.0  179.0  88.0  88.0   300   zenith 0 20
1998   1  21  07:40:22-07:41:20  179.0  179.0  88.0  88.0   300   zenith 0 20
1998   1  21  07:41:30-07:42:38 -180.0 -180.0  18.6  23.2  1280  el scan 0 20
Saving el scan - MILLSTONE HILL RADAR   98/01/21   07:19:09-07:29:49 UT
1998   1  21  07:42:49-07:43:57 -180.0 -180.0  23.2  28.1  1280  el scan 0  1
1998   1  21  07:44:07-07:45:16 -180.0 -180.0  28.2  33.4   640  el scan 0  2
1998   1  21  07:45:26-07:46:34 -180.0 -180.0  33.4  38.9   640  el scan 0  3
1998   1  21  07:46:43-07:47:52 -180.0 -180.0  39.1  45.3   640  el scan 0  4
1998   1  21  07:48:02-07:49:10 -180.0 -180.0  45.4  52.6   640  el scan 0  5
1998   1  21  07:49:20-07:50:29 -180.0 -180.0  52.6  60.0   640  el scan 0  6
1998   1  21  07:50:39-07:51:47 -180.0 -180.0  60.0  74.8   640  el scan 0  7
1998   1  21  07:51:57-07:52:56  179.0  179.0  88.0  88.0   640   zenith 0  8
1998   1  21  07:53:08-07:54:06  -90.1  -90.1  45.4  45.4   300    fixed 0  8
1998   1  21  07:54:16-07:55:14  -90.1  -90.1  45.4  45.4   300    fixed 0  8
1998   1  21  07:55:24-07:56:22  179.0  179.0  88.0  88.0   300   zenith 0  8
1998   1  21  07:56:32-07:57:30  179.0  179.0  88.0  88.0   300   zenith 0  8
1998   1  21  07:57:40-07:58:49   -0.1   -0.1  75.0  60.2   640  el scan 0  8
1998   1  21  07:58:59-08:00:10   -0.1   -0.1  60.0  52.7   640  el scan 0  9
1998   1  21  08:00:22-08:01:30   -0.1   -0.1  52.6  45.4   640  el scan 0 10
1998   1  21  08:01:40-08:02:39   -0.1   -0.1  45.4  45.4   300    fixed 0 11
1998   1  21  08:02:48-08:03:46   -0.1   -0.1  45.4  45.4   300    fixed 0 11
1998   1  21  08:03:56-08:05:04   -0.1   -0.1  45.4  39.2   640  el scan 0 11
1998   1  21  08:05:14-08:06:22   -0.1   -0.1  39.1  33.6   640  el scan 0 12
1998   1  21  08:06:32-08:07:40   -0.1   -0.1  33.4  28.2   640  el scan 0 13
1998   1  21  08:07:50-08:08:59   -0.1   -0.1  28.2  23.3  1280  el scan 0 14
1998   1  21  08:09:09-08:10:17   -0.1   -0.1  23.2  18.6  1280  el scan 0 15
1998   1  21  08:10:27-08:11:36   -0.1   -0.1  18.6  15.6  1280  el scan 0 16
1998   1  21  08:11:46-08:12:54   -0.1   -0.1  15.5  11.1  1280  el scan 0 17
1998   1  21  08:13:05-08:14:13   -0.1   -0.1  11.0   6.2  2000  el scan 0 18
1998   1  21  08:14:22-08:15:31   -0.1   -0.1   6.2   4.3  2000  el scan 0 19
1998   1  21  08:15:42-08:16:40  179.0  179.0  88.0  88.0   300   zenith 0 20
1998   1  21  08:16:50-08:17:48  179.0  179.0  88.0  88.0   300   zenith 0 20
1998   1  21  08:17:58-08:19:06   11.9   11.9  15.0  15.0  2000    fixed 0 20
1998   1  21  08:19:17-08:20:25   11.9   11.9  15.0  15.0  2000    fixed 0 20
1998   1  21  08:20:35-08:21:33  179.0  179.0  88.0  88.0   640   zenith 0 20
1998   1  21  08:21:43-08:22:51  -12.1  -12.1  15.0  15.0  2000    fixed 0 20
1998   1  21  08:23:02-08:24:10  -12.1  -12.1  15.0  15.0  2000    fixed 0 20
1998   1  21  08:24:21-08:25:19  179.0  179.0  88.0  88.0   300   zenith 0 20
1998   1  21  08:25:29-08:26:27  179.0  179.0  88.0  88.0   300   zenith 0 20
1998   1  21  08:26:37-08:27:46 -180.0 -180.0  18.6  23.2  1280  el scan 0 20
Saving el scan - MILLSTONE HILL RADAR   98/01/21   08:04:30-08:14:56 UT
1998   1  21  08:27:56-08:29:04 -180.0 -180.0  23.2  28.1  1280  el scan 0  1
1998   1  21  08:29:14-08:30:22 -180.0 -180.0  28.2  33.4   640  el scan 0  2
1998   1  21  08:30:47-08:31:55 -180.1 -180.0  33.4  38.9   640  el scan 0  3
1998   1  21  08:32:05-08:33:13 -180.0 -180.0  39.1  45.3   640  el scan 0  4
1998   1  21  08:33:23-08:34:31 -180.0 -180.0  45.4  52.6   640  el scan 0  5
1998   1  21  08:34:40-08:35:49 -180.0 -180.0  52.6  60.0   640  el scan 0  6
1998   1  21  08:35:59-08:37:08 -180.0 -180.0  60.0  74.9   640  el scan 0  7
1998   1  21  08:37:18-08:38:16  179.0  179.0  88.0  88.0   640   zenith 0  8
1998   1  21  08:38:29-08:39:27  -90.1  -90.1  45.4  45.4   300    fixed 0  8
1998   1  21  08:39:36-08:40:35  -90.1  -90.1  45.4  45.4   300    fixed 0  8
1998   1  21  08:40:44-08:41:43  179.0  179.0  88.0  88.0   300   zenith 0  8
1998   1  21  08:41:52-08:42:50  179.0  179.0  88.0  88.0   300   zenith 0  8
1998   1  21  08:43:00-08:44:08   -0.1   -0.1  75.0  60.2   640  el scan 0  8
1998   1  21  08:44:19-08:45:27   -0.1   -0.1  60.0  52.6   640  el scan 0  9
1998   1  21  08:45:37-08:46:45   -0.1   -0.1  52.6  45.4   640  el scan 0 10
1998   1  21  08:46:56-08:47:54   -0.1   -0.1  45.4  45.4   300    fixed 0 11
1998   1  21  08:48:03-08:49:02   -0.1   -0.1  45.4  45.4   300    fixed 0 11
1998   1  21  08:49:12-08:50:20   -0.1   -0.1  45.4  39.2   640  el scan 0 11
1998   1  21  08:50:30-08:51:39   -0.1   -0.1  39.1  33.6   640  el scan 0 12
1998   1  21  08:51:49-08:52:57   -0.1   -0.1  33.4  28.2   640  el scan 0 13
1998   1  21  08:53:21-08:54:29   -0.2   -0.1  28.2  23.3  1280  el scan 0 14
1998   1  21  08:54:39-08:55:48   -0.1   -0.1  23.2  18.6  1280  el scan 0 15
1998   1  21  08:55:58-08:57:06   -0.1   -0.1  18.6  15.6  1280  el scan 0 16
1998   1  21  08:57:16-08:58:25   -0.1   -0.1  15.5  11.1  1280  el scan 0 17
1998   1  21  08:58:35-08:59:43   -0.1   -0.1  11.0   6.2  2000  el scan 0 18
1998   1  21  08:59:53-09:01:02   -0.1   -0.1   6.2   4.3  2000  el scan 0 19
1998   1  21  09:01:13-09:02:11  179.0  179.0  88.0  88.0   300   zenith 0 20
1998   1  21  09:02:21-09:03:19  179.0  179.0  88.0  88.0   300   zenith 0 20
1998   1  21  09:03:29-09:04:37   11.9   11.9  15.0  15.0  2000    fixed 0 20
1998   1  21  09:04:46-09:05:55   11.9   11.9  15.0  15.0  2000    fixed 0 20
1998   1  21  09:06:06-09:07:04  179.0  179.0  88.0  88.0   640   zenith 0 20
1998   1  21  09:07:28-09:08:37  -12.2  -12.2  15.0  15.1  2000    fixed 0 20
1998   1  21  09:08:47-09:09:55  -12.1  -12.1  15.0  15.0  2000    fixed 0 20
1998   1  21  09:10:19-09:11:17  179.0  179.0  88.0  88.0   300   zenith 0 20
1998   1  21  09:11:27-09:12:25  179.0  179.0  88.0  88.0   300   zenith 0 20
1998   1  21  09:13:36-09:14:44 -180.0 -180.0  18.6  23.2  1280  el scan 0 20
Saving el scan - MILLSTONE HILL RADAR   98/01/21   08:49:46-09:00:27 UT
1998   1  21  09:14:55-09:16:03 -180.0 -180.0  23.2  28.1  1280  el scan 0  1
1998   1  21  09:16:13-09:17:21 -180.0 -180.0  28.2  33.4   640  el scan 0  2
1998   1  21  09:17:31-09:18:39 -180.0 -180.0  33.4  38.9   640  el scan 0  3
1998   1  21  09:18:49-09:19:58 -180.0 -180.0  39.1  45.3   640  el scan 0  4
1998   1  21  09:20:08-09:21:16 -180.0 -180.0  45.4  52.6   640  el scan 0  5
1998   1  21  09:21:26-09:22:34 -180.0 -180.0  52.6  60.0   640  el scan 0  6
1998   1  21  09:22:44-09:23:52 -180.0 -180.0  60.0  74.8   640  el scan 0  7
1998   1  21  09:24:02-09:25:01  179.0  179.0  88.0  88.0   640   zenith 0  8
1998   1  21  09:25:14-09:26:12  -90.1  -90.1  45.4  45.4   300    fixed 0  8
1998   1  21  09:26:22-09:27:21  -90.1  -90.1  45.4  45.4   300    fixed 0  8
1998   1  21  09:27:31-09:28:29  179.0  179.0  88.0  88.0   300   zenith 0  8
1998   1  21  09:28:39-09:29:37  179.0  179.0  88.0  88.0   300   zenith 0  8
1998   1  21  09:29:47-09:30:56   -0.1   -0.1  75.0  60.2   640  el scan 0  8
1998   1  21  09:31:05-09:32:13   -0.1   -0.1  60.0  52.6   640  el scan 0  9
1998   1  21  09:32:23-09:33:32   -0.1   -0.1  52.6  45.4   640  el scan 0 10
1998   1  21  09:33:42-09:34:40   -0.1   -0.1  45.4  45.4   300    fixed 0 11
1998   1  21  09:34:49-09:35:48   -0.1   -0.1  45.4  45.4   300    fixed 0 11
1998   1  21  09:36:12-09:37:20   -0.2   -0.1  45.4  39.2   640  el scan 0 11
1998   1  21  09:37:30-09:38:38   -0.1   -0.1  39.1  33.6   640  el scan 0 12
1998   1  21  09:38:47-09:39:56   -0.1   -0.1  33.4  28.2   640  el scan 0 13
1998   1  21  09:40:05-09:41:13   -0.1   -0.1  28.2  23.3  1280  el scan 0 14
1998   1  21  09:41:23-09:42:31   -0.1   -0.1  23.2  18.6  1280  el scan 0 15
1998   1  21  09:42:54-09:44:02   -0.2   -0.1  18.6  15.6  1280  el scan 0 16
1998   1  21  09:44:12-09:45:21   -0.1   -0.1  15.5  11.1  1280  el scan 0 17
1998   1  21  09:45:31-09:46:39   -0.1   -0.1  11.0   6.2  2000  el scan 0 18
1998   1  21  09:46:49-09:47:58   -0.1   -0.1   6.2   4.3  2000  el scan 0 19
1998   1  21  09:48:09-09:49:07  179.0  179.0  88.0  88.0   300   zenith 0 20
1998   1  21  09:49:17-09:50:15  179.0  179.0  88.0  88.0   300   zenith 0 20
1998   1  21  09:50:25-09:51:33   11.9   11.9  15.0  15.0  2000    fixed 0 20
1998   1  21  09:51:43-09:52:52   11.9   11.9  15.0  15.0  2000    fixed 0 20
1998   1  21  09:53:02-09:54:00  179.0  179.0  88.0  88.0   640   zenith 0 20
1998   1  21  09:54:11-09:55:19  -12.1  -12.1  15.0  15.0  2000    fixed 0 20
1998   1  21  09:55:29-09:56:38  -12.1  -12.1  15.0  15.0  2000    fixed 0 20
1998   1  21  09:56:48-09:57:46  179.0  179.0  88.0  88.0   300   zenith 0 20
1998   1  21  09:58:09-09:59:08  179.0  179.0  88.0  88.0   300   zenith 0 20
1998   1  21  10:00:24-10:01:32 -180.1 -180.0  18.6  23.2  1280  el scan 0 20
Saving el scan - MILLSTONE HILL RADAR   98/01/21   09:36:46-09:47:23 UT
1998   1  21  10:01:42-10:02:50 -180.0 -180.0  23.2  28.1  1280  el scan 0  1
1998   1  21  10:03:00-10:04:09 -180.0 -180.0  28.2  33.4   640  el scan 0  2
1998   1  21  10:04:19-10:05:27 -180.0 -180.0  33.4  38.9   640  el scan 0  3
1998   1  21  10:05:37-10:06:46 -180.0 -180.0  39.1  45.3   640  el scan 0  4
1998   1  21  10:06:56-10:08:04 -180.0 -180.0  45.4  52.6   640  el scan 0  5
1998   1  21  10:08:14-10:09:23 -180.0 -180.0  52.6  60.0   640  el scan 0  6
1998   1  21  10:09:32-10:10:40 -180.0 -180.0  60.0  74.9   640  el scan 0  7
1998   1  21  10:10:50-10:11:49  179.0  179.0  88.0  88.0   640   zenith 0  8
1998   1  21  10:12:02-10:13:00  -90.1  -90.1  45.4  45.4   300    fixed 0  8
1998   1  21  10:13:10-10:14:08  -90.1  -90.1  45.4  45.4   300    fixed 0  8
1998   1  21  10:14:18-10:15:16  179.0  179.0  88.0  88.0   300   zenith 0  8
1998   1  21  10:15:25-10:16:24  179.0  179.0  88.0  88.0   300   zenith 0  8
1998   1  21  10:16:34-10:17:43   -0.1   -0.1  75.0  60.2   640  el scan 0  8
1998   1  21  10:17:53-10:19:01   -0.1   -0.1  60.0  52.6   640  el scan 0  9
1998   1  21  10:19:11-10:20:19   -0.1   -0.1  52.6  45.4   640  el scan 0 10
1998   1  21  10:20:29-10:21:28   -0.1   -0.1  45.4  45.4   300    fixed 0 11
1998   1  21  10:21:38-10:22:36   -0.1   -0.1  45.4  45.4   300    fixed 0 11
1998   1  21  10:22:46-10:23:55   -0.1   -0.1  45.4  39.2   640  el scan 0 11
1998   1  21  10:24:05-10:25:13   -0.1   -0.1  39.1  33.6   640  el scan 0 12
1998   1  21  10:25:23-10:26:31   -0.1   -0.1  33.4  28.2   640  el scan 0 13
1998   1  21  10:26:54-10:28:03   -0.2   -0.1  28.2  23.3  1280  el scan 0 14
1998   1  21  10:28:13-10:29:21   -0.1   -0.1  23.2  18.6  1280  el scan 0 15
1998   1  21  10:29:32-10:30:40   -0.1   -0.1  18.6  15.6  1280  el scan 0 16
1998   1  21  10:30:50-10:31:58   -0.1   -0.1  15.5  11.1  1280  el scan 0 17
1998   1  21  10:32:08-10:33:17   -0.1   -0.1  11.0   6.2  2000  el scan 0 18
1998   1  21  10:33:27-10:34:35   -0.1   -0.1   6.2   4.3  2000  el scan 0 19
1998   1  21  10:34:46-10:35:44  179.0  179.0  88.0  88.0   300   zenith 0 20
1998   1  21  10:36:07-10:37:05  179.0  179.0  88.0  88.0   300   zenith 0 20
1998   1  21  10:37:15-10:38:24   11.9   11.9  15.0  15.0  2000    fixed 0 20
1998   1  21  10:38:34-10:39:42   11.9   11.9  15.0  15.0  2000    fixed 0 20
1998   1  21  10:39:53-10:40:51  179.0  179.0  88.0  88.0   640   zenith 0 20
1998   1  21  10:41:02-10:42:10  -12.1  -12.1  15.0  15.0  2000    fixed 0 20
1998   1  21  10:42:20-10:43:29  -12.1  -12.1  15.0  15.0  2000    fixed 0 20
1998   1  21  10:43:39-10:44:37  179.0  179.0  88.0  88.0   300   zenith 0 20
1998   1  21  10:44:47-10:45:45  179.0  179.0  88.0  88.0   300   zenith 0 20
1998   1  21  10:45:55-10:47:03 -180.0 -180.0  18.6  23.2  1280  el scan 0 20
Saving el scan - MILLSTONE HILL RADAR   98/01/21   10:23:20-10:34:01 UT
1998   1  21  10:47:13-10:48:22 -180.0 -180.0  23.2  28.1  1280  el scan 0  1
1998   1  21  10:48:32-10:49:40 -180.0 -180.0  28.2  33.4   640  el scan 0  2
1998   1  21  10:49:50-10:50:58 -180.0 -180.0  33.4  38.9   640  el scan 0  3
1998   1  21  10:51:22-10:52:30 -180.1 -180.0  39.1  45.3   640  el scan 0  4
1998   1  21  10:52:53-10:54:02 -180.1 -180.0  45.4  52.6   640  el scan 0  5
1998   1  21  10:54:12-10:55:20 -180.0 -180.0  52.6  60.0   640  el scan 0  6
1998   1  21  10:55:30-10:56:38 -180.0 -180.0  60.0  74.9   640  el scan 0  7
1998   1  21  10:56:48-10:57:46  179.0  179.0  88.0  88.0   640   zenith 0  8
1998   1  21  10:58:00-10:58:59  -90.1  -90.1  45.4  45.4   300    fixed 0  8
1998   1  21  10:59:08-11:00:06  -90.1  -90.1  45.4  45.4   300    fixed 0  8
1998   1  21  11:00:17-11:01:15  179.0  179.0  88.0  88.0   300   zenith 0  8
1998   1  21  11:01:25-11:02:24  179.0  179.0  88.0  88.0   300   zenith 0  8
1998   1  21  11:02:33-11:03:42   -0.1   -0.1  75.0  60.2   640  el scan 0  8
1998   1  21  11:03:52-11:05:00   -0.1   -0.1  60.0  52.6   640  el scan 0  9
1998   1  21  11:05:10-11:06:18   -0.1   -0.1  52.6  45.4   640  el scan 0 10
1998   1  21  11:06:28-11:07:26   -0.1   -0.1  45.4  45.4   300    fixed 0 11
1998   1  21  11:07:50-11:08:49   -0.2   -0.2  45.4  45.4   300    fixed 0 11
1998   1  21  11:08:58-11:10:07   -0.1   -0.1  45.4  39.2   640  el scan 0 11
1998   1  21  11:10:17-11:11:25   -0.1   -0.1  39.1  33.6   640  el scan 0 12
1998   1  21  11:11:35-11:12:43   -0.1   -0.1  33.4  28.2   640  el scan 0 13
1998   1  21  11:12:53-11:14:02   -0.1   -0.1  28.2  23.3  1280  el scan 0 14
1998   1  21  11:14:12-11:15:20   -0.1   -0.1  23.2  18.6  1280  el scan 0 15
1998   1  21  11:15:31-11:16:39   -0.1   -0.1  18.6  15.6  1280  el scan 0 16
1998   1  21  11:16:49-11:17:57   -0.1   -0.1  15.5  11.1  1280  el scan 0 17
1998   1  21  11:18:07-11:19:16   -0.1   -0.1  11.0   6.2  2000  el scan 0 18
1998   1  21  11:19:26-11:20:34   -0.1   -0.1   6.2   4.3  2000  el scan 0 19
1998   1  21  11:20:44-11:21:42  179.0  179.0  88.0  88.0   300   zenith 0 20
1998   1  21  11:21:52-11:22:51  179.0  179.0  88.0  88.0   300   zenith 0 20
1998   1  21  11:23:01-11:24:09   11.9   11.9  15.0  15.0  2000    fixed 0 20
1998   1  21  11:24:19-11:25:27   11.9   11.9  15.0  15.0  2000    fixed 0 20
1998   1  21  11:25:37-11:26:35  179.0  179.0  88.0  88.0   640   zenith 0 20
1998   1  21  11:26:46-11:27:55  -12.1  -12.1  15.0  15.0  2000    fixed 0 20
1998   1  21  11:28:05-11:29:13  -12.1  -12.1  15.0  15.0  2000    fixed 0 20
1998   1  21  11:29:24-11:30:22  179.0  179.0  88.0  88.0   300   zenith 0 20
1998   1  21  11:30:31-11:31:30  179.0  179.0  88.0  88.0   300   zenith 0 20
1998   1  21  11:31:41-11:32:49 -180.0 -180.0  18.6  23.2  1280  el scan 0 20
Saving el scan - MILLSTONE HILL RADAR   98/01/21   11:09:32-11:20:00 UT
1998   1  21  11:32:59-11:34:08 -180.0 -180.0  23.2  28.1  1280  el scan 0  1
1998   1  21  11:34:18-11:35:26 -180.0 -180.0  28.2  33.4   640  el scan 0  2
1998   1  21  11:35:35-11:36:44 -180.0 -180.0  33.4  38.9   640  el scan 0  3
1998   1  21  11:36:54-11:38:02 -180.0 -180.0  39.1  45.3   640  el scan 0  4
1998   1  21  11:38:12-11:39:20 -180.0 -180.0  45.4  52.6   640  el scan 0  5
1998   1  21  11:39:29-11:40:38 -180.0 -180.0  52.6  60.0   640  el scan 0  6
1998   1  21  11:40:48-11:41:56 -180.0 -180.0  60.0  74.8   640  el scan 0  7
1998   1  21  11:42:06-11:43:05  179.0  179.0  88.0  88.0   640   zenith 0  8
1998   1  21  11:43:19-11:44:17  -90.1  -90.1  45.4  45.4   300    fixed 0  8
1998   1  21  11:44:27-11:45:26  -90.1  -90.1  45.4  45.4   300    fixed 0  8
1998   1  21  11:45:36-11:46:34  179.0  179.0  88.0  88.0   300   zenith 0  8
1998   1  21  11:46:44-11:47:42  179.0  179.0  88.0  88.0   300   zenith 0  8
1998   1  21  11:47:52-11:49:01   -0.1   -0.1  75.0  60.2   640  el scan 0  8
1998   1  21  11:49:11-11:50:19   -0.1   -0.1  60.0  52.6   640  el scan 0  9
1998   1  21  11:50:29-11:51:38   -0.1   -0.1  52.6  45.4   640  el scan 0 10
1998   1  21  11:51:47-11:52:45   -0.1   -0.1  45.4  45.4   300    fixed 0 11
1998   1  21  11:52:56-11:53:54   -0.1   -0.1  45.4  45.4   300    fixed 0 11
1998   1  21  11:54:03-11:55:12   -0.1   -0.1  45.4  39.2   640  el scan 0 11
1998   1  21  11:55:21-11:56:29   -0.1   -0.1  39.1  33.6   640  el scan 0 12
1998   1  21  11:56:40-11:57:48   -0.1   -0.1  33.4  28.2   640  el scan 0 13
1998   1  21  11:57:58-11:59:07   -0.1   -0.1  28.2  23.3  1280  el scan 0 14
1998   1  21  11:59:17-12:00:25   -0.1   -0.1  23.2  18.6  1280  el scan 0 15
1998   1  21  12:00:35-12:01:43   -0.1   -0.1  18.6  15.6  1280  el scan 0 16
1998   1  21  12:01:53-12:03:01   -0.1   -0.1  15.5  11.1  1280  el scan 0 17
1998   1  21  12:03:11-12:04:20   -0.1   -0.1  11.0   6.2  2000  el scan 0 18
1998   1  21  12:04:29-12:05:38   -0.1   -0.1   6.2   4.3  2000  el scan 0 19
1998   1  21  12:05:49-12:06:47  179.0  179.0  88.0  88.0   300   zenith 0 20
1998   1  21  12:06:57-12:07:55  179.0  179.0  88.0  88.0   300   zenith 0 20
1998   1  21  12:08:06-12:09:14   11.9   11.9  15.0  15.0  2000    fixed 0 20
1998   1  21  12:09:23-12:10:32   11.9   11.9  15.0  15.0  2000    fixed 0 20
1998   1  21  12:10:42-12:11:40  179.0  179.0  88.0  88.0   640   zenith 0 20
1998   1  21  12:11:51-12:12:59  -12.1  -12.1  15.0  15.0  2000    fixed 0 20
1998   1  21  12:13:09-12:14:17  -12.1  -12.1  15.0  15.0  2000    fixed 0 20
1998   1  21  12:14:28-12:15:26  179.0  179.0  88.0  88.0   300   zenith 0 20
1998   1  21  12:15:35-12:16:34  179.0  179.0  88.0  88.0   300   zenith 0 20
1998   1  21  12:16:44-12:17:53 -180.0 -180.0  18.6  23.2  1280  el scan 0 20
Saving el scan - MILLSTONE HILL RADAR   98/01/21   11:54:37-12:05:03 UT
1998   1  21  12:18:03-12:19:11 -180.0 -180.0  23.2  28.1  1280  el scan 0  1
1998   1  21  12:19:21-12:20:30 -180.0 -180.0  28.2  33.4   640  el scan 0  2
1998   1  21  12:20:40-12:21:48 -180.0 -180.0  33.4  38.9   640  el scan 0  3
1998   1  21  12:21:58-12:23:07 -180.0 -180.0  39.1  45.3   640  el scan 0  4
1998   1  21  12:23:17-12:24:25 -180.0 -180.0  45.4  52.6   640  el scan 0  5
1998   1  21  12:24:36-12:25:44 -180.0 -180.0  52.6  60.0   640  el scan 0  6
1998   1  21  12:25:53-12:27:02 -180.0 -180.0  60.0  74.8   640  el scan 0  7
1998   1  21  12:27:12-12:28:10  179.0  179.0  88.0  88.0   640   zenith 0  8
1998   1  21  12:28:24-12:29:23  -90.1  -90.1  45.4  45.4   300    fixed 0  8
1998   1  21  12:29:33-12:30:31  -90.1  -90.1  45.4  45.4   300    fixed 0  8
1998   1  21  12:30:41-12:31:39  179.0  179.0  88.0  88.0   300   zenith 0  8
1998   1  21  12:31:49-12:32:47  179.0  179.0  88.0  88.0   300   zenith 0  8
1998   1  21  12:32:57-12:34:05   -0.1   -0.1  75.0  60.2   640  el scan 0  8
1998   1  21  12:34:15-12:35:24   -0.1   -0.1  60.0  52.6   640  el scan 0  9
1998   1  21  12:35:33-12:36:41   -0.1   -0.1  52.6  45.4   640  el scan 0 10
1998   1  21  12:36:51-12:37:49   -0.1   -0.1  45.4  45.4   300    fixed 0 11
1998   1  21  12:38:00-12:38:58   -0.1   -0.1  45.4  45.4   300    fixed 0 11
1998   1  21  12:39:08-12:40:17   -0.1   -0.1  45.4  39.2   640  el scan 0 11
1998   1  21  12:40:27-12:41:35   -0.1   -0.1  39.1  33.6   640  el scan 0 12
1998   1  21  12:41:45-12:42:53   -0.1   -0.1  33.4  28.2   640  el scan 0 13
1998   1  21  12:43:03-12:44:12   -0.1   -0.1  28.2  23.3  1280  el scan 0 14
1998   1  21  12:44:22-12:45:30   -0.1   -0.1  23.2  18.6  1280  el scan 0 15
1998   1  21  12:45:40-12:46:48   -0.1   -0.1  18.6  15.6  1280  el scan 0 16
1998   1  21  12:46:58-12:48:06   -0.1   -0.1  15.5  11.1  1280  el scan 0 17
1998   1  21  12:48:16-12:49:25   -0.1   -0.1  11.0   6.2  2000  el scan 0 18
1998   1  21  12:49:35-12:50:43   -0.1   -0.1   6.2   4.3  2000  el scan 0 19
1998   1  21  12:50:54-12:51:52  179.0  179.0  88.0  88.0   300   zenith 0 20
1998   1  21  12:52:01-12:53:00  179.0  179.0  88.0  88.0   300   zenith 0 20
1998   1  21  12:53:10-12:54:18   11.9   11.9  15.0  15.0  2000    fixed 0 20
1998   1  21  12:54:28-12:55:37   11.9   11.9  15.0  15.0  2000    fixed 0 20
1998   1  21  12:55:48-12:56:47  179.0  179.0  88.0  88.0   640   zenith 0 20
1998   1  21  12:56:58-12:58:06  -12.1  -12.1  15.0  15.0  2000    fixed 0 20
1998   1  21  12:58:17-12:59:25  -12.1  -12.1  15.0  15.0  2000    fixed 0 20
1998   1  21  12:59:35-13:00:34  179.0  179.0  88.0  88.0   300   zenith 0 20
1998   1  21  13:00:44-13:01:42  179.0  179.0  88.0  88.0   300   zenith 0 20
1998   1  21  13:02:06-13:03:15 -180.1 -180.0  18.6  23.2  1280  el scan 0 20
Saving el scan - MILLSTONE HILL RADAR   98/01/21   12:39:42-12:50:09 UT
1998   1  21  13:03:25-13:04:33 -180.0 -180.0  23.2  28.1  1280  el scan 0  1
1998   1  21  13:04:43-13:05:52 -180.0 -180.0  28.2  33.4   640  el scan 0  2
1998   1  21  13:06:16-13:07:24 -180.1 -180.0  33.4  38.9   640  el scan 0  3
1998   1  21  13:07:33-13:08:42 -180.0 -180.0  39.1  45.3   640  el scan 0  4
1998   1  21  13:08:52-13:10:00 -180.0 -180.0  45.4  52.6   640  el scan 0  5
1998   1  21  13:10:10-13:11:19 -180.0 -180.0  52.6  60.0   640  el scan 0  6
1998   1  21  13:11:29-13:12:37 -180.0 -180.0  60.0  74.8   640  el scan 0  7
1998   1  21  13:12:47-13:13:45  179.0  179.0  88.0  88.0   640   zenith 0  8
1998   1  21  13:14:00-13:14:58  -90.1  -90.1  45.4  45.4   300    fixed 0  8
1998   1  21  13:15:08-13:16:06  -90.1  -90.1  45.4  45.4   300    fixed 0  8
1998   1  21  13:16:16-13:17:14  179.0  179.0  88.0  88.0   300   zenith 0  8
1998   1  21  13:17:24-13:18:22  179.0  179.0  88.0  88.0   300   zenith 0  8
1998   1  21  13:18:33-13:19:41   -0.1   -0.1  75.0  60.2   640  el scan 0  8
1998   1  21  13:19:51-13:21:00   -0.1   -0.1  60.0  52.6   640  el scan 0  9
1998   1  21  13:21:09-13:22:17   -0.1   -0.1  52.6  45.4   640  el scan 0 10
1998   1  21  13:22:27-13:23:26   -0.1   -0.1  45.4  45.4   300    fixed 0 11
1998   1  21  13:23:35-13:24:33   -0.1   -0.1  45.4  45.4   300    fixed 0 11
1998   1  21  13:24:43-13:25:51   -0.1   -0.1  45.4  39.2   640  el scan 0 11
1998   1  21  13:26:01-13:27:10   -0.1   -0.1  39.1  33.6   640  el scan 0 12
1998   1  21  13:27:20-13:28:28   -0.1   -0.1  33.4  28.2   640  el scan 0 13
1998   1  21  13:28:38-13:29:46   -0.1   -0.1  28.2  23.3  1280  el scan 0 14
1998   1  21  13:29:56-13:31:05   -0.1   -0.1  23.2  18.6  1280  el scan 0 15
1998   1  21  13:31:15-13:32:23   -0.1   -0.1  18.6  15.6  1280  el scan 0 16
1998   1  21  13:32:33-13:33:41   -0.1   -0.1  15.5  11.1  1280  el scan 0 17
1998   1  21  13:33:52-13:35:00   -0.1   -0.1  11.0   6.2  2000  el scan 0 18
1998   1  21  13:35:10-13:36:19   -0.1   -0.1   6.2   4.3  2000  el scan 0 19
1998   1  21  13:36:29-13:37:27  179.0  179.0  88.0  88.0   300   zenith 0 20
1998   1  21  13:37:37-13:38:36  179.0  179.0  88.0  88.0   300   zenith 0 20
1998   1  21  13:38:46-13:39:54   11.9   11.9  15.0  15.0  2000    fixed 0 20
1998   1  21  13:40:04-13:41:13   11.9   11.9  15.0  15.0  2000    fixed 0 20
1998   1  21  13:41:23-13:42:22  179.0  179.0  88.0  88.0   640   zenith 0 20
1998   1  21  13:42:32-13:43:40  -12.1  -12.1  15.0  15.0  2000    fixed 0 20
1998   1  21  13:43:50-13:44:59  -12.1  -12.1  15.0  15.0  2000    fixed 0 20
1998   1  21  13:45:09-13:46:07  179.0  179.0  88.0  88.0   300   zenith 0 20
1998   1  21  13:46:17-13:47:15  179.0  179.0  88.0  88.0   300   zenith 0 20
1998   1  21  13:47:26-13:48:34 -180.0 -180.0  18.6  23.2  1280  el scan 0 20
Saving el scan - MILLSTONE HILL RADAR   98/01/21   13:25:17-13:35:44 UT
1998   1  21  13:48:44-13:49:52 -180.0 -180.0  23.2  28.1  1280  el scan 0  1
1998   1  21  13:50:02-13:51:10 -180.0 -180.0  28.2  33.4   640  el scan 0  2
1998   1  21  13:51:20-13:52:29 -180.0 -180.0  33.4  38.9   640  el scan 0  3
1998   1  21  13:52:39-13:53:47 -180.0 -180.0  39.1  45.3   640  el scan 0  4
1998   1  21  13:53:56-13:55:05 -180.0 -180.0  45.4  52.6   640  el scan 0  5
1998   1  21  13:55:14-13:56:22 -180.0 -180.0  52.6  60.0   640  el scan 0  6
1998   1  21  13:56:32-13:57:41 -180.0 -180.0  60.0  74.8   640  el scan 0  7
1998   1  21  13:57:52-13:58:50  179.0  179.0  88.0  88.0   640   zenith 0  8
1998   1  21  13:59:02-14:00:01  -90.1  -90.1  45.4  45.4   300    fixed 0  8
1998   1  21  14:00:11-14:01:09  -90.1  -90.1  45.4  45.4   300    fixed 0  8
1998   1  21  14:01:19-14:02:17  179.0  179.0  88.0  88.0   300   zenith 0  8
1998   1  21  14:02:26-14:03:25  179.0  179.0  88.0  88.0   300   zenith 0  8
1998   1  21  14:03:35-14:04:43   -0.1   -0.1  75.0  60.2   640  el scan 0  8
1998   1  21  14:04:53-14:06:01   -0.1   -0.1  60.0  52.6   640  el scan 0  9
1998   1  21  14:06:12-14:07:20   -0.1   -0.1  52.6  45.4   640  el scan 0 10
1998   1  21  14:07:30-14:08:28   -0.1   -0.1  45.4  45.4   300    fixed 0 11
1998   1  21  14:08:38-14:09:37   -0.1   -0.1  45.4  45.4   300    fixed 0 11
1998   1  21  14:09:47-14:10:55   -0.1   -0.1  45.4  39.2   640  el scan 0 11
1998   1  21  14:11:05-14:12:14   -0.1   -0.1  39.1  33.6   640  el scan 0 12
1998   1  21  14:12:24-14:13:32   -0.1   -0.1  33.4  28.2   640  el scan 0 13
1998   1  21  14:13:42-14:14:50   -0.1   -0.1  28.2  23.3  1280  el scan 0 14
1998   1  21  14:15:00-14:16:08   -0.1   -0.1  23.2  18.6  1280  el scan 0 15
1998   1  21  14:16:18-14:17:27   -0.1   -0.1  18.6  15.6  1280  el scan 0 16
1998   1  21  14:17:37-14:18:45   -0.1   -0.1  15.5  11.1  1280  el scan 0 17
1998   1  21  14:18:55-14:20:04   -0.1   -0.1  11.0   6.2  2000  el scan 0 18
1998   1  21  14:20:14-14:21:22   -0.1   -0.1   6.2   4.3  2000  el scan 0 19
1998   1  21  14:21:32-14:22:30  179.0  179.0  88.0  88.0   300   zenith 0 20
1998   1  21  14:22:40-14:23:38  179.0  179.0  88.0  88.0   300   zenith 0 20
1998   1  21  14:23:48-14:24:56   11.9   11.9  15.0  15.0  2000    fixed 0 20
1998   1  21  14:25:06-14:26:14   11.9   11.9  15.0  15.0  2000    fixed 0 20
1998   1  21  14:26:25-14:27:23  179.0  179.0  88.0  88.0   640   zenith 0 20
1998   1  21  14:27:33-14:28:42  -12.1  -12.1  15.0  15.0  2000    fixed 0 20
1998   1  21  14:28:52-14:30:00  -12.1  -12.1  15.0  15.0  2000    fixed 0 20
1998   1  21  14:30:11-14:31:09  179.0  179.0  88.0  88.0   300   zenith 0 20
1998   1  21  14:31:18-14:32:17  179.0  179.0  88.0  88.0   300   zenith 0 20
1998   1  21  14:32:27-14:33:35 -180.0 -180.0  18.6  23.2  1280  el scan 0 20
Saving el scan - MILLSTONE HILL RADAR   98/01/21   14:10:21-14:20:48 UT
1998   1  21  14:33:46-14:34:54 -180.0 -180.0  23.2  28.1  1280  el scan 0  1
1998   1  21  14:35:03-14:36:12 -180.0 -180.0  28.2  33.4   640  el scan 0  2
1998   1  21  14:36:21-14:37:29 -180.0 -180.0  33.4  38.9   640  el scan 0  3
1998   1  21  14:37:40-14:38:48 -180.0 -180.0  39.1  45.3   640  el scan 0  4
1998   1  21  14:38:58-14:40:06 -180.0 -180.0  45.4  52.6   640  el scan 0  5
1998   1  21  14:40:17-14:41:25 -180.0 -180.0  52.6  60.0   640  el scan 0  6
1998   1  21  14:41:34-14:42:43 -180.0 -180.0  60.0  74.8   640  el scan 0  7
1998   1  21  14:42:53-14:43:51  179.0  179.0  88.0  88.0   640   zenith 0  8
1998   1  21  14:44:05-14:45:03  -90.1  -90.1  45.4  45.4   300    fixed 0  8
1998   1  21  14:45:13-14:46:12  -90.1  -90.1  45.4  45.4   300    fixed 0  8
1998   1  21  14:46:22-14:47:20  179.0  179.0  88.0  88.0   300   zenith 0  8
1998   1  21  14:47:29-14:48:28  179.0  179.0  88.0  88.0   300   zenith 0  8
1998   1  21  14:48:38-14:49:46   -0.1   -0.1  75.0  60.2   640  el scan 0  8
1998   1  21  14:49:56-14:51:04   -0.1   -0.1  60.0  52.6   640  el scan 0  9
1998   1  21  14:51:13-14:52:22   -0.1   -0.1  52.6  45.4   640  el scan 0 10
1998   1  21  14:52:32-14:53:30   -0.1   -0.1  45.4  45.4   300    fixed 0 11
1998   1  21  14:53:40-14:54:38   -0.1   -0.1  45.4  45.4   300    fixed 0 11
1998   1  21  14:54:49-14:55:57   -0.1   -0.1  45.4  39.2   640  el scan 0 11
1998   1  21  14:56:07-14:57:15   -0.1   -0.1  39.1  33.6   640  el scan 0 12
1998   1  21  14:57:25-14:58:34   -0.1   -0.1  33.4  28.2   640  el scan 0 13
1998   1  21  14:58:58-15:00:06   -0.2   -0.1  28.2  23.3  1280  el scan 0 14
1998   1  21  15:00:16-15:01:24   -0.1   -0.1  23.2  18.6  1280  el scan 0 15
1998   1  21  15:01:35-15:02:43   -0.1   -0.1  18.6  15.6  1280  el scan 0 16
1998   1  21  15:02:53-15:04:01   -0.1   -0.1  15.5  11.1  1280  el scan 0 17
1998   1  21  15:04:11-15:05:20   -0.1   -0.1  11.0   6.2  2000  el scan 0 18
1998   1  21  15:05:30-15:06:38   -0.1   -0.1   6.2   4.3  2000  el scan 0 19
1998   1  21  15:06:49-15:07:48  179.0  179.0  88.0  88.0   300   zenith 0 20
1998   1  21  15:07:58-15:08:56  179.0  179.0  88.0  88.0   300   zenith 0 20
1998   1  21  15:09:06-15:10:14   11.9   11.9  15.0  15.0  2000    fixed 0 20
1998   1  21  15:10:24-15:11:33   11.9   11.9  15.0  15.0  2000    fixed 0 20
1998   1  21  15:11:43-15:12:41  179.0  179.0  88.0  88.0   640   zenith 0 20
1998   1  21  15:12:52-15:14:00  -12.1  -12.1  15.0  15.0  2000    fixed 0 20
1998   1  21  15:14:10-15:15:18  -12.1  -12.1  15.0  15.0  2000    fixed 0 20
1998   1  21  15:15:29-15:16:27  179.0  179.0  88.0  88.0   300   zenith 0 20
1998   1  21  15:16:37-15:17:36  179.0  179.0  88.0  88.0   300   zenith 0 20
1998   1  21  15:17:45-15:18:54 -180.0 -180.0  18.6  23.2  1280  el scan 0 20
Saving el scan - MILLSTONE HILL RADAR   98/01/21   14:55:23-15:06:04 UT
1998   1  21  15:19:04-15:20:12 -180.0 -180.0  23.2  28.1  1280  el scan 0  1
1998   1  21  15:20:23-15:21:31 -180.0 -180.0  28.2  33.4   640  el scan 0  2
1998   1  21  15:21:41-15:22:50 -180.0 -180.0  33.4  38.9   640  el scan 0  3
1998   1  21  15:23:00-15:24:08 -180.0 -180.0  39.1  45.3   640  el scan 0  4
1998   1  21  15:24:18-15:25:26 -180.0 -180.0  45.4  52.6   640  el scan 0  5
1998   1  21  15:25:50-15:26:59 -180.1 -180.0  52.6  60.0   640  el scan 0  6
1998   1  21  15:27:09-15:28:17 -180.0 -180.0  60.0  74.8   640  el scan 0  7
1998   1  21  15:28:41-15:29:40  179.0  179.0  88.0  88.0   640   zenith 0  8
1998   1  21  15:31:02-15:32:00  -90.1  -90.1  45.4  45.4   300    fixed 0  8
1998   1  21  15:32:11-15:33:09  -90.1  -90.1  45.4  45.4   300    fixed 0  8
1998   1  21  15:33:20-15:34:18  179.0  179.0  88.0  88.0   300   zenith 0  8
1998   1  21  15:34:28-15:35:26  179.0  179.0  88.0  88.0   300   zenith 0  8
1998   1  21  15:35:36-15:36:45   -0.1   -0.1  75.0  60.2   640  el scan 0  8
1998   1  21  15:36:55-15:38:03   -0.1   -0.1  60.0  52.6   640  el scan 0  9
1998   1  21  15:38:13-15:39:21   -0.1   -0.1  52.6  45.4   640  el scan 0 10
1998   1  21  15:39:32-15:40:30   -0.1   -0.1  45.4  45.4   300    fixed 0 11
1998   1  21  15:40:39-15:41:38   -0.1   -0.1  45.4  45.4   300    fixed 0 11
1998   1  21  15:41:48-15:42:56   -0.1   -0.1  45.4  39.2   640  el scan 0 11
1998   1  21  15:43:06-15:44:14   -0.1   -0.1  39.1  33.6   640  el scan 0 12
1998   1  21  15:44:24-15:45:32   -0.1   -0.1  33.4  28.2   640  el scan 0 13
1998   1  21  15:45:42-15:46:50   -0.1   -0.1  28.2  23.3  1280  el scan 0 14
1998   1  21  15:47:00-15:48:09   -0.1   -0.1  23.2  18.6  1280  el scan 0 15
1998   1  21  15:48:19-15:49:27   -0.1   -0.1  18.6  15.6  1280  el scan 0 16
1998   1  21  15:49:37-15:50:46   -0.1   -0.1  15.5  11.1  1280  el scan 0 17
1998   1  21  15:51:10-15:52:18   -0.2   -0.1  11.0   6.2  2000  el scan 0 18
1998   1  21  15:52:28-15:53:37   -0.1   -0.1   6.2   4.3  2000  el scan 0 19
1998   1  21  15:54:01-15:54:59  179.0  179.0  88.0  88.0   300   zenith 0 20
1998   1  21  15:55:23-15:56:21  179.0  179.0  88.0  88.0   300   zenith 0 20
1998   1  21  15:56:57-15:58:05   11.9   11.9  14.7  15.0  2000    fixed 0 20
1998   1  21  15:58:16-15:59:24   11.9   11.9  15.0  15.0  2000    fixed 0 20
* Data Gap - 7.766667 minutes. Reinitialize cycle
1998   1  21  16:06:07-16:07:05  179.0  179.0  88.0  88.0   640   zenith 0 20
1998   1  21  16:07:14-16:08:22  179.0  179.0  88.0  88.0   300   zenith 0 20
1998   1  21  16:08:32-16:09:40  177.9  177.9  88.0  88.0   300   zenith 0 20
1998   1  21  16:09:50-16:10:58  179.0  179.0  88.0  88.0   640   zenith 0 20
1998   1  21  16:11:08-16:12:16  177.9  177.9  88.0  88.0   640   zenith 0 20
1998   1  21  16:12:25-16:13:33  179.0  179.0  88.0  88.0  1280   zenith 0 20
1998   1  21  16:13:43-16:14:52  177.9  177.9  88.0  88.0  1280   zenith 0 20
1998   1  21  16:15:02-16:16:10  179.0  179.0  88.0  88.0  2000   zenith 0 20
1998   1  21  16:16:21-16:17:29  177.9  177.9  88.0  88.0  2000   zenith 0 20
1998   1  21  16:17:39-16:18:48  179.0  179.0  88.0  88.0   300   zenith 0 20
1998   1  21  16:18:58-16:20:06  177.9  178.0  88.0  88.0   300   zenith 0 20
1998   1  21  16:20:16-16:21:24  179.0  179.0  88.0  88.0   640   zenith 0 20
1998   1  21  16:21:33-16:22:41  177.9  177.9  88.0  88.0   640   zenith 0 20
1998   1  21  16:22:51-16:23:59  179.0  179.0  88.0  88.0  1280   zenith 0 20
1998   1  21  16:24:09-16:25:17  177.9  177.9  88.0  88.0  1280   zenith 0 20
1998   1  21  16:25:42-16:26:50  179.0  179.0  88.0  88.0  2000   zenith 0 20
1998   1  21  16:27:01-16:28:09  177.9  177.9  88.0  88.0  2000   zenith 0 20
1998   1  21  16:28:19-16:29:27  179.0  179.0  88.0  88.0   300   zenith 0 20
1998   1  21  16:29:37-16:30:45  177.9  177.9  88.0  88.0   300   zenith 0 20
1998   1  21  16:30:55-16:32:03  179.0  179.0  88.0  88.0   640   zenith 0 20
1998   1  21  16:32:12-16:33:20  177.9  177.9  88.0  88.0   640   zenith 0 20
1998   1  21  16:33:29-16:34:37  179.0  179.0  88.0  88.0  1280   zenith 0 20
1998   1  21  16:34:47-16:35:55  177.9  177.9  88.0  88.0  1280   zenith 0 20
1998   1  21  16:36:06-16:37:14  179.0  179.0  88.0  88.0  2000   zenith 0 20
1998   1  21  16:37:25-16:38:33  177.9  177.9  88.0  88.0  2000   zenith 0 20
key, status = 1516552714 2
Saving final el scan - MILLSTONE HILL RADAR   98/01/21   15:42:22-15:53:02 UT
Saving final local F-region plot - MILLSTONE HILL RADAR   98/01/21
